[2023-03-28T06:12:52.422+0000] {taskinstance.py:1084} INFO - Dependencies all met for dep_context=non-requeueable deps ti=<TaskInstance: example_xcom.pull_value_from_bash_push scheduled__2021-01-01T00:00:00+00:00 [queued]>
[2023-03-28T06:12:53.571+0000] {taskinstance.py:1084} INFO - Dependencies all met for dep_context=requeueable deps ti=<TaskInstance: example_xcom.pull_value_from_bash_push scheduled__2021-01-01T00:00:00+00:00 [queued]>
[2023-03-28T06:12:53.572+0000] {taskinstance.py:1282} INFO - 
--------------------------------------------------------------------------------
[2023-03-28T06:12:53.572+0000] {taskinstance.py:1283} INFO - Starting attempt 1 of 1
[2023-03-28T06:12:53.572+0000] {taskinstance.py:1284} INFO - 
--------------------------------------------------------------------------------
[2023-03-28T06:12:54.632+0000] {taskinstance.py:1303} INFO - Executing <Task(_PythonDecoratedOperator): pull_value_from_bash_push> on 2021-01-01 00:00:00+00:00
[2023-03-28T06:12:55.384+0000] {standard_task_runner.py:55} INFO - Started process 400 to run task
[2023-03-28T06:12:55.810+0000] {standard_task_runner.py:82} INFO - Running: ['airflow', 'tasks', 'run', 'example_xcom', 'pull_value_from_bash_push', 'scheduled__2021-01-01T00:00:00+00:00', '--job-id', '63', '--raw', '--subdir', '/home/airflow/.local/lib/python3.7/site-packages/airflow/example_dags/example_xcom.py', '--cfg-path', '/tmp/tmpqihxuxnv']
[2023-03-28T06:12:55.810+0000] {standard_task_runner.py:83} INFO - Job 63: Subtask pull_value_from_bash_push
[2023-03-28T06:14:38.008+0000] {task_command.py:388} INFO - Running <TaskInstance: example_xcom.pull_value_from_bash_push scheduled__2021-01-01T00:00:00+00:00 [running]> on host 9119afc303d7
[2023-03-28T06:14:56.046+0000] {taskinstance.py:1511} INFO - Exporting the following env vars:
AIRFLOW_CTX_DAG_OWNER=airflow
AIRFLOW_CTX_DAG_ID=example_xcom
AIRFLOW_CTX_TASK_ID=pull_value_from_bash_push
AIRFLOW_CTX_EXECUTION_DATE=2021-01-01T00:00:00+00:00
AIRFLOW_CTX_TRY_NUMBER=1
AIRFLOW_CTX_DAG_RUN_ID=scheduled__2021-01-01T00:00:00+00:00
[2023-03-28T06:15:01.717+0000] {logging_mixin.py:137} INFO - The xcom value pushed by task push via return value is value_by_return
[2023-03-28T06:15:01.717+0000] {logging_mixin.py:137} INFO - The xcom value pushed by task push manually is manually_pushed_value
[2023-03-28T06:15:01.718+0000] {python.py:177} INFO - Done. Returned value was: None
[2023-03-28T06:15:03.185+0000] {taskinstance.py:1326} INFO - Marking task as SUCCESS. dag_id=example_xcom, task_id=pull_value_from_bash_push, execution_date=20210101T000000, start_date=20230328T061252, end_date=20230328T061503
[2023-03-28T06:15:03.960+0000] {local_task_job.py:212} INFO - Task exited with return code 0
[2023-03-28T06:15:04.998+0000] {taskinstance.py:2585} INFO - 0 downstream tasks scheduled from follow-on schedule check
