[2023-03-28T06:12:48.589+0000] {taskinstance.py:1084} INFO - Dependencies all met for dep_context=non-requeueable deps ti=<TaskInstance: example_trigger_target_dag.bash_task manual__2023-03-28T05:57:23.607620+00:00 [queued]>
[2023-03-28T06:12:50.563+0000] {taskinstance.py:1084} INFO - Dependencies all met for dep_context=requeueable deps ti=<TaskInstance: example_trigger_target_dag.bash_task manual__2023-03-28T05:57:23.607620+00:00 [queued]>
[2023-03-28T06:12:50.563+0000] {taskinstance.py:1282} INFO - 
--------------------------------------------------------------------------------
[2023-03-28T06:12:50.563+0000] {taskinstance.py:1283} INFO - Starting attempt 1 of 1
[2023-03-28T06:12:50.563+0000] {taskinstance.py:1284} INFO - 
--------------------------------------------------------------------------------
[2023-03-28T06:12:52.764+0000] {taskinstance.py:1303} INFO - Executing <Task(BashOperator): bash_task> on 2023-03-28 05:57:23.607620+00:00
[2023-03-28T06:12:52.772+0000] {standard_task_runner.py:55} INFO - Started process 398 to run task
[2023-03-28T06:12:52.877+0000] {standard_task_runner.py:82} INFO - Running: ['airflow', 'tasks', 'run', 'example_trigger_target_dag', 'bash_task', 'manual__2023-03-28T05:57:23.607620+00:00', '--job-id', '59', '--raw', '--subdir', '/home/airflow/.local/lib/python3.7/site-packages/airflow/example_dags/example_trigger_target_dag.py', '--cfg-path', '/tmp/tmpepdsmkt7']
[2023-03-28T06:12:52.878+0000] {standard_task_runner.py:83} INFO - Job 59: Subtask bash_task
[2023-03-28T06:14:03.060+0000] {task_command.py:388} INFO - Running <TaskInstance: example_trigger_target_dag.bash_task manual__2023-03-28T05:57:23.607620+00:00 [running]> on host 9119afc303d7
[2023-03-28T06:14:56.200+0000] {taskinstance.py:1511} INFO - Exporting the following env vars:
AIRFLOW_CTX_DAG_OWNER=airflow
AIRFLOW_CTX_DAG_ID=example_trigger_target_dag
AIRFLOW_CTX_TASK_ID=bash_task
AIRFLOW_CTX_EXECUTION_DATE=2023-03-28T05:57:23.607620+00:00
AIRFLOW_CTX_TRY_NUMBER=1
AIRFLOW_CTX_DAG_RUN_ID=manual__2023-03-28T05:57:23.607620+00:00
[2023-03-28T06:14:57.045+0000] {subprocess.py:63} INFO - Tmp dir root location: 
 /tmp
[2023-03-28T06:14:57.334+0000] {subprocess.py:75} INFO - Running command: ['/bin/bash', '-c', 'echo "Here is the message: $message"']
[2023-03-28T06:14:57.799+0000] {subprocess.py:86} INFO - Output:
[2023-03-28T06:14:57.799+0000] {subprocess.py:93} INFO - Here is the message: Hello World
[2023-03-28T06:14:57.800+0000] {subprocess.py:97} INFO - Command exited with return code 0
[2023-03-28T06:15:02.947+0000] {taskinstance.py:1326} INFO - Marking task as SUCCESS. dag_id=example_trigger_target_dag, task_id=bash_task, execution_date=20230328T055723, start_date=20230328T061248, end_date=20230328T061502
[2023-03-28T06:15:03.618+0000] {local_task_job.py:212} INFO - Task exited with return code 0
[2023-03-28T06:15:04.442+0000] {taskinstance.py:2585} INFO - 0 downstream tasks scheduled from follow-on schedule check
