[2023-03-28T05:30:47.962+0000] {taskinstance.py:1084} INFO - Dependencies all met for dep_context=non-requeueable deps ti=<TaskInstance: example_bash_operator.runme_1 scheduled__2023-03-27T00:00:00+00:00 [queued]>
[2023-03-28T05:30:48.047+0000] {taskinstance.py:1084} INFO - Dependencies all met for dep_context=requeueable deps ti=<TaskInstance: example_bash_operator.runme_1 scheduled__2023-03-27T00:00:00+00:00 [queued]>
[2023-03-28T05:30:48.047+0000] {taskinstance.py:1282} INFO - 
--------------------------------------------------------------------------------
[2023-03-28T05:30:48.047+0000] {taskinstance.py:1283} INFO - Starting attempt 1 of 1
[2023-03-28T05:30:48.047+0000] {taskinstance.py:1284} INFO - 
--------------------------------------------------------------------------------
[2023-03-28T05:30:48.152+0000] {taskinstance.py:1303} INFO - Executing <Task(BashOperator): runme_1> on 2023-03-27 00:00:00+00:00
[2023-03-28T05:30:48.155+0000] {standard_task_runner.py:55} INFO - Started process 289 to run task
[2023-03-28T05:30:48.157+0000] {standard_task_runner.py:82} INFO - Running: ['airflow', 'tasks', 'run', 'example_bash_operator', 'runme_1', 'scheduled__2023-03-27T00:00:00+00:00', '--job-id', '13', '--raw', '--subdir', '/home/airflow/.local/lib/python3.7/site-packages/airflow/example_dags/example_bash_operator.py', '--cfg-path', '/tmp/tmph685q33h']
[2023-03-28T05:30:48.158+0000] {standard_task_runner.py:83} INFO - Job 13: Subtask runme_1
[2023-03-28T05:30:48.885+0000] {task_command.py:388} INFO - Running <TaskInstance: example_bash_operator.runme_1 scheduled__2023-03-27T00:00:00+00:00 [running]> on host 5accc21d196d
[2023-03-28T05:30:49.496+0000] {taskinstance.py:1511} INFO - Exporting the following env vars:
AIRFLOW_CTX_DAG_OWNER=airflow
AIRFLOW_CTX_DAG_ID=example_bash_operator
AIRFLOW_CTX_TASK_ID=runme_1
AIRFLOW_CTX_EXECUTION_DATE=2023-03-27T00:00:00+00:00
AIRFLOW_CTX_TRY_NUMBER=1
AIRFLOW_CTX_DAG_RUN_ID=scheduled__2023-03-27T00:00:00+00:00
[2023-03-28T05:30:49.497+0000] {subprocess.py:63} INFO - Tmp dir root location: 
 /tmp
[2023-03-28T05:30:49.497+0000] {subprocess.py:75} INFO - Running command: ['/bin/bash', '-c', 'echo "example_bash_operator__runme_1__20230327" && sleep 1']
[2023-03-28T05:30:49.503+0000] {subprocess.py:86} INFO - Output:
[2023-03-28T05:30:49.504+0000] {subprocess.py:93} INFO - example_bash_operator__runme_1__20230327
[2023-03-28T05:30:50.505+0000] {subprocess.py:97} INFO - Command exited with return code 0
[2023-03-28T05:30:50.812+0000] {taskinstance.py:1326} INFO - Marking task as SUCCESS. dag_id=example_bash_operator, task_id=runme_1, execution_date=20230327T000000, start_date=20230328T053047, end_date=20230328T053050
[2023-03-28T05:30:50.937+0000] {local_task_job.py:212} INFO - Task exited with return code 0
[2023-03-28T05:30:51.638+0000] {taskinstance.py:2585} INFO - 0 downstream tasks scheduled from follow-on schedule check
