[2023-03-28T05:28:18.636+0000] {processor.py:153} INFO - Started process (PID=79) to work on /home/airflow/.local/lib/python3.7/site-packages/airflow/example_dags/example_sensor_decorator.py
[2023-03-28T05:28:18.636+0000] {processor.py:743} INFO - Processing file /home/airflow/.local/lib/python3.7/site-packages/airflow/example_dags/example_sensor_decorator.py for tasks to queue
[2023-03-28T05:28:18.637+0000] {logging_mixin.py:137} INFO - [2023-03-28T05:28:18.636+0000] {dagbag.py:532} INFO - Filling up the DagBag from /home/airflow/.local/lib/python3.7/site-packages/airflow/example_dags/example_sensor_decorator.py
[2023-03-28T05:28:18.648+0000] {processor.py:753} INFO - DAG(s) dict_keys(['example_sensor_decorator']) retrieved from /home/airflow/.local/lib/python3.7/site-packages/airflow/example_dags/example_sensor_decorator.py
[2023-03-28T05:28:18.829+0000] {logging_mixin.py:137} INFO - [2023-03-28T05:28:18.829+0000] {dag.py:2693} INFO - Sync 1 DAGs
[2023-03-28T05:28:18.919+0000] {logging_mixin.py:137} INFO - [2023-03-28T05:28:18.919+0000] {dag.py:3444} INFO - Setting next_dagrun for example_sensor_decorator to None, run_after=None
[2023-03-28T05:28:19.080+0000] {processor.py:175} INFO - Processing /home/airflow/.local/lib/python3.7/site-packages/airflow/example_dags/example_sensor_decorator.py took 0.446 seconds
[2023-03-28T05:28:49.251+0000] {processor.py:153} INFO - Started process (PID=128) to work on /home/airflow/.local/lib/python3.7/site-packages/airflow/example_dags/example_sensor_decorator.py
[2023-03-28T05:28:49.251+0000] {processor.py:743} INFO - Processing file /home/airflow/.local/lib/python3.7/site-packages/airflow/example_dags/example_sensor_decorator.py for tasks to queue
[2023-03-28T05:28:49.251+0000] {logging_mixin.py:137} INFO - [2023-03-28T05:28:49.251+0000] {dagbag.py:532} INFO - Filling up the DagBag from /home/airflow/.local/lib/python3.7/site-packages/airflow/example_dags/example_sensor_decorator.py
[2023-03-28T05:28:49.264+0000] {processor.py:753} INFO - DAG(s) dict_keys(['example_sensor_decorator']) retrieved from /home/airflow/.local/lib/python3.7/site-packages/airflow/example_dags/example_sensor_decorator.py
[2023-03-28T05:28:49.434+0000] {logging_mixin.py:137} INFO - [2023-03-28T05:28:49.433+0000] {dag.py:2693} INFO - Sync 1 DAGs
[2023-03-28T05:28:49.524+0000] {logging_mixin.py:137} INFO - [2023-03-28T05:28:49.524+0000] {dag.py:3444} INFO - Setting next_dagrun for example_sensor_decorator to None, run_after=None
[2023-03-28T05:28:49.703+0000] {processor.py:175} INFO - Processing /home/airflow/.local/lib/python3.7/site-packages/airflow/example_dags/example_sensor_decorator.py took 0.454 seconds
[2023-03-28T05:29:20.206+0000] {processor.py:153} INFO - Started process (PID=177) to work on /home/airflow/.local/lib/python3.7/site-packages/airflow/example_dags/example_sensor_decorator.py
[2023-03-28T05:29:20.206+0000] {processor.py:743} INFO - Processing file /home/airflow/.local/lib/python3.7/site-packages/airflow/example_dags/example_sensor_decorator.py for tasks to queue
[2023-03-28T05:29:20.207+0000] {logging_mixin.py:137} INFO - [2023-03-28T05:29:20.207+0000] {dagbag.py:532} INFO - Filling up the DagBag from /home/airflow/.local/lib/python3.7/site-packages/airflow/example_dags/example_sensor_decorator.py
[2023-03-28T05:29:20.219+0000] {processor.py:753} INFO - DAG(s) dict_keys(['example_sensor_decorator']) retrieved from /home/airflow/.local/lib/python3.7/site-packages/airflow/example_dags/example_sensor_decorator.py
[2023-03-28T05:29:20.462+0000] {logging_mixin.py:137} INFO - [2023-03-28T05:29:20.462+0000] {dag.py:2693} INFO - Sync 1 DAGs
[2023-03-28T05:29:20.557+0000] {logging_mixin.py:137} INFO - [2023-03-28T05:29:20.557+0000] {dag.py:3444} INFO - Setting next_dagrun for example_sensor_decorator to None, run_after=None
[2023-03-28T05:29:20.720+0000] {processor.py:175} INFO - Processing /home/airflow/.local/lib/python3.7/site-packages/airflow/example_dags/example_sensor_decorator.py took 0.516 seconds
[2023-03-28T05:29:51.675+0000] {processor.py:153} INFO - Started process (PID=226) to work on /home/airflow/.local/lib/python3.7/site-packages/airflow/example_dags/example_sensor_decorator.py
[2023-03-28T05:29:51.676+0000] {processor.py:743} INFO - Processing file /home/airflow/.local/lib/python3.7/site-packages/airflow/example_dags/example_sensor_decorator.py for tasks to queue
[2023-03-28T05:29:51.676+0000] {logging_mixin.py:137} INFO - [2023-03-28T05:29:51.676+0000] {dagbag.py:532} INFO - Filling up the DagBag from /home/airflow/.local/lib/python3.7/site-packages/airflow/example_dags/example_sensor_decorator.py
[2023-03-28T05:29:51.688+0000] {processor.py:753} INFO - DAG(s) dict_keys(['example_sensor_decorator']) retrieved from /home/airflow/.local/lib/python3.7/site-packages/airflow/example_dags/example_sensor_decorator.py
[2023-03-28T05:29:51.862+0000] {logging_mixin.py:137} INFO - [2023-03-28T05:29:51.862+0000] {dag.py:2693} INFO - Sync 1 DAGs
[2023-03-28T05:29:51.953+0000] {logging_mixin.py:137} INFO - [2023-03-28T05:29:51.953+0000] {dag.py:3444} INFO - Setting next_dagrun for example_sensor_decorator to None, run_after=None
[2023-03-28T05:29:52.121+0000] {processor.py:175} INFO - Processing /home/airflow/.local/lib/python3.7/site-packages/airflow/example_dags/example_sensor_decorator.py took 0.448 seconds
[2023-03-28T05:30:22.254+0000] {processor.py:153} INFO - Started process (PID=275) to work on /home/airflow/.local/lib/python3.7/site-packages/airflow/example_dags/example_sensor_decorator.py
[2023-03-28T05:30:22.254+0000] {processor.py:743} INFO - Processing file /home/airflow/.local/lib/python3.7/site-packages/airflow/example_dags/example_sensor_decorator.py for tasks to queue
[2023-03-28T05:30:22.255+0000] {logging_mixin.py:137} INFO - [2023-03-28T05:30:22.254+0000] {dagbag.py:532} INFO - Filling up the DagBag from /home/airflow/.local/lib/python3.7/site-packages/airflow/example_dags/example_sensor_decorator.py
[2023-03-28T05:30:22.267+0000] {processor.py:753} INFO - DAG(s) dict_keys(['example_sensor_decorator']) retrieved from /home/airflow/.local/lib/python3.7/site-packages/airflow/example_dags/example_sensor_decorator.py
[2023-03-28T05:30:22.447+0000] {logging_mixin.py:137} INFO - [2023-03-28T05:30:22.447+0000] {dag.py:2693} INFO - Sync 1 DAGs
[2023-03-28T05:30:22.547+0000] {logging_mixin.py:137} INFO - [2023-03-28T05:30:22.546+0000] {dag.py:3444} INFO - Setting next_dagrun for example_sensor_decorator to None, run_after=None
[2023-03-28T05:30:22.708+0000] {processor.py:175} INFO - Processing /home/airflow/.local/lib/python3.7/site-packages/airflow/example_dags/example_sensor_decorator.py took 0.456 seconds
[2023-03-28T05:30:53.267+0000] {processor.py:153} INFO - Started process (PID=331) to work on /home/airflow/.local/lib/python3.7/site-packages/airflow/example_dags/example_sensor_decorator.py
[2023-03-28T05:30:53.267+0000] {processor.py:743} INFO - Processing file /home/airflow/.local/lib/python3.7/site-packages/airflow/example_dags/example_sensor_decorator.py for tasks to queue
[2023-03-28T05:30:53.267+0000] {logging_mixin.py:137} INFO - [2023-03-28T05:30:53.267+0000] {dagbag.py:532} INFO - Filling up the DagBag from /home/airflow/.local/lib/python3.7/site-packages/airflow/example_dags/example_sensor_decorator.py
[2023-03-28T05:30:53.280+0000] {processor.py:753} INFO - DAG(s) dict_keys(['example_sensor_decorator']) retrieved from /home/airflow/.local/lib/python3.7/site-packages/airflow/example_dags/example_sensor_decorator.py
[2023-03-28T05:30:53.470+0000] {logging_mixin.py:137} INFO - [2023-03-28T05:30:53.469+0000] {dag.py:2693} INFO - Sync 1 DAGs
[2023-03-28T05:30:53.559+0000] {logging_mixin.py:137} INFO - [2023-03-28T05:30:53.559+0000] {dag.py:3444} INFO - Setting next_dagrun for example_sensor_decorator to None, run_after=None
[2023-03-28T05:30:53.723+0000] {processor.py:175} INFO - Processing /home/airflow/.local/lib/python3.7/site-packages/airflow/example_dags/example_sensor_decorator.py took 0.459 seconds
