[2023-03-28T05:28:21.987+0000] {processor.py:153} INFO - Started process (PID=91) to work on /home/airflow/.local/lib/python3.7/site-packages/airflow/example_dags/example_bash_operator.py
[2023-03-28T05:28:21.987+0000] {processor.py:743} INFO - Processing file /home/airflow/.local/lib/python3.7/site-packages/airflow/example_dags/example_bash_operator.py for tasks to queue
[2023-03-28T05:28:21.988+0000] {logging_mixin.py:137} INFO - [2023-03-28T05:28:21.988+0000] {dagbag.py:532} INFO - Filling up the DagBag from /home/airflow/.local/lib/python3.7/site-packages/airflow/example_dags/example_bash_operator.py
[2023-03-28T05:28:21.999+0000] {processor.py:753} INFO - DAG(s) dict_keys(['example_bash_operator']) retrieved from /home/airflow/.local/lib/python3.7/site-packages/airflow/example_dags/example_bash_operator.py
[2023-03-28T05:28:22.177+0000] {logging_mixin.py:137} INFO - [2023-03-28T05:28:22.176+0000] {dag.py:2693} INFO - Sync 1 DAGs
[2023-03-28T05:28:22.261+0000] {logging_mixin.py:137} INFO - [2023-03-28T05:28:22.261+0000] {dag.py:3444} INFO - Setting next_dagrun for example_bash_operator to 2023-03-27T00:00:00+00:00, run_after=2023-03-28T00:00:00+00:00
[2023-03-28T05:28:22.444+0000] {processor.py:175} INFO - Processing /home/airflow/.local/lib/python3.7/site-packages/airflow/example_dags/example_bash_operator.py took 0.459 seconds
[2023-03-28T05:28:53.024+0000] {processor.py:153} INFO - Started process (PID=140) to work on /home/airflow/.local/lib/python3.7/site-packages/airflow/example_dags/example_bash_operator.py
[2023-03-28T05:28:53.025+0000] {processor.py:743} INFO - Processing file /home/airflow/.local/lib/python3.7/site-packages/airflow/example_dags/example_bash_operator.py for tasks to queue
[2023-03-28T05:28:53.025+0000] {logging_mixin.py:137} INFO - [2023-03-28T05:28:53.025+0000] {dagbag.py:532} INFO - Filling up the DagBag from /home/airflow/.local/lib/python3.7/site-packages/airflow/example_dags/example_bash_operator.py
[2023-03-28T05:28:53.038+0000] {processor.py:753} INFO - DAG(s) dict_keys(['example_bash_operator']) retrieved from /home/airflow/.local/lib/python3.7/site-packages/airflow/example_dags/example_bash_operator.py
[2023-03-28T05:28:53.220+0000] {logging_mixin.py:137} INFO - [2023-03-28T05:28:53.220+0000] {dag.py:2693} INFO - Sync 1 DAGs
[2023-03-28T05:28:53.311+0000] {logging_mixin.py:137} INFO - [2023-03-28T05:28:53.311+0000] {dag.py:3444} INFO - Setting next_dagrun for example_bash_operator to 2023-03-27T00:00:00+00:00, run_after=2023-03-28T00:00:00+00:00
[2023-03-28T05:28:53.464+0000] {processor.py:175} INFO - Processing /home/airflow/.local/lib/python3.7/site-packages/airflow/example_dags/example_bash_operator.py took 0.441 seconds
[2023-03-28T05:29:23.754+0000] {processor.py:153} INFO - Started process (PID=189) to work on /home/airflow/.local/lib/python3.7/site-packages/airflow/example_dags/example_bash_operator.py
[2023-03-28T05:29:23.754+0000] {processor.py:743} INFO - Processing file /home/airflow/.local/lib/python3.7/site-packages/airflow/example_dags/example_bash_operator.py for tasks to queue
[2023-03-28T05:29:23.754+0000] {logging_mixin.py:137} INFO - [2023-03-28T05:29:23.754+0000] {dagbag.py:532} INFO - Filling up the DagBag from /home/airflow/.local/lib/python3.7/site-packages/airflow/example_dags/example_bash_operator.py
[2023-03-28T05:29:23.766+0000] {processor.py:753} INFO - DAG(s) dict_keys(['example_bash_operator']) retrieved from /home/airflow/.local/lib/python3.7/site-packages/airflow/example_dags/example_bash_operator.py
[2023-03-28T05:29:23.947+0000] {logging_mixin.py:137} INFO - [2023-03-28T05:29:23.947+0000] {dag.py:2693} INFO - Sync 1 DAGs
[2023-03-28T05:29:24.038+0000] {logging_mixin.py:137} INFO - [2023-03-28T05:29:24.038+0000] {dag.py:3444} INFO - Setting next_dagrun for example_bash_operator to 2023-03-27T00:00:00+00:00, run_after=2023-03-28T00:00:00+00:00
[2023-03-28T05:29:24.202+0000] {processor.py:175} INFO - Processing /home/airflow/.local/lib/python3.7/site-packages/airflow/example_dags/example_bash_operator.py took 0.451 seconds
[2023-03-28T05:29:55.095+0000] {processor.py:153} INFO - Started process (PID=238) to work on /home/airflow/.local/lib/python3.7/site-packages/airflow/example_dags/example_bash_operator.py
[2023-03-28T05:29:55.095+0000] {processor.py:743} INFO - Processing file /home/airflow/.local/lib/python3.7/site-packages/airflow/example_dags/example_bash_operator.py for tasks to queue
[2023-03-28T05:29:55.096+0000] {logging_mixin.py:137} INFO - [2023-03-28T05:29:55.096+0000] {dagbag.py:532} INFO - Filling up the DagBag from /home/airflow/.local/lib/python3.7/site-packages/airflow/example_dags/example_bash_operator.py
[2023-03-28T05:29:55.107+0000] {processor.py:753} INFO - DAG(s) dict_keys(['example_bash_operator']) retrieved from /home/airflow/.local/lib/python3.7/site-packages/airflow/example_dags/example_bash_operator.py
[2023-03-28T05:29:55.322+0000] {logging_mixin.py:137} INFO - [2023-03-28T05:29:55.322+0000] {dag.py:2693} INFO - Sync 1 DAGs
[2023-03-28T05:29:55.408+0000] {logging_mixin.py:137} INFO - [2023-03-28T05:29:55.408+0000] {dag.py:3444} INFO - Setting next_dagrun for example_bash_operator to 2023-03-27T00:00:00+00:00, run_after=2023-03-28T00:00:00+00:00
[2023-03-28T05:29:55.593+0000] {processor.py:175} INFO - Processing /home/airflow/.local/lib/python3.7/site-packages/airflow/example_dags/example_bash_operator.py took 0.500 seconds
[2023-03-28T05:30:26.771+0000] {processor.py:153} INFO - Started process (PID=287) to work on /home/airflow/.local/lib/python3.7/site-packages/airflow/example_dags/example_bash_operator.py
[2023-03-28T05:30:26.772+0000] {processor.py:743} INFO - Processing file /home/airflow/.local/lib/python3.7/site-packages/airflow/example_dags/example_bash_operator.py for tasks to queue
[2023-03-28T05:30:26.772+0000] {logging_mixin.py:137} INFO - [2023-03-28T05:30:26.772+0000] {dagbag.py:532} INFO - Filling up the DagBag from /home/airflow/.local/lib/python3.7/site-packages/airflow/example_dags/example_bash_operator.py
[2023-03-28T05:30:26.784+0000] {processor.py:753} INFO - DAG(s) dict_keys(['example_bash_operator']) retrieved from /home/airflow/.local/lib/python3.7/site-packages/airflow/example_dags/example_bash_operator.py
[2023-03-28T05:30:26.977+0000] {logging_mixin.py:137} INFO - [2023-03-28T05:30:26.977+0000] {dag.py:2693} INFO - Sync 1 DAGs
[2023-03-28T05:30:27.062+0000] {logging_mixin.py:137} INFO - [2023-03-28T05:30:27.062+0000] {dag.py:3444} INFO - Setting next_dagrun for example_bash_operator to 2023-03-27T00:00:00+00:00, run_after=2023-03-28T00:00:00+00:00
[2023-03-28T05:30:27.243+0000] {processor.py:175} INFO - Processing /home/airflow/.local/lib/python3.7/site-packages/airflow/example_dags/example_bash_operator.py took 0.474 seconds
[2023-03-28T05:30:57.470+0000] {processor.py:153} INFO - Started process (PID=343) to work on /home/airflow/.local/lib/python3.7/site-packages/airflow/example_dags/example_bash_operator.py
[2023-03-28T05:30:57.471+0000] {processor.py:743} INFO - Processing file /home/airflow/.local/lib/python3.7/site-packages/airflow/example_dags/example_bash_operator.py for tasks to queue
[2023-03-28T05:30:57.472+0000] {logging_mixin.py:137} INFO - [2023-03-28T05:30:57.472+0000] {dagbag.py:532} INFO - Filling up the DagBag from /home/airflow/.local/lib/python3.7/site-packages/airflow/example_dags/example_bash_operator.py
[2023-03-28T05:30:57.484+0000] {processor.py:753} INFO - DAG(s) dict_keys(['example_bash_operator']) retrieved from /home/airflow/.local/lib/python3.7/site-packages/airflow/example_dags/example_bash_operator.py
[2023-03-28T05:30:57.669+0000] {logging_mixin.py:137} INFO - [2023-03-28T05:30:57.669+0000] {dag.py:2693} INFO - Sync 1 DAGs
[2023-03-28T05:30:57.755+0000] {logging_mixin.py:137} INFO - [2023-03-28T05:30:57.755+0000] {dag.py:3444} INFO - Setting next_dagrun for example_bash_operator to 2023-03-28T00:00:00+00:00, run_after=2023-03-29T00:00:00+00:00
[2023-03-28T05:30:57.924+0000] {processor.py:175} INFO - Processing /home/airflow/.local/lib/python3.7/site-packages/airflow/example_dags/example_bash_operator.py took 0.456 seconds
[2023-03-28T08:38:33.502+0000] {processor.py:153} INFO - Started process (PID=88) to work on /home/airflow/.local/lib/python3.7/site-packages/airflow/example_dags/example_bash_operator.py
[2023-03-28T08:38:33.503+0000] {processor.py:743} INFO - Processing file /home/airflow/.local/lib/python3.7/site-packages/airflow/example_dags/example_bash_operator.py for tasks to queue
[2023-03-28T08:38:33.504+0000] {logging_mixin.py:137} INFO - [2023-03-28T08:38:33.503+0000] {dagbag.py:532} INFO - Filling up the DagBag from /home/airflow/.local/lib/python3.7/site-packages/airflow/example_dags/example_bash_operator.py
[2023-03-28T08:38:33.519+0000] {processor.py:753} INFO - DAG(s) dict_keys(['example_bash_operator']) retrieved from /home/airflow/.local/lib/python3.7/site-packages/airflow/example_dags/example_bash_operator.py
[2023-03-28T08:38:33.722+0000] {logging_mixin.py:137} INFO - [2023-03-28T08:38:33.722+0000] {dag.py:2693} INFO - Sync 1 DAGs
[2023-03-28T08:38:33.809+0000] {logging_mixin.py:137} INFO - [2023-03-28T08:38:33.809+0000] {dag.py:3444} INFO - Setting next_dagrun for example_bash_operator to 2023-03-28T00:00:00+00:00, run_after=2023-03-29T00:00:00+00:00
[2023-03-28T08:38:33.990+0000] {processor.py:175} INFO - Processing /home/airflow/.local/lib/python3.7/site-packages/airflow/example_dags/example_bash_operator.py took 0.489 seconds
[2023-03-28T08:39:04.288+0000] {processor.py:153} INFO - Started process (PID=137) to work on /home/airflow/.local/lib/python3.7/site-packages/airflow/example_dags/example_bash_operator.py
[2023-03-28T08:39:04.289+0000] {processor.py:743} INFO - Processing file /home/airflow/.local/lib/python3.7/site-packages/airflow/example_dags/example_bash_operator.py for tasks to queue
[2023-03-28T08:39:04.289+0000] {logging_mixin.py:137} INFO - [2023-03-28T08:39:04.289+0000] {dagbag.py:532} INFO - Filling up the DagBag from /home/airflow/.local/lib/python3.7/site-packages/airflow/example_dags/example_bash_operator.py
[2023-03-28T08:39:04.301+0000] {processor.py:753} INFO - DAG(s) dict_keys(['example_bash_operator']) retrieved from /home/airflow/.local/lib/python3.7/site-packages/airflow/example_dags/example_bash_operator.py
[2023-03-28T08:39:04.496+0000] {logging_mixin.py:137} INFO - [2023-03-28T08:39:04.496+0000] {dag.py:2693} INFO - Sync 1 DAGs
[2023-03-28T08:39:04.590+0000] {logging_mixin.py:137} INFO - [2023-03-28T08:39:04.589+0000] {dag.py:3444} INFO - Setting next_dagrun for example_bash_operator to 2023-03-28T00:00:00+00:00, run_after=2023-03-29T00:00:00+00:00
[2023-03-28T08:39:04.769+0000] {processor.py:175} INFO - Processing /home/airflow/.local/lib/python3.7/site-packages/airflow/example_dags/example_bash_operator.py took 0.483 seconds
[2023-03-28T08:39:34.845+0000] {processor.py:153} INFO - Started process (PID=186) to work on /home/airflow/.local/lib/python3.7/site-packages/airflow/example_dags/example_bash_operator.py
[2023-03-28T08:39:34.855+0000] {processor.py:743} INFO - Processing file /home/airflow/.local/lib/python3.7/site-packages/airflow/example_dags/example_bash_operator.py for tasks to queue
[2023-03-28T08:39:34.856+0000] {logging_mixin.py:137} INFO - [2023-03-28T08:39:34.856+0000] {dagbag.py:532} INFO - Filling up the DagBag from /home/airflow/.local/lib/python3.7/site-packages/airflow/example_dags/example_bash_operator.py
[2023-03-28T08:39:34.868+0000] {processor.py:753} INFO - DAG(s) dict_keys(['example_bash_operator']) retrieved from /home/airflow/.local/lib/python3.7/site-packages/airflow/example_dags/example_bash_operator.py
[2023-03-28T08:39:35.075+0000] {logging_mixin.py:137} INFO - [2023-03-28T08:39:35.075+0000] {dag.py:2693} INFO - Sync 1 DAGs
[2023-03-28T08:39:35.170+0000] {logging_mixin.py:137} INFO - [2023-03-28T08:39:35.170+0000] {dag.py:3444} INFO - Setting next_dagrun for example_bash_operator to 2023-03-28T00:00:00+00:00, run_after=2023-03-29T00:00:00+00:00
[2023-03-28T08:39:35.387+0000] {processor.py:175} INFO - Processing /home/airflow/.local/lib/python3.7/site-packages/airflow/example_dags/example_bash_operator.py took 0.544 seconds
[2023-03-28T08:40:05.702+0000] {processor.py:153} INFO - Started process (PID=235) to work on /home/airflow/.local/lib/python3.7/site-packages/airflow/example_dags/example_bash_operator.py
[2023-03-28T08:40:05.702+0000] {processor.py:743} INFO - Processing file /home/airflow/.local/lib/python3.7/site-packages/airflow/example_dags/example_bash_operator.py for tasks to queue
[2023-03-28T08:40:05.702+0000] {logging_mixin.py:137} INFO - [2023-03-28T08:40:05.702+0000] {dagbag.py:532} INFO - Filling up the DagBag from /home/airflow/.local/lib/python3.7/site-packages/airflow/example_dags/example_bash_operator.py
[2023-03-28T08:40:05.715+0000] {processor.py:753} INFO - DAG(s) dict_keys(['example_bash_operator']) retrieved from /home/airflow/.local/lib/python3.7/site-packages/airflow/example_dags/example_bash_operator.py
[2023-03-28T08:40:05.903+0000] {logging_mixin.py:137} INFO - [2023-03-28T08:40:05.902+0000] {dag.py:2693} INFO - Sync 1 DAGs
[2023-03-28T08:40:05.999+0000] {logging_mixin.py:137} INFO - [2023-03-28T08:40:05.999+0000] {dag.py:3444} INFO - Setting next_dagrun for example_bash_operator to 2023-03-28T00:00:00+00:00, run_after=2023-03-29T00:00:00+00:00
[2023-03-28T08:40:06.173+0000] {processor.py:175} INFO - Processing /home/airflow/.local/lib/python3.7/site-packages/airflow/example_dags/example_bash_operator.py took 0.473 seconds
[2023-03-28T08:40:36.390+0000] {processor.py:153} INFO - Started process (PID=284) to work on /home/airflow/.local/lib/python3.7/site-packages/airflow/example_dags/example_bash_operator.py
[2023-03-28T08:40:36.391+0000] {processor.py:743} INFO - Processing file /home/airflow/.local/lib/python3.7/site-packages/airflow/example_dags/example_bash_operator.py for tasks to queue
[2023-03-28T08:40:36.392+0000] {logging_mixin.py:137} INFO - [2023-03-28T08:40:36.391+0000] {dagbag.py:532} INFO - Filling up the DagBag from /home/airflow/.local/lib/python3.7/site-packages/airflow/example_dags/example_bash_operator.py
[2023-03-28T08:40:36.404+0000] {processor.py:753} INFO - DAG(s) dict_keys(['example_bash_operator']) retrieved from /home/airflow/.local/lib/python3.7/site-packages/airflow/example_dags/example_bash_operator.py
[2023-03-28T08:40:36.604+0000] {logging_mixin.py:137} INFO - [2023-03-28T08:40:36.604+0000] {dag.py:2693} INFO - Sync 1 DAGs
[2023-03-28T08:40:36.699+0000] {logging_mixin.py:137} INFO - [2023-03-28T08:40:36.699+0000] {dag.py:3444} INFO - Setting next_dagrun for example_bash_operator to 2023-03-28T00:00:00+00:00, run_after=2023-03-29T00:00:00+00:00
[2023-03-28T08:40:36.881+0000] {processor.py:175} INFO - Processing /home/airflow/.local/lib/python3.7/site-packages/airflow/example_dags/example_bash_operator.py took 0.492 seconds
[2023-03-28T08:41:06.980+0000] {processor.py:153} INFO - Started process (PID=333) to work on /home/airflow/.local/lib/python3.7/site-packages/airflow/example_dags/example_bash_operator.py
[2023-03-28T08:41:06.980+0000] {processor.py:743} INFO - Processing file /home/airflow/.local/lib/python3.7/site-packages/airflow/example_dags/example_bash_operator.py for tasks to queue
[2023-03-28T08:41:06.981+0000] {logging_mixin.py:137} INFO - [2023-03-28T08:41:06.981+0000] {dagbag.py:532} INFO - Filling up the DagBag from /home/airflow/.local/lib/python3.7/site-packages/airflow/example_dags/example_bash_operator.py
[2023-03-28T08:41:06.992+0000] {processor.py:753} INFO - DAG(s) dict_keys(['example_bash_operator']) retrieved from /home/airflow/.local/lib/python3.7/site-packages/airflow/example_dags/example_bash_operator.py
[2023-03-28T08:41:07.252+0000] {logging_mixin.py:137} INFO - [2023-03-28T08:41:07.252+0000] {dag.py:2693} INFO - Sync 1 DAGs
[2023-03-28T08:41:07.356+0000] {logging_mixin.py:137} INFO - [2023-03-28T08:41:07.356+0000] {dag.py:3444} INFO - Setting next_dagrun for example_bash_operator to 2023-03-28T00:00:00+00:00, run_after=2023-03-29T00:00:00+00:00
[2023-03-28T08:41:07.518+0000] {processor.py:175} INFO - Processing /home/airflow/.local/lib/python3.7/site-packages/airflow/example_dags/example_bash_operator.py took 0.541 seconds
[2023-03-28T08:41:37.672+0000] {processor.py:153} INFO - Started process (PID=382) to work on /home/airflow/.local/lib/python3.7/site-packages/airflow/example_dags/example_bash_operator.py
[2023-03-28T08:41:37.682+0000] {processor.py:743} INFO - Processing file /home/airflow/.local/lib/python3.7/site-packages/airflow/example_dags/example_bash_operator.py for tasks to queue
[2023-03-28T08:41:37.683+0000] {logging_mixin.py:137} INFO - [2023-03-28T08:41:37.683+0000] {dagbag.py:532} INFO - Filling up the DagBag from /home/airflow/.local/lib/python3.7/site-packages/airflow/example_dags/example_bash_operator.py
[2023-03-28T08:41:37.695+0000] {processor.py:753} INFO - DAG(s) dict_keys(['example_bash_operator']) retrieved from /home/airflow/.local/lib/python3.7/site-packages/airflow/example_dags/example_bash_operator.py
[2023-03-28T08:41:37.894+0000] {logging_mixin.py:137} INFO - [2023-03-28T08:41:37.894+0000] {dag.py:2693} INFO - Sync 1 DAGs
[2023-03-28T08:41:37.989+0000] {logging_mixin.py:137} INFO - [2023-03-28T08:41:37.988+0000] {dag.py:3444} INFO - Setting next_dagrun for example_bash_operator to 2023-03-28T00:00:00+00:00, run_after=2023-03-29T00:00:00+00:00
[2023-03-28T08:41:38.155+0000] {processor.py:175} INFO - Processing /home/airflow/.local/lib/python3.7/site-packages/airflow/example_dags/example_bash_operator.py took 0.484 seconds
[2023-03-28T08:42:09.184+0000] {processor.py:153} INFO - Started process (PID=431) to work on /home/airflow/.local/lib/python3.7/site-packages/airflow/example_dags/example_bash_operator.py
[2023-03-28T08:42:09.194+0000] {processor.py:743} INFO - Processing file /home/airflow/.local/lib/python3.7/site-packages/airflow/example_dags/example_bash_operator.py for tasks to queue
[2023-03-28T08:42:09.195+0000] {logging_mixin.py:137} INFO - [2023-03-28T08:42:09.195+0000] {dagbag.py:532} INFO - Filling up the DagBag from /home/airflow/.local/lib/python3.7/site-packages/airflow/example_dags/example_bash_operator.py
[2023-03-28T08:42:09.207+0000] {processor.py:753} INFO - DAG(s) dict_keys(['example_bash_operator']) retrieved from /home/airflow/.local/lib/python3.7/site-packages/airflow/example_dags/example_bash_operator.py
[2023-03-28T08:42:09.410+0000] {logging_mixin.py:137} INFO - [2023-03-28T08:42:09.410+0000] {dag.py:2693} INFO - Sync 1 DAGs
[2023-03-28T08:42:09.528+0000] {logging_mixin.py:137} INFO - [2023-03-28T08:42:09.528+0000] {dag.py:3444} INFO - Setting next_dagrun for example_bash_operator to 2023-03-28T00:00:00+00:00, run_after=2023-03-29T00:00:00+00:00
[2023-03-28T08:42:09.717+0000] {processor.py:175} INFO - Processing /home/airflow/.local/lib/python3.7/site-packages/airflow/example_dags/example_bash_operator.py took 0.535 seconds
[2023-03-28T08:42:39.780+0000] {processor.py:153} INFO - Started process (PID=481) to work on /home/airflow/.local/lib/python3.7/site-packages/airflow/example_dags/example_bash_operator.py
[2023-03-28T08:42:39.780+0000] {processor.py:743} INFO - Processing file /home/airflow/.local/lib/python3.7/site-packages/airflow/example_dags/example_bash_operator.py for tasks to queue
[2023-03-28T08:42:39.781+0000] {logging_mixin.py:137} INFO - [2023-03-28T08:42:39.781+0000] {dagbag.py:532} INFO - Filling up the DagBag from /home/airflow/.local/lib/python3.7/site-packages/airflow/example_dags/example_bash_operator.py
[2023-03-28T08:42:39.793+0000] {processor.py:753} INFO - DAG(s) dict_keys(['example_bash_operator']) retrieved from /home/airflow/.local/lib/python3.7/site-packages/airflow/example_dags/example_bash_operator.py
[2023-03-28T08:42:40.001+0000] {logging_mixin.py:137} INFO - [2023-03-28T08:42:40.001+0000] {dag.py:2693} INFO - Sync 1 DAGs
[2023-03-28T08:42:40.094+0000] {logging_mixin.py:137} INFO - [2023-03-28T08:42:40.093+0000] {dag.py:3444} INFO - Setting next_dagrun for example_bash_operator to 2023-03-28T00:00:00+00:00, run_after=2023-03-29T00:00:00+00:00
[2023-03-28T08:42:40.278+0000] {processor.py:175} INFO - Processing /home/airflow/.local/lib/python3.7/site-packages/airflow/example_dags/example_bash_operator.py took 0.500 seconds
[2023-03-28T08:43:11.409+0000] {processor.py:153} INFO - Started process (PID=530) to work on /home/airflow/.local/lib/python3.7/site-packages/airflow/example_dags/example_bash_operator.py
[2023-03-28T08:43:11.410+0000] {processor.py:743} INFO - Processing file /home/airflow/.local/lib/python3.7/site-packages/airflow/example_dags/example_bash_operator.py for tasks to queue
[2023-03-28T08:43:11.410+0000] {logging_mixin.py:137} INFO - [2023-03-28T08:43:11.410+0000] {dagbag.py:532} INFO - Filling up the DagBag from /home/airflow/.local/lib/python3.7/site-packages/airflow/example_dags/example_bash_operator.py
[2023-03-28T08:43:11.422+0000] {processor.py:753} INFO - DAG(s) dict_keys(['example_bash_operator']) retrieved from /home/airflow/.local/lib/python3.7/site-packages/airflow/example_dags/example_bash_operator.py
[2023-03-28T08:43:11.619+0000] {logging_mixin.py:137} INFO - [2023-03-28T08:43:11.619+0000] {dag.py:2693} INFO - Sync 1 DAGs
[2023-03-28T08:43:11.711+0000] {logging_mixin.py:137} INFO - [2023-03-28T08:43:11.711+0000] {dag.py:3444} INFO - Setting next_dagrun for example_bash_operator to 2023-03-28T00:00:00+00:00, run_after=2023-03-29T00:00:00+00:00
[2023-03-28T08:43:11.885+0000] {processor.py:175} INFO - Processing /home/airflow/.local/lib/python3.7/site-packages/airflow/example_dags/example_bash_operator.py took 0.478 seconds
[2023-03-28T08:43:42.434+0000] {processor.py:153} INFO - Started process (PID=579) to work on /home/airflow/.local/lib/python3.7/site-packages/airflow/example_dags/example_bash_operator.py
[2023-03-28T08:43:42.434+0000] {processor.py:743} INFO - Processing file /home/airflow/.local/lib/python3.7/site-packages/airflow/example_dags/example_bash_operator.py for tasks to queue
[2023-03-28T08:43:42.435+0000] {logging_mixin.py:137} INFO - [2023-03-28T08:43:42.435+0000] {dagbag.py:532} INFO - Filling up the DagBag from /home/airflow/.local/lib/python3.7/site-packages/airflow/example_dags/example_bash_operator.py
[2023-03-28T08:43:42.446+0000] {processor.py:753} INFO - DAG(s) dict_keys(['example_bash_operator']) retrieved from /home/airflow/.local/lib/python3.7/site-packages/airflow/example_dags/example_bash_operator.py
[2023-03-28T08:43:42.668+0000] {logging_mixin.py:137} INFO - [2023-03-28T08:43:42.668+0000] {dag.py:2693} INFO - Sync 1 DAGs
[2023-03-28T08:43:42.764+0000] {logging_mixin.py:137} INFO - [2023-03-28T08:43:42.764+0000] {dag.py:3444} INFO - Setting next_dagrun for example_bash_operator to 2023-03-28T00:00:00+00:00, run_after=2023-03-29T00:00:00+00:00
[2023-03-28T08:43:42.955+0000] {processor.py:175} INFO - Processing /home/airflow/.local/lib/python3.7/site-packages/airflow/example_dags/example_bash_operator.py took 0.523 seconds
[2023-03-28T08:44:13.062+0000] {processor.py:153} INFO - Started process (PID=629) to work on /home/airflow/.local/lib/python3.7/site-packages/airflow/example_dags/example_bash_operator.py
[2023-03-28T08:44:13.063+0000] {processor.py:743} INFO - Processing file /home/airflow/.local/lib/python3.7/site-packages/airflow/example_dags/example_bash_operator.py for tasks to queue
[2023-03-28T08:44:13.064+0000] {logging_mixin.py:137} INFO - [2023-03-28T08:44:13.064+0000] {dagbag.py:532} INFO - Filling up the DagBag from /home/airflow/.local/lib/python3.7/site-packages/airflow/example_dags/example_bash_operator.py
[2023-03-28T08:44:13.076+0000] {processor.py:753} INFO - DAG(s) dict_keys(['example_bash_operator']) retrieved from /home/airflow/.local/lib/python3.7/site-packages/airflow/example_dags/example_bash_operator.py
[2023-03-28T08:44:13.293+0000] {logging_mixin.py:137} INFO - [2023-03-28T08:44:13.292+0000] {dag.py:2693} INFO - Sync 1 DAGs
[2023-03-28T08:44:13.389+0000] {logging_mixin.py:137} INFO - [2023-03-28T08:44:13.389+0000] {dag.py:3444} INFO - Setting next_dagrun for example_bash_operator to 2023-03-28T00:00:00+00:00, run_after=2023-03-29T00:00:00+00:00
[2023-03-28T08:44:13.576+0000] {processor.py:175} INFO - Processing /home/airflow/.local/lib/python3.7/site-packages/airflow/example_dags/example_bash_operator.py took 0.515 seconds
[2023-03-28T08:44:45.438+0000] {processor.py:153} INFO - Started process (PID=678) to work on /home/airflow/.local/lib/python3.7/site-packages/airflow/example_dags/example_bash_operator.py
[2023-03-28T08:44:45.446+0000] {processor.py:743} INFO - Processing file /home/airflow/.local/lib/python3.7/site-packages/airflow/example_dags/example_bash_operator.py for tasks to queue
[2023-03-28T08:44:45.446+0000] {logging_mixin.py:137} INFO - [2023-03-28T08:44:45.446+0000] {dagbag.py:532} INFO - Filling up the DagBag from /home/airflow/.local/lib/python3.7/site-packages/airflow/example_dags/example_bash_operator.py
[2023-03-28T08:44:45.459+0000] {processor.py:753} INFO - DAG(s) dict_keys(['example_bash_operator']) retrieved from /home/airflow/.local/lib/python3.7/site-packages/airflow/example_dags/example_bash_operator.py
[2023-03-28T08:44:45.654+0000] {logging_mixin.py:137} INFO - [2023-03-28T08:44:45.654+0000] {dag.py:2693} INFO - Sync 1 DAGs
[2023-03-28T08:44:45.752+0000] {logging_mixin.py:137} INFO - [2023-03-28T08:44:45.752+0000] {dag.py:3444} INFO - Setting next_dagrun for example_bash_operator to 2023-03-28T00:00:00+00:00, run_after=2023-03-29T00:00:00+00:00
[2023-03-28T08:44:45.952+0000] {processor.py:175} INFO - Processing /home/airflow/.local/lib/python3.7/site-packages/airflow/example_dags/example_bash_operator.py took 0.515 seconds
[2023-03-28T08:45:17.244+0000] {processor.py:153} INFO - Started process (PID=734) to work on /home/airflow/.local/lib/python3.7/site-packages/airflow/example_dags/example_bash_operator.py
[2023-03-28T08:45:17.244+0000] {processor.py:743} INFO - Processing file /home/airflow/.local/lib/python3.7/site-packages/airflow/example_dags/example_bash_operator.py for tasks to queue
[2023-03-28T08:45:17.244+0000] {logging_mixin.py:137} INFO - [2023-03-28T08:45:17.244+0000] {dagbag.py:532} INFO - Filling up the DagBag from /home/airflow/.local/lib/python3.7/site-packages/airflow/example_dags/example_bash_operator.py
[2023-03-28T08:45:17.258+0000] {processor.py:753} INFO - DAG(s) dict_keys(['example_bash_operator']) retrieved from /home/airflow/.local/lib/python3.7/site-packages/airflow/example_dags/example_bash_operator.py
[2023-03-28T08:45:17.471+0000] {logging_mixin.py:137} INFO - [2023-03-28T08:45:17.471+0000] {dag.py:2693} INFO - Sync 1 DAGs
[2023-03-28T08:45:17.579+0000] {logging_mixin.py:137} INFO - [2023-03-28T08:45:17.578+0000] {dag.py:3444} INFO - Setting next_dagrun for example_bash_operator to 2023-03-28T00:00:00+00:00, run_after=2023-03-29T00:00:00+00:00
[2023-03-28T08:45:17.973+0000] {processor.py:175} INFO - Processing /home/airflow/.local/lib/python3.7/site-packages/airflow/example_dags/example_bash_operator.py took 0.730 seconds
[2023-03-28T08:45:48.956+0000] {processor.py:153} INFO - Started process (PID=784) to work on /home/airflow/.local/lib/python3.7/site-packages/airflow/example_dags/example_bash_operator.py
[2023-03-28T08:45:48.957+0000] {processor.py:743} INFO - Processing file /home/airflow/.local/lib/python3.7/site-packages/airflow/example_dags/example_bash_operator.py for tasks to queue
[2023-03-28T08:45:48.957+0000] {logging_mixin.py:137} INFO - [2023-03-28T08:45:48.957+0000] {dagbag.py:532} INFO - Filling up the DagBag from /home/airflow/.local/lib/python3.7/site-packages/airflow/example_dags/example_bash_operator.py
[2023-03-28T08:45:48.970+0000] {processor.py:753} INFO - DAG(s) dict_keys(['example_bash_operator']) retrieved from /home/airflow/.local/lib/python3.7/site-packages/airflow/example_dags/example_bash_operator.py
[2023-03-28T08:45:49.429+0000] {logging_mixin.py:137} INFO - [2023-03-28T08:45:49.429+0000] {dag.py:2693} INFO - Sync 1 DAGs
[2023-03-28T08:45:49.575+0000] {logging_mixin.py:137} INFO - [2023-03-28T08:45:49.575+0000] {dag.py:3444} INFO - Setting next_dagrun for example_bash_operator to 2023-03-28T00:00:00+00:00, run_after=2023-03-29T00:00:00+00:00
[2023-03-28T08:45:49.951+0000] {processor.py:175} INFO - Processing /home/airflow/.local/lib/python3.7/site-packages/airflow/example_dags/example_bash_operator.py took 0.997 seconds
[2023-03-28T08:46:20.326+0000] {processor.py:153} INFO - Started process (PID=833) to work on /home/airflow/.local/lib/python3.7/site-packages/airflow/example_dags/example_bash_operator.py
[2023-03-28T08:46:20.326+0000] {processor.py:743} INFO - Processing file /home/airflow/.local/lib/python3.7/site-packages/airflow/example_dags/example_bash_operator.py for tasks to queue
[2023-03-28T08:46:20.327+0000] {logging_mixin.py:137} INFO - [2023-03-28T08:46:20.327+0000] {dagbag.py:532} INFO - Filling up the DagBag from /home/airflow/.local/lib/python3.7/site-packages/airflow/example_dags/example_bash_operator.py
[2023-03-28T08:46:20.339+0000] {processor.py:753} INFO - DAG(s) dict_keys(['example_bash_operator']) retrieved from /home/airflow/.local/lib/python3.7/site-packages/airflow/example_dags/example_bash_operator.py
[2023-03-28T08:46:20.538+0000] {logging_mixin.py:137} INFO - [2023-03-28T08:46:20.538+0000] {dag.py:2693} INFO - Sync 1 DAGs
[2023-03-28T08:46:20.631+0000] {logging_mixin.py:137} INFO - [2023-03-28T08:46:20.631+0000] {dag.py:3444} INFO - Setting next_dagrun for example_bash_operator to 2023-03-28T00:00:00+00:00, run_after=2023-03-29T00:00:00+00:00
[2023-03-28T08:46:20.824+0000] {processor.py:175} INFO - Processing /home/airflow/.local/lib/python3.7/site-packages/airflow/example_dags/example_bash_operator.py took 0.501 seconds
[2023-03-28T08:46:50.912+0000] {processor.py:153} INFO - Started process (PID=882) to work on /home/airflow/.local/lib/python3.7/site-packages/airflow/example_dags/example_bash_operator.py
[2023-03-28T08:46:50.920+0000] {processor.py:743} INFO - Processing file /home/airflow/.local/lib/python3.7/site-packages/airflow/example_dags/example_bash_operator.py for tasks to queue
[2023-03-28T08:46:50.920+0000] {logging_mixin.py:137} INFO - [2023-03-28T08:46:50.920+0000] {dagbag.py:532} INFO - Filling up the DagBag from /home/airflow/.local/lib/python3.7/site-packages/airflow/example_dags/example_bash_operator.py
[2023-03-28T08:46:50.933+0000] {processor.py:753} INFO - DAG(s) dict_keys(['example_bash_operator']) retrieved from /home/airflow/.local/lib/python3.7/site-packages/airflow/example_dags/example_bash_operator.py
[2023-03-28T08:46:51.132+0000] {logging_mixin.py:137} INFO - [2023-03-28T08:46:51.132+0000] {dag.py:2693} INFO - Sync 1 DAGs
[2023-03-28T08:46:51.232+0000] {logging_mixin.py:137} INFO - [2023-03-28T08:46:51.232+0000] {dag.py:3444} INFO - Setting next_dagrun for example_bash_operator to 2023-03-28T00:00:00+00:00, run_after=2023-03-29T00:00:00+00:00
[2023-03-28T08:46:51.410+0000] {processor.py:175} INFO - Processing /home/airflow/.local/lib/python3.7/site-packages/airflow/example_dags/example_bash_operator.py took 0.500 seconds
[2023-03-28T08:47:21.643+0000] {processor.py:153} INFO - Started process (PID=931) to work on /home/airflow/.local/lib/python3.7/site-packages/airflow/example_dags/example_bash_operator.py
[2023-03-28T08:47:21.643+0000] {processor.py:743} INFO - Processing file /home/airflow/.local/lib/python3.7/site-packages/airflow/example_dags/example_bash_operator.py for tasks to queue
[2023-03-28T08:47:21.643+0000] {logging_mixin.py:137} INFO - [2023-03-28T08:47:21.643+0000] {dagbag.py:532} INFO - Filling up the DagBag from /home/airflow/.local/lib/python3.7/site-packages/airflow/example_dags/example_bash_operator.py
[2023-03-28T08:47:21.655+0000] {processor.py:753} INFO - DAG(s) dict_keys(['example_bash_operator']) retrieved from /home/airflow/.local/lib/python3.7/site-packages/airflow/example_dags/example_bash_operator.py
[2023-03-28T08:47:21.843+0000] {logging_mixin.py:137} INFO - [2023-03-28T08:47:21.842+0000] {dag.py:2693} INFO - Sync 1 DAGs
[2023-03-28T08:47:21.930+0000] {logging_mixin.py:137} INFO - [2023-03-28T08:47:21.930+0000] {dag.py:3444} INFO - Setting next_dagrun for example_bash_operator to 2023-03-28T00:00:00+00:00, run_after=2023-03-29T00:00:00+00:00
[2023-03-28T08:47:22.107+0000] {processor.py:175} INFO - Processing /home/airflow/.local/lib/python3.7/site-packages/airflow/example_dags/example_bash_operator.py took 0.466 seconds
[2023-03-28T08:47:52.592+0000] {processor.py:153} INFO - Started process (PID=980) to work on /home/airflow/.local/lib/python3.7/site-packages/airflow/example_dags/example_bash_operator.py
[2023-03-28T08:47:52.600+0000] {processor.py:743} INFO - Processing file /home/airflow/.local/lib/python3.7/site-packages/airflow/example_dags/example_bash_operator.py for tasks to queue
[2023-03-28T08:47:52.600+0000] {logging_mixin.py:137} INFO - [2023-03-28T08:47:52.600+0000] {dagbag.py:532} INFO - Filling up the DagBag from /home/airflow/.local/lib/python3.7/site-packages/airflow/example_dags/example_bash_operator.py
[2023-03-28T08:47:52.612+0000] {processor.py:753} INFO - DAG(s) dict_keys(['example_bash_operator']) retrieved from /home/airflow/.local/lib/python3.7/site-packages/airflow/example_dags/example_bash_operator.py
[2023-03-28T08:47:52.817+0000] {logging_mixin.py:137} INFO - [2023-03-28T08:47:52.816+0000] {dag.py:2693} INFO - Sync 1 DAGs
[2023-03-28T08:47:52.904+0000] {logging_mixin.py:137} INFO - [2023-03-28T08:47:52.904+0000] {dag.py:3444} INFO - Setting next_dagrun for example_bash_operator to 2023-03-28T00:00:00+00:00, run_after=2023-03-29T00:00:00+00:00
[2023-03-28T08:47:53.107+0000] {processor.py:175} INFO - Processing /home/airflow/.local/lib/python3.7/site-packages/airflow/example_dags/example_bash_operator.py took 0.517 seconds
[2023-03-28T08:48:23.140+0000] {processor.py:153} INFO - Started process (PID=1028) to work on /home/airflow/.local/lib/python3.7/site-packages/airflow/example_dags/example_bash_operator.py
[2023-03-28T08:48:23.140+0000] {processor.py:743} INFO - Processing file /home/airflow/.local/lib/python3.7/site-packages/airflow/example_dags/example_bash_operator.py for tasks to queue
[2023-03-28T08:48:23.141+0000] {logging_mixin.py:137} INFO - [2023-03-28T08:48:23.141+0000] {dagbag.py:532} INFO - Filling up the DagBag from /home/airflow/.local/lib/python3.7/site-packages/airflow/example_dags/example_bash_operator.py
[2023-03-28T08:48:23.153+0000] {processor.py:753} INFO - DAG(s) dict_keys(['example_bash_operator']) retrieved from /home/airflow/.local/lib/python3.7/site-packages/airflow/example_dags/example_bash_operator.py
[2023-03-28T08:48:23.355+0000] {logging_mixin.py:137} INFO - [2023-03-28T08:48:23.355+0000] {dag.py:2693} INFO - Sync 1 DAGs
[2023-03-28T08:48:23.443+0000] {logging_mixin.py:137} INFO - [2023-03-28T08:48:23.443+0000] {dag.py:3444} INFO - Setting next_dagrun for example_bash_operator to 2023-03-28T00:00:00+00:00, run_after=2023-03-29T00:00:00+00:00
[2023-03-28T08:48:23.618+0000] {processor.py:175} INFO - Processing /home/airflow/.local/lib/python3.7/site-packages/airflow/example_dags/example_bash_operator.py took 0.479 seconds
[2023-03-28T08:48:53.786+0000] {processor.py:153} INFO - Started process (PID=1077) to work on /home/airflow/.local/lib/python3.7/site-packages/airflow/example_dags/example_bash_operator.py
[2023-03-28T08:48:53.797+0000] {processor.py:743} INFO - Processing file /home/airflow/.local/lib/python3.7/site-packages/airflow/example_dags/example_bash_operator.py for tasks to queue
[2023-03-28T08:48:53.797+0000] {logging_mixin.py:137} INFO - [2023-03-28T08:48:53.797+0000] {dagbag.py:532} INFO - Filling up the DagBag from /home/airflow/.local/lib/python3.7/site-packages/airflow/example_dags/example_bash_operator.py
[2023-03-28T08:48:53.809+0000] {processor.py:753} INFO - DAG(s) dict_keys(['example_bash_operator']) retrieved from /home/airflow/.local/lib/python3.7/site-packages/airflow/example_dags/example_bash_operator.py
[2023-03-28T08:48:54.007+0000] {logging_mixin.py:137} INFO - [2023-03-28T08:48:54.007+0000] {dag.py:2693} INFO - Sync 1 DAGs
[2023-03-28T08:48:54.103+0000] {logging_mixin.py:137} INFO - [2023-03-28T08:48:54.103+0000] {dag.py:3444} INFO - Setting next_dagrun for example_bash_operator to 2023-03-28T00:00:00+00:00, run_after=2023-03-29T00:00:00+00:00
[2023-03-28T08:48:54.262+0000] {processor.py:175} INFO - Processing /home/airflow/.local/lib/python3.7/site-packages/airflow/example_dags/example_bash_operator.py took 0.478 seconds
[2023-03-28T08:49:24.358+0000] {processor.py:153} INFO - Started process (PID=1126) to work on /home/airflow/.local/lib/python3.7/site-packages/airflow/example_dags/example_bash_operator.py
[2023-03-28T08:49:24.358+0000] {processor.py:743} INFO - Processing file /home/airflow/.local/lib/python3.7/site-packages/airflow/example_dags/example_bash_operator.py for tasks to queue
[2023-03-28T08:49:24.358+0000] {logging_mixin.py:137} INFO - [2023-03-28T08:49:24.358+0000] {dagbag.py:532} INFO - Filling up the DagBag from /home/airflow/.local/lib/python3.7/site-packages/airflow/example_dags/example_bash_operator.py
[2023-03-28T08:49:24.371+0000] {processor.py:753} INFO - DAG(s) dict_keys(['example_bash_operator']) retrieved from /home/airflow/.local/lib/python3.7/site-packages/airflow/example_dags/example_bash_operator.py
[2023-03-28T08:49:24.559+0000] {logging_mixin.py:137} INFO - [2023-03-28T08:49:24.559+0000] {dag.py:2693} INFO - Sync 1 DAGs
[2023-03-28T08:49:24.656+0000] {logging_mixin.py:137} INFO - [2023-03-28T08:49:24.656+0000] {dag.py:3444} INFO - Setting next_dagrun for example_bash_operator to 2023-03-28T00:00:00+00:00, run_after=2023-03-29T00:00:00+00:00
[2023-03-28T08:49:24.844+0000] {processor.py:175} INFO - Processing /home/airflow/.local/lib/python3.7/site-packages/airflow/example_dags/example_bash_operator.py took 0.488 seconds
[2023-03-28T08:49:54.984+0000] {processor.py:153} INFO - Started process (PID=1175) to work on /home/airflow/.local/lib/python3.7/site-packages/airflow/example_dags/example_bash_operator.py
[2023-03-28T08:49:54.994+0000] {processor.py:743} INFO - Processing file /home/airflow/.local/lib/python3.7/site-packages/airflow/example_dags/example_bash_operator.py for tasks to queue
[2023-03-28T08:49:54.995+0000] {logging_mixin.py:137} INFO - [2023-03-28T08:49:54.995+0000] {dagbag.py:532} INFO - Filling up the DagBag from /home/airflow/.local/lib/python3.7/site-packages/airflow/example_dags/example_bash_operator.py
[2023-03-28T08:49:55.008+0000] {processor.py:753} INFO - DAG(s) dict_keys(['example_bash_operator']) retrieved from /home/airflow/.local/lib/python3.7/site-packages/airflow/example_dags/example_bash_operator.py
[2023-03-28T08:49:55.206+0000] {logging_mixin.py:137} INFO - [2023-03-28T08:49:55.206+0000] {dag.py:2693} INFO - Sync 1 DAGs
[2023-03-28T08:49:55.295+0000] {logging_mixin.py:137} INFO - [2023-03-28T08:49:55.295+0000] {dag.py:3444} INFO - Setting next_dagrun for example_bash_operator to 2023-03-28T00:00:00+00:00, run_after=2023-03-29T00:00:00+00:00
[2023-03-28T08:49:55.464+0000] {processor.py:175} INFO - Processing /home/airflow/.local/lib/python3.7/site-packages/airflow/example_dags/example_bash_operator.py took 0.482 seconds
[2023-03-28T08:50:26.021+0000] {processor.py:153} INFO - Started process (PID=1224) to work on /home/airflow/.local/lib/python3.7/site-packages/airflow/example_dags/example_bash_operator.py
[2023-03-28T08:50:26.021+0000] {processor.py:743} INFO - Processing file /home/airflow/.local/lib/python3.7/site-packages/airflow/example_dags/example_bash_operator.py for tasks to queue
[2023-03-28T08:50:26.022+0000] {logging_mixin.py:137} INFO - [2023-03-28T08:50:26.022+0000] {dagbag.py:532} INFO - Filling up the DagBag from /home/airflow/.local/lib/python3.7/site-packages/airflow/example_dags/example_bash_operator.py
[2023-03-28T08:50:26.035+0000] {processor.py:753} INFO - DAG(s) dict_keys(['example_bash_operator']) retrieved from /home/airflow/.local/lib/python3.7/site-packages/airflow/example_dags/example_bash_operator.py
[2023-03-28T08:50:26.227+0000] {logging_mixin.py:137} INFO - [2023-03-28T08:50:26.227+0000] {dag.py:2693} INFO - Sync 1 DAGs
[2023-03-28T08:50:26.319+0000] {logging_mixin.py:137} INFO - [2023-03-28T08:50:26.319+0000] {dag.py:3444} INFO - Setting next_dagrun for example_bash_operator to 2023-03-28T00:00:00+00:00, run_after=2023-03-29T00:00:00+00:00
[2023-03-28T08:50:26.527+0000] {processor.py:175} INFO - Processing /home/airflow/.local/lib/python3.7/site-packages/airflow/example_dags/example_bash_operator.py took 0.508 seconds
[2023-03-28T08:50:57.179+0000] {processor.py:153} INFO - Started process (PID=1273) to work on /home/airflow/.local/lib/python3.7/site-packages/airflow/example_dags/example_bash_operator.py
[2023-03-28T08:50:57.180+0000] {processor.py:743} INFO - Processing file /home/airflow/.local/lib/python3.7/site-packages/airflow/example_dags/example_bash_operator.py for tasks to queue
[2023-03-28T08:50:57.181+0000] {logging_mixin.py:137} INFO - [2023-03-28T08:50:57.181+0000] {dagbag.py:532} INFO - Filling up the DagBag from /home/airflow/.local/lib/python3.7/site-packages/airflow/example_dags/example_bash_operator.py
[2023-03-28T08:50:57.193+0000] {processor.py:753} INFO - DAG(s) dict_keys(['example_bash_operator']) retrieved from /home/airflow/.local/lib/python3.7/site-packages/airflow/example_dags/example_bash_operator.py
[2023-03-28T08:50:57.389+0000] {logging_mixin.py:137} INFO - [2023-03-28T08:50:57.388+0000] {dag.py:2693} INFO - Sync 1 DAGs
[2023-03-28T08:50:57.490+0000] {logging_mixin.py:137} INFO - [2023-03-28T08:50:57.490+0000] {dag.py:3444} INFO - Setting next_dagrun for example_bash_operator to 2023-03-28T00:00:00+00:00, run_after=2023-03-29T00:00:00+00:00
[2023-03-28T08:50:57.665+0000] {processor.py:175} INFO - Processing /home/airflow/.local/lib/python3.7/site-packages/airflow/example_dags/example_bash_operator.py took 0.487 seconds
[2023-03-28T08:51:28.719+0000] {processor.py:153} INFO - Started process (PID=1323) to work on /home/airflow/.local/lib/python3.7/site-packages/airflow/example_dags/example_bash_operator.py
[2023-03-28T08:51:28.720+0000] {processor.py:743} INFO - Processing file /home/airflow/.local/lib/python3.7/site-packages/airflow/example_dags/example_bash_operator.py for tasks to queue
[2023-03-28T08:51:28.720+0000] {logging_mixin.py:137} INFO - [2023-03-28T08:51:28.720+0000] {dagbag.py:532} INFO - Filling up the DagBag from /home/airflow/.local/lib/python3.7/site-packages/airflow/example_dags/example_bash_operator.py
[2023-03-28T08:51:28.733+0000] {processor.py:753} INFO - DAG(s) dict_keys(['example_bash_operator']) retrieved from /home/airflow/.local/lib/python3.7/site-packages/airflow/example_dags/example_bash_operator.py
[2023-03-28T08:51:29.117+0000] {logging_mixin.py:137} INFO - [2023-03-28T08:51:29.117+0000] {dag.py:2693} INFO - Sync 1 DAGs
[2023-03-28T08:51:29.214+0000] {logging_mixin.py:137} INFO - [2023-03-28T08:51:29.214+0000] {dag.py:3444} INFO - Setting next_dagrun for example_bash_operator to 2023-03-28T00:00:00+00:00, run_after=2023-03-29T00:00:00+00:00
[2023-03-28T08:51:29.392+0000] {processor.py:175} INFO - Processing /home/airflow/.local/lib/python3.7/site-packages/airflow/example_dags/example_bash_operator.py took 0.676 seconds
[2023-03-28T08:51:59.847+0000] {processor.py:153} INFO - Started process (PID=1372) to work on /home/airflow/.local/lib/python3.7/site-packages/airflow/example_dags/example_bash_operator.py
[2023-03-28T08:51:59.848+0000] {processor.py:743} INFO - Processing file /home/airflow/.local/lib/python3.7/site-packages/airflow/example_dags/example_bash_operator.py for tasks to queue
[2023-03-28T08:51:59.848+0000] {logging_mixin.py:137} INFO - [2023-03-28T08:51:59.848+0000] {dagbag.py:532} INFO - Filling up the DagBag from /home/airflow/.local/lib/python3.7/site-packages/airflow/example_dags/example_bash_operator.py
[2023-03-28T08:51:59.862+0000] {processor.py:753} INFO - DAG(s) dict_keys(['example_bash_operator']) retrieved from /home/airflow/.local/lib/python3.7/site-packages/airflow/example_dags/example_bash_operator.py
[2023-03-28T08:52:00.048+0000] {logging_mixin.py:137} INFO - [2023-03-28T08:52:00.048+0000] {dag.py:2693} INFO - Sync 1 DAGs
[2023-03-28T08:52:00.139+0000] {logging_mixin.py:137} INFO - [2023-03-28T08:52:00.138+0000] {dag.py:3444} INFO - Setting next_dagrun for example_bash_operator to 2023-03-28T00:00:00+00:00, run_after=2023-03-29T00:00:00+00:00
[2023-03-28T08:52:00.639+0000] {processor.py:175} INFO - Processing /home/airflow/.local/lib/python3.7/site-packages/airflow/example_dags/example_bash_operator.py took 0.794 seconds
[2023-03-28T08:52:31.052+0000] {processor.py:153} INFO - Started process (PID=1421) to work on /home/airflow/.local/lib/python3.7/site-packages/airflow/example_dags/example_bash_operator.py
[2023-03-28T08:52:31.053+0000] {processor.py:743} INFO - Processing file /home/airflow/.local/lib/python3.7/site-packages/airflow/example_dags/example_bash_operator.py for tasks to queue
[2023-03-28T08:52:31.053+0000] {logging_mixin.py:137} INFO - [2023-03-28T08:52:31.053+0000] {dagbag.py:532} INFO - Filling up the DagBag from /home/airflow/.local/lib/python3.7/site-packages/airflow/example_dags/example_bash_operator.py
[2023-03-28T08:52:31.066+0000] {processor.py:753} INFO - DAG(s) dict_keys(['example_bash_operator']) retrieved from /home/airflow/.local/lib/python3.7/site-packages/airflow/example_dags/example_bash_operator.py
[2023-03-28T08:52:31.257+0000] {logging_mixin.py:137} INFO - [2023-03-28T08:52:31.257+0000] {dag.py:2693} INFO - Sync 1 DAGs
[2023-03-28T08:52:31.350+0000] {logging_mixin.py:137} INFO - [2023-03-28T08:52:31.350+0000] {dag.py:3444} INFO - Setting next_dagrun for example_bash_operator to 2023-03-28T00:00:00+00:00, run_after=2023-03-29T00:00:00+00:00
[2023-03-28T08:52:31.551+0000] {processor.py:175} INFO - Processing /home/airflow/.local/lib/python3.7/site-packages/airflow/example_dags/example_bash_operator.py took 0.501 seconds
[2023-03-28T08:53:01.890+0000] {processor.py:153} INFO - Started process (PID=1470) to work on /home/airflow/.local/lib/python3.7/site-packages/airflow/example_dags/example_bash_operator.py
[2023-03-28T08:53:01.891+0000] {processor.py:743} INFO - Processing file /home/airflow/.local/lib/python3.7/site-packages/airflow/example_dags/example_bash_operator.py for tasks to queue
[2023-03-28T08:53:01.891+0000] {logging_mixin.py:137} INFO - [2023-03-28T08:53:01.891+0000] {dagbag.py:532} INFO - Filling up the DagBag from /home/airflow/.local/lib/python3.7/site-packages/airflow/example_dags/example_bash_operator.py
[2023-03-28T08:53:01.903+0000] {processor.py:753} INFO - DAG(s) dict_keys(['example_bash_operator']) retrieved from /home/airflow/.local/lib/python3.7/site-packages/airflow/example_dags/example_bash_operator.py
[2023-03-28T08:53:02.091+0000] {logging_mixin.py:137} INFO - [2023-03-28T08:53:02.091+0000] {dag.py:2693} INFO - Sync 1 DAGs
[2023-03-28T08:53:02.179+0000] {logging_mixin.py:137} INFO - [2023-03-28T08:53:02.179+0000] {dag.py:3444} INFO - Setting next_dagrun for example_bash_operator to 2023-03-28T00:00:00+00:00, run_after=2023-03-29T00:00:00+00:00
[2023-03-28T08:53:02.346+0000] {processor.py:175} INFO - Processing /home/airflow/.local/lib/python3.7/site-packages/airflow/example_dags/example_bash_operator.py took 0.458 seconds
[2023-03-28T08:53:33.205+0000] {processor.py:153} INFO - Started process (PID=1519) to work on /home/airflow/.local/lib/python3.7/site-packages/airflow/example_dags/example_bash_operator.py
[2023-03-28T08:53:33.215+0000] {processor.py:743} INFO - Processing file /home/airflow/.local/lib/python3.7/site-packages/airflow/example_dags/example_bash_operator.py for tasks to queue
[2023-03-28T08:53:33.215+0000] {logging_mixin.py:137} INFO - [2023-03-28T08:53:33.215+0000] {dagbag.py:532} INFO - Filling up the DagBag from /home/airflow/.local/lib/python3.7/site-packages/airflow/example_dags/example_bash_operator.py
[2023-03-28T08:53:33.229+0000] {processor.py:753} INFO - DAG(s) dict_keys(['example_bash_operator']) retrieved from /home/airflow/.local/lib/python3.7/site-packages/airflow/example_dags/example_bash_operator.py
[2023-03-28T08:53:33.427+0000] {logging_mixin.py:137} INFO - [2023-03-28T08:53:33.427+0000] {dag.py:2693} INFO - Sync 1 DAGs
[2023-03-28T08:53:33.521+0000] {logging_mixin.py:137} INFO - [2023-03-28T08:53:33.520+0000] {dag.py:3444} INFO - Setting next_dagrun for example_bash_operator to 2023-03-28T00:00:00+00:00, run_after=2023-03-29T00:00:00+00:00
[2023-03-28T08:53:33.692+0000] {processor.py:175} INFO - Processing /home/airflow/.local/lib/python3.7/site-packages/airflow/example_dags/example_bash_operator.py took 0.489 seconds
[2023-03-28T08:54:04.563+0000] {processor.py:153} INFO - Started process (PID=1568) to work on /home/airflow/.local/lib/python3.7/site-packages/airflow/example_dags/example_bash_operator.py
[2023-03-28T08:54:04.564+0000] {processor.py:743} INFO - Processing file /home/airflow/.local/lib/python3.7/site-packages/airflow/example_dags/example_bash_operator.py for tasks to queue
[2023-03-28T08:54:04.564+0000] {logging_mixin.py:137} INFO - [2023-03-28T08:54:04.564+0000] {dagbag.py:532} INFO - Filling up the DagBag from /home/airflow/.local/lib/python3.7/site-packages/airflow/example_dags/example_bash_operator.py
[2023-03-28T08:54:04.576+0000] {processor.py:753} INFO - DAG(s) dict_keys(['example_bash_operator']) retrieved from /home/airflow/.local/lib/python3.7/site-packages/airflow/example_dags/example_bash_operator.py
[2023-03-28T08:54:04.761+0000] {logging_mixin.py:137} INFO - [2023-03-28T08:54:04.761+0000] {dag.py:2693} INFO - Sync 1 DAGs
[2023-03-28T08:54:04.854+0000] {logging_mixin.py:137} INFO - [2023-03-28T08:54:04.854+0000] {dag.py:3444} INFO - Setting next_dagrun for example_bash_operator to 2023-03-28T00:00:00+00:00, run_after=2023-03-29T00:00:00+00:00
[2023-03-28T08:54:05.052+0000] {processor.py:175} INFO - Processing /home/airflow/.local/lib/python3.7/site-packages/airflow/example_dags/example_bash_operator.py took 0.492 seconds
[2023-03-28T08:54:35.701+0000] {processor.py:153} INFO - Started process (PID=1617) to work on /home/airflow/.local/lib/python3.7/site-packages/airflow/example_dags/example_bash_operator.py
[2023-03-28T08:54:35.701+0000] {processor.py:743} INFO - Processing file /home/airflow/.local/lib/python3.7/site-packages/airflow/example_dags/example_bash_operator.py for tasks to queue
[2023-03-28T08:54:35.701+0000] {logging_mixin.py:137} INFO - [2023-03-28T08:54:35.701+0000] {dagbag.py:532} INFO - Filling up the DagBag from /home/airflow/.local/lib/python3.7/site-packages/airflow/example_dags/example_bash_operator.py
[2023-03-28T08:54:35.714+0000] {processor.py:753} INFO - DAG(s) dict_keys(['example_bash_operator']) retrieved from /home/airflow/.local/lib/python3.7/site-packages/airflow/example_dags/example_bash_operator.py
[2023-03-28T08:54:35.910+0000] {logging_mixin.py:137} INFO - [2023-03-28T08:54:35.910+0000] {dag.py:2693} INFO - Sync 1 DAGs
[2023-03-28T08:54:36.019+0000] {logging_mixin.py:137} INFO - [2023-03-28T08:54:36.019+0000] {dag.py:3444} INFO - Setting next_dagrun for example_bash_operator to 2023-03-28T00:00:00+00:00, run_after=2023-03-29T00:00:00+00:00
[2023-03-28T08:54:36.190+0000] {processor.py:175} INFO - Processing /home/airflow/.local/lib/python3.7/site-packages/airflow/example_dags/example_bash_operator.py took 0.491 seconds
[2023-03-28T08:55:06.483+0000] {processor.py:153} INFO - Started process (PID=1666) to work on /home/airflow/.local/lib/python3.7/site-packages/airflow/example_dags/example_bash_operator.py
[2023-03-28T08:55:06.483+0000] {processor.py:743} INFO - Processing file /home/airflow/.local/lib/python3.7/site-packages/airflow/example_dags/example_bash_operator.py for tasks to queue
[2023-03-28T08:55:06.484+0000] {logging_mixin.py:137} INFO - [2023-03-28T08:55:06.484+0000] {dagbag.py:532} INFO - Filling up the DagBag from /home/airflow/.local/lib/python3.7/site-packages/airflow/example_dags/example_bash_operator.py
[2023-03-28T08:55:06.496+0000] {processor.py:753} INFO - DAG(s) dict_keys(['example_bash_operator']) retrieved from /home/airflow/.local/lib/python3.7/site-packages/airflow/example_dags/example_bash_operator.py
[2023-03-28T08:55:06.699+0000] {logging_mixin.py:137} INFO - [2023-03-28T08:55:06.699+0000] {dag.py:2693} INFO - Sync 1 DAGs
[2023-03-28T08:55:06.790+0000] {logging_mixin.py:137} INFO - [2023-03-28T08:55:06.790+0000] {dag.py:3444} INFO - Setting next_dagrun for example_bash_operator to 2023-03-28T00:00:00+00:00, run_after=2023-03-29T00:00:00+00:00
[2023-03-28T08:55:06.977+0000] {processor.py:175} INFO - Processing /home/airflow/.local/lib/python3.7/site-packages/airflow/example_dags/example_bash_operator.py took 0.496 seconds
[2023-03-28T08:55:37.417+0000] {processor.py:153} INFO - Started process (PID=1715) to work on /home/airflow/.local/lib/python3.7/site-packages/airflow/example_dags/example_bash_operator.py
[2023-03-28T08:55:37.418+0000] {processor.py:743} INFO - Processing file /home/airflow/.local/lib/python3.7/site-packages/airflow/example_dags/example_bash_operator.py for tasks to queue
[2023-03-28T08:55:37.418+0000] {logging_mixin.py:137} INFO - [2023-03-28T08:55:37.418+0000] {dagbag.py:532} INFO - Filling up the DagBag from /home/airflow/.local/lib/python3.7/site-packages/airflow/example_dags/example_bash_operator.py
[2023-03-28T08:55:37.431+0000] {processor.py:753} INFO - DAG(s) dict_keys(['example_bash_operator']) retrieved from /home/airflow/.local/lib/python3.7/site-packages/airflow/example_dags/example_bash_operator.py
[2023-03-28T08:55:37.645+0000] {logging_mixin.py:137} INFO - [2023-03-28T08:55:37.645+0000] {dag.py:2693} INFO - Sync 1 DAGs
[2023-03-28T08:55:37.747+0000] {logging_mixin.py:137} INFO - [2023-03-28T08:55:37.747+0000] {dag.py:3444} INFO - Setting next_dagrun for example_bash_operator to 2023-03-28T00:00:00+00:00, run_after=2023-03-29T00:00:00+00:00
[2023-03-28T08:55:37.924+0000] {processor.py:175} INFO - Processing /home/airflow/.local/lib/python3.7/site-packages/airflow/example_dags/example_bash_operator.py took 0.509 seconds
[2023-03-28T08:56:08.446+0000] {processor.py:153} INFO - Started process (PID=1764) to work on /home/airflow/.local/lib/python3.7/site-packages/airflow/example_dags/example_bash_operator.py
[2023-03-28T08:56:08.454+0000] {processor.py:743} INFO - Processing file /home/airflow/.local/lib/python3.7/site-packages/airflow/example_dags/example_bash_operator.py for tasks to queue
[2023-03-28T08:56:08.454+0000] {logging_mixin.py:137} INFO - [2023-03-28T08:56:08.454+0000] {dagbag.py:532} INFO - Filling up the DagBag from /home/airflow/.local/lib/python3.7/site-packages/airflow/example_dags/example_bash_operator.py
[2023-03-28T08:56:08.466+0000] {processor.py:753} INFO - DAG(s) dict_keys(['example_bash_operator']) retrieved from /home/airflow/.local/lib/python3.7/site-packages/airflow/example_dags/example_bash_operator.py
[2023-03-28T08:56:08.669+0000] {logging_mixin.py:137} INFO - [2023-03-28T08:56:08.669+0000] {dag.py:2693} INFO - Sync 1 DAGs
[2023-03-28T08:56:08.767+0000] {logging_mixin.py:137} INFO - [2023-03-28T08:56:08.766+0000] {dag.py:3444} INFO - Setting next_dagrun for example_bash_operator to 2023-03-28T00:00:00+00:00, run_after=2023-03-29T00:00:00+00:00
[2023-03-28T08:56:08.945+0000] {processor.py:175} INFO - Processing /home/airflow/.local/lib/python3.7/site-packages/airflow/example_dags/example_bash_operator.py took 0.502 seconds
[2023-03-28T08:56:39.073+0000] {processor.py:153} INFO - Started process (PID=1812) to work on /home/airflow/.local/lib/python3.7/site-packages/airflow/example_dags/example_bash_operator.py
[2023-03-28T08:56:39.074+0000] {processor.py:743} INFO - Processing file /home/airflow/.local/lib/python3.7/site-packages/airflow/example_dags/example_bash_operator.py for tasks to queue
[2023-03-28T08:56:39.074+0000] {logging_mixin.py:137} INFO - [2023-03-28T08:56:39.074+0000] {dagbag.py:532} INFO - Filling up the DagBag from /home/airflow/.local/lib/python3.7/site-packages/airflow/example_dags/example_bash_operator.py
[2023-03-28T08:56:39.087+0000] {processor.py:753} INFO - DAG(s) dict_keys(['example_bash_operator']) retrieved from /home/airflow/.local/lib/python3.7/site-packages/airflow/example_dags/example_bash_operator.py
[2023-03-28T08:56:39.363+0000] {logging_mixin.py:137} INFO - [2023-03-28T08:56:39.363+0000] {dag.py:2693} INFO - Sync 1 DAGs
[2023-03-28T08:56:39.474+0000] {logging_mixin.py:137} INFO - [2023-03-28T08:56:39.474+0000] {dag.py:3444} INFO - Setting next_dagrun for example_bash_operator to 2023-03-28T00:00:00+00:00, run_after=2023-03-29T00:00:00+00:00
[2023-03-28T08:56:39.646+0000] {processor.py:175} INFO - Processing /home/airflow/.local/lib/python3.7/site-packages/airflow/example_dags/example_bash_operator.py took 0.575 seconds
[2023-03-28T08:57:10.471+0000] {processor.py:153} INFO - Started process (PID=1862) to work on /home/airflow/.local/lib/python3.7/site-packages/airflow/example_dags/example_bash_operator.py
[2023-03-28T08:57:10.472+0000] {processor.py:743} INFO - Processing file /home/airflow/.local/lib/python3.7/site-packages/airflow/example_dags/example_bash_operator.py for tasks to queue
[2023-03-28T08:57:10.472+0000] {logging_mixin.py:137} INFO - [2023-03-28T08:57:10.472+0000] {dagbag.py:532} INFO - Filling up the DagBag from /home/airflow/.local/lib/python3.7/site-packages/airflow/example_dags/example_bash_operator.py
[2023-03-28T08:57:10.486+0000] {processor.py:753} INFO - DAG(s) dict_keys(['example_bash_operator']) retrieved from /home/airflow/.local/lib/python3.7/site-packages/airflow/example_dags/example_bash_operator.py
[2023-03-28T08:57:10.685+0000] {logging_mixin.py:137} INFO - [2023-03-28T08:57:10.685+0000] {dag.py:2693} INFO - Sync 1 DAGs
[2023-03-28T08:57:10.788+0000] {logging_mixin.py:137} INFO - [2023-03-28T08:57:10.788+0000] {dag.py:3444} INFO - Setting next_dagrun for example_bash_operator to 2023-03-28T00:00:00+00:00, run_after=2023-03-29T00:00:00+00:00
[2023-03-28T08:57:10.993+0000] {processor.py:175} INFO - Processing /home/airflow/.local/lib/python3.7/site-packages/airflow/example_dags/example_bash_operator.py took 0.524 seconds
[2023-03-28T08:57:41.147+0000] {processor.py:153} INFO - Started process (PID=1910) to work on /home/airflow/.local/lib/python3.7/site-packages/airflow/example_dags/example_bash_operator.py
[2023-03-28T08:57:41.157+0000] {processor.py:743} INFO - Processing file /home/airflow/.local/lib/python3.7/site-packages/airflow/example_dags/example_bash_operator.py for tasks to queue
[2023-03-28T08:57:41.157+0000] {logging_mixin.py:137} INFO - [2023-03-28T08:57:41.157+0000] {dagbag.py:532} INFO - Filling up the DagBag from /home/airflow/.local/lib/python3.7/site-packages/airflow/example_dags/example_bash_operator.py
[2023-03-28T08:57:41.171+0000] {processor.py:753} INFO - DAG(s) dict_keys(['example_bash_operator']) retrieved from /home/airflow/.local/lib/python3.7/site-packages/airflow/example_dags/example_bash_operator.py
[2023-03-28T08:57:41.369+0000] {logging_mixin.py:137} INFO - [2023-03-28T08:57:41.369+0000] {dag.py:2693} INFO - Sync 1 DAGs
[2023-03-28T08:57:41.460+0000] {logging_mixin.py:137} INFO - [2023-03-28T08:57:41.460+0000] {dag.py:3444} INFO - Setting next_dagrun for example_bash_operator to 2023-03-28T00:00:00+00:00, run_after=2023-03-29T00:00:00+00:00
[2023-03-28T08:57:41.630+0000] {processor.py:175} INFO - Processing /home/airflow/.local/lib/python3.7/site-packages/airflow/example_dags/example_bash_operator.py took 0.486 seconds
[2023-03-28T08:58:12.077+0000] {processor.py:153} INFO - Started process (PID=1959) to work on /home/airflow/.local/lib/python3.7/site-packages/airflow/example_dags/example_bash_operator.py
[2023-03-28T08:58:12.077+0000] {processor.py:743} INFO - Processing file /home/airflow/.local/lib/python3.7/site-packages/airflow/example_dags/example_bash_operator.py for tasks to queue
[2023-03-28T08:58:12.078+0000] {logging_mixin.py:137} INFO - [2023-03-28T08:58:12.078+0000] {dagbag.py:532} INFO - Filling up the DagBag from /home/airflow/.local/lib/python3.7/site-packages/airflow/example_dags/example_bash_operator.py
[2023-03-28T08:58:12.090+0000] {processor.py:753} INFO - DAG(s) dict_keys(['example_bash_operator']) retrieved from /home/airflow/.local/lib/python3.7/site-packages/airflow/example_dags/example_bash_operator.py
[2023-03-28T08:58:12.296+0000] {logging_mixin.py:137} INFO - [2023-03-28T08:58:12.296+0000] {dag.py:2693} INFO - Sync 1 DAGs
[2023-03-28T08:58:12.390+0000] {logging_mixin.py:137} INFO - [2023-03-28T08:58:12.390+0000] {dag.py:3444} INFO - Setting next_dagrun for example_bash_operator to 2023-03-28T00:00:00+00:00, run_after=2023-03-29T00:00:00+00:00
[2023-03-28T08:58:12.662+0000] {processor.py:175} INFO - Processing /home/airflow/.local/lib/python3.7/site-packages/airflow/example_dags/example_bash_operator.py took 0.588 seconds
[2023-03-28T08:58:43.115+0000] {processor.py:153} INFO - Started process (PID=2008) to work on /home/airflow/.local/lib/python3.7/site-packages/airflow/example_dags/example_bash_operator.py
[2023-03-28T08:58:43.116+0000] {processor.py:743} INFO - Processing file /home/airflow/.local/lib/python3.7/site-packages/airflow/example_dags/example_bash_operator.py for tasks to queue
[2023-03-28T08:58:43.117+0000] {logging_mixin.py:137} INFO - [2023-03-28T08:58:43.117+0000] {dagbag.py:532} INFO - Filling up the DagBag from /home/airflow/.local/lib/python3.7/site-packages/airflow/example_dags/example_bash_operator.py
[2023-03-28T08:58:43.129+0000] {processor.py:753} INFO - DAG(s) dict_keys(['example_bash_operator']) retrieved from /home/airflow/.local/lib/python3.7/site-packages/airflow/example_dags/example_bash_operator.py
[2023-03-28T08:58:43.327+0000] {logging_mixin.py:137} INFO - [2023-03-28T08:58:43.327+0000] {dag.py:2693} INFO - Sync 1 DAGs
[2023-03-28T08:58:43.426+0000] {logging_mixin.py:137} INFO - [2023-03-28T08:58:43.426+0000] {dag.py:3444} INFO - Setting next_dagrun for example_bash_operator to 2023-03-28T00:00:00+00:00, run_after=2023-03-29T00:00:00+00:00
[2023-03-28T08:58:43.603+0000] {processor.py:175} INFO - Processing /home/airflow/.local/lib/python3.7/site-packages/airflow/example_dags/example_bash_operator.py took 0.490 seconds
[2023-03-28T08:59:13.780+0000] {processor.py:153} INFO - Started process (PID=2057) to work on /home/airflow/.local/lib/python3.7/site-packages/airflow/example_dags/example_bash_operator.py
[2023-03-28T08:59:13.781+0000] {processor.py:743} INFO - Processing file /home/airflow/.local/lib/python3.7/site-packages/airflow/example_dags/example_bash_operator.py for tasks to queue
[2023-03-28T08:59:13.781+0000] {logging_mixin.py:137} INFO - [2023-03-28T08:59:13.781+0000] {dagbag.py:532} INFO - Filling up the DagBag from /home/airflow/.local/lib/python3.7/site-packages/airflow/example_dags/example_bash_operator.py
[2023-03-28T08:59:13.794+0000] {processor.py:753} INFO - DAG(s) dict_keys(['example_bash_operator']) retrieved from /home/airflow/.local/lib/python3.7/site-packages/airflow/example_dags/example_bash_operator.py
[2023-03-28T08:59:14.006+0000] {logging_mixin.py:137} INFO - [2023-03-28T08:59:14.006+0000] {dag.py:2693} INFO - Sync 1 DAGs
[2023-03-28T08:59:14.095+0000] {logging_mixin.py:137} INFO - [2023-03-28T08:59:14.095+0000] {dag.py:3444} INFO - Setting next_dagrun for example_bash_operator to 2023-03-28T00:00:00+00:00, run_after=2023-03-29T00:00:00+00:00
[2023-03-28T08:59:14.261+0000] {processor.py:175} INFO - Processing /home/airflow/.local/lib/python3.7/site-packages/airflow/example_dags/example_bash_operator.py took 0.482 seconds
[2023-03-28T08:59:44.539+0000] {processor.py:153} INFO - Started process (PID=2106) to work on /home/airflow/.local/lib/python3.7/site-packages/airflow/example_dags/example_bash_operator.py
[2023-03-28T08:59:44.540+0000] {processor.py:743} INFO - Processing file /home/airflow/.local/lib/python3.7/site-packages/airflow/example_dags/example_bash_operator.py for tasks to queue
[2023-03-28T08:59:44.540+0000] {logging_mixin.py:137} INFO - [2023-03-28T08:59:44.540+0000] {dagbag.py:532} INFO - Filling up the DagBag from /home/airflow/.local/lib/python3.7/site-packages/airflow/example_dags/example_bash_operator.py
[2023-03-28T08:59:44.554+0000] {processor.py:753} INFO - DAG(s) dict_keys(['example_bash_operator']) retrieved from /home/airflow/.local/lib/python3.7/site-packages/airflow/example_dags/example_bash_operator.py
[2023-03-28T08:59:44.766+0000] {logging_mixin.py:137} INFO - [2023-03-28T08:59:44.766+0000] {dag.py:2693} INFO - Sync 1 DAGs
[2023-03-28T08:59:44.867+0000] {logging_mixin.py:137} INFO - [2023-03-28T08:59:44.867+0000] {dag.py:3444} INFO - Setting next_dagrun for example_bash_operator to 2023-03-28T00:00:00+00:00, run_after=2023-03-29T00:00:00+00:00
[2023-03-28T08:59:45.033+0000] {processor.py:175} INFO - Processing /home/airflow/.local/lib/python3.7/site-packages/airflow/example_dags/example_bash_operator.py took 0.496 seconds
