[2023-03-28T05:28:24.694+0000] {processor.py:153} INFO - Started process (PID=101) to work on /home/airflow/.local/lib/python3.7/site-packages/airflow/example_dags/example_external_task_marker_dag.py
[2023-03-28T05:28:24.695+0000] {processor.py:743} INFO - Processing file /home/airflow/.local/lib/python3.7/site-packages/airflow/example_dags/example_external_task_marker_dag.py for tasks to queue
[2023-03-28T05:28:24.695+0000] {logging_mixin.py:137} INFO - [2023-03-28T05:28:24.695+0000] {dagbag.py:532} INFO - Filling up the DagBag from /home/airflow/.local/lib/python3.7/site-packages/airflow/example_dags/example_external_task_marker_dag.py
[2023-03-28T05:28:24.703+0000] {processor.py:753} INFO - DAG(s) dict_keys(['example_external_task_marker_parent', 'example_external_task_marker_child']) retrieved from /home/airflow/.local/lib/python3.7/site-packages/airflow/example_dags/example_external_task_marker_dag.py
[2023-03-28T05:28:24.909+0000] {logging_mixin.py:137} INFO - [2023-03-28T05:28:24.909+0000] {dag.py:2693} INFO - Sync 2 DAGs
[2023-03-28T05:28:24.997+0000] {logging_mixin.py:137} INFO - [2023-03-28T05:28:24.997+0000] {dag.py:3444} INFO - Setting next_dagrun for example_external_task_marker_child to None, run_after=None
[2023-03-28T05:28:25.007+0000] {logging_mixin.py:137} INFO - [2023-03-28T05:28:25.007+0000] {dag.py:3444} INFO - Setting next_dagrun for example_external_task_marker_parent to None, run_after=None
[2023-03-28T05:28:25.226+0000] {processor.py:175} INFO - Processing /home/airflow/.local/lib/python3.7/site-packages/airflow/example_dags/example_external_task_marker_dag.py took 0.533 seconds
[2023-03-28T05:28:56.126+0000] {processor.py:153} INFO - Started process (PID=150) to work on /home/airflow/.local/lib/python3.7/site-packages/airflow/example_dags/example_external_task_marker_dag.py
[2023-03-28T05:28:56.127+0000] {processor.py:743} INFO - Processing file /home/airflow/.local/lib/python3.7/site-packages/airflow/example_dags/example_external_task_marker_dag.py for tasks to queue
[2023-03-28T05:28:56.127+0000] {logging_mixin.py:137} INFO - [2023-03-28T05:28:56.127+0000] {dagbag.py:532} INFO - Filling up the DagBag from /home/airflow/.local/lib/python3.7/site-packages/airflow/example_dags/example_external_task_marker_dag.py
[2023-03-28T05:28:56.135+0000] {processor.py:753} INFO - DAG(s) dict_keys(['example_external_task_marker_child', 'example_external_task_marker_parent']) retrieved from /home/airflow/.local/lib/python3.7/site-packages/airflow/example_dags/example_external_task_marker_dag.py
[2023-03-28T05:28:56.346+0000] {logging_mixin.py:137} INFO - [2023-03-28T05:28:56.346+0000] {dag.py:2693} INFO - Sync 2 DAGs
[2023-03-28T05:28:56.431+0000] {logging_mixin.py:137} INFO - [2023-03-28T05:28:56.431+0000] {dag.py:3444} INFO - Setting next_dagrun for example_external_task_marker_child to None, run_after=None
[2023-03-28T05:28:56.440+0000] {logging_mixin.py:137} INFO - [2023-03-28T05:28:56.440+0000] {dag.py:3444} INFO - Setting next_dagrun for example_external_task_marker_parent to None, run_after=None
[2023-03-28T05:28:56.634+0000] {processor.py:175} INFO - Processing /home/airflow/.local/lib/python3.7/site-packages/airflow/example_dags/example_external_task_marker_dag.py took 0.510 seconds
[2023-03-28T05:29:27.418+0000] {processor.py:153} INFO - Started process (PID=199) to work on /home/airflow/.local/lib/python3.7/site-packages/airflow/example_dags/example_external_task_marker_dag.py
[2023-03-28T05:29:27.419+0000] {processor.py:743} INFO - Processing file /home/airflow/.local/lib/python3.7/site-packages/airflow/example_dags/example_external_task_marker_dag.py for tasks to queue
[2023-03-28T05:29:27.419+0000] {logging_mixin.py:137} INFO - [2023-03-28T05:29:27.419+0000] {dagbag.py:532} INFO - Filling up the DagBag from /home/airflow/.local/lib/python3.7/site-packages/airflow/example_dags/example_external_task_marker_dag.py
[2023-03-28T05:29:27.427+0000] {processor.py:753} INFO - DAG(s) dict_keys(['example_external_task_marker_parent', 'example_external_task_marker_child']) retrieved from /home/airflow/.local/lib/python3.7/site-packages/airflow/example_dags/example_external_task_marker_dag.py
[2023-03-28T05:29:27.616+0000] {logging_mixin.py:137} INFO - [2023-03-28T05:29:27.616+0000] {dag.py:2693} INFO - Sync 2 DAGs
[2023-03-28T05:29:27.704+0000] {logging_mixin.py:137} INFO - [2023-03-28T05:29:27.704+0000] {dag.py:3444} INFO - Setting next_dagrun for example_external_task_marker_child to None, run_after=None
[2023-03-28T05:29:27.714+0000] {logging_mixin.py:137} INFO - [2023-03-28T05:29:27.714+0000] {dag.py:3444} INFO - Setting next_dagrun for example_external_task_marker_parent to None, run_after=None
[2023-03-28T05:29:27.904+0000] {processor.py:175} INFO - Processing /home/airflow/.local/lib/python3.7/site-packages/airflow/example_dags/example_external_task_marker_dag.py took 0.488 seconds
[2023-03-28T05:29:58.207+0000] {processor.py:153} INFO - Started process (PID=247) to work on /home/airflow/.local/lib/python3.7/site-packages/airflow/example_dags/example_external_task_marker_dag.py
[2023-03-28T05:29:58.207+0000] {processor.py:743} INFO - Processing file /home/airflow/.local/lib/python3.7/site-packages/airflow/example_dags/example_external_task_marker_dag.py for tasks to queue
[2023-03-28T05:29:58.207+0000] {logging_mixin.py:137} INFO - [2023-03-28T05:29:58.207+0000] {dagbag.py:532} INFO - Filling up the DagBag from /home/airflow/.local/lib/python3.7/site-packages/airflow/example_dags/example_external_task_marker_dag.py
[2023-03-28T05:29:58.215+0000] {processor.py:753} INFO - DAG(s) dict_keys(['example_external_task_marker_parent', 'example_external_task_marker_child']) retrieved from /home/airflow/.local/lib/python3.7/site-packages/airflow/example_dags/example_external_task_marker_dag.py
[2023-03-28T05:29:58.741+0000] {logging_mixin.py:137} INFO - [2023-03-28T05:29:58.741+0000] {dag.py:2693} INFO - Sync 2 DAGs
[2023-03-28T05:29:59.027+0000] {logging_mixin.py:137} INFO - [2023-03-28T05:29:59.027+0000] {dag.py:3444} INFO - Setting next_dagrun for example_external_task_marker_child to None, run_after=None
[2023-03-28T05:29:59.038+0000] {logging_mixin.py:137} INFO - [2023-03-28T05:29:59.037+0000] {dag.py:3444} INFO - Setting next_dagrun for example_external_task_marker_parent to None, run_after=None
[2023-03-28T05:29:59.341+0000] {processor.py:175} INFO - Processing /home/airflow/.local/lib/python3.7/site-packages/airflow/example_dags/example_external_task_marker_dag.py took 1.136 seconds
[2023-03-28T05:30:29.776+0000] {processor.py:153} INFO - Started process (PID=296) to work on /home/airflow/.local/lib/python3.7/site-packages/airflow/example_dags/example_external_task_marker_dag.py
[2023-03-28T05:30:29.776+0000] {processor.py:743} INFO - Processing file /home/airflow/.local/lib/python3.7/site-packages/airflow/example_dags/example_external_task_marker_dag.py for tasks to queue
[2023-03-28T05:30:29.777+0000] {logging_mixin.py:137} INFO - [2023-03-28T05:30:29.777+0000] {dagbag.py:532} INFO - Filling up the DagBag from /home/airflow/.local/lib/python3.7/site-packages/airflow/example_dags/example_external_task_marker_dag.py
[2023-03-28T05:30:29.784+0000] {processor.py:753} INFO - DAG(s) dict_keys(['example_external_task_marker_parent', 'example_external_task_marker_child']) retrieved from /home/airflow/.local/lib/python3.7/site-packages/airflow/example_dags/example_external_task_marker_dag.py
[2023-03-28T05:30:29.967+0000] {logging_mixin.py:137} INFO - [2023-03-28T05:30:29.967+0000] {dag.py:2693} INFO - Sync 2 DAGs
[2023-03-28T05:30:30.053+0000] {logging_mixin.py:137} INFO - [2023-03-28T05:30:30.053+0000] {dag.py:3444} INFO - Setting next_dagrun for example_external_task_marker_child to None, run_after=None
[2023-03-28T05:30:30.063+0000] {logging_mixin.py:137} INFO - [2023-03-28T05:30:30.063+0000] {dag.py:3444} INFO - Setting next_dagrun for example_external_task_marker_parent to None, run_after=None
[2023-03-28T05:30:30.256+0000] {processor.py:175} INFO - Processing /home/airflow/.local/lib/python3.7/site-packages/airflow/example_dags/example_external_task_marker_dag.py took 0.482 seconds
[2023-03-28T05:31:00.436+0000] {processor.py:153} INFO - Started process (PID=357) to work on /home/airflow/.local/lib/python3.7/site-packages/airflow/example_dags/example_external_task_marker_dag.py
[2023-03-28T05:31:00.436+0000] {processor.py:743} INFO - Processing file /home/airflow/.local/lib/python3.7/site-packages/airflow/example_dags/example_external_task_marker_dag.py for tasks to queue
[2023-03-28T05:31:00.436+0000] {logging_mixin.py:137} INFO - [2023-03-28T05:31:00.436+0000] {dagbag.py:532} INFO - Filling up the DagBag from /home/airflow/.local/lib/python3.7/site-packages/airflow/example_dags/example_external_task_marker_dag.py
[2023-03-28T05:31:00.444+0000] {processor.py:753} INFO - DAG(s) dict_keys(['example_external_task_marker_child', 'example_external_task_marker_parent']) retrieved from /home/airflow/.local/lib/python3.7/site-packages/airflow/example_dags/example_external_task_marker_dag.py
[2023-03-28T05:31:00.642+0000] {logging_mixin.py:137} INFO - [2023-03-28T05:31:00.642+0000] {dag.py:2693} INFO - Sync 2 DAGs
[2023-03-28T05:31:00.729+0000] {logging_mixin.py:137} INFO - [2023-03-28T05:31:00.729+0000] {dag.py:3444} INFO - Setting next_dagrun for example_external_task_marker_child to None, run_after=None
[2023-03-28T05:31:00.740+0000] {logging_mixin.py:137} INFO - [2023-03-28T05:31:00.740+0000] {dag.py:3444} INFO - Setting next_dagrun for example_external_task_marker_parent to None, run_after=None
[2023-03-28T05:31:00.930+0000] {processor.py:175} INFO - Processing /home/airflow/.local/lib/python3.7/site-packages/airflow/example_dags/example_external_task_marker_dag.py took 0.496 seconds
