[2023-03-28T05:28:25.138+0000] {processor.py:153} INFO - Started process (PID=102) to work on /home/airflow/.local/lib/python3.7/site-packages/airflow/example_dags/example_xcomargs.py
[2023-03-28T05:28:25.138+0000] {processor.py:743} INFO - Processing file /home/airflow/.local/lib/python3.7/site-packages/airflow/example_dags/example_xcomargs.py for tasks to queue
[2023-03-28T05:28:25.139+0000] {logging_mixin.py:137} INFO - [2023-03-28T05:28:25.138+0000] {dagbag.py:532} INFO - Filling up the DagBag from /home/airflow/.local/lib/python3.7/site-packages/airflow/example_dags/example_xcomargs.py
[2023-03-28T05:28:25.151+0000] {processor.py:753} INFO - DAG(s) dict_keys(['example_xcom_args', 'example_xcom_args_with_operators']) retrieved from /home/airflow/.local/lib/python3.7/site-packages/airflow/example_dags/example_xcomargs.py
[2023-03-28T05:28:25.356+0000] {logging_mixin.py:137} INFO - [2023-03-28T05:28:25.356+0000] {dag.py:2693} INFO - Sync 2 DAGs
[2023-03-28T05:28:25.454+0000] {logging_mixin.py:137} INFO - [2023-03-28T05:28:25.454+0000] {dag.py:3444} INFO - Setting next_dagrun for example_xcom_args to None, run_after=None
[2023-03-28T05:28:25.480+0000] {logging_mixin.py:137} INFO - [2023-03-28T05:28:25.480+0000] {dag.py:3444} INFO - Setting next_dagrun for example_xcom_args_with_operators to None, run_after=None
[2023-03-28T05:28:25.642+0000] {processor.py:175} INFO - Processing /home/airflow/.local/lib/python3.7/site-packages/airflow/example_dags/example_xcomargs.py took 0.505 seconds
[2023-03-28T05:28:56.733+0000] {processor.py:153} INFO - Started process (PID=152) to work on /home/airflow/.local/lib/python3.7/site-packages/airflow/example_dags/example_xcomargs.py
[2023-03-28T05:28:56.734+0000] {processor.py:743} INFO - Processing file /home/airflow/.local/lib/python3.7/site-packages/airflow/example_dags/example_xcomargs.py for tasks to queue
[2023-03-28T05:28:56.734+0000] {logging_mixin.py:137} INFO - [2023-03-28T05:28:56.734+0000] {dagbag.py:532} INFO - Filling up the DagBag from /home/airflow/.local/lib/python3.7/site-packages/airflow/example_dags/example_xcomargs.py
[2023-03-28T05:28:56.748+0000] {processor.py:753} INFO - DAG(s) dict_keys(['example_xcom_args_with_operators', 'example_xcom_args']) retrieved from /home/airflow/.local/lib/python3.7/site-packages/airflow/example_dags/example_xcomargs.py
[2023-03-28T05:28:56.940+0000] {logging_mixin.py:137} INFO - [2023-03-28T05:28:56.940+0000] {dag.py:2693} INFO - Sync 2 DAGs
[2023-03-28T05:28:57.030+0000] {logging_mixin.py:137} INFO - [2023-03-28T05:28:57.030+0000] {dag.py:3444} INFO - Setting next_dagrun for example_xcom_args to None, run_after=None
[2023-03-28T05:28:57.039+0000] {logging_mixin.py:137} INFO - [2023-03-28T05:28:57.039+0000] {dag.py:3444} INFO - Setting next_dagrun for example_xcom_args_with_operators to None, run_after=None
[2023-03-28T05:28:57.244+0000] {processor.py:175} INFO - Processing /home/airflow/.local/lib/python3.7/site-packages/airflow/example_dags/example_xcomargs.py took 0.513 seconds
[2023-03-28T05:29:27.950+0000] {processor.py:153} INFO - Started process (PID=200) to work on /home/airflow/.local/lib/python3.7/site-packages/airflow/example_dags/example_xcomargs.py
[2023-03-28T05:29:27.950+0000] {processor.py:743} INFO - Processing file /home/airflow/.local/lib/python3.7/site-packages/airflow/example_dags/example_xcomargs.py for tasks to queue
[2023-03-28T05:29:27.950+0000] {logging_mixin.py:137} INFO - [2023-03-28T05:29:27.950+0000] {dagbag.py:532} INFO - Filling up the DagBag from /home/airflow/.local/lib/python3.7/site-packages/airflow/example_dags/example_xcomargs.py
[2023-03-28T05:29:27.964+0000] {processor.py:753} INFO - DAG(s) dict_keys(['example_xcom_args', 'example_xcom_args_with_operators']) retrieved from /home/airflow/.local/lib/python3.7/site-packages/airflow/example_dags/example_xcomargs.py
[2023-03-28T05:29:28.159+0000] {logging_mixin.py:137} INFO - [2023-03-28T05:29:28.159+0000] {dag.py:2693} INFO - Sync 2 DAGs
[2023-03-28T05:29:28.256+0000] {logging_mixin.py:137} INFO - [2023-03-28T05:29:28.256+0000] {dag.py:3444} INFO - Setting next_dagrun for example_xcom_args to None, run_after=None
[2023-03-28T05:29:28.267+0000] {logging_mixin.py:137} INFO - [2023-03-28T05:29:28.267+0000] {dag.py:3444} INFO - Setting next_dagrun for example_xcom_args_with_operators to None, run_after=None
[2023-03-28T05:29:28.444+0000] {processor.py:175} INFO - Processing /home/airflow/.local/lib/python3.7/site-packages/airflow/example_dags/example_xcomargs.py took 0.497 seconds
[2023-03-28T05:29:59.496+0000] {processor.py:153} INFO - Started process (PID=249) to work on /home/airflow/.local/lib/python3.7/site-packages/airflow/example_dags/example_xcomargs.py
[2023-03-28T05:29:59.497+0000] {processor.py:743} INFO - Processing file /home/airflow/.local/lib/python3.7/site-packages/airflow/example_dags/example_xcomargs.py for tasks to queue
[2023-03-28T05:29:59.498+0000] {logging_mixin.py:137} INFO - [2023-03-28T05:29:59.497+0000] {dagbag.py:532} INFO - Filling up the DagBag from /home/airflow/.local/lib/python3.7/site-packages/airflow/example_dags/example_xcomargs.py
[2023-03-28T05:29:59.510+0000] {processor.py:753} INFO - DAG(s) dict_keys(['example_xcom_args_with_operators', 'example_xcom_args']) retrieved from /home/airflow/.local/lib/python3.7/site-packages/airflow/example_dags/example_xcomargs.py
[2023-03-28T05:30:00.089+0000] {logging_mixin.py:137} INFO - [2023-03-28T05:30:00.089+0000] {dag.py:2693} INFO - Sync 2 DAGs
[2023-03-28T05:30:00.207+0000] {logging_mixin.py:137} INFO - [2023-03-28T05:30:00.206+0000] {dag.py:3444} INFO - Setting next_dagrun for example_xcom_args to None, run_after=None
[2023-03-28T05:30:00.217+0000] {logging_mixin.py:137} INFO - [2023-03-28T05:30:00.217+0000] {dag.py:3444} INFO - Setting next_dagrun for example_xcom_args_with_operators to None, run_after=None
[2023-03-28T05:30:00.540+0000] {processor.py:175} INFO - Processing /home/airflow/.local/lib/python3.7/site-packages/airflow/example_dags/example_xcomargs.py took 1.045 seconds
[2023-03-28T05:30:30.833+0000] {processor.py:153} INFO - Started process (PID=298) to work on /home/airflow/.local/lib/python3.7/site-packages/airflow/example_dags/example_xcomargs.py
[2023-03-28T05:30:30.834+0000] {processor.py:743} INFO - Processing file /home/airflow/.local/lib/python3.7/site-packages/airflow/example_dags/example_xcomargs.py for tasks to queue
[2023-03-28T05:30:30.834+0000] {logging_mixin.py:137} INFO - [2023-03-28T05:30:30.834+0000] {dagbag.py:532} INFO - Filling up the DagBag from /home/airflow/.local/lib/python3.7/site-packages/airflow/example_dags/example_xcomargs.py
[2023-03-28T05:30:30.847+0000] {processor.py:753} INFO - DAG(s) dict_keys(['example_xcom_args', 'example_xcom_args_with_operators']) retrieved from /home/airflow/.local/lib/python3.7/site-packages/airflow/example_dags/example_xcomargs.py
[2023-03-28T05:30:31.049+0000] {logging_mixin.py:137} INFO - [2023-03-28T05:30:31.049+0000] {dag.py:2693} INFO - Sync 2 DAGs
[2023-03-28T05:30:31.179+0000] {logging_mixin.py:137} INFO - [2023-03-28T05:30:31.179+0000] {dag.py:3444} INFO - Setting next_dagrun for example_xcom_args to None, run_after=None
[2023-03-28T05:30:31.188+0000] {logging_mixin.py:137} INFO - [2023-03-28T05:30:31.188+0000] {dag.py:3444} INFO - Setting next_dagrun for example_xcom_args_with_operators to None, run_after=None
[2023-03-28T05:30:31.395+0000] {processor.py:175} INFO - Processing /home/airflow/.local/lib/python3.7/site-packages/airflow/example_dags/example_xcomargs.py took 0.563 seconds
[2023-03-28T05:31:01.470+0000] {processor.py:153} INFO - Started process (PID=363) to work on /home/airflow/.local/lib/python3.7/site-packages/airflow/example_dags/example_xcomargs.py
[2023-03-28T05:31:01.471+0000] {processor.py:743} INFO - Processing file /home/airflow/.local/lib/python3.7/site-packages/airflow/example_dags/example_xcomargs.py for tasks to queue
[2023-03-28T05:31:01.472+0000] {logging_mixin.py:137} INFO - [2023-03-28T05:31:01.472+0000] {dagbag.py:532} INFO - Filling up the DagBag from /home/airflow/.local/lib/python3.7/site-packages/airflow/example_dags/example_xcomargs.py
[2023-03-28T05:31:01.486+0000] {processor.py:753} INFO - DAG(s) dict_keys(['example_xcom_args', 'example_xcom_args_with_operators']) retrieved from /home/airflow/.local/lib/python3.7/site-packages/airflow/example_dags/example_xcomargs.py
[2023-03-28T05:31:01.685+0000] {logging_mixin.py:137} INFO - [2023-03-28T05:31:01.685+0000] {dag.py:2693} INFO - Sync 2 DAGs
[2023-03-28T05:31:01.769+0000] {logging_mixin.py:137} INFO - [2023-03-28T05:31:01.769+0000] {dag.py:3444} INFO - Setting next_dagrun for example_xcom_args to None, run_after=None
[2023-03-28T05:31:01.777+0000] {logging_mixin.py:137} INFO - [2023-03-28T05:31:01.777+0000] {dag.py:3444} INFO - Setting next_dagrun for example_xcom_args_with_operators to None, run_after=None
[2023-03-28T05:31:01.948+0000] {processor.py:175} INFO - Processing /home/airflow/.local/lib/python3.7/site-packages/airflow/example_dags/example_xcomargs.py took 0.480 seconds
[2023-03-28T08:29:02.203+0000] {processor.py:153} INFO - Started process (PID=135) to work on /home/airflow/.local/lib/python3.7/site-packages/airflow/example_dags/example_xcomargs.py
[2023-03-28T08:29:02.255+0000] {processor.py:743} INFO - Processing file /home/airflow/.local/lib/python3.7/site-packages/airflow/example_dags/example_xcomargs.py for tasks to queue
[2023-03-28T08:29:02.256+0000] {logging_mixin.py:137} INFO - [2023-03-28T08:29:02.256+0000] {dagbag.py:532} INFO - Filling up the DagBag from /home/airflow/.local/lib/python3.7/site-packages/airflow/example_dags/example_xcomargs.py
[2023-03-28T08:29:02.967+0000] {processor.py:753} INFO - DAG(s) dict_keys(['example_xcom_args_with_operators', 'example_xcom_args']) retrieved from /home/airflow/.local/lib/python3.7/site-packages/airflow/example_dags/example_xcomargs.py
[2023-03-28T08:29:08.462+0000] {logging_mixin.py:137} INFO - [2023-03-28T08:29:08.461+0000] {dag.py:2693} INFO - Sync 2 DAGs
[2023-03-28T08:29:16.333+0000] {logging_mixin.py:137} INFO - [2023-03-28T08:29:16.332+0000] {dag.py:3444} INFO - Setting next_dagrun for example_xcom_args to None, run_after=None
[2023-03-28T08:29:16.655+0000] {logging_mixin.py:137} INFO - [2023-03-28T08:29:16.654+0000] {dag.py:3444} INFO - Setting next_dagrun for example_xcom_args_with_operators to None, run_after=None
[2023-03-28T08:29:19.531+0000] {processor.py:175} INFO - Processing /home/airflow/.local/lib/python3.7/site-packages/airflow/example_dags/example_xcomargs.py took 17.300 seconds
[2023-03-28T08:29:50.879+0000] {processor.py:153} INFO - Started process (PID=185) to work on /home/airflow/.local/lib/python3.7/site-packages/airflow/example_dags/example_xcomargs.py
[2023-03-28T08:29:50.884+0000] {processor.py:743} INFO - Processing file /home/airflow/.local/lib/python3.7/site-packages/airflow/example_dags/example_xcomargs.py for tasks to queue
[2023-03-28T08:29:50.885+0000] {logging_mixin.py:137} INFO - [2023-03-28T08:29:50.885+0000] {dagbag.py:532} INFO - Filling up the DagBag from /home/airflow/.local/lib/python3.7/site-packages/airflow/example_dags/example_xcomargs.py
[2023-03-28T08:29:50.937+0000] {processor.py:753} INFO - DAG(s) dict_keys(['example_xcom_args', 'example_xcom_args_with_operators']) retrieved from /home/airflow/.local/lib/python3.7/site-packages/airflow/example_dags/example_xcomargs.py
[2023-03-28T08:29:51.527+0000] {logging_mixin.py:137} INFO - [2023-03-28T08:29:51.527+0000] {dag.py:2693} INFO - Sync 2 DAGs
[2023-03-28T08:29:51.647+0000] {logging_mixin.py:137} INFO - [2023-03-28T08:29:51.647+0000] {dag.py:3444} INFO - Setting next_dagrun for example_xcom_args to None, run_after=None
[2023-03-28T08:29:51.664+0000] {logging_mixin.py:137} INFO - [2023-03-28T08:29:51.664+0000] {dag.py:3444} INFO - Setting next_dagrun for example_xcom_args_with_operators to None, run_after=None
[2023-03-28T08:29:52.097+0000] {processor.py:175} INFO - Processing /home/airflow/.local/lib/python3.7/site-packages/airflow/example_dags/example_xcomargs.py took 1.224 seconds
[2023-03-28T08:30:23.131+0000] {processor.py:153} INFO - Started process (PID=235) to work on /home/airflow/.local/lib/python3.7/site-packages/airflow/example_dags/example_xcomargs.py
[2023-03-28T08:30:23.142+0000] {processor.py:743} INFO - Processing file /home/airflow/.local/lib/python3.7/site-packages/airflow/example_dags/example_xcomargs.py for tasks to queue
[2023-03-28T08:30:23.157+0000] {logging_mixin.py:137} INFO - [2023-03-28T08:30:23.157+0000] {dagbag.py:532} INFO - Filling up the DagBag from /home/airflow/.local/lib/python3.7/site-packages/airflow/example_dags/example_xcomargs.py
[2023-03-28T08:30:23.192+0000] {processor.py:753} INFO - DAG(s) dict_keys(['example_xcom_args_with_operators', 'example_xcom_args']) retrieved from /home/airflow/.local/lib/python3.7/site-packages/airflow/example_dags/example_xcomargs.py
[2023-03-28T08:30:23.828+0000] {logging_mixin.py:137} INFO - [2023-03-28T08:30:23.828+0000] {dag.py:2693} INFO - Sync 2 DAGs
[2023-03-28T08:30:23.903+0000] {logging_mixin.py:137} INFO - [2023-03-28T08:30:23.903+0000] {dag.py:3444} INFO - Setting next_dagrun for example_xcom_args to None, run_after=None
[2023-03-28T08:30:23.915+0000] {logging_mixin.py:137} INFO - [2023-03-28T08:30:23.915+0000] {dag.py:3444} INFO - Setting next_dagrun for example_xcom_args_with_operators to None, run_after=None
[2023-03-28T08:30:24.369+0000] {processor.py:175} INFO - Processing /home/airflow/.local/lib/python3.7/site-packages/airflow/example_dags/example_xcomargs.py took 1.267 seconds
[2023-03-28T08:30:54.512+0000] {processor.py:153} INFO - Started process (PID=285) to work on /home/airflow/.local/lib/python3.7/site-packages/airflow/example_dags/example_xcomargs.py
[2023-03-28T08:30:54.514+0000] {processor.py:743} INFO - Processing file /home/airflow/.local/lib/python3.7/site-packages/airflow/example_dags/example_xcomargs.py for tasks to queue
[2023-03-28T08:30:54.515+0000] {logging_mixin.py:137} INFO - [2023-03-28T08:30:54.514+0000] {dagbag.py:532} INFO - Filling up the DagBag from /home/airflow/.local/lib/python3.7/site-packages/airflow/example_dags/example_xcomargs.py
[2023-03-28T08:30:54.550+0000] {processor.py:753} INFO - DAG(s) dict_keys(['example_xcom_args', 'example_xcom_args_with_operators']) retrieved from /home/airflow/.local/lib/python3.7/site-packages/airflow/example_dags/example_xcomargs.py
[2023-03-28T08:30:54.812+0000] {logging_mixin.py:137} INFO - [2023-03-28T08:30:54.812+0000] {dag.py:2693} INFO - Sync 2 DAGs
[2023-03-28T08:30:54.885+0000] {logging_mixin.py:137} INFO - [2023-03-28T08:30:54.884+0000] {dag.py:3444} INFO - Setting next_dagrun for example_xcom_args to None, run_after=None
[2023-03-28T08:30:54.898+0000] {logging_mixin.py:137} INFO - [2023-03-28T08:30:54.898+0000] {dag.py:3444} INFO - Setting next_dagrun for example_xcom_args_with_operators to None, run_after=None
[2023-03-28T08:30:55.094+0000] {processor.py:175} INFO - Processing /home/airflow/.local/lib/python3.7/site-packages/airflow/example_dags/example_xcomargs.py took 0.590 seconds
[2023-03-28T08:31:26.566+0000] {processor.py:153} INFO - Started process (PID=332) to work on /home/airflow/.local/lib/python3.7/site-packages/airflow/example_dags/example_xcomargs.py
[2023-03-28T08:31:26.571+0000] {processor.py:743} INFO - Processing file /home/airflow/.local/lib/python3.7/site-packages/airflow/example_dags/example_xcomargs.py for tasks to queue
[2023-03-28T08:31:26.572+0000] {logging_mixin.py:137} INFO - [2023-03-28T08:31:26.572+0000] {dagbag.py:532} INFO - Filling up the DagBag from /home/airflow/.local/lib/python3.7/site-packages/airflow/example_dags/example_xcomargs.py
[2023-03-28T08:31:26.646+0000] {processor.py:753} INFO - DAG(s) dict_keys(['example_xcom_args', 'example_xcom_args_with_operators']) retrieved from /home/airflow/.local/lib/python3.7/site-packages/airflow/example_dags/example_xcomargs.py
[2023-03-28T08:31:26.853+0000] {logging_mixin.py:137} INFO - [2023-03-28T08:31:26.853+0000] {dag.py:2693} INFO - Sync 2 DAGs
[2023-03-28T08:31:26.913+0000] {logging_mixin.py:137} INFO - [2023-03-28T08:31:26.913+0000] {dag.py:3444} INFO - Setting next_dagrun for example_xcom_args to None, run_after=None
[2023-03-28T08:31:26.925+0000] {logging_mixin.py:137} INFO - [2023-03-28T08:31:26.925+0000] {dag.py:3444} INFO - Setting next_dagrun for example_xcom_args_with_operators to None, run_after=None
[2023-03-28T08:31:27.114+0000] {processor.py:175} INFO - Processing /home/airflow/.local/lib/python3.7/site-packages/airflow/example_dags/example_xcomargs.py took 0.563 seconds
[2023-03-28T08:31:58.636+0000] {processor.py:153} INFO - Started process (PID=382) to work on /home/airflow/.local/lib/python3.7/site-packages/airflow/example_dags/example_xcomargs.py
[2023-03-28T08:31:58.638+0000] {processor.py:743} INFO - Processing file /home/airflow/.local/lib/python3.7/site-packages/airflow/example_dags/example_xcomargs.py for tasks to queue
[2023-03-28T08:31:58.639+0000] {logging_mixin.py:137} INFO - [2023-03-28T08:31:58.638+0000] {dagbag.py:532} INFO - Filling up the DagBag from /home/airflow/.local/lib/python3.7/site-packages/airflow/example_dags/example_xcomargs.py
[2023-03-28T08:31:58.669+0000] {processor.py:753} INFO - DAG(s) dict_keys(['example_xcom_args_with_operators', 'example_xcom_args']) retrieved from /home/airflow/.local/lib/python3.7/site-packages/airflow/example_dags/example_xcomargs.py
[2023-03-28T08:31:58.882+0000] {logging_mixin.py:137} INFO - [2023-03-28T08:31:58.882+0000] {dag.py:2693} INFO - Sync 2 DAGs
[2023-03-28T08:31:58.939+0000] {logging_mixin.py:137} INFO - [2023-03-28T08:31:58.939+0000] {dag.py:3444} INFO - Setting next_dagrun for example_xcom_args to None, run_after=None
[2023-03-28T08:31:58.952+0000] {logging_mixin.py:137} INFO - [2023-03-28T08:31:58.952+0000] {dag.py:3444} INFO - Setting next_dagrun for example_xcom_args_with_operators to None, run_after=None
[2023-03-28T08:31:59.139+0000] {processor.py:175} INFO - Processing /home/airflow/.local/lib/python3.7/site-packages/airflow/example_dags/example_xcomargs.py took 0.507 seconds
[2023-03-28T08:32:30.128+0000] {processor.py:153} INFO - Started process (PID=432) to work on /home/airflow/.local/lib/python3.7/site-packages/airflow/example_dags/example_xcomargs.py
[2023-03-28T08:32:30.129+0000] {processor.py:743} INFO - Processing file /home/airflow/.local/lib/python3.7/site-packages/airflow/example_dags/example_xcomargs.py for tasks to queue
[2023-03-28T08:32:30.130+0000] {logging_mixin.py:137} INFO - [2023-03-28T08:32:30.130+0000] {dagbag.py:532} INFO - Filling up the DagBag from /home/airflow/.local/lib/python3.7/site-packages/airflow/example_dags/example_xcomargs.py
[2023-03-28T08:32:30.163+0000] {processor.py:753} INFO - DAG(s) dict_keys(['example_xcom_args_with_operators', 'example_xcom_args']) retrieved from /home/airflow/.local/lib/python3.7/site-packages/airflow/example_dags/example_xcomargs.py
[2023-03-28T08:32:30.350+0000] {logging_mixin.py:137} INFO - [2023-03-28T08:32:30.350+0000] {dag.py:2693} INFO - Sync 2 DAGs
[2023-03-28T08:32:30.411+0000] {logging_mixin.py:137} INFO - [2023-03-28T08:32:30.411+0000] {dag.py:3444} INFO - Setting next_dagrun for example_xcom_args to None, run_after=None
[2023-03-28T08:32:30.423+0000] {logging_mixin.py:137} INFO - [2023-03-28T08:32:30.423+0000] {dag.py:3444} INFO - Setting next_dagrun for example_xcom_args_with_operators to None, run_after=None
[2023-03-28T08:32:30.597+0000] {processor.py:175} INFO - Processing /home/airflow/.local/lib/python3.7/site-packages/airflow/example_dags/example_xcomargs.py took 0.474 seconds
[2023-03-28T08:33:08.087+0000] {processor.py:153} INFO - Started process (PID=479) to work on /home/airflow/.local/lib/python3.7/site-packages/airflow/example_dags/example_xcomargs.py
[2023-03-28T08:33:08.091+0000] {processor.py:743} INFO - Processing file /home/airflow/.local/lib/python3.7/site-packages/airflow/example_dags/example_xcomargs.py for tasks to queue
[2023-03-28T08:33:08.092+0000] {logging_mixin.py:137} INFO - [2023-03-28T08:33:08.092+0000] {dagbag.py:532} INFO - Filling up the DagBag from /home/airflow/.local/lib/python3.7/site-packages/airflow/example_dags/example_xcomargs.py
[2023-03-28T08:33:08.159+0000] {processor.py:753} INFO - DAG(s) dict_keys(['example_xcom_args', 'example_xcom_args_with_operators']) retrieved from /home/airflow/.local/lib/python3.7/site-packages/airflow/example_dags/example_xcomargs.py
[2023-03-28T08:33:08.393+0000] {logging_mixin.py:137} INFO - [2023-03-28T08:33:08.393+0000] {dag.py:2693} INFO - Sync 2 DAGs
[2023-03-28T08:33:08.454+0000] {logging_mixin.py:137} INFO - [2023-03-28T08:33:08.454+0000] {dag.py:3444} INFO - Setting next_dagrun for example_xcom_args to None, run_after=None
[2023-03-28T08:33:08.471+0000] {logging_mixin.py:137} INFO - [2023-03-28T08:33:08.471+0000] {dag.py:3444} INFO - Setting next_dagrun for example_xcom_args_with_operators to None, run_after=None
[2023-03-28T08:33:08.652+0000] {processor.py:175} INFO - Processing /home/airflow/.local/lib/python3.7/site-packages/airflow/example_dags/example_xcomargs.py took 0.571 seconds
[2023-03-28T08:33:40.172+0000] {processor.py:153} INFO - Started process (PID=534) to work on /home/airflow/.local/lib/python3.7/site-packages/airflow/example_dags/example_xcomargs.py
[2023-03-28T08:33:40.173+0000] {processor.py:743} INFO - Processing file /home/airflow/.local/lib/python3.7/site-packages/airflow/example_dags/example_xcomargs.py for tasks to queue
[2023-03-28T08:33:40.174+0000] {logging_mixin.py:137} INFO - [2023-03-28T08:33:40.174+0000] {dagbag.py:532} INFO - Filling up the DagBag from /home/airflow/.local/lib/python3.7/site-packages/airflow/example_dags/example_xcomargs.py
[2023-03-28T08:33:40.207+0000] {processor.py:753} INFO - DAG(s) dict_keys(['example_xcom_args', 'example_xcom_args_with_operators']) retrieved from /home/airflow/.local/lib/python3.7/site-packages/airflow/example_dags/example_xcomargs.py
[2023-03-28T08:33:40.404+0000] {logging_mixin.py:137} INFO - [2023-03-28T08:33:40.403+0000] {dag.py:2693} INFO - Sync 2 DAGs
[2023-03-28T08:33:40.464+0000] {logging_mixin.py:137} INFO - [2023-03-28T08:33:40.464+0000] {dag.py:3444} INFO - Setting next_dagrun for example_xcom_args to None, run_after=None
[2023-03-28T08:33:40.475+0000] {logging_mixin.py:137} INFO - [2023-03-28T08:33:40.475+0000] {dag.py:3444} INFO - Setting next_dagrun for example_xcom_args_with_operators to None, run_after=None
[2023-03-28T08:33:40.642+0000] {processor.py:175} INFO - Processing /home/airflow/.local/lib/python3.7/site-packages/airflow/example_dags/example_xcomargs.py took 0.475 seconds
[2023-03-28T08:34:22.859+0000] {processor.py:153} INFO - Started process (PID=584) to work on /home/airflow/.local/lib/python3.7/site-packages/airflow/example_dags/example_xcomargs.py
[2023-03-28T08:34:22.860+0000] {processor.py:743} INFO - Processing file /home/airflow/.local/lib/python3.7/site-packages/airflow/example_dags/example_xcomargs.py for tasks to queue
[2023-03-28T08:34:22.861+0000] {logging_mixin.py:137} INFO - [2023-03-28T08:34:22.861+0000] {dagbag.py:532} INFO - Filling up the DagBag from /home/airflow/.local/lib/python3.7/site-packages/airflow/example_dags/example_xcomargs.py
[2023-03-28T08:34:22.903+0000] {processor.py:753} INFO - DAG(s) dict_keys(['example_xcom_args', 'example_xcom_args_with_operators']) retrieved from /home/airflow/.local/lib/python3.7/site-packages/airflow/example_dags/example_xcomargs.py
[2023-03-28T08:34:23.104+0000] {logging_mixin.py:137} INFO - [2023-03-28T08:34:23.104+0000] {dag.py:2693} INFO - Sync 2 DAGs
[2023-03-28T08:34:23.157+0000] {logging_mixin.py:137} INFO - [2023-03-28T08:34:23.157+0000] {dag.py:3444} INFO - Setting next_dagrun for example_xcom_args to None, run_after=None
[2023-03-28T08:34:23.169+0000] {logging_mixin.py:137} INFO - [2023-03-28T08:34:23.169+0000] {dag.py:3444} INFO - Setting next_dagrun for example_xcom_args_with_operators to None, run_after=None
[2023-03-28T08:34:23.543+0000] {processor.py:175} INFO - Processing /home/airflow/.local/lib/python3.7/site-packages/airflow/example_dags/example_xcomargs.py took 0.689 seconds
[2023-03-28T08:34:55.340+0000] {processor.py:153} INFO - Started process (PID=634) to work on /home/airflow/.local/lib/python3.7/site-packages/airflow/example_dags/example_xcomargs.py
[2023-03-28T08:34:55.342+0000] {processor.py:743} INFO - Processing file /home/airflow/.local/lib/python3.7/site-packages/airflow/example_dags/example_xcomargs.py for tasks to queue
[2023-03-28T08:34:55.342+0000] {logging_mixin.py:137} INFO - [2023-03-28T08:34:55.342+0000] {dagbag.py:532} INFO - Filling up the DagBag from /home/airflow/.local/lib/python3.7/site-packages/airflow/example_dags/example_xcomargs.py
[2023-03-28T08:34:55.378+0000] {processor.py:753} INFO - DAG(s) dict_keys(['example_xcom_args', 'example_xcom_args_with_operators']) retrieved from /home/airflow/.local/lib/python3.7/site-packages/airflow/example_dags/example_xcomargs.py
[2023-03-28T08:34:55.575+0000] {logging_mixin.py:137} INFO - [2023-03-28T08:34:55.575+0000] {dag.py:2693} INFO - Sync 2 DAGs
[2023-03-28T08:34:55.626+0000] {logging_mixin.py:137} INFO - [2023-03-28T08:34:55.626+0000] {dag.py:3444} INFO - Setting next_dagrun for example_xcom_args to None, run_after=None
[2023-03-28T08:34:55.638+0000] {logging_mixin.py:137} INFO - [2023-03-28T08:34:55.638+0000] {dag.py:3444} INFO - Setting next_dagrun for example_xcom_args_with_operators to None, run_after=None
[2023-03-28T08:34:55.802+0000] {processor.py:175} INFO - Processing /home/airflow/.local/lib/python3.7/site-packages/airflow/example_dags/example_xcomargs.py took 0.466 seconds
[2023-03-28T08:35:26.101+0000] {processor.py:153} INFO - Started process (PID=683) to work on /home/airflow/.local/lib/python3.7/site-packages/airflow/example_dags/example_xcomargs.py
[2023-03-28T08:35:26.103+0000] {processor.py:743} INFO - Processing file /home/airflow/.local/lib/python3.7/site-packages/airflow/example_dags/example_xcomargs.py for tasks to queue
[2023-03-28T08:35:26.104+0000] {logging_mixin.py:137} INFO - [2023-03-28T08:35:26.104+0000] {dagbag.py:532} INFO - Filling up the DagBag from /home/airflow/.local/lib/python3.7/site-packages/airflow/example_dags/example_xcomargs.py
[2023-03-28T08:35:26.137+0000] {processor.py:753} INFO - DAG(s) dict_keys(['example_xcom_args', 'example_xcom_args_with_operators']) retrieved from /home/airflow/.local/lib/python3.7/site-packages/airflow/example_dags/example_xcomargs.py
[2023-03-28T08:35:26.363+0000] {logging_mixin.py:137} INFO - [2023-03-28T08:35:26.363+0000] {dag.py:2693} INFO - Sync 2 DAGs
[2023-03-28T08:35:26.436+0000] {logging_mixin.py:137} INFO - [2023-03-28T08:35:26.436+0000] {dag.py:3444} INFO - Setting next_dagrun for example_xcom_args to None, run_after=None
[2023-03-28T08:35:26.453+0000] {logging_mixin.py:137} INFO - [2023-03-28T08:35:26.453+0000] {dag.py:3444} INFO - Setting next_dagrun for example_xcom_args_with_operators to None, run_after=None
[2023-03-28T08:35:26.645+0000] {processor.py:175} INFO - Processing /home/airflow/.local/lib/python3.7/site-packages/airflow/example_dags/example_xcomargs.py took 0.549 seconds
[2023-03-28T08:35:56.923+0000] {processor.py:153} INFO - Started process (PID=732) to work on /home/airflow/.local/lib/python3.7/site-packages/airflow/example_dags/example_xcomargs.py
[2023-03-28T08:35:56.924+0000] {processor.py:743} INFO - Processing file /home/airflow/.local/lib/python3.7/site-packages/airflow/example_dags/example_xcomargs.py for tasks to queue
[2023-03-28T08:35:56.925+0000] {logging_mixin.py:137} INFO - [2023-03-28T08:35:56.925+0000] {dagbag.py:532} INFO - Filling up the DagBag from /home/airflow/.local/lib/python3.7/site-packages/airflow/example_dags/example_xcomargs.py
[2023-03-28T08:35:56.957+0000] {processor.py:753} INFO - DAG(s) dict_keys(['example_xcom_args_with_operators', 'example_xcom_args']) retrieved from /home/airflow/.local/lib/python3.7/site-packages/airflow/example_dags/example_xcomargs.py
[2023-03-28T08:35:57.152+0000] {logging_mixin.py:137} INFO - [2023-03-28T08:35:57.152+0000] {dag.py:2693} INFO - Sync 2 DAGs
[2023-03-28T08:35:57.207+0000] {logging_mixin.py:137} INFO - [2023-03-28T08:35:57.207+0000] {dag.py:3444} INFO - Setting next_dagrun for example_xcom_args to None, run_after=None
[2023-03-28T08:35:57.218+0000] {logging_mixin.py:137} INFO - [2023-03-28T08:35:57.218+0000] {dag.py:3444} INFO - Setting next_dagrun for example_xcom_args_with_operators to None, run_after=None
[2023-03-28T08:35:57.392+0000] {processor.py:175} INFO - Processing /home/airflow/.local/lib/python3.7/site-packages/airflow/example_dags/example_xcomargs.py took 0.473 seconds
[2023-03-28T08:36:34.936+0000] {processor.py:153} INFO - Started process (PID=781) to work on /home/airflow/.local/lib/python3.7/site-packages/airflow/example_dags/example_xcomargs.py
[2023-03-28T08:36:34.937+0000] {processor.py:743} INFO - Processing file /home/airflow/.local/lib/python3.7/site-packages/airflow/example_dags/example_xcomargs.py for tasks to queue
[2023-03-28T08:36:34.938+0000] {logging_mixin.py:137} INFO - [2023-03-28T08:36:34.938+0000] {dagbag.py:532} INFO - Filling up the DagBag from /home/airflow/.local/lib/python3.7/site-packages/airflow/example_dags/example_xcomargs.py
[2023-03-28T08:36:34.973+0000] {processor.py:753} INFO - DAG(s) dict_keys(['example_xcom_args_with_operators', 'example_xcom_args']) retrieved from /home/airflow/.local/lib/python3.7/site-packages/airflow/example_dags/example_xcomargs.py
[2023-03-28T08:36:35.177+0000] {logging_mixin.py:137} INFO - [2023-03-28T08:36:35.177+0000] {dag.py:2693} INFO - Sync 2 DAGs
[2023-03-28T08:36:35.237+0000] {logging_mixin.py:137} INFO - [2023-03-28T08:36:35.237+0000] {dag.py:3444} INFO - Setting next_dagrun for example_xcom_args to None, run_after=None
[2023-03-28T08:36:35.249+0000] {logging_mixin.py:137} INFO - [2023-03-28T08:36:35.249+0000] {dag.py:3444} INFO - Setting next_dagrun for example_xcom_args_with_operators to None, run_after=None
[2023-03-28T08:36:35.440+0000] {processor.py:175} INFO - Processing /home/airflow/.local/lib/python3.7/site-packages/airflow/example_dags/example_xcomargs.py took 0.509 seconds
[2023-03-28T08:37:07.548+0000] {processor.py:153} INFO - Started process (PID=830) to work on /home/airflow/.local/lib/python3.7/site-packages/airflow/example_dags/example_xcomargs.py
[2023-03-28T08:37:07.549+0000] {processor.py:743} INFO - Processing file /home/airflow/.local/lib/python3.7/site-packages/airflow/example_dags/example_xcomargs.py for tasks to queue
[2023-03-28T08:37:07.550+0000] {logging_mixin.py:137} INFO - [2023-03-28T08:37:07.549+0000] {dagbag.py:532} INFO - Filling up the DagBag from /home/airflow/.local/lib/python3.7/site-packages/airflow/example_dags/example_xcomargs.py
[2023-03-28T08:37:07.588+0000] {processor.py:753} INFO - DAG(s) dict_keys(['example_xcom_args_with_operators', 'example_xcom_args']) retrieved from /home/airflow/.local/lib/python3.7/site-packages/airflow/example_dags/example_xcomargs.py
[2023-03-28T08:37:08.167+0000] {logging_mixin.py:137} INFO - [2023-03-28T08:37:08.167+0000] {dag.py:2693} INFO - Sync 2 DAGs
[2023-03-28T08:37:08.234+0000] {logging_mixin.py:137} INFO - [2023-03-28T08:37:08.234+0000] {dag.py:3444} INFO - Setting next_dagrun for example_xcom_args to None, run_after=None
[2023-03-28T08:37:08.251+0000] {logging_mixin.py:137} INFO - [2023-03-28T08:37:08.250+0000] {dag.py:3444} INFO - Setting next_dagrun for example_xcom_args_with_operators to None, run_after=None
[2023-03-28T08:37:08.437+0000] {processor.py:175} INFO - Processing /home/airflow/.local/lib/python3.7/site-packages/airflow/example_dags/example_xcomargs.py took 0.893 seconds
[2023-03-28T08:37:38.537+0000] {processor.py:153} INFO - Started process (PID=879) to work on /home/airflow/.local/lib/python3.7/site-packages/airflow/example_dags/example_xcomargs.py
[2023-03-28T08:37:38.539+0000] {processor.py:743} INFO - Processing file /home/airflow/.local/lib/python3.7/site-packages/airflow/example_dags/example_xcomargs.py for tasks to queue
[2023-03-28T08:37:38.544+0000] {logging_mixin.py:137} INFO - [2023-03-28T08:37:38.541+0000] {dagbag.py:532} INFO - Filling up the DagBag from /home/airflow/.local/lib/python3.7/site-packages/airflow/example_dags/example_xcomargs.py
[2023-03-28T08:37:38.580+0000] {processor.py:753} INFO - DAG(s) dict_keys(['example_xcom_args', 'example_xcom_args_with_operators']) retrieved from /home/airflow/.local/lib/python3.7/site-packages/airflow/example_dags/example_xcomargs.py
[2023-03-28T08:37:38.796+0000] {logging_mixin.py:137} INFO - [2023-03-28T08:37:38.796+0000] {dag.py:2693} INFO - Sync 2 DAGs
[2023-03-28T08:37:38.853+0000] {logging_mixin.py:137} INFO - [2023-03-28T08:37:38.853+0000] {dag.py:3444} INFO - Setting next_dagrun for example_xcom_args to None, run_after=None
[2023-03-28T08:37:38.866+0000] {logging_mixin.py:137} INFO - [2023-03-28T08:37:38.866+0000] {dag.py:3444} INFO - Setting next_dagrun for example_xcom_args_with_operators to None, run_after=None
[2023-03-28T08:37:39.058+0000] {processor.py:175} INFO - Processing /home/airflow/.local/lib/python3.7/site-packages/airflow/example_dags/example_xcomargs.py took 0.525 seconds
[2023-03-28T08:38:09.426+0000] {processor.py:153} INFO - Started process (PID=928) to work on /home/airflow/.local/lib/python3.7/site-packages/airflow/example_dags/example_xcomargs.py
[2023-03-28T08:38:09.427+0000] {processor.py:743} INFO - Processing file /home/airflow/.local/lib/python3.7/site-packages/airflow/example_dags/example_xcomargs.py for tasks to queue
[2023-03-28T08:38:09.428+0000] {logging_mixin.py:137} INFO - [2023-03-28T08:38:09.428+0000] {dagbag.py:532} INFO - Filling up the DagBag from /home/airflow/.local/lib/python3.7/site-packages/airflow/example_dags/example_xcomargs.py
[2023-03-28T08:38:09.458+0000] {processor.py:753} INFO - DAG(s) dict_keys(['example_xcom_args', 'example_xcom_args_with_operators']) retrieved from /home/airflow/.local/lib/python3.7/site-packages/airflow/example_dags/example_xcomargs.py
[2023-03-28T08:38:09.616+0000] {logging_mixin.py:137} INFO - [2023-03-28T08:38:09.616+0000] {dag.py:2693} INFO - Sync 2 DAGs
[2023-03-28T08:38:09.675+0000] {logging_mixin.py:137} INFO - [2023-03-28T08:38:09.674+0000] {dag.py:3444} INFO - Setting next_dagrun for example_xcom_args to None, run_after=None
[2023-03-28T08:38:09.687+0000] {logging_mixin.py:137} INFO - [2023-03-28T08:38:09.687+0000] {dag.py:3444} INFO - Setting next_dagrun for example_xcom_args_with_operators to None, run_after=None
[2023-03-28T08:38:09.867+0000] {processor.py:175} INFO - Processing /home/airflow/.local/lib/python3.7/site-packages/airflow/example_dags/example_xcomargs.py took 0.444 seconds
[2023-03-28T08:38:48.636+0000] {processor.py:153} INFO - Started process (PID=987) to work on /home/airflow/.local/lib/python3.7/site-packages/airflow/example_dags/example_xcomargs.py
[2023-03-28T08:38:48.638+0000] {processor.py:743} INFO - Processing file /home/airflow/.local/lib/python3.7/site-packages/airflow/example_dags/example_xcomargs.py for tasks to queue
[2023-03-28T08:38:48.639+0000] {logging_mixin.py:137} INFO - [2023-03-28T08:38:48.638+0000] {dagbag.py:532} INFO - Filling up the DagBag from /home/airflow/.local/lib/python3.7/site-packages/airflow/example_dags/example_xcomargs.py
[2023-03-28T08:38:48.671+0000] {processor.py:753} INFO - DAG(s) dict_keys(['example_xcom_args', 'example_xcom_args_with_operators']) retrieved from /home/airflow/.local/lib/python3.7/site-packages/airflow/example_dags/example_xcomargs.py
[2023-03-28T08:38:48.881+0000] {logging_mixin.py:137} INFO - [2023-03-28T08:38:48.881+0000] {dag.py:2693} INFO - Sync 2 DAGs
[2023-03-28T08:38:48.934+0000] {logging_mixin.py:137} INFO - [2023-03-28T08:38:48.934+0000] {dag.py:3444} INFO - Setting next_dagrun for example_xcom_args to None, run_after=None
[2023-03-28T08:38:48.945+0000] {logging_mixin.py:137} INFO - [2023-03-28T08:38:48.945+0000] {dag.py:3444} INFO - Setting next_dagrun for example_xcom_args_with_operators to None, run_after=None
[2023-03-28T08:38:49.125+0000] {processor.py:175} INFO - Processing /home/airflow/.local/lib/python3.7/site-packages/airflow/example_dags/example_xcomargs.py took 0.493 seconds
[2023-03-28T08:39:19.795+0000] {processor.py:153} INFO - Started process (PID=1037) to work on /home/airflow/.local/lib/python3.7/site-packages/airflow/example_dags/example_xcomargs.py
[2023-03-28T08:39:19.796+0000] {processor.py:743} INFO - Processing file /home/airflow/.local/lib/python3.7/site-packages/airflow/example_dags/example_xcomargs.py for tasks to queue
[2023-03-28T08:39:19.797+0000] {logging_mixin.py:137} INFO - [2023-03-28T08:39:19.797+0000] {dagbag.py:532} INFO - Filling up the DagBag from /home/airflow/.local/lib/python3.7/site-packages/airflow/example_dags/example_xcomargs.py
[2023-03-28T08:39:19.831+0000] {processor.py:753} INFO - DAG(s) dict_keys(['example_xcom_args_with_operators', 'example_xcom_args']) retrieved from /home/airflow/.local/lib/python3.7/site-packages/airflow/example_dags/example_xcomargs.py
[2023-03-28T08:39:20.042+0000] {logging_mixin.py:137} INFO - [2023-03-28T08:39:20.041+0000] {dag.py:2693} INFO - Sync 2 DAGs
[2023-03-28T08:39:20.096+0000] {logging_mixin.py:137} INFO - [2023-03-28T08:39:20.095+0000] {dag.py:3444} INFO - Setting next_dagrun for example_xcom_args to None, run_after=None
[2023-03-28T08:39:20.108+0000] {logging_mixin.py:137} INFO - [2023-03-28T08:39:20.108+0000] {dag.py:3444} INFO - Setting next_dagrun for example_xcom_args_with_operators to None, run_after=None
[2023-03-28T08:39:20.286+0000] {processor.py:175} INFO - Processing /home/airflow/.local/lib/python3.7/site-packages/airflow/example_dags/example_xcomargs.py took 0.495 seconds
[2023-03-28T08:39:50.699+0000] {processor.py:153} INFO - Started process (PID=1086) to work on /home/airflow/.local/lib/python3.7/site-packages/airflow/example_dags/example_xcomargs.py
[2023-03-28T08:39:50.703+0000] {processor.py:743} INFO - Processing file /home/airflow/.local/lib/python3.7/site-packages/airflow/example_dags/example_xcomargs.py for tasks to queue
[2023-03-28T08:39:50.705+0000] {logging_mixin.py:137} INFO - [2023-03-28T08:39:50.705+0000] {dagbag.py:532} INFO - Filling up the DagBag from /home/airflow/.local/lib/python3.7/site-packages/airflow/example_dags/example_xcomargs.py
[2023-03-28T08:39:50.744+0000] {processor.py:753} INFO - DAG(s) dict_keys(['example_xcom_args', 'example_xcom_args_with_operators']) retrieved from /home/airflow/.local/lib/python3.7/site-packages/airflow/example_dags/example_xcomargs.py
[2023-03-28T08:39:50.934+0000] {logging_mixin.py:137} INFO - [2023-03-28T08:39:50.933+0000] {dag.py:2693} INFO - Sync 2 DAGs
[2023-03-28T08:39:50.991+0000] {logging_mixin.py:137} INFO - [2023-03-28T08:39:50.991+0000] {dag.py:3444} INFO - Setting next_dagrun for example_xcom_args to None, run_after=None
[2023-03-28T08:39:51.004+0000] {logging_mixin.py:137} INFO - [2023-03-28T08:39:51.004+0000] {dag.py:3444} INFO - Setting next_dagrun for example_xcom_args_with_operators to None, run_after=None
[2023-03-28T08:39:51.197+0000] {processor.py:175} INFO - Processing /home/airflow/.local/lib/python3.7/site-packages/airflow/example_dags/example_xcomargs.py took 0.501 seconds
[2023-03-28T08:40:21.930+0000] {processor.py:153} INFO - Started process (PID=1136) to work on /home/airflow/.local/lib/python3.7/site-packages/airflow/example_dags/example_xcomargs.py
[2023-03-28T08:40:21.932+0000] {processor.py:743} INFO - Processing file /home/airflow/.local/lib/python3.7/site-packages/airflow/example_dags/example_xcomargs.py for tasks to queue
[2023-03-28T08:40:21.933+0000] {logging_mixin.py:137} INFO - [2023-03-28T08:40:21.933+0000] {dagbag.py:532} INFO - Filling up the DagBag from /home/airflow/.local/lib/python3.7/site-packages/airflow/example_dags/example_xcomargs.py
[2023-03-28T08:40:21.961+0000] {processor.py:753} INFO - DAG(s) dict_keys(['example_xcom_args', 'example_xcom_args_with_operators']) retrieved from /home/airflow/.local/lib/python3.7/site-packages/airflow/example_dags/example_xcomargs.py
[2023-03-28T08:40:22.172+0000] {logging_mixin.py:137} INFO - [2023-03-28T08:40:22.172+0000] {dag.py:2693} INFO - Sync 2 DAGs
[2023-03-28T08:40:22.227+0000] {logging_mixin.py:137} INFO - [2023-03-28T08:40:22.227+0000] {dag.py:3444} INFO - Setting next_dagrun for example_xcom_args to None, run_after=None
[2023-03-28T08:40:22.239+0000] {logging_mixin.py:137} INFO - [2023-03-28T08:40:22.239+0000] {dag.py:3444} INFO - Setting next_dagrun for example_xcom_args_with_operators to None, run_after=None
[2023-03-28T08:40:22.416+0000] {processor.py:175} INFO - Processing /home/airflow/.local/lib/python3.7/site-packages/airflow/example_dags/example_xcomargs.py took 0.489 seconds
[2023-03-28T08:40:52.827+0000] {processor.py:153} INFO - Started process (PID=1186) to work on /home/airflow/.local/lib/python3.7/site-packages/airflow/example_dags/example_xcomargs.py
[2023-03-28T08:40:52.829+0000] {processor.py:743} INFO - Processing file /home/airflow/.local/lib/python3.7/site-packages/airflow/example_dags/example_xcomargs.py for tasks to queue
[2023-03-28T08:40:52.830+0000] {logging_mixin.py:137} INFO - [2023-03-28T08:40:52.829+0000] {dagbag.py:532} INFO - Filling up the DagBag from /home/airflow/.local/lib/python3.7/site-packages/airflow/example_dags/example_xcomargs.py
[2023-03-28T08:40:52.898+0000] {processor.py:753} INFO - DAG(s) dict_keys(['example_xcom_args', 'example_xcom_args_with_operators']) retrieved from /home/airflow/.local/lib/python3.7/site-packages/airflow/example_dags/example_xcomargs.py
[2023-03-28T08:40:53.097+0000] {logging_mixin.py:137} INFO - [2023-03-28T08:40:53.097+0000] {dag.py:2693} INFO - Sync 2 DAGs
[2023-03-28T08:40:53.151+0000] {logging_mixin.py:137} INFO - [2023-03-28T08:40:53.151+0000] {dag.py:3444} INFO - Setting next_dagrun for example_xcom_args to None, run_after=None
[2023-03-28T08:40:53.164+0000] {logging_mixin.py:137} INFO - [2023-03-28T08:40:53.163+0000] {dag.py:3444} INFO - Setting next_dagrun for example_xcom_args_with_operators to None, run_after=None
[2023-03-28T08:40:53.359+0000] {processor.py:175} INFO - Processing /home/airflow/.local/lib/python3.7/site-packages/airflow/example_dags/example_xcomargs.py took 0.536 seconds
[2023-03-28T08:41:24.397+0000] {processor.py:153} INFO - Started process (PID=1236) to work on /home/airflow/.local/lib/python3.7/site-packages/airflow/example_dags/example_xcomargs.py
[2023-03-28T08:41:24.398+0000] {processor.py:743} INFO - Processing file /home/airflow/.local/lib/python3.7/site-packages/airflow/example_dags/example_xcomargs.py for tasks to queue
[2023-03-28T08:41:24.399+0000] {logging_mixin.py:137} INFO - [2023-03-28T08:41:24.399+0000] {dagbag.py:532} INFO - Filling up the DagBag from /home/airflow/.local/lib/python3.7/site-packages/airflow/example_dags/example_xcomargs.py
[2023-03-28T08:41:24.432+0000] {processor.py:753} INFO - DAG(s) dict_keys(['example_xcom_args_with_operators', 'example_xcom_args']) retrieved from /home/airflow/.local/lib/python3.7/site-packages/airflow/example_dags/example_xcomargs.py
[2023-03-28T08:41:24.619+0000] {logging_mixin.py:137} INFO - [2023-03-28T08:41:24.619+0000] {dag.py:2693} INFO - Sync 2 DAGs
[2023-03-28T08:41:24.678+0000] {logging_mixin.py:137} INFO - [2023-03-28T08:41:24.678+0000] {dag.py:3444} INFO - Setting next_dagrun for example_xcom_args to None, run_after=None
[2023-03-28T08:41:24.692+0000] {logging_mixin.py:137} INFO - [2023-03-28T08:41:24.692+0000] {dag.py:3444} INFO - Setting next_dagrun for example_xcom_args_with_operators to None, run_after=None
[2023-03-28T08:41:24.870+0000] {processor.py:175} INFO - Processing /home/airflow/.local/lib/python3.7/site-packages/airflow/example_dags/example_xcomargs.py took 0.476 seconds
[2023-03-28T08:41:56.683+0000] {processor.py:153} INFO - Started process (PID=1289) to work on /home/airflow/.local/lib/python3.7/site-packages/airflow/example_dags/example_xcomargs.py
[2023-03-28T08:41:56.684+0000] {processor.py:743} INFO - Processing file /home/airflow/.local/lib/python3.7/site-packages/airflow/example_dags/example_xcomargs.py for tasks to queue
[2023-03-28T08:41:56.685+0000] {logging_mixin.py:137} INFO - [2023-03-28T08:41:56.685+0000] {dagbag.py:532} INFO - Filling up the DagBag from /home/airflow/.local/lib/python3.7/site-packages/airflow/example_dags/example_xcomargs.py
[2023-03-28T08:41:56.719+0000] {processor.py:753} INFO - DAG(s) dict_keys(['example_xcom_args_with_operators', 'example_xcom_args']) retrieved from /home/airflow/.local/lib/python3.7/site-packages/airflow/example_dags/example_xcomargs.py
[2023-03-28T08:41:56.906+0000] {logging_mixin.py:137} INFO - [2023-03-28T08:41:56.906+0000] {dag.py:2693} INFO - Sync 2 DAGs
[2023-03-28T08:41:56.964+0000] {logging_mixin.py:137} INFO - [2023-03-28T08:41:56.964+0000] {dag.py:3444} INFO - Setting next_dagrun for example_xcom_args to None, run_after=None
[2023-03-28T08:41:56.976+0000] {logging_mixin.py:137} INFO - [2023-03-28T08:41:56.976+0000] {dag.py:3444} INFO - Setting next_dagrun for example_xcom_args_with_operators to None, run_after=None
[2023-03-28T08:41:57.149+0000] {processor.py:175} INFO - Processing /home/airflow/.local/lib/python3.7/site-packages/airflow/example_dags/example_xcomargs.py took 0.471 seconds
[2023-03-28T08:42:27.920+0000] {processor.py:153} INFO - Started process (PID=1338) to work on /home/airflow/.local/lib/python3.7/site-packages/airflow/example_dags/example_xcomargs.py
[2023-03-28T08:42:27.921+0000] {processor.py:743} INFO - Processing file /home/airflow/.local/lib/python3.7/site-packages/airflow/example_dags/example_xcomargs.py for tasks to queue
[2023-03-28T08:42:27.922+0000] {logging_mixin.py:137} INFO - [2023-03-28T08:42:27.921+0000] {dagbag.py:532} INFO - Filling up the DagBag from /home/airflow/.local/lib/python3.7/site-packages/airflow/example_dags/example_xcomargs.py
[2023-03-28T08:42:27.948+0000] {processor.py:753} INFO - DAG(s) dict_keys(['example_xcom_args', 'example_xcom_args_with_operators']) retrieved from /home/airflow/.local/lib/python3.7/site-packages/airflow/example_dags/example_xcomargs.py
[2023-03-28T08:42:28.155+0000] {logging_mixin.py:137} INFO - [2023-03-28T08:42:28.155+0000] {dag.py:2693} INFO - Sync 2 DAGs
[2023-03-28T08:42:28.214+0000] {logging_mixin.py:137} INFO - [2023-03-28T08:42:28.213+0000] {dag.py:3444} INFO - Setting next_dagrun for example_xcom_args to None, run_after=None
[2023-03-28T08:42:28.226+0000] {logging_mixin.py:137} INFO - [2023-03-28T08:42:28.226+0000] {dag.py:3444} INFO - Setting next_dagrun for example_xcom_args_with_operators to None, run_after=None
[2023-03-28T08:42:28.403+0000] {processor.py:175} INFO - Processing /home/airflow/.local/lib/python3.7/site-packages/airflow/example_dags/example_xcomargs.py took 0.486 seconds
[2023-03-28T08:42:59.152+0000] {processor.py:153} INFO - Started process (PID=1387) to work on /home/airflow/.local/lib/python3.7/site-packages/airflow/example_dags/example_xcomargs.py
[2023-03-28T08:42:59.153+0000] {processor.py:743} INFO - Processing file /home/airflow/.local/lib/python3.7/site-packages/airflow/example_dags/example_xcomargs.py for tasks to queue
[2023-03-28T08:42:59.154+0000] {logging_mixin.py:137} INFO - [2023-03-28T08:42:59.154+0000] {dagbag.py:532} INFO - Filling up the DagBag from /home/airflow/.local/lib/python3.7/site-packages/airflow/example_dags/example_xcomargs.py
[2023-03-28T08:42:59.182+0000] {processor.py:753} INFO - DAG(s) dict_keys(['example_xcom_args_with_operators', 'example_xcom_args']) retrieved from /home/airflow/.local/lib/python3.7/site-packages/airflow/example_dags/example_xcomargs.py
[2023-03-28T08:42:59.401+0000] {logging_mixin.py:137} INFO - [2023-03-28T08:42:59.401+0000] {dag.py:2693} INFO - Sync 2 DAGs
[2023-03-28T08:42:59.468+0000] {logging_mixin.py:137} INFO - [2023-03-28T08:42:59.467+0000] {dag.py:3444} INFO - Setting next_dagrun for example_xcom_args to None, run_after=None
[2023-03-28T08:42:59.483+0000] {logging_mixin.py:137} INFO - [2023-03-28T08:42:59.483+0000] {dag.py:3444} INFO - Setting next_dagrun for example_xcom_args_with_operators to None, run_after=None
[2023-03-28T08:42:59.674+0000] {processor.py:175} INFO - Processing /home/airflow/.local/lib/python3.7/site-packages/airflow/example_dags/example_xcomargs.py took 0.525 seconds
[2023-03-28T08:43:30.012+0000] {processor.py:153} INFO - Started process (PID=1437) to work on /home/airflow/.local/lib/python3.7/site-packages/airflow/example_dags/example_xcomargs.py
[2023-03-28T08:43:30.014+0000] {processor.py:743} INFO - Processing file /home/airflow/.local/lib/python3.7/site-packages/airflow/example_dags/example_xcomargs.py for tasks to queue
[2023-03-28T08:43:30.015+0000] {logging_mixin.py:137} INFO - [2023-03-28T08:43:30.014+0000] {dagbag.py:532} INFO - Filling up the DagBag from /home/airflow/.local/lib/python3.7/site-packages/airflow/example_dags/example_xcomargs.py
[2023-03-28T08:43:30.048+0000] {processor.py:753} INFO - DAG(s) dict_keys(['example_xcom_args_with_operators', 'example_xcom_args']) retrieved from /home/airflow/.local/lib/python3.7/site-packages/airflow/example_dags/example_xcomargs.py
[2023-03-28T08:43:30.235+0000] {logging_mixin.py:137} INFO - [2023-03-28T08:43:30.235+0000] {dag.py:2693} INFO - Sync 2 DAGs
[2023-03-28T08:43:30.288+0000] {logging_mixin.py:137} INFO - [2023-03-28T08:43:30.288+0000] {dag.py:3444} INFO - Setting next_dagrun for example_xcom_args to None, run_after=None
[2023-03-28T08:43:30.300+0000] {logging_mixin.py:137} INFO - [2023-03-28T08:43:30.300+0000] {dag.py:3444} INFO - Setting next_dagrun for example_xcom_args_with_operators to None, run_after=None
[2023-03-28T08:43:30.474+0000] {processor.py:175} INFO - Processing /home/airflow/.local/lib/python3.7/site-packages/airflow/example_dags/example_xcomargs.py took 0.468 seconds
[2023-03-28T08:44:00.930+0000] {processor.py:153} INFO - Started process (PID=1486) to work on /home/airflow/.local/lib/python3.7/site-packages/airflow/example_dags/example_xcomargs.py
[2023-03-28T08:44:00.931+0000] {processor.py:743} INFO - Processing file /home/airflow/.local/lib/python3.7/site-packages/airflow/example_dags/example_xcomargs.py for tasks to queue
[2023-03-28T08:44:00.932+0000] {logging_mixin.py:137} INFO - [2023-03-28T08:44:00.932+0000] {dagbag.py:532} INFO - Filling up the DagBag from /home/airflow/.local/lib/python3.7/site-packages/airflow/example_dags/example_xcomargs.py
[2023-03-28T08:44:00.967+0000] {processor.py:753} INFO - DAG(s) dict_keys(['example_xcom_args_with_operators', 'example_xcom_args']) retrieved from /home/airflow/.local/lib/python3.7/site-packages/airflow/example_dags/example_xcomargs.py
[2023-03-28T08:44:01.152+0000] {logging_mixin.py:137} INFO - [2023-03-28T08:44:01.151+0000] {dag.py:2693} INFO - Sync 2 DAGs
[2023-03-28T08:44:01.224+0000] {logging_mixin.py:137} INFO - [2023-03-28T08:44:01.224+0000] {dag.py:3444} INFO - Setting next_dagrun for example_xcom_args to None, run_after=None
[2023-03-28T08:44:01.242+0000] {logging_mixin.py:137} INFO - [2023-03-28T08:44:01.242+0000] {dag.py:3444} INFO - Setting next_dagrun for example_xcom_args_with_operators to None, run_after=None
[2023-03-28T08:44:01.425+0000] {processor.py:175} INFO - Processing /home/airflow/.local/lib/python3.7/site-packages/airflow/example_dags/example_xcomargs.py took 0.499 seconds
[2023-03-28T08:44:32.680+0000] {processor.py:153} INFO - Started process (PID=1537) to work on /home/airflow/.local/lib/python3.7/site-packages/airflow/example_dags/example_xcomargs.py
[2023-03-28T08:44:32.682+0000] {processor.py:743} INFO - Processing file /home/airflow/.local/lib/python3.7/site-packages/airflow/example_dags/example_xcomargs.py for tasks to queue
[2023-03-28T08:44:32.683+0000] {logging_mixin.py:137} INFO - [2023-03-28T08:44:32.683+0000] {dagbag.py:532} INFO - Filling up the DagBag from /home/airflow/.local/lib/python3.7/site-packages/airflow/example_dags/example_xcomargs.py
[2023-03-28T08:44:32.728+0000] {processor.py:753} INFO - DAG(s) dict_keys(['example_xcom_args', 'example_xcom_args_with_operators']) retrieved from /home/airflow/.local/lib/python3.7/site-packages/airflow/example_dags/example_xcomargs.py
[2023-03-28T08:44:32.925+0000] {logging_mixin.py:137} INFO - [2023-03-28T08:44:32.925+0000] {dag.py:2693} INFO - Sync 2 DAGs
[2023-03-28T08:44:32.978+0000] {logging_mixin.py:137} INFO - [2023-03-28T08:44:32.977+0000] {dag.py:3444} INFO - Setting next_dagrun for example_xcom_args to None, run_after=None
[2023-03-28T08:44:32.990+0000] {logging_mixin.py:137} INFO - [2023-03-28T08:44:32.990+0000] {dag.py:3444} INFO - Setting next_dagrun for example_xcom_args_with_operators to None, run_after=None
[2023-03-28T08:44:33.180+0000] {processor.py:175} INFO - Processing /home/airflow/.local/lib/python3.7/site-packages/airflow/example_dags/example_xcomargs.py took 0.504 seconds
[2023-03-28T08:45:03.249+0000] {processor.py:153} INFO - Started process (PID=1586) to work on /home/airflow/.local/lib/python3.7/site-packages/airflow/example_dags/example_xcomargs.py
[2023-03-28T08:45:03.250+0000] {processor.py:743} INFO - Processing file /home/airflow/.local/lib/python3.7/site-packages/airflow/example_dags/example_xcomargs.py for tasks to queue
[2023-03-28T08:45:03.251+0000] {logging_mixin.py:137} INFO - [2023-03-28T08:45:03.251+0000] {dagbag.py:532} INFO - Filling up the DagBag from /home/airflow/.local/lib/python3.7/site-packages/airflow/example_dags/example_xcomargs.py
[2023-03-28T08:45:03.281+0000] {processor.py:753} INFO - DAG(s) dict_keys(['example_xcom_args_with_operators', 'example_xcom_args']) retrieved from /home/airflow/.local/lib/python3.7/site-packages/airflow/example_dags/example_xcomargs.py
[2023-03-28T08:45:03.496+0000] {logging_mixin.py:137} INFO - [2023-03-28T08:45:03.496+0000] {dag.py:2693} INFO - Sync 2 DAGs
[2023-03-28T08:45:03.553+0000] {logging_mixin.py:137} INFO - [2023-03-28T08:45:03.552+0000] {dag.py:3444} INFO - Setting next_dagrun for example_xcom_args to None, run_after=None
[2023-03-28T08:45:03.563+0000] {logging_mixin.py:137} INFO - [2023-03-28T08:45:03.563+0000] {dag.py:3444} INFO - Setting next_dagrun for example_xcom_args_with_operators to None, run_after=None
[2023-03-28T08:45:03.747+0000] {processor.py:175} INFO - Processing /home/airflow/.local/lib/python3.7/site-packages/airflow/example_dags/example_xcomargs.py took 0.502 seconds
[2023-03-28T08:45:41.773+0000] {processor.py:153} INFO - Started process (PID=1634) to work on /home/airflow/.local/lib/python3.7/site-packages/airflow/example_dags/example_xcomargs.py
[2023-03-28T08:45:41.774+0000] {processor.py:743} INFO - Processing file /home/airflow/.local/lib/python3.7/site-packages/airflow/example_dags/example_xcomargs.py for tasks to queue
[2023-03-28T08:45:41.775+0000] {logging_mixin.py:137} INFO - [2023-03-28T08:45:41.775+0000] {dagbag.py:532} INFO - Filling up the DagBag from /home/airflow/.local/lib/python3.7/site-packages/airflow/example_dags/example_xcomargs.py
[2023-03-28T08:45:41.808+0000] {processor.py:753} INFO - DAG(s) dict_keys(['example_xcom_args', 'example_xcom_args_with_operators']) retrieved from /home/airflow/.local/lib/python3.7/site-packages/airflow/example_dags/example_xcomargs.py
[2023-03-28T08:45:42.000+0000] {logging_mixin.py:137} INFO - [2023-03-28T08:45:42.000+0000] {dag.py:2693} INFO - Sync 2 DAGs
[2023-03-28T08:45:42.052+0000] {logging_mixin.py:137} INFO - [2023-03-28T08:45:42.052+0000] {dag.py:3444} INFO - Setting next_dagrun for example_xcom_args to None, run_after=None
[2023-03-28T08:45:42.064+0000] {logging_mixin.py:137} INFO - [2023-03-28T08:45:42.063+0000] {dag.py:3444} INFO - Setting next_dagrun for example_xcom_args_with_operators to None, run_after=None
[2023-03-28T08:45:42.230+0000] {processor.py:175} INFO - Processing /home/airflow/.local/lib/python3.7/site-packages/airflow/example_dags/example_xcomargs.py took 0.461 seconds
[2023-03-28T08:46:13.038+0000] {processor.py:153} INFO - Started process (PID=1684) to work on /home/airflow/.local/lib/python3.7/site-packages/airflow/example_dags/example_xcomargs.py
[2023-03-28T08:46:13.050+0000] {processor.py:743} INFO - Processing file /home/airflow/.local/lib/python3.7/site-packages/airflow/example_dags/example_xcomargs.py for tasks to queue
[2023-03-28T08:46:13.051+0000] {logging_mixin.py:137} INFO - [2023-03-28T08:46:13.051+0000] {dagbag.py:532} INFO - Filling up the DagBag from /home/airflow/.local/lib/python3.7/site-packages/airflow/example_dags/example_xcomargs.py
[2023-03-28T08:46:13.113+0000] {processor.py:753} INFO - DAG(s) dict_keys(['example_xcom_args', 'example_xcom_args_with_operators']) retrieved from /home/airflow/.local/lib/python3.7/site-packages/airflow/example_dags/example_xcomargs.py
[2023-03-28T08:46:13.303+0000] {logging_mixin.py:137} INFO - [2023-03-28T08:46:13.303+0000] {dag.py:2693} INFO - Sync 2 DAGs
[2023-03-28T08:46:13.356+0000] {logging_mixin.py:137} INFO - [2023-03-28T08:46:13.356+0000] {dag.py:3444} INFO - Setting next_dagrun for example_xcom_args to None, run_after=None
[2023-03-28T08:46:13.367+0000] {logging_mixin.py:137} INFO - [2023-03-28T08:46:13.367+0000] {dag.py:3444} INFO - Setting next_dagrun for example_xcom_args_with_operators to None, run_after=None
[2023-03-28T08:46:13.532+0000] {processor.py:175} INFO - Processing /home/airflow/.local/lib/python3.7/site-packages/airflow/example_dags/example_xcomargs.py took 0.499 seconds
[2023-03-28T08:46:44.534+0000] {processor.py:153} INFO - Started process (PID=1733) to work on /home/airflow/.local/lib/python3.7/site-packages/airflow/example_dags/example_xcomargs.py
[2023-03-28T08:46:44.536+0000] {processor.py:743} INFO - Processing file /home/airflow/.local/lib/python3.7/site-packages/airflow/example_dags/example_xcomargs.py for tasks to queue
[2023-03-28T08:46:44.537+0000] {logging_mixin.py:137} INFO - [2023-03-28T08:46:44.537+0000] {dagbag.py:532} INFO - Filling up the DagBag from /home/airflow/.local/lib/python3.7/site-packages/airflow/example_dags/example_xcomargs.py
[2023-03-28T08:46:44.567+0000] {processor.py:753} INFO - DAG(s) dict_keys(['example_xcom_args_with_operators', 'example_xcom_args']) retrieved from /home/airflow/.local/lib/python3.7/site-packages/airflow/example_dags/example_xcomargs.py
[2023-03-28T08:46:44.769+0000] {logging_mixin.py:137} INFO - [2023-03-28T08:46:44.768+0000] {dag.py:2693} INFO - Sync 2 DAGs
[2023-03-28T08:46:44.831+0000] {logging_mixin.py:137} INFO - [2023-03-28T08:46:44.831+0000] {dag.py:3444} INFO - Setting next_dagrun for example_xcom_args to None, run_after=None
[2023-03-28T08:46:44.846+0000] {logging_mixin.py:137} INFO - [2023-03-28T08:46:44.845+0000] {dag.py:3444} INFO - Setting next_dagrun for example_xcom_args_with_operators to None, run_after=None
[2023-03-28T08:46:45.027+0000] {processor.py:175} INFO - Processing /home/airflow/.local/lib/python3.7/site-packages/airflow/example_dags/example_xcomargs.py took 0.497 seconds
[2023-03-28T08:47:17.684+0000] {processor.py:153} INFO - Started process (PID=1785) to work on /home/airflow/.local/lib/python3.7/site-packages/airflow/example_dags/example_xcomargs.py
[2023-03-28T08:47:17.689+0000] {processor.py:743} INFO - Processing file /home/airflow/.local/lib/python3.7/site-packages/airflow/example_dags/example_xcomargs.py for tasks to queue
[2023-03-28T08:47:17.690+0000] {logging_mixin.py:137} INFO - [2023-03-28T08:47:17.690+0000] {dagbag.py:532} INFO - Filling up the DagBag from /home/airflow/.local/lib/python3.7/site-packages/airflow/example_dags/example_xcomargs.py
[2023-03-28T08:47:17.739+0000] {processor.py:753} INFO - DAG(s) dict_keys(['example_xcom_args_with_operators', 'example_xcom_args']) retrieved from /home/airflow/.local/lib/python3.7/site-packages/airflow/example_dags/example_xcomargs.py
[2023-03-28T08:47:17.928+0000] {logging_mixin.py:137} INFO - [2023-03-28T08:47:17.928+0000] {dag.py:2693} INFO - Sync 2 DAGs
[2023-03-28T08:47:17.981+0000] {logging_mixin.py:137} INFO - [2023-03-28T08:47:17.981+0000] {dag.py:3444} INFO - Setting next_dagrun for example_xcom_args to None, run_after=None
[2023-03-28T08:47:17.992+0000] {logging_mixin.py:137} INFO - [2023-03-28T08:47:17.992+0000] {dag.py:3444} INFO - Setting next_dagrun for example_xcom_args_with_operators to None, run_after=None
[2023-03-28T08:47:18.167+0000] {processor.py:175} INFO - Processing /home/airflow/.local/lib/python3.7/site-packages/airflow/example_dags/example_xcomargs.py took 0.487 seconds
[2023-03-28T08:47:48.480+0000] {processor.py:153} INFO - Started process (PID=1841) to work on /home/airflow/.local/lib/python3.7/site-packages/airflow/example_dags/example_xcomargs.py
[2023-03-28T08:47:48.483+0000] {processor.py:743} INFO - Processing file /home/airflow/.local/lib/python3.7/site-packages/airflow/example_dags/example_xcomargs.py for tasks to queue
[2023-03-28T08:47:48.485+0000] {logging_mixin.py:137} INFO - [2023-03-28T08:47:48.485+0000] {dagbag.py:532} INFO - Filling up the DagBag from /home/airflow/.local/lib/python3.7/site-packages/airflow/example_dags/example_xcomargs.py
[2023-03-28T08:47:48.534+0000] {processor.py:753} INFO - DAG(s) dict_keys(['example_xcom_args', 'example_xcom_args_with_operators']) retrieved from /home/airflow/.local/lib/python3.7/site-packages/airflow/example_dags/example_xcomargs.py
[2023-03-28T08:47:48.745+0000] {logging_mixin.py:137} INFO - [2023-03-28T08:47:48.744+0000] {dag.py:2693} INFO - Sync 2 DAGs
[2023-03-28T08:47:48.799+0000] {logging_mixin.py:137} INFO - [2023-03-28T08:47:48.799+0000] {dag.py:3444} INFO - Setting next_dagrun for example_xcom_args to None, run_after=None
[2023-03-28T08:47:48.810+0000] {logging_mixin.py:137} INFO - [2023-03-28T08:47:48.810+0000] {dag.py:3444} INFO - Setting next_dagrun for example_xcom_args_with_operators to None, run_after=None
[2023-03-28T08:47:48.981+0000] {processor.py:175} INFO - Processing /home/airflow/.local/lib/python3.7/site-packages/airflow/example_dags/example_xcomargs.py took 0.504 seconds
[2023-03-28T08:48:22.007+0000] {processor.py:153} INFO - Started process (PID=1890) to work on /home/airflow/.local/lib/python3.7/site-packages/airflow/example_dags/example_xcomargs.py
[2023-03-28T08:48:22.012+0000] {processor.py:743} INFO - Processing file /home/airflow/.local/lib/python3.7/site-packages/airflow/example_dags/example_xcomargs.py for tasks to queue
[2023-03-28T08:48:22.013+0000] {logging_mixin.py:137} INFO - [2023-03-28T08:48:22.012+0000] {dagbag.py:532} INFO - Filling up the DagBag from /home/airflow/.local/lib/python3.7/site-packages/airflow/example_dags/example_xcomargs.py
[2023-03-28T08:48:22.047+0000] {processor.py:753} INFO - DAG(s) dict_keys(['example_xcom_args', 'example_xcom_args_with_operators']) retrieved from /home/airflow/.local/lib/python3.7/site-packages/airflow/example_dags/example_xcomargs.py
[2023-03-28T08:48:22.410+0000] {logging_mixin.py:137} INFO - [2023-03-28T08:48:22.410+0000] {dag.py:2693} INFO - Sync 2 DAGs
[2023-03-28T08:48:22.513+0000] {logging_mixin.py:137} INFO - [2023-03-28T08:48:22.512+0000] {dag.py:3444} INFO - Setting next_dagrun for example_xcom_args to None, run_after=None
[2023-03-28T08:48:22.551+0000] {logging_mixin.py:137} INFO - [2023-03-28T08:48:22.551+0000] {dag.py:3444} INFO - Setting next_dagrun for example_xcom_args_with_operators to None, run_after=None
[2023-03-28T08:48:22.992+0000] {processor.py:175} INFO - Processing /home/airflow/.local/lib/python3.7/site-packages/airflow/example_dags/example_xcomargs.py took 0.998 seconds
[2023-03-28T08:48:53.201+0000] {processor.py:153} INFO - Started process (PID=1940) to work on /home/airflow/.local/lib/python3.7/site-packages/airflow/example_dags/example_xcomargs.py
[2023-03-28T08:48:53.202+0000] {processor.py:743} INFO - Processing file /home/airflow/.local/lib/python3.7/site-packages/airflow/example_dags/example_xcomargs.py for tasks to queue
[2023-03-28T08:48:53.203+0000] {logging_mixin.py:137} INFO - [2023-03-28T08:48:53.203+0000] {dagbag.py:532} INFO - Filling up the DagBag from /home/airflow/.local/lib/python3.7/site-packages/airflow/example_dags/example_xcomargs.py
[2023-03-28T08:48:53.262+0000] {processor.py:753} INFO - DAG(s) dict_keys(['example_xcom_args', 'example_xcom_args_with_operators']) retrieved from /home/airflow/.local/lib/python3.7/site-packages/airflow/example_dags/example_xcomargs.py
[2023-03-28T08:48:53.511+0000] {logging_mixin.py:137} INFO - [2023-03-28T08:48:53.510+0000] {dag.py:2693} INFO - Sync 2 DAGs
[2023-03-28T08:48:53.571+0000] {logging_mixin.py:137} INFO - [2023-03-28T08:48:53.570+0000] {dag.py:3444} INFO - Setting next_dagrun for example_xcom_args to None, run_after=None
[2023-03-28T08:48:53.583+0000] {logging_mixin.py:137} INFO - [2023-03-28T08:48:53.583+0000] {dag.py:3444} INFO - Setting next_dagrun for example_xcom_args_with_operators to None, run_after=None
[2023-03-28T08:48:53.802+0000] {processor.py:175} INFO - Processing /home/airflow/.local/lib/python3.7/site-packages/airflow/example_dags/example_xcomargs.py took 0.605 seconds
[2023-03-28T08:49:24.052+0000] {processor.py:153} INFO - Started process (PID=1989) to work on /home/airflow/.local/lib/python3.7/site-packages/airflow/example_dags/example_xcomargs.py
[2023-03-28T08:49:24.053+0000] {processor.py:743} INFO - Processing file /home/airflow/.local/lib/python3.7/site-packages/airflow/example_dags/example_xcomargs.py for tasks to queue
[2023-03-28T08:49:24.054+0000] {logging_mixin.py:137} INFO - [2023-03-28T08:49:24.054+0000] {dagbag.py:532} INFO - Filling up the DagBag from /home/airflow/.local/lib/python3.7/site-packages/airflow/example_dags/example_xcomargs.py
[2023-03-28T08:49:24.110+0000] {processor.py:753} INFO - DAG(s) dict_keys(['example_xcom_args_with_operators', 'example_xcom_args']) retrieved from /home/airflow/.local/lib/python3.7/site-packages/airflow/example_dags/example_xcomargs.py
[2023-03-28T08:49:24.324+0000] {logging_mixin.py:137} INFO - [2023-03-28T08:49:24.324+0000] {dag.py:2693} INFO - Sync 2 DAGs
[2023-03-28T08:49:24.394+0000] {logging_mixin.py:137} INFO - [2023-03-28T08:49:24.393+0000] {dag.py:3444} INFO - Setting next_dagrun for example_xcom_args to None, run_after=None
[2023-03-28T08:49:24.408+0000] {logging_mixin.py:137} INFO - [2023-03-28T08:49:24.407+0000] {dag.py:3444} INFO - Setting next_dagrun for example_xcom_args_with_operators to None, run_after=None
[2023-03-28T08:49:24.600+0000] {processor.py:175} INFO - Processing /home/airflow/.local/lib/python3.7/site-packages/airflow/example_dags/example_xcomargs.py took 0.553 seconds
[2023-03-28T08:49:54.700+0000] {processor.py:153} INFO - Started process (PID=2038) to work on /home/airflow/.local/lib/python3.7/site-packages/airflow/example_dags/example_xcomargs.py
[2023-03-28T08:49:54.701+0000] {processor.py:743} INFO - Processing file /home/airflow/.local/lib/python3.7/site-packages/airflow/example_dags/example_xcomargs.py for tasks to queue
[2023-03-28T08:49:54.702+0000] {logging_mixin.py:137} INFO - [2023-03-28T08:49:54.701+0000] {dagbag.py:532} INFO - Filling up the DagBag from /home/airflow/.local/lib/python3.7/site-packages/airflow/example_dags/example_xcomargs.py
[2023-03-28T08:49:54.732+0000] {processor.py:753} INFO - DAG(s) dict_keys(['example_xcom_args', 'example_xcom_args_with_operators']) retrieved from /home/airflow/.local/lib/python3.7/site-packages/airflow/example_dags/example_xcomargs.py
[2023-03-28T08:49:54.915+0000] {logging_mixin.py:137} INFO - [2023-03-28T08:49:54.914+0000] {dag.py:2693} INFO - Sync 2 DAGs
[2023-03-28T08:49:54.972+0000] {logging_mixin.py:137} INFO - [2023-03-28T08:49:54.972+0000] {dag.py:3444} INFO - Setting next_dagrun for example_xcom_args to None, run_after=None
[2023-03-28T08:49:54.985+0000] {logging_mixin.py:137} INFO - [2023-03-28T08:49:54.985+0000] {dag.py:3444} INFO - Setting next_dagrun for example_xcom_args_with_operators to None, run_after=None
[2023-03-28T08:49:55.153+0000] {processor.py:175} INFO - Processing /home/airflow/.local/lib/python3.7/site-packages/airflow/example_dags/example_xcomargs.py took 0.459 seconds
[2023-03-28T08:50:25.284+0000] {processor.py:153} INFO - Started process (PID=2087) to work on /home/airflow/.local/lib/python3.7/site-packages/airflow/example_dags/example_xcomargs.py
[2023-03-28T08:50:25.286+0000] {processor.py:743} INFO - Processing file /home/airflow/.local/lib/python3.7/site-packages/airflow/example_dags/example_xcomargs.py for tasks to queue
[2023-03-28T08:50:25.287+0000] {logging_mixin.py:137} INFO - [2023-03-28T08:50:25.287+0000] {dagbag.py:532} INFO - Filling up the DagBag from /home/airflow/.local/lib/python3.7/site-packages/airflow/example_dags/example_xcomargs.py
[2023-03-28T08:50:25.330+0000] {processor.py:753} INFO - DAG(s) dict_keys(['example_xcom_args_with_operators', 'example_xcom_args']) retrieved from /home/airflow/.local/lib/python3.7/site-packages/airflow/example_dags/example_xcomargs.py
[2023-03-28T08:50:25.526+0000] {logging_mixin.py:137} INFO - [2023-03-28T08:50:25.526+0000] {dag.py:2693} INFO - Sync 2 DAGs
[2023-03-28T08:50:25.591+0000] {logging_mixin.py:137} INFO - [2023-03-28T08:50:25.591+0000] {dag.py:3444} INFO - Setting next_dagrun for example_xcom_args to None, run_after=None
[2023-03-28T08:50:25.602+0000] {logging_mixin.py:137} INFO - [2023-03-28T08:50:25.602+0000] {dag.py:3444} INFO - Setting next_dagrun for example_xcom_args_with_operators to None, run_after=None
[2023-03-28T08:50:25.778+0000] {processor.py:175} INFO - Processing /home/airflow/.local/lib/python3.7/site-packages/airflow/example_dags/example_xcomargs.py took 0.499 seconds
[2023-03-28T08:50:55.812+0000] {processor.py:153} INFO - Started process (PID=2135) to work on /home/airflow/.local/lib/python3.7/site-packages/airflow/example_dags/example_xcomargs.py
[2023-03-28T08:50:55.816+0000] {processor.py:743} INFO - Processing file /home/airflow/.local/lib/python3.7/site-packages/airflow/example_dags/example_xcomargs.py for tasks to queue
[2023-03-28T08:50:55.817+0000] {logging_mixin.py:137} INFO - [2023-03-28T08:50:55.817+0000] {dagbag.py:532} INFO - Filling up the DagBag from /home/airflow/.local/lib/python3.7/site-packages/airflow/example_dags/example_xcomargs.py
[2023-03-28T08:50:55.915+0000] {processor.py:753} INFO - DAG(s) dict_keys(['example_xcom_args', 'example_xcom_args_with_operators']) retrieved from /home/airflow/.local/lib/python3.7/site-packages/airflow/example_dags/example_xcomargs.py
[2023-03-28T08:50:56.194+0000] {logging_mixin.py:137} INFO - [2023-03-28T08:50:56.193+0000] {dag.py:2693} INFO - Sync 2 DAGs
[2023-03-28T08:50:56.252+0000] {logging_mixin.py:137} INFO - [2023-03-28T08:50:56.251+0000] {dag.py:3444} INFO - Setting next_dagrun for example_xcom_args to None, run_after=None
[2023-03-28T08:50:56.264+0000] {logging_mixin.py:137} INFO - [2023-03-28T08:50:56.264+0000] {dag.py:3444} INFO - Setting next_dagrun for example_xcom_args_with_operators to None, run_after=None
[2023-03-28T08:50:56.471+0000] {processor.py:175} INFO - Processing /home/airflow/.local/lib/python3.7/site-packages/airflow/example_dags/example_xcomargs.py took 0.673 seconds
[2023-03-28T08:51:26.634+0000] {processor.py:153} INFO - Started process (PID=2184) to work on /home/airflow/.local/lib/python3.7/site-packages/airflow/example_dags/example_xcomargs.py
[2023-03-28T08:51:26.635+0000] {processor.py:743} INFO - Processing file /home/airflow/.local/lib/python3.7/site-packages/airflow/example_dags/example_xcomargs.py for tasks to queue
[2023-03-28T08:51:26.636+0000] {logging_mixin.py:137} INFO - [2023-03-28T08:51:26.636+0000] {dagbag.py:532} INFO - Filling up the DagBag from /home/airflow/.local/lib/python3.7/site-packages/airflow/example_dags/example_xcomargs.py
[2023-03-28T08:51:26.665+0000] {processor.py:753} INFO - DAG(s) dict_keys(['example_xcom_args', 'example_xcom_args_with_operators']) retrieved from /home/airflow/.local/lib/python3.7/site-packages/airflow/example_dags/example_xcomargs.py
[2023-03-28T08:51:26.875+0000] {logging_mixin.py:137} INFO - [2023-03-28T08:51:26.875+0000] {dag.py:2693} INFO - Sync 2 DAGs
[2023-03-28T08:51:26.936+0000] {logging_mixin.py:137} INFO - [2023-03-28T08:51:26.936+0000] {dag.py:3444} INFO - Setting next_dagrun for example_xcom_args to None, run_after=None
[2023-03-28T08:51:26.948+0000] {logging_mixin.py:137} INFO - [2023-03-28T08:51:26.948+0000] {dag.py:3444} INFO - Setting next_dagrun for example_xcom_args_with_operators to None, run_after=None
[2023-03-28T08:51:27.136+0000] {processor.py:175} INFO - Processing /home/airflow/.local/lib/python3.7/site-packages/airflow/example_dags/example_xcomargs.py took 0.507 seconds
[2023-03-28T08:51:57.188+0000] {processor.py:153} INFO - Started process (PID=2233) to work on /home/airflow/.local/lib/python3.7/site-packages/airflow/example_dags/example_xcomargs.py
[2023-03-28T08:51:57.193+0000] {processor.py:743} INFO - Processing file /home/airflow/.local/lib/python3.7/site-packages/airflow/example_dags/example_xcomargs.py for tasks to queue
[2023-03-28T08:51:57.194+0000] {logging_mixin.py:137} INFO - [2023-03-28T08:51:57.194+0000] {dagbag.py:532} INFO - Filling up the DagBag from /home/airflow/.local/lib/python3.7/site-packages/airflow/example_dags/example_xcomargs.py
[2023-03-28T08:51:57.239+0000] {processor.py:753} INFO - DAG(s) dict_keys(['example_xcom_args_with_operators', 'example_xcom_args']) retrieved from /home/airflow/.local/lib/python3.7/site-packages/airflow/example_dags/example_xcomargs.py
[2023-03-28T08:51:57.460+0000] {logging_mixin.py:137} INFO - [2023-03-28T08:51:57.459+0000] {dag.py:2693} INFO - Sync 2 DAGs
[2023-03-28T08:51:57.522+0000] {logging_mixin.py:137} INFO - [2023-03-28T08:51:57.522+0000] {dag.py:3444} INFO - Setting next_dagrun for example_xcom_args to None, run_after=None
[2023-03-28T08:51:57.536+0000] {logging_mixin.py:137} INFO - [2023-03-28T08:51:57.536+0000] {dag.py:3444} INFO - Setting next_dagrun for example_xcom_args_with_operators to None, run_after=None
[2023-03-28T08:51:57.743+0000] {processor.py:175} INFO - Processing /home/airflow/.local/lib/python3.7/site-packages/airflow/example_dags/example_xcomargs.py took 0.560 seconds
[2023-03-28T08:52:27.883+0000] {processor.py:153} INFO - Started process (PID=2282) to work on /home/airflow/.local/lib/python3.7/site-packages/airflow/example_dags/example_xcomargs.py
[2023-03-28T08:52:27.893+0000] {processor.py:743} INFO - Processing file /home/airflow/.local/lib/python3.7/site-packages/airflow/example_dags/example_xcomargs.py for tasks to queue
[2023-03-28T08:52:27.894+0000] {logging_mixin.py:137} INFO - [2023-03-28T08:52:27.894+0000] {dagbag.py:532} INFO - Filling up the DagBag from /home/airflow/.local/lib/python3.7/site-packages/airflow/example_dags/example_xcomargs.py
[2023-03-28T08:52:27.944+0000] {processor.py:753} INFO - DAG(s) dict_keys(['example_xcom_args', 'example_xcom_args_with_operators']) retrieved from /home/airflow/.local/lib/python3.7/site-packages/airflow/example_dags/example_xcomargs.py
[2023-03-28T08:52:28.123+0000] {logging_mixin.py:137} INFO - [2023-03-28T08:52:28.123+0000] {dag.py:2693} INFO - Sync 2 DAGs
[2023-03-28T08:52:28.175+0000] {logging_mixin.py:137} INFO - [2023-03-28T08:52:28.175+0000] {dag.py:3444} INFO - Setting next_dagrun for example_xcom_args to None, run_after=None
[2023-03-28T08:52:28.186+0000] {logging_mixin.py:137} INFO - [2023-03-28T08:52:28.186+0000] {dag.py:3444} INFO - Setting next_dagrun for example_xcom_args_with_operators to None, run_after=None
[2023-03-28T08:52:28.352+0000] {processor.py:175} INFO - Processing /home/airflow/.local/lib/python3.7/site-packages/airflow/example_dags/example_xcomargs.py took 0.473 seconds
[2023-03-28T08:53:00.591+0000] {processor.py:153} INFO - Started process (PID=2333) to work on /home/airflow/.local/lib/python3.7/site-packages/airflow/example_dags/example_xcomargs.py
[2023-03-28T08:53:00.593+0000] {processor.py:743} INFO - Processing file /home/airflow/.local/lib/python3.7/site-packages/airflow/example_dags/example_xcomargs.py for tasks to queue
[2023-03-28T08:53:00.594+0000] {logging_mixin.py:137} INFO - [2023-03-28T08:53:00.593+0000] {dagbag.py:532} INFO - Filling up the DagBag from /home/airflow/.local/lib/python3.7/site-packages/airflow/example_dags/example_xcomargs.py
[2023-03-28T08:53:00.658+0000] {processor.py:753} INFO - DAG(s) dict_keys(['example_xcom_args', 'example_xcom_args_with_operators']) retrieved from /home/airflow/.local/lib/python3.7/site-packages/airflow/example_dags/example_xcomargs.py
[2023-03-28T08:53:00.913+0000] {logging_mixin.py:137} INFO - [2023-03-28T08:53:00.913+0000] {dag.py:2693} INFO - Sync 2 DAGs
[2023-03-28T08:53:00.973+0000] {logging_mixin.py:137} INFO - [2023-03-28T08:53:00.973+0000] {dag.py:3444} INFO - Setting next_dagrun for example_xcom_args to None, run_after=None
[2023-03-28T08:53:00.991+0000] {logging_mixin.py:137} INFO - [2023-03-28T08:53:00.990+0000] {dag.py:3444} INFO - Setting next_dagrun for example_xcom_args_with_operators to None, run_after=None
[2023-03-28T08:53:01.219+0000] {processor.py:175} INFO - Processing /home/airflow/.local/lib/python3.7/site-packages/airflow/example_dags/example_xcomargs.py took 0.642 seconds
[2023-03-28T08:53:31.714+0000] {processor.py:153} INFO - Started process (PID=2382) to work on /home/airflow/.local/lib/python3.7/site-packages/airflow/example_dags/example_xcomargs.py
[2023-03-28T08:53:31.715+0000] {processor.py:743} INFO - Processing file /home/airflow/.local/lib/python3.7/site-packages/airflow/example_dags/example_xcomargs.py for tasks to queue
[2023-03-28T08:53:31.716+0000] {logging_mixin.py:137} INFO - [2023-03-28T08:53:31.715+0000] {dagbag.py:532} INFO - Filling up the DagBag from /home/airflow/.local/lib/python3.7/site-packages/airflow/example_dags/example_xcomargs.py
[2023-03-28T08:53:31.752+0000] {processor.py:753} INFO - DAG(s) dict_keys(['example_xcom_args', 'example_xcom_args_with_operators']) retrieved from /home/airflow/.local/lib/python3.7/site-packages/airflow/example_dags/example_xcomargs.py
[2023-03-28T08:53:31.947+0000] {logging_mixin.py:137} INFO - [2023-03-28T08:53:31.947+0000] {dag.py:2693} INFO - Sync 2 DAGs
[2023-03-28T08:53:32.006+0000] {logging_mixin.py:137} INFO - [2023-03-28T08:53:32.005+0000] {dag.py:3444} INFO - Setting next_dagrun for example_xcom_args to None, run_after=None
[2023-03-28T08:53:32.018+0000] {logging_mixin.py:137} INFO - [2023-03-28T08:53:32.018+0000] {dag.py:3444} INFO - Setting next_dagrun for example_xcom_args_with_operators to None, run_after=None
[2023-03-28T08:53:32.191+0000] {processor.py:175} INFO - Processing /home/airflow/.local/lib/python3.7/site-packages/airflow/example_dags/example_xcomargs.py took 0.480 seconds
[2023-03-28T08:54:02.465+0000] {processor.py:153} INFO - Started process (PID=2431) to work on /home/airflow/.local/lib/python3.7/site-packages/airflow/example_dags/example_xcomargs.py
[2023-03-28T08:54:02.466+0000] {processor.py:743} INFO - Processing file /home/airflow/.local/lib/python3.7/site-packages/airflow/example_dags/example_xcomargs.py for tasks to queue
[2023-03-28T08:54:02.467+0000] {logging_mixin.py:137} INFO - [2023-03-28T08:54:02.467+0000] {dagbag.py:532} INFO - Filling up the DagBag from /home/airflow/.local/lib/python3.7/site-packages/airflow/example_dags/example_xcomargs.py
[2023-03-28T08:54:02.519+0000] {processor.py:753} INFO - DAG(s) dict_keys(['example_xcom_args_with_operators', 'example_xcom_args']) retrieved from /home/airflow/.local/lib/python3.7/site-packages/airflow/example_dags/example_xcomargs.py
[2023-03-28T08:54:02.751+0000] {logging_mixin.py:137} INFO - [2023-03-28T08:54:02.751+0000] {dag.py:2693} INFO - Sync 2 DAGs
[2023-03-28T08:54:02.833+0000] {logging_mixin.py:137} INFO - [2023-03-28T08:54:02.833+0000] {dag.py:3444} INFO - Setting next_dagrun for example_xcom_args to None, run_after=None
[2023-03-28T08:54:02.853+0000] {logging_mixin.py:137} INFO - [2023-03-28T08:54:02.853+0000] {dag.py:3444} INFO - Setting next_dagrun for example_xcom_args_with_operators to None, run_after=None
[2023-03-28T08:54:03.060+0000] {processor.py:175} INFO - Processing /home/airflow/.local/lib/python3.7/site-packages/airflow/example_dags/example_xcomargs.py took 0.600 seconds
[2023-03-28T08:54:33.171+0000] {processor.py:153} INFO - Started process (PID=2479) to work on /home/airflow/.local/lib/python3.7/site-packages/airflow/example_dags/example_xcomargs.py
[2023-03-28T08:54:33.172+0000] {processor.py:743} INFO - Processing file /home/airflow/.local/lib/python3.7/site-packages/airflow/example_dags/example_xcomargs.py for tasks to queue
[2023-03-28T08:54:33.174+0000] {logging_mixin.py:137} INFO - [2023-03-28T08:54:33.173+0000] {dagbag.py:532} INFO - Filling up the DagBag from /home/airflow/.local/lib/python3.7/site-packages/airflow/example_dags/example_xcomargs.py
[2023-03-28T08:54:33.214+0000] {processor.py:753} INFO - DAG(s) dict_keys(['example_xcom_args_with_operators', 'example_xcom_args']) retrieved from /home/airflow/.local/lib/python3.7/site-packages/airflow/example_dags/example_xcomargs.py
[2023-03-28T08:54:33.408+0000] {logging_mixin.py:137} INFO - [2023-03-28T08:54:33.408+0000] {dag.py:2693} INFO - Sync 2 DAGs
[2023-03-28T08:54:33.463+0000] {logging_mixin.py:137} INFO - [2023-03-28T08:54:33.463+0000] {dag.py:3444} INFO - Setting next_dagrun for example_xcom_args to None, run_after=None
[2023-03-28T08:54:33.475+0000] {logging_mixin.py:137} INFO - [2023-03-28T08:54:33.475+0000] {dag.py:3444} INFO - Setting next_dagrun for example_xcom_args_with_operators to None, run_after=None
[2023-03-28T08:54:33.666+0000] {processor.py:175} INFO - Processing /home/airflow/.local/lib/python3.7/site-packages/airflow/example_dags/example_xcomargs.py took 0.499 seconds
[2023-03-28T08:55:03.815+0000] {processor.py:153} INFO - Started process (PID=2528) to work on /home/airflow/.local/lib/python3.7/site-packages/airflow/example_dags/example_xcomargs.py
[2023-03-28T08:55:03.817+0000] {processor.py:743} INFO - Processing file /home/airflow/.local/lib/python3.7/site-packages/airflow/example_dags/example_xcomargs.py for tasks to queue
[2023-03-28T08:55:03.817+0000] {logging_mixin.py:137} INFO - [2023-03-28T08:55:03.817+0000] {dagbag.py:532} INFO - Filling up the DagBag from /home/airflow/.local/lib/python3.7/site-packages/airflow/example_dags/example_xcomargs.py
[2023-03-28T08:55:03.850+0000] {processor.py:753} INFO - DAG(s) dict_keys(['example_xcom_args_with_operators', 'example_xcom_args']) retrieved from /home/airflow/.local/lib/python3.7/site-packages/airflow/example_dags/example_xcomargs.py
[2023-03-28T08:55:04.050+0000] {logging_mixin.py:137} INFO - [2023-03-28T08:55:04.050+0000] {dag.py:2693} INFO - Sync 2 DAGs
[2023-03-28T08:55:04.107+0000] {logging_mixin.py:137} INFO - [2023-03-28T08:55:04.106+0000] {dag.py:3444} INFO - Setting next_dagrun for example_xcom_args to None, run_after=None
[2023-03-28T08:55:04.119+0000] {logging_mixin.py:137} INFO - [2023-03-28T08:55:04.118+0000] {dag.py:3444} INFO - Setting next_dagrun for example_xcom_args_with_operators to None, run_after=None
[2023-03-28T08:55:04.299+0000] {processor.py:175} INFO - Processing /home/airflow/.local/lib/python3.7/site-packages/airflow/example_dags/example_xcomargs.py took 0.487 seconds
[2023-03-28T08:55:34.454+0000] {processor.py:153} INFO - Started process (PID=2577) to work on /home/airflow/.local/lib/python3.7/site-packages/airflow/example_dags/example_xcomargs.py
[2023-03-28T08:55:34.455+0000] {processor.py:743} INFO - Processing file /home/airflow/.local/lib/python3.7/site-packages/airflow/example_dags/example_xcomargs.py for tasks to queue
[2023-03-28T08:55:34.456+0000] {logging_mixin.py:137} INFO - [2023-03-28T08:55:34.456+0000] {dagbag.py:532} INFO - Filling up the DagBag from /home/airflow/.local/lib/python3.7/site-packages/airflow/example_dags/example_xcomargs.py
[2023-03-28T08:55:34.490+0000] {processor.py:753} INFO - DAG(s) dict_keys(['example_xcom_args_with_operators', 'example_xcom_args']) retrieved from /home/airflow/.local/lib/python3.7/site-packages/airflow/example_dags/example_xcomargs.py
[2023-03-28T08:55:34.690+0000] {logging_mixin.py:137} INFO - [2023-03-28T08:55:34.690+0000] {dag.py:2693} INFO - Sync 2 DAGs
[2023-03-28T08:55:34.749+0000] {logging_mixin.py:137} INFO - [2023-03-28T08:55:34.748+0000] {dag.py:3444} INFO - Setting next_dagrun for example_xcom_args to None, run_after=None
[2023-03-28T08:55:34.761+0000] {logging_mixin.py:137} INFO - [2023-03-28T08:55:34.761+0000] {dag.py:3444} INFO - Setting next_dagrun for example_xcom_args_with_operators to None, run_after=None
[2023-03-28T08:55:34.930+0000] {processor.py:175} INFO - Processing /home/airflow/.local/lib/python3.7/site-packages/airflow/example_dags/example_xcomargs.py took 0.480 seconds
[2023-03-28T08:56:05.045+0000] {processor.py:153} INFO - Started process (PID=2626) to work on /home/airflow/.local/lib/python3.7/site-packages/airflow/example_dags/example_xcomargs.py
[2023-03-28T08:56:05.050+0000] {processor.py:743} INFO - Processing file /home/airflow/.local/lib/python3.7/site-packages/airflow/example_dags/example_xcomargs.py for tasks to queue
[2023-03-28T08:56:05.053+0000] {logging_mixin.py:137} INFO - [2023-03-28T08:56:05.051+0000] {dagbag.py:532} INFO - Filling up the DagBag from /home/airflow/.local/lib/python3.7/site-packages/airflow/example_dags/example_xcomargs.py
[2023-03-28T08:56:05.091+0000] {processor.py:753} INFO - DAG(s) dict_keys(['example_xcom_args', 'example_xcom_args_with_operators']) retrieved from /home/airflow/.local/lib/python3.7/site-packages/airflow/example_dags/example_xcomargs.py
[2023-03-28T08:56:05.275+0000] {logging_mixin.py:137} INFO - [2023-03-28T08:56:05.275+0000] {dag.py:2693} INFO - Sync 2 DAGs
[2023-03-28T08:56:05.332+0000] {logging_mixin.py:137} INFO - [2023-03-28T08:56:05.332+0000] {dag.py:3444} INFO - Setting next_dagrun for example_xcom_args to None, run_after=None
[2023-03-28T08:56:05.344+0000] {logging_mixin.py:137} INFO - [2023-03-28T08:56:05.344+0000] {dag.py:3444} INFO - Setting next_dagrun for example_xcom_args_with_operators to None, run_after=None
[2023-03-28T08:56:05.517+0000] {processor.py:175} INFO - Processing /home/airflow/.local/lib/python3.7/site-packages/airflow/example_dags/example_xcomargs.py took 0.477 seconds
[2023-03-28T08:56:35.565+0000] {processor.py:153} INFO - Started process (PID=2675) to work on /home/airflow/.local/lib/python3.7/site-packages/airflow/example_dags/example_xcomargs.py
[2023-03-28T08:56:35.566+0000] {processor.py:743} INFO - Processing file /home/airflow/.local/lib/python3.7/site-packages/airflow/example_dags/example_xcomargs.py for tasks to queue
[2023-03-28T08:56:35.567+0000] {logging_mixin.py:137} INFO - [2023-03-28T08:56:35.567+0000] {dagbag.py:532} INFO - Filling up the DagBag from /home/airflow/.local/lib/python3.7/site-packages/airflow/example_dags/example_xcomargs.py
[2023-03-28T08:56:35.612+0000] {processor.py:753} INFO - DAG(s) dict_keys(['example_xcom_args_with_operators', 'example_xcom_args']) retrieved from /home/airflow/.local/lib/python3.7/site-packages/airflow/example_dags/example_xcomargs.py
[2023-03-28T08:56:35.809+0000] {logging_mixin.py:137} INFO - [2023-03-28T08:56:35.809+0000] {dag.py:2693} INFO - Sync 2 DAGs
[2023-03-28T08:56:35.871+0000] {logging_mixin.py:137} INFO - [2023-03-28T08:56:35.870+0000] {dag.py:3444} INFO - Setting next_dagrun for example_xcom_args to None, run_after=None
[2023-03-28T08:56:35.882+0000] {logging_mixin.py:137} INFO - [2023-03-28T08:56:35.882+0000] {dag.py:3444} INFO - Setting next_dagrun for example_xcom_args_with_operators to None, run_after=None
[2023-03-28T08:56:36.057+0000] {processor.py:175} INFO - Processing /home/airflow/.local/lib/python3.7/site-packages/airflow/example_dags/example_xcomargs.py took 0.497 seconds
[2023-03-28T08:57:06.581+0000] {processor.py:153} INFO - Started process (PID=2724) to work on /home/airflow/.local/lib/python3.7/site-packages/airflow/example_dags/example_xcomargs.py
[2023-03-28T08:57:06.582+0000] {processor.py:743} INFO - Processing file /home/airflow/.local/lib/python3.7/site-packages/airflow/example_dags/example_xcomargs.py for tasks to queue
[2023-03-28T08:57:06.583+0000] {logging_mixin.py:137} INFO - [2023-03-28T08:57:06.583+0000] {dagbag.py:532} INFO - Filling up the DagBag from /home/airflow/.local/lib/python3.7/site-packages/airflow/example_dags/example_xcomargs.py
[2023-03-28T08:57:06.613+0000] {processor.py:753} INFO - DAG(s) dict_keys(['example_xcom_args', 'example_xcom_args_with_operators']) retrieved from /home/airflow/.local/lib/python3.7/site-packages/airflow/example_dags/example_xcomargs.py
[2023-03-28T08:57:06.822+0000] {logging_mixin.py:137} INFO - [2023-03-28T08:57:06.822+0000] {dag.py:2693} INFO - Sync 2 DAGs
[2023-03-28T08:57:06.881+0000] {logging_mixin.py:137} INFO - [2023-03-28T08:57:06.881+0000] {dag.py:3444} INFO - Setting next_dagrun for example_xcom_args to None, run_after=None
[2023-03-28T08:57:06.893+0000] {logging_mixin.py:137} INFO - [2023-03-28T08:57:06.892+0000] {dag.py:3444} INFO - Setting next_dagrun for example_xcom_args_with_operators to None, run_after=None
[2023-03-28T08:57:07.099+0000] {processor.py:175} INFO - Processing /home/airflow/.local/lib/python3.7/site-packages/airflow/example_dags/example_xcomargs.py took 0.522 seconds
[2023-03-28T08:57:38.812+0000] {processor.py:153} INFO - Started process (PID=2773) to work on /home/airflow/.local/lib/python3.7/site-packages/airflow/example_dags/example_xcomargs.py
[2023-03-28T08:57:38.813+0000] {processor.py:743} INFO - Processing file /home/airflow/.local/lib/python3.7/site-packages/airflow/example_dags/example_xcomargs.py for tasks to queue
[2023-03-28T08:57:38.814+0000] {logging_mixin.py:137} INFO - [2023-03-28T08:57:38.814+0000] {dagbag.py:532} INFO - Filling up the DagBag from /home/airflow/.local/lib/python3.7/site-packages/airflow/example_dags/example_xcomargs.py
[2023-03-28T08:57:38.843+0000] {processor.py:753} INFO - DAG(s) dict_keys(['example_xcom_args', 'example_xcom_args_with_operators']) retrieved from /home/airflow/.local/lib/python3.7/site-packages/airflow/example_dags/example_xcomargs.py
[2023-03-28T08:57:39.040+0000] {logging_mixin.py:137} INFO - [2023-03-28T08:57:39.039+0000] {dag.py:2693} INFO - Sync 2 DAGs
[2023-03-28T08:57:39.093+0000] {logging_mixin.py:137} INFO - [2023-03-28T08:57:39.093+0000] {dag.py:3444} INFO - Setting next_dagrun for example_xcom_args to None, run_after=None
[2023-03-28T08:57:39.106+0000] {logging_mixin.py:137} INFO - [2023-03-28T08:57:39.106+0000] {dag.py:3444} INFO - Setting next_dagrun for example_xcom_args_with_operators to None, run_after=None
[2023-03-28T08:57:39.295+0000] {processor.py:175} INFO - Processing /home/airflow/.local/lib/python3.7/site-packages/airflow/example_dags/example_xcomargs.py took 0.488 seconds
[2023-03-28T08:58:09.400+0000] {processor.py:153} INFO - Started process (PID=2822) to work on /home/airflow/.local/lib/python3.7/site-packages/airflow/example_dags/example_xcomargs.py
[2023-03-28T08:58:09.401+0000] {processor.py:743} INFO - Processing file /home/airflow/.local/lib/python3.7/site-packages/airflow/example_dags/example_xcomargs.py for tasks to queue
[2023-03-28T08:58:09.402+0000] {logging_mixin.py:137} INFO - [2023-03-28T08:58:09.402+0000] {dagbag.py:532} INFO - Filling up the DagBag from /home/airflow/.local/lib/python3.7/site-packages/airflow/example_dags/example_xcomargs.py
[2023-03-28T08:58:09.443+0000] {processor.py:753} INFO - DAG(s) dict_keys(['example_xcom_args_with_operators', 'example_xcom_args']) retrieved from /home/airflow/.local/lib/python3.7/site-packages/airflow/example_dags/example_xcomargs.py
[2023-03-28T08:58:09.646+0000] {logging_mixin.py:137} INFO - [2023-03-28T08:58:09.646+0000] {dag.py:2693} INFO - Sync 2 DAGs
[2023-03-28T08:58:09.701+0000] {logging_mixin.py:137} INFO - [2023-03-28T08:58:09.701+0000] {dag.py:3444} INFO - Setting next_dagrun for example_xcom_args to None, run_after=None
[2023-03-28T08:58:09.714+0000] {logging_mixin.py:137} INFO - [2023-03-28T08:58:09.713+0000] {dag.py:3444} INFO - Setting next_dagrun for example_xcom_args_with_operators to None, run_after=None
[2023-03-28T08:58:09.890+0000] {processor.py:175} INFO - Processing /home/airflow/.local/lib/python3.7/site-packages/airflow/example_dags/example_xcomargs.py took 0.495 seconds
[2023-03-28T08:58:40.681+0000] {processor.py:153} INFO - Started process (PID=2871) to work on /home/airflow/.local/lib/python3.7/site-packages/airflow/example_dags/example_xcomargs.py
[2023-03-28T08:58:40.682+0000] {processor.py:743} INFO - Processing file /home/airflow/.local/lib/python3.7/site-packages/airflow/example_dags/example_xcomargs.py for tasks to queue
[2023-03-28T08:58:40.682+0000] {logging_mixin.py:137} INFO - [2023-03-28T08:58:40.682+0000] {dagbag.py:532} INFO - Filling up the DagBag from /home/airflow/.local/lib/python3.7/site-packages/airflow/example_dags/example_xcomargs.py
[2023-03-28T08:58:40.720+0000] {processor.py:753} INFO - DAG(s) dict_keys(['example_xcom_args', 'example_xcom_args_with_operators']) retrieved from /home/airflow/.local/lib/python3.7/site-packages/airflow/example_dags/example_xcomargs.py
[2023-03-28T08:58:40.940+0000] {logging_mixin.py:137} INFO - [2023-03-28T08:58:40.940+0000] {dag.py:2693} INFO - Sync 2 DAGs
[2023-03-28T08:58:40.992+0000] {logging_mixin.py:137} INFO - [2023-03-28T08:58:40.992+0000] {dag.py:3444} INFO - Setting next_dagrun for example_xcom_args to None, run_after=None
[2023-03-28T08:58:41.003+0000] {logging_mixin.py:137} INFO - [2023-03-28T08:58:41.003+0000] {dag.py:3444} INFO - Setting next_dagrun for example_xcom_args_with_operators to None, run_after=None
[2023-03-28T08:58:41.176+0000] {processor.py:175} INFO - Processing /home/airflow/.local/lib/python3.7/site-packages/airflow/example_dags/example_xcomargs.py took 0.500 seconds
[2023-03-28T08:59:11.459+0000] {processor.py:153} INFO - Started process (PID=2920) to work on /home/airflow/.local/lib/python3.7/site-packages/airflow/example_dags/example_xcomargs.py
[2023-03-28T08:59:11.460+0000] {processor.py:743} INFO - Processing file /home/airflow/.local/lib/python3.7/site-packages/airflow/example_dags/example_xcomargs.py for tasks to queue
[2023-03-28T08:59:11.461+0000] {logging_mixin.py:137} INFO - [2023-03-28T08:59:11.461+0000] {dagbag.py:532} INFO - Filling up the DagBag from /home/airflow/.local/lib/python3.7/site-packages/airflow/example_dags/example_xcomargs.py
[2023-03-28T08:59:11.501+0000] {processor.py:753} INFO - DAG(s) dict_keys(['example_xcom_args_with_operators', 'example_xcom_args']) retrieved from /home/airflow/.local/lib/python3.7/site-packages/airflow/example_dags/example_xcomargs.py
[2023-03-28T08:59:11.702+0000] {logging_mixin.py:137} INFO - [2023-03-28T08:59:11.702+0000] {dag.py:2693} INFO - Sync 2 DAGs
[2023-03-28T08:59:11.758+0000] {logging_mixin.py:137} INFO - [2023-03-28T08:59:11.758+0000] {dag.py:3444} INFO - Setting next_dagrun for example_xcom_args to None, run_after=None
[2023-03-28T08:59:11.770+0000] {logging_mixin.py:137} INFO - [2023-03-28T08:59:11.770+0000] {dag.py:3444} INFO - Setting next_dagrun for example_xcom_args_with_operators to None, run_after=None
[2023-03-28T08:59:12.000+0000] {processor.py:175} INFO - Processing /home/airflow/.local/lib/python3.7/site-packages/airflow/example_dags/example_xcomargs.py took 0.546 seconds
[2023-03-28T08:59:43.880+0000] {processor.py:153} INFO - Started process (PID=2973) to work on /home/airflow/.local/lib/python3.7/site-packages/airflow/example_dags/example_xcomargs.py
[2023-03-28T08:59:43.886+0000] {processor.py:743} INFO - Processing file /home/airflow/.local/lib/python3.7/site-packages/airflow/example_dags/example_xcomargs.py for tasks to queue
[2023-03-28T08:59:43.887+0000] {logging_mixin.py:137} INFO - [2023-03-28T08:59:43.887+0000] {dagbag.py:532} INFO - Filling up the DagBag from /home/airflow/.local/lib/python3.7/site-packages/airflow/example_dags/example_xcomargs.py
[2023-03-28T08:59:43.918+0000] {processor.py:753} INFO - DAG(s) dict_keys(['example_xcom_args', 'example_xcom_args_with_operators']) retrieved from /home/airflow/.local/lib/python3.7/site-packages/airflow/example_dags/example_xcomargs.py
[2023-03-28T08:59:44.104+0000] {logging_mixin.py:137} INFO - [2023-03-28T08:59:44.103+0000] {dag.py:2693} INFO - Sync 2 DAGs
[2023-03-28T08:59:44.175+0000] {logging_mixin.py:137} INFO - [2023-03-28T08:59:44.174+0000] {dag.py:3444} INFO - Setting next_dagrun for example_xcom_args to None, run_after=None
[2023-03-28T08:59:44.185+0000] {logging_mixin.py:137} INFO - [2023-03-28T08:59:44.185+0000] {dag.py:3444} INFO - Setting next_dagrun for example_xcom_args_with_operators to None, run_after=None
[2023-03-28T08:59:44.354+0000] {processor.py:175} INFO - Processing /home/airflow/.local/lib/python3.7/site-packages/airflow/example_dags/example_xcomargs.py took 0.478 seconds
