[2023-03-28T05:28:22.483+0000] {processor.py:153} INFO - Started process (PID=93) to work on /home/airflow/.local/lib/python3.7/site-packages/airflow/example_dags/example_task_group_decorator.py
[2023-03-28T05:28:22.484+0000] {processor.py:743} INFO - Processing file /home/airflow/.local/lib/python3.7/site-packages/airflow/example_dags/example_task_group_decorator.py for tasks to queue
[2023-03-28T05:28:22.484+0000] {logging_mixin.py:137} INFO - [2023-03-28T05:28:22.484+0000] {dagbag.py:532} INFO - Filling up the DagBag from /home/airflow/.local/lib/python3.7/site-packages/airflow/example_dags/example_task_group_decorator.py
[2023-03-28T05:28:22.499+0000] {processor.py:753} INFO - DAG(s) dict_keys(['example_task_group_decorator']) retrieved from /home/airflow/.local/lib/python3.7/site-packages/airflow/example_dags/example_task_group_decorator.py
[2023-03-28T05:28:22.712+0000] {logging_mixin.py:137} INFO - [2023-03-28T05:28:22.712+0000] {dag.py:2693} INFO - Sync 1 DAGs
[2023-03-28T05:28:22.807+0000] {logging_mixin.py:137} INFO - [2023-03-28T05:28:22.807+0000] {dag.py:3444} INFO - Setting next_dagrun for example_task_group_decorator to 2023-03-27T05:28:22.807415+00:00, run_after=2023-03-28T05:28:22.807415+00:00
[2023-03-28T05:28:22.999+0000] {processor.py:175} INFO - Processing /home/airflow/.local/lib/python3.7/site-packages/airflow/example_dags/example_task_group_decorator.py took 0.517 seconds
[2023-03-28T05:28:54.064+0000] {processor.py:153} INFO - Started process (PID=142) to work on /home/airflow/.local/lib/python3.7/site-packages/airflow/example_dags/example_task_group_decorator.py
[2023-03-28T05:28:54.065+0000] {processor.py:743} INFO - Processing file /home/airflow/.local/lib/python3.7/site-packages/airflow/example_dags/example_task_group_decorator.py for tasks to queue
[2023-03-28T05:28:54.065+0000] {logging_mixin.py:137} INFO - [2023-03-28T05:28:54.065+0000] {dagbag.py:532} INFO - Filling up the DagBag from /home/airflow/.local/lib/python3.7/site-packages/airflow/example_dags/example_task_group_decorator.py
[2023-03-28T05:28:54.081+0000] {processor.py:753} INFO - DAG(s) dict_keys(['example_task_group_decorator']) retrieved from /home/airflow/.local/lib/python3.7/site-packages/airflow/example_dags/example_task_group_decorator.py
[2023-03-28T05:28:54.302+0000] {logging_mixin.py:137} INFO - [2023-03-28T05:28:54.302+0000] {dag.py:2693} INFO - Sync 1 DAGs
[2023-03-28T05:28:54.388+0000] {logging_mixin.py:137} INFO - [2023-03-28T05:28:54.388+0000] {dag.py:3444} INFO - Setting next_dagrun for example_task_group_decorator to 2023-03-27T05:28:54.388394+00:00, run_after=2023-03-28T05:28:54.388394+00:00
[2023-03-28T05:28:54.563+0000] {processor.py:175} INFO - Processing /home/airflow/.local/lib/python3.7/site-packages/airflow/example_dags/example_task_group_decorator.py took 0.500 seconds
[2023-03-28T05:29:24.801+0000] {processor.py:153} INFO - Started process (PID=191) to work on /home/airflow/.local/lib/python3.7/site-packages/airflow/example_dags/example_task_group_decorator.py
[2023-03-28T05:29:24.802+0000] {processor.py:743} INFO - Processing file /home/airflow/.local/lib/python3.7/site-packages/airflow/example_dags/example_task_group_decorator.py for tasks to queue
[2023-03-28T05:29:24.802+0000] {logging_mixin.py:137} INFO - [2023-03-28T05:29:24.802+0000] {dagbag.py:532} INFO - Filling up the DagBag from /home/airflow/.local/lib/python3.7/site-packages/airflow/example_dags/example_task_group_decorator.py
[2023-03-28T05:29:24.819+0000] {processor.py:753} INFO - DAG(s) dict_keys(['example_task_group_decorator']) retrieved from /home/airflow/.local/lib/python3.7/site-packages/airflow/example_dags/example_task_group_decorator.py
[2023-03-28T05:29:25.012+0000] {logging_mixin.py:137} INFO - [2023-03-28T05:29:25.012+0000] {dag.py:2693} INFO - Sync 1 DAGs
[2023-03-28T05:29:25.109+0000] {logging_mixin.py:137} INFO - [2023-03-28T05:29:25.109+0000] {dag.py:3444} INFO - Setting next_dagrun for example_task_group_decorator to 2023-03-27T05:29:25.108958+00:00, run_after=2023-03-28T05:29:25.108958+00:00
[2023-03-28T05:29:25.290+0000] {processor.py:175} INFO - Processing /home/airflow/.local/lib/python3.7/site-packages/airflow/example_dags/example_task_group_decorator.py took 0.491 seconds
[2023-03-28T05:29:55.666+0000] {processor.py:153} INFO - Started process (PID=240) to work on /home/airflow/.local/lib/python3.7/site-packages/airflow/example_dags/example_task_group_decorator.py
[2023-03-28T05:29:55.666+0000] {processor.py:743} INFO - Processing file /home/airflow/.local/lib/python3.7/site-packages/airflow/example_dags/example_task_group_decorator.py for tasks to queue
[2023-03-28T05:29:55.667+0000] {logging_mixin.py:137} INFO - [2023-03-28T05:29:55.667+0000] {dagbag.py:532} INFO - Filling up the DagBag from /home/airflow/.local/lib/python3.7/site-packages/airflow/example_dags/example_task_group_decorator.py
[2023-03-28T05:29:55.683+0000] {processor.py:753} INFO - DAG(s) dict_keys(['example_task_group_decorator']) retrieved from /home/airflow/.local/lib/python3.7/site-packages/airflow/example_dags/example_task_group_decorator.py
[2023-03-28T05:29:55.902+0000] {logging_mixin.py:137} INFO - [2023-03-28T05:29:55.901+0000] {dag.py:2693} INFO - Sync 1 DAGs
[2023-03-28T05:29:55.993+0000] {logging_mixin.py:137} INFO - [2023-03-28T05:29:55.993+0000] {dag.py:3444} INFO - Setting next_dagrun for example_task_group_decorator to 2023-03-27T05:29:55.993588+00:00, run_after=2023-03-28T05:29:55.993588+00:00
[2023-03-28T05:29:56.149+0000] {processor.py:175} INFO - Processing /home/airflow/.local/lib/python3.7/site-packages/airflow/example_dags/example_task_group_decorator.py took 0.485 seconds
[2023-03-28T05:30:27.281+0000] {processor.py:153} INFO - Started process (PID=289) to work on /home/airflow/.local/lib/python3.7/site-packages/airflow/example_dags/example_task_group_decorator.py
[2023-03-28T05:30:27.281+0000] {processor.py:743} INFO - Processing file /home/airflow/.local/lib/python3.7/site-packages/airflow/example_dags/example_task_group_decorator.py for tasks to queue
[2023-03-28T05:30:27.282+0000] {logging_mixin.py:137} INFO - [2023-03-28T05:30:27.282+0000] {dagbag.py:532} INFO - Filling up the DagBag from /home/airflow/.local/lib/python3.7/site-packages/airflow/example_dags/example_task_group_decorator.py
[2023-03-28T05:30:27.298+0000] {processor.py:753} INFO - DAG(s) dict_keys(['example_task_group_decorator']) retrieved from /home/airflow/.local/lib/python3.7/site-packages/airflow/example_dags/example_task_group_decorator.py
[2023-03-28T05:30:27.522+0000] {logging_mixin.py:137} INFO - [2023-03-28T05:30:27.521+0000] {dag.py:2693} INFO - Sync 1 DAGs
[2023-03-28T05:30:27.609+0000] {logging_mixin.py:137} INFO - [2023-03-28T05:30:27.609+0000] {dag.py:3444} INFO - Setting next_dagrun for example_task_group_decorator to 2023-03-27T05:30:27.609369+00:00, run_after=2023-03-28T05:30:27.609369+00:00
[2023-03-28T05:30:27.777+0000] {processor.py:175} INFO - Processing /home/airflow/.local/lib/python3.7/site-packages/airflow/example_dags/example_task_group_decorator.py took 0.498 seconds
[2023-03-28T05:30:57.966+0000] {processor.py:153} INFO - Started process (PID=350) to work on /home/airflow/.local/lib/python3.7/site-packages/airflow/example_dags/example_task_group_decorator.py
[2023-03-28T05:30:57.966+0000] {processor.py:743} INFO - Processing file /home/airflow/.local/lib/python3.7/site-packages/airflow/example_dags/example_task_group_decorator.py for tasks to queue
[2023-03-28T05:30:57.966+0000] {logging_mixin.py:137} INFO - [2023-03-28T05:30:57.966+0000] {dagbag.py:532} INFO - Filling up the DagBag from /home/airflow/.local/lib/python3.7/site-packages/airflow/example_dags/example_task_group_decorator.py
[2023-03-28T05:30:57.985+0000] {processor.py:753} INFO - DAG(s) dict_keys(['example_task_group_decorator']) retrieved from /home/airflow/.local/lib/python3.7/site-packages/airflow/example_dags/example_task_group_decorator.py
[2023-03-28T05:30:58.152+0000] {logging_mixin.py:137} INFO - [2023-03-28T05:30:58.152+0000] {dag.py:2693} INFO - Sync 1 DAGs
[2023-03-28T05:30:58.236+0000] {logging_mixin.py:137} INFO - [2023-03-28T05:30:58.235+0000] {dag.py:3444} INFO - Setting next_dagrun for example_task_group_decorator to 2023-03-27T05:30:58.235775+00:00, run_after=2023-03-28T05:30:58.235775+00:00
[2023-03-28T05:30:58.407+0000] {processor.py:175} INFO - Processing /home/airflow/.local/lib/python3.7/site-packages/airflow/example_dags/example_task_group_decorator.py took 0.443 seconds
[2023-03-28T08:26:12.365+0000] {processor.py:153} INFO - Started process (PID=98) to work on /home/airflow/.local/lib/python3.7/site-packages/airflow/example_dags/example_task_group_decorator.py
[2023-03-28T08:26:14.005+0000] {processor.py:743} INFO - Processing file /home/airflow/.local/lib/python3.7/site-packages/airflow/example_dags/example_task_group_decorator.py for tasks to queue
[2023-03-28T08:26:14.035+0000] {logging_mixin.py:137} INFO - [2023-03-28T08:26:14.035+0000] {dagbag.py:532} INFO - Filling up the DagBag from /home/airflow/.local/lib/python3.7/site-packages/airflow/example_dags/example_task_group_decorator.py
[2023-03-28T08:26:21.817+0000] {processor.py:753} INFO - DAG(s) dict_keys(['example_task_group_decorator']) retrieved from /home/airflow/.local/lib/python3.7/site-packages/airflow/example_dags/example_task_group_decorator.py
[2023-03-28T08:26:38.906+0000] {logging_mixin.py:137} INFO - [2023-03-28T08:26:38.906+0000] {dag.py:2693} INFO - Sync 1 DAGs
[2023-03-28T08:26:42.696+0000] {logging_mixin.py:137} INFO - [2023-03-28T08:26:42.696+0000] {dag.py:3444} INFO - Setting next_dagrun for example_task_group_decorator to 2023-03-28T05:30:58.235775+00:00, run_after=2023-03-29T05:30:58.235775+00:00
[2023-03-28T08:26:47.400+0000] {processor.py:175} INFO - Processing /home/airflow/.local/lib/python3.7/site-packages/airflow/example_dags/example_task_group_decorator.py took 33.524 seconds
[2023-03-28T08:29:42.851+0000] {processor.py:153} INFO - Started process (PID=175) to work on /home/airflow/.local/lib/python3.7/site-packages/airflow/example_dags/example_task_group_decorator.py
[2023-03-28T08:29:42.853+0000] {processor.py:743} INFO - Processing file /home/airflow/.local/lib/python3.7/site-packages/airflow/example_dags/example_task_group_decorator.py for tasks to queue
[2023-03-28T08:29:42.854+0000] {logging_mixin.py:137} INFO - [2023-03-28T08:29:42.853+0000] {dagbag.py:532} INFO - Filling up the DagBag from /home/airflow/.local/lib/python3.7/site-packages/airflow/example_dags/example_task_group_decorator.py
[2023-03-28T08:29:42.894+0000] {processor.py:753} INFO - DAG(s) dict_keys(['example_task_group_decorator']) retrieved from /home/airflow/.local/lib/python3.7/site-packages/airflow/example_dags/example_task_group_decorator.py
[2023-03-28T08:29:43.163+0000] {logging_mixin.py:137} INFO - [2023-03-28T08:29:43.163+0000] {dag.py:2693} INFO - Sync 1 DAGs
[2023-03-28T08:29:43.222+0000] {logging_mixin.py:137} INFO - [2023-03-28T08:29:43.222+0000] {dag.py:3444} INFO - Setting next_dagrun for example_task_group_decorator to 2023-03-28T05:30:58.235775+00:00, run_after=2023-03-29T05:30:58.235775+00:00
[2023-03-28T08:29:43.421+0000] {processor.py:175} INFO - Processing /home/airflow/.local/lib/python3.7/site-packages/airflow/example_dags/example_task_group_decorator.py took 0.574 seconds
[2023-03-28T08:30:14.137+0000] {processor.py:153} INFO - Started process (PID=224) to work on /home/airflow/.local/lib/python3.7/site-packages/airflow/example_dags/example_task_group_decorator.py
[2023-03-28T08:30:14.144+0000] {processor.py:743} INFO - Processing file /home/airflow/.local/lib/python3.7/site-packages/airflow/example_dags/example_task_group_decorator.py for tasks to queue
[2023-03-28T08:30:14.145+0000] {logging_mixin.py:137} INFO - [2023-03-28T08:30:14.145+0000] {dagbag.py:532} INFO - Filling up the DagBag from /home/airflow/.local/lib/python3.7/site-packages/airflow/example_dags/example_task_group_decorator.py
[2023-03-28T08:30:14.183+0000] {processor.py:753} INFO - DAG(s) dict_keys(['example_task_group_decorator']) retrieved from /home/airflow/.local/lib/python3.7/site-packages/airflow/example_dags/example_task_group_decorator.py
[2023-03-28T08:30:14.364+0000] {logging_mixin.py:137} INFO - [2023-03-28T08:30:14.364+0000] {dag.py:2693} INFO - Sync 1 DAGs
[2023-03-28T08:30:14.420+0000] {logging_mixin.py:137} INFO - [2023-03-28T08:30:14.420+0000] {dag.py:3444} INFO - Setting next_dagrun for example_task_group_decorator to 2023-03-28T05:30:58.235775+00:00, run_after=2023-03-29T05:30:58.235775+00:00
[2023-03-28T08:30:14.600+0000] {processor.py:175} INFO - Processing /home/airflow/.local/lib/python3.7/site-packages/airflow/example_dags/example_task_group_decorator.py took 0.467 seconds
[2023-03-28T08:30:45.056+0000] {processor.py:153} INFO - Started process (PID=273) to work on /home/airflow/.local/lib/python3.7/site-packages/airflow/example_dags/example_task_group_decorator.py
[2023-03-28T08:30:45.057+0000] {processor.py:743} INFO - Processing file /home/airflow/.local/lib/python3.7/site-packages/airflow/example_dags/example_task_group_decorator.py for tasks to queue
[2023-03-28T08:30:45.058+0000] {logging_mixin.py:137} INFO - [2023-03-28T08:30:45.058+0000] {dagbag.py:532} INFO - Filling up the DagBag from /home/airflow/.local/lib/python3.7/site-packages/airflow/example_dags/example_task_group_decorator.py
[2023-03-28T08:30:45.098+0000] {processor.py:753} INFO - DAG(s) dict_keys(['example_task_group_decorator']) retrieved from /home/airflow/.local/lib/python3.7/site-packages/airflow/example_dags/example_task_group_decorator.py
[2023-03-28T08:30:45.310+0000] {logging_mixin.py:137} INFO - [2023-03-28T08:30:45.310+0000] {dag.py:2693} INFO - Sync 1 DAGs
[2023-03-28T08:30:45.369+0000] {logging_mixin.py:137} INFO - [2023-03-28T08:30:45.368+0000] {dag.py:3444} INFO - Setting next_dagrun for example_task_group_decorator to 2023-03-28T05:30:58.235775+00:00, run_after=2023-03-29T05:30:58.235775+00:00
[2023-03-28T08:30:45.535+0000] {processor.py:175} INFO - Processing /home/airflow/.local/lib/python3.7/site-packages/airflow/example_dags/example_task_group_decorator.py took 0.483 seconds
[2023-03-28T08:31:23.103+0000] {processor.py:153} INFO - Started process (PID=323) to work on /home/airflow/.local/lib/python3.7/site-packages/airflow/example_dags/example_task_group_decorator.py
[2023-03-28T08:31:23.129+0000] {processor.py:743} INFO - Processing file /home/airflow/.local/lib/python3.7/site-packages/airflow/example_dags/example_task_group_decorator.py for tasks to queue
[2023-03-28T08:31:23.129+0000] {logging_mixin.py:137} INFO - [2023-03-28T08:31:23.129+0000] {dagbag.py:532} INFO - Filling up the DagBag from /home/airflow/.local/lib/python3.7/site-packages/airflow/example_dags/example_task_group_decorator.py
[2023-03-28T08:31:23.171+0000] {processor.py:753} INFO - DAG(s) dict_keys(['example_task_group_decorator']) retrieved from /home/airflow/.local/lib/python3.7/site-packages/airflow/example_dags/example_task_group_decorator.py
[2023-03-28T08:31:23.366+0000] {logging_mixin.py:137} INFO - [2023-03-28T08:31:23.366+0000] {dag.py:2693} INFO - Sync 1 DAGs
[2023-03-28T08:31:23.432+0000] {logging_mixin.py:137} INFO - [2023-03-28T08:31:23.431+0000] {dag.py:3444} INFO - Setting next_dagrun for example_task_group_decorator to 2023-03-28T05:30:58.235775+00:00, run_after=2023-03-29T05:30:58.235775+00:00
[2023-03-28T08:31:23.635+0000] {processor.py:175} INFO - Processing /home/airflow/.local/lib/python3.7/site-packages/airflow/example_dags/example_task_group_decorator.py took 0.539 seconds
[2023-03-28T08:31:55.001+0000] {processor.py:153} INFO - Started process (PID=372) to work on /home/airflow/.local/lib/python3.7/site-packages/airflow/example_dags/example_task_group_decorator.py
[2023-03-28T08:31:55.006+0000] {processor.py:743} INFO - Processing file /home/airflow/.local/lib/python3.7/site-packages/airflow/example_dags/example_task_group_decorator.py for tasks to queue
[2023-03-28T08:31:55.007+0000] {logging_mixin.py:137} INFO - [2023-03-28T08:31:55.007+0000] {dagbag.py:532} INFO - Filling up the DagBag from /home/airflow/.local/lib/python3.7/site-packages/airflow/example_dags/example_task_group_decorator.py
[2023-03-28T08:31:55.073+0000] {processor.py:753} INFO - DAG(s) dict_keys(['example_task_group_decorator']) retrieved from /home/airflow/.local/lib/python3.7/site-packages/airflow/example_dags/example_task_group_decorator.py
[2023-03-28T08:31:55.401+0000] {logging_mixin.py:137} INFO - [2023-03-28T08:31:55.400+0000] {dag.py:2693} INFO - Sync 1 DAGs
[2023-03-28T08:31:55.514+0000] {logging_mixin.py:137} INFO - [2023-03-28T08:31:55.514+0000] {dag.py:3444} INFO - Setting next_dagrun for example_task_group_decorator to 2023-03-28T05:30:58.235775+00:00, run_after=2023-03-29T05:30:58.235775+00:00
[2023-03-28T08:31:56.105+0000] {processor.py:175} INFO - Processing /home/airflow/.local/lib/python3.7/site-packages/airflow/example_dags/example_task_group_decorator.py took 1.108 seconds
[2023-03-28T08:32:27.042+0000] {processor.py:153} INFO - Started process (PID=421) to work on /home/airflow/.local/lib/python3.7/site-packages/airflow/example_dags/example_task_group_decorator.py
[2023-03-28T08:32:27.043+0000] {processor.py:743} INFO - Processing file /home/airflow/.local/lib/python3.7/site-packages/airflow/example_dags/example_task_group_decorator.py for tasks to queue
[2023-03-28T08:32:27.044+0000] {logging_mixin.py:137} INFO - [2023-03-28T08:32:27.044+0000] {dagbag.py:532} INFO - Filling up the DagBag from /home/airflow/.local/lib/python3.7/site-packages/airflow/example_dags/example_task_group_decorator.py
[2023-03-28T08:32:27.090+0000] {processor.py:753} INFO - DAG(s) dict_keys(['example_task_group_decorator']) retrieved from /home/airflow/.local/lib/python3.7/site-packages/airflow/example_dags/example_task_group_decorator.py
[2023-03-28T08:32:27.263+0000] {logging_mixin.py:137} INFO - [2023-03-28T08:32:27.263+0000] {dag.py:2693} INFO - Sync 1 DAGs
[2023-03-28T08:32:27.319+0000] {logging_mixin.py:137} INFO - [2023-03-28T08:32:27.318+0000] {dag.py:3444} INFO - Setting next_dagrun for example_task_group_decorator to 2023-03-28T05:30:58.235775+00:00, run_after=2023-03-29T05:30:58.235775+00:00
[2023-03-28T08:32:27.484+0000] {processor.py:175} INFO - Processing /home/airflow/.local/lib/python3.7/site-packages/airflow/example_dags/example_task_group_decorator.py took 0.457 seconds
[2023-03-28T08:33:04.995+0000] {processor.py:153} INFO - Started process (PID=470) to work on /home/airflow/.local/lib/python3.7/site-packages/airflow/example_dags/example_task_group_decorator.py
[2023-03-28T08:33:04.996+0000] {processor.py:743} INFO - Processing file /home/airflow/.local/lib/python3.7/site-packages/airflow/example_dags/example_task_group_decorator.py for tasks to queue
[2023-03-28T08:33:04.998+0000] {logging_mixin.py:137} INFO - [2023-03-28T08:33:04.997+0000] {dagbag.py:532} INFO - Filling up the DagBag from /home/airflow/.local/lib/python3.7/site-packages/airflow/example_dags/example_task_group_decorator.py
[2023-03-28T08:33:05.051+0000] {processor.py:753} INFO - DAG(s) dict_keys(['example_task_group_decorator']) retrieved from /home/airflow/.local/lib/python3.7/site-packages/airflow/example_dags/example_task_group_decorator.py
[2023-03-28T08:33:05.261+0000] {logging_mixin.py:137} INFO - [2023-03-28T08:33:05.261+0000] {dag.py:2693} INFO - Sync 1 DAGs
[2023-03-28T08:33:05.321+0000] {logging_mixin.py:137} INFO - [2023-03-28T08:33:05.321+0000] {dag.py:3444} INFO - Setting next_dagrun for example_task_group_decorator to 2023-03-28T05:30:58.235775+00:00, run_after=2023-03-29T05:30:58.235775+00:00
[2023-03-28T08:33:05.560+0000] {processor.py:175} INFO - Processing /home/airflow/.local/lib/python3.7/site-packages/airflow/example_dags/example_task_group_decorator.py took 0.571 seconds
[2023-03-28T08:33:36.336+0000] {processor.py:153} INFO - Started process (PID=519) to work on /home/airflow/.local/lib/python3.7/site-packages/airflow/example_dags/example_task_group_decorator.py
[2023-03-28T08:33:36.337+0000] {processor.py:743} INFO - Processing file /home/airflow/.local/lib/python3.7/site-packages/airflow/example_dags/example_task_group_decorator.py for tasks to queue
[2023-03-28T08:33:36.338+0000] {logging_mixin.py:137} INFO - [2023-03-28T08:33:36.338+0000] {dagbag.py:532} INFO - Filling up the DagBag from /home/airflow/.local/lib/python3.7/site-packages/airflow/example_dags/example_task_group_decorator.py
[2023-03-28T08:33:36.390+0000] {processor.py:753} INFO - DAG(s) dict_keys(['example_task_group_decorator']) retrieved from /home/airflow/.local/lib/python3.7/site-packages/airflow/example_dags/example_task_group_decorator.py
[2023-03-28T08:33:36.576+0000] {logging_mixin.py:137} INFO - [2023-03-28T08:33:36.576+0000] {dag.py:2693} INFO - Sync 1 DAGs
[2023-03-28T08:33:36.636+0000] {logging_mixin.py:137} INFO - [2023-03-28T08:33:36.635+0000] {dag.py:3444} INFO - Setting next_dagrun for example_task_group_decorator to 2023-03-28T05:30:58.235775+00:00, run_after=2023-03-29T05:30:58.235775+00:00
[2023-03-28T08:33:36.814+0000] {processor.py:175} INFO - Processing /home/airflow/.local/lib/python3.7/site-packages/airflow/example_dags/example_task_group_decorator.py took 0.483 seconds
[2023-03-28T08:34:19.629+0000] {processor.py:153} INFO - Started process (PID=574) to work on /home/airflow/.local/lib/python3.7/site-packages/airflow/example_dags/example_task_group_decorator.py
[2023-03-28T08:34:19.630+0000] {processor.py:743} INFO - Processing file /home/airflow/.local/lib/python3.7/site-packages/airflow/example_dags/example_task_group_decorator.py for tasks to queue
[2023-03-28T08:34:19.631+0000] {logging_mixin.py:137} INFO - [2023-03-28T08:34:19.631+0000] {dagbag.py:532} INFO - Filling up the DagBag from /home/airflow/.local/lib/python3.7/site-packages/airflow/example_dags/example_task_group_decorator.py
[2023-03-28T08:34:19.675+0000] {processor.py:753} INFO - DAG(s) dict_keys(['example_task_group_decorator']) retrieved from /home/airflow/.local/lib/python3.7/site-packages/airflow/example_dags/example_task_group_decorator.py
[2023-03-28T08:34:19.895+0000] {logging_mixin.py:137} INFO - [2023-03-28T08:34:19.894+0000] {dag.py:2693} INFO - Sync 1 DAGs
[2023-03-28T08:34:19.978+0000] {logging_mixin.py:137} INFO - [2023-03-28T08:34:19.978+0000] {dag.py:3444} INFO - Setting next_dagrun for example_task_group_decorator to 2023-03-28T05:30:58.235775+00:00, run_after=2023-03-29T05:30:58.235775+00:00
[2023-03-28T08:34:20.236+0000] {processor.py:175} INFO - Processing /home/airflow/.local/lib/python3.7/site-packages/airflow/example_dags/example_task_group_decorator.py took 0.612 seconds
[2023-03-28T08:34:51.652+0000] {processor.py:153} INFO - Started process (PID=623) to work on /home/airflow/.local/lib/python3.7/site-packages/airflow/example_dags/example_task_group_decorator.py
[2023-03-28T08:34:51.653+0000] {processor.py:743} INFO - Processing file /home/airflow/.local/lib/python3.7/site-packages/airflow/example_dags/example_task_group_decorator.py for tasks to queue
[2023-03-28T08:34:51.655+0000] {logging_mixin.py:137} INFO - [2023-03-28T08:34:51.655+0000] {dagbag.py:532} INFO - Filling up the DagBag from /home/airflow/.local/lib/python3.7/site-packages/airflow/example_dags/example_task_group_decorator.py
[2023-03-28T08:34:51.698+0000] {processor.py:753} INFO - DAG(s) dict_keys(['example_task_group_decorator']) retrieved from /home/airflow/.local/lib/python3.7/site-packages/airflow/example_dags/example_task_group_decorator.py
[2023-03-28T08:34:51.878+0000] {logging_mixin.py:137} INFO - [2023-03-28T08:34:51.877+0000] {dag.py:2693} INFO - Sync 1 DAGs
[2023-03-28T08:34:51.941+0000] {logging_mixin.py:137} INFO - [2023-03-28T08:34:51.940+0000] {dag.py:3444} INFO - Setting next_dagrun for example_task_group_decorator to 2023-03-28T05:30:58.235775+00:00, run_after=2023-03-29T05:30:58.235775+00:00
[2023-03-28T08:34:52.100+0000] {processor.py:175} INFO - Processing /home/airflow/.local/lib/python3.7/site-packages/airflow/example_dags/example_task_group_decorator.py took 0.452 seconds
[2023-03-28T08:35:22.452+0000] {processor.py:153} INFO - Started process (PID=673) to work on /home/airflow/.local/lib/python3.7/site-packages/airflow/example_dags/example_task_group_decorator.py
[2023-03-28T08:35:22.453+0000] {processor.py:743} INFO - Processing file /home/airflow/.local/lib/python3.7/site-packages/airflow/example_dags/example_task_group_decorator.py for tasks to queue
[2023-03-28T08:35:22.454+0000] {logging_mixin.py:137} INFO - [2023-03-28T08:35:22.454+0000] {dagbag.py:532} INFO - Filling up the DagBag from /home/airflow/.local/lib/python3.7/site-packages/airflow/example_dags/example_task_group_decorator.py
[2023-03-28T08:35:22.489+0000] {processor.py:753} INFO - DAG(s) dict_keys(['example_task_group_decorator']) retrieved from /home/airflow/.local/lib/python3.7/site-packages/airflow/example_dags/example_task_group_decorator.py
[2023-03-28T08:35:22.700+0000] {logging_mixin.py:137} INFO - [2023-03-28T08:35:22.700+0000] {dag.py:2693} INFO - Sync 1 DAGs
[2023-03-28T08:35:22.771+0000] {logging_mixin.py:137} INFO - [2023-03-28T08:35:22.771+0000] {dag.py:3444} INFO - Setting next_dagrun for example_task_group_decorator to 2023-03-28T05:30:58.235775+00:00, run_after=2023-03-29T05:30:58.235775+00:00
[2023-03-28T08:35:22.950+0000] {processor.py:175} INFO - Processing /home/airflow/.local/lib/python3.7/site-packages/airflow/example_dags/example_task_group_decorator.py took 0.502 seconds
[2023-03-28T08:35:53.499+0000] {processor.py:153} INFO - Started process (PID=722) to work on /home/airflow/.local/lib/python3.7/site-packages/airflow/example_dags/example_task_group_decorator.py
[2023-03-28T08:35:53.500+0000] {processor.py:743} INFO - Processing file /home/airflow/.local/lib/python3.7/site-packages/airflow/example_dags/example_task_group_decorator.py for tasks to queue
[2023-03-28T08:35:53.502+0000] {logging_mixin.py:137} INFO - [2023-03-28T08:35:53.502+0000] {dagbag.py:532} INFO - Filling up the DagBag from /home/airflow/.local/lib/python3.7/site-packages/airflow/example_dags/example_task_group_decorator.py
[2023-03-28T08:35:53.547+0000] {processor.py:753} INFO - DAG(s) dict_keys(['example_task_group_decorator']) retrieved from /home/airflow/.local/lib/python3.7/site-packages/airflow/example_dags/example_task_group_decorator.py
[2023-03-28T08:35:53.711+0000] {logging_mixin.py:137} INFO - [2023-03-28T08:35:53.711+0000] {dag.py:2693} INFO - Sync 1 DAGs
[2023-03-28T08:35:53.770+0000] {logging_mixin.py:137} INFO - [2023-03-28T08:35:53.770+0000] {dag.py:3444} INFO - Setting next_dagrun for example_task_group_decorator to 2023-03-28T05:30:58.235775+00:00, run_after=2023-03-29T05:30:58.235775+00:00
[2023-03-28T08:35:53.927+0000] {processor.py:175} INFO - Processing /home/airflow/.local/lib/python3.7/site-packages/airflow/example_dags/example_task_group_decorator.py took 0.431 seconds
[2023-03-28T08:36:32.365+0000] {processor.py:153} INFO - Started process (PID=772) to work on /home/airflow/.local/lib/python3.7/site-packages/airflow/example_dags/example_task_group_decorator.py
[2023-03-28T08:36:32.368+0000] {processor.py:743} INFO - Processing file /home/airflow/.local/lib/python3.7/site-packages/airflow/example_dags/example_task_group_decorator.py for tasks to queue
[2023-03-28T08:36:32.369+0000] {logging_mixin.py:137} INFO - [2023-03-28T08:36:32.369+0000] {dagbag.py:532} INFO - Filling up the DagBag from /home/airflow/.local/lib/python3.7/site-packages/airflow/example_dags/example_task_group_decorator.py
[2023-03-28T08:36:32.418+0000] {processor.py:753} INFO - DAG(s) dict_keys(['example_task_group_decorator']) retrieved from /home/airflow/.local/lib/python3.7/site-packages/airflow/example_dags/example_task_group_decorator.py
[2023-03-28T08:36:32.589+0000] {logging_mixin.py:137} INFO - [2023-03-28T08:36:32.589+0000] {dag.py:2693} INFO - Sync 1 DAGs
[2023-03-28T08:36:32.676+0000] {logging_mixin.py:137} INFO - [2023-03-28T08:36:32.675+0000] {dag.py:3444} INFO - Setting next_dagrun for example_task_group_decorator to 2023-03-28T05:30:58.235775+00:00, run_after=2023-03-29T05:30:58.235775+00:00
[2023-03-28T08:36:32.864+0000] {processor.py:175} INFO - Processing /home/airflow/.local/lib/python3.7/site-packages/airflow/example_dags/example_task_group_decorator.py took 0.506 seconds
[2023-03-28T08:37:04.593+0000] {processor.py:153} INFO - Started process (PID=821) to work on /home/airflow/.local/lib/python3.7/site-packages/airflow/example_dags/example_task_group_decorator.py
[2023-03-28T08:37:04.595+0000] {processor.py:743} INFO - Processing file /home/airflow/.local/lib/python3.7/site-packages/airflow/example_dags/example_task_group_decorator.py for tasks to queue
[2023-03-28T08:37:04.597+0000] {logging_mixin.py:137} INFO - [2023-03-28T08:37:04.597+0000] {dagbag.py:532} INFO - Filling up the DagBag from /home/airflow/.local/lib/python3.7/site-packages/airflow/example_dags/example_task_group_decorator.py
[2023-03-28T08:37:04.640+0000] {processor.py:753} INFO - DAG(s) dict_keys(['example_task_group_decorator']) retrieved from /home/airflow/.local/lib/python3.7/site-packages/airflow/example_dags/example_task_group_decorator.py
[2023-03-28T08:37:04.821+0000] {logging_mixin.py:137} INFO - [2023-03-28T08:37:04.820+0000] {dag.py:2693} INFO - Sync 1 DAGs
[2023-03-28T08:37:04.882+0000] {logging_mixin.py:137} INFO - [2023-03-28T08:37:04.882+0000] {dag.py:3444} INFO - Setting next_dagrun for example_task_group_decorator to 2023-03-28T05:30:58.235775+00:00, run_after=2023-03-29T05:30:58.235775+00:00
[2023-03-28T08:37:05.048+0000] {processor.py:175} INFO - Processing /home/airflow/.local/lib/python3.7/site-packages/airflow/example_dags/example_task_group_decorator.py took 0.460 seconds
[2023-03-28T08:37:35.138+0000] {processor.py:153} INFO - Started process (PID=870) to work on /home/airflow/.local/lib/python3.7/site-packages/airflow/example_dags/example_task_group_decorator.py
[2023-03-28T08:37:35.140+0000] {processor.py:743} INFO - Processing file /home/airflow/.local/lib/python3.7/site-packages/airflow/example_dags/example_task_group_decorator.py for tasks to queue
[2023-03-28T08:37:35.141+0000] {logging_mixin.py:137} INFO - [2023-03-28T08:37:35.141+0000] {dagbag.py:532} INFO - Filling up the DagBag from /home/airflow/.local/lib/python3.7/site-packages/airflow/example_dags/example_task_group_decorator.py
[2023-03-28T08:37:35.185+0000] {processor.py:753} INFO - DAG(s) dict_keys(['example_task_group_decorator']) retrieved from /home/airflow/.local/lib/python3.7/site-packages/airflow/example_dags/example_task_group_decorator.py
[2023-03-28T08:37:35.355+0000] {logging_mixin.py:137} INFO - [2023-03-28T08:37:35.355+0000] {dag.py:2693} INFO - Sync 1 DAGs
[2023-03-28T08:37:35.412+0000] {logging_mixin.py:137} INFO - [2023-03-28T08:37:35.412+0000] {dag.py:3444} INFO - Setting next_dagrun for example_task_group_decorator to 2023-03-28T05:30:58.235775+00:00, run_after=2023-03-29T05:30:58.235775+00:00
[2023-03-28T08:37:35.577+0000] {processor.py:175} INFO - Processing /home/airflow/.local/lib/python3.7/site-packages/airflow/example_dags/example_task_group_decorator.py took 0.443 seconds
[2023-03-28T08:38:06.340+0000] {processor.py:153} INFO - Started process (PID=919) to work on /home/airflow/.local/lib/python3.7/site-packages/airflow/example_dags/example_task_group_decorator.py
[2023-03-28T08:38:06.347+0000] {processor.py:743} INFO - Processing file /home/airflow/.local/lib/python3.7/site-packages/airflow/example_dags/example_task_group_decorator.py for tasks to queue
[2023-03-28T08:38:06.348+0000] {logging_mixin.py:137} INFO - [2023-03-28T08:38:06.347+0000] {dagbag.py:532} INFO - Filling up the DagBag from /home/airflow/.local/lib/python3.7/site-packages/airflow/example_dags/example_task_group_decorator.py
[2023-03-28T08:38:06.403+0000] {processor.py:753} INFO - DAG(s) dict_keys(['example_task_group_decorator']) retrieved from /home/airflow/.local/lib/python3.7/site-packages/airflow/example_dags/example_task_group_decorator.py
[2023-03-28T08:38:06.594+0000] {logging_mixin.py:137} INFO - [2023-03-28T08:38:06.594+0000] {dag.py:2693} INFO - Sync 1 DAGs
[2023-03-28T08:38:06.647+0000] {logging_mixin.py:137} INFO - [2023-03-28T08:38:06.646+0000] {dag.py:3444} INFO - Setting next_dagrun for example_task_group_decorator to 2023-03-28T05:30:58.235775+00:00, run_after=2023-03-29T05:30:58.235775+00:00
[2023-03-28T08:38:06.804+0000] {processor.py:175} INFO - Processing /home/airflow/.local/lib/python3.7/site-packages/airflow/example_dags/example_task_group_decorator.py took 0.479 seconds
[2023-03-28T08:38:45.639+0000] {processor.py:153} INFO - Started process (PID=978) to work on /home/airflow/.local/lib/python3.7/site-packages/airflow/example_dags/example_task_group_decorator.py
[2023-03-28T08:38:45.640+0000] {processor.py:743} INFO - Processing file /home/airflow/.local/lib/python3.7/site-packages/airflow/example_dags/example_task_group_decorator.py for tasks to queue
[2023-03-28T08:38:45.641+0000] {logging_mixin.py:137} INFO - [2023-03-28T08:38:45.641+0000] {dagbag.py:532} INFO - Filling up the DagBag from /home/airflow/.local/lib/python3.7/site-packages/airflow/example_dags/example_task_group_decorator.py
[2023-03-28T08:38:45.682+0000] {processor.py:753} INFO - DAG(s) dict_keys(['example_task_group_decorator']) retrieved from /home/airflow/.local/lib/python3.7/site-packages/airflow/example_dags/example_task_group_decorator.py
[2023-03-28T08:38:45.855+0000] {logging_mixin.py:137} INFO - [2023-03-28T08:38:45.855+0000] {dag.py:2693} INFO - Sync 1 DAGs
[2023-03-28T08:38:45.915+0000] {logging_mixin.py:137} INFO - [2023-03-28T08:38:45.915+0000] {dag.py:3444} INFO - Setting next_dagrun for example_task_group_decorator to 2023-03-28T05:30:58.235775+00:00, run_after=2023-03-29T05:30:58.235775+00:00
[2023-03-28T08:38:46.079+0000] {processor.py:175} INFO - Processing /home/airflow/.local/lib/python3.7/site-packages/airflow/example_dags/example_task_group_decorator.py took 0.445 seconds
[2023-03-28T08:39:17.072+0000] {processor.py:153} INFO - Started process (PID=1028) to work on /home/airflow/.local/lib/python3.7/site-packages/airflow/example_dags/example_task_group_decorator.py
[2023-03-28T08:39:17.073+0000] {processor.py:743} INFO - Processing file /home/airflow/.local/lib/python3.7/site-packages/airflow/example_dags/example_task_group_decorator.py for tasks to queue
[2023-03-28T08:39:17.074+0000] {logging_mixin.py:137} INFO - [2023-03-28T08:39:17.074+0000] {dagbag.py:532} INFO - Filling up the DagBag from /home/airflow/.local/lib/python3.7/site-packages/airflow/example_dags/example_task_group_decorator.py
[2023-03-28T08:39:17.114+0000] {processor.py:753} INFO - DAG(s) dict_keys(['example_task_group_decorator']) retrieved from /home/airflow/.local/lib/python3.7/site-packages/airflow/example_dags/example_task_group_decorator.py
[2023-03-28T08:39:17.307+0000] {logging_mixin.py:137} INFO - [2023-03-28T08:39:17.306+0000] {dag.py:2693} INFO - Sync 1 DAGs
[2023-03-28T08:39:17.366+0000] {logging_mixin.py:137} INFO - [2023-03-28T08:39:17.365+0000] {dag.py:3444} INFO - Setting next_dagrun for example_task_group_decorator to 2023-03-28T05:30:58.235775+00:00, run_after=2023-03-29T05:30:58.235775+00:00
[2023-03-28T08:39:17.574+0000] {processor.py:175} INFO - Processing /home/airflow/.local/lib/python3.7/site-packages/airflow/example_dags/example_task_group_decorator.py took 0.507 seconds
[2023-03-28T08:39:48.352+0000] {processor.py:153} INFO - Started process (PID=1077) to work on /home/airflow/.local/lib/python3.7/site-packages/airflow/example_dags/example_task_group_decorator.py
[2023-03-28T08:39:48.354+0000] {processor.py:743} INFO - Processing file /home/airflow/.local/lib/python3.7/site-packages/airflow/example_dags/example_task_group_decorator.py for tasks to queue
[2023-03-28T08:39:48.355+0000] {logging_mixin.py:137} INFO - [2023-03-28T08:39:48.355+0000] {dagbag.py:532} INFO - Filling up the DagBag from /home/airflow/.local/lib/python3.7/site-packages/airflow/example_dags/example_task_group_decorator.py
[2023-03-28T08:39:48.399+0000] {processor.py:753} INFO - DAG(s) dict_keys(['example_task_group_decorator']) retrieved from /home/airflow/.local/lib/python3.7/site-packages/airflow/example_dags/example_task_group_decorator.py
[2023-03-28T08:39:48.580+0000] {logging_mixin.py:137} INFO - [2023-03-28T08:39:48.579+0000] {dag.py:2693} INFO - Sync 1 DAGs
[2023-03-28T08:39:48.640+0000] {logging_mixin.py:137} INFO - [2023-03-28T08:39:48.640+0000] {dag.py:3444} INFO - Setting next_dagrun for example_task_group_decorator to 2023-03-28T05:30:58.235775+00:00, run_after=2023-03-29T05:30:58.235775+00:00
[2023-03-28T08:39:48.799+0000] {processor.py:175} INFO - Processing /home/airflow/.local/lib/python3.7/site-packages/airflow/example_dags/example_task_group_decorator.py took 0.451 seconds
[2023-03-28T08:40:18.982+0000] {processor.py:153} INFO - Started process (PID=1127) to work on /home/airflow/.local/lib/python3.7/site-packages/airflow/example_dags/example_task_group_decorator.py
[2023-03-28T08:40:18.983+0000] {processor.py:743} INFO - Processing file /home/airflow/.local/lib/python3.7/site-packages/airflow/example_dags/example_task_group_decorator.py for tasks to queue
[2023-03-28T08:40:18.984+0000] {logging_mixin.py:137} INFO - [2023-03-28T08:40:18.984+0000] {dagbag.py:532} INFO - Filling up the DagBag from /home/airflow/.local/lib/python3.7/site-packages/airflow/example_dags/example_task_group_decorator.py
[2023-03-28T08:40:19.026+0000] {processor.py:753} INFO - DAG(s) dict_keys(['example_task_group_decorator']) retrieved from /home/airflow/.local/lib/python3.7/site-packages/airflow/example_dags/example_task_group_decorator.py
[2023-03-28T08:40:19.197+0000] {logging_mixin.py:137} INFO - [2023-03-28T08:40:19.197+0000] {dag.py:2693} INFO - Sync 1 DAGs
[2023-03-28T08:40:19.251+0000] {logging_mixin.py:137} INFO - [2023-03-28T08:40:19.251+0000] {dag.py:3444} INFO - Setting next_dagrun for example_task_group_decorator to 2023-03-28T05:30:58.235775+00:00, run_after=2023-03-29T05:30:58.235775+00:00
[2023-03-28T08:40:19.434+0000] {processor.py:175} INFO - Processing /home/airflow/.local/lib/python3.7/site-packages/airflow/example_dags/example_task_group_decorator.py took 0.456 seconds
[2023-03-28T08:40:49.826+0000] {processor.py:153} INFO - Started process (PID=1177) to work on /home/airflow/.local/lib/python3.7/site-packages/airflow/example_dags/example_task_group_decorator.py
[2023-03-28T08:40:49.828+0000] {processor.py:743} INFO - Processing file /home/airflow/.local/lib/python3.7/site-packages/airflow/example_dags/example_task_group_decorator.py for tasks to queue
[2023-03-28T08:40:49.829+0000] {logging_mixin.py:137} INFO - [2023-03-28T08:40:49.829+0000] {dagbag.py:532} INFO - Filling up the DagBag from /home/airflow/.local/lib/python3.7/site-packages/airflow/example_dags/example_task_group_decorator.py
[2023-03-28T08:40:49.875+0000] {processor.py:753} INFO - DAG(s) dict_keys(['example_task_group_decorator']) retrieved from /home/airflow/.local/lib/python3.7/site-packages/airflow/example_dags/example_task_group_decorator.py
[2023-03-28T08:40:50.139+0000] {logging_mixin.py:137} INFO - [2023-03-28T08:40:50.139+0000] {dag.py:2693} INFO - Sync 1 DAGs
[2023-03-28T08:40:50.214+0000] {logging_mixin.py:137} INFO - [2023-03-28T08:40:50.214+0000] {dag.py:3444} INFO - Setting next_dagrun for example_task_group_decorator to 2023-03-28T05:30:58.235775+00:00, run_after=2023-03-29T05:30:58.235775+00:00
[2023-03-28T08:40:50.421+0000] {processor.py:175} INFO - Processing /home/airflow/.local/lib/python3.7/site-packages/airflow/example_dags/example_task_group_decorator.py took 0.599 seconds
[2023-03-28T08:41:21.058+0000] {processor.py:153} INFO - Started process (PID=1226) to work on /home/airflow/.local/lib/python3.7/site-packages/airflow/example_dags/example_task_group_decorator.py
[2023-03-28T08:41:21.059+0000] {processor.py:743} INFO - Processing file /home/airflow/.local/lib/python3.7/site-packages/airflow/example_dags/example_task_group_decorator.py for tasks to queue
[2023-03-28T08:41:21.061+0000] {logging_mixin.py:137} INFO - [2023-03-28T08:41:21.060+0000] {dagbag.py:532} INFO - Filling up the DagBag from /home/airflow/.local/lib/python3.7/site-packages/airflow/example_dags/example_task_group_decorator.py
[2023-03-28T08:41:21.117+0000] {processor.py:753} INFO - DAG(s) dict_keys(['example_task_group_decorator']) retrieved from /home/airflow/.local/lib/python3.7/site-packages/airflow/example_dags/example_task_group_decorator.py
[2023-03-28T08:41:21.358+0000] {logging_mixin.py:137} INFO - [2023-03-28T08:41:21.358+0000] {dag.py:2693} INFO - Sync 1 DAGs
[2023-03-28T08:41:21.427+0000] {logging_mixin.py:137} INFO - [2023-03-28T08:41:21.427+0000] {dag.py:3444} INFO - Setting next_dagrun for example_task_group_decorator to 2023-03-28T05:30:58.235775+00:00, run_after=2023-03-29T05:30:58.235775+00:00
[2023-03-28T08:41:21.630+0000] {processor.py:175} INFO - Processing /home/airflow/.local/lib/python3.7/site-packages/airflow/example_dags/example_task_group_decorator.py took 0.576 seconds
[2023-03-28T08:41:51.987+0000] {processor.py:153} INFO - Started process (PID=1276) to work on /home/airflow/.local/lib/python3.7/site-packages/airflow/example_dags/example_task_group_decorator.py
[2023-03-28T08:41:51.990+0000] {processor.py:743} INFO - Processing file /home/airflow/.local/lib/python3.7/site-packages/airflow/example_dags/example_task_group_decorator.py for tasks to queue
[2023-03-28T08:41:51.992+0000] {logging_mixin.py:137} INFO - [2023-03-28T08:41:51.992+0000] {dagbag.py:532} INFO - Filling up the DagBag from /home/airflow/.local/lib/python3.7/site-packages/airflow/example_dags/example_task_group_decorator.py
[2023-03-28T08:41:52.042+0000] {processor.py:753} INFO - DAG(s) dict_keys(['example_task_group_decorator']) retrieved from /home/airflow/.local/lib/python3.7/site-packages/airflow/example_dags/example_task_group_decorator.py
[2023-03-28T08:41:52.213+0000] {logging_mixin.py:137} INFO - [2023-03-28T08:41:52.213+0000] {dag.py:2693} INFO - Sync 1 DAGs
[2023-03-28T08:41:52.277+0000] {logging_mixin.py:137} INFO - [2023-03-28T08:41:52.276+0000] {dag.py:3444} INFO - Setting next_dagrun for example_task_group_decorator to 2023-03-28T05:30:58.235775+00:00, run_after=2023-03-29T05:30:58.235775+00:00
[2023-03-28T08:41:52.427+0000] {processor.py:175} INFO - Processing /home/airflow/.local/lib/python3.7/site-packages/airflow/example_dags/example_task_group_decorator.py took 0.444 seconds
[2023-03-28T08:42:22.674+0000] {processor.py:153} INFO - Started process (PID=1325) to work on /home/airflow/.local/lib/python3.7/site-packages/airflow/example_dags/example_task_group_decorator.py
[2023-03-28T08:42:22.675+0000] {processor.py:743} INFO - Processing file /home/airflow/.local/lib/python3.7/site-packages/airflow/example_dags/example_task_group_decorator.py for tasks to queue
[2023-03-28T08:42:22.676+0000] {logging_mixin.py:137} INFO - [2023-03-28T08:42:22.676+0000] {dagbag.py:532} INFO - Filling up the DagBag from /home/airflow/.local/lib/python3.7/site-packages/airflow/example_dags/example_task_group_decorator.py
[2023-03-28T08:42:22.742+0000] {processor.py:753} INFO - DAG(s) dict_keys(['example_task_group_decorator']) retrieved from /home/airflow/.local/lib/python3.7/site-packages/airflow/example_dags/example_task_group_decorator.py
[2023-03-28T08:42:22.983+0000] {logging_mixin.py:137} INFO - [2023-03-28T08:42:22.982+0000] {dag.py:2693} INFO - Sync 1 DAGs
[2023-03-28T08:42:23.082+0000] {logging_mixin.py:137} INFO - [2023-03-28T08:42:23.082+0000] {dag.py:3444} INFO - Setting next_dagrun for example_task_group_decorator to 2023-03-28T05:30:58.235775+00:00, run_after=2023-03-29T05:30:58.235775+00:00
[2023-03-28T08:42:23.256+0000] {processor.py:175} INFO - Processing /home/airflow/.local/lib/python3.7/site-packages/airflow/example_dags/example_task_group_decorator.py took 0.586 seconds
[2023-03-28T08:42:53.793+0000] {processor.py:153} INFO - Started process (PID=1374) to work on /home/airflow/.local/lib/python3.7/site-packages/airflow/example_dags/example_task_group_decorator.py
[2023-03-28T08:42:53.794+0000] {processor.py:743} INFO - Processing file /home/airflow/.local/lib/python3.7/site-packages/airflow/example_dags/example_task_group_decorator.py for tasks to queue
[2023-03-28T08:42:53.795+0000] {logging_mixin.py:137} INFO - [2023-03-28T08:42:53.795+0000] {dagbag.py:532} INFO - Filling up the DagBag from /home/airflow/.local/lib/python3.7/site-packages/airflow/example_dags/example_task_group_decorator.py
[2023-03-28T08:42:53.848+0000] {processor.py:753} INFO - DAG(s) dict_keys(['example_task_group_decorator']) retrieved from /home/airflow/.local/lib/python3.7/site-packages/airflow/example_dags/example_task_group_decorator.py
[2023-03-28T08:42:54.024+0000] {logging_mixin.py:137} INFO - [2023-03-28T08:42:54.024+0000] {dag.py:2693} INFO - Sync 1 DAGs
[2023-03-28T08:42:54.079+0000] {logging_mixin.py:137} INFO - [2023-03-28T08:42:54.078+0000] {dag.py:3444} INFO - Setting next_dagrun for example_task_group_decorator to 2023-03-28T05:30:58.235775+00:00, run_after=2023-03-29T05:30:58.235775+00:00
[2023-03-28T08:42:54.246+0000] {processor.py:175} INFO - Processing /home/airflow/.local/lib/python3.7/site-packages/airflow/example_dags/example_task_group_decorator.py took 0.458 seconds
[2023-03-28T08:43:24.649+0000] {processor.py:153} INFO - Started process (PID=1424) to work on /home/airflow/.local/lib/python3.7/site-packages/airflow/example_dags/example_task_group_decorator.py
[2023-03-28T08:43:24.650+0000] {processor.py:743} INFO - Processing file /home/airflow/.local/lib/python3.7/site-packages/airflow/example_dags/example_task_group_decorator.py for tasks to queue
[2023-03-28T08:43:24.651+0000] {logging_mixin.py:137} INFO - [2023-03-28T08:43:24.651+0000] {dagbag.py:532} INFO - Filling up the DagBag from /home/airflow/.local/lib/python3.7/site-packages/airflow/example_dags/example_task_group_decorator.py
[2023-03-28T08:43:24.697+0000] {processor.py:753} INFO - DAG(s) dict_keys(['example_task_group_decorator']) retrieved from /home/airflow/.local/lib/python3.7/site-packages/airflow/example_dags/example_task_group_decorator.py
[2023-03-28T08:43:24.878+0000] {logging_mixin.py:137} INFO - [2023-03-28T08:43:24.878+0000] {dag.py:2693} INFO - Sync 1 DAGs
[2023-03-28T08:43:24.937+0000] {logging_mixin.py:137} INFO - [2023-03-28T08:43:24.936+0000] {dag.py:3444} INFO - Setting next_dagrun for example_task_group_decorator to 2023-03-28T05:30:58.235775+00:00, run_after=2023-03-29T05:30:58.235775+00:00
[2023-03-28T08:43:25.111+0000] {processor.py:175} INFO - Processing /home/airflow/.local/lib/python3.7/site-packages/airflow/example_dags/example_task_group_decorator.py took 0.467 seconds
[2023-03-28T08:43:55.637+0000] {processor.py:153} INFO - Started process (PID=1473) to work on /home/airflow/.local/lib/python3.7/site-packages/airflow/example_dags/example_task_group_decorator.py
[2023-03-28T08:43:55.639+0000] {processor.py:743} INFO - Processing file /home/airflow/.local/lib/python3.7/site-packages/airflow/example_dags/example_task_group_decorator.py for tasks to queue
[2023-03-28T08:43:55.640+0000] {logging_mixin.py:137} INFO - [2023-03-28T08:43:55.640+0000] {dagbag.py:532} INFO - Filling up the DagBag from /home/airflow/.local/lib/python3.7/site-packages/airflow/example_dags/example_task_group_decorator.py
[2023-03-28T08:43:55.704+0000] {processor.py:753} INFO - DAG(s) dict_keys(['example_task_group_decorator']) retrieved from /home/airflow/.local/lib/python3.7/site-packages/airflow/example_dags/example_task_group_decorator.py
[2023-03-28T08:43:55.934+0000] {logging_mixin.py:137} INFO - [2023-03-28T08:43:55.933+0000] {dag.py:2693} INFO - Sync 1 DAGs
[2023-03-28T08:43:55.987+0000] {logging_mixin.py:137} INFO - [2023-03-28T08:43:55.987+0000] {dag.py:3444} INFO - Setting next_dagrun for example_task_group_decorator to 2023-03-28T05:30:58.235775+00:00, run_after=2023-03-29T05:30:58.235775+00:00
[2023-03-28T08:43:56.183+0000] {processor.py:175} INFO - Processing /home/airflow/.local/lib/python3.7/site-packages/airflow/example_dags/example_task_group_decorator.py took 0.549 seconds
[2023-03-28T08:44:26.353+0000] {processor.py:153} INFO - Started process (PID=1523) to work on /home/airflow/.local/lib/python3.7/site-packages/airflow/example_dags/example_task_group_decorator.py
[2023-03-28T08:44:26.356+0000] {processor.py:743} INFO - Processing file /home/airflow/.local/lib/python3.7/site-packages/airflow/example_dags/example_task_group_decorator.py for tasks to queue
[2023-03-28T08:44:26.357+0000] {logging_mixin.py:137} INFO - [2023-03-28T08:44:26.357+0000] {dagbag.py:532} INFO - Filling up the DagBag from /home/airflow/.local/lib/python3.7/site-packages/airflow/example_dags/example_task_group_decorator.py
[2023-03-28T08:44:26.420+0000] {processor.py:753} INFO - DAG(s) dict_keys(['example_task_group_decorator']) retrieved from /home/airflow/.local/lib/python3.7/site-packages/airflow/example_dags/example_task_group_decorator.py
[2023-03-28T08:44:26.625+0000] {logging_mixin.py:137} INFO - [2023-03-28T08:44:26.625+0000] {dag.py:2693} INFO - Sync 1 DAGs
[2023-03-28T08:44:26.681+0000] {logging_mixin.py:137} INFO - [2023-03-28T08:44:26.681+0000] {dag.py:3444} INFO - Setting next_dagrun for example_task_group_decorator to 2023-03-28T05:30:58.235775+00:00, run_after=2023-03-29T05:30:58.235775+00:00
[2023-03-28T08:44:26.850+0000] {processor.py:175} INFO - Processing /home/airflow/.local/lib/python3.7/site-packages/airflow/example_dags/example_task_group_decorator.py took 0.501 seconds
[2023-03-28T08:44:57.247+0000] {processor.py:153} INFO - Started process (PID=1572) to work on /home/airflow/.local/lib/python3.7/site-packages/airflow/example_dags/example_task_group_decorator.py
[2023-03-28T08:44:57.248+0000] {processor.py:743} INFO - Processing file /home/airflow/.local/lib/python3.7/site-packages/airflow/example_dags/example_task_group_decorator.py for tasks to queue
[2023-03-28T08:44:57.249+0000] {logging_mixin.py:137} INFO - [2023-03-28T08:44:57.249+0000] {dagbag.py:532} INFO - Filling up the DagBag from /home/airflow/.local/lib/python3.7/site-packages/airflow/example_dags/example_task_group_decorator.py
[2023-03-28T08:44:57.303+0000] {processor.py:753} INFO - DAG(s) dict_keys(['example_task_group_decorator']) retrieved from /home/airflow/.local/lib/python3.7/site-packages/airflow/example_dags/example_task_group_decorator.py
[2023-03-28T08:44:57.478+0000] {logging_mixin.py:137} INFO - [2023-03-28T08:44:57.478+0000] {dag.py:2693} INFO - Sync 1 DAGs
[2023-03-28T08:44:57.544+0000] {logging_mixin.py:137} INFO - [2023-03-28T08:44:57.543+0000] {dag.py:3444} INFO - Setting next_dagrun for example_task_group_decorator to 2023-03-28T05:30:58.235775+00:00, run_after=2023-03-29T05:30:58.235775+00:00
[2023-03-28T08:44:57.837+0000] {processor.py:175} INFO - Processing /home/airflow/.local/lib/python3.7/site-packages/airflow/example_dags/example_task_group_decorator.py took 0.595 seconds
[2023-03-28T08:45:38.492+0000] {processor.py:153} INFO - Started process (PID=1625) to work on /home/airflow/.local/lib/python3.7/site-packages/airflow/example_dags/example_task_group_decorator.py
[2023-03-28T08:45:38.494+0000] {processor.py:743} INFO - Processing file /home/airflow/.local/lib/python3.7/site-packages/airflow/example_dags/example_task_group_decorator.py for tasks to queue
[2023-03-28T08:45:38.494+0000] {logging_mixin.py:137} INFO - [2023-03-28T08:45:38.494+0000] {dagbag.py:532} INFO - Filling up the DagBag from /home/airflow/.local/lib/python3.7/site-packages/airflow/example_dags/example_task_group_decorator.py
[2023-03-28T08:45:38.534+0000] {processor.py:753} INFO - DAG(s) dict_keys(['example_task_group_decorator']) retrieved from /home/airflow/.local/lib/python3.7/site-packages/airflow/example_dags/example_task_group_decorator.py
[2023-03-28T08:45:38.713+0000] {logging_mixin.py:137} INFO - [2023-03-28T08:45:38.712+0000] {dag.py:2693} INFO - Sync 1 DAGs
[2023-03-28T08:45:38.778+0000] {logging_mixin.py:137} INFO - [2023-03-28T08:45:38.778+0000] {dag.py:3444} INFO - Setting next_dagrun for example_task_group_decorator to 2023-03-28T05:30:58.235775+00:00, run_after=2023-03-29T05:30:58.235775+00:00
[2023-03-28T08:45:38.944+0000] {processor.py:175} INFO - Processing /home/airflow/.local/lib/python3.7/site-packages/airflow/example_dags/example_task_group_decorator.py took 0.457 seconds
[2023-03-28T08:46:10.247+0000] {processor.py:153} INFO - Started process (PID=1674) to work on /home/airflow/.local/lib/python3.7/site-packages/airflow/example_dags/example_task_group_decorator.py
[2023-03-28T08:46:10.249+0000] {processor.py:743} INFO - Processing file /home/airflow/.local/lib/python3.7/site-packages/airflow/example_dags/example_task_group_decorator.py for tasks to queue
[2023-03-28T08:46:10.250+0000] {logging_mixin.py:137} INFO - [2023-03-28T08:46:10.249+0000] {dagbag.py:532} INFO - Filling up the DagBag from /home/airflow/.local/lib/python3.7/site-packages/airflow/example_dags/example_task_group_decorator.py
[2023-03-28T08:46:10.301+0000] {processor.py:753} INFO - DAG(s) dict_keys(['example_task_group_decorator']) retrieved from /home/airflow/.local/lib/python3.7/site-packages/airflow/example_dags/example_task_group_decorator.py
[2023-03-28T08:46:10.481+0000] {logging_mixin.py:137} INFO - [2023-03-28T08:46:10.481+0000] {dag.py:2693} INFO - Sync 1 DAGs
[2023-03-28T08:46:10.543+0000] {logging_mixin.py:137} INFO - [2023-03-28T08:46:10.542+0000] {dag.py:3444} INFO - Setting next_dagrun for example_task_group_decorator to 2023-03-28T05:30:58.235775+00:00, run_after=2023-03-29T05:30:58.235775+00:00
[2023-03-28T08:46:10.710+0000] {processor.py:175} INFO - Processing /home/airflow/.local/lib/python3.7/site-packages/airflow/example_dags/example_task_group_decorator.py took 0.468 seconds
[2023-03-28T08:46:41.664+0000] {processor.py:153} INFO - Started process (PID=1723) to work on /home/airflow/.local/lib/python3.7/site-packages/airflow/example_dags/example_task_group_decorator.py
[2023-03-28T08:46:41.840+0000] {processor.py:743} INFO - Processing file /home/airflow/.local/lib/python3.7/site-packages/airflow/example_dags/example_task_group_decorator.py for tasks to queue
[2023-03-28T08:46:41.841+0000] {logging_mixin.py:137} INFO - [2023-03-28T08:46:41.841+0000] {dagbag.py:532} INFO - Filling up the DagBag from /home/airflow/.local/lib/python3.7/site-packages/airflow/example_dags/example_task_group_decorator.py
[2023-03-28T08:46:41.877+0000] {processor.py:753} INFO - DAG(s) dict_keys(['example_task_group_decorator']) retrieved from /home/airflow/.local/lib/python3.7/site-packages/airflow/example_dags/example_task_group_decorator.py
[2023-03-28T08:46:42.054+0000] {logging_mixin.py:137} INFO - [2023-03-28T08:46:42.054+0000] {dag.py:2693} INFO - Sync 1 DAGs
[2023-03-28T08:46:42.113+0000] {logging_mixin.py:137} INFO - [2023-03-28T08:46:42.113+0000] {dag.py:3444} INFO - Setting next_dagrun for example_task_group_decorator to 2023-03-28T05:30:58.235775+00:00, run_after=2023-03-29T05:30:58.235775+00:00
[2023-03-28T08:46:42.286+0000] {processor.py:175} INFO - Processing /home/airflow/.local/lib/python3.7/site-packages/airflow/example_dags/example_task_group_decorator.py took 0.627 seconds
[2023-03-28T08:47:13.409+0000] {processor.py:153} INFO - Started process (PID=1772) to work on /home/airflow/.local/lib/python3.7/site-packages/airflow/example_dags/example_task_group_decorator.py
[2023-03-28T08:47:13.410+0000] {processor.py:743} INFO - Processing file /home/airflow/.local/lib/python3.7/site-packages/airflow/example_dags/example_task_group_decorator.py for tasks to queue
[2023-03-28T08:47:13.411+0000] {logging_mixin.py:137} INFO - [2023-03-28T08:47:13.411+0000] {dagbag.py:532} INFO - Filling up the DagBag from /home/airflow/.local/lib/python3.7/site-packages/airflow/example_dags/example_task_group_decorator.py
[2023-03-28T08:47:13.483+0000] {processor.py:753} INFO - DAG(s) dict_keys(['example_task_group_decorator']) retrieved from /home/airflow/.local/lib/python3.7/site-packages/airflow/example_dags/example_task_group_decorator.py
[2023-03-28T08:47:13.715+0000] {logging_mixin.py:137} INFO - [2023-03-28T08:47:13.715+0000] {dag.py:2693} INFO - Sync 1 DAGs
[2023-03-28T08:47:13.813+0000] {logging_mixin.py:137} INFO - [2023-03-28T08:47:13.813+0000] {dag.py:3444} INFO - Setting next_dagrun for example_task_group_decorator to 2023-03-28T05:30:58.235775+00:00, run_after=2023-03-29T05:30:58.235775+00:00
[2023-03-28T08:47:14.169+0000] {processor.py:175} INFO - Processing /home/airflow/.local/lib/python3.7/site-packages/airflow/example_dags/example_task_group_decorator.py took 0.771 seconds
[2023-03-28T08:47:44.677+0000] {processor.py:153} INFO - Started process (PID=1821) to work on /home/airflow/.local/lib/python3.7/site-packages/airflow/example_dags/example_task_group_decorator.py
[2023-03-28T08:47:44.678+0000] {processor.py:743} INFO - Processing file /home/airflow/.local/lib/python3.7/site-packages/airflow/example_dags/example_task_group_decorator.py for tasks to queue
[2023-03-28T08:47:44.679+0000] {logging_mixin.py:137} INFO - [2023-03-28T08:47:44.679+0000] {dagbag.py:532} INFO - Filling up the DagBag from /home/airflow/.local/lib/python3.7/site-packages/airflow/example_dags/example_task_group_decorator.py
[2023-03-28T08:47:44.719+0000] {processor.py:753} INFO - DAG(s) dict_keys(['example_task_group_decorator']) retrieved from /home/airflow/.local/lib/python3.7/site-packages/airflow/example_dags/example_task_group_decorator.py
[2023-03-28T08:47:44.927+0000] {logging_mixin.py:137} INFO - [2023-03-28T08:47:44.926+0000] {dag.py:2693} INFO - Sync 1 DAGs
[2023-03-28T08:47:44.989+0000] {logging_mixin.py:137} INFO - [2023-03-28T08:47:44.989+0000] {dag.py:3444} INFO - Setting next_dagrun for example_task_group_decorator to 2023-03-28T05:30:58.235775+00:00, run_after=2023-03-29T05:30:58.235775+00:00
[2023-03-28T08:47:45.178+0000] {processor.py:175} INFO - Processing /home/airflow/.local/lib/python3.7/site-packages/airflow/example_dags/example_task_group_decorator.py took 0.506 seconds
[2023-03-28T08:48:15.246+0000] {processor.py:153} INFO - Started process (PID=1870) to work on /home/airflow/.local/lib/python3.7/site-packages/airflow/example_dags/example_task_group_decorator.py
[2023-03-28T08:48:15.248+0000] {processor.py:743} INFO - Processing file /home/airflow/.local/lib/python3.7/site-packages/airflow/example_dags/example_task_group_decorator.py for tasks to queue
[2023-03-28T08:48:15.249+0000] {logging_mixin.py:137} INFO - [2023-03-28T08:48:15.249+0000] {dagbag.py:532} INFO - Filling up the DagBag from /home/airflow/.local/lib/python3.7/site-packages/airflow/example_dags/example_task_group_decorator.py
[2023-03-28T08:48:15.282+0000] {processor.py:753} INFO - DAG(s) dict_keys(['example_task_group_decorator']) retrieved from /home/airflow/.local/lib/python3.7/site-packages/airflow/example_dags/example_task_group_decorator.py
[2023-03-28T08:48:15.480+0000] {logging_mixin.py:137} INFO - [2023-03-28T08:48:15.480+0000] {dag.py:2693} INFO - Sync 1 DAGs
[2023-03-28T08:48:15.553+0000] {logging_mixin.py:137} INFO - [2023-03-28T08:48:15.553+0000] {dag.py:3444} INFO - Setting next_dagrun for example_task_group_decorator to 2023-03-28T05:30:58.235775+00:00, run_after=2023-03-29T05:30:58.235775+00:00
[2023-03-28T08:48:15.744+0000] {processor.py:175} INFO - Processing /home/airflow/.local/lib/python3.7/site-packages/airflow/example_dags/example_task_group_decorator.py took 0.501 seconds
[2023-03-28T08:48:46.187+0000] {processor.py:153} INFO - Started process (PID=1919) to work on /home/airflow/.local/lib/python3.7/site-packages/airflow/example_dags/example_task_group_decorator.py
[2023-03-28T08:48:46.190+0000] {processor.py:743} INFO - Processing file /home/airflow/.local/lib/python3.7/site-packages/airflow/example_dags/example_task_group_decorator.py for tasks to queue
[2023-03-28T08:48:46.193+0000] {logging_mixin.py:137} INFO - [2023-03-28T08:48:46.193+0000] {dagbag.py:532} INFO - Filling up the DagBag from /home/airflow/.local/lib/python3.7/site-packages/airflow/example_dags/example_task_group_decorator.py
[2023-03-28T08:48:46.259+0000] {processor.py:753} INFO - DAG(s) dict_keys(['example_task_group_decorator']) retrieved from /home/airflow/.local/lib/python3.7/site-packages/airflow/example_dags/example_task_group_decorator.py
[2023-03-28T08:48:46.523+0000] {logging_mixin.py:137} INFO - [2023-03-28T08:48:46.523+0000] {dag.py:2693} INFO - Sync 1 DAGs
[2023-03-28T08:48:46.593+0000] {logging_mixin.py:137} INFO - [2023-03-28T08:48:46.593+0000] {dag.py:3444} INFO - Setting next_dagrun for example_task_group_decorator to 2023-03-28T05:30:58.235775+00:00, run_after=2023-03-29T05:30:58.235775+00:00
[2023-03-28T08:48:46.877+0000] {processor.py:175} INFO - Processing /home/airflow/.local/lib/python3.7/site-packages/airflow/example_dags/example_task_group_decorator.py took 0.694 seconds
[2023-03-28T08:49:17.124+0000] {processor.py:153} INFO - Started process (PID=1968) to work on /home/airflow/.local/lib/python3.7/site-packages/airflow/example_dags/example_task_group_decorator.py
[2023-03-28T08:49:17.125+0000] {processor.py:743} INFO - Processing file /home/airflow/.local/lib/python3.7/site-packages/airflow/example_dags/example_task_group_decorator.py for tasks to queue
[2023-03-28T08:49:17.125+0000] {logging_mixin.py:137} INFO - [2023-03-28T08:49:17.125+0000] {dagbag.py:532} INFO - Filling up the DagBag from /home/airflow/.local/lib/python3.7/site-packages/airflow/example_dags/example_task_group_decorator.py
[2023-03-28T08:49:17.166+0000] {processor.py:753} INFO - DAG(s) dict_keys(['example_task_group_decorator']) retrieved from /home/airflow/.local/lib/python3.7/site-packages/airflow/example_dags/example_task_group_decorator.py
[2023-03-28T08:49:17.366+0000] {logging_mixin.py:137} INFO - [2023-03-28T08:49:17.366+0000] {dag.py:2693} INFO - Sync 1 DAGs
[2023-03-28T08:49:17.434+0000] {logging_mixin.py:137} INFO - [2023-03-28T08:49:17.434+0000] {dag.py:3444} INFO - Setting next_dagrun for example_task_group_decorator to 2023-03-28T05:30:58.235775+00:00, run_after=2023-03-29T05:30:58.235775+00:00
[2023-03-28T08:49:17.673+0000] {processor.py:175} INFO - Processing /home/airflow/.local/lib/python3.7/site-packages/airflow/example_dags/example_task_group_decorator.py took 0.554 seconds
[2023-03-28T08:49:48.171+0000] {processor.py:153} INFO - Started process (PID=2017) to work on /home/airflow/.local/lib/python3.7/site-packages/airflow/example_dags/example_task_group_decorator.py
[2023-03-28T08:49:48.174+0000] {processor.py:743} INFO - Processing file /home/airflow/.local/lib/python3.7/site-packages/airflow/example_dags/example_task_group_decorator.py for tasks to queue
[2023-03-28T08:49:48.176+0000] {logging_mixin.py:137} INFO - [2023-03-28T08:49:48.175+0000] {dagbag.py:532} INFO - Filling up the DagBag from /home/airflow/.local/lib/python3.7/site-packages/airflow/example_dags/example_task_group_decorator.py
[2023-03-28T08:49:48.285+0000] {processor.py:753} INFO - DAG(s) dict_keys(['example_task_group_decorator']) retrieved from /home/airflow/.local/lib/python3.7/site-packages/airflow/example_dags/example_task_group_decorator.py
[2023-03-28T08:49:48.500+0000] {logging_mixin.py:137} INFO - [2023-03-28T08:49:48.500+0000] {dag.py:2693} INFO - Sync 1 DAGs
[2023-03-28T08:49:48.556+0000] {logging_mixin.py:137} INFO - [2023-03-28T08:49:48.556+0000] {dag.py:3444} INFO - Setting next_dagrun for example_task_group_decorator to 2023-03-28T05:30:58.235775+00:00, run_after=2023-03-29T05:30:58.235775+00:00
[2023-03-28T08:49:48.712+0000] {processor.py:175} INFO - Processing /home/airflow/.local/lib/python3.7/site-packages/airflow/example_dags/example_task_group_decorator.py took 0.555 seconds
[2023-03-28T08:50:18.981+0000] {processor.py:153} INFO - Started process (PID=2066) to work on /home/airflow/.local/lib/python3.7/site-packages/airflow/example_dags/example_task_group_decorator.py
[2023-03-28T08:50:18.989+0000] {processor.py:743} INFO - Processing file /home/airflow/.local/lib/python3.7/site-packages/airflow/example_dags/example_task_group_decorator.py for tasks to queue
[2023-03-28T08:50:18.990+0000] {logging_mixin.py:137} INFO - [2023-03-28T08:50:18.990+0000] {dagbag.py:532} INFO - Filling up the DagBag from /home/airflow/.local/lib/python3.7/site-packages/airflow/example_dags/example_task_group_decorator.py
[2023-03-28T08:50:19.029+0000] {processor.py:753} INFO - DAG(s) dict_keys(['example_task_group_decorator']) retrieved from /home/airflow/.local/lib/python3.7/site-packages/airflow/example_dags/example_task_group_decorator.py
[2023-03-28T08:50:19.218+0000] {logging_mixin.py:137} INFO - [2023-03-28T08:50:19.217+0000] {dag.py:2693} INFO - Sync 1 DAGs
[2023-03-28T08:50:19.277+0000] {logging_mixin.py:137} INFO - [2023-03-28T08:50:19.276+0000] {dag.py:3444} INFO - Setting next_dagrun for example_task_group_decorator to 2023-03-28T05:30:58.235775+00:00, run_after=2023-03-29T05:30:58.235775+00:00
[2023-03-28T08:50:19.453+0000] {processor.py:175} INFO - Processing /home/airflow/.local/lib/python3.7/site-packages/airflow/example_dags/example_task_group_decorator.py took 0.475 seconds
[2023-03-28T08:50:49.609+0000] {processor.py:153} INFO - Started process (PID=2115) to work on /home/airflow/.local/lib/python3.7/site-packages/airflow/example_dags/example_task_group_decorator.py
[2023-03-28T08:50:49.610+0000] {processor.py:743} INFO - Processing file /home/airflow/.local/lib/python3.7/site-packages/airflow/example_dags/example_task_group_decorator.py for tasks to queue
[2023-03-28T08:50:49.611+0000] {logging_mixin.py:137} INFO - [2023-03-28T08:50:49.611+0000] {dagbag.py:532} INFO - Filling up the DagBag from /home/airflow/.local/lib/python3.7/site-packages/airflow/example_dags/example_task_group_decorator.py
[2023-03-28T08:50:49.652+0000] {processor.py:753} INFO - DAG(s) dict_keys(['example_task_group_decorator']) retrieved from /home/airflow/.local/lib/python3.7/site-packages/airflow/example_dags/example_task_group_decorator.py
[2023-03-28T08:50:49.841+0000] {logging_mixin.py:137} INFO - [2023-03-28T08:50:49.841+0000] {dag.py:2693} INFO - Sync 1 DAGs
[2023-03-28T08:50:49.900+0000] {logging_mixin.py:137} INFO - [2023-03-28T08:50:49.899+0000] {dag.py:3444} INFO - Setting next_dagrun for example_task_group_decorator to 2023-03-28T05:30:58.235775+00:00, run_after=2023-03-29T05:30:58.235775+00:00
[2023-03-28T08:50:50.063+0000] {processor.py:175} INFO - Processing /home/airflow/.local/lib/python3.7/site-packages/airflow/example_dags/example_task_group_decorator.py took 0.459 seconds
[2023-03-28T08:51:20.272+0000] {processor.py:153} INFO - Started process (PID=2171) to work on /home/airflow/.local/lib/python3.7/site-packages/airflow/example_dags/example_task_group_decorator.py
[2023-03-28T08:51:20.277+0000] {processor.py:743} INFO - Processing file /home/airflow/.local/lib/python3.7/site-packages/airflow/example_dags/example_task_group_decorator.py for tasks to queue
[2023-03-28T08:51:20.278+0000] {logging_mixin.py:137} INFO - [2023-03-28T08:51:20.278+0000] {dagbag.py:532} INFO - Filling up the DagBag from /home/airflow/.local/lib/python3.7/site-packages/airflow/example_dags/example_task_group_decorator.py
[2023-03-28T08:51:20.319+0000] {processor.py:753} INFO - DAG(s) dict_keys(['example_task_group_decorator']) retrieved from /home/airflow/.local/lib/python3.7/site-packages/airflow/example_dags/example_task_group_decorator.py
[2023-03-28T08:51:20.496+0000] {logging_mixin.py:137} INFO - [2023-03-28T08:51:20.496+0000] {dag.py:2693} INFO - Sync 1 DAGs
[2023-03-28T08:51:20.561+0000] {logging_mixin.py:137} INFO - [2023-03-28T08:51:20.561+0000] {dag.py:3444} INFO - Setting next_dagrun for example_task_group_decorator to 2023-03-28T05:30:58.235775+00:00, run_after=2023-03-29T05:30:58.235775+00:00
[2023-03-28T08:51:20.730+0000] {processor.py:175} INFO - Processing /home/airflow/.local/lib/python3.7/site-packages/airflow/example_dags/example_task_group_decorator.py took 0.463 seconds
[2023-03-28T08:51:51.264+0000] {processor.py:153} INFO - Started process (PID=2220) to work on /home/airflow/.local/lib/python3.7/site-packages/airflow/example_dags/example_task_group_decorator.py
[2023-03-28T08:51:51.265+0000] {processor.py:743} INFO - Processing file /home/airflow/.local/lib/python3.7/site-packages/airflow/example_dags/example_task_group_decorator.py for tasks to queue
[2023-03-28T08:51:51.266+0000] {logging_mixin.py:137} INFO - [2023-03-28T08:51:51.266+0000] {dagbag.py:532} INFO - Filling up the DagBag from /home/airflow/.local/lib/python3.7/site-packages/airflow/example_dags/example_task_group_decorator.py
[2023-03-28T08:51:51.331+0000] {processor.py:753} INFO - DAG(s) dict_keys(['example_task_group_decorator']) retrieved from /home/airflow/.local/lib/python3.7/site-packages/airflow/example_dags/example_task_group_decorator.py
[2023-03-28T08:51:51.608+0000] {logging_mixin.py:137} INFO - [2023-03-28T08:51:51.607+0000] {dag.py:2693} INFO - Sync 1 DAGs
[2023-03-28T08:51:51.666+0000] {logging_mixin.py:137} INFO - [2023-03-28T08:51:51.666+0000] {dag.py:3444} INFO - Setting next_dagrun for example_task_group_decorator to 2023-03-28T05:30:58.235775+00:00, run_after=2023-03-29T05:30:58.235775+00:00
[2023-03-28T08:51:51.900+0000] {processor.py:175} INFO - Processing /home/airflow/.local/lib/python3.7/site-packages/airflow/example_dags/example_task_group_decorator.py took 0.640 seconds
[2023-03-28T08:52:23.433+0000] {processor.py:153} INFO - Started process (PID=2270) to work on /home/airflow/.local/lib/python3.7/site-packages/airflow/example_dags/example_task_group_decorator.py
[2023-03-28T08:52:23.436+0000] {processor.py:743} INFO - Processing file /home/airflow/.local/lib/python3.7/site-packages/airflow/example_dags/example_task_group_decorator.py for tasks to queue
[2023-03-28T08:52:23.437+0000] {logging_mixin.py:137} INFO - [2023-03-28T08:52:23.436+0000] {dagbag.py:532} INFO - Filling up the DagBag from /home/airflow/.local/lib/python3.7/site-packages/airflow/example_dags/example_task_group_decorator.py
[2023-03-28T08:52:23.481+0000] {processor.py:753} INFO - DAG(s) dict_keys(['example_task_group_decorator']) retrieved from /home/airflow/.local/lib/python3.7/site-packages/airflow/example_dags/example_task_group_decorator.py
[2023-03-28T08:52:23.706+0000] {logging_mixin.py:137} INFO - [2023-03-28T08:52:23.706+0000] {dag.py:2693} INFO - Sync 1 DAGs
[2023-03-28T08:52:23.800+0000] {logging_mixin.py:137} INFO - [2023-03-28T08:52:23.796+0000] {dag.py:3444} INFO - Setting next_dagrun for example_task_group_decorator to 2023-03-28T05:30:58.235775+00:00, run_after=2023-03-29T05:30:58.235775+00:00
[2023-03-28T08:52:24.118+0000] {processor.py:175} INFO - Processing /home/airflow/.local/lib/python3.7/site-packages/airflow/example_dags/example_task_group_decorator.py took 0.684 seconds
[2023-03-28T08:52:54.707+0000] {processor.py:153} INFO - Started process (PID=2320) to work on /home/airflow/.local/lib/python3.7/site-packages/airflow/example_dags/example_task_group_decorator.py
[2023-03-28T08:52:54.708+0000] {processor.py:743} INFO - Processing file /home/airflow/.local/lib/python3.7/site-packages/airflow/example_dags/example_task_group_decorator.py for tasks to queue
[2023-03-28T08:52:54.709+0000] {logging_mixin.py:137} INFO - [2023-03-28T08:52:54.709+0000] {dagbag.py:532} INFO - Filling up the DagBag from /home/airflow/.local/lib/python3.7/site-packages/airflow/example_dags/example_task_group_decorator.py
[2023-03-28T08:52:54.784+0000] {processor.py:753} INFO - DAG(s) dict_keys(['example_task_group_decorator']) retrieved from /home/airflow/.local/lib/python3.7/site-packages/airflow/example_dags/example_task_group_decorator.py
[2023-03-28T08:52:54.975+0000] {logging_mixin.py:137} INFO - [2023-03-28T08:52:54.975+0000] {dag.py:2693} INFO - Sync 1 DAGs
[2023-03-28T08:52:55.043+0000] {logging_mixin.py:137} INFO - [2023-03-28T08:52:55.042+0000] {dag.py:3444} INFO - Setting next_dagrun for example_task_group_decorator to 2023-03-28T05:30:58.235775+00:00, run_after=2023-03-29T05:30:58.235775+00:00
[2023-03-28T08:52:55.393+0000] {processor.py:175} INFO - Processing /home/airflow/.local/lib/python3.7/site-packages/airflow/example_dags/example_task_group_decorator.py took 0.691 seconds
[2023-03-28T08:53:25.763+0000] {processor.py:153} INFO - Started process (PID=2369) to work on /home/airflow/.local/lib/python3.7/site-packages/airflow/example_dags/example_task_group_decorator.py
[2023-03-28T08:53:25.766+0000] {processor.py:743} INFO - Processing file /home/airflow/.local/lib/python3.7/site-packages/airflow/example_dags/example_task_group_decorator.py for tasks to queue
[2023-03-28T08:53:25.768+0000] {logging_mixin.py:137} INFO - [2023-03-28T08:53:25.767+0000] {dagbag.py:532} INFO - Filling up the DagBag from /home/airflow/.local/lib/python3.7/site-packages/airflow/example_dags/example_task_group_decorator.py
[2023-03-28T08:53:25.799+0000] {processor.py:753} INFO - DAG(s) dict_keys(['example_task_group_decorator']) retrieved from /home/airflow/.local/lib/python3.7/site-packages/airflow/example_dags/example_task_group_decorator.py
[2023-03-28T08:53:25.978+0000] {logging_mixin.py:137} INFO - [2023-03-28T08:53:25.977+0000] {dag.py:2693} INFO - Sync 1 DAGs
[2023-03-28T08:53:26.030+0000] {logging_mixin.py:137} INFO - [2023-03-28T08:53:26.029+0000] {dag.py:3444} INFO - Setting next_dagrun for example_task_group_decorator to 2023-03-28T05:30:58.235775+00:00, run_after=2023-03-29T05:30:58.235775+00:00
[2023-03-28T08:53:26.224+0000] {processor.py:175} INFO - Processing /home/airflow/.local/lib/python3.7/site-packages/airflow/example_dags/example_task_group_decorator.py took 0.465 seconds
[2023-03-28T08:53:56.628+0000] {processor.py:153} INFO - Started process (PID=2418) to work on /home/airflow/.local/lib/python3.7/site-packages/airflow/example_dags/example_task_group_decorator.py
[2023-03-28T08:53:56.631+0000] {processor.py:743} INFO - Processing file /home/airflow/.local/lib/python3.7/site-packages/airflow/example_dags/example_task_group_decorator.py for tasks to queue
[2023-03-28T08:53:56.632+0000] {logging_mixin.py:137} INFO - [2023-03-28T08:53:56.632+0000] {dagbag.py:532} INFO - Filling up the DagBag from /home/airflow/.local/lib/python3.7/site-packages/airflow/example_dags/example_task_group_decorator.py
[2023-03-28T08:53:56.668+0000] {processor.py:753} INFO - DAG(s) dict_keys(['example_task_group_decorator']) retrieved from /home/airflow/.local/lib/python3.7/site-packages/airflow/example_dags/example_task_group_decorator.py
[2023-03-28T08:53:56.912+0000] {logging_mixin.py:137} INFO - [2023-03-28T08:53:56.911+0000] {dag.py:2693} INFO - Sync 1 DAGs
[2023-03-28T08:53:56.966+0000] {logging_mixin.py:137} INFO - [2023-03-28T08:53:56.966+0000] {dag.py:3444} INFO - Setting next_dagrun for example_task_group_decorator to 2023-03-28T05:30:58.235775+00:00, run_after=2023-03-29T05:30:58.235775+00:00
[2023-03-28T08:53:57.139+0000] {processor.py:175} INFO - Processing /home/airflow/.local/lib/python3.7/site-packages/airflow/example_dags/example_task_group_decorator.py took 0.515 seconds
[2023-03-28T08:54:27.427+0000] {processor.py:153} INFO - Started process (PID=2467) to work on /home/airflow/.local/lib/python3.7/site-packages/airflow/example_dags/example_task_group_decorator.py
[2023-03-28T08:54:27.428+0000] {processor.py:743} INFO - Processing file /home/airflow/.local/lib/python3.7/site-packages/airflow/example_dags/example_task_group_decorator.py for tasks to queue
[2023-03-28T08:54:27.429+0000] {logging_mixin.py:137} INFO - [2023-03-28T08:54:27.429+0000] {dagbag.py:532} INFO - Filling up the DagBag from /home/airflow/.local/lib/python3.7/site-packages/airflow/example_dags/example_task_group_decorator.py
[2023-03-28T08:54:27.471+0000] {processor.py:753} INFO - DAG(s) dict_keys(['example_task_group_decorator']) retrieved from /home/airflow/.local/lib/python3.7/site-packages/airflow/example_dags/example_task_group_decorator.py
[2023-03-28T08:54:27.649+0000] {logging_mixin.py:137} INFO - [2023-03-28T08:54:27.648+0000] {dag.py:2693} INFO - Sync 1 DAGs
[2023-03-28T08:54:27.712+0000] {logging_mixin.py:137} INFO - [2023-03-28T08:54:27.712+0000] {dag.py:3444} INFO - Setting next_dagrun for example_task_group_decorator to 2023-03-28T05:30:58.235775+00:00, run_after=2023-03-29T05:30:58.235775+00:00
[2023-03-28T08:54:27.912+0000] {processor.py:175} INFO - Processing /home/airflow/.local/lib/python3.7/site-packages/airflow/example_dags/example_task_group_decorator.py took 0.489 seconds
[2023-03-28T08:54:59.165+0000] {processor.py:153} INFO - Started process (PID=2516) to work on /home/airflow/.local/lib/python3.7/site-packages/airflow/example_dags/example_task_group_decorator.py
[2023-03-28T08:54:59.166+0000] {processor.py:743} INFO - Processing file /home/airflow/.local/lib/python3.7/site-packages/airflow/example_dags/example_task_group_decorator.py for tasks to queue
[2023-03-28T08:54:59.167+0000] {logging_mixin.py:137} INFO - [2023-03-28T08:54:59.167+0000] {dagbag.py:532} INFO - Filling up the DagBag from /home/airflow/.local/lib/python3.7/site-packages/airflow/example_dags/example_task_group_decorator.py
[2023-03-28T08:54:59.249+0000] {processor.py:753} INFO - DAG(s) dict_keys(['example_task_group_decorator']) retrieved from /home/airflow/.local/lib/python3.7/site-packages/airflow/example_dags/example_task_group_decorator.py
[2023-03-28T08:54:59.458+0000] {logging_mixin.py:137} INFO - [2023-03-28T08:54:59.458+0000] {dag.py:2693} INFO - Sync 1 DAGs
[2023-03-28T08:54:59.535+0000] {logging_mixin.py:137} INFO - [2023-03-28T08:54:59.534+0000] {dag.py:3444} INFO - Setting next_dagrun for example_task_group_decorator to 2023-03-28T05:30:58.235775+00:00, run_after=2023-03-29T05:30:58.235775+00:00
[2023-03-28T08:54:59.736+0000] {processor.py:175} INFO - Processing /home/airflow/.local/lib/python3.7/site-packages/airflow/example_dags/example_task_group_decorator.py took 0.575 seconds
[2023-03-28T08:55:30.190+0000] {processor.py:153} INFO - Started process (PID=2565) to work on /home/airflow/.local/lib/python3.7/site-packages/airflow/example_dags/example_task_group_decorator.py
[2023-03-28T08:55:30.192+0000] {processor.py:743} INFO - Processing file /home/airflow/.local/lib/python3.7/site-packages/airflow/example_dags/example_task_group_decorator.py for tasks to queue
[2023-03-28T08:55:30.193+0000] {logging_mixin.py:137} INFO - [2023-03-28T08:55:30.193+0000] {dagbag.py:532} INFO - Filling up the DagBag from /home/airflow/.local/lib/python3.7/site-packages/airflow/example_dags/example_task_group_decorator.py
[2023-03-28T08:55:30.230+0000] {processor.py:753} INFO - DAG(s) dict_keys(['example_task_group_decorator']) retrieved from /home/airflow/.local/lib/python3.7/site-packages/airflow/example_dags/example_task_group_decorator.py
[2023-03-28T08:55:30.416+0000] {logging_mixin.py:137} INFO - [2023-03-28T08:55:30.416+0000] {dag.py:2693} INFO - Sync 1 DAGs
[2023-03-28T08:55:30.469+0000] {logging_mixin.py:137} INFO - [2023-03-28T08:55:30.469+0000] {dag.py:3444} INFO - Setting next_dagrun for example_task_group_decorator to 2023-03-28T05:30:58.235775+00:00, run_after=2023-03-29T05:30:58.235775+00:00
[2023-03-28T08:55:30.656+0000] {processor.py:175} INFO - Processing /home/airflow/.local/lib/python3.7/site-packages/airflow/example_dags/example_task_group_decorator.py took 0.470 seconds
[2023-03-28T08:56:01.005+0000] {processor.py:153} INFO - Started process (PID=2614) to work on /home/airflow/.local/lib/python3.7/site-packages/airflow/example_dags/example_task_group_decorator.py
[2023-03-28T08:56:01.006+0000] {processor.py:743} INFO - Processing file /home/airflow/.local/lib/python3.7/site-packages/airflow/example_dags/example_task_group_decorator.py for tasks to queue
[2023-03-28T08:56:01.007+0000] {logging_mixin.py:137} INFO - [2023-03-28T08:56:01.007+0000] {dagbag.py:532} INFO - Filling up the DagBag from /home/airflow/.local/lib/python3.7/site-packages/airflow/example_dags/example_task_group_decorator.py
[2023-03-28T08:56:01.044+0000] {processor.py:753} INFO - DAG(s) dict_keys(['example_task_group_decorator']) retrieved from /home/airflow/.local/lib/python3.7/site-packages/airflow/example_dags/example_task_group_decorator.py
[2023-03-28T08:56:01.225+0000] {logging_mixin.py:137} INFO - [2023-03-28T08:56:01.225+0000] {dag.py:2693} INFO - Sync 1 DAGs
[2023-03-28T08:56:01.286+0000] {logging_mixin.py:137} INFO - [2023-03-28T08:56:01.286+0000] {dag.py:3444} INFO - Setting next_dagrun for example_task_group_decorator to 2023-03-28T05:30:58.235775+00:00, run_after=2023-03-29T05:30:58.235775+00:00
[2023-03-28T08:56:01.467+0000] {processor.py:175} INFO - Processing /home/airflow/.local/lib/python3.7/site-packages/airflow/example_dags/example_task_group_decorator.py took 0.468 seconds
[2023-03-28T08:56:32.540+0000] {processor.py:153} INFO - Started process (PID=2664) to work on /home/airflow/.local/lib/python3.7/site-packages/airflow/example_dags/example_task_group_decorator.py
[2023-03-28T08:56:32.541+0000] {processor.py:743} INFO - Processing file /home/airflow/.local/lib/python3.7/site-packages/airflow/example_dags/example_task_group_decorator.py for tasks to queue
[2023-03-28T08:56:32.542+0000] {logging_mixin.py:137} INFO - [2023-03-28T08:56:32.541+0000] {dagbag.py:532} INFO - Filling up the DagBag from /home/airflow/.local/lib/python3.7/site-packages/airflow/example_dags/example_task_group_decorator.py
[2023-03-28T08:56:32.602+0000] {processor.py:753} INFO - DAG(s) dict_keys(['example_task_group_decorator']) retrieved from /home/airflow/.local/lib/python3.7/site-packages/airflow/example_dags/example_task_group_decorator.py
[2023-03-28T08:56:32.824+0000] {logging_mixin.py:137} INFO - [2023-03-28T08:56:32.824+0000] {dag.py:2693} INFO - Sync 1 DAGs
[2023-03-28T08:56:32.881+0000] {logging_mixin.py:137} INFO - [2023-03-28T08:56:32.881+0000] {dag.py:3444} INFO - Setting next_dagrun for example_task_group_decorator to 2023-03-28T05:30:58.235775+00:00, run_after=2023-03-29T05:30:58.235775+00:00
[2023-03-28T08:56:33.049+0000] {processor.py:175} INFO - Processing /home/airflow/.local/lib/python3.7/site-packages/airflow/example_dags/example_task_group_decorator.py took 0.514 seconds
[2023-03-28T08:57:03.675+0000] {processor.py:153} INFO - Started process (PID=2714) to work on /home/airflow/.local/lib/python3.7/site-packages/airflow/example_dags/example_task_group_decorator.py
[2023-03-28T08:57:03.676+0000] {processor.py:743} INFO - Processing file /home/airflow/.local/lib/python3.7/site-packages/airflow/example_dags/example_task_group_decorator.py for tasks to queue
[2023-03-28T08:57:03.677+0000] {logging_mixin.py:137} INFO - [2023-03-28T08:57:03.677+0000] {dagbag.py:532} INFO - Filling up the DagBag from /home/airflow/.local/lib/python3.7/site-packages/airflow/example_dags/example_task_group_decorator.py
[2023-03-28T08:57:03.761+0000] {processor.py:753} INFO - DAG(s) dict_keys(['example_task_group_decorator']) retrieved from /home/airflow/.local/lib/python3.7/site-packages/airflow/example_dags/example_task_group_decorator.py
[2023-03-28T08:57:03.950+0000] {logging_mixin.py:137} INFO - [2023-03-28T08:57:03.950+0000] {dag.py:2693} INFO - Sync 1 DAGs
[2023-03-28T08:57:04.063+0000] {logging_mixin.py:137} INFO - [2023-03-28T08:57:04.063+0000] {dag.py:3444} INFO - Setting next_dagrun for example_task_group_decorator to 2023-03-28T05:30:58.235775+00:00, run_after=2023-03-29T05:30:58.235775+00:00
[2023-03-28T08:57:04.290+0000] {processor.py:175} INFO - Processing /home/airflow/.local/lib/python3.7/site-packages/airflow/example_dags/example_task_group_decorator.py took 0.621 seconds
[2023-03-28T08:57:35.525+0000] {processor.py:153} INFO - Started process (PID=2763) to work on /home/airflow/.local/lib/python3.7/site-packages/airflow/example_dags/example_task_group_decorator.py
[2023-03-28T08:57:35.527+0000] {processor.py:743} INFO - Processing file /home/airflow/.local/lib/python3.7/site-packages/airflow/example_dags/example_task_group_decorator.py for tasks to queue
[2023-03-28T08:57:35.528+0000] {logging_mixin.py:137} INFO - [2023-03-28T08:57:35.527+0000] {dagbag.py:532} INFO - Filling up the DagBag from /home/airflow/.local/lib/python3.7/site-packages/airflow/example_dags/example_task_group_decorator.py
[2023-03-28T08:57:35.562+0000] {processor.py:753} INFO - DAG(s) dict_keys(['example_task_group_decorator']) retrieved from /home/airflow/.local/lib/python3.7/site-packages/airflow/example_dags/example_task_group_decorator.py
[2023-03-28T08:57:35.721+0000] {logging_mixin.py:137} INFO - [2023-03-28T08:57:35.721+0000] {dag.py:2693} INFO - Sync 1 DAGs
[2023-03-28T08:57:35.795+0000] {logging_mixin.py:137} INFO - [2023-03-28T08:57:35.795+0000] {dag.py:3444} INFO - Setting next_dagrun for example_task_group_decorator to 2023-03-28T05:30:58.235775+00:00, run_after=2023-03-29T05:30:58.235775+00:00
[2023-03-28T08:57:35.941+0000] {processor.py:175} INFO - Processing /home/airflow/.local/lib/python3.7/site-packages/airflow/example_dags/example_task_group_decorator.py took 0.420 seconds
[2023-03-28T08:58:06.132+0000] {processor.py:153} INFO - Started process (PID=2812) to work on /home/airflow/.local/lib/python3.7/site-packages/airflow/example_dags/example_task_group_decorator.py
[2023-03-28T08:58:06.133+0000] {processor.py:743} INFO - Processing file /home/airflow/.local/lib/python3.7/site-packages/airflow/example_dags/example_task_group_decorator.py for tasks to queue
[2023-03-28T08:58:06.134+0000] {logging_mixin.py:137} INFO - [2023-03-28T08:58:06.134+0000] {dagbag.py:532} INFO - Filling up the DagBag from /home/airflow/.local/lib/python3.7/site-packages/airflow/example_dags/example_task_group_decorator.py
[2023-03-28T08:58:06.187+0000] {processor.py:753} INFO - DAG(s) dict_keys(['example_task_group_decorator']) retrieved from /home/airflow/.local/lib/python3.7/site-packages/airflow/example_dags/example_task_group_decorator.py
[2023-03-28T08:58:06.382+0000] {logging_mixin.py:137} INFO - [2023-03-28T08:58:06.382+0000] {dag.py:2693} INFO - Sync 1 DAGs
[2023-03-28T08:58:06.448+0000] {logging_mixin.py:137} INFO - [2023-03-28T08:58:06.448+0000] {dag.py:3444} INFO - Setting next_dagrun for example_task_group_decorator to 2023-03-28T05:30:58.235775+00:00, run_after=2023-03-29T05:30:58.235775+00:00
[2023-03-28T08:58:06.614+0000] {processor.py:175} INFO - Processing /home/airflow/.local/lib/python3.7/site-packages/airflow/example_dags/example_task_group_decorator.py took 0.486 seconds
[2023-03-28T08:58:37.223+0000] {processor.py:153} INFO - Started process (PID=2861) to work on /home/airflow/.local/lib/python3.7/site-packages/airflow/example_dags/example_task_group_decorator.py
[2023-03-28T08:58:37.224+0000] {processor.py:743} INFO - Processing file /home/airflow/.local/lib/python3.7/site-packages/airflow/example_dags/example_task_group_decorator.py for tasks to queue
[2023-03-28T08:58:37.229+0000] {logging_mixin.py:137} INFO - [2023-03-28T08:58:37.229+0000] {dagbag.py:532} INFO - Filling up the DagBag from /home/airflow/.local/lib/python3.7/site-packages/airflow/example_dags/example_task_group_decorator.py
[2023-03-28T08:58:37.277+0000] {processor.py:753} INFO - DAG(s) dict_keys(['example_task_group_decorator']) retrieved from /home/airflow/.local/lib/python3.7/site-packages/airflow/example_dags/example_task_group_decorator.py
[2023-03-28T08:58:37.465+0000] {logging_mixin.py:137} INFO - [2023-03-28T08:58:37.464+0000] {dag.py:2693} INFO - Sync 1 DAGs
[2023-03-28T08:58:37.519+0000] {logging_mixin.py:137} INFO - [2023-03-28T08:58:37.519+0000] {dag.py:3444} INFO - Setting next_dagrun for example_task_group_decorator to 2023-03-28T05:30:58.235775+00:00, run_after=2023-03-29T05:30:58.235775+00:00
[2023-03-28T08:58:37.708+0000] {processor.py:175} INFO - Processing /home/airflow/.local/lib/python3.7/site-packages/airflow/example_dags/example_task_group_decorator.py took 0.490 seconds
[2023-03-28T08:59:08.660+0000] {processor.py:153} INFO - Started process (PID=2910) to work on /home/airflow/.local/lib/python3.7/site-packages/airflow/example_dags/example_task_group_decorator.py
[2023-03-28T08:59:08.662+0000] {processor.py:743} INFO - Processing file /home/airflow/.local/lib/python3.7/site-packages/airflow/example_dags/example_task_group_decorator.py for tasks to queue
[2023-03-28T08:59:08.663+0000] {logging_mixin.py:137} INFO - [2023-03-28T08:59:08.663+0000] {dagbag.py:532} INFO - Filling up the DagBag from /home/airflow/.local/lib/python3.7/site-packages/airflow/example_dags/example_task_group_decorator.py
[2023-03-28T08:59:08.705+0000] {processor.py:753} INFO - DAG(s) dict_keys(['example_task_group_decorator']) retrieved from /home/airflow/.local/lib/python3.7/site-packages/airflow/example_dags/example_task_group_decorator.py
[2023-03-28T08:59:08.873+0000] {logging_mixin.py:137} INFO - [2023-03-28T08:59:08.872+0000] {dag.py:2693} INFO - Sync 1 DAGs
[2023-03-28T08:59:08.931+0000] {logging_mixin.py:137} INFO - [2023-03-28T08:59:08.931+0000] {dag.py:3444} INFO - Setting next_dagrun for example_task_group_decorator to 2023-03-28T05:30:58.235775+00:00, run_after=2023-03-29T05:30:58.235775+00:00
[2023-03-28T08:59:09.094+0000] {processor.py:175} INFO - Processing /home/airflow/.local/lib/python3.7/site-packages/airflow/example_dags/example_task_group_decorator.py took 0.439 seconds
[2023-03-28T08:59:39.390+0000] {processor.py:153} INFO - Started process (PID=2961) to work on /home/airflow/.local/lib/python3.7/site-packages/airflow/example_dags/example_task_group_decorator.py
[2023-03-28T08:59:39.392+0000] {processor.py:743} INFO - Processing file /home/airflow/.local/lib/python3.7/site-packages/airflow/example_dags/example_task_group_decorator.py for tasks to queue
[2023-03-28T08:59:39.393+0000] {logging_mixin.py:137} INFO - [2023-03-28T08:59:39.393+0000] {dagbag.py:532} INFO - Filling up the DagBag from /home/airflow/.local/lib/python3.7/site-packages/airflow/example_dags/example_task_group_decorator.py
[2023-03-28T08:59:39.437+0000] {processor.py:753} INFO - DAG(s) dict_keys(['example_task_group_decorator']) retrieved from /home/airflow/.local/lib/python3.7/site-packages/airflow/example_dags/example_task_group_decorator.py
[2023-03-28T08:59:39.610+0000] {logging_mixin.py:137} INFO - [2023-03-28T08:59:39.610+0000] {dag.py:2693} INFO - Sync 1 DAGs
[2023-03-28T08:59:39.664+0000] {logging_mixin.py:137} INFO - [2023-03-28T08:59:39.664+0000] {dag.py:3444} INFO - Setting next_dagrun for example_task_group_decorator to 2023-03-28T05:30:58.235775+00:00, run_after=2023-03-29T05:30:58.235775+00:00
[2023-03-28T08:59:39.818+0000] {processor.py:175} INFO - Processing /home/airflow/.local/lib/python3.7/site-packages/airflow/example_dags/example_task_group_decorator.py took 0.436 seconds
