[2023-03-28T05:28:23.784+0000] {processor.py:153} INFO - Started process (PID=98) to work on /home/airflow/.local/lib/python3.7/site-packages/airflow/example_dags/example_latest_only_with_trigger.py
[2023-03-28T05:28:23.785+0000] {processor.py:743} INFO - Processing file /home/airflow/.local/lib/python3.7/site-packages/airflow/example_dags/example_latest_only_with_trigger.py for tasks to queue
[2023-03-28T05:28:23.785+0000] {logging_mixin.py:137} INFO - [2023-03-28T05:28:23.785+0000] {dagbag.py:532} INFO - Filling up the DagBag from /home/airflow/.local/lib/python3.7/site-packages/airflow/example_dags/example_latest_only_with_trigger.py
[2023-03-28T05:28:23.793+0000] {processor.py:753} INFO - DAG(s) dict_keys(['latest_only_with_trigger']) retrieved from /home/airflow/.local/lib/python3.7/site-packages/airflow/example_dags/example_latest_only_with_trigger.py
[2023-03-28T05:28:24.042+0000] {logging_mixin.py:137} INFO - [2023-03-28T05:28:24.042+0000] {dag.py:2693} INFO - Sync 1 DAGs
[2023-03-28T05:28:24.156+0000] {logging_mixin.py:137} INFO - [2023-03-28T05:28:24.156+0000] {dag.py:3444} INFO - Setting next_dagrun for latest_only_with_trigger to 2023-03-28T01:28:24.156635+00:00, run_after=2023-03-28T05:28:24.156635+00:00
[2023-03-28T05:28:24.330+0000] {processor.py:175} INFO - Processing /home/airflow/.local/lib/python3.7/site-packages/airflow/example_dags/example_latest_only_with_trigger.py took 0.548 seconds
[2023-03-28T05:28:55.528+0000] {processor.py:153} INFO - Started process (PID=147) to work on /home/airflow/.local/lib/python3.7/site-packages/airflow/example_dags/example_latest_only_with_trigger.py
[2023-03-28T05:28:55.529+0000] {processor.py:743} INFO - Processing file /home/airflow/.local/lib/python3.7/site-packages/airflow/example_dags/example_latest_only_with_trigger.py for tasks to queue
[2023-03-28T05:28:55.529+0000] {logging_mixin.py:137} INFO - [2023-03-28T05:28:55.529+0000] {dagbag.py:532} INFO - Filling up the DagBag from /home/airflow/.local/lib/python3.7/site-packages/airflow/example_dags/example_latest_only_with_trigger.py
[2023-03-28T05:28:55.537+0000] {processor.py:753} INFO - DAG(s) dict_keys(['latest_only_with_trigger']) retrieved from /home/airflow/.local/lib/python3.7/site-packages/airflow/example_dags/example_latest_only_with_trigger.py
[2023-03-28T05:28:55.699+0000] {logging_mixin.py:137} INFO - [2023-03-28T05:28:55.699+0000] {dag.py:2693} INFO - Sync 1 DAGs
[2023-03-28T05:28:55.786+0000] {logging_mixin.py:137} INFO - [2023-03-28T05:28:55.785+0000] {dag.py:3444} INFO - Setting next_dagrun for latest_only_with_trigger to 2023-03-28T01:28:55.785707+00:00, run_after=2023-03-28T05:28:55.785707+00:00
[2023-03-28T05:28:55.951+0000] {processor.py:175} INFO - Processing /home/airflow/.local/lib/python3.7/site-packages/airflow/example_dags/example_latest_only_with_trigger.py took 0.425 seconds
[2023-03-28T05:29:26.324+0000] {processor.py:153} INFO - Started process (PID=196) to work on /home/airflow/.local/lib/python3.7/site-packages/airflow/example_dags/example_latest_only_with_trigger.py
[2023-03-28T05:29:26.324+0000] {processor.py:743} INFO - Processing file /home/airflow/.local/lib/python3.7/site-packages/airflow/example_dags/example_latest_only_with_trigger.py for tasks to queue
[2023-03-28T05:29:26.325+0000] {logging_mixin.py:137} INFO - [2023-03-28T05:29:26.325+0000] {dagbag.py:532} INFO - Filling up the DagBag from /home/airflow/.local/lib/python3.7/site-packages/airflow/example_dags/example_latest_only_with_trigger.py
[2023-03-28T05:29:26.333+0000] {processor.py:753} INFO - DAG(s) dict_keys(['latest_only_with_trigger']) retrieved from /home/airflow/.local/lib/python3.7/site-packages/airflow/example_dags/example_latest_only_with_trigger.py
[2023-03-28T05:29:26.517+0000] {logging_mixin.py:137} INFO - [2023-03-28T05:29:26.517+0000] {dag.py:2693} INFO - Sync 1 DAGs
[2023-03-28T05:29:26.623+0000] {logging_mixin.py:137} INFO - [2023-03-28T05:29:26.623+0000] {dag.py:3444} INFO - Setting next_dagrun for latest_only_with_trigger to 2023-03-28T01:29:26.623034+00:00, run_after=2023-03-28T05:29:26.623034+00:00
[2023-03-28T05:29:26.806+0000] {processor.py:175} INFO - Processing /home/airflow/.local/lib/python3.7/site-packages/airflow/example_dags/example_latest_only_with_trigger.py took 0.484 seconds
[2023-03-28T05:29:56.880+0000] {processor.py:153} INFO - Started process (PID=245) to work on /home/airflow/.local/lib/python3.7/site-packages/airflow/example_dags/example_latest_only_with_trigger.py
[2023-03-28T05:29:56.880+0000] {processor.py:743} INFO - Processing file /home/airflow/.local/lib/python3.7/site-packages/airflow/example_dags/example_latest_only_with_trigger.py for tasks to queue
[2023-03-28T05:29:56.881+0000] {logging_mixin.py:137} INFO - [2023-03-28T05:29:56.881+0000] {dagbag.py:532} INFO - Filling up the DagBag from /home/airflow/.local/lib/python3.7/site-packages/airflow/example_dags/example_latest_only_with_trigger.py
[2023-03-28T05:29:56.888+0000] {processor.py:753} INFO - DAG(s) dict_keys(['latest_only_with_trigger']) retrieved from /home/airflow/.local/lib/python3.7/site-packages/airflow/example_dags/example_latest_only_with_trigger.py
[2023-03-28T05:29:57.055+0000] {logging_mixin.py:137} INFO - [2023-03-28T05:29:57.055+0000] {dag.py:2693} INFO - Sync 1 DAGs
[2023-03-28T05:29:57.153+0000] {logging_mixin.py:137} INFO - [2023-03-28T05:29:57.153+0000] {dag.py:3444} INFO - Setting next_dagrun for latest_only_with_trigger to 2023-03-28T01:29:57.153089+00:00, run_after=2023-03-28T05:29:57.153089+00:00
[2023-03-28T05:29:58.000+0000] {processor.py:175} INFO - Processing /home/airflow/.local/lib/python3.7/site-packages/airflow/example_dags/example_latest_only_with_trigger.py took 1.122 seconds
[2023-03-28T05:30:28.787+0000] {processor.py:153} INFO - Started process (PID=294) to work on /home/airflow/.local/lib/python3.7/site-packages/airflow/example_dags/example_latest_only_with_trigger.py
[2023-03-28T05:30:28.788+0000] {processor.py:743} INFO - Processing file /home/airflow/.local/lib/python3.7/site-packages/airflow/example_dags/example_latest_only_with_trigger.py for tasks to queue
[2023-03-28T05:30:28.788+0000] {logging_mixin.py:137} INFO - [2023-03-28T05:30:28.788+0000] {dagbag.py:532} INFO - Filling up the DagBag from /home/airflow/.local/lib/python3.7/site-packages/airflow/example_dags/example_latest_only_with_trigger.py
[2023-03-28T05:30:28.796+0000] {processor.py:753} INFO - DAG(s) dict_keys(['latest_only_with_trigger']) retrieved from /home/airflow/.local/lib/python3.7/site-packages/airflow/example_dags/example_latest_only_with_trigger.py
[2023-03-28T05:30:28.963+0000] {logging_mixin.py:137} INFO - [2023-03-28T05:30:28.963+0000] {dag.py:2693} INFO - Sync 1 DAGs
[2023-03-28T05:30:29.058+0000] {logging_mixin.py:137} INFO - [2023-03-28T05:30:29.058+0000] {dag.py:3444} INFO - Setting next_dagrun for latest_only_with_trigger to 2023-03-28T01:30:29.058064+00:00, run_after=2023-03-28T05:30:29.058064+00:00
[2023-03-28T05:30:29.226+0000] {processor.py:175} INFO - Processing /home/airflow/.local/lib/python3.7/site-packages/airflow/example_dags/example_latest_only_with_trigger.py took 0.441 seconds
[2023-03-28T05:30:59.440+0000] {processor.py:153} INFO - Started process (PID=355) to work on /home/airflow/.local/lib/python3.7/site-packages/airflow/example_dags/example_latest_only_with_trigger.py
[2023-03-28T05:30:59.441+0000] {processor.py:743} INFO - Processing file /home/airflow/.local/lib/python3.7/site-packages/airflow/example_dags/example_latest_only_with_trigger.py for tasks to queue
[2023-03-28T05:30:59.441+0000] {logging_mixin.py:137} INFO - [2023-03-28T05:30:59.441+0000] {dagbag.py:532} INFO - Filling up the DagBag from /home/airflow/.local/lib/python3.7/site-packages/airflow/example_dags/example_latest_only_with_trigger.py
[2023-03-28T05:30:59.450+0000] {processor.py:753} INFO - DAG(s) dict_keys(['latest_only_with_trigger']) retrieved from /home/airflow/.local/lib/python3.7/site-packages/airflow/example_dags/example_latest_only_with_trigger.py
[2023-03-28T05:30:59.641+0000] {logging_mixin.py:137} INFO - [2023-03-28T05:30:59.641+0000] {dag.py:2693} INFO - Sync 1 DAGs
[2023-03-28T05:30:59.726+0000] {logging_mixin.py:137} INFO - [2023-03-28T05:30:59.725+0000] {dag.py:3444} INFO - Setting next_dagrun for latest_only_with_trigger to 2023-03-28T01:30:59.725749+00:00, run_after=2023-03-28T05:30:59.725749+00:00
[2023-03-28T05:30:59.897+0000] {processor.py:175} INFO - Processing /home/airflow/.local/lib/python3.7/site-packages/airflow/example_dags/example_latest_only_with_trigger.py took 0.459 seconds
