[2023-03-28T05:28:19.616+0000] {processor.py:153} INFO - Started process (PID=83) to work on /home/airflow/.local/lib/python3.7/site-packages/airflow/example_dags/example_branch_day_of_week_operator.py
[2023-03-28T05:28:19.617+0000] {processor.py:743} INFO - Processing file /home/airflow/.local/lib/python3.7/site-packages/airflow/example_dags/example_branch_day_of_week_operator.py for tasks to queue
[2023-03-28T05:28:19.617+0000] {logging_mixin.py:137} INFO - [2023-03-28T05:28:19.617+0000] {dagbag.py:532} INFO - Filling up the DagBag from /home/airflow/.local/lib/python3.7/site-packages/airflow/example_dags/example_branch_day_of_week_operator.py
[2023-03-28T05:28:19.626+0000] {processor.py:753} INFO - DAG(s) dict_keys(['example_weekday_branch_operator']) retrieved from /home/airflow/.local/lib/python3.7/site-packages/airflow/example_dags/example_branch_day_of_week_operator.py
[2023-03-28T05:28:19.813+0000] {logging_mixin.py:137} INFO - [2023-03-28T05:28:19.813+0000] {dag.py:2693} INFO - Sync 1 DAGs
[2023-03-28T05:28:19.900+0000] {logging_mixin.py:137} INFO - [2023-03-28T05:28:19.900+0000] {dag.py:3444} INFO - Setting next_dagrun for example_weekday_branch_operator to 2023-03-27T00:00:00+00:00, run_after=2023-03-28T00:00:00+00:00
[2023-03-28T05:28:20.059+0000] {processor.py:175} INFO - Processing /home/airflow/.local/lib/python3.7/site-packages/airflow/example_dags/example_branch_day_of_week_operator.py took 0.444 seconds
[2023-03-28T05:28:50.234+0000] {processor.py:153} INFO - Started process (PID=132) to work on /home/airflow/.local/lib/python3.7/site-packages/airflow/example_dags/example_branch_day_of_week_operator.py
[2023-03-28T05:28:50.234+0000] {processor.py:743} INFO - Processing file /home/airflow/.local/lib/python3.7/site-packages/airflow/example_dags/example_branch_day_of_week_operator.py for tasks to queue
[2023-03-28T05:28:50.234+0000] {logging_mixin.py:137} INFO - [2023-03-28T05:28:50.234+0000] {dagbag.py:532} INFO - Filling up the DagBag from /home/airflow/.local/lib/python3.7/site-packages/airflow/example_dags/example_branch_day_of_week_operator.py
[2023-03-28T05:28:50.242+0000] {processor.py:753} INFO - DAG(s) dict_keys(['example_weekday_branch_operator']) retrieved from /home/airflow/.local/lib/python3.7/site-packages/airflow/example_dags/example_branch_day_of_week_operator.py
[2023-03-28T05:28:50.416+0000] {logging_mixin.py:137} INFO - [2023-03-28T05:28:50.415+0000] {dag.py:2693} INFO - Sync 1 DAGs
[2023-03-28T05:28:50.517+0000] {logging_mixin.py:137} INFO - [2023-03-28T05:28:50.517+0000] {dag.py:3444} INFO - Setting next_dagrun for example_weekday_branch_operator to 2023-03-27T00:00:00+00:00, run_after=2023-03-28T00:00:00+00:00
[2023-03-28T05:28:50.750+0000] {processor.py:175} INFO - Processing /home/airflow/.local/lib/python3.7/site-packages/airflow/example_dags/example_branch_day_of_week_operator.py took 0.518 seconds
[2023-03-28T05:29:21.247+0000] {processor.py:153} INFO - Started process (PID=181) to work on /home/airflow/.local/lib/python3.7/site-packages/airflow/example_dags/example_branch_day_of_week_operator.py
[2023-03-28T05:29:21.248+0000] {processor.py:743} INFO - Processing file /home/airflow/.local/lib/python3.7/site-packages/airflow/example_dags/example_branch_day_of_week_operator.py for tasks to queue
[2023-03-28T05:29:21.249+0000] {logging_mixin.py:137} INFO - [2023-03-28T05:29:21.249+0000] {dagbag.py:532} INFO - Filling up the DagBag from /home/airflow/.local/lib/python3.7/site-packages/airflow/example_dags/example_branch_day_of_week_operator.py
[2023-03-28T05:29:21.258+0000] {processor.py:753} INFO - DAG(s) dict_keys(['example_weekday_branch_operator']) retrieved from /home/airflow/.local/lib/python3.7/site-packages/airflow/example_dags/example_branch_day_of_week_operator.py
[2023-03-28T05:29:21.455+0000] {logging_mixin.py:137} INFO - [2023-03-28T05:29:21.455+0000] {dag.py:2693} INFO - Sync 1 DAGs
[2023-03-28T05:29:21.548+0000] {logging_mixin.py:137} INFO - [2023-03-28T05:29:21.548+0000] {dag.py:3444} INFO - Setting next_dagrun for example_weekday_branch_operator to 2023-03-27T00:00:00+00:00, run_after=2023-03-28T00:00:00+00:00
[2023-03-28T05:29:21.732+0000] {processor.py:175} INFO - Processing /home/airflow/.local/lib/python3.7/site-packages/airflow/example_dags/example_branch_day_of_week_operator.py took 0.486 seconds
[2023-03-28T05:29:53.139+0000] {processor.py:153} INFO - Started process (PID=230) to work on /home/airflow/.local/lib/python3.7/site-packages/airflow/example_dags/example_branch_day_of_week_operator.py
[2023-03-28T05:29:53.140+0000] {processor.py:743} INFO - Processing file /home/airflow/.local/lib/python3.7/site-packages/airflow/example_dags/example_branch_day_of_week_operator.py for tasks to queue
[2023-03-28T05:29:53.140+0000] {logging_mixin.py:137} INFO - [2023-03-28T05:29:53.140+0000] {dagbag.py:532} INFO - Filling up the DagBag from /home/airflow/.local/lib/python3.7/site-packages/airflow/example_dags/example_branch_day_of_week_operator.py
[2023-03-28T05:29:53.149+0000] {processor.py:753} INFO - DAG(s) dict_keys(['example_weekday_branch_operator']) retrieved from /home/airflow/.local/lib/python3.7/site-packages/airflow/example_dags/example_branch_day_of_week_operator.py
[2023-03-28T05:29:53.316+0000] {logging_mixin.py:137} INFO - [2023-03-28T05:29:53.316+0000] {dag.py:2693} INFO - Sync 1 DAGs
[2023-03-28T05:29:53.409+0000] {logging_mixin.py:137} INFO - [2023-03-28T05:29:53.409+0000] {dag.py:3444} INFO - Setting next_dagrun for example_weekday_branch_operator to 2023-03-27T00:00:00+00:00, run_after=2023-03-28T00:00:00+00:00
[2023-03-28T05:29:53.571+0000] {processor.py:175} INFO - Processing /home/airflow/.local/lib/python3.7/site-packages/airflow/example_dags/example_branch_day_of_week_operator.py took 0.433 seconds
[2023-03-28T05:30:23.731+0000] {processor.py:153} INFO - Started process (PID=279) to work on /home/airflow/.local/lib/python3.7/site-packages/airflow/example_dags/example_branch_day_of_week_operator.py
[2023-03-28T05:30:23.732+0000] {processor.py:743} INFO - Processing file /home/airflow/.local/lib/python3.7/site-packages/airflow/example_dags/example_branch_day_of_week_operator.py for tasks to queue
[2023-03-28T05:30:23.732+0000] {logging_mixin.py:137} INFO - [2023-03-28T05:30:23.732+0000] {dagbag.py:532} INFO - Filling up the DagBag from /home/airflow/.local/lib/python3.7/site-packages/airflow/example_dags/example_branch_day_of_week_operator.py
[2023-03-28T05:30:23.740+0000] {processor.py:753} INFO - DAG(s) dict_keys(['example_weekday_branch_operator']) retrieved from /home/airflow/.local/lib/python3.7/site-packages/airflow/example_dags/example_branch_day_of_week_operator.py
[2023-03-28T05:30:23.939+0000] {logging_mixin.py:137} INFO - [2023-03-28T05:30:23.939+0000] {dag.py:2693} INFO - Sync 1 DAGs
[2023-03-28T05:30:24.041+0000] {logging_mixin.py:137} INFO - [2023-03-28T05:30:24.040+0000] {dag.py:3444} INFO - Setting next_dagrun for example_weekday_branch_operator to 2023-03-27T00:00:00+00:00, run_after=2023-03-28T00:00:00+00:00
[2023-03-28T05:30:24.220+0000] {processor.py:175} INFO - Processing /home/airflow/.local/lib/python3.7/site-packages/airflow/example_dags/example_branch_day_of_week_operator.py took 0.490 seconds
[2023-03-28T05:30:54.647+0000] {processor.py:153} INFO - Started process (PID=336) to work on /home/airflow/.local/lib/python3.7/site-packages/airflow/example_dags/example_branch_day_of_week_operator.py
[2023-03-28T05:30:54.657+0000] {processor.py:743} INFO - Processing file /home/airflow/.local/lib/python3.7/site-packages/airflow/example_dags/example_branch_day_of_week_operator.py for tasks to queue
[2023-03-28T05:30:54.657+0000] {logging_mixin.py:137} INFO - [2023-03-28T05:30:54.657+0000] {dagbag.py:532} INFO - Filling up the DagBag from /home/airflow/.local/lib/python3.7/site-packages/airflow/example_dags/example_branch_day_of_week_operator.py
[2023-03-28T05:30:54.666+0000] {processor.py:753} INFO - DAG(s) dict_keys(['example_weekday_branch_operator']) retrieved from /home/airflow/.local/lib/python3.7/site-packages/airflow/example_dags/example_branch_day_of_week_operator.py
[2023-03-28T05:30:54.826+0000] {logging_mixin.py:137} INFO - [2023-03-28T05:30:54.826+0000] {dag.py:2693} INFO - Sync 1 DAGs
[2023-03-28T05:30:54.912+0000] {logging_mixin.py:137} INFO - [2023-03-28T05:30:54.912+0000] {dag.py:3444} INFO - Setting next_dagrun for example_weekday_branch_operator to 2023-03-27T00:00:00+00:00, run_after=2023-03-28T00:00:00+00:00
[2023-03-28T05:30:55.063+0000] {processor.py:175} INFO - Processing /home/airflow/.local/lib/python3.7/site-packages/airflow/example_dags/example_branch_day_of_week_operator.py took 0.418 seconds
[2023-03-28T08:38:28.957+0000] {processor.py:153} INFO - Started process (PID=80) to work on /home/airflow/.local/lib/python3.7/site-packages/airflow/example_dags/example_branch_day_of_week_operator.py
[2023-03-28T08:38:28.967+0000] {processor.py:743} INFO - Processing file /home/airflow/.local/lib/python3.7/site-packages/airflow/example_dags/example_branch_day_of_week_operator.py for tasks to queue
[2023-03-28T08:38:28.967+0000] {logging_mixin.py:137} INFO - [2023-03-28T08:38:28.967+0000] {dagbag.py:532} INFO - Filling up the DagBag from /home/airflow/.local/lib/python3.7/site-packages/airflow/example_dags/example_branch_day_of_week_operator.py
[2023-03-28T08:38:28.980+0000] {processor.py:753} INFO - DAG(s) dict_keys(['example_weekday_branch_operator']) retrieved from /home/airflow/.local/lib/python3.7/site-packages/airflow/example_dags/example_branch_day_of_week_operator.py
[2023-03-28T08:38:29.171+0000] {logging_mixin.py:137} INFO - [2023-03-28T08:38:29.170+0000] {dag.py:2693} INFO - Sync 1 DAGs
[2023-03-28T08:38:29.264+0000] {logging_mixin.py:137} INFO - [2023-03-28T08:38:29.264+0000] {dag.py:3444} INFO - Setting next_dagrun for example_weekday_branch_operator to 2023-03-28T00:00:00+00:00, run_after=2023-03-29T00:00:00+00:00
[2023-03-28T08:38:29.435+0000] {processor.py:175} INFO - Processing /home/airflow/.local/lib/python3.7/site-packages/airflow/example_dags/example_branch_day_of_week_operator.py took 0.480 seconds
[2023-03-28T08:38:59.592+0000] {processor.py:153} INFO - Started process (PID=129) to work on /home/airflow/.local/lib/python3.7/site-packages/airflow/example_dags/example_branch_day_of_week_operator.py
[2023-03-28T08:38:59.593+0000] {processor.py:743} INFO - Processing file /home/airflow/.local/lib/python3.7/site-packages/airflow/example_dags/example_branch_day_of_week_operator.py for tasks to queue
[2023-03-28T08:38:59.593+0000] {logging_mixin.py:137} INFO - [2023-03-28T08:38:59.593+0000] {dagbag.py:532} INFO - Filling up the DagBag from /home/airflow/.local/lib/python3.7/site-packages/airflow/example_dags/example_branch_day_of_week_operator.py
[2023-03-28T08:38:59.602+0000] {processor.py:753} INFO - DAG(s) dict_keys(['example_weekday_branch_operator']) retrieved from /home/airflow/.local/lib/python3.7/site-packages/airflow/example_dags/example_branch_day_of_week_operator.py
[2023-03-28T08:38:59.798+0000] {logging_mixin.py:137} INFO - [2023-03-28T08:38:59.798+0000] {dag.py:2693} INFO - Sync 1 DAGs
[2023-03-28T08:38:59.894+0000] {logging_mixin.py:137} INFO - [2023-03-28T08:38:59.894+0000] {dag.py:3444} INFO - Setting next_dagrun for example_weekday_branch_operator to 2023-03-28T00:00:00+00:00, run_after=2023-03-29T00:00:00+00:00
[2023-03-28T08:39:00.580+0000] {processor.py:175} INFO - Processing /home/airflow/.local/lib/python3.7/site-packages/airflow/example_dags/example_branch_day_of_week_operator.py took 0.990 seconds
[2023-03-28T08:39:31.205+0000] {processor.py:153} INFO - Started process (PID=178) to work on /home/airflow/.local/lib/python3.7/site-packages/airflow/example_dags/example_branch_day_of_week_operator.py
[2023-03-28T08:39:31.214+0000] {processor.py:743} INFO - Processing file /home/airflow/.local/lib/python3.7/site-packages/airflow/example_dags/example_branch_day_of_week_operator.py for tasks to queue
[2023-03-28T08:39:31.215+0000] {logging_mixin.py:137} INFO - [2023-03-28T08:39:31.215+0000] {dagbag.py:532} INFO - Filling up the DagBag from /home/airflow/.local/lib/python3.7/site-packages/airflow/example_dags/example_branch_day_of_week_operator.py
[2023-03-28T08:39:31.224+0000] {processor.py:753} INFO - DAG(s) dict_keys(['example_weekday_branch_operator']) retrieved from /home/airflow/.local/lib/python3.7/site-packages/airflow/example_dags/example_branch_day_of_week_operator.py
[2023-03-28T08:39:31.422+0000] {logging_mixin.py:137} INFO - [2023-03-28T08:39:31.422+0000] {dag.py:2693} INFO - Sync 1 DAGs
[2023-03-28T08:39:31.519+0000] {logging_mixin.py:137} INFO - [2023-03-28T08:39:31.519+0000] {dag.py:3444} INFO - Setting next_dagrun for example_weekday_branch_operator to 2023-03-28T00:00:00+00:00, run_after=2023-03-29T00:00:00+00:00
[2023-03-28T08:39:31.701+0000] {processor.py:175} INFO - Processing /home/airflow/.local/lib/python3.7/site-packages/airflow/example_dags/example_branch_day_of_week_operator.py took 0.499 seconds
[2023-03-28T08:40:02.119+0000] {processor.py:153} INFO - Started process (PID=227) to work on /home/airflow/.local/lib/python3.7/site-packages/airflow/example_dags/example_branch_day_of_week_operator.py
[2023-03-28T08:40:02.120+0000] {processor.py:743} INFO - Processing file /home/airflow/.local/lib/python3.7/site-packages/airflow/example_dags/example_branch_day_of_week_operator.py for tasks to queue
[2023-03-28T08:40:02.120+0000] {logging_mixin.py:137} INFO - [2023-03-28T08:40:02.120+0000] {dagbag.py:532} INFO - Filling up the DagBag from /home/airflow/.local/lib/python3.7/site-packages/airflow/example_dags/example_branch_day_of_week_operator.py
[2023-03-28T08:40:02.129+0000] {processor.py:753} INFO - DAG(s) dict_keys(['example_weekday_branch_operator']) retrieved from /home/airflow/.local/lib/python3.7/site-packages/airflow/example_dags/example_branch_day_of_week_operator.py
[2023-03-28T08:40:02.320+0000] {logging_mixin.py:137} INFO - [2023-03-28T08:40:02.320+0000] {dag.py:2693} INFO - Sync 1 DAGs
[2023-03-28T08:40:02.411+0000] {logging_mixin.py:137} INFO - [2023-03-28T08:40:02.411+0000] {dag.py:3444} INFO - Setting next_dagrun for example_weekday_branch_operator to 2023-03-28T00:00:00+00:00, run_after=2023-03-29T00:00:00+00:00
[2023-03-28T08:40:02.580+0000] {processor.py:175} INFO - Processing /home/airflow/.local/lib/python3.7/site-packages/airflow/example_dags/example_branch_day_of_week_operator.py took 0.462 seconds
[2023-03-28T08:40:32.859+0000] {processor.py:153} INFO - Started process (PID=276) to work on /home/airflow/.local/lib/python3.7/site-packages/airflow/example_dags/example_branch_day_of_week_operator.py
[2023-03-28T08:40:32.860+0000] {processor.py:743} INFO - Processing file /home/airflow/.local/lib/python3.7/site-packages/airflow/example_dags/example_branch_day_of_week_operator.py for tasks to queue
[2023-03-28T08:40:32.860+0000] {logging_mixin.py:137} INFO - [2023-03-28T08:40:32.860+0000] {dagbag.py:532} INFO - Filling up the DagBag from /home/airflow/.local/lib/python3.7/site-packages/airflow/example_dags/example_branch_day_of_week_operator.py
[2023-03-28T08:40:32.869+0000] {processor.py:753} INFO - DAG(s) dict_keys(['example_weekday_branch_operator']) retrieved from /home/airflow/.local/lib/python3.7/site-packages/airflow/example_dags/example_branch_day_of_week_operator.py
[2023-03-28T08:40:33.066+0000] {logging_mixin.py:137} INFO - [2023-03-28T08:40:33.066+0000] {dag.py:2693} INFO - Sync 1 DAGs
[2023-03-28T08:40:33.167+0000] {logging_mixin.py:137} INFO - [2023-03-28T08:40:33.167+0000] {dag.py:3444} INFO - Setting next_dagrun for example_weekday_branch_operator to 2023-03-28T00:00:00+00:00, run_after=2023-03-29T00:00:00+00:00
[2023-03-28T08:40:33.389+0000] {processor.py:175} INFO - Processing /home/airflow/.local/lib/python3.7/site-packages/airflow/example_dags/example_branch_day_of_week_operator.py took 0.532 seconds
[2023-03-28T08:41:04.035+0000] {processor.py:153} INFO - Started process (PID=325) to work on /home/airflow/.local/lib/python3.7/site-packages/airflow/example_dags/example_branch_day_of_week_operator.py
[2023-03-28T08:41:04.036+0000] {processor.py:743} INFO - Processing file /home/airflow/.local/lib/python3.7/site-packages/airflow/example_dags/example_branch_day_of_week_operator.py for tasks to queue
[2023-03-28T08:41:04.037+0000] {logging_mixin.py:137} INFO - [2023-03-28T08:41:04.036+0000] {dagbag.py:532} INFO - Filling up the DagBag from /home/airflow/.local/lib/python3.7/site-packages/airflow/example_dags/example_branch_day_of_week_operator.py
[2023-03-28T08:41:04.046+0000] {processor.py:753} INFO - DAG(s) dict_keys(['example_weekday_branch_operator']) retrieved from /home/airflow/.local/lib/python3.7/site-packages/airflow/example_dags/example_branch_day_of_week_operator.py
[2023-03-28T08:41:04.229+0000] {logging_mixin.py:137} INFO - [2023-03-28T08:41:04.229+0000] {dag.py:2693} INFO - Sync 1 DAGs
[2023-03-28T08:41:04.319+0000] {logging_mixin.py:137} INFO - [2023-03-28T08:41:04.319+0000] {dag.py:3444} INFO - Setting next_dagrun for example_weekday_branch_operator to 2023-03-28T00:00:00+00:00, run_after=2023-03-29T00:00:00+00:00
[2023-03-28T08:41:04.516+0000] {processor.py:175} INFO - Processing /home/airflow/.local/lib/python3.7/site-packages/airflow/example_dags/example_branch_day_of_week_operator.py took 0.482 seconds
[2023-03-28T08:41:35.298+0000] {processor.py:153} INFO - Started process (PID=374) to work on /home/airflow/.local/lib/python3.7/site-packages/airflow/example_dags/example_branch_day_of_week_operator.py
[2023-03-28T08:41:35.298+0000] {processor.py:743} INFO - Processing file /home/airflow/.local/lib/python3.7/site-packages/airflow/example_dags/example_branch_day_of_week_operator.py for tasks to queue
[2023-03-28T08:41:35.298+0000] {logging_mixin.py:137} INFO - [2023-03-28T08:41:35.298+0000] {dagbag.py:532} INFO - Filling up the DagBag from /home/airflow/.local/lib/python3.7/site-packages/airflow/example_dags/example_branch_day_of_week_operator.py
[2023-03-28T08:41:35.307+0000] {processor.py:753} INFO - DAG(s) dict_keys(['example_weekday_branch_operator']) retrieved from /home/airflow/.local/lib/python3.7/site-packages/airflow/example_dags/example_branch_day_of_week_operator.py
[2023-03-28T08:41:35.722+0000] {logging_mixin.py:137} INFO - [2023-03-28T08:41:35.722+0000] {dag.py:2693} INFO - Sync 1 DAGs
[2023-03-28T08:41:35.817+0000] {logging_mixin.py:137} INFO - [2023-03-28T08:41:35.816+0000] {dag.py:3444} INFO - Setting next_dagrun for example_weekday_branch_operator to 2023-03-28T00:00:00+00:00, run_after=2023-03-29T00:00:00+00:00
[2023-03-28T08:41:35.984+0000] {processor.py:175} INFO - Processing /home/airflow/.local/lib/python3.7/site-packages/airflow/example_dags/example_branch_day_of_week_operator.py took 0.688 seconds
[2023-03-28T08:42:06.617+0000] {processor.py:153} INFO - Started process (PID=423) to work on /home/airflow/.local/lib/python3.7/site-packages/airflow/example_dags/example_branch_day_of_week_operator.py
[2023-03-28T08:42:06.627+0000] {processor.py:743} INFO - Processing file /home/airflow/.local/lib/python3.7/site-packages/airflow/example_dags/example_branch_day_of_week_operator.py for tasks to queue
[2023-03-28T08:42:06.627+0000] {logging_mixin.py:137} INFO - [2023-03-28T08:42:06.627+0000] {dagbag.py:532} INFO - Filling up the DagBag from /home/airflow/.local/lib/python3.7/site-packages/airflow/example_dags/example_branch_day_of_week_operator.py
[2023-03-28T08:42:06.637+0000] {processor.py:753} INFO - DAG(s) dict_keys(['example_weekday_branch_operator']) retrieved from /home/airflow/.local/lib/python3.7/site-packages/airflow/example_dags/example_branch_day_of_week_operator.py
[2023-03-28T08:42:06.820+0000] {logging_mixin.py:137} INFO - [2023-03-28T08:42:06.820+0000] {dag.py:2693} INFO - Sync 1 DAGs
[2023-03-28T08:42:06.919+0000] {logging_mixin.py:137} INFO - [2023-03-28T08:42:06.918+0000] {dag.py:3444} INFO - Setting next_dagrun for example_weekday_branch_operator to 2023-03-28T00:00:00+00:00, run_after=2023-03-29T00:00:00+00:00
[2023-03-28T08:42:07.093+0000] {processor.py:175} INFO - Processing /home/airflow/.local/lib/python3.7/site-packages/airflow/example_dags/example_branch_day_of_week_operator.py took 0.479 seconds
[2023-03-28T08:42:37.372+0000] {processor.py:153} INFO - Started process (PID=473) to work on /home/airflow/.local/lib/python3.7/site-packages/airflow/example_dags/example_branch_day_of_week_operator.py
[2023-03-28T08:42:37.373+0000] {processor.py:743} INFO - Processing file /home/airflow/.local/lib/python3.7/site-packages/airflow/example_dags/example_branch_day_of_week_operator.py for tasks to queue
[2023-03-28T08:42:37.373+0000] {logging_mixin.py:137} INFO - [2023-03-28T08:42:37.373+0000] {dagbag.py:532} INFO - Filling up the DagBag from /home/airflow/.local/lib/python3.7/site-packages/airflow/example_dags/example_branch_day_of_week_operator.py
[2023-03-28T08:42:37.382+0000] {processor.py:753} INFO - DAG(s) dict_keys(['example_weekday_branch_operator']) retrieved from /home/airflow/.local/lib/python3.7/site-packages/airflow/example_dags/example_branch_day_of_week_operator.py
[2023-03-28T08:42:37.574+0000] {logging_mixin.py:137} INFO - [2023-03-28T08:42:37.573+0000] {dag.py:2693} INFO - Sync 1 DAGs
[2023-03-28T08:42:37.669+0000] {logging_mixin.py:137} INFO - [2023-03-28T08:42:37.669+0000] {dag.py:3444} INFO - Setting next_dagrun for example_weekday_branch_operator to 2023-03-28T00:00:00+00:00, run_after=2023-03-29T00:00:00+00:00
[2023-03-28T08:42:37.830+0000] {processor.py:175} INFO - Processing /home/airflow/.local/lib/python3.7/site-packages/airflow/example_dags/example_branch_day_of_week_operator.py took 0.460 seconds
[2023-03-28T08:43:08.651+0000] {processor.py:153} INFO - Started process (PID=522) to work on /home/airflow/.local/lib/python3.7/site-packages/airflow/example_dags/example_branch_day_of_week_operator.py
[2023-03-28T08:43:08.662+0000] {processor.py:743} INFO - Processing file /home/airflow/.local/lib/python3.7/site-packages/airflow/example_dags/example_branch_day_of_week_operator.py for tasks to queue
[2023-03-28T08:43:08.662+0000] {logging_mixin.py:137} INFO - [2023-03-28T08:43:08.662+0000] {dagbag.py:532} INFO - Filling up the DagBag from /home/airflow/.local/lib/python3.7/site-packages/airflow/example_dags/example_branch_day_of_week_operator.py
[2023-03-28T08:43:08.671+0000] {processor.py:753} INFO - DAG(s) dict_keys(['example_weekday_branch_operator']) retrieved from /home/airflow/.local/lib/python3.7/site-packages/airflow/example_dags/example_branch_day_of_week_operator.py
[2023-03-28T08:43:08.862+0000] {logging_mixin.py:137} INFO - [2023-03-28T08:43:08.862+0000] {dag.py:2693} INFO - Sync 1 DAGs
[2023-03-28T08:43:08.954+0000] {logging_mixin.py:137} INFO - [2023-03-28T08:43:08.954+0000] {dag.py:3444} INFO - Setting next_dagrun for example_weekday_branch_operator to 2023-03-28T00:00:00+00:00, run_after=2023-03-29T00:00:00+00:00
[2023-03-28T08:43:09.126+0000] {processor.py:175} INFO - Processing /home/airflow/.local/lib/python3.7/site-packages/airflow/example_dags/example_branch_day_of_week_operator.py took 0.477 seconds
[2023-03-28T08:43:39.444+0000] {processor.py:153} INFO - Started process (PID=571) to work on /home/airflow/.local/lib/python3.7/site-packages/airflow/example_dags/example_branch_day_of_week_operator.py
[2023-03-28T08:43:39.445+0000] {processor.py:743} INFO - Processing file /home/airflow/.local/lib/python3.7/site-packages/airflow/example_dags/example_branch_day_of_week_operator.py for tasks to queue
[2023-03-28T08:43:39.445+0000] {logging_mixin.py:137} INFO - [2023-03-28T08:43:39.445+0000] {dagbag.py:532} INFO - Filling up the DagBag from /home/airflow/.local/lib/python3.7/site-packages/airflow/example_dags/example_branch_day_of_week_operator.py
[2023-03-28T08:43:39.454+0000] {processor.py:753} INFO - DAG(s) dict_keys(['example_weekday_branch_operator']) retrieved from /home/airflow/.local/lib/python3.7/site-packages/airflow/example_dags/example_branch_day_of_week_operator.py
[2023-03-28T08:43:39.667+0000] {logging_mixin.py:137} INFO - [2023-03-28T08:43:39.667+0000] {dag.py:2693} INFO - Sync 1 DAGs
[2023-03-28T08:43:39.762+0000] {logging_mixin.py:137} INFO - [2023-03-28T08:43:39.762+0000] {dag.py:3444} INFO - Setting next_dagrun for example_weekday_branch_operator to 2023-03-28T00:00:00+00:00, run_after=2023-03-29T00:00:00+00:00
[2023-03-28T08:43:39.951+0000] {processor.py:175} INFO - Processing /home/airflow/.local/lib/python3.7/site-packages/airflow/example_dags/example_branch_day_of_week_operator.py took 0.509 seconds
[2023-03-28T08:44:10.984+0000] {processor.py:153} INFO - Started process (PID=621) to work on /home/airflow/.local/lib/python3.7/site-packages/airflow/example_dags/example_branch_day_of_week_operator.py
[2023-03-28T08:44:10.984+0000] {processor.py:743} INFO - Processing file /home/airflow/.local/lib/python3.7/site-packages/airflow/example_dags/example_branch_day_of_week_operator.py for tasks to queue
[2023-03-28T08:44:10.985+0000] {logging_mixin.py:137} INFO - [2023-03-28T08:44:10.985+0000] {dagbag.py:532} INFO - Filling up the DagBag from /home/airflow/.local/lib/python3.7/site-packages/airflow/example_dags/example_branch_day_of_week_operator.py
[2023-03-28T08:44:10.994+0000] {processor.py:753} INFO - DAG(s) dict_keys(['example_weekday_branch_operator']) retrieved from /home/airflow/.local/lib/python3.7/site-packages/airflow/example_dags/example_branch_day_of_week_operator.py
[2023-03-28T08:44:11.178+0000] {logging_mixin.py:137} INFO - [2023-03-28T08:44:11.177+0000] {dag.py:2693} INFO - Sync 1 DAGs
[2023-03-28T08:44:11.279+0000] {logging_mixin.py:137} INFO - [2023-03-28T08:44:11.279+0000] {dag.py:3444} INFO - Setting next_dagrun for example_weekday_branch_operator to 2023-03-28T00:00:00+00:00, run_after=2023-03-29T00:00:00+00:00
[2023-03-28T08:44:11.436+0000] {processor.py:175} INFO - Processing /home/airflow/.local/lib/python3.7/site-packages/airflow/example_dags/example_branch_day_of_week_operator.py took 0.454 seconds
[2023-03-28T08:44:42.255+0000] {processor.py:153} INFO - Started process (PID=670) to work on /home/airflow/.local/lib/python3.7/site-packages/airflow/example_dags/example_branch_day_of_week_operator.py
[2023-03-28T08:44:42.256+0000] {processor.py:743} INFO - Processing file /home/airflow/.local/lib/python3.7/site-packages/airflow/example_dags/example_branch_day_of_week_operator.py for tasks to queue
[2023-03-28T08:44:42.256+0000] {logging_mixin.py:137} INFO - [2023-03-28T08:44:42.256+0000] {dagbag.py:532} INFO - Filling up the DagBag from /home/airflow/.local/lib/python3.7/site-packages/airflow/example_dags/example_branch_day_of_week_operator.py
[2023-03-28T08:44:42.265+0000] {processor.py:753} INFO - DAG(s) dict_keys(['example_weekday_branch_operator']) retrieved from /home/airflow/.local/lib/python3.7/site-packages/airflow/example_dags/example_branch_day_of_week_operator.py
[2023-03-28T08:44:42.443+0000] {logging_mixin.py:137} INFO - [2023-03-28T08:44:42.443+0000] {dag.py:2693} INFO - Sync 1 DAGs
[2023-03-28T08:44:42.530+0000] {logging_mixin.py:137} INFO - [2023-03-28T08:44:42.530+0000] {dag.py:3444} INFO - Setting next_dagrun for example_weekday_branch_operator to 2023-03-28T00:00:00+00:00, run_after=2023-03-29T00:00:00+00:00
[2023-03-28T08:44:42.708+0000] {processor.py:175} INFO - Processing /home/airflow/.local/lib/python3.7/site-packages/airflow/example_dags/example_branch_day_of_week_operator.py took 0.455 seconds
[2023-03-28T08:45:13.332+0000] {processor.py:153} INFO - Started process (PID=719) to work on /home/airflow/.local/lib/python3.7/site-packages/airflow/example_dags/example_branch_day_of_week_operator.py
[2023-03-28T08:45:13.332+0000] {processor.py:743} INFO - Processing file /home/airflow/.local/lib/python3.7/site-packages/airflow/example_dags/example_branch_day_of_week_operator.py for tasks to queue
[2023-03-28T08:45:13.333+0000] {logging_mixin.py:137} INFO - [2023-03-28T08:45:13.333+0000] {dagbag.py:532} INFO - Filling up the DagBag from /home/airflow/.local/lib/python3.7/site-packages/airflow/example_dags/example_branch_day_of_week_operator.py
[2023-03-28T08:45:13.341+0000] {processor.py:753} INFO - DAG(s) dict_keys(['example_weekday_branch_operator']) retrieved from /home/airflow/.local/lib/python3.7/site-packages/airflow/example_dags/example_branch_day_of_week_operator.py
[2023-03-28T08:45:13.522+0000] {logging_mixin.py:137} INFO - [2023-03-28T08:45:13.522+0000] {dag.py:2693} INFO - Sync 1 DAGs
[2023-03-28T08:45:13.611+0000] {logging_mixin.py:137} INFO - [2023-03-28T08:45:13.610+0000] {dag.py:3444} INFO - Setting next_dagrun for example_weekday_branch_operator to 2023-03-28T00:00:00+00:00, run_after=2023-03-29T00:00:00+00:00
[2023-03-28T08:45:13.793+0000] {processor.py:175} INFO - Processing /home/airflow/.local/lib/python3.7/site-packages/airflow/example_dags/example_branch_day_of_week_operator.py took 0.463 seconds
[2023-03-28T08:45:44.608+0000] {processor.py:153} INFO - Started process (PID=768) to work on /home/airflow/.local/lib/python3.7/site-packages/airflow/example_dags/example_branch_day_of_week_operator.py
[2023-03-28T08:45:44.618+0000] {processor.py:743} INFO - Processing file /home/airflow/.local/lib/python3.7/site-packages/airflow/example_dags/example_branch_day_of_week_operator.py for tasks to queue
[2023-03-28T08:45:44.619+0000] {logging_mixin.py:137} INFO - [2023-03-28T08:45:44.619+0000] {dagbag.py:532} INFO - Filling up the DagBag from /home/airflow/.local/lib/python3.7/site-packages/airflow/example_dags/example_branch_day_of_week_operator.py
[2023-03-28T08:45:44.628+0000] {processor.py:753} INFO - DAG(s) dict_keys(['example_weekday_branch_operator']) retrieved from /home/airflow/.local/lib/python3.7/site-packages/airflow/example_dags/example_branch_day_of_week_operator.py
[2023-03-28T08:45:44.843+0000] {logging_mixin.py:137} INFO - [2023-03-28T08:45:44.843+0000] {dag.py:2693} INFO - Sync 1 DAGs
[2023-03-28T08:45:44.948+0000] {logging_mixin.py:137} INFO - [2023-03-28T08:45:44.947+0000] {dag.py:3444} INFO - Setting next_dagrun for example_weekday_branch_operator to 2023-03-28T00:00:00+00:00, run_after=2023-03-29T00:00:00+00:00
[2023-03-28T08:45:45.114+0000] {processor.py:175} INFO - Processing /home/airflow/.local/lib/python3.7/site-packages/airflow/example_dags/example_branch_day_of_week_operator.py took 0.507 seconds
[2023-03-28T08:46:15.969+0000] {processor.py:153} INFO - Started process (PID=825) to work on /home/airflow/.local/lib/python3.7/site-packages/airflow/example_dags/example_branch_day_of_week_operator.py
[2023-03-28T08:46:15.970+0000] {processor.py:743} INFO - Processing file /home/airflow/.local/lib/python3.7/site-packages/airflow/example_dags/example_branch_day_of_week_operator.py for tasks to queue
[2023-03-28T08:46:15.970+0000] {logging_mixin.py:137} INFO - [2023-03-28T08:46:15.970+0000] {dagbag.py:532} INFO - Filling up the DagBag from /home/airflow/.local/lib/python3.7/site-packages/airflow/example_dags/example_branch_day_of_week_operator.py
[2023-03-28T08:46:15.979+0000] {processor.py:753} INFO - DAG(s) dict_keys(['example_weekday_branch_operator']) retrieved from /home/airflow/.local/lib/python3.7/site-packages/airflow/example_dags/example_branch_day_of_week_operator.py
[2023-03-28T08:46:16.155+0000] {logging_mixin.py:137} INFO - [2023-03-28T08:46:16.155+0000] {dag.py:2693} INFO - Sync 1 DAGs
[2023-03-28T08:46:16.245+0000] {logging_mixin.py:137} INFO - [2023-03-28T08:46:16.245+0000] {dag.py:3444} INFO - Setting next_dagrun for example_weekday_branch_operator to 2023-03-28T00:00:00+00:00, run_after=2023-03-29T00:00:00+00:00
[2023-03-28T08:46:16.421+0000] {processor.py:175} INFO - Processing /home/airflow/.local/lib/python3.7/site-packages/airflow/example_dags/example_branch_day_of_week_operator.py took 0.454 seconds
[2023-03-28T08:46:46.770+0000] {processor.py:153} INFO - Started process (PID=874) to work on /home/airflow/.local/lib/python3.7/site-packages/airflow/example_dags/example_branch_day_of_week_operator.py
[2023-03-28T08:46:46.771+0000] {processor.py:743} INFO - Processing file /home/airflow/.local/lib/python3.7/site-packages/airflow/example_dags/example_branch_day_of_week_operator.py for tasks to queue
[2023-03-28T08:46:46.771+0000] {logging_mixin.py:137} INFO - [2023-03-28T08:46:46.771+0000] {dagbag.py:532} INFO - Filling up the DagBag from /home/airflow/.local/lib/python3.7/site-packages/airflow/example_dags/example_branch_day_of_week_operator.py
[2023-03-28T08:46:46.781+0000] {processor.py:753} INFO - DAG(s) dict_keys(['example_weekday_branch_operator']) retrieved from /home/airflow/.local/lib/python3.7/site-packages/airflow/example_dags/example_branch_day_of_week_operator.py
[2023-03-28T08:46:46.975+0000] {logging_mixin.py:137} INFO - [2023-03-28T08:46:46.975+0000] {dag.py:2693} INFO - Sync 1 DAGs
[2023-03-28T08:46:47.064+0000] {logging_mixin.py:137} INFO - [2023-03-28T08:46:47.064+0000] {dag.py:3444} INFO - Setting next_dagrun for example_weekday_branch_operator to 2023-03-28T00:00:00+00:00, run_after=2023-03-29T00:00:00+00:00
[2023-03-28T08:46:47.238+0000] {processor.py:175} INFO - Processing /home/airflow/.local/lib/python3.7/site-packages/airflow/example_dags/example_branch_day_of_week_operator.py took 0.470 seconds
[2023-03-28T08:47:17.904+0000] {processor.py:153} INFO - Started process (PID=923) to work on /home/airflow/.local/lib/python3.7/site-packages/airflow/example_dags/example_branch_day_of_week_operator.py
[2023-03-28T08:47:17.905+0000] {processor.py:743} INFO - Processing file /home/airflow/.local/lib/python3.7/site-packages/airflow/example_dags/example_branch_day_of_week_operator.py for tasks to queue
[2023-03-28T08:47:17.905+0000] {logging_mixin.py:137} INFO - [2023-03-28T08:47:17.905+0000] {dagbag.py:532} INFO - Filling up the DagBag from /home/airflow/.local/lib/python3.7/site-packages/airflow/example_dags/example_branch_day_of_week_operator.py
[2023-03-28T08:47:17.914+0000] {processor.py:753} INFO - DAG(s) dict_keys(['example_weekday_branch_operator']) retrieved from /home/airflow/.local/lib/python3.7/site-packages/airflow/example_dags/example_branch_day_of_week_operator.py
[2023-03-28T08:47:18.174+0000] {logging_mixin.py:137} INFO - [2023-03-28T08:47:18.174+0000] {dag.py:2693} INFO - Sync 1 DAGs
[2023-03-28T08:47:18.268+0000] {logging_mixin.py:137} INFO - [2023-03-28T08:47:18.268+0000] {dag.py:3444} INFO - Setting next_dagrun for example_weekday_branch_operator to 2023-03-28T00:00:00+00:00, run_after=2023-03-29T00:00:00+00:00
[2023-03-28T08:47:18.432+0000] {processor.py:175} INFO - Processing /home/airflow/.local/lib/python3.7/site-packages/airflow/example_dags/example_branch_day_of_week_operator.py took 0.530 seconds
[2023-03-28T08:47:49.375+0000] {processor.py:153} INFO - Started process (PID=972) to work on /home/airflow/.local/lib/python3.7/site-packages/airflow/example_dags/example_branch_day_of_week_operator.py
[2023-03-28T08:47:49.375+0000] {processor.py:743} INFO - Processing file /home/airflow/.local/lib/python3.7/site-packages/airflow/example_dags/example_branch_day_of_week_operator.py for tasks to queue
[2023-03-28T08:47:49.375+0000] {logging_mixin.py:137} INFO - [2023-03-28T08:47:49.375+0000] {dagbag.py:532} INFO - Filling up the DagBag from /home/airflow/.local/lib/python3.7/site-packages/airflow/example_dags/example_branch_day_of_week_operator.py
[2023-03-28T08:47:49.385+0000] {processor.py:753} INFO - DAG(s) dict_keys(['example_weekday_branch_operator']) retrieved from /home/airflow/.local/lib/python3.7/site-packages/airflow/example_dags/example_branch_day_of_week_operator.py
[2023-03-28T08:47:49.584+0000] {logging_mixin.py:137} INFO - [2023-03-28T08:47:49.584+0000] {dag.py:2693} INFO - Sync 1 DAGs
[2023-03-28T08:47:49.675+0000] {logging_mixin.py:137} INFO - [2023-03-28T08:47:49.675+0000] {dag.py:3444} INFO - Setting next_dagrun for example_weekday_branch_operator to 2023-03-28T00:00:00+00:00, run_after=2023-03-29T00:00:00+00:00
[2023-03-28T08:47:49.856+0000] {processor.py:175} INFO - Processing /home/airflow/.local/lib/python3.7/site-packages/airflow/example_dags/example_branch_day_of_week_operator.py took 0.483 seconds
[2023-03-28T08:48:20.051+0000] {processor.py:153} INFO - Started process (PID=1021) to work on /home/airflow/.local/lib/python3.7/site-packages/airflow/example_dags/example_branch_day_of_week_operator.py
[2023-03-28T08:48:20.052+0000] {processor.py:743} INFO - Processing file /home/airflow/.local/lib/python3.7/site-packages/airflow/example_dags/example_branch_day_of_week_operator.py for tasks to queue
[2023-03-28T08:48:20.053+0000] {logging_mixin.py:137} INFO - [2023-03-28T08:48:20.052+0000] {dagbag.py:532} INFO - Filling up the DagBag from /home/airflow/.local/lib/python3.7/site-packages/airflow/example_dags/example_branch_day_of_week_operator.py
[2023-03-28T08:48:20.061+0000] {processor.py:753} INFO - DAG(s) dict_keys(['example_weekday_branch_operator']) retrieved from /home/airflow/.local/lib/python3.7/site-packages/airflow/example_dags/example_branch_day_of_week_operator.py
[2023-03-28T08:48:20.372+0000] {logging_mixin.py:137} INFO - [2023-03-28T08:48:20.372+0000] {dag.py:2693} INFO - Sync 1 DAGs
[2023-03-28T08:48:20.477+0000] {logging_mixin.py:137} INFO - [2023-03-28T08:48:20.477+0000] {dag.py:3444} INFO - Setting next_dagrun for example_weekday_branch_operator to 2023-03-28T00:00:00+00:00, run_after=2023-03-29T00:00:00+00:00
[2023-03-28T08:48:20.676+0000] {processor.py:175} INFO - Processing /home/airflow/.local/lib/python3.7/site-packages/airflow/example_dags/example_branch_day_of_week_operator.py took 0.628 seconds
[2023-03-28T08:48:51.177+0000] {processor.py:153} INFO - Started process (PID=1070) to work on /home/airflow/.local/lib/python3.7/site-packages/airflow/example_dags/example_branch_day_of_week_operator.py
[2023-03-28T08:48:51.178+0000] {processor.py:743} INFO - Processing file /home/airflow/.local/lib/python3.7/site-packages/airflow/example_dags/example_branch_day_of_week_operator.py for tasks to queue
[2023-03-28T08:48:51.178+0000] {logging_mixin.py:137} INFO - [2023-03-28T08:48:51.178+0000] {dagbag.py:532} INFO - Filling up the DagBag from /home/airflow/.local/lib/python3.7/site-packages/airflow/example_dags/example_branch_day_of_week_operator.py
[2023-03-28T08:48:51.187+0000] {processor.py:753} INFO - DAG(s) dict_keys(['example_weekday_branch_operator']) retrieved from /home/airflow/.local/lib/python3.7/site-packages/airflow/example_dags/example_branch_day_of_week_operator.py
[2023-03-28T08:48:51.375+0000] {logging_mixin.py:137} INFO - [2023-03-28T08:48:51.375+0000] {dag.py:2693} INFO - Sync 1 DAGs
[2023-03-28T08:48:51.473+0000] {logging_mixin.py:137} INFO - [2023-03-28T08:48:51.473+0000] {dag.py:3444} INFO - Setting next_dagrun for example_weekday_branch_operator to 2023-03-28T00:00:00+00:00, run_after=2023-03-29T00:00:00+00:00
[2023-03-28T08:48:51.644+0000] {processor.py:175} INFO - Processing /home/airflow/.local/lib/python3.7/site-packages/airflow/example_dags/example_branch_day_of_week_operator.py took 0.468 seconds
[2023-03-28T08:49:21.899+0000] {processor.py:153} INFO - Started process (PID=1119) to work on /home/airflow/.local/lib/python3.7/site-packages/airflow/example_dags/example_branch_day_of_week_operator.py
[2023-03-28T08:49:21.900+0000] {processor.py:743} INFO - Processing file /home/airflow/.local/lib/python3.7/site-packages/airflow/example_dags/example_branch_day_of_week_operator.py for tasks to queue
[2023-03-28T08:49:21.900+0000] {logging_mixin.py:137} INFO - [2023-03-28T08:49:21.900+0000] {dagbag.py:532} INFO - Filling up the DagBag from /home/airflow/.local/lib/python3.7/site-packages/airflow/example_dags/example_branch_day_of_week_operator.py
[2023-03-28T08:49:21.909+0000] {processor.py:753} INFO - DAG(s) dict_keys(['example_weekday_branch_operator']) retrieved from /home/airflow/.local/lib/python3.7/site-packages/airflow/example_dags/example_branch_day_of_week_operator.py
[2023-03-28T08:49:22.095+0000] {logging_mixin.py:137} INFO - [2023-03-28T08:49:22.095+0000] {dag.py:2693} INFO - Sync 1 DAGs
[2023-03-28T08:49:22.194+0000] {logging_mixin.py:137} INFO - [2023-03-28T08:49:22.194+0000] {dag.py:3444} INFO - Setting next_dagrun for example_weekday_branch_operator to 2023-03-28T00:00:00+00:00, run_after=2023-03-29T00:00:00+00:00
[2023-03-28T08:49:22.365+0000] {processor.py:175} INFO - Processing /home/airflow/.local/lib/python3.7/site-packages/airflow/example_dags/example_branch_day_of_week_operator.py took 0.468 seconds
[2023-03-28T08:49:52.547+0000] {processor.py:153} INFO - Started process (PID=1167) to work on /home/airflow/.local/lib/python3.7/site-packages/airflow/example_dags/example_branch_day_of_week_operator.py
[2023-03-28T08:49:52.548+0000] {processor.py:743} INFO - Processing file /home/airflow/.local/lib/python3.7/site-packages/airflow/example_dags/example_branch_day_of_week_operator.py for tasks to queue
[2023-03-28T08:49:52.548+0000] {logging_mixin.py:137} INFO - [2023-03-28T08:49:52.548+0000] {dagbag.py:532} INFO - Filling up the DagBag from /home/airflow/.local/lib/python3.7/site-packages/airflow/example_dags/example_branch_day_of_week_operator.py
[2023-03-28T08:49:52.557+0000] {processor.py:753} INFO - DAG(s) dict_keys(['example_weekday_branch_operator']) retrieved from /home/airflow/.local/lib/python3.7/site-packages/airflow/example_dags/example_branch_day_of_week_operator.py
[2023-03-28T08:49:52.734+0000] {logging_mixin.py:137} INFO - [2023-03-28T08:49:52.734+0000] {dag.py:2693} INFO - Sync 1 DAGs
[2023-03-28T08:49:52.828+0000] {logging_mixin.py:137} INFO - [2023-03-28T08:49:52.828+0000] {dag.py:3444} INFO - Setting next_dagrun for example_weekday_branch_operator to 2023-03-28T00:00:00+00:00, run_after=2023-03-29T00:00:00+00:00
[2023-03-28T08:49:53.006+0000] {processor.py:175} INFO - Processing /home/airflow/.local/lib/python3.7/site-packages/airflow/example_dags/example_branch_day_of_week_operator.py took 0.461 seconds
[2023-03-28T08:50:23.248+0000] {processor.py:153} INFO - Started process (PID=1216) to work on /home/airflow/.local/lib/python3.7/site-packages/airflow/example_dags/example_branch_day_of_week_operator.py
[2023-03-28T08:50:23.248+0000] {processor.py:743} INFO - Processing file /home/airflow/.local/lib/python3.7/site-packages/airflow/example_dags/example_branch_day_of_week_operator.py for tasks to queue
[2023-03-28T08:50:23.248+0000] {logging_mixin.py:137} INFO - [2023-03-28T08:50:23.248+0000] {dagbag.py:532} INFO - Filling up the DagBag from /home/airflow/.local/lib/python3.7/site-packages/airflow/example_dags/example_branch_day_of_week_operator.py
[2023-03-28T08:50:23.257+0000] {processor.py:753} INFO - DAG(s) dict_keys(['example_weekday_branch_operator']) retrieved from /home/airflow/.local/lib/python3.7/site-packages/airflow/example_dags/example_branch_day_of_week_operator.py
[2023-03-28T08:50:23.497+0000] {logging_mixin.py:137} INFO - [2023-03-28T08:50:23.497+0000] {dag.py:2693} INFO - Sync 1 DAGs
[2023-03-28T08:50:23.593+0000] {logging_mixin.py:137} INFO - [2023-03-28T08:50:23.593+0000] {dag.py:3444} INFO - Setting next_dagrun for example_weekday_branch_operator to 2023-03-28T00:00:00+00:00, run_after=2023-03-29T00:00:00+00:00
[2023-03-28T08:50:23.805+0000] {processor.py:175} INFO - Processing /home/airflow/.local/lib/python3.7/site-packages/airflow/example_dags/example_branch_day_of_week_operator.py took 0.560 seconds
[2023-03-28T08:50:53.945+0000] {processor.py:153} INFO - Started process (PID=1265) to work on /home/airflow/.local/lib/python3.7/site-packages/airflow/example_dags/example_branch_day_of_week_operator.py
[2023-03-28T08:50:53.946+0000] {processor.py:743} INFO - Processing file /home/airflow/.local/lib/python3.7/site-packages/airflow/example_dags/example_branch_day_of_week_operator.py for tasks to queue
[2023-03-28T08:50:53.946+0000] {logging_mixin.py:137} INFO - [2023-03-28T08:50:53.946+0000] {dagbag.py:532} INFO - Filling up the DagBag from /home/airflow/.local/lib/python3.7/site-packages/airflow/example_dags/example_branch_day_of_week_operator.py
[2023-03-28T08:50:53.955+0000] {processor.py:753} INFO - DAG(s) dict_keys(['example_weekday_branch_operator']) retrieved from /home/airflow/.local/lib/python3.7/site-packages/airflow/example_dags/example_branch_day_of_week_operator.py
[2023-03-28T08:50:54.262+0000] {logging_mixin.py:137} INFO - [2023-03-28T08:50:54.262+0000] {dag.py:2693} INFO - Sync 1 DAGs
[2023-03-28T08:50:54.355+0000] {logging_mixin.py:137} INFO - [2023-03-28T08:50:54.355+0000] {dag.py:3444} INFO - Setting next_dagrun for example_weekday_branch_operator to 2023-03-28T00:00:00+00:00, run_after=2023-03-29T00:00:00+00:00
[2023-03-28T08:50:54.533+0000] {processor.py:175} INFO - Processing /home/airflow/.local/lib/python3.7/site-packages/airflow/example_dags/example_branch_day_of_week_operator.py took 0.591 seconds
[2023-03-28T08:51:24.778+0000] {processor.py:153} INFO - Started process (PID=1314) to work on /home/airflow/.local/lib/python3.7/site-packages/airflow/example_dags/example_branch_day_of_week_operator.py
[2023-03-28T08:51:24.778+0000] {processor.py:743} INFO - Processing file /home/airflow/.local/lib/python3.7/site-packages/airflow/example_dags/example_branch_day_of_week_operator.py for tasks to queue
[2023-03-28T08:51:24.778+0000] {logging_mixin.py:137} INFO - [2023-03-28T08:51:24.778+0000] {dagbag.py:532} INFO - Filling up the DagBag from /home/airflow/.local/lib/python3.7/site-packages/airflow/example_dags/example_branch_day_of_week_operator.py
[2023-03-28T08:51:24.788+0000] {processor.py:753} INFO - DAG(s) dict_keys(['example_weekday_branch_operator']) retrieved from /home/airflow/.local/lib/python3.7/site-packages/airflow/example_dags/example_branch_day_of_week_operator.py
[2023-03-28T08:51:24.983+0000] {logging_mixin.py:137} INFO - [2023-03-28T08:51:24.983+0000] {dag.py:2693} INFO - Sync 1 DAGs
[2023-03-28T08:51:25.082+0000] {logging_mixin.py:137} INFO - [2023-03-28T08:51:25.081+0000] {dag.py:3444} INFO - Setting next_dagrun for example_weekday_branch_operator to 2023-03-28T00:00:00+00:00, run_after=2023-03-29T00:00:00+00:00
[2023-03-28T08:51:25.477+0000] {processor.py:175} INFO - Processing /home/airflow/.local/lib/python3.7/site-packages/airflow/example_dags/example_branch_day_of_week_operator.py took 0.701 seconds
[2023-03-28T08:51:55.489+0000] {processor.py:153} INFO - Started process (PID=1363) to work on /home/airflow/.local/lib/python3.7/site-packages/airflow/example_dags/example_branch_day_of_week_operator.py
[2023-03-28T08:51:55.490+0000] {processor.py:743} INFO - Processing file /home/airflow/.local/lib/python3.7/site-packages/airflow/example_dags/example_branch_day_of_week_operator.py for tasks to queue
[2023-03-28T08:51:55.490+0000] {logging_mixin.py:137} INFO - [2023-03-28T08:51:55.490+0000] {dagbag.py:532} INFO - Filling up the DagBag from /home/airflow/.local/lib/python3.7/site-packages/airflow/example_dags/example_branch_day_of_week_operator.py
[2023-03-28T08:51:55.499+0000] {processor.py:753} INFO - DAG(s) dict_keys(['example_weekday_branch_operator']) retrieved from /home/airflow/.local/lib/python3.7/site-packages/airflow/example_dags/example_branch_day_of_week_operator.py
[2023-03-28T08:51:55.693+0000] {logging_mixin.py:137} INFO - [2023-03-28T08:51:55.693+0000] {dag.py:2693} INFO - Sync 1 DAGs
[2023-03-28T08:51:55.789+0000] {logging_mixin.py:137} INFO - [2023-03-28T08:51:55.789+0000] {dag.py:3444} INFO - Setting next_dagrun for example_weekday_branch_operator to 2023-03-28T00:00:00+00:00, run_after=2023-03-29T00:00:00+00:00
[2023-03-28T08:51:55.953+0000] {processor.py:175} INFO - Processing /home/airflow/.local/lib/python3.7/site-packages/airflow/example_dags/example_branch_day_of_week_operator.py took 0.466 seconds
[2023-03-28T08:52:26.034+0000] {processor.py:153} INFO - Started process (PID=1412) to work on /home/airflow/.local/lib/python3.7/site-packages/airflow/example_dags/example_branch_day_of_week_operator.py
[2023-03-28T08:52:26.034+0000] {processor.py:743} INFO - Processing file /home/airflow/.local/lib/python3.7/site-packages/airflow/example_dags/example_branch_day_of_week_operator.py for tasks to queue
[2023-03-28T08:52:26.035+0000] {logging_mixin.py:137} INFO - [2023-03-28T08:52:26.035+0000] {dagbag.py:532} INFO - Filling up the DagBag from /home/airflow/.local/lib/python3.7/site-packages/airflow/example_dags/example_branch_day_of_week_operator.py
[2023-03-28T08:52:26.044+0000] {processor.py:753} INFO - DAG(s) dict_keys(['example_weekday_branch_operator']) retrieved from /home/airflow/.local/lib/python3.7/site-packages/airflow/example_dags/example_branch_day_of_week_operator.py
[2023-03-28T08:52:26.227+0000] {logging_mixin.py:137} INFO - [2023-03-28T08:52:26.226+0000] {dag.py:2693} INFO - Sync 1 DAGs
[2023-03-28T08:52:26.320+0000] {logging_mixin.py:137} INFO - [2023-03-28T08:52:26.319+0000] {dag.py:3444} INFO - Setting next_dagrun for example_weekday_branch_operator to 2023-03-28T00:00:00+00:00, run_after=2023-03-29T00:00:00+00:00
[2023-03-28T08:52:26.482+0000] {processor.py:175} INFO - Processing /home/airflow/.local/lib/python3.7/site-packages/airflow/example_dags/example_branch_day_of_week_operator.py took 0.450 seconds
[2023-03-28T08:52:56.896+0000] {processor.py:153} INFO - Started process (PID=1461) to work on /home/airflow/.local/lib/python3.7/site-packages/airflow/example_dags/example_branch_day_of_week_operator.py
[2023-03-28T08:52:56.897+0000] {processor.py:743} INFO - Processing file /home/airflow/.local/lib/python3.7/site-packages/airflow/example_dags/example_branch_day_of_week_operator.py for tasks to queue
[2023-03-28T08:52:56.897+0000] {logging_mixin.py:137} INFO - [2023-03-28T08:52:56.897+0000] {dagbag.py:532} INFO - Filling up the DagBag from /home/airflow/.local/lib/python3.7/site-packages/airflow/example_dags/example_branch_day_of_week_operator.py
[2023-03-28T08:52:56.907+0000] {processor.py:753} INFO - DAG(s) dict_keys(['example_weekday_branch_operator']) retrieved from /home/airflow/.local/lib/python3.7/site-packages/airflow/example_dags/example_branch_day_of_week_operator.py
[2023-03-28T08:52:57.085+0000] {logging_mixin.py:137} INFO - [2023-03-28T08:52:57.084+0000] {dag.py:2693} INFO - Sync 1 DAGs
[2023-03-28T08:52:57.173+0000] {logging_mixin.py:137} INFO - [2023-03-28T08:52:57.173+0000] {dag.py:3444} INFO - Setting next_dagrun for example_weekday_branch_operator to 2023-03-28T00:00:00+00:00, run_after=2023-03-29T00:00:00+00:00
[2023-03-28T08:52:57.341+0000] {processor.py:175} INFO - Processing /home/airflow/.local/lib/python3.7/site-packages/airflow/example_dags/example_branch_day_of_week_operator.py took 0.447 seconds
[2023-03-28T08:53:27.554+0000] {processor.py:153} INFO - Started process (PID=1510) to work on /home/airflow/.local/lib/python3.7/site-packages/airflow/example_dags/example_branch_day_of_week_operator.py
[2023-03-28T08:53:27.554+0000] {processor.py:743} INFO - Processing file /home/airflow/.local/lib/python3.7/site-packages/airflow/example_dags/example_branch_day_of_week_operator.py for tasks to queue
[2023-03-28T08:53:27.554+0000] {logging_mixin.py:137} INFO - [2023-03-28T08:53:27.554+0000] {dagbag.py:532} INFO - Filling up the DagBag from /home/airflow/.local/lib/python3.7/site-packages/airflow/example_dags/example_branch_day_of_week_operator.py
[2023-03-28T08:53:27.563+0000] {processor.py:753} INFO - DAG(s) dict_keys(['example_weekday_branch_operator']) retrieved from /home/airflow/.local/lib/python3.7/site-packages/airflow/example_dags/example_branch_day_of_week_operator.py
[2023-03-28T08:53:27.752+0000] {logging_mixin.py:137} INFO - [2023-03-28T08:53:27.752+0000] {dag.py:2693} INFO - Sync 1 DAGs
[2023-03-28T08:53:27.850+0000] {logging_mixin.py:137} INFO - [2023-03-28T08:53:27.850+0000] {dag.py:3444} INFO - Setting next_dagrun for example_weekday_branch_operator to 2023-03-28T00:00:00+00:00, run_after=2023-03-29T00:00:00+00:00
[2023-03-28T08:53:28.027+0000] {processor.py:175} INFO - Processing /home/airflow/.local/lib/python3.7/site-packages/airflow/example_dags/example_branch_day_of_week_operator.py took 0.475 seconds
[2023-03-28T08:53:58.184+0000] {processor.py:153} INFO - Started process (PID=1559) to work on /home/airflow/.local/lib/python3.7/site-packages/airflow/example_dags/example_branch_day_of_week_operator.py
[2023-03-28T08:53:58.188+0000] {processor.py:743} INFO - Processing file /home/airflow/.local/lib/python3.7/site-packages/airflow/example_dags/example_branch_day_of_week_operator.py for tasks to queue
[2023-03-28T08:53:58.188+0000] {logging_mixin.py:137} INFO - [2023-03-28T08:53:58.188+0000] {dagbag.py:532} INFO - Filling up the DagBag from /home/airflow/.local/lib/python3.7/site-packages/airflow/example_dags/example_branch_day_of_week_operator.py
[2023-03-28T08:53:58.197+0000] {processor.py:753} INFO - DAG(s) dict_keys(['example_weekday_branch_operator']) retrieved from /home/airflow/.local/lib/python3.7/site-packages/airflow/example_dags/example_branch_day_of_week_operator.py
[2023-03-28T08:53:58.380+0000] {logging_mixin.py:137} INFO - [2023-03-28T08:53:58.379+0000] {dag.py:2693} INFO - Sync 1 DAGs
[2023-03-28T08:53:58.471+0000] {logging_mixin.py:137} INFO - [2023-03-28T08:53:58.471+0000] {dag.py:3444} INFO - Setting next_dagrun for example_weekday_branch_operator to 2023-03-28T00:00:00+00:00, run_after=2023-03-29T00:00:00+00:00
[2023-03-28T08:53:58.626+0000] {processor.py:175} INFO - Processing /home/airflow/.local/lib/python3.7/site-packages/airflow/example_dags/example_branch_day_of_week_operator.py took 0.445 seconds
[2023-03-28T08:54:28.941+0000] {processor.py:153} INFO - Started process (PID=1608) to work on /home/airflow/.local/lib/python3.7/site-packages/airflow/example_dags/example_branch_day_of_week_operator.py
[2023-03-28T08:54:28.941+0000] {processor.py:743} INFO - Processing file /home/airflow/.local/lib/python3.7/site-packages/airflow/example_dags/example_branch_day_of_week_operator.py for tasks to queue
[2023-03-28T08:54:28.942+0000] {logging_mixin.py:137} INFO - [2023-03-28T08:54:28.942+0000] {dagbag.py:532} INFO - Filling up the DagBag from /home/airflow/.local/lib/python3.7/site-packages/airflow/example_dags/example_branch_day_of_week_operator.py
[2023-03-28T08:54:28.951+0000] {processor.py:753} INFO - DAG(s) dict_keys(['example_weekday_branch_operator']) retrieved from /home/airflow/.local/lib/python3.7/site-packages/airflow/example_dags/example_branch_day_of_week_operator.py
[2023-03-28T08:54:29.164+0000] {logging_mixin.py:137} INFO - [2023-03-28T08:54:29.163+0000] {dag.py:2693} INFO - Sync 1 DAGs
[2023-03-28T08:54:29.265+0000] {logging_mixin.py:137} INFO - [2023-03-28T08:54:29.265+0000] {dag.py:3444} INFO - Setting next_dagrun for example_weekday_branch_operator to 2023-03-28T00:00:00+00:00, run_after=2023-03-29T00:00:00+00:00
[2023-03-28T08:54:29.601+0000] {processor.py:175} INFO - Processing /home/airflow/.local/lib/python3.7/site-packages/airflow/example_dags/example_branch_day_of_week_operator.py took 0.662 seconds
[2023-03-28T08:55:00.095+0000] {processor.py:153} INFO - Started process (PID=1657) to work on /home/airflow/.local/lib/python3.7/site-packages/airflow/example_dags/example_branch_day_of_week_operator.py
[2023-03-28T08:55:00.095+0000] {processor.py:743} INFO - Processing file /home/airflow/.local/lib/python3.7/site-packages/airflow/example_dags/example_branch_day_of_week_operator.py for tasks to queue
[2023-03-28T08:55:00.096+0000] {logging_mixin.py:137} INFO - [2023-03-28T08:55:00.096+0000] {dagbag.py:532} INFO - Filling up the DagBag from /home/airflow/.local/lib/python3.7/site-packages/airflow/example_dags/example_branch_day_of_week_operator.py
[2023-03-28T08:55:00.104+0000] {processor.py:753} INFO - DAG(s) dict_keys(['example_weekday_branch_operator']) retrieved from /home/airflow/.local/lib/python3.7/site-packages/airflow/example_dags/example_branch_day_of_week_operator.py
[2023-03-28T08:55:00.660+0000] {logging_mixin.py:137} INFO - [2023-03-28T08:55:00.660+0000] {dag.py:2693} INFO - Sync 1 DAGs
[2023-03-28T08:55:00.785+0000] {logging_mixin.py:137} INFO - [2023-03-28T08:55:00.785+0000] {dag.py:3444} INFO - Setting next_dagrun for example_weekday_branch_operator to 2023-03-28T00:00:00+00:00, run_after=2023-03-29T00:00:00+00:00
[2023-03-28T08:55:00.965+0000] {processor.py:175} INFO - Processing /home/airflow/.local/lib/python3.7/site-packages/airflow/example_dags/example_branch_day_of_week_operator.py took 0.872 seconds
[2023-03-28T08:55:31.086+0000] {processor.py:153} INFO - Started process (PID=1706) to work on /home/airflow/.local/lib/python3.7/site-packages/airflow/example_dags/example_branch_day_of_week_operator.py
[2023-03-28T08:55:31.087+0000] {processor.py:743} INFO - Processing file /home/airflow/.local/lib/python3.7/site-packages/airflow/example_dags/example_branch_day_of_week_operator.py for tasks to queue
[2023-03-28T08:55:31.088+0000] {logging_mixin.py:137} INFO - [2023-03-28T08:55:31.088+0000] {dagbag.py:532} INFO - Filling up the DagBag from /home/airflow/.local/lib/python3.7/site-packages/airflow/example_dags/example_branch_day_of_week_operator.py
[2023-03-28T08:55:31.096+0000] {processor.py:753} INFO - DAG(s) dict_keys(['example_weekday_branch_operator']) retrieved from /home/airflow/.local/lib/python3.7/site-packages/airflow/example_dags/example_branch_day_of_week_operator.py
[2023-03-28T08:55:31.273+0000] {logging_mixin.py:137} INFO - [2023-03-28T08:55:31.273+0000] {dag.py:2693} INFO - Sync 1 DAGs
[2023-03-28T08:55:31.374+0000] {logging_mixin.py:137} INFO - [2023-03-28T08:55:31.374+0000] {dag.py:3444} INFO - Setting next_dagrun for example_weekday_branch_operator to 2023-03-28T00:00:00+00:00, run_after=2023-03-29T00:00:00+00:00
[2023-03-28T08:55:31.576+0000] {processor.py:175} INFO - Processing /home/airflow/.local/lib/python3.7/site-packages/airflow/example_dags/example_branch_day_of_week_operator.py took 0.491 seconds
[2023-03-28T08:56:01.706+0000] {processor.py:153} INFO - Started process (PID=1755) to work on /home/airflow/.local/lib/python3.7/site-packages/airflow/example_dags/example_branch_day_of_week_operator.py
[2023-03-28T08:56:01.706+0000] {processor.py:743} INFO - Processing file /home/airflow/.local/lib/python3.7/site-packages/airflow/example_dags/example_branch_day_of_week_operator.py for tasks to queue
[2023-03-28T08:56:01.706+0000] {logging_mixin.py:137} INFO - [2023-03-28T08:56:01.706+0000] {dagbag.py:532} INFO - Filling up the DagBag from /home/airflow/.local/lib/python3.7/site-packages/airflow/example_dags/example_branch_day_of_week_operator.py
[2023-03-28T08:56:01.716+0000] {processor.py:753} INFO - DAG(s) dict_keys(['example_weekday_branch_operator']) retrieved from /home/airflow/.local/lib/python3.7/site-packages/airflow/example_dags/example_branch_day_of_week_operator.py
[2023-03-28T08:56:01.895+0000] {logging_mixin.py:137} INFO - [2023-03-28T08:56:01.895+0000] {dag.py:2693} INFO - Sync 1 DAGs
[2023-03-28T08:56:01.985+0000] {logging_mixin.py:137} INFO - [2023-03-28T08:56:01.984+0000] {dag.py:3444} INFO - Setting next_dagrun for example_weekday_branch_operator to 2023-03-28T00:00:00+00:00, run_after=2023-03-29T00:00:00+00:00
[2023-03-28T08:56:02.158+0000] {processor.py:175} INFO - Processing /home/airflow/.local/lib/python3.7/site-packages/airflow/example_dags/example_branch_day_of_week_operator.py took 0.455 seconds
[2023-03-28T08:56:32.812+0000] {processor.py:153} INFO - Started process (PID=1804) to work on /home/airflow/.local/lib/python3.7/site-packages/airflow/example_dags/example_branch_day_of_week_operator.py
[2023-03-28T08:56:32.817+0000] {processor.py:743} INFO - Processing file /home/airflow/.local/lib/python3.7/site-packages/airflow/example_dags/example_branch_day_of_week_operator.py for tasks to queue
[2023-03-28T08:56:32.817+0000] {logging_mixin.py:137} INFO - [2023-03-28T08:56:32.817+0000] {dagbag.py:532} INFO - Filling up the DagBag from /home/airflow/.local/lib/python3.7/site-packages/airflow/example_dags/example_branch_day_of_week_operator.py
[2023-03-28T08:56:32.826+0000] {processor.py:753} INFO - DAG(s) dict_keys(['example_weekday_branch_operator']) retrieved from /home/airflow/.local/lib/python3.7/site-packages/airflow/example_dags/example_branch_day_of_week_operator.py
[2023-03-28T08:56:33.007+0000] {logging_mixin.py:137} INFO - [2023-03-28T08:56:33.007+0000] {dag.py:2693} INFO - Sync 1 DAGs
[2023-03-28T08:56:33.102+0000] {logging_mixin.py:137} INFO - [2023-03-28T08:56:33.102+0000] {dag.py:3444} INFO - Setting next_dagrun for example_weekday_branch_operator to 2023-03-28T00:00:00+00:00, run_after=2023-03-29T00:00:00+00:00
[2023-03-28T08:56:33.493+0000] {processor.py:175} INFO - Processing /home/airflow/.local/lib/python3.7/site-packages/airflow/example_dags/example_branch_day_of_week_operator.py took 0.683 seconds
[2023-03-28T08:57:03.563+0000] {processor.py:153} INFO - Started process (PID=1853) to work on /home/airflow/.local/lib/python3.7/site-packages/airflow/example_dags/example_branch_day_of_week_operator.py
[2023-03-28T08:57:03.564+0000] {processor.py:743} INFO - Processing file /home/airflow/.local/lib/python3.7/site-packages/airflow/example_dags/example_branch_day_of_week_operator.py for tasks to queue
[2023-03-28T08:57:03.564+0000] {logging_mixin.py:137} INFO - [2023-03-28T08:57:03.564+0000] {dagbag.py:532} INFO - Filling up the DagBag from /home/airflow/.local/lib/python3.7/site-packages/airflow/example_dags/example_branch_day_of_week_operator.py
[2023-03-28T08:57:03.573+0000] {processor.py:753} INFO - DAG(s) dict_keys(['example_weekday_branch_operator']) retrieved from /home/airflow/.local/lib/python3.7/site-packages/airflow/example_dags/example_branch_day_of_week_operator.py
[2023-03-28T08:57:03.746+0000] {logging_mixin.py:137} INFO - [2023-03-28T08:57:03.746+0000] {dag.py:2693} INFO - Sync 1 DAGs
[2023-03-28T08:57:03.836+0000] {logging_mixin.py:137} INFO - [2023-03-28T08:57:03.836+0000] {dag.py:3444} INFO - Setting next_dagrun for example_weekday_branch_operator to 2023-03-28T00:00:00+00:00, run_after=2023-03-29T00:00:00+00:00
[2023-03-28T08:57:04.012+0000] {processor.py:175} INFO - Processing /home/airflow/.local/lib/python3.7/site-packages/airflow/example_dags/example_branch_day_of_week_operator.py took 0.452 seconds
[2023-03-28T08:57:34.432+0000] {processor.py:153} INFO - Started process (PID=1902) to work on /home/airflow/.local/lib/python3.7/site-packages/airflow/example_dags/example_branch_day_of_week_operator.py
[2023-03-28T08:57:34.438+0000] {processor.py:743} INFO - Processing file /home/airflow/.local/lib/python3.7/site-packages/airflow/example_dags/example_branch_day_of_week_operator.py for tasks to queue
[2023-03-28T08:57:34.438+0000] {logging_mixin.py:137} INFO - [2023-03-28T08:57:34.438+0000] {dagbag.py:532} INFO - Filling up the DagBag from /home/airflow/.local/lib/python3.7/site-packages/airflow/example_dags/example_branch_day_of_week_operator.py
[2023-03-28T08:57:34.447+0000] {processor.py:753} INFO - DAG(s) dict_keys(['example_weekday_branch_operator']) retrieved from /home/airflow/.local/lib/python3.7/site-packages/airflow/example_dags/example_branch_day_of_week_operator.py
[2023-03-28T08:57:34.652+0000] {logging_mixin.py:137} INFO - [2023-03-28T08:57:34.652+0000] {dag.py:2693} INFO - Sync 1 DAGs
[2023-03-28T08:57:34.754+0000] {logging_mixin.py:137} INFO - [2023-03-28T08:57:34.754+0000] {dag.py:3444} INFO - Setting next_dagrun for example_weekday_branch_operator to 2023-03-28T00:00:00+00:00, run_after=2023-03-29T00:00:00+00:00
[2023-03-28T08:57:34.982+0000] {processor.py:175} INFO - Processing /home/airflow/.local/lib/python3.7/site-packages/airflow/example_dags/example_branch_day_of_week_operator.py took 0.552 seconds
[2023-03-28T08:58:05.374+0000] {processor.py:153} INFO - Started process (PID=1951) to work on /home/airflow/.local/lib/python3.7/site-packages/airflow/example_dags/example_branch_day_of_week_operator.py
[2023-03-28T08:58:05.374+0000] {processor.py:743} INFO - Processing file /home/airflow/.local/lib/python3.7/site-packages/airflow/example_dags/example_branch_day_of_week_operator.py for tasks to queue
[2023-03-28T08:58:05.374+0000] {logging_mixin.py:137} INFO - [2023-03-28T08:58:05.374+0000] {dagbag.py:532} INFO - Filling up the DagBag from /home/airflow/.local/lib/python3.7/site-packages/airflow/example_dags/example_branch_day_of_week_operator.py
[2023-03-28T08:58:05.383+0000] {processor.py:753} INFO - DAG(s) dict_keys(['example_weekday_branch_operator']) retrieved from /home/airflow/.local/lib/python3.7/site-packages/airflow/example_dags/example_branch_day_of_week_operator.py
[2023-03-28T08:58:05.570+0000] {logging_mixin.py:137} INFO - [2023-03-28T08:58:05.570+0000] {dag.py:2693} INFO - Sync 1 DAGs
[2023-03-28T08:58:05.671+0000] {logging_mixin.py:137} INFO - [2023-03-28T08:58:05.671+0000] {dag.py:3444} INFO - Setting next_dagrun for example_weekday_branch_operator to 2023-03-28T00:00:00+00:00, run_after=2023-03-29T00:00:00+00:00
[2023-03-28T08:58:05.843+0000] {processor.py:175} INFO - Processing /home/airflow/.local/lib/python3.7/site-packages/airflow/example_dags/example_branch_day_of_week_operator.py took 0.471 seconds
[2023-03-28T08:58:36.274+0000] {processor.py:153} INFO - Started process (PID=2000) to work on /home/airflow/.local/lib/python3.7/site-packages/airflow/example_dags/example_branch_day_of_week_operator.py
[2023-03-28T08:58:36.274+0000] {processor.py:743} INFO - Processing file /home/airflow/.local/lib/python3.7/site-packages/airflow/example_dags/example_branch_day_of_week_operator.py for tasks to queue
[2023-03-28T08:58:36.275+0000] {logging_mixin.py:137} INFO - [2023-03-28T08:58:36.275+0000] {dagbag.py:532} INFO - Filling up the DagBag from /home/airflow/.local/lib/python3.7/site-packages/airflow/example_dags/example_branch_day_of_week_operator.py
[2023-03-28T08:58:36.284+0000] {processor.py:753} INFO - DAG(s) dict_keys(['example_weekday_branch_operator']) retrieved from /home/airflow/.local/lib/python3.7/site-packages/airflow/example_dags/example_branch_day_of_week_operator.py
[2023-03-28T08:58:36.464+0000] {logging_mixin.py:137} INFO - [2023-03-28T08:58:36.464+0000] {dag.py:2693} INFO - Sync 1 DAGs
[2023-03-28T08:58:36.557+0000] {logging_mixin.py:137} INFO - [2023-03-28T08:58:36.557+0000] {dag.py:3444} INFO - Setting next_dagrun for example_weekday_branch_operator to 2023-03-28T00:00:00+00:00, run_after=2023-03-29T00:00:00+00:00
[2023-03-28T08:58:36.778+0000] {processor.py:175} INFO - Processing /home/airflow/.local/lib/python3.7/site-packages/airflow/example_dags/example_branch_day_of_week_operator.py took 0.507 seconds
[2023-03-28T08:59:07.049+0000] {processor.py:153} INFO - Started process (PID=2049) to work on /home/airflow/.local/lib/python3.7/site-packages/airflow/example_dags/example_branch_day_of_week_operator.py
[2023-03-28T08:59:07.056+0000] {processor.py:743} INFO - Processing file /home/airflow/.local/lib/python3.7/site-packages/airflow/example_dags/example_branch_day_of_week_operator.py for tasks to queue
[2023-03-28T08:59:07.056+0000] {logging_mixin.py:137} INFO - [2023-03-28T08:59:07.056+0000] {dagbag.py:532} INFO - Filling up the DagBag from /home/airflow/.local/lib/python3.7/site-packages/airflow/example_dags/example_branch_day_of_week_operator.py
[2023-03-28T08:59:07.067+0000] {processor.py:753} INFO - DAG(s) dict_keys(['example_weekday_branch_operator']) retrieved from /home/airflow/.local/lib/python3.7/site-packages/airflow/example_dags/example_branch_day_of_week_operator.py
[2023-03-28T08:59:07.256+0000] {logging_mixin.py:137} INFO - [2023-03-28T08:59:07.256+0000] {dag.py:2693} INFO - Sync 1 DAGs
[2023-03-28T08:59:07.351+0000] {logging_mixin.py:137} INFO - [2023-03-28T08:59:07.351+0000] {dag.py:3444} INFO - Setting next_dagrun for example_weekday_branch_operator to 2023-03-28T00:00:00+00:00, run_after=2023-03-29T00:00:00+00:00
[2023-03-28T08:59:07.538+0000] {processor.py:175} INFO - Processing /home/airflow/.local/lib/python3.7/site-packages/airflow/example_dags/example_branch_day_of_week_operator.py took 0.491 seconds
[2023-03-28T08:59:37.739+0000] {processor.py:153} INFO - Started process (PID=2098) to work on /home/airflow/.local/lib/python3.7/site-packages/airflow/example_dags/example_branch_day_of_week_operator.py
[2023-03-28T08:59:37.740+0000] {processor.py:743} INFO - Processing file /home/airflow/.local/lib/python3.7/site-packages/airflow/example_dags/example_branch_day_of_week_operator.py for tasks to queue
[2023-03-28T08:59:37.740+0000] {logging_mixin.py:137} INFO - [2023-03-28T08:59:37.740+0000] {dagbag.py:532} INFO - Filling up the DagBag from /home/airflow/.local/lib/python3.7/site-packages/airflow/example_dags/example_branch_day_of_week_operator.py
[2023-03-28T08:59:37.749+0000] {processor.py:753} INFO - DAG(s) dict_keys(['example_weekday_branch_operator']) retrieved from /home/airflow/.local/lib/python3.7/site-packages/airflow/example_dags/example_branch_day_of_week_operator.py
[2023-03-28T08:59:37.946+0000] {logging_mixin.py:137} INFO - [2023-03-28T08:59:37.946+0000] {dag.py:2693} INFO - Sync 1 DAGs
[2023-03-28T08:59:38.055+0000] {logging_mixin.py:137} INFO - [2023-03-28T08:59:38.055+0000] {dag.py:3444} INFO - Setting next_dagrun for example_weekday_branch_operator to 2023-03-28T00:00:00+00:00, run_after=2023-03-29T00:00:00+00:00
[2023-03-28T08:59:38.269+0000] {processor.py:175} INFO - Processing /home/airflow/.local/lib/python3.7/site-packages/airflow/example_dags/example_branch_day_of_week_operator.py took 0.532 seconds
