[2023-03-28T05:28:21.164+0000] {processor.py:153} INFO - Started process (PID=88) to work on /home/airflow/.local/lib/python3.7/site-packages/airflow/example_dags/example_branch_operator.py
[2023-03-28T05:28:21.165+0000] {processor.py:743} INFO - Processing file /home/airflow/.local/lib/python3.7/site-packages/airflow/example_dags/example_branch_operator.py for tasks to queue
[2023-03-28T05:28:21.165+0000] {logging_mixin.py:137} INFO - [2023-03-28T05:28:21.165+0000] {dagbag.py:532} INFO - Filling up the DagBag from /home/airflow/.local/lib/python3.7/site-packages/airflow/example_dags/example_branch_operator.py
[2023-03-28T05:28:21.175+0000] {processor.py:753} INFO - DAG(s) dict_keys(['example_branch_operator']) retrieved from /home/airflow/.local/lib/python3.7/site-packages/airflow/example_dags/example_branch_operator.py
[2023-03-28T05:28:21.344+0000] {logging_mixin.py:137} INFO - [2023-03-28T05:28:21.344+0000] {dag.py:2693} INFO - Sync 1 DAGs
[2023-03-28T05:28:21.428+0000] {logging_mixin.py:137} INFO - [2023-03-28T05:28:21.427+0000] {dag.py:3444} INFO - Setting next_dagrun for example_branch_operator to 2023-03-27T00:00:00+00:00, run_after=2023-03-28T00:00:00+00:00
[2023-03-28T05:28:21.587+0000] {processor.py:175} INFO - Processing /home/airflow/.local/lib/python3.7/site-packages/airflow/example_dags/example_branch_operator.py took 0.425 seconds
[2023-03-28T05:28:52.046+0000] {processor.py:153} INFO - Started process (PID=137) to work on /home/airflow/.local/lib/python3.7/site-packages/airflow/example_dags/example_branch_operator.py
[2023-03-28T05:28:52.046+0000] {processor.py:743} INFO - Processing file /home/airflow/.local/lib/python3.7/site-packages/airflow/example_dags/example_branch_operator.py for tasks to queue
[2023-03-28T05:28:52.046+0000] {logging_mixin.py:137} INFO - [2023-03-28T05:28:52.046+0000] {dagbag.py:532} INFO - Filling up the DagBag from /home/airflow/.local/lib/python3.7/site-packages/airflow/example_dags/example_branch_operator.py
[2023-03-28T05:28:52.056+0000] {processor.py:753} INFO - DAG(s) dict_keys(['example_branch_operator']) retrieved from /home/airflow/.local/lib/python3.7/site-packages/airflow/example_dags/example_branch_operator.py
[2023-03-28T05:28:52.234+0000] {logging_mixin.py:137} INFO - [2023-03-28T05:28:52.234+0000] {dag.py:2693} INFO - Sync 1 DAGs
[2023-03-28T05:28:52.335+0000] {logging_mixin.py:137} INFO - [2023-03-28T05:28:52.335+0000] {dag.py:3444} INFO - Setting next_dagrun for example_branch_operator to 2023-03-27T00:00:00+00:00, run_after=2023-03-28T00:00:00+00:00
[2023-03-28T05:28:52.498+0000] {processor.py:175} INFO - Processing /home/airflow/.local/lib/python3.7/site-packages/airflow/example_dags/example_branch_operator.py took 0.454 seconds
[2023-03-28T05:29:22.716+0000] {processor.py:153} INFO - Started process (PID=186) to work on /home/airflow/.local/lib/python3.7/site-packages/airflow/example_dags/example_branch_operator.py
[2023-03-28T05:29:22.717+0000] {processor.py:743} INFO - Processing file /home/airflow/.local/lib/python3.7/site-packages/airflow/example_dags/example_branch_operator.py for tasks to queue
[2023-03-28T05:29:22.718+0000] {logging_mixin.py:137} INFO - [2023-03-28T05:29:22.717+0000] {dagbag.py:532} INFO - Filling up the DagBag from /home/airflow/.local/lib/python3.7/site-packages/airflow/example_dags/example_branch_operator.py
[2023-03-28T05:29:22.728+0000] {processor.py:753} INFO - DAG(s) dict_keys(['example_branch_operator']) retrieved from /home/airflow/.local/lib/python3.7/site-packages/airflow/example_dags/example_branch_operator.py
[2023-03-28T05:29:22.920+0000] {logging_mixin.py:137} INFO - [2023-03-28T05:29:22.920+0000] {dag.py:2693} INFO - Sync 1 DAGs
[2023-03-28T05:29:23.008+0000] {logging_mixin.py:137} INFO - [2023-03-28T05:29:23.008+0000] {dag.py:3444} INFO - Setting next_dagrun for example_branch_operator to 2023-03-27T00:00:00+00:00, run_after=2023-03-28T00:00:00+00:00
[2023-03-28T05:29:23.192+0000] {processor.py:175} INFO - Processing /home/airflow/.local/lib/python3.7/site-packages/airflow/example_dags/example_branch_operator.py took 0.477 seconds
[2023-03-28T05:29:54.170+0000] {processor.py:153} INFO - Started process (PID=235) to work on /home/airflow/.local/lib/python3.7/site-packages/airflow/example_dags/example_branch_operator.py
[2023-03-28T05:29:54.170+0000] {processor.py:743} INFO - Processing file /home/airflow/.local/lib/python3.7/site-packages/airflow/example_dags/example_branch_operator.py for tasks to queue
[2023-03-28T05:29:54.171+0000] {logging_mixin.py:137} INFO - [2023-03-28T05:29:54.170+0000] {dagbag.py:532} INFO - Filling up the DagBag from /home/airflow/.local/lib/python3.7/site-packages/airflow/example_dags/example_branch_operator.py
[2023-03-28T05:29:54.180+0000] {processor.py:753} INFO - DAG(s) dict_keys(['example_branch_operator']) retrieved from /home/airflow/.local/lib/python3.7/site-packages/airflow/example_dags/example_branch_operator.py
[2023-03-28T05:29:54.356+0000] {logging_mixin.py:137} INFO - [2023-03-28T05:29:54.356+0000] {dag.py:2693} INFO - Sync 1 DAGs
[2023-03-28T05:29:54.447+0000] {logging_mixin.py:137} INFO - [2023-03-28T05:29:54.447+0000] {dag.py:3444} INFO - Setting next_dagrun for example_branch_operator to 2023-03-27T00:00:00+00:00, run_after=2023-03-28T00:00:00+00:00
[2023-03-28T05:29:54.639+0000] {processor.py:175} INFO - Processing /home/airflow/.local/lib/python3.7/site-packages/airflow/example_dags/example_branch_operator.py took 0.470 seconds
[2023-03-28T05:30:25.270+0000] {processor.py:153} INFO - Started process (PID=284) to work on /home/airflow/.local/lib/python3.7/site-packages/airflow/example_dags/example_branch_operator.py
[2023-03-28T05:30:25.271+0000] {processor.py:743} INFO - Processing file /home/airflow/.local/lib/python3.7/site-packages/airflow/example_dags/example_branch_operator.py for tasks to queue
[2023-03-28T05:30:25.271+0000] {logging_mixin.py:137} INFO - [2023-03-28T05:30:25.271+0000] {dagbag.py:532} INFO - Filling up the DagBag from /home/airflow/.local/lib/python3.7/site-packages/airflow/example_dags/example_branch_operator.py
[2023-03-28T05:30:25.280+0000] {processor.py:753} INFO - DAG(s) dict_keys(['example_branch_operator']) retrieved from /home/airflow/.local/lib/python3.7/site-packages/airflow/example_dags/example_branch_operator.py
[2023-03-28T05:30:25.458+0000] {logging_mixin.py:137} INFO - [2023-03-28T05:30:25.458+0000] {dag.py:2693} INFO - Sync 1 DAGs
[2023-03-28T05:30:25.594+0000] {logging_mixin.py:137} INFO - [2023-03-28T05:30:25.593+0000] {dag.py:3444} INFO - Setting next_dagrun for example_branch_operator to 2023-03-27T00:00:00+00:00, run_after=2023-03-28T00:00:00+00:00
[2023-03-28T05:30:25.758+0000] {processor.py:175} INFO - Processing /home/airflow/.local/lib/python3.7/site-packages/airflow/example_dags/example_branch_operator.py took 0.490 seconds
[2023-03-28T05:30:56.042+0000] {processor.py:153} INFO - Started process (PID=340) to work on /home/airflow/.local/lib/python3.7/site-packages/airflow/example_dags/example_branch_operator.py
[2023-03-28T05:30:56.042+0000] {processor.py:743} INFO - Processing file /home/airflow/.local/lib/python3.7/site-packages/airflow/example_dags/example_branch_operator.py for tasks to queue
[2023-03-28T05:30:56.043+0000] {logging_mixin.py:137} INFO - [2023-03-28T05:30:56.043+0000] {dagbag.py:532} INFO - Filling up the DagBag from /home/airflow/.local/lib/python3.7/site-packages/airflow/example_dags/example_branch_operator.py
[2023-03-28T05:30:56.053+0000] {processor.py:753} INFO - DAG(s) dict_keys(['example_branch_operator']) retrieved from /home/airflow/.local/lib/python3.7/site-packages/airflow/example_dags/example_branch_operator.py
[2023-03-28T05:30:56.246+0000] {logging_mixin.py:137} INFO - [2023-03-28T05:30:56.246+0000] {dag.py:2693} INFO - Sync 1 DAGs
[2023-03-28T05:30:56.339+0000] {logging_mixin.py:137} INFO - [2023-03-28T05:30:56.338+0000] {dag.py:3444} INFO - Setting next_dagrun for example_branch_operator to 2023-03-28T00:00:00+00:00, run_after=2023-03-29T00:00:00+00:00
[2023-03-28T05:30:56.495+0000] {processor.py:175} INFO - Processing /home/airflow/.local/lib/python3.7/site-packages/airflow/example_dags/example_branch_operator.py took 0.455 seconds
[2023-03-28T08:25:22.579+0000] {processor.py:153} INFO - Started process (PID=79) to work on /home/airflow/.local/lib/python3.7/site-packages/airflow/example_dags/example_branch_operator.py
[2023-03-28T08:25:22.614+0000] {processor.py:743} INFO - Processing file /home/airflow/.local/lib/python3.7/site-packages/airflow/example_dags/example_branch_operator.py for tasks to queue
[2023-03-28T08:25:22.616+0000] {logging_mixin.py:137} INFO - [2023-03-28T08:25:22.615+0000] {dagbag.py:532} INFO - Filling up the DagBag from /home/airflow/.local/lib/python3.7/site-packages/airflow/example_dags/example_branch_operator.py
[2023-03-28T08:25:25.471+0000] {processor.py:753} INFO - DAG(s) dict_keys(['example_branch_operator']) retrieved from /home/airflow/.local/lib/python3.7/site-packages/airflow/example_dags/example_branch_operator.py
[2023-03-28T08:25:29.437+0000] {logging_mixin.py:137} INFO - [2023-03-28T08:25:29.437+0000] {dag.py:2693} INFO - Sync 1 DAGs
[2023-03-28T08:25:29.788+0000] {logging_mixin.py:137} INFO - [2023-03-28T08:25:29.788+0000] {dag.py:3444} INFO - Setting next_dagrun for example_branch_operator to 2023-03-28T00:00:00+00:00, run_after=2023-03-29T00:00:00+00:00
[2023-03-28T08:25:33.380+0000] {processor.py:175} INFO - Processing /home/airflow/.local/lib/python3.7/site-packages/airflow/example_dags/example_branch_operator.py took 11.452 seconds
[2023-03-28T08:29:41.416+0000] {processor.py:153} INFO - Started process (PID=170) to work on /home/airflow/.local/lib/python3.7/site-packages/airflow/example_dags/example_branch_operator.py
[2023-03-28T08:29:41.421+0000] {processor.py:743} INFO - Processing file /home/airflow/.local/lib/python3.7/site-packages/airflow/example_dags/example_branch_operator.py for tasks to queue
[2023-03-28T08:29:41.422+0000] {logging_mixin.py:137} INFO - [2023-03-28T08:29:41.422+0000] {dagbag.py:532} INFO - Filling up the DagBag from /home/airflow/.local/lib/python3.7/site-packages/airflow/example_dags/example_branch_operator.py
[2023-03-28T08:29:41.449+0000] {processor.py:753} INFO - DAG(s) dict_keys(['example_branch_operator']) retrieved from /home/airflow/.local/lib/python3.7/site-packages/airflow/example_dags/example_branch_operator.py
[2023-03-28T08:29:41.710+0000] {logging_mixin.py:137} INFO - [2023-03-28T08:29:41.709+0000] {dag.py:2693} INFO - Sync 1 DAGs
[2023-03-28T08:29:41.777+0000] {logging_mixin.py:137} INFO - [2023-03-28T08:29:41.777+0000] {dag.py:3444} INFO - Setting next_dagrun for example_branch_operator to 2023-03-28T00:00:00+00:00, run_after=2023-03-29T00:00:00+00:00
[2023-03-28T08:29:41.961+0000] {processor.py:175} INFO - Processing /home/airflow/.local/lib/python3.7/site-packages/airflow/example_dags/example_branch_operator.py took 0.549 seconds
[2023-03-28T08:30:12.157+0000] {processor.py:153} INFO - Started process (PID=219) to work on /home/airflow/.local/lib/python3.7/site-packages/airflow/example_dags/example_branch_operator.py
[2023-03-28T08:30:12.163+0000] {processor.py:743} INFO - Processing file /home/airflow/.local/lib/python3.7/site-packages/airflow/example_dags/example_branch_operator.py for tasks to queue
[2023-03-28T08:30:12.164+0000] {logging_mixin.py:137} INFO - [2023-03-28T08:30:12.164+0000] {dagbag.py:532} INFO - Filling up the DagBag from /home/airflow/.local/lib/python3.7/site-packages/airflow/example_dags/example_branch_operator.py
[2023-03-28T08:30:12.203+0000] {processor.py:753} INFO - DAG(s) dict_keys(['example_branch_operator']) retrieved from /home/airflow/.local/lib/python3.7/site-packages/airflow/example_dags/example_branch_operator.py
[2023-03-28T08:30:12.396+0000] {logging_mixin.py:137} INFO - [2023-03-28T08:30:12.395+0000] {dag.py:2693} INFO - Sync 1 DAGs
[2023-03-28T08:30:12.460+0000] {logging_mixin.py:137} INFO - [2023-03-28T08:30:12.459+0000] {dag.py:3444} INFO - Setting next_dagrun for example_branch_operator to 2023-03-28T00:00:00+00:00, run_after=2023-03-29T00:00:00+00:00
[2023-03-28T08:30:12.655+0000] {processor.py:175} INFO - Processing /home/airflow/.local/lib/python3.7/site-packages/airflow/example_dags/example_branch_operator.py took 0.504 seconds
[2023-03-28T08:30:43.060+0000] {processor.py:153} INFO - Started process (PID=268) to work on /home/airflow/.local/lib/python3.7/site-packages/airflow/example_dags/example_branch_operator.py
[2023-03-28T08:30:43.063+0000] {processor.py:743} INFO - Processing file /home/airflow/.local/lib/python3.7/site-packages/airflow/example_dags/example_branch_operator.py for tasks to queue
[2023-03-28T08:30:43.064+0000] {logging_mixin.py:137} INFO - [2023-03-28T08:30:43.064+0000] {dagbag.py:532} INFO - Filling up the DagBag from /home/airflow/.local/lib/python3.7/site-packages/airflow/example_dags/example_branch_operator.py
[2023-03-28T08:30:43.083+0000] {processor.py:753} INFO - DAG(s) dict_keys(['example_branch_operator']) retrieved from /home/airflow/.local/lib/python3.7/site-packages/airflow/example_dags/example_branch_operator.py
[2023-03-28T08:30:43.271+0000] {logging_mixin.py:137} INFO - [2023-03-28T08:30:43.271+0000] {dag.py:2693} INFO - Sync 1 DAGs
[2023-03-28T08:30:43.330+0000] {logging_mixin.py:137} INFO - [2023-03-28T08:30:43.330+0000] {dag.py:3444} INFO - Setting next_dagrun for example_branch_operator to 2023-03-28T00:00:00+00:00, run_after=2023-03-29T00:00:00+00:00
[2023-03-28T08:30:43.501+0000] {processor.py:175} INFO - Processing /home/airflow/.local/lib/python3.7/site-packages/airflow/example_dags/example_branch_operator.py took 0.445 seconds
[2023-03-28T08:31:21.941+0000] {processor.py:153} INFO - Started process (PID=318) to work on /home/airflow/.local/lib/python3.7/site-packages/airflow/example_dags/example_branch_operator.py
[2023-03-28T08:31:21.942+0000] {processor.py:743} INFO - Processing file /home/airflow/.local/lib/python3.7/site-packages/airflow/example_dags/example_branch_operator.py for tasks to queue
[2023-03-28T08:31:21.943+0000] {logging_mixin.py:137} INFO - [2023-03-28T08:31:21.943+0000] {dagbag.py:532} INFO - Filling up the DagBag from /home/airflow/.local/lib/python3.7/site-packages/airflow/example_dags/example_branch_operator.py
[2023-03-28T08:31:21.966+0000] {processor.py:753} INFO - DAG(s) dict_keys(['example_branch_operator']) retrieved from /home/airflow/.local/lib/python3.7/site-packages/airflow/example_dags/example_branch_operator.py
[2023-03-28T08:31:22.137+0000] {logging_mixin.py:137} INFO - [2023-03-28T08:31:22.137+0000] {dag.py:2693} INFO - Sync 1 DAGs
[2023-03-28T08:31:22.195+0000] {logging_mixin.py:137} INFO - [2023-03-28T08:31:22.195+0000] {dag.py:3444} INFO - Setting next_dagrun for example_branch_operator to 2023-03-28T00:00:00+00:00, run_after=2023-03-29T00:00:00+00:00
[2023-03-28T08:31:22.367+0000] {processor.py:175} INFO - Processing /home/airflow/.local/lib/python3.7/site-packages/airflow/example_dags/example_branch_operator.py took 0.432 seconds
[2023-03-28T08:31:53.155+0000] {processor.py:153} INFO - Started process (PID=367) to work on /home/airflow/.local/lib/python3.7/site-packages/airflow/example_dags/example_branch_operator.py
[2023-03-28T08:31:53.157+0000] {processor.py:743} INFO - Processing file /home/airflow/.local/lib/python3.7/site-packages/airflow/example_dags/example_branch_operator.py for tasks to queue
[2023-03-28T08:31:53.159+0000] {logging_mixin.py:137} INFO - [2023-03-28T08:31:53.158+0000] {dagbag.py:532} INFO - Filling up the DagBag from /home/airflow/.local/lib/python3.7/site-packages/airflow/example_dags/example_branch_operator.py
[2023-03-28T08:31:53.205+0000] {processor.py:753} INFO - DAG(s) dict_keys(['example_branch_operator']) retrieved from /home/airflow/.local/lib/python3.7/site-packages/airflow/example_dags/example_branch_operator.py
[2023-03-28T08:31:53.447+0000] {logging_mixin.py:137} INFO - [2023-03-28T08:31:53.447+0000] {dag.py:2693} INFO - Sync 1 DAGs
[2023-03-28T08:31:53.517+0000] {logging_mixin.py:137} INFO - [2023-03-28T08:31:53.517+0000] {dag.py:3444} INFO - Setting next_dagrun for example_branch_operator to 2023-03-28T00:00:00+00:00, run_after=2023-03-29T00:00:00+00:00
[2023-03-28T08:31:53.703+0000] {processor.py:175} INFO - Processing /home/airflow/.local/lib/python3.7/site-packages/airflow/example_dags/example_branch_operator.py took 0.561 seconds
[2023-03-28T08:32:23.809+0000] {processor.py:153} INFO - Started process (PID=416) to work on /home/airflow/.local/lib/python3.7/site-packages/airflow/example_dags/example_branch_operator.py
[2023-03-28T08:32:23.810+0000] {processor.py:743} INFO - Processing file /home/airflow/.local/lib/python3.7/site-packages/airflow/example_dags/example_branch_operator.py for tasks to queue
[2023-03-28T08:32:23.812+0000] {logging_mixin.py:137} INFO - [2023-03-28T08:32:23.811+0000] {dagbag.py:532} INFO - Filling up the DagBag from /home/airflow/.local/lib/python3.7/site-packages/airflow/example_dags/example_branch_operator.py
[2023-03-28T08:32:23.835+0000] {processor.py:753} INFO - DAG(s) dict_keys(['example_branch_operator']) retrieved from /home/airflow/.local/lib/python3.7/site-packages/airflow/example_dags/example_branch_operator.py
[2023-03-28T08:32:24.025+0000] {logging_mixin.py:137} INFO - [2023-03-28T08:32:24.024+0000] {dag.py:2693} INFO - Sync 1 DAGs
[2023-03-28T08:32:24.090+0000] {logging_mixin.py:137} INFO - [2023-03-28T08:32:24.090+0000] {dag.py:3444} INFO - Setting next_dagrun for example_branch_operator to 2023-03-28T00:00:00+00:00, run_after=2023-03-29T00:00:00+00:00
[2023-03-28T08:32:24.262+0000] {processor.py:175} INFO - Processing /home/airflow/.local/lib/python3.7/site-packages/airflow/example_dags/example_branch_operator.py took 0.457 seconds
[2023-03-28T08:33:03.200+0000] {processor.py:153} INFO - Started process (PID=465) to work on /home/airflow/.local/lib/python3.7/site-packages/airflow/example_dags/example_branch_operator.py
[2023-03-28T08:33:03.212+0000] {processor.py:743} INFO - Processing file /home/airflow/.local/lib/python3.7/site-packages/airflow/example_dags/example_branch_operator.py for tasks to queue
[2023-03-28T08:33:03.213+0000] {logging_mixin.py:137} INFO - [2023-03-28T08:33:03.213+0000] {dagbag.py:532} INFO - Filling up the DagBag from /home/airflow/.local/lib/python3.7/site-packages/airflow/example_dags/example_branch_operator.py
[2023-03-28T08:33:03.277+0000] {processor.py:753} INFO - DAG(s) dict_keys(['example_branch_operator']) retrieved from /home/airflow/.local/lib/python3.7/site-packages/airflow/example_dags/example_branch_operator.py
[2023-03-28T08:33:03.502+0000] {logging_mixin.py:137} INFO - [2023-03-28T08:33:03.502+0000] {dag.py:2693} INFO - Sync 1 DAGs
[2023-03-28T08:33:03.606+0000] {logging_mixin.py:137} INFO - [2023-03-28T08:33:03.606+0000] {dag.py:3444} INFO - Setting next_dagrun for example_branch_operator to 2023-03-28T00:00:00+00:00, run_after=2023-03-29T00:00:00+00:00
[2023-03-28T08:33:03.911+0000] {processor.py:175} INFO - Processing /home/airflow/.local/lib/python3.7/site-packages/airflow/example_dags/example_branch_operator.py took 0.716 seconds
[2023-03-28T08:33:34.261+0000] {processor.py:153} INFO - Started process (PID=514) to work on /home/airflow/.local/lib/python3.7/site-packages/airflow/example_dags/example_branch_operator.py
[2023-03-28T08:33:34.262+0000] {processor.py:743} INFO - Processing file /home/airflow/.local/lib/python3.7/site-packages/airflow/example_dags/example_branch_operator.py for tasks to queue
[2023-03-28T08:33:34.263+0000] {logging_mixin.py:137} INFO - [2023-03-28T08:33:34.263+0000] {dagbag.py:532} INFO - Filling up the DagBag from /home/airflow/.local/lib/python3.7/site-packages/airflow/example_dags/example_branch_operator.py
[2023-03-28T08:33:34.286+0000] {processor.py:753} INFO - DAG(s) dict_keys(['example_branch_operator']) retrieved from /home/airflow/.local/lib/python3.7/site-packages/airflow/example_dags/example_branch_operator.py
[2023-03-28T08:33:34.467+0000] {logging_mixin.py:137} INFO - [2023-03-28T08:33:34.467+0000] {dag.py:2693} INFO - Sync 1 DAGs
[2023-03-28T08:33:34.527+0000] {logging_mixin.py:137} INFO - [2023-03-28T08:33:34.527+0000] {dag.py:3444} INFO - Setting next_dagrun for example_branch_operator to 2023-03-28T00:00:00+00:00, run_after=2023-03-29T00:00:00+00:00
[2023-03-28T08:33:34.704+0000] {processor.py:175} INFO - Processing /home/airflow/.local/lib/python3.7/site-packages/airflow/example_dags/example_branch_operator.py took 0.446 seconds
[2023-03-28T08:34:18.510+0000] {processor.py:153} INFO - Started process (PID=569) to work on /home/airflow/.local/lib/python3.7/site-packages/airflow/example_dags/example_branch_operator.py
[2023-03-28T08:34:18.512+0000] {processor.py:743} INFO - Processing file /home/airflow/.local/lib/python3.7/site-packages/airflow/example_dags/example_branch_operator.py for tasks to queue
[2023-03-28T08:34:18.513+0000] {logging_mixin.py:137} INFO - [2023-03-28T08:34:18.513+0000] {dagbag.py:532} INFO - Filling up the DagBag from /home/airflow/.local/lib/python3.7/site-packages/airflow/example_dags/example_branch_operator.py
[2023-03-28T08:34:18.537+0000] {processor.py:753} INFO - DAG(s) dict_keys(['example_branch_operator']) retrieved from /home/airflow/.local/lib/python3.7/site-packages/airflow/example_dags/example_branch_operator.py
[2023-03-28T08:34:18.715+0000] {logging_mixin.py:137} INFO - [2023-03-28T08:34:18.715+0000] {dag.py:2693} INFO - Sync 1 DAGs
[2023-03-28T08:34:18.777+0000] {logging_mixin.py:137} INFO - [2023-03-28T08:34:18.777+0000] {dag.py:3444} INFO - Setting next_dagrun for example_branch_operator to 2023-03-28T00:00:00+00:00, run_after=2023-03-29T00:00:00+00:00
[2023-03-28T08:34:18.951+0000] {processor.py:175} INFO - Processing /home/airflow/.local/lib/python3.7/site-packages/airflow/example_dags/example_branch_operator.py took 0.446 seconds
[2023-03-28T08:34:49.643+0000] {processor.py:153} INFO - Started process (PID=618) to work on /home/airflow/.local/lib/python3.7/site-packages/airflow/example_dags/example_branch_operator.py
[2023-03-28T08:34:49.644+0000] {processor.py:743} INFO - Processing file /home/airflow/.local/lib/python3.7/site-packages/airflow/example_dags/example_branch_operator.py for tasks to queue
[2023-03-28T08:34:49.645+0000] {logging_mixin.py:137} INFO - [2023-03-28T08:34:49.644+0000] {dagbag.py:532} INFO - Filling up the DagBag from /home/airflow/.local/lib/python3.7/site-packages/airflow/example_dags/example_branch_operator.py
[2023-03-28T08:34:49.664+0000] {processor.py:753} INFO - DAG(s) dict_keys(['example_branch_operator']) retrieved from /home/airflow/.local/lib/python3.7/site-packages/airflow/example_dags/example_branch_operator.py
[2023-03-28T08:34:49.826+0000] {logging_mixin.py:137} INFO - [2023-03-28T08:34:49.826+0000] {dag.py:2693} INFO - Sync 1 DAGs
[2023-03-28T08:34:49.886+0000] {logging_mixin.py:137} INFO - [2023-03-28T08:34:49.885+0000] {dag.py:3444} INFO - Setting next_dagrun for example_branch_operator to 2023-03-28T00:00:00+00:00, run_after=2023-03-29T00:00:00+00:00
[2023-03-28T08:34:50.049+0000] {processor.py:175} INFO - Processing /home/airflow/.local/lib/python3.7/site-packages/airflow/example_dags/example_branch_operator.py took 0.410 seconds
[2023-03-28T08:35:20.360+0000] {processor.py:153} INFO - Started process (PID=667) to work on /home/airflow/.local/lib/python3.7/site-packages/airflow/example_dags/example_branch_operator.py
[2023-03-28T08:35:20.362+0000] {processor.py:743} INFO - Processing file /home/airflow/.local/lib/python3.7/site-packages/airflow/example_dags/example_branch_operator.py for tasks to queue
[2023-03-28T08:35:20.363+0000] {logging_mixin.py:137} INFO - [2023-03-28T08:35:20.362+0000] {dagbag.py:532} INFO - Filling up the DagBag from /home/airflow/.local/lib/python3.7/site-packages/airflow/example_dags/example_branch_operator.py
[2023-03-28T08:35:20.381+0000] {processor.py:753} INFO - DAG(s) dict_keys(['example_branch_operator']) retrieved from /home/airflow/.local/lib/python3.7/site-packages/airflow/example_dags/example_branch_operator.py
[2023-03-28T08:35:20.575+0000] {logging_mixin.py:137} INFO - [2023-03-28T08:35:20.575+0000] {dag.py:2693} INFO - Sync 1 DAGs
[2023-03-28T08:35:20.635+0000] {logging_mixin.py:137} INFO - [2023-03-28T08:35:20.635+0000] {dag.py:3444} INFO - Setting next_dagrun for example_branch_operator to 2023-03-28T00:00:00+00:00, run_after=2023-03-29T00:00:00+00:00
[2023-03-28T08:35:20.828+0000] {processor.py:175} INFO - Processing /home/airflow/.local/lib/python3.7/site-packages/airflow/example_dags/example_branch_operator.py took 0.471 seconds
[2023-03-28T08:35:51.010+0000] {processor.py:153} INFO - Started process (PID=716) to work on /home/airflow/.local/lib/python3.7/site-packages/airflow/example_dags/example_branch_operator.py
[2023-03-28T08:35:51.011+0000] {processor.py:743} INFO - Processing file /home/airflow/.local/lib/python3.7/site-packages/airflow/example_dags/example_branch_operator.py for tasks to queue
[2023-03-28T08:35:51.011+0000] {logging_mixin.py:137} INFO - [2023-03-28T08:35:51.011+0000] {dagbag.py:532} INFO - Filling up the DagBag from /home/airflow/.local/lib/python3.7/site-packages/airflow/example_dags/example_branch_operator.py
[2023-03-28T08:35:51.030+0000] {processor.py:753} INFO - DAG(s) dict_keys(['example_branch_operator']) retrieved from /home/airflow/.local/lib/python3.7/site-packages/airflow/example_dags/example_branch_operator.py
[2023-03-28T08:35:51.208+0000] {logging_mixin.py:137} INFO - [2023-03-28T08:35:51.207+0000] {dag.py:2693} INFO - Sync 1 DAGs
[2023-03-28T08:35:51.272+0000] {logging_mixin.py:137} INFO - [2023-03-28T08:35:51.272+0000] {dag.py:3444} INFO - Setting next_dagrun for example_branch_operator to 2023-03-28T00:00:00+00:00, run_after=2023-03-29T00:00:00+00:00
[2023-03-28T08:35:51.453+0000] {processor.py:175} INFO - Processing /home/airflow/.local/lib/python3.7/site-packages/airflow/example_dags/example_branch_operator.py took 0.447 seconds
[2023-03-28T08:36:30.659+0000] {processor.py:153} INFO - Started process (PID=767) to work on /home/airflow/.local/lib/python3.7/site-packages/airflow/example_dags/example_branch_operator.py
[2023-03-28T08:36:30.660+0000] {processor.py:743} INFO - Processing file /home/airflow/.local/lib/python3.7/site-packages/airflow/example_dags/example_branch_operator.py for tasks to queue
[2023-03-28T08:36:30.661+0000] {logging_mixin.py:137} INFO - [2023-03-28T08:36:30.661+0000] {dagbag.py:532} INFO - Filling up the DagBag from /home/airflow/.local/lib/python3.7/site-packages/airflow/example_dags/example_branch_operator.py
[2023-03-28T08:36:30.683+0000] {processor.py:753} INFO - DAG(s) dict_keys(['example_branch_operator']) retrieved from /home/airflow/.local/lib/python3.7/site-packages/airflow/example_dags/example_branch_operator.py
[2023-03-28T08:36:30.883+0000] {logging_mixin.py:137} INFO - [2023-03-28T08:36:30.883+0000] {dag.py:2693} INFO - Sync 1 DAGs
[2023-03-28T08:36:31.041+0000] {logging_mixin.py:137} INFO - [2023-03-28T08:36:31.040+0000] {dag.py:3444} INFO - Setting next_dagrun for example_branch_operator to 2023-03-28T00:00:00+00:00, run_after=2023-03-29T00:00:00+00:00
[2023-03-28T08:36:31.271+0000] {processor.py:175} INFO - Processing /home/airflow/.local/lib/python3.7/site-packages/airflow/example_dags/example_branch_operator.py took 0.617 seconds
[2023-03-28T08:37:02.583+0000] {processor.py:153} INFO - Started process (PID=816) to work on /home/airflow/.local/lib/python3.7/site-packages/airflow/example_dags/example_branch_operator.py
[2023-03-28T08:37:02.584+0000] {processor.py:743} INFO - Processing file /home/airflow/.local/lib/python3.7/site-packages/airflow/example_dags/example_branch_operator.py for tasks to queue
[2023-03-28T08:37:02.586+0000] {logging_mixin.py:137} INFO - [2023-03-28T08:37:02.585+0000] {dagbag.py:532} INFO - Filling up the DagBag from /home/airflow/.local/lib/python3.7/site-packages/airflow/example_dags/example_branch_operator.py
[2023-03-28T08:37:02.620+0000] {processor.py:753} INFO - DAG(s) dict_keys(['example_branch_operator']) retrieved from /home/airflow/.local/lib/python3.7/site-packages/airflow/example_dags/example_branch_operator.py
[2023-03-28T08:37:02.824+0000] {logging_mixin.py:137} INFO - [2023-03-28T08:37:02.824+0000] {dag.py:2693} INFO - Sync 1 DAGs
[2023-03-28T08:37:02.883+0000] {logging_mixin.py:137} INFO - [2023-03-28T08:37:02.883+0000] {dag.py:3444} INFO - Setting next_dagrun for example_branch_operator to 2023-03-28T00:00:00+00:00, run_after=2023-03-29T00:00:00+00:00
[2023-03-28T08:37:03.046+0000] {processor.py:175} INFO - Processing /home/airflow/.local/lib/python3.7/site-packages/airflow/example_dags/example_branch_operator.py took 0.468 seconds
[2023-03-28T08:37:33.527+0000] {processor.py:153} INFO - Started process (PID=865) to work on /home/airflow/.local/lib/python3.7/site-packages/airflow/example_dags/example_branch_operator.py
[2023-03-28T08:37:33.529+0000] {processor.py:743} INFO - Processing file /home/airflow/.local/lib/python3.7/site-packages/airflow/example_dags/example_branch_operator.py for tasks to queue
[2023-03-28T08:37:33.529+0000] {logging_mixin.py:137} INFO - [2023-03-28T08:37:33.529+0000] {dagbag.py:532} INFO - Filling up the DagBag from /home/airflow/.local/lib/python3.7/site-packages/airflow/example_dags/example_branch_operator.py
[2023-03-28T08:37:33.547+0000] {processor.py:753} INFO - DAG(s) dict_keys(['example_branch_operator']) retrieved from /home/airflow/.local/lib/python3.7/site-packages/airflow/example_dags/example_branch_operator.py
[2023-03-28T08:37:33.974+0000] {logging_mixin.py:137} INFO - [2023-03-28T08:37:33.974+0000] {dag.py:2693} INFO - Sync 1 DAGs
[2023-03-28T08:37:34.034+0000] {logging_mixin.py:137} INFO - [2023-03-28T08:37:34.034+0000] {dag.py:3444} INFO - Setting next_dagrun for example_branch_operator to 2023-03-28T00:00:00+00:00, run_after=2023-03-29T00:00:00+00:00
[2023-03-28T08:37:34.198+0000] {processor.py:175} INFO - Processing /home/airflow/.local/lib/python3.7/site-packages/airflow/example_dags/example_branch_operator.py took 0.674 seconds
[2023-03-28T08:38:04.430+0000] {processor.py:153} INFO - Started process (PID=914) to work on /home/airflow/.local/lib/python3.7/site-packages/airflow/example_dags/example_branch_operator.py
[2023-03-28T08:38:04.432+0000] {processor.py:743} INFO - Processing file /home/airflow/.local/lib/python3.7/site-packages/airflow/example_dags/example_branch_operator.py for tasks to queue
[2023-03-28T08:38:04.433+0000] {logging_mixin.py:137} INFO - [2023-03-28T08:38:04.433+0000] {dagbag.py:532} INFO - Filling up the DagBag from /home/airflow/.local/lib/python3.7/site-packages/airflow/example_dags/example_branch_operator.py
[2023-03-28T08:38:04.454+0000] {processor.py:753} INFO - DAG(s) dict_keys(['example_branch_operator']) retrieved from /home/airflow/.local/lib/python3.7/site-packages/airflow/example_dags/example_branch_operator.py
[2023-03-28T08:38:04.602+0000] {logging_mixin.py:137} INFO - [2023-03-28T08:38:04.601+0000] {dag.py:2693} INFO - Sync 1 DAGs
[2023-03-28T08:38:04.658+0000] {logging_mixin.py:137} INFO - [2023-03-28T08:38:04.658+0000] {dag.py:3444} INFO - Setting next_dagrun for example_branch_operator to 2023-03-28T00:00:00+00:00, run_after=2023-03-29T00:00:00+00:00
[2023-03-28T08:38:04.824+0000] {processor.py:175} INFO - Processing /home/airflow/.local/lib/python3.7/site-packages/airflow/example_dags/example_branch_operator.py took 0.397 seconds
[2023-03-28T08:38:35.123+0000] {processor.py:153} INFO - Started process (PID=963) to work on /home/airflow/.local/lib/python3.7/site-packages/airflow/example_dags/example_branch_operator.py
[2023-03-28T08:38:35.125+0000] {processor.py:743} INFO - Processing file /home/airflow/.local/lib/python3.7/site-packages/airflow/example_dags/example_branch_operator.py for tasks to queue
[2023-03-28T08:38:35.126+0000] {logging_mixin.py:137} INFO - [2023-03-28T08:38:35.126+0000] {dagbag.py:532} INFO - Filling up the DagBag from /home/airflow/.local/lib/python3.7/site-packages/airflow/example_dags/example_branch_operator.py
[2023-03-28T08:38:35.151+0000] {processor.py:753} INFO - DAG(s) dict_keys(['example_branch_operator']) retrieved from /home/airflow/.local/lib/python3.7/site-packages/airflow/example_dags/example_branch_operator.py
[2023-03-28T08:38:35.355+0000] {logging_mixin.py:137} INFO - [2023-03-28T08:38:35.354+0000] {dag.py:2693} INFO - Sync 1 DAGs
[2023-03-28T08:38:36.894+0000] {logging_mixin.py:137} INFO - [2023-03-28T08:38:36.894+0000] {dag.py:3444} INFO - Setting next_dagrun for example_branch_operator to 2023-03-28T00:00:00+00:00, run_after=2023-03-29T00:00:00+00:00
[2023-03-28T08:38:42.024+0000] {processor.py:175} INFO - Processing /home/airflow/.local/lib/python3.7/site-packages/airflow/example_dags/example_branch_operator.py took 6.904 seconds
[2023-03-28T08:39:12.360+0000] {processor.py:153} INFO - Started process (PID=1012) to work on /home/airflow/.local/lib/python3.7/site-packages/airflow/example_dags/example_branch_operator.py
[2023-03-28T08:39:12.363+0000] {processor.py:743} INFO - Processing file /home/airflow/.local/lib/python3.7/site-packages/airflow/example_dags/example_branch_operator.py for tasks to queue
[2023-03-28T08:39:12.368+0000] {logging_mixin.py:137} INFO - [2023-03-28T08:39:12.364+0000] {dagbag.py:532} INFO - Filling up the DagBag from /home/airflow/.local/lib/python3.7/site-packages/airflow/example_dags/example_branch_operator.py
[2023-03-28T08:39:12.397+0000] {processor.py:753} INFO - DAG(s) dict_keys(['example_branch_operator']) retrieved from /home/airflow/.local/lib/python3.7/site-packages/airflow/example_dags/example_branch_operator.py
[2023-03-28T08:39:12.585+0000] {logging_mixin.py:137} INFO - [2023-03-28T08:39:12.585+0000] {dag.py:2693} INFO - Sync 1 DAGs
[2023-03-28T08:39:12.682+0000] {logging_mixin.py:137} INFO - [2023-03-28T08:39:12.682+0000] {dag.py:3444} INFO - Setting next_dagrun for example_branch_operator to 2023-03-28T00:00:00+00:00, run_after=2023-03-29T00:00:00+00:00
[2023-03-28T08:39:12.883+0000] {processor.py:175} INFO - Processing /home/airflow/.local/lib/python3.7/site-packages/airflow/example_dags/example_branch_operator.py took 0.528 seconds
[2023-03-28T08:39:43.555+0000] {processor.py:153} INFO - Started process (PID=1062) to work on /home/airflow/.local/lib/python3.7/site-packages/airflow/example_dags/example_branch_operator.py
[2023-03-28T08:39:43.557+0000] {processor.py:743} INFO - Processing file /home/airflow/.local/lib/python3.7/site-packages/airflow/example_dags/example_branch_operator.py for tasks to queue
[2023-03-28T08:39:43.558+0000] {logging_mixin.py:137} INFO - [2023-03-28T08:39:43.557+0000] {dagbag.py:532} INFO - Filling up the DagBag from /home/airflow/.local/lib/python3.7/site-packages/airflow/example_dags/example_branch_operator.py
[2023-03-28T08:39:43.579+0000] {processor.py:753} INFO - DAG(s) dict_keys(['example_branch_operator']) retrieved from /home/airflow/.local/lib/python3.7/site-packages/airflow/example_dags/example_branch_operator.py
[2023-03-28T08:39:43.773+0000] {logging_mixin.py:137} INFO - [2023-03-28T08:39:43.772+0000] {dag.py:2693} INFO - Sync 1 DAGs
[2023-03-28T08:39:43.839+0000] {logging_mixin.py:137} INFO - [2023-03-28T08:39:43.839+0000] {dag.py:3444} INFO - Setting next_dagrun for example_branch_operator to 2023-03-28T00:00:00+00:00, run_after=2023-03-29T00:00:00+00:00
[2023-03-28T08:39:44.008+0000] {processor.py:175} INFO - Processing /home/airflow/.local/lib/python3.7/site-packages/airflow/example_dags/example_branch_operator.py took 0.457 seconds
[2023-03-28T08:40:14.518+0000] {processor.py:153} INFO - Started process (PID=1111) to work on /home/airflow/.local/lib/python3.7/site-packages/airflow/example_dags/example_branch_operator.py
[2023-03-28T08:40:14.521+0000] {processor.py:743} INFO - Processing file /home/airflow/.local/lib/python3.7/site-packages/airflow/example_dags/example_branch_operator.py for tasks to queue
[2023-03-28T08:40:14.522+0000] {logging_mixin.py:137} INFO - [2023-03-28T08:40:14.521+0000] {dagbag.py:532} INFO - Filling up the DagBag from /home/airflow/.local/lib/python3.7/site-packages/airflow/example_dags/example_branch_operator.py
[2023-03-28T08:40:14.551+0000] {processor.py:753} INFO - DAG(s) dict_keys(['example_branch_operator']) retrieved from /home/airflow/.local/lib/python3.7/site-packages/airflow/example_dags/example_branch_operator.py
[2023-03-28T08:40:14.739+0000] {logging_mixin.py:137} INFO - [2023-03-28T08:40:14.739+0000] {dag.py:2693} INFO - Sync 1 DAGs
[2023-03-28T08:40:14.798+0000] {logging_mixin.py:137} INFO - [2023-03-28T08:40:14.798+0000] {dag.py:3444} INFO - Setting next_dagrun for example_branch_operator to 2023-03-28T00:00:00+00:00, run_after=2023-03-29T00:00:00+00:00
[2023-03-28T08:40:14.986+0000] {processor.py:175} INFO - Processing /home/airflow/.local/lib/python3.7/site-packages/airflow/example_dags/example_branch_operator.py took 0.473 seconds
[2023-03-28T08:40:45.721+0000] {processor.py:153} INFO - Started process (PID=1169) to work on /home/airflow/.local/lib/python3.7/site-packages/airflow/example_dags/example_branch_operator.py
[2023-03-28T08:40:45.722+0000] {processor.py:743} INFO - Processing file /home/airflow/.local/lib/python3.7/site-packages/airflow/example_dags/example_branch_operator.py for tasks to queue
[2023-03-28T08:40:45.724+0000] {logging_mixin.py:137} INFO - [2023-03-28T08:40:45.723+0000] {dagbag.py:532} INFO - Filling up the DagBag from /home/airflow/.local/lib/python3.7/site-packages/airflow/example_dags/example_branch_operator.py
[2023-03-28T08:40:45.747+0000] {processor.py:753} INFO - DAG(s) dict_keys(['example_branch_operator']) retrieved from /home/airflow/.local/lib/python3.7/site-packages/airflow/example_dags/example_branch_operator.py
[2023-03-28T08:40:45.954+0000] {logging_mixin.py:137} INFO - [2023-03-28T08:40:45.954+0000] {dag.py:2693} INFO - Sync 1 DAGs
[2023-03-28T08:40:46.021+0000] {logging_mixin.py:137} INFO - [2023-03-28T08:40:46.021+0000] {dag.py:3444} INFO - Setting next_dagrun for example_branch_operator to 2023-03-28T00:00:00+00:00, run_after=2023-03-29T00:00:00+00:00
[2023-03-28T08:40:46.231+0000] {processor.py:175} INFO - Processing /home/airflow/.local/lib/python3.7/site-packages/airflow/example_dags/example_branch_operator.py took 0.514 seconds
[2023-03-28T08:41:16.277+0000] {processor.py:153} INFO - Started process (PID=1218) to work on /home/airflow/.local/lib/python3.7/site-packages/airflow/example_dags/example_branch_operator.py
[2023-03-28T08:41:16.278+0000] {processor.py:743} INFO - Processing file /home/airflow/.local/lib/python3.7/site-packages/airflow/example_dags/example_branch_operator.py for tasks to queue
[2023-03-28T08:41:16.279+0000] {logging_mixin.py:137} INFO - [2023-03-28T08:41:16.279+0000] {dagbag.py:532} INFO - Filling up the DagBag from /home/airflow/.local/lib/python3.7/site-packages/airflow/example_dags/example_branch_operator.py
[2023-03-28T08:41:16.318+0000] {processor.py:753} INFO - DAG(s) dict_keys(['example_branch_operator']) retrieved from /home/airflow/.local/lib/python3.7/site-packages/airflow/example_dags/example_branch_operator.py
[2023-03-28T08:41:16.530+0000] {logging_mixin.py:137} INFO - [2023-03-28T08:41:16.530+0000] {dag.py:2693} INFO - Sync 1 DAGs
[2023-03-28T08:41:16.596+0000] {logging_mixin.py:137} INFO - [2023-03-28T08:41:16.595+0000] {dag.py:3444} INFO - Setting next_dagrun for example_branch_operator to 2023-03-28T00:00:00+00:00, run_after=2023-03-29T00:00:00+00:00
[2023-03-28T08:41:16.778+0000] {processor.py:175} INFO - Processing /home/airflow/.local/lib/python3.7/site-packages/airflow/example_dags/example_branch_operator.py took 0.507 seconds
[2023-03-28T08:41:46.888+0000] {processor.py:153} INFO - Started process (PID=1268) to work on /home/airflow/.local/lib/python3.7/site-packages/airflow/example_dags/example_branch_operator.py
[2023-03-28T08:41:46.889+0000] {processor.py:743} INFO - Processing file /home/airflow/.local/lib/python3.7/site-packages/airflow/example_dags/example_branch_operator.py for tasks to queue
[2023-03-28T08:41:46.890+0000] {logging_mixin.py:137} INFO - [2023-03-28T08:41:46.890+0000] {dagbag.py:532} INFO - Filling up the DagBag from /home/airflow/.local/lib/python3.7/site-packages/airflow/example_dags/example_branch_operator.py
[2023-03-28T08:41:46.914+0000] {processor.py:753} INFO - DAG(s) dict_keys(['example_branch_operator']) retrieved from /home/airflow/.local/lib/python3.7/site-packages/airflow/example_dags/example_branch_operator.py
[2023-03-28T08:41:47.087+0000] {logging_mixin.py:137} INFO - [2023-03-28T08:41:47.086+0000] {dag.py:2693} INFO - Sync 1 DAGs
[2023-03-28T08:41:47.141+0000] {logging_mixin.py:137} INFO - [2023-03-28T08:41:47.141+0000] {dag.py:3444} INFO - Setting next_dagrun for example_branch_operator to 2023-03-28T00:00:00+00:00, run_after=2023-03-29T00:00:00+00:00
[2023-03-28T08:41:47.306+0000] {processor.py:175} INFO - Processing /home/airflow/.local/lib/python3.7/site-packages/airflow/example_dags/example_branch_operator.py took 0.423 seconds
[2023-03-28T08:42:17.461+0000] {processor.py:153} INFO - Started process (PID=1317) to work on /home/airflow/.local/lib/python3.7/site-packages/airflow/example_dags/example_branch_operator.py
[2023-03-28T08:42:17.471+0000] {processor.py:743} INFO - Processing file /home/airflow/.local/lib/python3.7/site-packages/airflow/example_dags/example_branch_operator.py for tasks to queue
[2023-03-28T08:42:17.472+0000] {logging_mixin.py:137} INFO - [2023-03-28T08:42:17.472+0000] {dagbag.py:532} INFO - Filling up the DagBag from /home/airflow/.local/lib/python3.7/site-packages/airflow/example_dags/example_branch_operator.py
[2023-03-28T08:42:17.499+0000] {processor.py:753} INFO - DAG(s) dict_keys(['example_branch_operator']) retrieved from /home/airflow/.local/lib/python3.7/site-packages/airflow/example_dags/example_branch_operator.py
[2023-03-28T08:42:17.686+0000] {logging_mixin.py:137} INFO - [2023-03-28T08:42:17.685+0000] {dag.py:2693} INFO - Sync 1 DAGs
[2023-03-28T08:42:17.763+0000] {logging_mixin.py:137} INFO - [2023-03-28T08:42:17.763+0000] {dag.py:3444} INFO - Setting next_dagrun for example_branch_operator to 2023-03-28T00:00:00+00:00, run_after=2023-03-29T00:00:00+00:00
[2023-03-28T08:42:17.929+0000] {processor.py:175} INFO - Processing /home/airflow/.local/lib/python3.7/site-packages/airflow/example_dags/example_branch_operator.py took 0.471 seconds
[2023-03-28T08:42:48.181+0000] {processor.py:153} INFO - Started process (PID=1366) to work on /home/airflow/.local/lib/python3.7/site-packages/airflow/example_dags/example_branch_operator.py
[2023-03-28T08:42:48.182+0000] {processor.py:743} INFO - Processing file /home/airflow/.local/lib/python3.7/site-packages/airflow/example_dags/example_branch_operator.py for tasks to queue
[2023-03-28T08:42:48.183+0000] {logging_mixin.py:137} INFO - [2023-03-28T08:42:48.183+0000] {dagbag.py:532} INFO - Filling up the DagBag from /home/airflow/.local/lib/python3.7/site-packages/airflow/example_dags/example_branch_operator.py
[2023-03-28T08:42:48.207+0000] {processor.py:753} INFO - DAG(s) dict_keys(['example_branch_operator']) retrieved from /home/airflow/.local/lib/python3.7/site-packages/airflow/example_dags/example_branch_operator.py
[2023-03-28T08:42:48.386+0000] {logging_mixin.py:137} INFO - [2023-03-28T08:42:48.385+0000] {dag.py:2693} INFO - Sync 1 DAGs
[2023-03-28T08:42:48.445+0000] {logging_mixin.py:137} INFO - [2023-03-28T08:42:48.445+0000] {dag.py:3444} INFO - Setting next_dagrun for example_branch_operator to 2023-03-28T00:00:00+00:00, run_after=2023-03-29T00:00:00+00:00
[2023-03-28T08:42:48.624+0000] {processor.py:175} INFO - Processing /home/airflow/.local/lib/python3.7/site-packages/airflow/example_dags/example_branch_operator.py took 0.446 seconds
[2023-03-28T08:43:19.079+0000] {processor.py:153} INFO - Started process (PID=1416) to work on /home/airflow/.local/lib/python3.7/site-packages/airflow/example_dags/example_branch_operator.py
[2023-03-28T08:43:19.081+0000] {processor.py:743} INFO - Processing file /home/airflow/.local/lib/python3.7/site-packages/airflow/example_dags/example_branch_operator.py for tasks to queue
[2023-03-28T08:43:19.082+0000] {logging_mixin.py:137} INFO - [2023-03-28T08:43:19.082+0000] {dagbag.py:532} INFO - Filling up the DagBag from /home/airflow/.local/lib/python3.7/site-packages/airflow/example_dags/example_branch_operator.py
[2023-03-28T08:43:19.105+0000] {processor.py:753} INFO - DAG(s) dict_keys(['example_branch_operator']) retrieved from /home/airflow/.local/lib/python3.7/site-packages/airflow/example_dags/example_branch_operator.py
[2023-03-28T08:43:19.267+0000] {logging_mixin.py:137} INFO - [2023-03-28T08:43:19.267+0000] {dag.py:2693} INFO - Sync 1 DAGs
[2023-03-28T08:43:19.327+0000] {logging_mixin.py:137} INFO - [2023-03-28T08:43:19.326+0000] {dag.py:3444} INFO - Setting next_dagrun for example_branch_operator to 2023-03-28T00:00:00+00:00, run_after=2023-03-29T00:00:00+00:00
[2023-03-28T08:43:19.482+0000] {processor.py:175} INFO - Processing /home/airflow/.local/lib/python3.7/site-packages/airflow/example_dags/example_branch_operator.py took 0.407 seconds
[2023-03-28T08:43:50.164+0000] {processor.py:153} INFO - Started process (PID=1465) to work on /home/airflow/.local/lib/python3.7/site-packages/airflow/example_dags/example_branch_operator.py
[2023-03-28T08:43:50.180+0000] {processor.py:743} INFO - Processing file /home/airflow/.local/lib/python3.7/site-packages/airflow/example_dags/example_branch_operator.py for tasks to queue
[2023-03-28T08:43:50.182+0000] {logging_mixin.py:137} INFO - [2023-03-28T08:43:50.182+0000] {dagbag.py:532} INFO - Filling up the DagBag from /home/airflow/.local/lib/python3.7/site-packages/airflow/example_dags/example_branch_operator.py
[2023-03-28T08:43:50.246+0000] {processor.py:753} INFO - DAG(s) dict_keys(['example_branch_operator']) retrieved from /home/airflow/.local/lib/python3.7/site-packages/airflow/example_dags/example_branch_operator.py
[2023-03-28T08:43:50.580+0000] {logging_mixin.py:137} INFO - [2023-03-28T08:43:50.580+0000] {dag.py:2693} INFO - Sync 1 DAGs
[2023-03-28T08:43:50.673+0000] {logging_mixin.py:137} INFO - [2023-03-28T08:43:50.673+0000] {dag.py:3444} INFO - Setting next_dagrun for example_branch_operator to 2023-03-28T00:00:00+00:00, run_after=2023-03-29T00:00:00+00:00
[2023-03-28T08:43:50.883+0000] {processor.py:175} INFO - Processing /home/airflow/.local/lib/python3.7/site-packages/airflow/example_dags/example_branch_operator.py took 0.723 seconds
[2023-03-28T08:44:21.032+0000] {processor.py:153} INFO - Started process (PID=1515) to work on /home/airflow/.local/lib/python3.7/site-packages/airflow/example_dags/example_branch_operator.py
[2023-03-28T08:44:21.033+0000] {processor.py:743} INFO - Processing file /home/airflow/.local/lib/python3.7/site-packages/airflow/example_dags/example_branch_operator.py for tasks to queue
[2023-03-28T08:44:21.033+0000] {logging_mixin.py:137} INFO - [2023-03-28T08:44:21.033+0000] {dagbag.py:532} INFO - Filling up the DagBag from /home/airflow/.local/lib/python3.7/site-packages/airflow/example_dags/example_branch_operator.py
[2023-03-28T08:44:21.054+0000] {processor.py:753} INFO - DAG(s) dict_keys(['example_branch_operator']) retrieved from /home/airflow/.local/lib/python3.7/site-packages/airflow/example_dags/example_branch_operator.py
[2023-03-28T08:44:21.274+0000] {logging_mixin.py:137} INFO - [2023-03-28T08:44:21.274+0000] {dag.py:2693} INFO - Sync 1 DAGs
[2023-03-28T08:44:21.360+0000] {logging_mixin.py:137} INFO - [2023-03-28T08:44:21.360+0000] {dag.py:3444} INFO - Setting next_dagrun for example_branch_operator to 2023-03-28T00:00:00+00:00, run_after=2023-03-29T00:00:00+00:00
[2023-03-28T08:44:21.586+0000] {processor.py:175} INFO - Processing /home/airflow/.local/lib/python3.7/site-packages/airflow/example_dags/example_branch_operator.py took 0.557 seconds
[2023-03-28T08:44:51.874+0000] {processor.py:153} INFO - Started process (PID=1564) to work on /home/airflow/.local/lib/python3.7/site-packages/airflow/example_dags/example_branch_operator.py
[2023-03-28T08:44:51.875+0000] {processor.py:743} INFO - Processing file /home/airflow/.local/lib/python3.7/site-packages/airflow/example_dags/example_branch_operator.py for tasks to queue
[2023-03-28T08:44:51.876+0000] {logging_mixin.py:137} INFO - [2023-03-28T08:44:51.875+0000] {dagbag.py:532} INFO - Filling up the DagBag from /home/airflow/.local/lib/python3.7/site-packages/airflow/example_dags/example_branch_operator.py
[2023-03-28T08:44:51.896+0000] {processor.py:753} INFO - DAG(s) dict_keys(['example_branch_operator']) retrieved from /home/airflow/.local/lib/python3.7/site-packages/airflow/example_dags/example_branch_operator.py
[2023-03-28T08:44:52.071+0000] {logging_mixin.py:137} INFO - [2023-03-28T08:44:52.071+0000] {dag.py:2693} INFO - Sync 1 DAGs
[2023-03-28T08:44:52.131+0000] {logging_mixin.py:137} INFO - [2023-03-28T08:44:52.131+0000] {dag.py:3444} INFO - Setting next_dagrun for example_branch_operator to 2023-03-28T00:00:00+00:00, run_after=2023-03-29T00:00:00+00:00
[2023-03-28T08:44:52.295+0000] {processor.py:175} INFO - Processing /home/airflow/.local/lib/python3.7/site-packages/airflow/example_dags/example_branch_operator.py took 0.426 seconds
[2023-03-28T08:45:22.924+0000] {processor.py:153} INFO - Started process (PID=1613) to work on /home/airflow/.local/lib/python3.7/site-packages/airflow/example_dags/example_branch_operator.py
[2023-03-28T08:45:22.927+0000] {processor.py:743} INFO - Processing file /home/airflow/.local/lib/python3.7/site-packages/airflow/example_dags/example_branch_operator.py for tasks to queue
[2023-03-28T08:45:22.928+0000] {logging_mixin.py:137} INFO - [2023-03-28T08:45:22.928+0000] {dagbag.py:532} INFO - Filling up the DagBag from /home/airflow/.local/lib/python3.7/site-packages/airflow/example_dags/example_branch_operator.py
[2023-03-28T08:45:23.030+0000] {processor.py:753} INFO - DAG(s) dict_keys(['example_branch_operator']) retrieved from /home/airflow/.local/lib/python3.7/site-packages/airflow/example_dags/example_branch_operator.py
[2023-03-28T08:45:23.278+0000] {logging_mixin.py:137} INFO - [2023-03-28T08:45:23.278+0000] {dag.py:2693} INFO - Sync 1 DAGs
[2023-03-28T08:45:25.919+0000] {logging_mixin.py:137} INFO - [2023-03-28T08:45:25.919+0000] {dag.py:3444} INFO - Setting next_dagrun for example_branch_operator to 2023-03-28T00:00:00+00:00, run_after=2023-03-29T00:00:00+00:00
[2023-03-28T08:45:26.827+0000] {processor.py:175} INFO - Processing /home/airflow/.local/lib/python3.7/site-packages/airflow/example_dags/example_branch_operator.py took 3.906 seconds
[2023-03-28T08:45:56.941+0000] {processor.py:153} INFO - Started process (PID=1661) to work on /home/airflow/.local/lib/python3.7/site-packages/airflow/example_dags/example_branch_operator.py
[2023-03-28T08:45:56.942+0000] {processor.py:743} INFO - Processing file /home/airflow/.local/lib/python3.7/site-packages/airflow/example_dags/example_branch_operator.py for tasks to queue
[2023-03-28T08:45:56.943+0000] {logging_mixin.py:137} INFO - [2023-03-28T08:45:56.943+0000] {dagbag.py:532} INFO - Filling up the DagBag from /home/airflow/.local/lib/python3.7/site-packages/airflow/example_dags/example_branch_operator.py
[2023-03-28T08:45:56.969+0000] {processor.py:753} INFO - DAG(s) dict_keys(['example_branch_operator']) retrieved from /home/airflow/.local/lib/python3.7/site-packages/airflow/example_dags/example_branch_operator.py
[2023-03-28T08:45:57.136+0000] {logging_mixin.py:137} INFO - [2023-03-28T08:45:57.136+0000] {dag.py:2693} INFO - Sync 1 DAGs
[2023-03-28T08:45:57.197+0000] {logging_mixin.py:137} INFO - [2023-03-28T08:45:57.197+0000] {dag.py:3444} INFO - Setting next_dagrun for example_branch_operator to 2023-03-28T00:00:00+00:00, run_after=2023-03-29T00:00:00+00:00
[2023-03-28T08:45:57.360+0000] {processor.py:175} INFO - Processing /home/airflow/.local/lib/python3.7/site-packages/airflow/example_dags/example_branch_operator.py took 0.423 seconds
[2023-03-28T08:46:27.399+0000] {processor.py:153} INFO - Started process (PID=1710) to work on /home/airflow/.local/lib/python3.7/site-packages/airflow/example_dags/example_branch_operator.py
[2023-03-28T08:46:27.402+0000] {processor.py:743} INFO - Processing file /home/airflow/.local/lib/python3.7/site-packages/airflow/example_dags/example_branch_operator.py for tasks to queue
[2023-03-28T08:46:27.405+0000] {logging_mixin.py:137} INFO - [2023-03-28T08:46:27.405+0000] {dagbag.py:532} INFO - Filling up the DagBag from /home/airflow/.local/lib/python3.7/site-packages/airflow/example_dags/example_branch_operator.py
[2023-03-28T08:46:27.441+0000] {processor.py:753} INFO - DAG(s) dict_keys(['example_branch_operator']) retrieved from /home/airflow/.local/lib/python3.7/site-packages/airflow/example_dags/example_branch_operator.py
[2023-03-28T08:46:27.632+0000] {logging_mixin.py:137} INFO - [2023-03-28T08:46:27.632+0000] {dag.py:2693} INFO - Sync 1 DAGs
[2023-03-28T08:46:27.698+0000] {logging_mixin.py:137} INFO - [2023-03-28T08:46:27.697+0000] {dag.py:3444} INFO - Setting next_dagrun for example_branch_operator to 2023-03-28T00:00:00+00:00, run_after=2023-03-29T00:00:00+00:00
[2023-03-28T08:46:27.873+0000] {processor.py:175} INFO - Processing /home/airflow/.local/lib/python3.7/site-packages/airflow/example_dags/example_branch_operator.py took 0.481 seconds
[2023-03-28T08:46:58.753+0000] {processor.py:153} INFO - Started process (PID=1759) to work on /home/airflow/.local/lib/python3.7/site-packages/airflow/example_dags/example_branch_operator.py
[2023-03-28T08:46:58.755+0000] {processor.py:743} INFO - Processing file /home/airflow/.local/lib/python3.7/site-packages/airflow/example_dags/example_branch_operator.py for tasks to queue
[2023-03-28T08:46:58.756+0000] {logging_mixin.py:137} INFO - [2023-03-28T08:46:58.756+0000] {dagbag.py:532} INFO - Filling up the DagBag from /home/airflow/.local/lib/python3.7/site-packages/airflow/example_dags/example_branch_operator.py
[2023-03-28T08:46:58.783+0000] {processor.py:753} INFO - DAG(s) dict_keys(['example_branch_operator']) retrieved from /home/airflow/.local/lib/python3.7/site-packages/airflow/example_dags/example_branch_operator.py
[2023-03-28T08:46:59.033+0000] {logging_mixin.py:137} INFO - [2023-03-28T08:46:59.033+0000] {dag.py:2693} INFO - Sync 1 DAGs
[2023-03-28T08:46:59.100+0000] {logging_mixin.py:137} INFO - [2023-03-28T08:46:59.099+0000] {dag.py:3444} INFO - Setting next_dagrun for example_branch_operator to 2023-03-28T00:00:00+00:00, run_after=2023-03-29T00:00:00+00:00
[2023-03-28T08:46:59.283+0000] {processor.py:175} INFO - Processing /home/airflow/.local/lib/python3.7/site-packages/airflow/example_dags/example_branch_operator.py took 0.535 seconds
[2023-03-28T08:47:29.630+0000] {processor.py:153} INFO - Started process (PID=1808) to work on /home/airflow/.local/lib/python3.7/site-packages/airflow/example_dags/example_branch_operator.py
[2023-03-28T08:47:29.631+0000] {processor.py:743} INFO - Processing file /home/airflow/.local/lib/python3.7/site-packages/airflow/example_dags/example_branch_operator.py for tasks to queue
[2023-03-28T08:47:29.632+0000] {logging_mixin.py:137} INFO - [2023-03-28T08:47:29.632+0000] {dagbag.py:532} INFO - Filling up the DagBag from /home/airflow/.local/lib/python3.7/site-packages/airflow/example_dags/example_branch_operator.py
[2023-03-28T08:47:29.657+0000] {processor.py:753} INFO - DAG(s) dict_keys(['example_branch_operator']) retrieved from /home/airflow/.local/lib/python3.7/site-packages/airflow/example_dags/example_branch_operator.py
[2023-03-28T08:47:29.915+0000] {logging_mixin.py:137} INFO - [2023-03-28T08:47:29.915+0000] {dag.py:2693} INFO - Sync 1 DAGs
[2023-03-28T08:47:29.975+0000] {logging_mixin.py:137} INFO - [2023-03-28T08:47:29.975+0000] {dag.py:3444} INFO - Setting next_dagrun for example_branch_operator to 2023-03-28T00:00:00+00:00, run_after=2023-03-29T00:00:00+00:00
[2023-03-28T08:47:30.165+0000] {processor.py:175} INFO - Processing /home/airflow/.local/lib/python3.7/site-packages/airflow/example_dags/example_branch_operator.py took 0.538 seconds
[2023-03-28T08:48:00.408+0000] {processor.py:153} INFO - Started process (PID=1857) to work on /home/airflow/.local/lib/python3.7/site-packages/airflow/example_dags/example_branch_operator.py
[2023-03-28T08:48:00.411+0000] {processor.py:743} INFO - Processing file /home/airflow/.local/lib/python3.7/site-packages/airflow/example_dags/example_branch_operator.py for tasks to queue
[2023-03-28T08:48:00.412+0000] {logging_mixin.py:137} INFO - [2023-03-28T08:48:00.411+0000] {dagbag.py:532} INFO - Filling up the DagBag from /home/airflow/.local/lib/python3.7/site-packages/airflow/example_dags/example_branch_operator.py
[2023-03-28T08:48:00.434+0000] {processor.py:753} INFO - DAG(s) dict_keys(['example_branch_operator']) retrieved from /home/airflow/.local/lib/python3.7/site-packages/airflow/example_dags/example_branch_operator.py
[2023-03-28T08:48:00.636+0000] {logging_mixin.py:137} INFO - [2023-03-28T08:48:00.636+0000] {dag.py:2693} INFO - Sync 1 DAGs
[2023-03-28T08:48:00.698+0000] {logging_mixin.py:137} INFO - [2023-03-28T08:48:00.697+0000] {dag.py:3444} INFO - Setting next_dagrun for example_branch_operator to 2023-03-28T00:00:00+00:00, run_after=2023-03-29T00:00:00+00:00
[2023-03-28T08:48:00.882+0000] {processor.py:175} INFO - Processing /home/airflow/.local/lib/python3.7/site-packages/airflow/example_dags/example_branch_operator.py took 0.478 seconds
[2023-03-28T08:48:31.002+0000] {processor.py:153} INFO - Started process (PID=1906) to work on /home/airflow/.local/lib/python3.7/site-packages/airflow/example_dags/example_branch_operator.py
[2023-03-28T08:48:31.003+0000] {processor.py:743} INFO - Processing file /home/airflow/.local/lib/python3.7/site-packages/airflow/example_dags/example_branch_operator.py for tasks to queue
[2023-03-28T08:48:31.004+0000] {logging_mixin.py:137} INFO - [2023-03-28T08:48:31.004+0000] {dagbag.py:532} INFO - Filling up the DagBag from /home/airflow/.local/lib/python3.7/site-packages/airflow/example_dags/example_branch_operator.py
[2023-03-28T08:48:31.027+0000] {processor.py:753} INFO - DAG(s) dict_keys(['example_branch_operator']) retrieved from /home/airflow/.local/lib/python3.7/site-packages/airflow/example_dags/example_branch_operator.py
[2023-03-28T08:48:31.217+0000] {logging_mixin.py:137} INFO - [2023-03-28T08:48:31.217+0000] {dag.py:2693} INFO - Sync 1 DAGs
[2023-03-28T08:48:31.314+0000] {logging_mixin.py:137} INFO - [2023-03-28T08:48:31.314+0000] {dag.py:3444} INFO - Setting next_dagrun for example_branch_operator to 2023-03-28T00:00:00+00:00, run_after=2023-03-29T00:00:00+00:00
[2023-03-28T08:48:31.557+0000] {processor.py:175} INFO - Processing /home/airflow/.local/lib/python3.7/site-packages/airflow/example_dags/example_branch_operator.py took 0.560 seconds
[2023-03-28T08:49:02.210+0000] {processor.py:153} INFO - Started process (PID=1955) to work on /home/airflow/.local/lib/python3.7/site-packages/airflow/example_dags/example_branch_operator.py
[2023-03-28T08:49:02.218+0000] {processor.py:743} INFO - Processing file /home/airflow/.local/lib/python3.7/site-packages/airflow/example_dags/example_branch_operator.py for tasks to queue
[2023-03-28T08:49:02.220+0000] {logging_mixin.py:137} INFO - [2023-03-28T08:49:02.220+0000] {dagbag.py:532} INFO - Filling up the DagBag from /home/airflow/.local/lib/python3.7/site-packages/airflow/example_dags/example_branch_operator.py
[2023-03-28T08:49:02.249+0000] {processor.py:753} INFO - DAG(s) dict_keys(['example_branch_operator']) retrieved from /home/airflow/.local/lib/python3.7/site-packages/airflow/example_dags/example_branch_operator.py
[2023-03-28T08:49:02.423+0000] {logging_mixin.py:137} INFO - [2023-03-28T08:49:02.423+0000] {dag.py:2693} INFO - Sync 1 DAGs
[2023-03-28T08:49:02.479+0000] {logging_mixin.py:137} INFO - [2023-03-28T08:49:02.479+0000] {dag.py:3444} INFO - Setting next_dagrun for example_branch_operator to 2023-03-28T00:00:00+00:00, run_after=2023-03-29T00:00:00+00:00
[2023-03-28T08:49:02.641+0000] {processor.py:175} INFO - Processing /home/airflow/.local/lib/python3.7/site-packages/airflow/example_dags/example_branch_operator.py took 0.435 seconds
[2023-03-28T08:49:32.909+0000] {processor.py:153} INFO - Started process (PID=2004) to work on /home/airflow/.local/lib/python3.7/site-packages/airflow/example_dags/example_branch_operator.py
[2023-03-28T08:49:32.910+0000] {processor.py:743} INFO - Processing file /home/airflow/.local/lib/python3.7/site-packages/airflow/example_dags/example_branch_operator.py for tasks to queue
[2023-03-28T08:49:32.911+0000] {logging_mixin.py:137} INFO - [2023-03-28T08:49:32.911+0000] {dagbag.py:532} INFO - Filling up the DagBag from /home/airflow/.local/lib/python3.7/site-packages/airflow/example_dags/example_branch_operator.py
[2023-03-28T08:49:32.945+0000] {processor.py:753} INFO - DAG(s) dict_keys(['example_branch_operator']) retrieved from /home/airflow/.local/lib/python3.7/site-packages/airflow/example_dags/example_branch_operator.py
[2023-03-28T08:49:33.160+0000] {logging_mixin.py:137} INFO - [2023-03-28T08:49:33.160+0000] {dag.py:2693} INFO - Sync 1 DAGs
[2023-03-28T08:49:33.263+0000] {logging_mixin.py:137} INFO - [2023-03-28T08:49:33.263+0000] {dag.py:3444} INFO - Setting next_dagrun for example_branch_operator to 2023-03-28T00:00:00+00:00, run_after=2023-03-29T00:00:00+00:00
[2023-03-28T08:49:33.445+0000] {processor.py:175} INFO - Processing /home/airflow/.local/lib/python3.7/site-packages/airflow/example_dags/example_branch_operator.py took 0.541 seconds
[2023-03-28T08:50:03.892+0000] {processor.py:153} INFO - Started process (PID=2053) to work on /home/airflow/.local/lib/python3.7/site-packages/airflow/example_dags/example_branch_operator.py
[2023-03-28T08:50:03.894+0000] {processor.py:743} INFO - Processing file /home/airflow/.local/lib/python3.7/site-packages/airflow/example_dags/example_branch_operator.py for tasks to queue
[2023-03-28T08:50:03.895+0000] {logging_mixin.py:137} INFO - [2023-03-28T08:50:03.895+0000] {dagbag.py:532} INFO - Filling up the DagBag from /home/airflow/.local/lib/python3.7/site-packages/airflow/example_dags/example_branch_operator.py
[2023-03-28T08:50:03.920+0000] {processor.py:753} INFO - DAG(s) dict_keys(['example_branch_operator']) retrieved from /home/airflow/.local/lib/python3.7/site-packages/airflow/example_dags/example_branch_operator.py
[2023-03-28T08:50:04.100+0000] {logging_mixin.py:137} INFO - [2023-03-28T08:50:04.100+0000] {dag.py:2693} INFO - Sync 1 DAGs
[2023-03-28T08:50:04.160+0000] {logging_mixin.py:137} INFO - [2023-03-28T08:50:04.160+0000] {dag.py:3444} INFO - Setting next_dagrun for example_branch_operator to 2023-03-28T00:00:00+00:00, run_after=2023-03-29T00:00:00+00:00
[2023-03-28T08:50:04.330+0000] {processor.py:175} INFO - Processing /home/airflow/.local/lib/python3.7/site-packages/airflow/example_dags/example_branch_operator.py took 0.443 seconds
[2023-03-28T08:50:34.696+0000] {processor.py:153} INFO - Started process (PID=2102) to work on /home/airflow/.local/lib/python3.7/site-packages/airflow/example_dags/example_branch_operator.py
[2023-03-28T08:50:34.697+0000] {processor.py:743} INFO - Processing file /home/airflow/.local/lib/python3.7/site-packages/airflow/example_dags/example_branch_operator.py for tasks to queue
[2023-03-28T08:50:34.698+0000] {logging_mixin.py:137} INFO - [2023-03-28T08:50:34.698+0000] {dagbag.py:532} INFO - Filling up the DagBag from /home/airflow/.local/lib/python3.7/site-packages/airflow/example_dags/example_branch_operator.py
[2023-03-28T08:50:34.717+0000] {processor.py:753} INFO - DAG(s) dict_keys(['example_branch_operator']) retrieved from /home/airflow/.local/lib/python3.7/site-packages/airflow/example_dags/example_branch_operator.py
[2023-03-28T08:50:34.893+0000] {logging_mixin.py:137} INFO - [2023-03-28T08:50:34.893+0000] {dag.py:2693} INFO - Sync 1 DAGs
[2023-03-28T08:50:34.958+0000] {logging_mixin.py:137} INFO - [2023-03-28T08:50:34.958+0000] {dag.py:3444} INFO - Setting next_dagrun for example_branch_operator to 2023-03-28T00:00:00+00:00, run_after=2023-03-29T00:00:00+00:00
[2023-03-28T08:50:35.128+0000] {processor.py:175} INFO - Processing /home/airflow/.local/lib/python3.7/site-packages/airflow/example_dags/example_branch_operator.py took 0.435 seconds
[2023-03-28T08:51:06.231+0000] {processor.py:153} INFO - Started process (PID=2151) to work on /home/airflow/.local/lib/python3.7/site-packages/airflow/example_dags/example_branch_operator.py
[2023-03-28T08:51:06.234+0000] {processor.py:743} INFO - Processing file /home/airflow/.local/lib/python3.7/site-packages/airflow/example_dags/example_branch_operator.py for tasks to queue
[2023-03-28T08:51:06.235+0000] {logging_mixin.py:137} INFO - [2023-03-28T08:51:06.235+0000] {dagbag.py:532} INFO - Filling up the DagBag from /home/airflow/.local/lib/python3.7/site-packages/airflow/example_dags/example_branch_operator.py
[2023-03-28T08:51:06.270+0000] {processor.py:753} INFO - DAG(s) dict_keys(['example_branch_operator']) retrieved from /home/airflow/.local/lib/python3.7/site-packages/airflow/example_dags/example_branch_operator.py
[2023-03-28T08:51:06.489+0000] {logging_mixin.py:137} INFO - [2023-03-28T08:51:06.489+0000] {dag.py:2693} INFO - Sync 1 DAGs
[2023-03-28T08:51:06.556+0000] {logging_mixin.py:137} INFO - [2023-03-28T08:51:06.556+0000] {dag.py:3444} INFO - Setting next_dagrun for example_branch_operator to 2023-03-28T00:00:00+00:00, run_after=2023-03-29T00:00:00+00:00
[2023-03-28T08:51:06.798+0000] {processor.py:175} INFO - Processing /home/airflow/.local/lib/python3.7/site-packages/airflow/example_dags/example_branch_operator.py took 0.571 seconds
[2023-03-28T08:51:37.316+0000] {processor.py:153} INFO - Started process (PID=2200) to work on /home/airflow/.local/lib/python3.7/site-packages/airflow/example_dags/example_branch_operator.py
[2023-03-28T08:51:37.317+0000] {processor.py:743} INFO - Processing file /home/airflow/.local/lib/python3.7/site-packages/airflow/example_dags/example_branch_operator.py for tasks to queue
[2023-03-28T08:51:37.318+0000] {logging_mixin.py:137} INFO - [2023-03-28T08:51:37.318+0000] {dagbag.py:532} INFO - Filling up the DagBag from /home/airflow/.local/lib/python3.7/site-packages/airflow/example_dags/example_branch_operator.py
[2023-03-28T08:51:37.346+0000] {processor.py:753} INFO - DAG(s) dict_keys(['example_branch_operator']) retrieved from /home/airflow/.local/lib/python3.7/site-packages/airflow/example_dags/example_branch_operator.py
[2023-03-28T08:51:37.531+0000] {logging_mixin.py:137} INFO - [2023-03-28T08:51:37.531+0000] {dag.py:2693} INFO - Sync 1 DAGs
[2023-03-28T08:51:37.600+0000] {logging_mixin.py:137} INFO - [2023-03-28T08:51:37.600+0000] {dag.py:3444} INFO - Setting next_dagrun for example_branch_operator to 2023-03-28T00:00:00+00:00, run_after=2023-03-29T00:00:00+00:00
[2023-03-28T08:51:37.811+0000] {processor.py:175} INFO - Processing /home/airflow/.local/lib/python3.7/site-packages/airflow/example_dags/example_branch_operator.py took 0.499 seconds
[2023-03-28T08:52:08.262+0000] {processor.py:153} INFO - Started process (PID=2249) to work on /home/airflow/.local/lib/python3.7/site-packages/airflow/example_dags/example_branch_operator.py
[2023-03-28T08:52:08.264+0000] {processor.py:743} INFO - Processing file /home/airflow/.local/lib/python3.7/site-packages/airflow/example_dags/example_branch_operator.py for tasks to queue
[2023-03-28T08:52:08.265+0000] {logging_mixin.py:137} INFO - [2023-03-28T08:52:08.265+0000] {dagbag.py:532} INFO - Filling up the DagBag from /home/airflow/.local/lib/python3.7/site-packages/airflow/example_dags/example_branch_operator.py
[2023-03-28T08:52:08.293+0000] {processor.py:753} INFO - DAG(s) dict_keys(['example_branch_operator']) retrieved from /home/airflow/.local/lib/python3.7/site-packages/airflow/example_dags/example_branch_operator.py
[2023-03-28T08:52:08.475+0000] {logging_mixin.py:137} INFO - [2023-03-28T08:52:08.475+0000] {dag.py:2693} INFO - Sync 1 DAGs
[2023-03-28T08:52:08.536+0000] {logging_mixin.py:137} INFO - [2023-03-28T08:52:08.536+0000] {dag.py:3444} INFO - Setting next_dagrun for example_branch_operator to 2023-03-28T00:00:00+00:00, run_after=2023-03-29T00:00:00+00:00
[2023-03-28T08:52:08.713+0000] {processor.py:175} INFO - Processing /home/airflow/.local/lib/python3.7/site-packages/airflow/example_dags/example_branch_operator.py took 0.456 seconds
[2023-03-28T08:52:38.804+0000] {processor.py:153} INFO - Started process (PID=2299) to work on /home/airflow/.local/lib/python3.7/site-packages/airflow/example_dags/example_branch_operator.py
[2023-03-28T08:52:38.805+0000] {processor.py:743} INFO - Processing file /home/airflow/.local/lib/python3.7/site-packages/airflow/example_dags/example_branch_operator.py for tasks to queue
[2023-03-28T08:52:38.806+0000] {logging_mixin.py:137} INFO - [2023-03-28T08:52:38.806+0000] {dagbag.py:532} INFO - Filling up the DagBag from /home/airflow/.local/lib/python3.7/site-packages/airflow/example_dags/example_branch_operator.py
[2023-03-28T08:52:38.835+0000] {processor.py:753} INFO - DAG(s) dict_keys(['example_branch_operator']) retrieved from /home/airflow/.local/lib/python3.7/site-packages/airflow/example_dags/example_branch_operator.py
[2023-03-28T08:52:39.013+0000] {logging_mixin.py:137} INFO - [2023-03-28T08:52:39.013+0000] {dag.py:2693} INFO - Sync 1 DAGs
[2023-03-28T08:52:39.077+0000] {logging_mixin.py:137} INFO - [2023-03-28T08:52:39.077+0000] {dag.py:3444} INFO - Setting next_dagrun for example_branch_operator to 2023-03-28T00:00:00+00:00, run_after=2023-03-29T00:00:00+00:00
[2023-03-28T08:52:39.251+0000] {processor.py:175} INFO - Processing /home/airflow/.local/lib/python3.7/site-packages/airflow/example_dags/example_branch_operator.py took 0.451 seconds
[2023-03-28T08:53:09.350+0000] {processor.py:153} INFO - Started process (PID=2347) to work on /home/airflow/.local/lib/python3.7/site-packages/airflow/example_dags/example_branch_operator.py
[2023-03-28T08:53:09.531+0000] {processor.py:743} INFO - Processing file /home/airflow/.local/lib/python3.7/site-packages/airflow/example_dags/example_branch_operator.py for tasks to queue
[2023-03-28T08:53:09.532+0000] {logging_mixin.py:137} INFO - [2023-03-28T08:53:09.532+0000] {dagbag.py:532} INFO - Filling up the DagBag from /home/airflow/.local/lib/python3.7/site-packages/airflow/example_dags/example_branch_operator.py
[2023-03-28T08:53:09.560+0000] {processor.py:753} INFO - DAG(s) dict_keys(['example_branch_operator']) retrieved from /home/airflow/.local/lib/python3.7/site-packages/airflow/example_dags/example_branch_operator.py
[2023-03-28T08:53:09.795+0000] {logging_mixin.py:137} INFO - [2023-03-28T08:53:09.795+0000] {dag.py:2693} INFO - Sync 1 DAGs
[2023-03-28T08:53:09.860+0000] {logging_mixin.py:137} INFO - [2023-03-28T08:53:09.860+0000] {dag.py:3444} INFO - Setting next_dagrun for example_branch_operator to 2023-03-28T00:00:00+00:00, run_after=2023-03-29T00:00:00+00:00
[2023-03-28T08:53:10.032+0000] {processor.py:175} INFO - Processing /home/airflow/.local/lib/python3.7/site-packages/airflow/example_dags/example_branch_operator.py took 0.686 seconds
[2023-03-28T08:53:40.512+0000] {processor.py:153} INFO - Started process (PID=2396) to work on /home/airflow/.local/lib/python3.7/site-packages/airflow/example_dags/example_branch_operator.py
[2023-03-28T08:53:40.513+0000] {processor.py:743} INFO - Processing file /home/airflow/.local/lib/python3.7/site-packages/airflow/example_dags/example_branch_operator.py for tasks to queue
[2023-03-28T08:53:40.514+0000] {logging_mixin.py:137} INFO - [2023-03-28T08:53:40.514+0000] {dagbag.py:532} INFO - Filling up the DagBag from /home/airflow/.local/lib/python3.7/site-packages/airflow/example_dags/example_branch_operator.py
[2023-03-28T08:53:40.539+0000] {processor.py:753} INFO - DAG(s) dict_keys(['example_branch_operator']) retrieved from /home/airflow/.local/lib/python3.7/site-packages/airflow/example_dags/example_branch_operator.py
[2023-03-28T08:53:40.706+0000] {logging_mixin.py:137} INFO - [2023-03-28T08:53:40.706+0000] {dag.py:2693} INFO - Sync 1 DAGs
[2023-03-28T08:53:40.896+0000] {logging_mixin.py:137} INFO - [2023-03-28T08:53:40.896+0000] {dag.py:3444} INFO - Setting next_dagrun for example_branch_operator to 2023-03-28T00:00:00+00:00, run_after=2023-03-29T00:00:00+00:00
[2023-03-28T08:53:41.101+0000] {processor.py:175} INFO - Processing /home/airflow/.local/lib/python3.7/site-packages/airflow/example_dags/example_branch_operator.py took 0.593 seconds
[2023-03-28T08:54:11.275+0000] {processor.py:153} INFO - Started process (PID=2445) to work on /home/airflow/.local/lib/python3.7/site-packages/airflow/example_dags/example_branch_operator.py
[2023-03-28T08:54:11.277+0000] {processor.py:743} INFO - Processing file /home/airflow/.local/lib/python3.7/site-packages/airflow/example_dags/example_branch_operator.py for tasks to queue
[2023-03-28T08:54:11.279+0000] {logging_mixin.py:137} INFO - [2023-03-28T08:54:11.278+0000] {dagbag.py:532} INFO - Filling up the DagBag from /home/airflow/.local/lib/python3.7/site-packages/airflow/example_dags/example_branch_operator.py
[2023-03-28T08:54:11.322+0000] {processor.py:753} INFO - DAG(s) dict_keys(['example_branch_operator']) retrieved from /home/airflow/.local/lib/python3.7/site-packages/airflow/example_dags/example_branch_operator.py
[2023-03-28T08:54:11.608+0000] {logging_mixin.py:137} INFO - [2023-03-28T08:54:11.608+0000] {dag.py:2693} INFO - Sync 1 DAGs
[2023-03-28T08:54:11.669+0000] {logging_mixin.py:137} INFO - [2023-03-28T08:54:11.669+0000] {dag.py:3444} INFO - Setting next_dagrun for example_branch_operator to 2023-03-28T00:00:00+00:00, run_after=2023-03-29T00:00:00+00:00
[2023-03-28T08:54:11.845+0000] {processor.py:175} INFO - Processing /home/airflow/.local/lib/python3.7/site-packages/airflow/example_dags/example_branch_operator.py took 0.575 seconds
[2023-03-28T08:54:42.512+0000] {processor.py:153} INFO - Started process (PID=2494) to work on /home/airflow/.local/lib/python3.7/site-packages/airflow/example_dags/example_branch_operator.py
[2023-03-28T08:54:42.514+0000] {processor.py:743} INFO - Processing file /home/airflow/.local/lib/python3.7/site-packages/airflow/example_dags/example_branch_operator.py for tasks to queue
[2023-03-28T08:54:42.514+0000] {logging_mixin.py:137} INFO - [2023-03-28T08:54:42.514+0000] {dagbag.py:532} INFO - Filling up the DagBag from /home/airflow/.local/lib/python3.7/site-packages/airflow/example_dags/example_branch_operator.py
[2023-03-28T08:54:42.536+0000] {processor.py:753} INFO - DAG(s) dict_keys(['example_branch_operator']) retrieved from /home/airflow/.local/lib/python3.7/site-packages/airflow/example_dags/example_branch_operator.py
[2023-03-28T08:54:42.727+0000] {logging_mixin.py:137} INFO - [2023-03-28T08:54:42.727+0000] {dag.py:2693} INFO - Sync 1 DAGs
[2023-03-28T08:54:42.808+0000] {logging_mixin.py:137} INFO - [2023-03-28T08:54:42.807+0000] {dag.py:3444} INFO - Setting next_dagrun for example_branch_operator to 2023-03-28T00:00:00+00:00, run_after=2023-03-29T00:00:00+00:00
[2023-03-28T08:54:43.014+0000] {processor.py:175} INFO - Processing /home/airflow/.local/lib/python3.7/site-packages/airflow/example_dags/example_branch_operator.py took 0.507 seconds
[2023-03-28T08:55:13.871+0000] {processor.py:153} INFO - Started process (PID=2543) to work on /home/airflow/.local/lib/python3.7/site-packages/airflow/example_dags/example_branch_operator.py
[2023-03-28T08:55:13.872+0000] {processor.py:743} INFO - Processing file /home/airflow/.local/lib/python3.7/site-packages/airflow/example_dags/example_branch_operator.py for tasks to queue
[2023-03-28T08:55:13.873+0000] {logging_mixin.py:137} INFO - [2023-03-28T08:55:13.872+0000] {dagbag.py:532} INFO - Filling up the DagBag from /home/airflow/.local/lib/python3.7/site-packages/airflow/example_dags/example_branch_operator.py
[2023-03-28T08:55:13.897+0000] {processor.py:753} INFO - DAG(s) dict_keys(['example_branch_operator']) retrieved from /home/airflow/.local/lib/python3.7/site-packages/airflow/example_dags/example_branch_operator.py
[2023-03-28T08:55:14.102+0000] {logging_mixin.py:137} INFO - [2023-03-28T08:55:14.102+0000] {dag.py:2693} INFO - Sync 1 DAGs
[2023-03-28T08:55:14.180+0000] {logging_mixin.py:137} INFO - [2023-03-28T08:55:14.180+0000] {dag.py:3444} INFO - Setting next_dagrun for example_branch_operator to 2023-03-28T00:00:00+00:00, run_after=2023-03-29T00:00:00+00:00
[2023-03-28T08:55:14.369+0000] {processor.py:175} INFO - Processing /home/airflow/.local/lib/python3.7/site-packages/airflow/example_dags/example_branch_operator.py took 0.505 seconds
[2023-03-28T08:55:44.413+0000] {processor.py:153} INFO - Started process (PID=2592) to work on /home/airflow/.local/lib/python3.7/site-packages/airflow/example_dags/example_branch_operator.py
[2023-03-28T08:55:44.415+0000] {processor.py:743} INFO - Processing file /home/airflow/.local/lib/python3.7/site-packages/airflow/example_dags/example_branch_operator.py for tasks to queue
[2023-03-28T08:55:44.416+0000] {logging_mixin.py:137} INFO - [2023-03-28T08:55:44.416+0000] {dagbag.py:532} INFO - Filling up the DagBag from /home/airflow/.local/lib/python3.7/site-packages/airflow/example_dags/example_branch_operator.py
[2023-03-28T08:55:44.452+0000] {processor.py:753} INFO - DAG(s) dict_keys(['example_branch_operator']) retrieved from /home/airflow/.local/lib/python3.7/site-packages/airflow/example_dags/example_branch_operator.py
[2023-03-28T08:55:44.652+0000] {logging_mixin.py:137} INFO - [2023-03-28T08:55:44.652+0000] {dag.py:2693} INFO - Sync 1 DAGs
[2023-03-28T08:55:44.741+0000] {logging_mixin.py:137} INFO - [2023-03-28T08:55:44.741+0000] {dag.py:3444} INFO - Setting next_dagrun for example_branch_operator to 2023-03-28T00:00:00+00:00, run_after=2023-03-29T00:00:00+00:00
[2023-03-28T08:55:44.897+0000] {processor.py:175} INFO - Processing /home/airflow/.local/lib/python3.7/site-packages/airflow/example_dags/example_branch_operator.py took 0.490 seconds
[2023-03-28T08:56:15.099+0000] {processor.py:153} INFO - Started process (PID=2641) to work on /home/airflow/.local/lib/python3.7/site-packages/airflow/example_dags/example_branch_operator.py
[2023-03-28T08:56:15.101+0000] {processor.py:743} INFO - Processing file /home/airflow/.local/lib/python3.7/site-packages/airflow/example_dags/example_branch_operator.py for tasks to queue
[2023-03-28T08:56:15.102+0000] {logging_mixin.py:137} INFO - [2023-03-28T08:56:15.101+0000] {dagbag.py:532} INFO - Filling up the DagBag from /home/airflow/.local/lib/python3.7/site-packages/airflow/example_dags/example_branch_operator.py
[2023-03-28T08:56:15.130+0000] {processor.py:753} INFO - DAG(s) dict_keys(['example_branch_operator']) retrieved from /home/airflow/.local/lib/python3.7/site-packages/airflow/example_dags/example_branch_operator.py
[2023-03-28T08:56:15.423+0000] {logging_mixin.py:137} INFO - [2023-03-28T08:56:15.423+0000] {dag.py:2693} INFO - Sync 1 DAGs
[2023-03-28T08:56:15.486+0000] {logging_mixin.py:137} INFO - [2023-03-28T08:56:15.485+0000] {dag.py:3444} INFO - Setting next_dagrun for example_branch_operator to 2023-03-28T00:00:00+00:00, run_after=2023-03-29T00:00:00+00:00
[2023-03-28T08:56:15.689+0000] {processor.py:175} INFO - Processing /home/airflow/.local/lib/python3.7/site-packages/airflow/example_dags/example_branch_operator.py took 0.595 seconds
[2023-03-28T08:56:46.185+0000] {processor.py:153} INFO - Started process (PID=2690) to work on /home/airflow/.local/lib/python3.7/site-packages/airflow/example_dags/example_branch_operator.py
[2023-03-28T08:56:46.186+0000] {processor.py:743} INFO - Processing file /home/airflow/.local/lib/python3.7/site-packages/airflow/example_dags/example_branch_operator.py for tasks to queue
[2023-03-28T08:56:46.187+0000] {logging_mixin.py:137} INFO - [2023-03-28T08:56:46.187+0000] {dagbag.py:532} INFO - Filling up the DagBag from /home/airflow/.local/lib/python3.7/site-packages/airflow/example_dags/example_branch_operator.py
[2023-03-28T08:56:46.211+0000] {processor.py:753} INFO - DAG(s) dict_keys(['example_branch_operator']) retrieved from /home/airflow/.local/lib/python3.7/site-packages/airflow/example_dags/example_branch_operator.py
[2023-03-28T08:56:46.419+0000] {logging_mixin.py:137} INFO - [2023-03-28T08:56:46.419+0000] {dag.py:2693} INFO - Sync 1 DAGs
[2023-03-28T08:56:46.489+0000] {logging_mixin.py:137} INFO - [2023-03-28T08:56:46.488+0000] {dag.py:3444} INFO - Setting next_dagrun for example_branch_operator to 2023-03-28T00:00:00+00:00, run_after=2023-03-29T00:00:00+00:00
[2023-03-28T08:56:46.667+0000] {processor.py:175} INFO - Processing /home/airflow/.local/lib/python3.7/site-packages/airflow/example_dags/example_branch_operator.py took 0.486 seconds
[2023-03-28T08:57:16.794+0000] {processor.py:153} INFO - Started process (PID=2739) to work on /home/airflow/.local/lib/python3.7/site-packages/airflow/example_dags/example_branch_operator.py
[2023-03-28T08:57:16.796+0000] {processor.py:743} INFO - Processing file /home/airflow/.local/lib/python3.7/site-packages/airflow/example_dags/example_branch_operator.py for tasks to queue
[2023-03-28T08:57:16.797+0000] {logging_mixin.py:137} INFO - [2023-03-28T08:57:16.797+0000] {dagbag.py:532} INFO - Filling up the DagBag from /home/airflow/.local/lib/python3.7/site-packages/airflow/example_dags/example_branch_operator.py
[2023-03-28T08:57:16.821+0000] {processor.py:753} INFO - DAG(s) dict_keys(['example_branch_operator']) retrieved from /home/airflow/.local/lib/python3.7/site-packages/airflow/example_dags/example_branch_operator.py
[2023-03-28T08:57:17.255+0000] {logging_mixin.py:137} INFO - [2023-03-28T08:57:17.255+0000] {dag.py:2693} INFO - Sync 1 DAGs
[2023-03-28T08:57:17.326+0000] {logging_mixin.py:137} INFO - [2023-03-28T08:57:17.324+0000] {dag.py:3444} INFO - Setting next_dagrun for example_branch_operator to 2023-03-28T00:00:00+00:00, run_after=2023-03-29T00:00:00+00:00
[2023-03-28T08:57:17.527+0000] {processor.py:175} INFO - Processing /home/airflow/.local/lib/python3.7/site-packages/airflow/example_dags/example_branch_operator.py took 0.739 seconds
[2023-03-28T08:57:47.647+0000] {processor.py:153} INFO - Started process (PID=2788) to work on /home/airflow/.local/lib/python3.7/site-packages/airflow/example_dags/example_branch_operator.py
[2023-03-28T08:57:47.655+0000] {processor.py:743} INFO - Processing file /home/airflow/.local/lib/python3.7/site-packages/airflow/example_dags/example_branch_operator.py for tasks to queue
[2023-03-28T08:57:47.666+0000] {logging_mixin.py:137} INFO - [2023-03-28T08:57:47.666+0000] {dagbag.py:532} INFO - Filling up the DagBag from /home/airflow/.local/lib/python3.7/site-packages/airflow/example_dags/example_branch_operator.py
[2023-03-28T08:57:47.703+0000] {processor.py:753} INFO - DAG(s) dict_keys(['example_branch_operator']) retrieved from /home/airflow/.local/lib/python3.7/site-packages/airflow/example_dags/example_branch_operator.py
[2023-03-28T08:57:47.959+0000] {logging_mixin.py:137} INFO - [2023-03-28T08:57:47.958+0000] {dag.py:2693} INFO - Sync 1 DAGs
[2023-03-28T08:57:48.050+0000] {logging_mixin.py:137} INFO - [2023-03-28T08:57:48.050+0000] {dag.py:3444} INFO - Setting next_dagrun for example_branch_operator to 2023-03-28T00:00:00+00:00, run_after=2023-03-29T00:00:00+00:00
[2023-03-28T08:57:48.238+0000] {processor.py:175} INFO - Processing /home/airflow/.local/lib/python3.7/site-packages/airflow/example_dags/example_branch_operator.py took 0.596 seconds
[2023-03-28T08:58:18.371+0000] {processor.py:153} INFO - Started process (PID=2837) to work on /home/airflow/.local/lib/python3.7/site-packages/airflow/example_dags/example_branch_operator.py
[2023-03-28T08:58:18.372+0000] {processor.py:743} INFO - Processing file /home/airflow/.local/lib/python3.7/site-packages/airflow/example_dags/example_branch_operator.py for tasks to queue
[2023-03-28T08:58:18.374+0000] {logging_mixin.py:137} INFO - [2023-03-28T08:58:18.374+0000] {dagbag.py:532} INFO - Filling up the DagBag from /home/airflow/.local/lib/python3.7/site-packages/airflow/example_dags/example_branch_operator.py
[2023-03-28T08:58:18.396+0000] {processor.py:753} INFO - DAG(s) dict_keys(['example_branch_operator']) retrieved from /home/airflow/.local/lib/python3.7/site-packages/airflow/example_dags/example_branch_operator.py
[2023-03-28T08:58:18.573+0000] {logging_mixin.py:137} INFO - [2023-03-28T08:58:18.573+0000] {dag.py:2693} INFO - Sync 1 DAGs
[2023-03-28T08:58:18.638+0000] {logging_mixin.py:137} INFO - [2023-03-28T08:58:18.638+0000] {dag.py:3444} INFO - Setting next_dagrun for example_branch_operator to 2023-03-28T00:00:00+00:00, run_after=2023-03-29T00:00:00+00:00
[2023-03-28T08:58:18.813+0000] {processor.py:175} INFO - Processing /home/airflow/.local/lib/python3.7/site-packages/airflow/example_dags/example_branch_operator.py took 0.446 seconds
[2023-03-28T08:58:49.329+0000] {processor.py:153} INFO - Started process (PID=2886) to work on /home/airflow/.local/lib/python3.7/site-packages/airflow/example_dags/example_branch_operator.py
[2023-03-28T08:58:49.330+0000] {processor.py:743} INFO - Processing file /home/airflow/.local/lib/python3.7/site-packages/airflow/example_dags/example_branch_operator.py for tasks to queue
[2023-03-28T08:58:49.331+0000] {logging_mixin.py:137} INFO - [2023-03-28T08:58:49.331+0000] {dagbag.py:532} INFO - Filling up the DagBag from /home/airflow/.local/lib/python3.7/site-packages/airflow/example_dags/example_branch_operator.py
[2023-03-28T08:58:49.362+0000] {processor.py:753} INFO - DAG(s) dict_keys(['example_branch_operator']) retrieved from /home/airflow/.local/lib/python3.7/site-packages/airflow/example_dags/example_branch_operator.py
[2023-03-28T08:58:49.577+0000] {logging_mixin.py:137} INFO - [2023-03-28T08:58:49.577+0000] {dag.py:2693} INFO - Sync 1 DAGs
[2023-03-28T08:58:49.635+0000] {logging_mixin.py:137} INFO - [2023-03-28T08:58:49.635+0000] {dag.py:3444} INFO - Setting next_dagrun for example_branch_operator to 2023-03-28T00:00:00+00:00, run_after=2023-03-29T00:00:00+00:00
[2023-03-28T08:58:49.840+0000] {processor.py:175} INFO - Processing /home/airflow/.local/lib/python3.7/site-packages/airflow/example_dags/example_branch_operator.py took 0.516 seconds
[2023-03-28T08:59:20.075+0000] {processor.py:153} INFO - Started process (PID=2935) to work on /home/airflow/.local/lib/python3.7/site-packages/airflow/example_dags/example_branch_operator.py
[2023-03-28T08:59:20.085+0000] {processor.py:743} INFO - Processing file /home/airflow/.local/lib/python3.7/site-packages/airflow/example_dags/example_branch_operator.py for tasks to queue
[2023-03-28T08:59:20.086+0000] {logging_mixin.py:137} INFO - [2023-03-28T08:59:20.086+0000] {dagbag.py:532} INFO - Filling up the DagBag from /home/airflow/.local/lib/python3.7/site-packages/airflow/example_dags/example_branch_operator.py
[2023-03-28T08:59:20.107+0000] {processor.py:753} INFO - DAG(s) dict_keys(['example_branch_operator']) retrieved from /home/airflow/.local/lib/python3.7/site-packages/airflow/example_dags/example_branch_operator.py
[2023-03-28T08:59:20.286+0000] {logging_mixin.py:137} INFO - [2023-03-28T08:59:20.286+0000] {dag.py:2693} INFO - Sync 1 DAGs
[2023-03-28T08:59:20.346+0000] {logging_mixin.py:137} INFO - [2023-03-28T08:59:20.346+0000] {dag.py:3444} INFO - Setting next_dagrun for example_branch_operator to 2023-03-28T00:00:00+00:00, run_after=2023-03-29T00:00:00+00:00
[2023-03-28T08:59:20.583+0000] {processor.py:175} INFO - Processing /home/airflow/.local/lib/python3.7/site-packages/airflow/example_dags/example_branch_operator.py took 0.514 seconds
