[2023-03-28T05:28:23.552+0000] {processor.py:153} INFO - Started process (PID=97) to work on /home/airflow/.local/lib/python3.7/site-packages/airflow/example_dags/example_dynamic_task_mapping.py
[2023-03-28T05:28:23.552+0000] {processor.py:743} INFO - Processing file /home/airflow/.local/lib/python3.7/site-packages/airflow/example_dags/example_dynamic_task_mapping.py for tasks to queue
[2023-03-28T05:28:23.553+0000] {logging_mixin.py:137} INFO - [2023-03-28T05:28:23.553+0000] {dagbag.py:532} INFO - Filling up the DagBag from /home/airflow/.local/lib/python3.7/site-packages/airflow/example_dags/example_dynamic_task_mapping.py
[2023-03-28T05:28:23.566+0000] {processor.py:753} INFO - DAG(s) dict_keys(['example_dynamic_task_mapping']) retrieved from /home/airflow/.local/lib/python3.7/site-packages/airflow/example_dags/example_dynamic_task_mapping.py
[2023-03-28T05:28:23.761+0000] {logging_mixin.py:137} INFO - [2023-03-28T05:28:23.761+0000] {dag.py:2693} INFO - Sync 1 DAGs
[2023-03-28T05:28:23.865+0000] {logging_mixin.py:137} INFO - [2023-03-28T05:28:23.865+0000] {dag.py:3444} INFO - Setting next_dagrun for example_dynamic_task_mapping to 2022-03-04T00:00:00+00:00, run_after=2022-03-05T00:00:00+00:00
[2023-03-28T05:28:24.088+0000] {processor.py:175} INFO - Processing /home/airflow/.local/lib/python3.7/site-packages/airflow/example_dags/example_dynamic_task_mapping.py took 0.539 seconds
[2023-03-28T05:28:55.146+0000] {processor.py:153} INFO - Started process (PID=146) to work on /home/airflow/.local/lib/python3.7/site-packages/airflow/example_dags/example_dynamic_task_mapping.py
[2023-03-28T05:28:55.147+0000] {processor.py:743} INFO - Processing file /home/airflow/.local/lib/python3.7/site-packages/airflow/example_dags/example_dynamic_task_mapping.py for tasks to queue
[2023-03-28T05:28:55.147+0000] {logging_mixin.py:137} INFO - [2023-03-28T05:28:55.147+0000] {dagbag.py:532} INFO - Filling up the DagBag from /home/airflow/.local/lib/python3.7/site-packages/airflow/example_dags/example_dynamic_task_mapping.py
[2023-03-28T05:28:55.161+0000] {processor.py:753} INFO - DAG(s) dict_keys(['example_dynamic_task_mapping']) retrieved from /home/airflow/.local/lib/python3.7/site-packages/airflow/example_dags/example_dynamic_task_mapping.py
[2023-03-28T05:28:55.338+0000] {logging_mixin.py:137} INFO - [2023-03-28T05:28:55.338+0000] {dag.py:2693} INFO - Sync 1 DAGs
[2023-03-28T05:28:55.422+0000] {logging_mixin.py:137} INFO - [2023-03-28T05:28:55.422+0000] {dag.py:3444} INFO - Setting next_dagrun for example_dynamic_task_mapping to 2022-03-04T00:00:00+00:00, run_after=2022-03-05T00:00:00+00:00
[2023-03-28T05:28:55.584+0000] {processor.py:175} INFO - Processing /home/airflow/.local/lib/python3.7/site-packages/airflow/example_dags/example_dynamic_task_mapping.py took 0.440 seconds
[2023-03-28T05:29:25.842+0000] {processor.py:153} INFO - Started process (PID=195) to work on /home/airflow/.local/lib/python3.7/site-packages/airflow/example_dags/example_dynamic_task_mapping.py
[2023-03-28T05:29:25.842+0000] {processor.py:743} INFO - Processing file /home/airflow/.local/lib/python3.7/site-packages/airflow/example_dags/example_dynamic_task_mapping.py for tasks to queue
[2023-03-28T05:29:25.843+0000] {logging_mixin.py:137} INFO - [2023-03-28T05:29:25.843+0000] {dagbag.py:532} INFO - Filling up the DagBag from /home/airflow/.local/lib/python3.7/site-packages/airflow/example_dags/example_dynamic_task_mapping.py
[2023-03-28T05:29:25.856+0000] {processor.py:753} INFO - DAG(s) dict_keys(['example_dynamic_task_mapping']) retrieved from /home/airflow/.local/lib/python3.7/site-packages/airflow/example_dags/example_dynamic_task_mapping.py
[2023-03-28T05:29:26.032+0000] {logging_mixin.py:137} INFO - [2023-03-28T05:29:26.032+0000] {dag.py:2693} INFO - Sync 1 DAGs
[2023-03-28T05:29:26.124+0000] {logging_mixin.py:137} INFO - [2023-03-28T05:29:26.124+0000] {dag.py:3444} INFO - Setting next_dagrun for example_dynamic_task_mapping to 2022-03-04T00:00:00+00:00, run_after=2022-03-05T00:00:00+00:00
[2023-03-28T05:29:26.280+0000] {processor.py:175} INFO - Processing /home/airflow/.local/lib/python3.7/site-packages/airflow/example_dags/example_dynamic_task_mapping.py took 0.440 seconds
[2023-03-28T05:29:56.767+0000] {processor.py:153} INFO - Started process (PID=244) to work on /home/airflow/.local/lib/python3.7/site-packages/airflow/example_dags/example_dynamic_task_mapping.py
[2023-03-28T05:29:56.768+0000] {processor.py:743} INFO - Processing file /home/airflow/.local/lib/python3.7/site-packages/airflow/example_dags/example_dynamic_task_mapping.py for tasks to queue
[2023-03-28T05:29:56.768+0000] {logging_mixin.py:137} INFO - [2023-03-28T05:29:56.768+0000] {dagbag.py:532} INFO - Filling up the DagBag from /home/airflow/.local/lib/python3.7/site-packages/airflow/example_dags/example_dynamic_task_mapping.py
[2023-03-28T05:29:56.781+0000] {processor.py:753} INFO - DAG(s) dict_keys(['example_dynamic_task_mapping']) retrieved from /home/airflow/.local/lib/python3.7/site-packages/airflow/example_dags/example_dynamic_task_mapping.py
[2023-03-28T05:29:56.944+0000] {logging_mixin.py:137} INFO - [2023-03-28T05:29:56.943+0000] {dag.py:2693} INFO - Sync 1 DAGs
[2023-03-28T05:29:57.034+0000] {logging_mixin.py:137} INFO - [2023-03-28T05:29:57.034+0000] {dag.py:3444} INFO - Setting next_dagrun for example_dynamic_task_mapping to 2022-03-04T00:00:00+00:00, run_after=2022-03-05T00:00:00+00:00
[2023-03-28T05:29:57.200+0000] {processor.py:175} INFO - Processing /home/airflow/.local/lib/python3.7/site-packages/airflow/example_dags/example_dynamic_task_mapping.py took 0.435 seconds
[2023-03-28T05:30:28.325+0000] {processor.py:153} INFO - Started process (PID=293) to work on /home/airflow/.local/lib/python3.7/site-packages/airflow/example_dags/example_dynamic_task_mapping.py
[2023-03-28T05:30:28.325+0000] {processor.py:743} INFO - Processing file /home/airflow/.local/lib/python3.7/site-packages/airflow/example_dags/example_dynamic_task_mapping.py for tasks to queue
[2023-03-28T05:30:28.325+0000] {logging_mixin.py:137} INFO - [2023-03-28T05:30:28.325+0000] {dagbag.py:532} INFO - Filling up the DagBag from /home/airflow/.local/lib/python3.7/site-packages/airflow/example_dags/example_dynamic_task_mapping.py
[2023-03-28T05:30:28.339+0000] {processor.py:753} INFO - DAG(s) dict_keys(['example_dynamic_task_mapping']) retrieved from /home/airflow/.local/lib/python3.7/site-packages/airflow/example_dags/example_dynamic_task_mapping.py
[2023-03-28T05:30:28.508+0000] {logging_mixin.py:137} INFO - [2023-03-28T05:30:28.508+0000] {dag.py:2693} INFO - Sync 1 DAGs
[2023-03-28T05:30:28.597+0000] {logging_mixin.py:137} INFO - [2023-03-28T05:30:28.597+0000] {dag.py:3444} INFO - Setting next_dagrun for example_dynamic_task_mapping to 2022-03-04T00:00:00+00:00, run_after=2022-03-05T00:00:00+00:00
[2023-03-28T05:30:28.742+0000] {processor.py:175} INFO - Processing /home/airflow/.local/lib/python3.7/site-packages/airflow/example_dags/example_dynamic_task_mapping.py took 0.419 seconds
[2023-03-28T05:30:58.945+0000] {processor.py:153} INFO - Started process (PID=354) to work on /home/airflow/.local/lib/python3.7/site-packages/airflow/example_dags/example_dynamic_task_mapping.py
[2023-03-28T05:30:58.949+0000] {processor.py:743} INFO - Processing file /home/airflow/.local/lib/python3.7/site-packages/airflow/example_dags/example_dynamic_task_mapping.py for tasks to queue
[2023-03-28T05:30:58.950+0000] {logging_mixin.py:137} INFO - [2023-03-28T05:30:58.950+0000] {dagbag.py:532} INFO - Filling up the DagBag from /home/airflow/.local/lib/python3.7/site-packages/airflow/example_dags/example_dynamic_task_mapping.py
[2023-03-28T05:30:58.964+0000] {processor.py:753} INFO - DAG(s) dict_keys(['example_dynamic_task_mapping']) retrieved from /home/airflow/.local/lib/python3.7/site-packages/airflow/example_dags/example_dynamic_task_mapping.py
[2023-03-28T05:30:59.143+0000] {logging_mixin.py:137} INFO - [2023-03-28T05:30:59.143+0000] {dag.py:2693} INFO - Sync 1 DAGs
[2023-03-28T05:30:59.253+0000] {logging_mixin.py:137} INFO - [2023-03-28T05:30:59.253+0000] {dag.py:3444} INFO - Setting next_dagrun for example_dynamic_task_mapping to 2022-03-07T00:00:00+00:00, run_after=2022-03-08T00:00:00+00:00
[2023-03-28T05:30:59.417+0000] {processor.py:175} INFO - Processing /home/airflow/.local/lib/python3.7/site-packages/airflow/example_dags/example_dynamic_task_mapping.py took 0.474 seconds
[2023-03-28T08:38:35.305+0000] {processor.py:153} INFO - Started process (PID=94) to work on /home/airflow/.local/lib/python3.7/site-packages/airflow/example_dags/example_dynamic_task_mapping.py
[2023-03-28T08:38:35.305+0000] {processor.py:743} INFO - Processing file /home/airflow/.local/lib/python3.7/site-packages/airflow/example_dags/example_dynamic_task_mapping.py for tasks to queue
[2023-03-28T08:38:35.306+0000] {logging_mixin.py:137} INFO - [2023-03-28T08:38:35.306+0000] {dagbag.py:532} INFO - Filling up the DagBag from /home/airflow/.local/lib/python3.7/site-packages/airflow/example_dags/example_dynamic_task_mapping.py
[2023-03-28T08:38:35.320+0000] {processor.py:753} INFO - DAG(s) dict_keys(['example_dynamic_task_mapping']) retrieved from /home/airflow/.local/lib/python3.7/site-packages/airflow/example_dags/example_dynamic_task_mapping.py
[2023-03-28T08:38:35.534+0000] {logging_mixin.py:137} INFO - [2023-03-28T08:38:35.534+0000] {dag.py:2693} INFO - Sync 1 DAGs
[2023-03-28T08:38:35.623+0000] {logging_mixin.py:137} INFO - [2023-03-28T08:38:35.622+0000] {dag.py:3444} INFO - Setting next_dagrun for example_dynamic_task_mapping to 2022-03-14T00:00:00+00:00, run_after=2022-03-15T00:00:00+00:00
[2023-03-28T08:38:35.796+0000] {processor.py:175} INFO - Processing /home/airflow/.local/lib/python3.7/site-packages/airflow/example_dags/example_dynamic_task_mapping.py took 0.493 seconds
[2023-03-28T08:39:06.072+0000] {processor.py:153} INFO - Started process (PID=143) to work on /home/airflow/.local/lib/python3.7/site-packages/airflow/example_dags/example_dynamic_task_mapping.py
[2023-03-28T08:39:06.073+0000] {processor.py:743} INFO - Processing file /home/airflow/.local/lib/python3.7/site-packages/airflow/example_dags/example_dynamic_task_mapping.py for tasks to queue
[2023-03-28T08:39:06.073+0000] {logging_mixin.py:137} INFO - [2023-03-28T08:39:06.073+0000] {dagbag.py:532} INFO - Filling up the DagBag from /home/airflow/.local/lib/python3.7/site-packages/airflow/example_dags/example_dynamic_task_mapping.py
[2023-03-28T08:39:06.085+0000] {processor.py:753} INFO - DAG(s) dict_keys(['example_dynamic_task_mapping']) retrieved from /home/airflow/.local/lib/python3.7/site-packages/airflow/example_dags/example_dynamic_task_mapping.py
[2023-03-28T08:39:06.280+0000] {logging_mixin.py:137} INFO - [2023-03-28T08:39:06.279+0000] {dag.py:2693} INFO - Sync 1 DAGs
[2023-03-28T08:39:06.383+0000] {logging_mixin.py:137} INFO - [2023-03-28T08:39:06.383+0000] {dag.py:3444} INFO - Setting next_dagrun for example_dynamic_task_mapping to 2022-03-14T00:00:00+00:00, run_after=2022-03-15T00:00:00+00:00
[2023-03-28T08:39:06.561+0000] {processor.py:175} INFO - Processing /home/airflow/.local/lib/python3.7/site-packages/airflow/example_dags/example_dynamic_task_mapping.py took 0.491 seconds
[2023-03-28T08:39:36.974+0000] {processor.py:153} INFO - Started process (PID=192) to work on /home/airflow/.local/lib/python3.7/site-packages/airflow/example_dags/example_dynamic_task_mapping.py
[2023-03-28T08:39:36.975+0000] {processor.py:743} INFO - Processing file /home/airflow/.local/lib/python3.7/site-packages/airflow/example_dags/example_dynamic_task_mapping.py for tasks to queue
[2023-03-28T08:39:36.976+0000] {logging_mixin.py:137} INFO - [2023-03-28T08:39:36.976+0000] {dagbag.py:532} INFO - Filling up the DagBag from /home/airflow/.local/lib/python3.7/site-packages/airflow/example_dags/example_dynamic_task_mapping.py
[2023-03-28T08:39:36.989+0000] {processor.py:753} INFO - DAG(s) dict_keys(['example_dynamic_task_mapping']) retrieved from /home/airflow/.local/lib/python3.7/site-packages/airflow/example_dags/example_dynamic_task_mapping.py
[2023-03-28T08:39:37.176+0000] {logging_mixin.py:137} INFO - [2023-03-28T08:39:37.176+0000] {dag.py:2693} INFO - Sync 1 DAGs
[2023-03-28T08:39:37.266+0000] {logging_mixin.py:137} INFO - [2023-03-28T08:39:37.266+0000] {dag.py:3444} INFO - Setting next_dagrun for example_dynamic_task_mapping to 2022-03-14T00:00:00+00:00, run_after=2022-03-15T00:00:00+00:00
[2023-03-28T08:39:37.433+0000] {processor.py:175} INFO - Processing /home/airflow/.local/lib/python3.7/site-packages/airflow/example_dags/example_dynamic_task_mapping.py took 0.461 seconds
[2023-03-28T08:40:07.998+0000] {processor.py:153} INFO - Started process (PID=241) to work on /home/airflow/.local/lib/python3.7/site-packages/airflow/example_dags/example_dynamic_task_mapping.py
[2023-03-28T08:40:07.999+0000] {processor.py:743} INFO - Processing file /home/airflow/.local/lib/python3.7/site-packages/airflow/example_dags/example_dynamic_task_mapping.py for tasks to queue
[2023-03-28T08:40:07.999+0000] {logging_mixin.py:137} INFO - [2023-03-28T08:40:07.999+0000] {dagbag.py:532} INFO - Filling up the DagBag from /home/airflow/.local/lib/python3.7/site-packages/airflow/example_dags/example_dynamic_task_mapping.py
[2023-03-28T08:40:08.012+0000] {processor.py:753} INFO - DAG(s) dict_keys(['example_dynamic_task_mapping']) retrieved from /home/airflow/.local/lib/python3.7/site-packages/airflow/example_dags/example_dynamic_task_mapping.py
[2023-03-28T08:40:08.202+0000] {logging_mixin.py:137} INFO - [2023-03-28T08:40:08.202+0000] {dag.py:2693} INFO - Sync 1 DAGs
[2023-03-28T08:40:08.292+0000] {logging_mixin.py:137} INFO - [2023-03-28T08:40:08.292+0000] {dag.py:3444} INFO - Setting next_dagrun for example_dynamic_task_mapping to 2022-03-14T00:00:00+00:00, run_after=2022-03-15T00:00:00+00:00
[2023-03-28T08:40:08.444+0000] {processor.py:175} INFO - Processing /home/airflow/.local/lib/python3.7/site-packages/airflow/example_dags/example_dynamic_task_mapping.py took 0.448 seconds
[2023-03-28T08:40:38.601+0000] {processor.py:153} INFO - Started process (PID=290) to work on /home/airflow/.local/lib/python3.7/site-packages/airflow/example_dags/example_dynamic_task_mapping.py
[2023-03-28T08:40:38.601+0000] {processor.py:743} INFO - Processing file /home/airflow/.local/lib/python3.7/site-packages/airflow/example_dags/example_dynamic_task_mapping.py for tasks to queue
[2023-03-28T08:40:38.602+0000] {logging_mixin.py:137} INFO - [2023-03-28T08:40:38.602+0000] {dagbag.py:532} INFO - Filling up the DagBag from /home/airflow/.local/lib/python3.7/site-packages/airflow/example_dags/example_dynamic_task_mapping.py
[2023-03-28T08:40:38.614+0000] {processor.py:753} INFO - DAG(s) dict_keys(['example_dynamic_task_mapping']) retrieved from /home/airflow/.local/lib/python3.7/site-packages/airflow/example_dags/example_dynamic_task_mapping.py
[2023-03-28T08:40:38.786+0000] {logging_mixin.py:137} INFO - [2023-03-28T08:40:38.786+0000] {dag.py:2693} INFO - Sync 1 DAGs
[2023-03-28T08:40:38.880+0000] {logging_mixin.py:137} INFO - [2023-03-28T08:40:38.880+0000] {dag.py:3444} INFO - Setting next_dagrun for example_dynamic_task_mapping to 2022-03-14T00:00:00+00:00, run_after=2022-03-15T00:00:00+00:00
[2023-03-28T08:40:39.049+0000] {processor.py:175} INFO - Processing /home/airflow/.local/lib/python3.7/site-packages/airflow/example_dags/example_dynamic_task_mapping.py took 0.450 seconds
[2023-03-28T08:41:09.110+0000] {processor.py:153} INFO - Started process (PID=339) to work on /home/airflow/.local/lib/python3.7/site-packages/airflow/example_dags/example_dynamic_task_mapping.py
[2023-03-28T08:41:09.111+0000] {processor.py:743} INFO - Processing file /home/airflow/.local/lib/python3.7/site-packages/airflow/example_dags/example_dynamic_task_mapping.py for tasks to queue
[2023-03-28T08:41:09.111+0000] {logging_mixin.py:137} INFO - [2023-03-28T08:41:09.111+0000] {dagbag.py:532} INFO - Filling up the DagBag from /home/airflow/.local/lib/python3.7/site-packages/airflow/example_dags/example_dynamic_task_mapping.py
[2023-03-28T08:41:09.125+0000] {processor.py:753} INFO - DAG(s) dict_keys(['example_dynamic_task_mapping']) retrieved from /home/airflow/.local/lib/python3.7/site-packages/airflow/example_dags/example_dynamic_task_mapping.py
[2023-03-28T08:41:09.325+0000] {logging_mixin.py:137} INFO - [2023-03-28T08:41:09.325+0000] {dag.py:2693} INFO - Sync 1 DAGs
[2023-03-28T08:41:09.420+0000] {logging_mixin.py:137} INFO - [2023-03-28T08:41:09.420+0000] {dag.py:3444} INFO - Setting next_dagrun for example_dynamic_task_mapping to 2022-03-14T00:00:00+00:00, run_after=2022-03-15T00:00:00+00:00
[2023-03-28T08:41:09.588+0000] {processor.py:175} INFO - Processing /home/airflow/.local/lib/python3.7/site-packages/airflow/example_dags/example_dynamic_task_mapping.py took 0.479 seconds
[2023-03-28T08:41:40.261+0000] {processor.py:153} INFO - Started process (PID=388) to work on /home/airflow/.local/lib/python3.7/site-packages/airflow/example_dags/example_dynamic_task_mapping.py
[2023-03-28T08:41:40.262+0000] {processor.py:743} INFO - Processing file /home/airflow/.local/lib/python3.7/site-packages/airflow/example_dags/example_dynamic_task_mapping.py for tasks to queue
[2023-03-28T08:41:40.262+0000] {logging_mixin.py:137} INFO - [2023-03-28T08:41:40.262+0000] {dagbag.py:532} INFO - Filling up the DagBag from /home/airflow/.local/lib/python3.7/site-packages/airflow/example_dags/example_dynamic_task_mapping.py
[2023-03-28T08:41:40.275+0000] {processor.py:753} INFO - DAG(s) dict_keys(['example_dynamic_task_mapping']) retrieved from /home/airflow/.local/lib/python3.7/site-packages/airflow/example_dags/example_dynamic_task_mapping.py
[2023-03-28T08:41:40.454+0000] {logging_mixin.py:137} INFO - [2023-03-28T08:41:40.454+0000] {dag.py:2693} INFO - Sync 1 DAGs
[2023-03-28T08:41:40.559+0000] {logging_mixin.py:137} INFO - [2023-03-28T08:41:40.558+0000] {dag.py:3444} INFO - Setting next_dagrun for example_dynamic_task_mapping to 2022-03-14T00:00:00+00:00, run_after=2022-03-15T00:00:00+00:00
[2023-03-28T08:41:40.730+0000] {processor.py:175} INFO - Processing /home/airflow/.local/lib/python3.7/site-packages/airflow/example_dags/example_dynamic_task_mapping.py took 0.470 seconds
[2023-03-28T08:42:11.275+0000] {processor.py:153} INFO - Started process (PID=437) to work on /home/airflow/.local/lib/python3.7/site-packages/airflow/example_dags/example_dynamic_task_mapping.py
[2023-03-28T08:42:11.275+0000] {processor.py:743} INFO - Processing file /home/airflow/.local/lib/python3.7/site-packages/airflow/example_dags/example_dynamic_task_mapping.py for tasks to queue
[2023-03-28T08:42:11.276+0000] {logging_mixin.py:137} INFO - [2023-03-28T08:42:11.276+0000] {dagbag.py:532} INFO - Filling up the DagBag from /home/airflow/.local/lib/python3.7/site-packages/airflow/example_dags/example_dynamic_task_mapping.py
[2023-03-28T08:42:11.290+0000] {processor.py:753} INFO - DAG(s) dict_keys(['example_dynamic_task_mapping']) retrieved from /home/airflow/.local/lib/python3.7/site-packages/airflow/example_dags/example_dynamic_task_mapping.py
[2023-03-28T08:42:11.550+0000] {logging_mixin.py:137} INFO - [2023-03-28T08:42:11.549+0000] {dag.py:2693} INFO - Sync 1 DAGs
[2023-03-28T08:42:11.668+0000] {logging_mixin.py:137} INFO - [2023-03-28T08:42:11.668+0000] {dag.py:3444} INFO - Setting next_dagrun for example_dynamic_task_mapping to 2022-03-14T00:00:00+00:00, run_after=2022-03-15T00:00:00+00:00
[2023-03-28T08:42:11.859+0000] {processor.py:175} INFO - Processing /home/airflow/.local/lib/python3.7/site-packages/airflow/example_dags/example_dynamic_task_mapping.py took 0.586 seconds
[2023-03-28T08:42:41.884+0000] {processor.py:153} INFO - Started process (PID=487) to work on /home/airflow/.local/lib/python3.7/site-packages/airflow/example_dags/example_dynamic_task_mapping.py
[2023-03-28T08:42:41.884+0000] {processor.py:743} INFO - Processing file /home/airflow/.local/lib/python3.7/site-packages/airflow/example_dags/example_dynamic_task_mapping.py for tasks to queue
[2023-03-28T08:42:41.884+0000] {logging_mixin.py:137} INFO - [2023-03-28T08:42:41.884+0000] {dagbag.py:532} INFO - Filling up the DagBag from /home/airflow/.local/lib/python3.7/site-packages/airflow/example_dags/example_dynamic_task_mapping.py
[2023-03-28T08:42:41.897+0000] {processor.py:753} INFO - DAG(s) dict_keys(['example_dynamic_task_mapping']) retrieved from /home/airflow/.local/lib/python3.7/site-packages/airflow/example_dags/example_dynamic_task_mapping.py
[2023-03-28T08:42:42.078+0000] {logging_mixin.py:137} INFO - [2023-03-28T08:42:42.078+0000] {dag.py:2693} INFO - Sync 1 DAGs
[2023-03-28T08:42:42.174+0000] {logging_mixin.py:137} INFO - [2023-03-28T08:42:42.173+0000] {dag.py:3444} INFO - Setting next_dagrun for example_dynamic_task_mapping to 2022-03-14T00:00:00+00:00, run_after=2022-03-15T00:00:00+00:00
[2023-03-28T08:42:42.337+0000] {processor.py:175} INFO - Processing /home/airflow/.local/lib/python3.7/site-packages/airflow/example_dags/example_dynamic_task_mapping.py took 0.456 seconds
[2023-03-28T08:43:13.478+0000] {processor.py:153} INFO - Started process (PID=536) to work on /home/airflow/.local/lib/python3.7/site-packages/airflow/example_dags/example_dynamic_task_mapping.py
[2023-03-28T08:43:13.483+0000] {processor.py:743} INFO - Processing file /home/airflow/.local/lib/python3.7/site-packages/airflow/example_dags/example_dynamic_task_mapping.py for tasks to queue
[2023-03-28T08:43:13.483+0000] {logging_mixin.py:137} INFO - [2023-03-28T08:43:13.483+0000] {dagbag.py:532} INFO - Filling up the DagBag from /home/airflow/.local/lib/python3.7/site-packages/airflow/example_dags/example_dynamic_task_mapping.py
[2023-03-28T08:43:13.496+0000] {processor.py:753} INFO - DAG(s) dict_keys(['example_dynamic_task_mapping']) retrieved from /home/airflow/.local/lib/python3.7/site-packages/airflow/example_dags/example_dynamic_task_mapping.py
[2023-03-28T08:43:13.681+0000] {logging_mixin.py:137} INFO - [2023-03-28T08:43:13.681+0000] {dag.py:2693} INFO - Sync 1 DAGs
[2023-03-28T08:43:13.767+0000] {logging_mixin.py:137} INFO - [2023-03-28T08:43:13.767+0000] {dag.py:3444} INFO - Setting next_dagrun for example_dynamic_task_mapping to 2022-03-14T00:00:00+00:00, run_after=2022-03-15T00:00:00+00:00
[2023-03-28T08:43:13.935+0000] {processor.py:175} INFO - Processing /home/airflow/.local/lib/python3.7/site-packages/airflow/example_dags/example_dynamic_task_mapping.py took 0.458 seconds
[2023-03-28T08:43:44.131+0000] {processor.py:153} INFO - Started process (PID=585) to work on /home/airflow/.local/lib/python3.7/site-packages/airflow/example_dags/example_dynamic_task_mapping.py
[2023-03-28T08:43:44.132+0000] {processor.py:743} INFO - Processing file /home/airflow/.local/lib/python3.7/site-packages/airflow/example_dags/example_dynamic_task_mapping.py for tasks to queue
[2023-03-28T08:43:44.132+0000] {logging_mixin.py:137} INFO - [2023-03-28T08:43:44.132+0000] {dagbag.py:532} INFO - Filling up the DagBag from /home/airflow/.local/lib/python3.7/site-packages/airflow/example_dags/example_dynamic_task_mapping.py
[2023-03-28T08:43:44.145+0000] {processor.py:753} INFO - DAG(s) dict_keys(['example_dynamic_task_mapping']) retrieved from /home/airflow/.local/lib/python3.7/site-packages/airflow/example_dags/example_dynamic_task_mapping.py
[2023-03-28T08:43:44.325+0000] {logging_mixin.py:137} INFO - [2023-03-28T08:43:44.325+0000] {dag.py:2693} INFO - Sync 1 DAGs
[2023-03-28T08:43:44.421+0000] {logging_mixin.py:137} INFO - [2023-03-28T08:43:44.421+0000] {dag.py:3444} INFO - Setting next_dagrun for example_dynamic_task_mapping to 2022-03-14T00:00:00+00:00, run_after=2022-03-15T00:00:00+00:00
[2023-03-28T08:43:44.585+0000] {processor.py:175} INFO - Processing /home/airflow/.local/lib/python3.7/site-packages/airflow/example_dags/example_dynamic_task_mapping.py took 0.455 seconds
[2023-03-28T08:44:14.714+0000] {processor.py:153} INFO - Started process (PID=635) to work on /home/airflow/.local/lib/python3.7/site-packages/airflow/example_dags/example_dynamic_task_mapping.py
[2023-03-28T08:44:14.715+0000] {processor.py:743} INFO - Processing file /home/airflow/.local/lib/python3.7/site-packages/airflow/example_dags/example_dynamic_task_mapping.py for tasks to queue
[2023-03-28T08:44:14.716+0000] {logging_mixin.py:137} INFO - [2023-03-28T08:44:14.716+0000] {dagbag.py:532} INFO - Filling up the DagBag from /home/airflow/.local/lib/python3.7/site-packages/airflow/example_dags/example_dynamic_task_mapping.py
[2023-03-28T08:44:14.730+0000] {processor.py:753} INFO - DAG(s) dict_keys(['example_dynamic_task_mapping']) retrieved from /home/airflow/.local/lib/python3.7/site-packages/airflow/example_dags/example_dynamic_task_mapping.py
[2023-03-28T08:44:14.911+0000] {logging_mixin.py:137} INFO - [2023-03-28T08:44:14.911+0000] {dag.py:2693} INFO - Sync 1 DAGs
[2023-03-28T08:44:15.006+0000] {logging_mixin.py:137} INFO - [2023-03-28T08:44:15.005+0000] {dag.py:3444} INFO - Setting next_dagrun for example_dynamic_task_mapping to 2022-03-14T00:00:00+00:00, run_after=2022-03-15T00:00:00+00:00
[2023-03-28T08:44:15.184+0000] {processor.py:175} INFO - Processing /home/airflow/.local/lib/python3.7/site-packages/airflow/example_dags/example_dynamic_task_mapping.py took 0.472 seconds
[2023-03-28T08:44:47.091+0000] {processor.py:153} INFO - Started process (PID=691) to work on /home/airflow/.local/lib/python3.7/site-packages/airflow/example_dags/example_dynamic_task_mapping.py
[2023-03-28T08:44:47.091+0000] {processor.py:743} INFO - Processing file /home/airflow/.local/lib/python3.7/site-packages/airflow/example_dags/example_dynamic_task_mapping.py for tasks to queue
[2023-03-28T08:44:47.092+0000] {logging_mixin.py:137} INFO - [2023-03-28T08:44:47.092+0000] {dagbag.py:532} INFO - Filling up the DagBag from /home/airflow/.local/lib/python3.7/site-packages/airflow/example_dags/example_dynamic_task_mapping.py
[2023-03-28T08:44:47.105+0000] {processor.py:753} INFO - DAG(s) dict_keys(['example_dynamic_task_mapping']) retrieved from /home/airflow/.local/lib/python3.7/site-packages/airflow/example_dags/example_dynamic_task_mapping.py
[2023-03-28T08:44:47.287+0000] {logging_mixin.py:137} INFO - [2023-03-28T08:44:47.287+0000] {dag.py:2693} INFO - Sync 1 DAGs
[2023-03-28T08:44:47.379+0000] {logging_mixin.py:137} INFO - [2023-03-28T08:44:47.379+0000] {dag.py:3444} INFO - Setting next_dagrun for example_dynamic_task_mapping to 2022-03-14T00:00:00+00:00, run_after=2022-03-15T00:00:00+00:00
[2023-03-28T08:44:47.563+0000] {processor.py:175} INFO - Processing /home/airflow/.local/lib/python3.7/site-packages/airflow/example_dags/example_dynamic_task_mapping.py took 0.474 seconds
[2023-03-28T08:45:19.697+0000] {processor.py:153} INFO - Started process (PID=740) to work on /home/airflow/.local/lib/python3.7/site-packages/airflow/example_dags/example_dynamic_task_mapping.py
[2023-03-28T08:45:19.706+0000] {processor.py:743} INFO - Processing file /home/airflow/.local/lib/python3.7/site-packages/airflow/example_dags/example_dynamic_task_mapping.py for tasks to queue
[2023-03-28T08:45:19.706+0000] {logging_mixin.py:137} INFO - [2023-03-28T08:45:19.706+0000] {dagbag.py:532} INFO - Filling up the DagBag from /home/airflow/.local/lib/python3.7/site-packages/airflow/example_dags/example_dynamic_task_mapping.py
[2023-03-28T08:45:19.720+0000] {processor.py:753} INFO - DAG(s) dict_keys(['example_dynamic_task_mapping']) retrieved from /home/airflow/.local/lib/python3.7/site-packages/airflow/example_dags/example_dynamic_task_mapping.py
[2023-03-28T08:45:19.918+0000] {logging_mixin.py:137} INFO - [2023-03-28T08:45:19.918+0000] {dag.py:2693} INFO - Sync 1 DAGs
[2023-03-28T08:45:20.011+0000] {logging_mixin.py:137} INFO - [2023-03-28T08:45:20.010+0000] {dag.py:3444} INFO - Setting next_dagrun for example_dynamic_task_mapping to 2022-03-14T00:00:00+00:00, run_after=2022-03-15T00:00:00+00:00
[2023-03-28T08:45:20.191+0000] {processor.py:175} INFO - Processing /home/airflow/.local/lib/python3.7/site-packages/airflow/example_dags/example_dynamic_task_mapping.py took 0.496 seconds
[2023-03-28T08:45:53.171+0000] {processor.py:153} INFO - Started process (PID=790) to work on /home/airflow/.local/lib/python3.7/site-packages/airflow/example_dags/example_dynamic_task_mapping.py
[2023-03-28T08:45:53.172+0000] {processor.py:743} INFO - Processing file /home/airflow/.local/lib/python3.7/site-packages/airflow/example_dags/example_dynamic_task_mapping.py for tasks to queue
[2023-03-28T08:45:53.172+0000] {logging_mixin.py:137} INFO - [2023-03-28T08:45:53.172+0000] {dagbag.py:532} INFO - Filling up the DagBag from /home/airflow/.local/lib/python3.7/site-packages/airflow/example_dags/example_dynamic_task_mapping.py
[2023-03-28T08:45:53.185+0000] {processor.py:753} INFO - DAG(s) dict_keys(['example_dynamic_task_mapping']) retrieved from /home/airflow/.local/lib/python3.7/site-packages/airflow/example_dags/example_dynamic_task_mapping.py
[2023-03-28T08:45:53.404+0000] {logging_mixin.py:137} INFO - [2023-03-28T08:45:53.404+0000] {dag.py:2693} INFO - Sync 1 DAGs
[2023-03-28T08:45:53.511+0000] {logging_mixin.py:137} INFO - [2023-03-28T08:45:53.511+0000] {dag.py:3444} INFO - Setting next_dagrun for example_dynamic_task_mapping to 2022-03-14T00:00:00+00:00, run_after=2022-03-15T00:00:00+00:00
[2023-03-28T08:45:53.698+0000] {processor.py:175} INFO - Processing /home/airflow/.local/lib/python3.7/site-packages/airflow/example_dags/example_dynamic_task_mapping.py took 0.529 seconds
[2023-03-28T08:46:24.350+0000] {processor.py:153} INFO - Started process (PID=839) to work on /home/airflow/.local/lib/python3.7/site-packages/airflow/example_dags/example_dynamic_task_mapping.py
[2023-03-28T08:46:24.350+0000] {processor.py:743} INFO - Processing file /home/airflow/.local/lib/python3.7/site-packages/airflow/example_dags/example_dynamic_task_mapping.py for tasks to queue
[2023-03-28T08:46:24.351+0000] {logging_mixin.py:137} INFO - [2023-03-28T08:46:24.351+0000] {dagbag.py:532} INFO - Filling up the DagBag from /home/airflow/.local/lib/python3.7/site-packages/airflow/example_dags/example_dynamic_task_mapping.py
[2023-03-28T08:46:24.363+0000] {processor.py:753} INFO - DAG(s) dict_keys(['example_dynamic_task_mapping']) retrieved from /home/airflow/.local/lib/python3.7/site-packages/airflow/example_dags/example_dynamic_task_mapping.py
[2023-03-28T08:46:24.562+0000] {logging_mixin.py:137} INFO - [2023-03-28T08:46:24.562+0000] {dag.py:2693} INFO - Sync 1 DAGs
[2023-03-28T08:46:24.664+0000] {logging_mixin.py:137} INFO - [2023-03-28T08:46:24.664+0000] {dag.py:3444} INFO - Setting next_dagrun for example_dynamic_task_mapping to 2022-03-14T00:00:00+00:00, run_after=2022-03-15T00:00:00+00:00
[2023-03-28T08:46:24.862+0000] {processor.py:175} INFO - Processing /home/airflow/.local/lib/python3.7/site-packages/airflow/example_dags/example_dynamic_task_mapping.py took 0.514 seconds
[2023-03-28T08:46:55.243+0000] {processor.py:153} INFO - Started process (PID=888) to work on /home/airflow/.local/lib/python3.7/site-packages/airflow/example_dags/example_dynamic_task_mapping.py
[2023-03-28T08:46:55.243+0000] {processor.py:743} INFO - Processing file /home/airflow/.local/lib/python3.7/site-packages/airflow/example_dags/example_dynamic_task_mapping.py for tasks to queue
[2023-03-28T08:46:55.244+0000] {logging_mixin.py:137} INFO - [2023-03-28T08:46:55.244+0000] {dagbag.py:532} INFO - Filling up the DagBag from /home/airflow/.local/lib/python3.7/site-packages/airflow/example_dags/example_dynamic_task_mapping.py
[2023-03-28T08:46:55.258+0000] {processor.py:753} INFO - DAG(s) dict_keys(['example_dynamic_task_mapping']) retrieved from /home/airflow/.local/lib/python3.7/site-packages/airflow/example_dags/example_dynamic_task_mapping.py
[2023-03-28T08:46:55.445+0000] {logging_mixin.py:137} INFO - [2023-03-28T08:46:55.445+0000] {dag.py:2693} INFO - Sync 1 DAGs
[2023-03-28T08:46:55.544+0000] {logging_mixin.py:137} INFO - [2023-03-28T08:46:55.544+0000] {dag.py:3444} INFO - Setting next_dagrun for example_dynamic_task_mapping to 2022-03-14T00:00:00+00:00, run_after=2022-03-15T00:00:00+00:00
[2023-03-28T08:46:55.727+0000] {processor.py:175} INFO - Processing /home/airflow/.local/lib/python3.7/site-packages/airflow/example_dags/example_dynamic_task_mapping.py took 0.486 seconds
[2023-03-28T08:47:25.979+0000] {processor.py:153} INFO - Started process (PID=937) to work on /home/airflow/.local/lib/python3.7/site-packages/airflow/example_dags/example_dynamic_task_mapping.py
[2023-03-28T08:47:25.980+0000] {processor.py:743} INFO - Processing file /home/airflow/.local/lib/python3.7/site-packages/airflow/example_dags/example_dynamic_task_mapping.py for tasks to queue
[2023-03-28T08:47:25.980+0000] {logging_mixin.py:137} INFO - [2023-03-28T08:47:25.980+0000] {dagbag.py:532} INFO - Filling up the DagBag from /home/airflow/.local/lib/python3.7/site-packages/airflow/example_dags/example_dynamic_task_mapping.py
[2023-03-28T08:47:25.993+0000] {processor.py:753} INFO - DAG(s) dict_keys(['example_dynamic_task_mapping']) retrieved from /home/airflow/.local/lib/python3.7/site-packages/airflow/example_dags/example_dynamic_task_mapping.py
[2023-03-28T08:47:26.185+0000] {logging_mixin.py:137} INFO - [2023-03-28T08:47:26.185+0000] {dag.py:2693} INFO - Sync 1 DAGs
[2023-03-28T08:47:26.275+0000] {logging_mixin.py:137} INFO - [2023-03-28T08:47:26.275+0000] {dag.py:3444} INFO - Setting next_dagrun for example_dynamic_task_mapping to 2022-03-14T00:00:00+00:00, run_after=2022-03-15T00:00:00+00:00
[2023-03-28T08:47:26.459+0000] {processor.py:175} INFO - Processing /home/airflow/.local/lib/python3.7/site-packages/airflow/example_dags/example_dynamic_task_mapping.py took 0.482 seconds
[2023-03-28T08:47:57.274+0000] {processor.py:153} INFO - Started process (PID=986) to work on /home/airflow/.local/lib/python3.7/site-packages/airflow/example_dags/example_dynamic_task_mapping.py
[2023-03-28T08:47:57.275+0000] {processor.py:743} INFO - Processing file /home/airflow/.local/lib/python3.7/site-packages/airflow/example_dags/example_dynamic_task_mapping.py for tasks to queue
[2023-03-28T08:47:57.275+0000] {logging_mixin.py:137} INFO - [2023-03-28T08:47:57.275+0000] {dagbag.py:532} INFO - Filling up the DagBag from /home/airflow/.local/lib/python3.7/site-packages/airflow/example_dags/example_dynamic_task_mapping.py
[2023-03-28T08:47:57.288+0000] {processor.py:753} INFO - DAG(s) dict_keys(['example_dynamic_task_mapping']) retrieved from /home/airflow/.local/lib/python3.7/site-packages/airflow/example_dags/example_dynamic_task_mapping.py
[2023-03-28T08:47:57.475+0000] {logging_mixin.py:137} INFO - [2023-03-28T08:47:57.475+0000] {dag.py:2693} INFO - Sync 1 DAGs
[2023-03-28T08:47:57.576+0000] {logging_mixin.py:137} INFO - [2023-03-28T08:47:57.576+0000] {dag.py:3444} INFO - Setting next_dagrun for example_dynamic_task_mapping to 2022-03-14T00:00:00+00:00, run_after=2022-03-15T00:00:00+00:00
[2023-03-28T08:47:57.752+0000] {processor.py:175} INFO - Processing /home/airflow/.local/lib/python3.7/site-packages/airflow/example_dags/example_dynamic_task_mapping.py took 0.479 seconds
[2023-03-28T08:48:28.394+0000] {processor.py:153} INFO - Started process (PID=1035) to work on /home/airflow/.local/lib/python3.7/site-packages/airflow/example_dags/example_dynamic_task_mapping.py
[2023-03-28T08:48:28.395+0000] {processor.py:743} INFO - Processing file /home/airflow/.local/lib/python3.7/site-packages/airflow/example_dags/example_dynamic_task_mapping.py for tasks to queue
[2023-03-28T08:48:28.395+0000] {logging_mixin.py:137} INFO - [2023-03-28T08:48:28.395+0000] {dagbag.py:532} INFO - Filling up the DagBag from /home/airflow/.local/lib/python3.7/site-packages/airflow/example_dags/example_dynamic_task_mapping.py
[2023-03-28T08:48:28.408+0000] {processor.py:753} INFO - DAG(s) dict_keys(['example_dynamic_task_mapping']) retrieved from /home/airflow/.local/lib/python3.7/site-packages/airflow/example_dags/example_dynamic_task_mapping.py
[2023-03-28T08:48:28.571+0000] {logging_mixin.py:137} INFO - [2023-03-28T08:48:28.571+0000] {dag.py:2693} INFO - Sync 1 DAGs
[2023-03-28T08:48:28.661+0000] {logging_mixin.py:137} INFO - [2023-03-28T08:48:28.661+0000] {dag.py:3444} INFO - Setting next_dagrun for example_dynamic_task_mapping to 2022-03-14T00:00:00+00:00, run_after=2022-03-15T00:00:00+00:00
[2023-03-28T08:48:28.834+0000] {processor.py:175} INFO - Processing /home/airflow/.local/lib/python3.7/site-packages/airflow/example_dags/example_dynamic_task_mapping.py took 0.442 seconds
[2023-03-28T08:48:59.080+0000] {processor.py:153} INFO - Started process (PID=1084) to work on /home/airflow/.local/lib/python3.7/site-packages/airflow/example_dags/example_dynamic_task_mapping.py
[2023-03-28T08:48:59.081+0000] {processor.py:743} INFO - Processing file /home/airflow/.local/lib/python3.7/site-packages/airflow/example_dags/example_dynamic_task_mapping.py for tasks to queue
[2023-03-28T08:48:59.081+0000] {logging_mixin.py:137} INFO - [2023-03-28T08:48:59.081+0000] {dagbag.py:532} INFO - Filling up the DagBag from /home/airflow/.local/lib/python3.7/site-packages/airflow/example_dags/example_dynamic_task_mapping.py
[2023-03-28T08:48:59.094+0000] {processor.py:753} INFO - DAG(s) dict_keys(['example_dynamic_task_mapping']) retrieved from /home/airflow/.local/lib/python3.7/site-packages/airflow/example_dags/example_dynamic_task_mapping.py
[2023-03-28T08:48:59.319+0000] {logging_mixin.py:137} INFO - [2023-03-28T08:48:59.319+0000] {dag.py:2693} INFO - Sync 1 DAGs
[2023-03-28T08:48:59.409+0000] {logging_mixin.py:137} INFO - [2023-03-28T08:48:59.409+0000] {dag.py:3444} INFO - Setting next_dagrun for example_dynamic_task_mapping to 2022-03-14T00:00:00+00:00, run_after=2022-03-15T00:00:00+00:00
[2023-03-28T08:48:59.583+0000] {processor.py:175} INFO - Processing /home/airflow/.local/lib/python3.7/site-packages/airflow/example_dags/example_dynamic_task_mapping.py took 0.505 seconds
[2023-03-28T08:49:30.340+0000] {processor.py:153} INFO - Started process (PID=1133) to work on /home/airflow/.local/lib/python3.7/site-packages/airflow/example_dags/example_dynamic_task_mapping.py
[2023-03-28T08:49:30.340+0000] {processor.py:743} INFO - Processing file /home/airflow/.local/lib/python3.7/site-packages/airflow/example_dags/example_dynamic_task_mapping.py for tasks to queue
[2023-03-28T08:49:30.341+0000] {logging_mixin.py:137} INFO - [2023-03-28T08:49:30.340+0000] {dagbag.py:532} INFO - Filling up the DagBag from /home/airflow/.local/lib/python3.7/site-packages/airflow/example_dags/example_dynamic_task_mapping.py
[2023-03-28T08:49:30.354+0000] {processor.py:753} INFO - DAG(s) dict_keys(['example_dynamic_task_mapping']) retrieved from /home/airflow/.local/lib/python3.7/site-packages/airflow/example_dags/example_dynamic_task_mapping.py
[2023-03-28T08:49:30.558+0000] {logging_mixin.py:137} INFO - [2023-03-28T08:49:30.558+0000] {dag.py:2693} INFO - Sync 1 DAGs
[2023-03-28T08:49:30.649+0000] {logging_mixin.py:137} INFO - [2023-03-28T08:49:30.649+0000] {dag.py:3444} INFO - Setting next_dagrun for example_dynamic_task_mapping to 2022-03-14T00:00:00+00:00, run_after=2022-03-15T00:00:00+00:00
[2023-03-28T08:49:30.825+0000] {processor.py:175} INFO - Processing /home/airflow/.local/lib/python3.7/site-packages/airflow/example_dags/example_dynamic_task_mapping.py took 0.487 seconds
[2023-03-28T08:50:01.333+0000] {processor.py:153} INFO - Started process (PID=1182) to work on /home/airflow/.local/lib/python3.7/site-packages/airflow/example_dags/example_dynamic_task_mapping.py
[2023-03-28T08:50:01.334+0000] {processor.py:743} INFO - Processing file /home/airflow/.local/lib/python3.7/site-packages/airflow/example_dags/example_dynamic_task_mapping.py for tasks to queue
[2023-03-28T08:50:01.334+0000] {logging_mixin.py:137} INFO - [2023-03-28T08:50:01.334+0000] {dagbag.py:532} INFO - Filling up the DagBag from /home/airflow/.local/lib/python3.7/site-packages/airflow/example_dags/example_dynamic_task_mapping.py
[2023-03-28T08:50:01.346+0000] {processor.py:753} INFO - DAG(s) dict_keys(['example_dynamic_task_mapping']) retrieved from /home/airflow/.local/lib/python3.7/site-packages/airflow/example_dags/example_dynamic_task_mapping.py
[2023-03-28T08:50:01.531+0000] {logging_mixin.py:137} INFO - [2023-03-28T08:50:01.531+0000] {dag.py:2693} INFO - Sync 1 DAGs
[2023-03-28T08:50:01.626+0000] {logging_mixin.py:137} INFO - [2023-03-28T08:50:01.626+0000] {dag.py:3444} INFO - Setting next_dagrun for example_dynamic_task_mapping to 2022-03-14T00:00:00+00:00, run_after=2022-03-15T00:00:00+00:00
[2023-03-28T08:50:01.803+0000] {processor.py:175} INFO - Processing /home/airflow/.local/lib/python3.7/site-packages/airflow/example_dags/example_dynamic_task_mapping.py took 0.472 seconds
[2023-03-28T08:50:32.252+0000] {processor.py:153} INFO - Started process (PID=1231) to work on /home/airflow/.local/lib/python3.7/site-packages/airflow/example_dags/example_dynamic_task_mapping.py
[2023-03-28T08:50:32.253+0000] {processor.py:743} INFO - Processing file /home/airflow/.local/lib/python3.7/site-packages/airflow/example_dags/example_dynamic_task_mapping.py for tasks to queue
[2023-03-28T08:50:32.253+0000] {logging_mixin.py:137} INFO - [2023-03-28T08:50:32.253+0000] {dagbag.py:532} INFO - Filling up the DagBag from /home/airflow/.local/lib/python3.7/site-packages/airflow/example_dags/example_dynamic_task_mapping.py
[2023-03-28T08:50:32.266+0000] {processor.py:753} INFO - DAG(s) dict_keys(['example_dynamic_task_mapping']) retrieved from /home/airflow/.local/lib/python3.7/site-packages/airflow/example_dags/example_dynamic_task_mapping.py
[2023-03-28T08:50:32.445+0000] {logging_mixin.py:137} INFO - [2023-03-28T08:50:32.445+0000] {dag.py:2693} INFO - Sync 1 DAGs
[2023-03-28T08:50:32.544+0000] {logging_mixin.py:137} INFO - [2023-03-28T08:50:32.544+0000] {dag.py:3444} INFO - Setting next_dagrun for example_dynamic_task_mapping to 2022-03-14T00:00:00+00:00, run_after=2022-03-15T00:00:00+00:00
[2023-03-28T08:50:32.717+0000] {processor.py:175} INFO - Processing /home/airflow/.local/lib/python3.7/site-packages/airflow/example_dags/example_dynamic_task_mapping.py took 0.467 seconds
[2023-03-28T08:51:02.981+0000] {processor.py:153} INFO - Started process (PID=1280) to work on /home/airflow/.local/lib/python3.7/site-packages/airflow/example_dags/example_dynamic_task_mapping.py
[2023-03-28T08:51:02.982+0000] {processor.py:743} INFO - Processing file /home/airflow/.local/lib/python3.7/site-packages/airflow/example_dags/example_dynamic_task_mapping.py for tasks to queue
[2023-03-28T08:51:02.983+0000] {logging_mixin.py:137} INFO - [2023-03-28T08:51:02.982+0000] {dagbag.py:532} INFO - Filling up the DagBag from /home/airflow/.local/lib/python3.7/site-packages/airflow/example_dags/example_dynamic_task_mapping.py
[2023-03-28T08:51:02.996+0000] {processor.py:753} INFO - DAG(s) dict_keys(['example_dynamic_task_mapping']) retrieved from /home/airflow/.local/lib/python3.7/site-packages/airflow/example_dags/example_dynamic_task_mapping.py
[2023-03-28T08:51:03.184+0000] {logging_mixin.py:137} INFO - [2023-03-28T08:51:03.184+0000] {dag.py:2693} INFO - Sync 1 DAGs
[2023-03-28T08:51:03.271+0000] {logging_mixin.py:137} INFO - [2023-03-28T08:51:03.270+0000] {dag.py:3444} INFO - Setting next_dagrun for example_dynamic_task_mapping to 2022-03-14T00:00:00+00:00, run_after=2022-03-15T00:00:00+00:00
[2023-03-28T08:51:03.427+0000] {processor.py:175} INFO - Processing /home/airflow/.local/lib/python3.7/site-packages/airflow/example_dags/example_dynamic_task_mapping.py took 0.447 seconds
[2023-03-28T08:51:33.805+0000] {processor.py:153} INFO - Started process (PID=1329) to work on /home/airflow/.local/lib/python3.7/site-packages/airflow/example_dags/example_dynamic_task_mapping.py
[2023-03-28T08:51:33.805+0000] {processor.py:743} INFO - Processing file /home/airflow/.local/lib/python3.7/site-packages/airflow/example_dags/example_dynamic_task_mapping.py for tasks to queue
[2023-03-28T08:51:33.806+0000] {logging_mixin.py:137} INFO - [2023-03-28T08:51:33.806+0000] {dagbag.py:532} INFO - Filling up the DagBag from /home/airflow/.local/lib/python3.7/site-packages/airflow/example_dags/example_dynamic_task_mapping.py
[2023-03-28T08:51:33.819+0000] {processor.py:753} INFO - DAG(s) dict_keys(['example_dynamic_task_mapping']) retrieved from /home/airflow/.local/lib/python3.7/site-packages/airflow/example_dags/example_dynamic_task_mapping.py
[2023-03-28T08:51:34.017+0000] {logging_mixin.py:137} INFO - [2023-03-28T08:51:34.017+0000] {dag.py:2693} INFO - Sync 1 DAGs
[2023-03-28T08:51:34.109+0000] {logging_mixin.py:137} INFO - [2023-03-28T08:51:34.109+0000] {dag.py:3444} INFO - Setting next_dagrun for example_dynamic_task_mapping to 2022-03-14T00:00:00+00:00, run_after=2022-03-15T00:00:00+00:00
[2023-03-28T08:51:34.274+0000] {processor.py:175} INFO - Processing /home/airflow/.local/lib/python3.7/site-packages/airflow/example_dags/example_dynamic_task_mapping.py took 0.471 seconds
[2023-03-28T08:52:04.817+0000] {processor.py:153} INFO - Started process (PID=1378) to work on /home/airflow/.local/lib/python3.7/site-packages/airflow/example_dags/example_dynamic_task_mapping.py
[2023-03-28T08:52:04.827+0000] {processor.py:743} INFO - Processing file /home/airflow/.local/lib/python3.7/site-packages/airflow/example_dags/example_dynamic_task_mapping.py for tasks to queue
[2023-03-28T08:52:04.828+0000] {logging_mixin.py:137} INFO - [2023-03-28T08:52:04.827+0000] {dagbag.py:532} INFO - Filling up the DagBag from /home/airflow/.local/lib/python3.7/site-packages/airflow/example_dags/example_dynamic_task_mapping.py
[2023-03-28T08:52:04.840+0000] {processor.py:753} INFO - DAG(s) dict_keys(['example_dynamic_task_mapping']) retrieved from /home/airflow/.local/lib/python3.7/site-packages/airflow/example_dags/example_dynamic_task_mapping.py
[2023-03-28T08:52:05.058+0000] {logging_mixin.py:137} INFO - [2023-03-28T08:52:05.058+0000] {dag.py:2693} INFO - Sync 1 DAGs
[2023-03-28T08:52:05.147+0000] {logging_mixin.py:137} INFO - [2023-03-28T08:52:05.147+0000] {dag.py:3444} INFO - Setting next_dagrun for example_dynamic_task_mapping to 2022-03-14T00:00:00+00:00, run_after=2022-03-15T00:00:00+00:00
[2023-03-28T08:52:05.355+0000] {processor.py:175} INFO - Processing /home/airflow/.local/lib/python3.7/site-packages/airflow/example_dags/example_dynamic_task_mapping.py took 0.539 seconds
[2023-03-28T08:52:35.544+0000] {processor.py:153} INFO - Started process (PID=1427) to work on /home/airflow/.local/lib/python3.7/site-packages/airflow/example_dags/example_dynamic_task_mapping.py
[2023-03-28T08:52:35.545+0000] {processor.py:743} INFO - Processing file /home/airflow/.local/lib/python3.7/site-packages/airflow/example_dags/example_dynamic_task_mapping.py for tasks to queue
[2023-03-28T08:52:35.545+0000] {logging_mixin.py:137} INFO - [2023-03-28T08:52:35.545+0000] {dagbag.py:532} INFO - Filling up the DagBag from /home/airflow/.local/lib/python3.7/site-packages/airflow/example_dags/example_dynamic_task_mapping.py
[2023-03-28T08:52:35.558+0000] {processor.py:753} INFO - DAG(s) dict_keys(['example_dynamic_task_mapping']) retrieved from /home/airflow/.local/lib/python3.7/site-packages/airflow/example_dags/example_dynamic_task_mapping.py
[2023-03-28T08:52:35.740+0000] {logging_mixin.py:137} INFO - [2023-03-28T08:52:35.739+0000] {dag.py:2693} INFO - Sync 1 DAGs
[2023-03-28T08:52:35.828+0000] {logging_mixin.py:137} INFO - [2023-03-28T08:52:35.828+0000] {dag.py:3444} INFO - Setting next_dagrun for example_dynamic_task_mapping to 2022-03-14T00:00:00+00:00, run_after=2022-03-15T00:00:00+00:00
[2023-03-28T08:52:35.988+0000] {processor.py:175} INFO - Processing /home/airflow/.local/lib/python3.7/site-packages/airflow/example_dags/example_dynamic_task_mapping.py took 0.446 seconds
[2023-03-28T08:53:06.539+0000] {processor.py:153} INFO - Started process (PID=1476) to work on /home/airflow/.local/lib/python3.7/site-packages/airflow/example_dags/example_dynamic_task_mapping.py
[2023-03-28T08:53:06.539+0000] {processor.py:743} INFO - Processing file /home/airflow/.local/lib/python3.7/site-packages/airflow/example_dags/example_dynamic_task_mapping.py for tasks to queue
[2023-03-28T08:53:06.540+0000] {logging_mixin.py:137} INFO - [2023-03-28T08:53:06.540+0000] {dagbag.py:532} INFO - Filling up the DagBag from /home/airflow/.local/lib/python3.7/site-packages/airflow/example_dags/example_dynamic_task_mapping.py
[2023-03-28T08:53:06.552+0000] {processor.py:753} INFO - DAG(s) dict_keys(['example_dynamic_task_mapping']) retrieved from /home/airflow/.local/lib/python3.7/site-packages/airflow/example_dags/example_dynamic_task_mapping.py
[2023-03-28T08:53:06.744+0000] {logging_mixin.py:137} INFO - [2023-03-28T08:53:06.744+0000] {dag.py:2693} INFO - Sync 1 DAGs
[2023-03-28T08:53:06.845+0000] {logging_mixin.py:137} INFO - [2023-03-28T08:53:06.845+0000] {dag.py:3444} INFO - Setting next_dagrun for example_dynamic_task_mapping to 2022-03-14T00:00:00+00:00, run_after=2022-03-15T00:00:00+00:00
[2023-03-28T08:53:07.034+0000] {processor.py:175} INFO - Processing /home/airflow/.local/lib/python3.7/site-packages/airflow/example_dags/example_dynamic_task_mapping.py took 0.498 seconds
[2023-03-28T08:53:37.461+0000] {processor.py:153} INFO - Started process (PID=1525) to work on /home/airflow/.local/lib/python3.7/site-packages/airflow/example_dags/example_dynamic_task_mapping.py
[2023-03-28T08:53:37.462+0000] {processor.py:743} INFO - Processing file /home/airflow/.local/lib/python3.7/site-packages/airflow/example_dags/example_dynamic_task_mapping.py for tasks to queue
[2023-03-28T08:53:37.462+0000] {logging_mixin.py:137} INFO - [2023-03-28T08:53:37.462+0000] {dagbag.py:532} INFO - Filling up the DagBag from /home/airflow/.local/lib/python3.7/site-packages/airflow/example_dags/example_dynamic_task_mapping.py
[2023-03-28T08:53:37.475+0000] {processor.py:753} INFO - DAG(s) dict_keys(['example_dynamic_task_mapping']) retrieved from /home/airflow/.local/lib/python3.7/site-packages/airflow/example_dags/example_dynamic_task_mapping.py
[2023-03-28T08:53:37.652+0000] {logging_mixin.py:137} INFO - [2023-03-28T08:53:37.652+0000] {dag.py:2693} INFO - Sync 1 DAGs
[2023-03-28T08:53:37.745+0000] {logging_mixin.py:137} INFO - [2023-03-28T08:53:37.745+0000] {dag.py:3444} INFO - Setting next_dagrun for example_dynamic_task_mapping to 2022-03-14T00:00:00+00:00, run_after=2022-03-15T00:00:00+00:00
[2023-03-28T08:53:37.935+0000] {processor.py:175} INFO - Processing /home/airflow/.local/lib/python3.7/site-packages/airflow/example_dags/example_dynamic_task_mapping.py took 0.476 seconds
[2023-03-28T08:54:08.218+0000] {processor.py:153} INFO - Started process (PID=1574) to work on /home/airflow/.local/lib/python3.7/site-packages/airflow/example_dags/example_dynamic_task_mapping.py
[2023-03-28T08:54:08.228+0000] {processor.py:743} INFO - Processing file /home/airflow/.local/lib/python3.7/site-packages/airflow/example_dags/example_dynamic_task_mapping.py for tasks to queue
[2023-03-28T08:54:08.228+0000] {logging_mixin.py:137} INFO - [2023-03-28T08:54:08.228+0000] {dagbag.py:532} INFO - Filling up the DagBag from /home/airflow/.local/lib/python3.7/site-packages/airflow/example_dags/example_dynamic_task_mapping.py
[2023-03-28T08:54:08.242+0000] {processor.py:753} INFO - DAG(s) dict_keys(['example_dynamic_task_mapping']) retrieved from /home/airflow/.local/lib/python3.7/site-packages/airflow/example_dags/example_dynamic_task_mapping.py
[2023-03-28T08:54:08.425+0000] {logging_mixin.py:137} INFO - [2023-03-28T08:54:08.425+0000] {dag.py:2693} INFO - Sync 1 DAGs
[2023-03-28T08:54:08.518+0000] {logging_mixin.py:137} INFO - [2023-03-28T08:54:08.517+0000] {dag.py:3444} INFO - Setting next_dagrun for example_dynamic_task_mapping to 2022-03-14T00:00:00+00:00, run_after=2022-03-15T00:00:00+00:00
[2023-03-28T08:54:08.697+0000] {processor.py:175} INFO - Processing /home/airflow/.local/lib/python3.7/site-packages/airflow/example_dags/example_dynamic_task_mapping.py took 0.481 seconds
[2023-03-28T08:54:38.816+0000] {processor.py:153} INFO - Started process (PID=1623) to work on /home/airflow/.local/lib/python3.7/site-packages/airflow/example_dags/example_dynamic_task_mapping.py
[2023-03-28T08:54:38.817+0000] {processor.py:743} INFO - Processing file /home/airflow/.local/lib/python3.7/site-packages/airflow/example_dags/example_dynamic_task_mapping.py for tasks to queue
[2023-03-28T08:54:38.817+0000] {logging_mixin.py:137} INFO - [2023-03-28T08:54:38.817+0000] {dagbag.py:532} INFO - Filling up the DagBag from /home/airflow/.local/lib/python3.7/site-packages/airflow/example_dags/example_dynamic_task_mapping.py
[2023-03-28T08:54:38.831+0000] {processor.py:753} INFO - DAG(s) dict_keys(['example_dynamic_task_mapping']) retrieved from /home/airflow/.local/lib/python3.7/site-packages/airflow/example_dags/example_dynamic_task_mapping.py
[2023-03-28T08:54:39.008+0000] {logging_mixin.py:137} INFO - [2023-03-28T08:54:39.008+0000] {dag.py:2693} INFO - Sync 1 DAGs
[2023-03-28T08:54:39.111+0000] {logging_mixin.py:137} INFO - [2023-03-28T08:54:39.111+0000] {dag.py:3444} INFO - Setting next_dagrun for example_dynamic_task_mapping to 2022-03-14T00:00:00+00:00, run_after=2022-03-15T00:00:00+00:00
[2023-03-28T08:54:39.297+0000] {processor.py:175} INFO - Processing /home/airflow/.local/lib/python3.7/site-packages/airflow/example_dags/example_dynamic_task_mapping.py took 0.483 seconds
[2023-03-28T08:55:09.684+0000] {processor.py:153} INFO - Started process (PID=1672) to work on /home/airflow/.local/lib/python3.7/site-packages/airflow/example_dags/example_dynamic_task_mapping.py
[2023-03-28T08:55:09.685+0000] {processor.py:743} INFO - Processing file /home/airflow/.local/lib/python3.7/site-packages/airflow/example_dags/example_dynamic_task_mapping.py for tasks to queue
[2023-03-28T08:55:09.685+0000] {logging_mixin.py:137} INFO - [2023-03-28T08:55:09.685+0000] {dagbag.py:532} INFO - Filling up the DagBag from /home/airflow/.local/lib/python3.7/site-packages/airflow/example_dags/example_dynamic_task_mapping.py
[2023-03-28T08:55:09.698+0000] {processor.py:753} INFO - DAG(s) dict_keys(['example_dynamic_task_mapping']) retrieved from /home/airflow/.local/lib/python3.7/site-packages/airflow/example_dags/example_dynamic_task_mapping.py
[2023-03-28T08:55:09.881+0000] {logging_mixin.py:137} INFO - [2023-03-28T08:55:09.881+0000] {dag.py:2693} INFO - Sync 1 DAGs
[2023-03-28T08:55:09.969+0000] {logging_mixin.py:137} INFO - [2023-03-28T08:55:09.969+0000] {dag.py:3444} INFO - Setting next_dagrun for example_dynamic_task_mapping to 2022-03-14T00:00:00+00:00, run_after=2022-03-15T00:00:00+00:00
[2023-03-28T08:55:10.157+0000] {processor.py:175} INFO - Processing /home/airflow/.local/lib/python3.7/site-packages/airflow/example_dags/example_dynamic_task_mapping.py took 0.475 seconds
[2023-03-28T08:55:41.003+0000] {processor.py:153} INFO - Started process (PID=1721) to work on /home/airflow/.local/lib/python3.7/site-packages/airflow/example_dags/example_dynamic_task_mapping.py
[2023-03-28T08:55:41.013+0000] {processor.py:743} INFO - Processing file /home/airflow/.local/lib/python3.7/site-packages/airflow/example_dags/example_dynamic_task_mapping.py for tasks to queue
[2023-03-28T08:55:41.014+0000] {logging_mixin.py:137} INFO - [2023-03-28T08:55:41.014+0000] {dagbag.py:532} INFO - Filling up the DagBag from /home/airflow/.local/lib/python3.7/site-packages/airflow/example_dags/example_dynamic_task_mapping.py
[2023-03-28T08:55:41.026+0000] {processor.py:753} INFO - DAG(s) dict_keys(['example_dynamic_task_mapping']) retrieved from /home/airflow/.local/lib/python3.7/site-packages/airflow/example_dags/example_dynamic_task_mapping.py
[2023-03-28T08:55:41.192+0000] {logging_mixin.py:137} INFO - [2023-03-28T08:55:41.192+0000] {dag.py:2693} INFO - Sync 1 DAGs
[2023-03-28T08:55:41.286+0000] {logging_mixin.py:137} INFO - [2023-03-28T08:55:41.286+0000] {dag.py:3444} INFO - Setting next_dagrun for example_dynamic_task_mapping to 2022-03-14T00:00:00+00:00, run_after=2022-03-15T00:00:00+00:00
[2023-03-28T08:55:41.477+0000] {processor.py:175} INFO - Processing /home/airflow/.local/lib/python3.7/site-packages/airflow/example_dags/example_dynamic_task_mapping.py took 0.476 seconds
[2023-03-28T08:56:11.948+0000] {processor.py:153} INFO - Started process (PID=1770) to work on /home/airflow/.local/lib/python3.7/site-packages/airflow/example_dags/example_dynamic_task_mapping.py
[2023-03-28T08:56:11.948+0000] {processor.py:743} INFO - Processing file /home/airflow/.local/lib/python3.7/site-packages/airflow/example_dags/example_dynamic_task_mapping.py for tasks to queue
[2023-03-28T08:56:11.948+0000] {logging_mixin.py:137} INFO - [2023-03-28T08:56:11.948+0000] {dagbag.py:532} INFO - Filling up the DagBag from /home/airflow/.local/lib/python3.7/site-packages/airflow/example_dags/example_dynamic_task_mapping.py
[2023-03-28T08:56:11.961+0000] {processor.py:753} INFO - DAG(s) dict_keys(['example_dynamic_task_mapping']) retrieved from /home/airflow/.local/lib/python3.7/site-packages/airflow/example_dags/example_dynamic_task_mapping.py
[2023-03-28T08:56:12.178+0000] {logging_mixin.py:137} INFO - [2023-03-28T08:56:12.177+0000] {dag.py:2693} INFO - Sync 1 DAGs
[2023-03-28T08:56:12.270+0000] {logging_mixin.py:137} INFO - [2023-03-28T08:56:12.270+0000] {dag.py:3444} INFO - Setting next_dagrun for example_dynamic_task_mapping to 2022-03-14T00:00:00+00:00, run_after=2022-03-15T00:00:00+00:00
[2023-03-28T08:56:12.442+0000] {processor.py:175} INFO - Processing /home/airflow/.local/lib/python3.7/site-packages/airflow/example_dags/example_dynamic_task_mapping.py took 0.496 seconds
[2023-03-28T08:56:42.826+0000] {processor.py:153} INFO - Started process (PID=1819) to work on /home/airflow/.local/lib/python3.7/site-packages/airflow/example_dags/example_dynamic_task_mapping.py
[2023-03-28T08:56:42.835+0000] {processor.py:743} INFO - Processing file /home/airflow/.local/lib/python3.7/site-packages/airflow/example_dags/example_dynamic_task_mapping.py for tasks to queue
[2023-03-28T08:56:42.836+0000] {logging_mixin.py:137} INFO - [2023-03-28T08:56:42.836+0000] {dagbag.py:532} INFO - Filling up the DagBag from /home/airflow/.local/lib/python3.7/site-packages/airflow/example_dags/example_dynamic_task_mapping.py
[2023-03-28T08:56:42.849+0000] {processor.py:753} INFO - DAG(s) dict_keys(['example_dynamic_task_mapping']) retrieved from /home/airflow/.local/lib/python3.7/site-packages/airflow/example_dags/example_dynamic_task_mapping.py
[2023-03-28T08:56:43.049+0000] {logging_mixin.py:137} INFO - [2023-03-28T08:56:43.049+0000] {dag.py:2693} INFO - Sync 1 DAGs
[2023-03-28T08:56:43.137+0000] {logging_mixin.py:137} INFO - [2023-03-28T08:56:43.137+0000] {dag.py:3444} INFO - Setting next_dagrun for example_dynamic_task_mapping to 2022-03-14T00:00:00+00:00, run_after=2022-03-15T00:00:00+00:00
[2023-03-28T08:56:43.301+0000] {processor.py:175} INFO - Processing /home/airflow/.local/lib/python3.7/site-packages/airflow/example_dags/example_dynamic_task_mapping.py took 0.477 seconds
[2023-03-28T08:57:13.651+0000] {processor.py:153} INFO - Started process (PID=1868) to work on /home/airflow/.local/lib/python3.7/site-packages/airflow/example_dags/example_dynamic_task_mapping.py
[2023-03-28T08:57:13.652+0000] {processor.py:743} INFO - Processing file /home/airflow/.local/lib/python3.7/site-packages/airflow/example_dags/example_dynamic_task_mapping.py for tasks to queue
[2023-03-28T08:57:13.652+0000] {logging_mixin.py:137} INFO - [2023-03-28T08:57:13.652+0000] {dagbag.py:532} INFO - Filling up the DagBag from /home/airflow/.local/lib/python3.7/site-packages/airflow/example_dags/example_dynamic_task_mapping.py
[2023-03-28T08:57:13.665+0000] {processor.py:753} INFO - DAG(s) dict_keys(['example_dynamic_task_mapping']) retrieved from /home/airflow/.local/lib/python3.7/site-packages/airflow/example_dags/example_dynamic_task_mapping.py
[2023-03-28T08:57:13.869+0000] {logging_mixin.py:137} INFO - [2023-03-28T08:57:13.869+0000] {dag.py:2693} INFO - Sync 1 DAGs
[2023-03-28T08:57:13.958+0000] {logging_mixin.py:137} INFO - [2023-03-28T08:57:13.958+0000] {dag.py:3444} INFO - Setting next_dagrun for example_dynamic_task_mapping to 2022-03-14T00:00:00+00:00, run_after=2022-03-15T00:00:00+00:00
[2023-03-28T08:57:14.122+0000] {processor.py:175} INFO - Processing /home/airflow/.local/lib/python3.7/site-packages/airflow/example_dags/example_dynamic_task_mapping.py took 0.472 seconds
[2023-03-28T08:57:44.313+0000] {processor.py:153} INFO - Started process (PID=1917) to work on /home/airflow/.local/lib/python3.7/site-packages/airflow/example_dags/example_dynamic_task_mapping.py
[2023-03-28T08:57:44.314+0000] {processor.py:743} INFO - Processing file /home/airflow/.local/lib/python3.7/site-packages/airflow/example_dags/example_dynamic_task_mapping.py for tasks to queue
[2023-03-28T08:57:44.314+0000] {logging_mixin.py:137} INFO - [2023-03-28T08:57:44.314+0000] {dagbag.py:532} INFO - Filling up the DagBag from /home/airflow/.local/lib/python3.7/site-packages/airflow/example_dags/example_dynamic_task_mapping.py
[2023-03-28T08:57:44.328+0000] {processor.py:753} INFO - DAG(s) dict_keys(['example_dynamic_task_mapping']) retrieved from /home/airflow/.local/lib/python3.7/site-packages/airflow/example_dags/example_dynamic_task_mapping.py
[2023-03-28T08:57:44.511+0000] {logging_mixin.py:137} INFO - [2023-03-28T08:57:44.511+0000] {dag.py:2693} INFO - Sync 1 DAGs
[2023-03-28T08:57:44.600+0000] {logging_mixin.py:137} INFO - [2023-03-28T08:57:44.600+0000] {dag.py:3444} INFO - Setting next_dagrun for example_dynamic_task_mapping to 2022-03-14T00:00:00+00:00, run_after=2022-03-15T00:00:00+00:00
[2023-03-28T08:57:44.774+0000] {processor.py:175} INFO - Processing /home/airflow/.local/lib/python3.7/site-packages/airflow/example_dags/example_dynamic_task_mapping.py took 0.463 seconds
[2023-03-28T08:58:15.325+0000] {processor.py:153} INFO - Started process (PID=1966) to work on /home/airflow/.local/lib/python3.7/site-packages/airflow/example_dags/example_dynamic_task_mapping.py
[2023-03-28T08:58:15.326+0000] {processor.py:743} INFO - Processing file /home/airflow/.local/lib/python3.7/site-packages/airflow/example_dags/example_dynamic_task_mapping.py for tasks to queue
[2023-03-28T08:58:15.326+0000] {logging_mixin.py:137} INFO - [2023-03-28T08:58:15.326+0000] {dagbag.py:532} INFO - Filling up the DagBag from /home/airflow/.local/lib/python3.7/site-packages/airflow/example_dags/example_dynamic_task_mapping.py
[2023-03-28T08:58:15.339+0000] {processor.py:753} INFO - DAG(s) dict_keys(['example_dynamic_task_mapping']) retrieved from /home/airflow/.local/lib/python3.7/site-packages/airflow/example_dags/example_dynamic_task_mapping.py
[2023-03-28T08:58:15.529+0000] {logging_mixin.py:137} INFO - [2023-03-28T08:58:15.529+0000] {dag.py:2693} INFO - Sync 1 DAGs
[2023-03-28T08:58:15.616+0000] {logging_mixin.py:137} INFO - [2023-03-28T08:58:15.616+0000] {dag.py:3444} INFO - Setting next_dagrun for example_dynamic_task_mapping to 2022-03-14T00:00:00+00:00, run_after=2022-03-15T00:00:00+00:00
[2023-03-28T08:58:15.802+0000] {processor.py:175} INFO - Processing /home/airflow/.local/lib/python3.7/site-packages/airflow/example_dags/example_dynamic_task_mapping.py took 0.479 seconds
[2023-03-28T08:58:46.196+0000] {processor.py:153} INFO - Started process (PID=2015) to work on /home/airflow/.local/lib/python3.7/site-packages/airflow/example_dags/example_dynamic_task_mapping.py
[2023-03-28T08:58:46.207+0000] {processor.py:743} INFO - Processing file /home/airflow/.local/lib/python3.7/site-packages/airflow/example_dags/example_dynamic_task_mapping.py for tasks to queue
[2023-03-28T08:58:46.207+0000] {logging_mixin.py:137} INFO - [2023-03-28T08:58:46.207+0000] {dagbag.py:532} INFO - Filling up the DagBag from /home/airflow/.local/lib/python3.7/site-packages/airflow/example_dags/example_dynamic_task_mapping.py
[2023-03-28T08:58:46.220+0000] {processor.py:753} INFO - DAG(s) dict_keys(['example_dynamic_task_mapping']) retrieved from /home/airflow/.local/lib/python3.7/site-packages/airflow/example_dags/example_dynamic_task_mapping.py
[2023-03-28T08:58:46.412+0000] {logging_mixin.py:137} INFO - [2023-03-28T08:58:46.412+0000] {dag.py:2693} INFO - Sync 1 DAGs
[2023-03-28T08:58:46.506+0000] {logging_mixin.py:137} INFO - [2023-03-28T08:58:46.506+0000] {dag.py:3444} INFO - Setting next_dagrun for example_dynamic_task_mapping to 2022-03-14T00:00:00+00:00, run_after=2022-03-15T00:00:00+00:00
[2023-03-28T08:58:46.684+0000] {processor.py:175} INFO - Processing /home/airflow/.local/lib/python3.7/site-packages/airflow/example_dags/example_dynamic_task_mapping.py took 0.490 seconds
[2023-03-28T08:59:16.936+0000] {processor.py:153} INFO - Started process (PID=2064) to work on /home/airflow/.local/lib/python3.7/site-packages/airflow/example_dags/example_dynamic_task_mapping.py
[2023-03-28T08:59:16.937+0000] {processor.py:743} INFO - Processing file /home/airflow/.local/lib/python3.7/site-packages/airflow/example_dags/example_dynamic_task_mapping.py for tasks to queue
[2023-03-28T08:59:16.937+0000] {logging_mixin.py:137} INFO - [2023-03-28T08:59:16.937+0000] {dagbag.py:532} INFO - Filling up the DagBag from /home/airflow/.local/lib/python3.7/site-packages/airflow/example_dags/example_dynamic_task_mapping.py
[2023-03-28T08:59:16.951+0000] {processor.py:753} INFO - DAG(s) dict_keys(['example_dynamic_task_mapping']) retrieved from /home/airflow/.local/lib/python3.7/site-packages/airflow/example_dags/example_dynamic_task_mapping.py
[2023-03-28T08:59:17.155+0000] {logging_mixin.py:137} INFO - [2023-03-28T08:59:17.155+0000] {dag.py:2693} INFO - Sync 1 DAGs
[2023-03-28T08:59:17.250+0000] {logging_mixin.py:137} INFO - [2023-03-28T08:59:17.250+0000] {dag.py:3444} INFO - Setting next_dagrun for example_dynamic_task_mapping to 2022-03-14T00:00:00+00:00, run_after=2022-03-15T00:00:00+00:00
[2023-03-28T08:59:17.429+0000] {processor.py:175} INFO - Processing /home/airflow/.local/lib/python3.7/site-packages/airflow/example_dags/example_dynamic_task_mapping.py took 0.495 seconds
[2023-03-28T08:59:48.120+0000] {processor.py:153} INFO - Started process (PID=2113) to work on /home/airflow/.local/lib/python3.7/site-packages/airflow/example_dags/example_dynamic_task_mapping.py
[2023-03-28T08:59:48.121+0000] {processor.py:743} INFO - Processing file /home/airflow/.local/lib/python3.7/site-packages/airflow/example_dags/example_dynamic_task_mapping.py for tasks to queue
[2023-03-28T08:59:48.121+0000] {logging_mixin.py:137} INFO - [2023-03-28T08:59:48.121+0000] {dagbag.py:532} INFO - Filling up the DagBag from /home/airflow/.local/lib/python3.7/site-packages/airflow/example_dags/example_dynamic_task_mapping.py
[2023-03-28T08:59:48.135+0000] {processor.py:753} INFO - DAG(s) dict_keys(['example_dynamic_task_mapping']) retrieved from /home/airflow/.local/lib/python3.7/site-packages/airflow/example_dags/example_dynamic_task_mapping.py
[2023-03-28T08:59:48.323+0000] {logging_mixin.py:137} INFO - [2023-03-28T08:59:48.323+0000] {dag.py:2693} INFO - Sync 1 DAGs
[2023-03-28T08:59:48.428+0000] {logging_mixin.py:137} INFO - [2023-03-28T08:59:48.428+0000] {dag.py:3444} INFO - Setting next_dagrun for example_dynamic_task_mapping to 2022-03-14T00:00:00+00:00, run_after=2022-03-15T00:00:00+00:00
[2023-03-28T08:59:48.596+0000] {processor.py:175} INFO - Processing /home/airflow/.local/lib/python3.7/site-packages/airflow/example_dags/example_dynamic_task_mapping.py took 0.478 seconds
