[2023-03-28T05:28:12.215+0000] {processor.py:153} INFO - Started process (PID=63) to work on /home/airflow/.local/lib/python3.7/site-packages/airflow/example_dags/example_params_ui_tutorial.py
[2023-03-28T05:28:12.216+0000] {processor.py:743} INFO - Processing file /home/airflow/.local/lib/python3.7/site-packages/airflow/example_dags/example_params_ui_tutorial.py for tasks to queue
[2023-03-28T05:28:12.216+0000] {logging_mixin.py:137} INFO - [2023-03-28T05:28:12.216+0000] {dagbag.py:532} INFO - Filling up the DagBag from /home/airflow/.local/lib/python3.7/site-packages/airflow/example_dags/example_params_ui_tutorial.py
[2023-03-28T05:28:12.257+0000] {processor.py:753} INFO - DAG(s) dict_keys(['example_params_ui_tutorial']) retrieved from /home/airflow/.local/lib/python3.7/site-packages/airflow/example_dags/example_params_ui_tutorial.py
[2023-03-28T05:28:12.454+0000] {logging_mixin.py:137} INFO - [2023-03-28T05:28:12.454+0000] {dag.py:2693} INFO - Sync 1 DAGs
[2023-03-28T05:28:12.546+0000] {logging_mixin.py:137} INFO - [2023-03-28T05:28:12.546+0000] {dag.py:3444} INFO - Setting next_dagrun for example_params_ui_tutorial to None, run_after=None
[2023-03-28T05:28:12.701+0000] {processor.py:175} INFO - Processing /home/airflow/.local/lib/python3.7/site-packages/airflow/example_dags/example_params_ui_tutorial.py took 0.488 seconds
[2023-03-28T05:28:13.939+0000] {processor.py:153} INFO - Started process (PID=66) to work on /home/airflow/.local/lib/python3.7/site-packages/airflow/example_dags/example_params_ui_tutorial.py
[2023-03-28T05:28:13.940+0000] {processor.py:743} INFO - Processing file /home/airflow/.local/lib/python3.7/site-packages/airflow/example_dags/example_params_ui_tutorial.py for tasks to queue
[2023-03-28T05:28:13.940+0000] {logging_mixin.py:137} INFO - [2023-03-28T05:28:13.940+0000] {dagbag.py:532} INFO - Filling up the DagBag from /home/airflow/.local/lib/python3.7/site-packages/airflow/example_dags/example_params_ui_tutorial.py
[2023-03-28T05:28:13.974+0000] {processor.py:753} INFO - DAG(s) dict_keys(['example_params_ui_tutorial']) retrieved from /home/airflow/.local/lib/python3.7/site-packages/airflow/example_dags/example_params_ui_tutorial.py
[2023-03-28T05:28:14.185+0000] {logging_mixin.py:137} INFO - [2023-03-28T05:28:14.184+0000] {dag.py:2693} INFO - Sync 1 DAGs
[2023-03-28T05:28:14.271+0000] {logging_mixin.py:137} INFO - [2023-03-28T05:28:14.271+0000] {dag.py:3444} INFO - Setting next_dagrun for example_params_ui_tutorial to None, run_after=None
[2023-03-28T05:28:14.462+0000] {processor.py:175} INFO - Processing /home/airflow/.local/lib/python3.7/site-packages/airflow/example_dags/example_params_ui_tutorial.py took 0.524 seconds
[2023-03-28T05:28:44.588+0000] {processor.py:153} INFO - Started process (PID=115) to work on /home/airflow/.local/lib/python3.7/site-packages/airflow/example_dags/example_params_ui_tutorial.py
[2023-03-28T05:28:44.589+0000] {processor.py:743} INFO - Processing file /home/airflow/.local/lib/python3.7/site-packages/airflow/example_dags/example_params_ui_tutorial.py for tasks to queue
[2023-03-28T05:28:44.589+0000] {logging_mixin.py:137} INFO - [2023-03-28T05:28:44.589+0000] {dagbag.py:532} INFO - Filling up the DagBag from /home/airflow/.local/lib/python3.7/site-packages/airflow/example_dags/example_params_ui_tutorial.py
[2023-03-28T05:28:44.621+0000] {processor.py:753} INFO - DAG(s) dict_keys(['example_params_ui_tutorial']) retrieved from /home/airflow/.local/lib/python3.7/site-packages/airflow/example_dags/example_params_ui_tutorial.py
[2023-03-28T05:28:44.929+0000] {logging_mixin.py:137} INFO - [2023-03-28T05:28:44.928+0000] {dag.py:2693} INFO - Sync 1 DAGs
[2023-03-28T05:28:45.015+0000] {logging_mixin.py:137} INFO - [2023-03-28T05:28:45.015+0000] {dag.py:3444} INFO - Setting next_dagrun for example_params_ui_tutorial to None, run_after=None
[2023-03-28T05:28:45.176+0000] {processor.py:175} INFO - Processing /home/airflow/.local/lib/python3.7/site-packages/airflow/example_dags/example_params_ui_tutorial.py took 0.590 seconds
[2023-03-28T05:29:15.190+0000] {processor.py:153} INFO - Started process (PID=164) to work on /home/airflow/.local/lib/python3.7/site-packages/airflow/example_dags/example_params_ui_tutorial.py
[2023-03-28T05:29:15.190+0000] {processor.py:743} INFO - Processing file /home/airflow/.local/lib/python3.7/site-packages/airflow/example_dags/example_params_ui_tutorial.py for tasks to queue
[2023-03-28T05:29:15.191+0000] {logging_mixin.py:137} INFO - [2023-03-28T05:29:15.191+0000] {dagbag.py:532} INFO - Filling up the DagBag from /home/airflow/.local/lib/python3.7/site-packages/airflow/example_dags/example_params_ui_tutorial.py
[2023-03-28T05:29:15.228+0000] {processor.py:753} INFO - DAG(s) dict_keys(['example_params_ui_tutorial']) retrieved from /home/airflow/.local/lib/python3.7/site-packages/airflow/example_dags/example_params_ui_tutorial.py
[2023-03-28T05:29:15.435+0000] {logging_mixin.py:137} INFO - [2023-03-28T05:29:15.434+0000] {dag.py:2693} INFO - Sync 1 DAGs
[2023-03-28T05:29:15.521+0000] {logging_mixin.py:137} INFO - [2023-03-28T05:29:15.521+0000] {dag.py:3444} INFO - Setting next_dagrun for example_params_ui_tutorial to None, run_after=None
[2023-03-28T05:29:15.695+0000] {processor.py:175} INFO - Processing /home/airflow/.local/lib/python3.7/site-packages/airflow/example_dags/example_params_ui_tutorial.py took 0.507 seconds
[2023-03-28T05:29:46.360+0000] {processor.py:153} INFO - Started process (PID=213) to work on /home/airflow/.local/lib/python3.7/site-packages/airflow/example_dags/example_params_ui_tutorial.py
[2023-03-28T05:29:46.360+0000] {processor.py:743} INFO - Processing file /home/airflow/.local/lib/python3.7/site-packages/airflow/example_dags/example_params_ui_tutorial.py for tasks to queue
[2023-03-28T05:29:46.360+0000] {logging_mixin.py:137} INFO - [2023-03-28T05:29:46.360+0000] {dagbag.py:532} INFO - Filling up the DagBag from /home/airflow/.local/lib/python3.7/site-packages/airflow/example_dags/example_params_ui_tutorial.py
[2023-03-28T05:29:46.393+0000] {processor.py:753} INFO - DAG(s) dict_keys(['example_params_ui_tutorial']) retrieved from /home/airflow/.local/lib/python3.7/site-packages/airflow/example_dags/example_params_ui_tutorial.py
[2023-03-28T05:29:46.589+0000] {logging_mixin.py:137} INFO - [2023-03-28T05:29:46.589+0000] {dag.py:2693} INFO - Sync 1 DAGs
[2023-03-28T05:29:46.690+0000] {logging_mixin.py:137} INFO - [2023-03-28T05:29:46.690+0000] {dag.py:3444} INFO - Setting next_dagrun for example_params_ui_tutorial to None, run_after=None
[2023-03-28T05:29:46.868+0000] {processor.py:175} INFO - Processing /home/airflow/.local/lib/python3.7/site-packages/airflow/example_dags/example_params_ui_tutorial.py took 0.510 seconds
[2023-03-28T05:30:17.046+0000] {processor.py:153} INFO - Started process (PID=262) to work on /home/airflow/.local/lib/python3.7/site-packages/airflow/example_dags/example_params_ui_tutorial.py
[2023-03-28T05:30:17.046+0000] {processor.py:743} INFO - Processing file /home/airflow/.local/lib/python3.7/site-packages/airflow/example_dags/example_params_ui_tutorial.py for tasks to queue
[2023-03-28T05:30:17.047+0000] {logging_mixin.py:137} INFO - [2023-03-28T05:30:17.047+0000] {dagbag.py:532} INFO - Filling up the DagBag from /home/airflow/.local/lib/python3.7/site-packages/airflow/example_dags/example_params_ui_tutorial.py
[2023-03-28T05:30:17.078+0000] {processor.py:753} INFO - DAG(s) dict_keys(['example_params_ui_tutorial']) retrieved from /home/airflow/.local/lib/python3.7/site-packages/airflow/example_dags/example_params_ui_tutorial.py
[2023-03-28T05:30:17.319+0000] {logging_mixin.py:137} INFO - [2023-03-28T05:30:17.319+0000] {dag.py:2693} INFO - Sync 1 DAGs
[2023-03-28T05:30:17.418+0000] {logging_mixin.py:137} INFO - [2023-03-28T05:30:17.418+0000] {dag.py:3444} INFO - Setting next_dagrun for example_params_ui_tutorial to None, run_after=None
[2023-03-28T05:30:17.610+0000] {processor.py:175} INFO - Processing /home/airflow/.local/lib/python3.7/site-packages/airflow/example_dags/example_params_ui_tutorial.py took 0.566 seconds
[2023-03-28T05:30:48.279+0000] {processor.py:153} INFO - Started process (PID=318) to work on /home/airflow/.local/lib/python3.7/site-packages/airflow/example_dags/example_params_ui_tutorial.py
[2023-03-28T05:30:48.279+0000] {processor.py:743} INFO - Processing file /home/airflow/.local/lib/python3.7/site-packages/airflow/example_dags/example_params_ui_tutorial.py for tasks to queue
[2023-03-28T05:30:48.279+0000] {logging_mixin.py:137} INFO - [2023-03-28T05:30:48.279+0000] {dagbag.py:532} INFO - Filling up the DagBag from /home/airflow/.local/lib/python3.7/site-packages/airflow/example_dags/example_params_ui_tutorial.py
[2023-03-28T05:30:48.312+0000] {processor.py:753} INFO - DAG(s) dict_keys(['example_params_ui_tutorial']) retrieved from /home/airflow/.local/lib/python3.7/site-packages/airflow/example_dags/example_params_ui_tutorial.py
[2023-03-28T05:30:48.567+0000] {logging_mixin.py:137} INFO - [2023-03-28T05:30:48.567+0000] {dag.py:2693} INFO - Sync 1 DAGs
[2023-03-28T05:30:48.661+0000] {logging_mixin.py:137} INFO - [2023-03-28T05:30:48.661+0000] {dag.py:3444} INFO - Setting next_dagrun for example_params_ui_tutorial to None, run_after=None
[2023-03-28T05:30:48.830+0000] {processor.py:175} INFO - Processing /home/airflow/.local/lib/python3.7/site-packages/airflow/example_dags/example_params_ui_tutorial.py took 0.553 seconds
[2023-03-28T05:31:19.344+0000] {processor.py:153} INFO - Started process (PID=395) to work on /home/airflow/.local/lib/python3.7/site-packages/airflow/example_dags/example_params_ui_tutorial.py
[2023-03-28T05:31:19.344+0000] {processor.py:743} INFO - Processing file /home/airflow/.local/lib/python3.7/site-packages/airflow/example_dags/example_params_ui_tutorial.py for tasks to queue
[2023-03-28T05:31:19.345+0000] {logging_mixin.py:137} INFO - [2023-03-28T05:31:19.344+0000] {dagbag.py:532} INFO - Filling up the DagBag from /home/airflow/.local/lib/python3.7/site-packages/airflow/example_dags/example_params_ui_tutorial.py
[2023-03-28T05:31:19.378+0000] {processor.py:753} INFO - DAG(s) dict_keys(['example_params_ui_tutorial']) retrieved from /home/airflow/.local/lib/python3.7/site-packages/airflow/example_dags/example_params_ui_tutorial.py
[2023-03-28T05:31:19.588+0000] {logging_mixin.py:137} INFO - [2023-03-28T05:31:19.588+0000] {dag.py:2693} INFO - Sync 1 DAGs
[2023-03-28T05:31:19.681+0000] {logging_mixin.py:137} INFO - [2023-03-28T05:31:19.680+0000] {dag.py:3444} INFO - Setting next_dagrun for example_params_ui_tutorial to None, run_after=None
[2023-03-28T05:31:19.841+0000] {processor.py:175} INFO - Processing /home/airflow/.local/lib/python3.7/site-packages/airflow/example_dags/example_params_ui_tutorial.py took 0.500 seconds
[2023-03-28T08:19:52.955+0000] {processor.py:153} INFO - Started process (PID=35) to work on /home/airflow/.local/lib/python3.7/site-packages/airflow/example_dags/example_params_ui_tutorial.py
[2023-03-28T08:19:52.976+0000] {processor.py:743} INFO - Processing file /home/airflow/.local/lib/python3.7/site-packages/airflow/example_dags/example_params_ui_tutorial.py for tasks to queue
[2023-03-28T08:19:52.980+0000] {logging_mixin.py:137} INFO - [2023-03-28T08:19:52.980+0000] {dagbag.py:532} INFO - Filling up the DagBag from /home/airflow/.local/lib/python3.7/site-packages/airflow/example_dags/example_params_ui_tutorial.py
[2023-03-28T08:19:53.289+0000] {processor.py:753} INFO - DAG(s) dict_keys(['example_params_ui_tutorial']) retrieved from /home/airflow/.local/lib/python3.7/site-packages/airflow/example_dags/example_params_ui_tutorial.py
[2023-03-28T08:19:53.606+0000] {logging_mixin.py:137} INFO - [2023-03-28T08:19:53.606+0000] {dag.py:2693} INFO - Sync 1 DAGs
[2023-03-28T08:19:53.669+0000] {logging_mixin.py:137} INFO - [2023-03-28T08:19:53.669+0000] {dag.py:3444} INFO - Setting next_dagrun for example_params_ui_tutorial to None, run_after=None
[2023-03-28T08:19:53.820+0000] {processor.py:175} INFO - Processing /home/airflow/.local/lib/python3.7/site-packages/airflow/example_dags/example_params_ui_tutorial.py took 0.878 seconds
[2023-03-28T08:29:23.615+0000] {processor.py:153} INFO - Started process (PID=141) to work on /home/airflow/.local/lib/python3.7/site-packages/airflow/example_dags/example_params_ui_tutorial.py
[2023-03-28T08:29:23.632+0000] {processor.py:743} INFO - Processing file /home/airflow/.local/lib/python3.7/site-packages/airflow/example_dags/example_params_ui_tutorial.py for tasks to queue
[2023-03-28T08:29:23.633+0000] {logging_mixin.py:137} INFO - [2023-03-28T08:29:23.632+0000] {dagbag.py:532} INFO - Filling up the DagBag from /home/airflow/.local/lib/python3.7/site-packages/airflow/example_dags/example_params_ui_tutorial.py
[2023-03-28T08:29:25.852+0000] {processor.py:753} INFO - DAG(s) dict_keys(['example_params_ui_tutorial']) retrieved from /home/airflow/.local/lib/python3.7/site-packages/airflow/example_dags/example_params_ui_tutorial.py
[2023-03-28T08:29:26.153+0000] {logging_mixin.py:137} INFO - [2023-03-28T08:29:26.153+0000] {dag.py:2693} INFO - Sync 1 DAGs
[2023-03-28T08:29:26.298+0000] {logging_mixin.py:137} INFO - [2023-03-28T08:29:26.298+0000] {dag.py:3444} INFO - Setting next_dagrun for example_params_ui_tutorial to None, run_after=None
[2023-03-28T08:29:26.686+0000] {processor.py:175} INFO - Processing /home/airflow/.local/lib/python3.7/site-packages/airflow/example_dags/example_params_ui_tutorial.py took 3.086 seconds
[2023-03-28T08:29:57.203+0000] {processor.py:153} INFO - Started process (PID=198) to work on /home/airflow/.local/lib/python3.7/site-packages/airflow/example_dags/example_params_ui_tutorial.py
[2023-03-28T08:29:57.205+0000] {processor.py:743} INFO - Processing file /home/airflow/.local/lib/python3.7/site-packages/airflow/example_dags/example_params_ui_tutorial.py for tasks to queue
[2023-03-28T08:29:57.208+0000] {logging_mixin.py:137} INFO - [2023-03-28T08:29:57.208+0000] {dagbag.py:532} INFO - Filling up the DagBag from /home/airflow/.local/lib/python3.7/site-packages/airflow/example_dags/example_params_ui_tutorial.py
[2023-03-28T08:29:57.297+0000] {processor.py:753} INFO - DAG(s) dict_keys(['example_params_ui_tutorial']) retrieved from /home/airflow/.local/lib/python3.7/site-packages/airflow/example_dags/example_params_ui_tutorial.py
[2023-03-28T08:29:57.566+0000] {logging_mixin.py:137} INFO - [2023-03-28T08:29:57.565+0000] {dag.py:2693} INFO - Sync 1 DAGs
[2023-03-28T08:29:57.629+0000] {logging_mixin.py:137} INFO - [2023-03-28T08:29:57.629+0000] {dag.py:3444} INFO - Setting next_dagrun for example_params_ui_tutorial to None, run_after=None
[2023-03-28T08:29:57.817+0000] {processor.py:175} INFO - Processing /home/airflow/.local/lib/python3.7/site-packages/airflow/example_dags/example_params_ui_tutorial.py took 0.619 seconds
[2023-03-28T08:30:27.893+0000] {processor.py:153} INFO - Started process (PID=246) to work on /home/airflow/.local/lib/python3.7/site-packages/airflow/example_dags/example_params_ui_tutorial.py
[2023-03-28T08:30:27.901+0000] {processor.py:743} INFO - Processing file /home/airflow/.local/lib/python3.7/site-packages/airflow/example_dags/example_params_ui_tutorial.py for tasks to queue
[2023-03-28T08:30:27.902+0000] {logging_mixin.py:137} INFO - [2023-03-28T08:30:27.902+0000] {dagbag.py:532} INFO - Filling up the DagBag from /home/airflow/.local/lib/python3.7/site-packages/airflow/example_dags/example_params_ui_tutorial.py
[2023-03-28T08:30:28.007+0000] {processor.py:753} INFO - DAG(s) dict_keys(['example_params_ui_tutorial']) retrieved from /home/airflow/.local/lib/python3.7/site-packages/airflow/example_dags/example_params_ui_tutorial.py
[2023-03-28T08:30:28.436+0000] {logging_mixin.py:137} INFO - [2023-03-28T08:30:28.436+0000] {dag.py:2693} INFO - Sync 1 DAGs
[2023-03-28T08:30:28.540+0000] {logging_mixin.py:137} INFO - [2023-03-28T08:30:28.540+0000] {dag.py:3444} INFO - Setting next_dagrun for example_params_ui_tutorial to None, run_after=None
[2023-03-28T08:30:28.747+0000] {processor.py:175} INFO - Processing /home/airflow/.local/lib/python3.7/site-packages/airflow/example_dags/example_params_ui_tutorial.py took 0.859 seconds
[2023-03-28T08:31:03.670+0000] {processor.py:153} INFO - Started process (PID=295) to work on /home/airflow/.local/lib/python3.7/site-packages/airflow/example_dags/example_params_ui_tutorial.py
[2023-03-28T08:31:04.836+0000] {processor.py:743} INFO - Processing file /home/airflow/.local/lib/python3.7/site-packages/airflow/example_dags/example_params_ui_tutorial.py for tasks to queue
[2023-03-28T08:31:07.712+0000] {logging_mixin.py:137} INFO - [2023-03-28T08:31:07.712+0000] {dagbag.py:532} INFO - Filling up the DagBag from /home/airflow/.local/lib/python3.7/site-packages/airflow/example_dags/example_params_ui_tutorial.py
[2023-03-28T08:31:11.210+0000] {processor.py:753} INFO - DAG(s) dict_keys(['example_params_ui_tutorial']) retrieved from /home/airflow/.local/lib/python3.7/site-packages/airflow/example_dags/example_params_ui_tutorial.py
[2023-03-28T08:31:11.642+0000] {logging_mixin.py:137} INFO - [2023-03-28T08:31:11.641+0000] {dag.py:2693} INFO - Sync 1 DAGs
[2023-03-28T08:31:12.043+0000] {logging_mixin.py:137} INFO - [2023-03-28T08:31:12.043+0000] {dag.py:3444} INFO - Setting next_dagrun for example_params_ui_tutorial to None, run_after=None
[2023-03-28T08:31:12.269+0000] {processor.py:175} INFO - Processing /home/airflow/.local/lib/python3.7/site-packages/airflow/example_dags/example_params_ui_tutorial.py took 8.667 seconds
[2023-03-28T08:31:42.544+0000] {processor.py:153} INFO - Started process (PID=345) to work on /home/airflow/.local/lib/python3.7/site-packages/airflow/example_dags/example_params_ui_tutorial.py
[2023-03-28T08:31:42.546+0000] {processor.py:743} INFO - Processing file /home/airflow/.local/lib/python3.7/site-packages/airflow/example_dags/example_params_ui_tutorial.py for tasks to queue
[2023-03-28T08:31:42.547+0000] {logging_mixin.py:137} INFO - [2023-03-28T08:31:42.547+0000] {dagbag.py:532} INFO - Filling up the DagBag from /home/airflow/.local/lib/python3.7/site-packages/airflow/example_dags/example_params_ui_tutorial.py
[2023-03-28T08:31:42.624+0000] {processor.py:753} INFO - DAG(s) dict_keys(['example_params_ui_tutorial']) retrieved from /home/airflow/.local/lib/python3.7/site-packages/airflow/example_dags/example_params_ui_tutorial.py
[2023-03-28T08:31:42.888+0000] {logging_mixin.py:137} INFO - [2023-03-28T08:31:42.888+0000] {dag.py:2693} INFO - Sync 1 DAGs
[2023-03-28T08:31:42.951+0000] {logging_mixin.py:137} INFO - [2023-03-28T08:31:42.951+0000] {dag.py:3444} INFO - Setting next_dagrun for example_params_ui_tutorial to None, run_after=None
[2023-03-28T08:31:43.124+0000] {processor.py:175} INFO - Processing /home/airflow/.local/lib/python3.7/site-packages/airflow/example_dags/example_params_ui_tutorial.py took 0.586 seconds
[2023-03-28T08:32:13.576+0000] {processor.py:153} INFO - Started process (PID=394) to work on /home/airflow/.local/lib/python3.7/site-packages/airflow/example_dags/example_params_ui_tutorial.py
[2023-03-28T08:32:13.577+0000] {processor.py:743} INFO - Processing file /home/airflow/.local/lib/python3.7/site-packages/airflow/example_dags/example_params_ui_tutorial.py for tasks to queue
[2023-03-28T08:32:13.578+0000] {logging_mixin.py:137} INFO - [2023-03-28T08:32:13.578+0000] {dagbag.py:532} INFO - Filling up the DagBag from /home/airflow/.local/lib/python3.7/site-packages/airflow/example_dags/example_params_ui_tutorial.py
[2023-03-28T08:32:13.665+0000] {processor.py:753} INFO - DAG(s) dict_keys(['example_params_ui_tutorial']) retrieved from /home/airflow/.local/lib/python3.7/site-packages/airflow/example_dags/example_params_ui_tutorial.py
[2023-03-28T08:32:13.932+0000] {logging_mixin.py:137} INFO - [2023-03-28T08:32:13.932+0000] {dag.py:2693} INFO - Sync 1 DAGs
[2023-03-28T08:32:14.006+0000] {logging_mixin.py:137} INFO - [2023-03-28T08:32:14.006+0000] {dag.py:3444} INFO - Setting next_dagrun for example_params_ui_tutorial to None, run_after=None
[2023-03-28T08:32:14.197+0000] {processor.py:175} INFO - Processing /home/airflow/.local/lib/python3.7/site-packages/airflow/example_dags/example_params_ui_tutorial.py took 0.625 seconds
[2023-03-28T08:32:44.761+0000] {processor.py:153} INFO - Started process (PID=443) to work on /home/airflow/.local/lib/python3.7/site-packages/airflow/example_dags/example_params_ui_tutorial.py
[2023-03-28T08:32:44.768+0000] {processor.py:743} INFO - Processing file /home/airflow/.local/lib/python3.7/site-packages/airflow/example_dags/example_params_ui_tutorial.py for tasks to queue
[2023-03-28T08:32:44.772+0000] {logging_mixin.py:137} INFO - [2023-03-28T08:32:44.769+0000] {dagbag.py:532} INFO - Filling up the DagBag from /home/airflow/.local/lib/python3.7/site-packages/airflow/example_dags/example_params_ui_tutorial.py
[2023-03-28T08:32:49.500+0000] {processor.py:753} INFO - DAG(s) dict_keys(['example_params_ui_tutorial']) retrieved from /home/airflow/.local/lib/python3.7/site-packages/airflow/example_dags/example_params_ui_tutorial.py
[2023-03-28T08:32:50.866+0000] {logging_mixin.py:137} INFO - [2023-03-28T08:32:50.866+0000] {dag.py:2693} INFO - Sync 1 DAGs
[2023-03-28T08:32:51.329+0000] {logging_mixin.py:137} INFO - [2023-03-28T08:32:51.328+0000] {dag.py:3444} INFO - Setting next_dagrun for example_params_ui_tutorial to None, run_after=None
[2023-03-28T08:32:53.503+0000] {processor.py:175} INFO - Processing /home/airflow/.local/lib/python3.7/site-packages/airflow/example_dags/example_params_ui_tutorial.py took 8.761 seconds
[2023-03-28T08:33:24.621+0000] {processor.py:153} INFO - Started process (PID=493) to work on /home/airflow/.local/lib/python3.7/site-packages/airflow/example_dags/example_params_ui_tutorial.py
[2023-03-28T08:33:24.622+0000] {processor.py:743} INFO - Processing file /home/airflow/.local/lib/python3.7/site-packages/airflow/example_dags/example_params_ui_tutorial.py for tasks to queue
[2023-03-28T08:33:24.623+0000] {logging_mixin.py:137} INFO - [2023-03-28T08:33:24.623+0000] {dagbag.py:532} INFO - Filling up the DagBag from /home/airflow/.local/lib/python3.7/site-packages/airflow/example_dags/example_params_ui_tutorial.py
[2023-03-28T08:33:24.749+0000] {processor.py:753} INFO - DAG(s) dict_keys(['example_params_ui_tutorial']) retrieved from /home/airflow/.local/lib/python3.7/site-packages/airflow/example_dags/example_params_ui_tutorial.py
[2023-03-28T08:33:24.992+0000] {logging_mixin.py:137} INFO - [2023-03-28T08:33:24.992+0000] {dag.py:2693} INFO - Sync 1 DAGs
[2023-03-28T08:33:25.074+0000] {logging_mixin.py:137} INFO - [2023-03-28T08:33:25.073+0000] {dag.py:3444} INFO - Setting next_dagrun for example_params_ui_tutorial to None, run_after=None
[2023-03-28T08:33:25.286+0000] {processor.py:175} INFO - Processing /home/airflow/.local/lib/python3.7/site-packages/airflow/example_dags/example_params_ui_tutorial.py took 0.796 seconds
[2023-03-28T08:33:56.122+0000] {processor.py:153} INFO - Started process (PID=541) to work on /home/airflow/.local/lib/python3.7/site-packages/airflow/example_dags/example_params_ui_tutorial.py
[2023-03-28T08:33:56.125+0000] {processor.py:743} INFO - Processing file /home/airflow/.local/lib/python3.7/site-packages/airflow/example_dags/example_params_ui_tutorial.py for tasks to queue
[2023-03-28T08:33:56.126+0000] {logging_mixin.py:137} INFO - [2023-03-28T08:33:56.126+0000] {dagbag.py:532} INFO - Filling up the DagBag from /home/airflow/.local/lib/python3.7/site-packages/airflow/example_dags/example_params_ui_tutorial.py
[2023-03-28T08:33:56.221+0000] {processor.py:753} INFO - DAG(s) dict_keys(['example_params_ui_tutorial']) retrieved from /home/airflow/.local/lib/python3.7/site-packages/airflow/example_dags/example_params_ui_tutorial.py
[2023-03-28T08:33:56.600+0000] {logging_mixin.py:137} INFO - [2023-03-28T08:33:56.600+0000] {dag.py:2693} INFO - Sync 1 DAGs
[2023-03-28T08:33:56.686+0000] {logging_mixin.py:137} INFO - [2023-03-28T08:33:56.685+0000] {dag.py:3444} INFO - Setting next_dagrun for example_params_ui_tutorial to None, run_after=None
[2023-03-28T08:33:56.913+0000] {processor.py:175} INFO - Processing /home/airflow/.local/lib/python3.7/site-packages/airflow/example_dags/example_params_ui_tutorial.py took 0.797 seconds
[2023-03-28T08:34:27.062+0000] {processor.py:153} INFO - Started process (PID=590) to work on /home/airflow/.local/lib/python3.7/site-packages/airflow/example_dags/example_params_ui_tutorial.py
[2023-03-28T08:34:27.063+0000] {processor.py:743} INFO - Processing file /home/airflow/.local/lib/python3.7/site-packages/airflow/example_dags/example_params_ui_tutorial.py for tasks to queue
[2023-03-28T08:34:27.064+0000] {logging_mixin.py:137} INFO - [2023-03-28T08:34:27.064+0000] {dagbag.py:532} INFO - Filling up the DagBag from /home/airflow/.local/lib/python3.7/site-packages/airflow/example_dags/example_params_ui_tutorial.py
[2023-03-28T08:34:27.155+0000] {processor.py:753} INFO - DAG(s) dict_keys(['example_params_ui_tutorial']) retrieved from /home/airflow/.local/lib/python3.7/site-packages/airflow/example_dags/example_params_ui_tutorial.py
[2023-03-28T08:34:27.426+0000] {logging_mixin.py:137} INFO - [2023-03-28T08:34:27.426+0000] {dag.py:2693} INFO - Sync 1 DAGs
[2023-03-28T08:34:27.493+0000] {logging_mixin.py:137} INFO - [2023-03-28T08:34:27.492+0000] {dag.py:3444} INFO - Setting next_dagrun for example_params_ui_tutorial to None, run_after=None
[2023-03-28T08:34:27.664+0000] {processor.py:175} INFO - Processing /home/airflow/.local/lib/python3.7/site-packages/airflow/example_dags/example_params_ui_tutorial.py took 0.607 seconds
[2023-03-28T08:34:58.170+0000] {processor.py:153} INFO - Started process (PID=639) to work on /home/airflow/.local/lib/python3.7/site-packages/airflow/example_dags/example_params_ui_tutorial.py
[2023-03-28T08:34:58.171+0000] {processor.py:743} INFO - Processing file /home/airflow/.local/lib/python3.7/site-packages/airflow/example_dags/example_params_ui_tutorial.py for tasks to queue
[2023-03-28T08:34:58.172+0000] {logging_mixin.py:137} INFO - [2023-03-28T08:34:58.172+0000] {dagbag.py:532} INFO - Filling up the DagBag from /home/airflow/.local/lib/python3.7/site-packages/airflow/example_dags/example_params_ui_tutorial.py
[2023-03-28T08:34:58.242+0000] {processor.py:753} INFO - DAG(s) dict_keys(['example_params_ui_tutorial']) retrieved from /home/airflow/.local/lib/python3.7/site-packages/airflow/example_dags/example_params_ui_tutorial.py
[2023-03-28T08:34:58.483+0000] {logging_mixin.py:137} INFO - [2023-03-28T08:34:58.483+0000] {dag.py:2693} INFO - Sync 1 DAGs
[2023-03-28T08:34:58.544+0000] {logging_mixin.py:137} INFO - [2023-03-28T08:34:58.544+0000] {dag.py:3444} INFO - Setting next_dagrun for example_params_ui_tutorial to None, run_after=None
[2023-03-28T08:34:58.730+0000] {processor.py:175} INFO - Processing /home/airflow/.local/lib/python3.7/site-packages/airflow/example_dags/example_params_ui_tutorial.py took 0.564 seconds
[2023-03-28T08:35:28.973+0000] {processor.py:153} INFO - Started process (PID=688) to work on /home/airflow/.local/lib/python3.7/site-packages/airflow/example_dags/example_params_ui_tutorial.py
[2023-03-28T08:35:28.974+0000] {processor.py:743} INFO - Processing file /home/airflow/.local/lib/python3.7/site-packages/airflow/example_dags/example_params_ui_tutorial.py for tasks to queue
[2023-03-28T08:35:28.975+0000] {logging_mixin.py:137} INFO - [2023-03-28T08:35:28.975+0000] {dagbag.py:532} INFO - Filling up the DagBag from /home/airflow/.local/lib/python3.7/site-packages/airflow/example_dags/example_params_ui_tutorial.py
[2023-03-28T08:35:29.035+0000] {processor.py:753} INFO - DAG(s) dict_keys(['example_params_ui_tutorial']) retrieved from /home/airflow/.local/lib/python3.7/site-packages/airflow/example_dags/example_params_ui_tutorial.py
[2023-03-28T08:35:29.282+0000] {logging_mixin.py:137} INFO - [2023-03-28T08:35:29.282+0000] {dag.py:2693} INFO - Sync 1 DAGs
[2023-03-28T08:35:29.343+0000] {logging_mixin.py:137} INFO - [2023-03-28T08:35:29.343+0000] {dag.py:3444} INFO - Setting next_dagrun for example_params_ui_tutorial to None, run_after=None
[2023-03-28T08:35:29.511+0000] {processor.py:175} INFO - Processing /home/airflow/.local/lib/python3.7/site-packages/airflow/example_dags/example_params_ui_tutorial.py took 0.542 seconds
[2023-03-28T08:35:59.946+0000] {processor.py:153} INFO - Started process (PID=737) to work on /home/airflow/.local/lib/python3.7/site-packages/airflow/example_dags/example_params_ui_tutorial.py
[2023-03-28T08:35:59.947+0000] {processor.py:743} INFO - Processing file /home/airflow/.local/lib/python3.7/site-packages/airflow/example_dags/example_params_ui_tutorial.py for tasks to queue
[2023-03-28T08:35:59.948+0000] {logging_mixin.py:137} INFO - [2023-03-28T08:35:59.948+0000] {dagbag.py:532} INFO - Filling up the DagBag from /home/airflow/.local/lib/python3.7/site-packages/airflow/example_dags/example_params_ui_tutorial.py
[2023-03-28T08:36:00.031+0000] {processor.py:753} INFO - DAG(s) dict_keys(['example_params_ui_tutorial']) retrieved from /home/airflow/.local/lib/python3.7/site-packages/airflow/example_dags/example_params_ui_tutorial.py
[2023-03-28T08:36:00.294+0000] {logging_mixin.py:137} INFO - [2023-03-28T08:36:00.294+0000] {dag.py:2693} INFO - Sync 1 DAGs
[2023-03-28T08:36:00.372+0000] {logging_mixin.py:137} INFO - [2023-03-28T08:36:00.372+0000] {dag.py:3444} INFO - Setting next_dagrun for example_params_ui_tutorial to None, run_after=None
[2023-03-28T08:36:00.567+0000] {processor.py:175} INFO - Processing /home/airflow/.local/lib/python3.7/site-packages/airflow/example_dags/example_params_ui_tutorial.py took 0.627 seconds
[2023-03-28T08:36:35.724+0000] {processor.py:153} INFO - Started process (PID=786) to work on /home/airflow/.local/lib/python3.7/site-packages/airflow/example_dags/example_params_ui_tutorial.py
[2023-03-28T08:36:35.725+0000] {processor.py:743} INFO - Processing file /home/airflow/.local/lib/python3.7/site-packages/airflow/example_dags/example_params_ui_tutorial.py for tasks to queue
[2023-03-28T08:36:35.726+0000] {logging_mixin.py:137} INFO - [2023-03-28T08:36:35.726+0000] {dagbag.py:532} INFO - Filling up the DagBag from /home/airflow/.local/lib/python3.7/site-packages/airflow/example_dags/example_params_ui_tutorial.py
[2023-03-28T08:36:35.808+0000] {processor.py:753} INFO - DAG(s) dict_keys(['example_params_ui_tutorial']) retrieved from /home/airflow/.local/lib/python3.7/site-packages/airflow/example_dags/example_params_ui_tutorial.py
[2023-03-28T08:36:36.020+0000] {logging_mixin.py:137} INFO - [2023-03-28T08:36:36.020+0000] {dag.py:2693} INFO - Sync 1 DAGs
[2023-03-28T08:36:36.072+0000] {logging_mixin.py:137} INFO - [2023-03-28T08:36:36.071+0000] {dag.py:3444} INFO - Setting next_dagrun for example_params_ui_tutorial to None, run_after=None
[2023-03-28T08:36:36.233+0000] {processor.py:175} INFO - Processing /home/airflow/.local/lib/python3.7/site-packages/airflow/example_dags/example_params_ui_tutorial.py took 0.513 seconds
[2023-03-28T08:37:08.982+0000] {processor.py:153} INFO - Started process (PID=835) to work on /home/airflow/.local/lib/python3.7/site-packages/airflow/example_dags/example_params_ui_tutorial.py
[2023-03-28T08:37:08.983+0000] {processor.py:743} INFO - Processing file /home/airflow/.local/lib/python3.7/site-packages/airflow/example_dags/example_params_ui_tutorial.py for tasks to queue
[2023-03-28T08:37:08.983+0000] {logging_mixin.py:137} INFO - [2023-03-28T08:37:08.983+0000] {dagbag.py:532} INFO - Filling up the DagBag from /home/airflow/.local/lib/python3.7/site-packages/airflow/example_dags/example_params_ui_tutorial.py
[2023-03-28T08:37:09.063+0000] {processor.py:753} INFO - DAG(s) dict_keys(['example_params_ui_tutorial']) retrieved from /home/airflow/.local/lib/python3.7/site-packages/airflow/example_dags/example_params_ui_tutorial.py
[2023-03-28T08:37:09.285+0000] {logging_mixin.py:137} INFO - [2023-03-28T08:37:09.285+0000] {dag.py:2693} INFO - Sync 1 DAGs
[2023-03-28T08:37:09.344+0000] {logging_mixin.py:137} INFO - [2023-03-28T08:37:09.344+0000] {dag.py:3444} INFO - Setting next_dagrun for example_params_ui_tutorial to None, run_after=None
[2023-03-28T08:37:09.553+0000] {processor.py:175} INFO - Processing /home/airflow/.local/lib/python3.7/site-packages/airflow/example_dags/example_params_ui_tutorial.py took 0.575 seconds
[2023-03-28T08:37:39.820+0000] {processor.py:153} INFO - Started process (PID=884) to work on /home/airflow/.local/lib/python3.7/site-packages/airflow/example_dags/example_params_ui_tutorial.py
[2023-03-28T08:37:39.822+0000] {processor.py:743} INFO - Processing file /home/airflow/.local/lib/python3.7/site-packages/airflow/example_dags/example_params_ui_tutorial.py for tasks to queue
[2023-03-28T08:37:39.823+0000] {logging_mixin.py:137} INFO - [2023-03-28T08:37:39.823+0000] {dagbag.py:532} INFO - Filling up the DagBag from /home/airflow/.local/lib/python3.7/site-packages/airflow/example_dags/example_params_ui_tutorial.py
[2023-03-28T08:37:39.890+0000] {processor.py:753} INFO - DAG(s) dict_keys(['example_params_ui_tutorial']) retrieved from /home/airflow/.local/lib/python3.7/site-packages/airflow/example_dags/example_params_ui_tutorial.py
[2023-03-28T08:37:40.127+0000] {logging_mixin.py:137} INFO - [2023-03-28T08:37:40.126+0000] {dag.py:2693} INFO - Sync 1 DAGs
[2023-03-28T08:37:40.207+0000] {logging_mixin.py:137} INFO - [2023-03-28T08:37:40.206+0000] {dag.py:3444} INFO - Setting next_dagrun for example_params_ui_tutorial to None, run_after=None
[2023-03-28T08:37:40.375+0000] {processor.py:175} INFO - Processing /home/airflow/.local/lib/python3.7/site-packages/airflow/example_dags/example_params_ui_tutorial.py took 0.559 seconds
[2023-03-28T08:38:10.646+0000] {processor.py:153} INFO - Started process (PID=933) to work on /home/airflow/.local/lib/python3.7/site-packages/airflow/example_dags/example_params_ui_tutorial.py
[2023-03-28T08:38:10.647+0000] {processor.py:743} INFO - Processing file /home/airflow/.local/lib/python3.7/site-packages/airflow/example_dags/example_params_ui_tutorial.py for tasks to queue
[2023-03-28T08:38:10.648+0000] {logging_mixin.py:137} INFO - [2023-03-28T08:38:10.648+0000] {dagbag.py:532} INFO - Filling up the DagBag from /home/airflow/.local/lib/python3.7/site-packages/airflow/example_dags/example_params_ui_tutorial.py
[2023-03-28T08:38:10.711+0000] {processor.py:753} INFO - DAG(s) dict_keys(['example_params_ui_tutorial']) retrieved from /home/airflow/.local/lib/python3.7/site-packages/airflow/example_dags/example_params_ui_tutorial.py
[2023-03-28T08:38:10.876+0000] {logging_mixin.py:137} INFO - [2023-03-28T08:38:10.876+0000] {dag.py:2693} INFO - Sync 1 DAGs
[2023-03-28T08:38:10.932+0000] {logging_mixin.py:137} INFO - [2023-03-28T08:38:10.932+0000] {dag.py:3444} INFO - Setting next_dagrun for example_params_ui_tutorial to None, run_after=None
[2023-03-28T08:38:11.115+0000] {processor.py:175} INFO - Processing /home/airflow/.local/lib/python3.7/site-packages/airflow/example_dags/example_params_ui_tutorial.py took 0.474 seconds
[2023-03-28T08:38:44.351+0000] {processor.py:153} INFO - Started process (PID=974) to work on /home/airflow/.local/lib/python3.7/site-packages/airflow/example_dags/example_params_ui_tutorial.py
[2023-03-28T08:38:44.352+0000] {processor.py:743} INFO - Processing file /home/airflow/.local/lib/python3.7/site-packages/airflow/example_dags/example_params_ui_tutorial.py for tasks to queue
[2023-03-28T08:38:44.353+0000] {logging_mixin.py:137} INFO - [2023-03-28T08:38:44.353+0000] {dagbag.py:532} INFO - Filling up the DagBag from /home/airflow/.local/lib/python3.7/site-packages/airflow/example_dags/example_params_ui_tutorial.py
[2023-03-28T08:38:44.459+0000] {processor.py:753} INFO - DAG(s) dict_keys(['example_params_ui_tutorial']) retrieved from /home/airflow/.local/lib/python3.7/site-packages/airflow/example_dags/example_params_ui_tutorial.py
[2023-03-28T08:38:44.729+0000] {logging_mixin.py:137} INFO - [2023-03-28T08:38:44.728+0000] {dag.py:2693} INFO - Sync 1 DAGs
[2023-03-28T08:38:44.883+0000] {logging_mixin.py:137} INFO - [2023-03-28T08:38:44.883+0000] {dag.py:3444} INFO - Setting next_dagrun for example_params_ui_tutorial to None, run_after=None
[2023-03-28T08:38:45.075+0000] {processor.py:175} INFO - Processing /home/airflow/.local/lib/python3.7/site-packages/airflow/example_dags/example_params_ui_tutorial.py took 0.729 seconds
[2023-03-28T08:39:15.478+0000] {processor.py:153} INFO - Started process (PID=1024) to work on /home/airflow/.local/lib/python3.7/site-packages/airflow/example_dags/example_params_ui_tutorial.py
[2023-03-28T08:39:15.479+0000] {processor.py:743} INFO - Processing file /home/airflow/.local/lib/python3.7/site-packages/airflow/example_dags/example_params_ui_tutorial.py for tasks to queue
[2023-03-28T08:39:15.479+0000] {logging_mixin.py:137} INFO - [2023-03-28T08:39:15.479+0000] {dagbag.py:532} INFO - Filling up the DagBag from /home/airflow/.local/lib/python3.7/site-packages/airflow/example_dags/example_params_ui_tutorial.py
[2023-03-28T08:39:15.553+0000] {processor.py:753} INFO - DAG(s) dict_keys(['example_params_ui_tutorial']) retrieved from /home/airflow/.local/lib/python3.7/site-packages/airflow/example_dags/example_params_ui_tutorial.py
[2023-03-28T08:39:15.791+0000] {logging_mixin.py:137} INFO - [2023-03-28T08:39:15.791+0000] {dag.py:2693} INFO - Sync 1 DAGs
[2023-03-28T08:39:15.844+0000] {logging_mixin.py:137} INFO - [2023-03-28T08:39:15.843+0000] {dag.py:3444} INFO - Setting next_dagrun for example_params_ui_tutorial to None, run_after=None
[2023-03-28T08:39:16.364+0000] {processor.py:175} INFO - Processing /home/airflow/.local/lib/python3.7/site-packages/airflow/example_dags/example_params_ui_tutorial.py took 0.891 seconds
[2023-03-28T08:39:46.718+0000] {processor.py:153} INFO - Started process (PID=1073) to work on /home/airflow/.local/lib/python3.7/site-packages/airflow/example_dags/example_params_ui_tutorial.py
[2023-03-28T08:39:46.719+0000] {processor.py:743} INFO - Processing file /home/airflow/.local/lib/python3.7/site-packages/airflow/example_dags/example_params_ui_tutorial.py for tasks to queue
[2023-03-28T08:39:46.720+0000] {logging_mixin.py:137} INFO - [2023-03-28T08:39:46.720+0000] {dagbag.py:532} INFO - Filling up the DagBag from /home/airflow/.local/lib/python3.7/site-packages/airflow/example_dags/example_params_ui_tutorial.py
[2023-03-28T08:39:46.807+0000] {processor.py:753} INFO - DAG(s) dict_keys(['example_params_ui_tutorial']) retrieved from /home/airflow/.local/lib/python3.7/site-packages/airflow/example_dags/example_params_ui_tutorial.py
[2023-03-28T08:39:47.063+0000] {logging_mixin.py:137} INFO - [2023-03-28T08:39:47.062+0000] {dag.py:2693} INFO - Sync 1 DAGs
[2023-03-28T08:39:47.126+0000] {logging_mixin.py:137} INFO - [2023-03-28T08:39:47.126+0000] {dag.py:3444} INFO - Setting next_dagrun for example_params_ui_tutorial to None, run_after=None
[2023-03-28T08:39:47.303+0000] {processor.py:175} INFO - Processing /home/airflow/.local/lib/python3.7/site-packages/airflow/example_dags/example_params_ui_tutorial.py took 0.588 seconds
[2023-03-28T08:40:17.498+0000] {processor.py:153} INFO - Started process (PID=1123) to work on /home/airflow/.local/lib/python3.7/site-packages/airflow/example_dags/example_params_ui_tutorial.py
[2023-03-28T08:40:17.500+0000] {processor.py:743} INFO - Processing file /home/airflow/.local/lib/python3.7/site-packages/airflow/example_dags/example_params_ui_tutorial.py for tasks to queue
[2023-03-28T08:40:17.500+0000] {logging_mixin.py:137} INFO - [2023-03-28T08:40:17.500+0000] {dagbag.py:532} INFO - Filling up the DagBag from /home/airflow/.local/lib/python3.7/site-packages/airflow/example_dags/example_params_ui_tutorial.py
[2023-03-28T08:40:17.590+0000] {processor.py:753} INFO - DAG(s) dict_keys(['example_params_ui_tutorial']) retrieved from /home/airflow/.local/lib/python3.7/site-packages/airflow/example_dags/example_params_ui_tutorial.py
[2023-03-28T08:40:17.893+0000] {logging_mixin.py:137} INFO - [2023-03-28T08:40:17.893+0000] {dag.py:2693} INFO - Sync 1 DAGs
[2023-03-28T08:40:17.947+0000] {logging_mixin.py:137} INFO - [2023-03-28T08:40:17.947+0000] {dag.py:3444} INFO - Setting next_dagrun for example_params_ui_tutorial to None, run_after=None
[2023-03-28T08:40:18.127+0000] {processor.py:175} INFO - Processing /home/airflow/.local/lib/python3.7/site-packages/airflow/example_dags/example_params_ui_tutorial.py took 0.633 seconds
[2023-03-28T08:40:48.329+0000] {processor.py:153} INFO - Started process (PID=1173) to work on /home/airflow/.local/lib/python3.7/site-packages/airflow/example_dags/example_params_ui_tutorial.py
[2023-03-28T08:40:48.332+0000] {processor.py:743} INFO - Processing file /home/airflow/.local/lib/python3.7/site-packages/airflow/example_dags/example_params_ui_tutorial.py for tasks to queue
[2023-03-28T08:40:48.334+0000] {logging_mixin.py:137} INFO - [2023-03-28T08:40:48.333+0000] {dagbag.py:532} INFO - Filling up the DagBag from /home/airflow/.local/lib/python3.7/site-packages/airflow/example_dags/example_params_ui_tutorial.py
[2023-03-28T08:40:48.405+0000] {processor.py:753} INFO - DAG(s) dict_keys(['example_params_ui_tutorial']) retrieved from /home/airflow/.local/lib/python3.7/site-packages/airflow/example_dags/example_params_ui_tutorial.py
[2023-03-28T08:40:48.627+0000] {logging_mixin.py:137} INFO - [2023-03-28T08:40:48.627+0000] {dag.py:2693} INFO - Sync 1 DAGs
[2023-03-28T08:40:48.687+0000] {logging_mixin.py:137} INFO - [2023-03-28T08:40:48.687+0000] {dag.py:3444} INFO - Setting next_dagrun for example_params_ui_tutorial to None, run_after=None
[2023-03-28T08:40:48.854+0000] {processor.py:175} INFO - Processing /home/airflow/.local/lib/python3.7/site-packages/airflow/example_dags/example_params_ui_tutorial.py took 0.537 seconds
[2023-03-28T08:41:19.406+0000] {processor.py:153} INFO - Started process (PID=1222) to work on /home/airflow/.local/lib/python3.7/site-packages/airflow/example_dags/example_params_ui_tutorial.py
[2023-03-28T08:41:19.408+0000] {processor.py:743} INFO - Processing file /home/airflow/.local/lib/python3.7/site-packages/airflow/example_dags/example_params_ui_tutorial.py for tasks to queue
[2023-03-28T08:41:19.408+0000] {logging_mixin.py:137} INFO - [2023-03-28T08:41:19.408+0000] {dagbag.py:532} INFO - Filling up the DagBag from /home/airflow/.local/lib/python3.7/site-packages/airflow/example_dags/example_params_ui_tutorial.py
[2023-03-28T08:41:19.494+0000] {processor.py:753} INFO - DAG(s) dict_keys(['example_params_ui_tutorial']) retrieved from /home/airflow/.local/lib/python3.7/site-packages/airflow/example_dags/example_params_ui_tutorial.py
[2023-03-28T08:41:19.730+0000] {logging_mixin.py:137} INFO - [2023-03-28T08:41:19.730+0000] {dag.py:2693} INFO - Sync 1 DAGs
[2023-03-28T08:41:19.794+0000] {logging_mixin.py:137} INFO - [2023-03-28T08:41:19.794+0000] {dag.py:3444} INFO - Setting next_dagrun for example_params_ui_tutorial to None, run_after=None
[2023-03-28T08:41:19.955+0000] {processor.py:175} INFO - Processing /home/airflow/.local/lib/python3.7/site-packages/airflow/example_dags/example_params_ui_tutorial.py took 0.553 seconds
[2023-03-28T08:41:50.407+0000] {processor.py:153} INFO - Started process (PID=1273) to work on /home/airflow/.local/lib/python3.7/site-packages/airflow/example_dags/example_params_ui_tutorial.py
[2023-03-28T08:41:50.411+0000] {processor.py:743} INFO - Processing file /home/airflow/.local/lib/python3.7/site-packages/airflow/example_dags/example_params_ui_tutorial.py for tasks to queue
[2023-03-28T08:41:50.412+0000] {logging_mixin.py:137} INFO - [2023-03-28T08:41:50.411+0000] {dagbag.py:532} INFO - Filling up the DagBag from /home/airflow/.local/lib/python3.7/site-packages/airflow/example_dags/example_params_ui_tutorial.py
[2023-03-28T08:41:50.494+0000] {processor.py:753} INFO - DAG(s) dict_keys(['example_params_ui_tutorial']) retrieved from /home/airflow/.local/lib/python3.7/site-packages/airflow/example_dags/example_params_ui_tutorial.py
[2023-03-28T08:41:50.742+0000] {logging_mixin.py:137} INFO - [2023-03-28T08:41:50.742+0000] {dag.py:2693} INFO - Sync 1 DAGs
[2023-03-28T08:41:50.797+0000] {logging_mixin.py:137} INFO - [2023-03-28T08:41:50.796+0000] {dag.py:3444} INFO - Setting next_dagrun for example_params_ui_tutorial to None, run_after=None
[2023-03-28T08:41:50.976+0000] {processor.py:175} INFO - Processing /home/airflow/.local/lib/python3.7/site-packages/airflow/example_dags/example_params_ui_tutorial.py took 0.574 seconds
[2023-03-28T08:42:21.105+0000] {processor.py:153} INFO - Started process (PID=1323) to work on /home/airflow/.local/lib/python3.7/site-packages/airflow/example_dags/example_params_ui_tutorial.py
[2023-03-28T08:42:21.108+0000] {processor.py:743} INFO - Processing file /home/airflow/.local/lib/python3.7/site-packages/airflow/example_dags/example_params_ui_tutorial.py for tasks to queue
[2023-03-28T08:42:21.109+0000] {logging_mixin.py:137} INFO - [2023-03-28T08:42:21.109+0000] {dagbag.py:532} INFO - Filling up the DagBag from /home/airflow/.local/lib/python3.7/site-packages/airflow/example_dags/example_params_ui_tutorial.py
[2023-03-28T08:42:21.207+0000] {processor.py:753} INFO - DAG(s) dict_keys(['example_params_ui_tutorial']) retrieved from /home/airflow/.local/lib/python3.7/site-packages/airflow/example_dags/example_params_ui_tutorial.py
[2023-03-28T08:42:21.548+0000] {logging_mixin.py:137} INFO - [2023-03-28T08:42:21.547+0000] {dag.py:2693} INFO - Sync 1 DAGs
[2023-03-28T08:42:21.622+0000] {logging_mixin.py:137} INFO - [2023-03-28T08:42:21.622+0000] {dag.py:3444} INFO - Setting next_dagrun for example_params_ui_tutorial to None, run_after=None
[2023-03-28T08:42:21.799+0000] {processor.py:175} INFO - Processing /home/airflow/.local/lib/python3.7/site-packages/airflow/example_dags/example_params_ui_tutorial.py took 0.700 seconds
[2023-03-28T08:42:52.255+0000] {processor.py:153} INFO - Started process (PID=1372) to work on /home/airflow/.local/lib/python3.7/site-packages/airflow/example_dags/example_params_ui_tutorial.py
[2023-03-28T08:42:52.255+0000] {processor.py:743} INFO - Processing file /home/airflow/.local/lib/python3.7/site-packages/airflow/example_dags/example_params_ui_tutorial.py for tasks to queue
[2023-03-28T08:42:52.256+0000] {logging_mixin.py:137} INFO - [2023-03-28T08:42:52.256+0000] {dagbag.py:532} INFO - Filling up the DagBag from /home/airflow/.local/lib/python3.7/site-packages/airflow/example_dags/example_params_ui_tutorial.py
[2023-03-28T08:42:52.323+0000] {processor.py:753} INFO - DAG(s) dict_keys(['example_params_ui_tutorial']) retrieved from /home/airflow/.local/lib/python3.7/site-packages/airflow/example_dags/example_params_ui_tutorial.py
[2023-03-28T08:42:52.557+0000] {logging_mixin.py:137} INFO - [2023-03-28T08:42:52.557+0000] {dag.py:2693} INFO - Sync 1 DAGs
[2023-03-28T08:42:52.621+0000] {logging_mixin.py:137} INFO - [2023-03-28T08:42:52.621+0000] {dag.py:3444} INFO - Setting next_dagrun for example_params_ui_tutorial to None, run_after=None
[2023-03-28T08:42:52.789+0000] {processor.py:175} INFO - Processing /home/airflow/.local/lib/python3.7/site-packages/airflow/example_dags/example_params_ui_tutorial.py took 0.538 seconds
[2023-03-28T08:43:23.117+0000] {processor.py:153} INFO - Started process (PID=1422) to work on /home/airflow/.local/lib/python3.7/site-packages/airflow/example_dags/example_params_ui_tutorial.py
[2023-03-28T08:43:23.119+0000] {processor.py:743} INFO - Processing file /home/airflow/.local/lib/python3.7/site-packages/airflow/example_dags/example_params_ui_tutorial.py for tasks to queue
[2023-03-28T08:43:23.120+0000] {logging_mixin.py:137} INFO - [2023-03-28T08:43:23.120+0000] {dagbag.py:532} INFO - Filling up the DagBag from /home/airflow/.local/lib/python3.7/site-packages/airflow/example_dags/example_params_ui_tutorial.py
[2023-03-28T08:43:23.186+0000] {processor.py:753} INFO - DAG(s) dict_keys(['example_params_ui_tutorial']) retrieved from /home/airflow/.local/lib/python3.7/site-packages/airflow/example_dags/example_params_ui_tutorial.py
[2023-03-28T08:43:23.439+0000] {logging_mixin.py:137} INFO - [2023-03-28T08:43:23.439+0000] {dag.py:2693} INFO - Sync 1 DAGs
[2023-03-28T08:43:23.491+0000] {logging_mixin.py:137} INFO - [2023-03-28T08:43:23.491+0000] {dag.py:3444} INFO - Setting next_dagrun for example_params_ui_tutorial to None, run_after=None
[2023-03-28T08:43:23.660+0000] {processor.py:175} INFO - Processing /home/airflow/.local/lib/python3.7/site-packages/airflow/example_dags/example_params_ui_tutorial.py took 0.546 seconds
[2023-03-28T08:43:53.907+0000] {processor.py:153} INFO - Started process (PID=1471) to work on /home/airflow/.local/lib/python3.7/site-packages/airflow/example_dags/example_params_ui_tutorial.py
[2023-03-28T08:43:53.908+0000] {processor.py:743} INFO - Processing file /home/airflow/.local/lib/python3.7/site-packages/airflow/example_dags/example_params_ui_tutorial.py for tasks to queue
[2023-03-28T08:43:53.918+0000] {logging_mixin.py:137} INFO - [2023-03-28T08:43:53.918+0000] {dagbag.py:532} INFO - Filling up the DagBag from /home/airflow/.local/lib/python3.7/site-packages/airflow/example_dags/example_params_ui_tutorial.py
[2023-03-28T08:43:54.080+0000] {processor.py:753} INFO - DAG(s) dict_keys(['example_params_ui_tutorial']) retrieved from /home/airflow/.local/lib/python3.7/site-packages/airflow/example_dags/example_params_ui_tutorial.py
[2023-03-28T08:43:54.338+0000] {logging_mixin.py:137} INFO - [2023-03-28T08:43:54.338+0000] {dag.py:2693} INFO - Sync 1 DAGs
[2023-03-28T08:43:54.389+0000] {logging_mixin.py:137} INFO - [2023-03-28T08:43:54.389+0000] {dag.py:3444} INFO - Setting next_dagrun for example_params_ui_tutorial to None, run_after=None
[2023-03-28T08:43:54.559+0000] {processor.py:175} INFO - Processing /home/airflow/.local/lib/python3.7/site-packages/airflow/example_dags/example_params_ui_tutorial.py took 0.657 seconds
[2023-03-28T08:44:24.766+0000] {processor.py:153} INFO - Started process (PID=1521) to work on /home/airflow/.local/lib/python3.7/site-packages/airflow/example_dags/example_params_ui_tutorial.py
[2023-03-28T08:44:24.767+0000] {processor.py:743} INFO - Processing file /home/airflow/.local/lib/python3.7/site-packages/airflow/example_dags/example_params_ui_tutorial.py for tasks to queue
[2023-03-28T08:44:24.768+0000] {logging_mixin.py:137} INFO - [2023-03-28T08:44:24.768+0000] {dagbag.py:532} INFO - Filling up the DagBag from /home/airflow/.local/lib/python3.7/site-packages/airflow/example_dags/example_params_ui_tutorial.py
[2023-03-28T08:44:24.834+0000] {processor.py:753} INFO - DAG(s) dict_keys(['example_params_ui_tutorial']) retrieved from /home/airflow/.local/lib/python3.7/site-packages/airflow/example_dags/example_params_ui_tutorial.py
[2023-03-28T08:44:25.087+0000] {logging_mixin.py:137} INFO - [2023-03-28T08:44:25.087+0000] {dag.py:2693} INFO - Sync 1 DAGs
[2023-03-28T08:44:25.146+0000] {logging_mixin.py:137} INFO - [2023-03-28T08:44:25.146+0000] {dag.py:3444} INFO - Setting next_dagrun for example_params_ui_tutorial to None, run_after=None
[2023-03-28T08:44:25.326+0000] {processor.py:175} INFO - Processing /home/airflow/.local/lib/python3.7/site-packages/airflow/example_dags/example_params_ui_tutorial.py took 0.564 seconds
[2023-03-28T08:44:55.630+0000] {processor.py:153} INFO - Started process (PID=1570) to work on /home/airflow/.local/lib/python3.7/site-packages/airflow/example_dags/example_params_ui_tutorial.py
[2023-03-28T08:44:55.632+0000] {processor.py:743} INFO - Processing file /home/airflow/.local/lib/python3.7/site-packages/airflow/example_dags/example_params_ui_tutorial.py for tasks to queue
[2023-03-28T08:44:55.633+0000] {logging_mixin.py:137} INFO - [2023-03-28T08:44:55.633+0000] {dagbag.py:532} INFO - Filling up the DagBag from /home/airflow/.local/lib/python3.7/site-packages/airflow/example_dags/example_params_ui_tutorial.py
[2023-03-28T08:44:55.704+0000] {processor.py:753} INFO - DAG(s) dict_keys(['example_params_ui_tutorial']) retrieved from /home/airflow/.local/lib/python3.7/site-packages/airflow/example_dags/example_params_ui_tutorial.py
[2023-03-28T08:44:55.960+0000] {logging_mixin.py:137} INFO - [2023-03-28T08:44:55.960+0000] {dag.py:2693} INFO - Sync 1 DAGs
[2023-03-28T08:44:56.024+0000] {logging_mixin.py:137} INFO - [2023-03-28T08:44:56.024+0000] {dag.py:3444} INFO - Setting next_dagrun for example_params_ui_tutorial to None, run_after=None
[2023-03-28T08:44:56.330+0000] {processor.py:175} INFO - Processing /home/airflow/.local/lib/python3.7/site-packages/airflow/example_dags/example_params_ui_tutorial.py took 0.703 seconds
[2023-03-28T08:45:33.960+0000] {processor.py:153} INFO - Started process (PID=1616) to work on /home/airflow/.local/lib/python3.7/site-packages/airflow/example_dags/example_params_ui_tutorial.py
[2023-03-28T08:45:33.963+0000] {processor.py:743} INFO - Processing file /home/airflow/.local/lib/python3.7/site-packages/airflow/example_dags/example_params_ui_tutorial.py for tasks to queue
[2023-03-28T08:45:33.964+0000] {logging_mixin.py:137} INFO - [2023-03-28T08:45:33.964+0000] {dagbag.py:532} INFO - Filling up the DagBag from /home/airflow/.local/lib/python3.7/site-packages/airflow/example_dags/example_params_ui_tutorial.py
[2023-03-28T08:45:34.429+0000] {processor.py:753} INFO - DAG(s) dict_keys(['example_params_ui_tutorial']) retrieved from /home/airflow/.local/lib/python3.7/site-packages/airflow/example_dags/example_params_ui_tutorial.py
[2023-03-28T08:45:34.873+0000] {logging_mixin.py:137} INFO - [2023-03-28T08:45:34.873+0000] {dag.py:2693} INFO - Sync 1 DAGs
[2023-03-28T08:45:35.083+0000] {logging_mixin.py:137} INFO - [2023-03-28T08:45:35.083+0000] {dag.py:3444} INFO - Setting next_dagrun for example_params_ui_tutorial to None, run_after=None
[2023-03-28T08:45:35.256+0000] {processor.py:175} INFO - Processing /home/airflow/.local/lib/python3.7/site-packages/airflow/example_dags/example_params_ui_tutorial.py took 1.301 seconds
[2023-03-28T08:46:05.806+0000] {processor.py:153} INFO - Started process (PID=1665) to work on /home/airflow/.local/lib/python3.7/site-packages/airflow/example_dags/example_params_ui_tutorial.py
[2023-03-28T08:46:05.807+0000] {processor.py:743} INFO - Processing file /home/airflow/.local/lib/python3.7/site-packages/airflow/example_dags/example_params_ui_tutorial.py for tasks to queue
[2023-03-28T08:46:05.808+0000] {logging_mixin.py:137} INFO - [2023-03-28T08:46:05.808+0000] {dagbag.py:532} INFO - Filling up the DagBag from /home/airflow/.local/lib/python3.7/site-packages/airflow/example_dags/example_params_ui_tutorial.py
[2023-03-28T08:46:05.890+0000] {processor.py:753} INFO - DAG(s) dict_keys(['example_params_ui_tutorial']) retrieved from /home/airflow/.local/lib/python3.7/site-packages/airflow/example_dags/example_params_ui_tutorial.py
[2023-03-28T08:46:06.325+0000] {logging_mixin.py:137} INFO - [2023-03-28T08:46:06.325+0000] {dag.py:2693} INFO - Sync 1 DAGs
[2023-03-28T08:46:06.492+0000] {logging_mixin.py:137} INFO - [2023-03-28T08:46:06.491+0000] {dag.py:3444} INFO - Setting next_dagrun for example_params_ui_tutorial to None, run_after=None
[2023-03-28T08:46:06.749+0000] {processor.py:175} INFO - Processing /home/airflow/.local/lib/python3.7/site-packages/airflow/example_dags/example_params_ui_tutorial.py took 0.948 seconds
[2023-03-28T08:46:37.410+0000] {processor.py:153} INFO - Started process (PID=1715) to work on /home/airflow/.local/lib/python3.7/site-packages/airflow/example_dags/example_params_ui_tutorial.py
[2023-03-28T08:46:37.419+0000] {processor.py:743} INFO - Processing file /home/airflow/.local/lib/python3.7/site-packages/airflow/example_dags/example_params_ui_tutorial.py for tasks to queue
[2023-03-28T08:46:37.420+0000] {logging_mixin.py:137} INFO - [2023-03-28T08:46:37.420+0000] {dagbag.py:532} INFO - Filling up the DagBag from /home/airflow/.local/lib/python3.7/site-packages/airflow/example_dags/example_params_ui_tutorial.py
[2023-03-28T08:46:37.489+0000] {processor.py:753} INFO - DAG(s) dict_keys(['example_params_ui_tutorial']) retrieved from /home/airflow/.local/lib/python3.7/site-packages/airflow/example_dags/example_params_ui_tutorial.py
[2023-03-28T08:46:37.755+0000] {logging_mixin.py:137} INFO - [2023-03-28T08:46:37.755+0000] {dag.py:2693} INFO - Sync 1 DAGs
[2023-03-28T08:46:37.825+0000] {logging_mixin.py:137} INFO - [2023-03-28T08:46:37.825+0000] {dag.py:3444} INFO - Setting next_dagrun for example_params_ui_tutorial to None, run_after=None
[2023-03-28T08:46:38.046+0000] {processor.py:175} INFO - Processing /home/airflow/.local/lib/python3.7/site-packages/airflow/example_dags/example_params_ui_tutorial.py took 0.640 seconds
[2023-03-28T08:47:08.664+0000] {processor.py:153} INFO - Started process (PID=1764) to work on /home/airflow/.local/lib/python3.7/site-packages/airflow/example_dags/example_params_ui_tutorial.py
[2023-03-28T08:47:08.665+0000] {processor.py:743} INFO - Processing file /home/airflow/.local/lib/python3.7/site-packages/airflow/example_dags/example_params_ui_tutorial.py for tasks to queue
[2023-03-28T08:47:08.666+0000] {logging_mixin.py:137} INFO - [2023-03-28T08:47:08.666+0000] {dagbag.py:532} INFO - Filling up the DagBag from /home/airflow/.local/lib/python3.7/site-packages/airflow/example_dags/example_params_ui_tutorial.py
[2023-03-28T08:47:08.784+0000] {processor.py:753} INFO - DAG(s) dict_keys(['example_params_ui_tutorial']) retrieved from /home/airflow/.local/lib/python3.7/site-packages/airflow/example_dags/example_params_ui_tutorial.py
[2023-03-28T08:47:09.057+0000] {logging_mixin.py:137} INFO - [2023-03-28T08:47:09.057+0000] {dag.py:2693} INFO - Sync 1 DAGs
[2023-03-28T08:47:09.130+0000] {logging_mixin.py:137} INFO - [2023-03-28T08:47:09.130+0000] {dag.py:3444} INFO - Setting next_dagrun for example_params_ui_tutorial to None, run_after=None
[2023-03-28T08:47:09.333+0000] {processor.py:175} INFO - Processing /home/airflow/.local/lib/python3.7/site-packages/airflow/example_dags/example_params_ui_tutorial.py took 0.673 seconds
[2023-03-28T08:47:39.979+0000] {processor.py:153} INFO - Started process (PID=1813) to work on /home/airflow/.local/lib/python3.7/site-packages/airflow/example_dags/example_params_ui_tutorial.py
[2023-03-28T08:47:39.980+0000] {processor.py:743} INFO - Processing file /home/airflow/.local/lib/python3.7/site-packages/airflow/example_dags/example_params_ui_tutorial.py for tasks to queue
[2023-03-28T08:47:39.981+0000] {logging_mixin.py:137} INFO - [2023-03-28T08:47:39.981+0000] {dagbag.py:532} INFO - Filling up the DagBag from /home/airflow/.local/lib/python3.7/site-packages/airflow/example_dags/example_params_ui_tutorial.py
[2023-03-28T08:47:40.049+0000] {processor.py:753} INFO - DAG(s) dict_keys(['example_params_ui_tutorial']) retrieved from /home/airflow/.local/lib/python3.7/site-packages/airflow/example_dags/example_params_ui_tutorial.py
[2023-03-28T08:47:40.290+0000] {logging_mixin.py:137} INFO - [2023-03-28T08:47:40.290+0000] {dag.py:2693} INFO - Sync 1 DAGs
[2023-03-28T08:47:40.361+0000] {logging_mixin.py:137} INFO - [2023-03-28T08:47:40.361+0000] {dag.py:3444} INFO - Setting next_dagrun for example_params_ui_tutorial to None, run_after=None
[2023-03-28T08:47:40.534+0000] {processor.py:175} INFO - Processing /home/airflow/.local/lib/python3.7/site-packages/airflow/example_dags/example_params_ui_tutorial.py took 0.560 seconds
[2023-03-28T08:48:10.633+0000] {processor.py:153} INFO - Started process (PID=1861) to work on /home/airflow/.local/lib/python3.7/site-packages/airflow/example_dags/example_params_ui_tutorial.py
[2023-03-28T08:48:10.634+0000] {processor.py:743} INFO - Processing file /home/airflow/.local/lib/python3.7/site-packages/airflow/example_dags/example_params_ui_tutorial.py for tasks to queue
[2023-03-28T08:48:10.635+0000] {logging_mixin.py:137} INFO - [2023-03-28T08:48:10.635+0000] {dagbag.py:532} INFO - Filling up the DagBag from /home/airflow/.local/lib/python3.7/site-packages/airflow/example_dags/example_params_ui_tutorial.py
[2023-03-28T08:48:10.715+0000] {processor.py:753} INFO - DAG(s) dict_keys(['example_params_ui_tutorial']) retrieved from /home/airflow/.local/lib/python3.7/site-packages/airflow/example_dags/example_params_ui_tutorial.py
[2023-03-28T08:48:10.962+0000] {logging_mixin.py:137} INFO - [2023-03-28T08:48:10.961+0000] {dag.py:2693} INFO - Sync 1 DAGs
[2023-03-28T08:48:11.017+0000] {logging_mixin.py:137} INFO - [2023-03-28T08:48:11.017+0000] {dag.py:3444} INFO - Setting next_dagrun for example_params_ui_tutorial to None, run_after=None
[2023-03-28T08:48:11.212+0000] {processor.py:175} INFO - Processing /home/airflow/.local/lib/python3.7/site-packages/airflow/example_dags/example_params_ui_tutorial.py took 0.583 seconds
[2023-03-28T08:48:41.633+0000] {processor.py:153} INFO - Started process (PID=1910) to work on /home/airflow/.local/lib/python3.7/site-packages/airflow/example_dags/example_params_ui_tutorial.py
[2023-03-28T08:48:41.634+0000] {processor.py:743} INFO - Processing file /home/airflow/.local/lib/python3.7/site-packages/airflow/example_dags/example_params_ui_tutorial.py for tasks to queue
[2023-03-28T08:48:41.635+0000] {logging_mixin.py:137} INFO - [2023-03-28T08:48:41.635+0000] {dagbag.py:532} INFO - Filling up the DagBag from /home/airflow/.local/lib/python3.7/site-packages/airflow/example_dags/example_params_ui_tutorial.py
[2023-03-28T08:48:41.726+0000] {processor.py:753} INFO - DAG(s) dict_keys(['example_params_ui_tutorial']) retrieved from /home/airflow/.local/lib/python3.7/site-packages/airflow/example_dags/example_params_ui_tutorial.py
[2023-03-28T08:48:41.951+0000] {logging_mixin.py:137} INFO - [2023-03-28T08:48:41.951+0000] {dag.py:2693} INFO - Sync 1 DAGs
[2023-03-28T08:48:42.009+0000] {logging_mixin.py:137} INFO - [2023-03-28T08:48:42.009+0000] {dag.py:3444} INFO - Setting next_dagrun for example_params_ui_tutorial to None, run_after=None
[2023-03-28T08:48:42.227+0000] {processor.py:175} INFO - Processing /home/airflow/.local/lib/python3.7/site-packages/airflow/example_dags/example_params_ui_tutorial.py took 0.598 seconds
[2023-03-28T08:49:12.888+0000] {processor.py:153} INFO - Started process (PID=1959) to work on /home/airflow/.local/lib/python3.7/site-packages/airflow/example_dags/example_params_ui_tutorial.py
[2023-03-28T08:49:12.889+0000] {processor.py:743} INFO - Processing file /home/airflow/.local/lib/python3.7/site-packages/airflow/example_dags/example_params_ui_tutorial.py for tasks to queue
[2023-03-28T08:49:12.890+0000] {logging_mixin.py:137} INFO - [2023-03-28T08:49:12.890+0000] {dagbag.py:532} INFO - Filling up the DagBag from /home/airflow/.local/lib/python3.7/site-packages/airflow/example_dags/example_params_ui_tutorial.py
[2023-03-28T08:49:13.037+0000] {processor.py:753} INFO - DAG(s) dict_keys(['example_params_ui_tutorial']) retrieved from /home/airflow/.local/lib/python3.7/site-packages/airflow/example_dags/example_params_ui_tutorial.py
[2023-03-28T08:49:13.385+0000] {logging_mixin.py:137} INFO - [2023-03-28T08:49:13.385+0000] {dag.py:2693} INFO - Sync 1 DAGs
[2023-03-28T08:49:13.464+0000] {logging_mixin.py:137} INFO - [2023-03-28T08:49:13.464+0000] {dag.py:3444} INFO - Setting next_dagrun for example_params_ui_tutorial to None, run_after=None
[2023-03-28T08:49:13.678+0000] {processor.py:175} INFO - Processing /home/airflow/.local/lib/python3.7/site-packages/airflow/example_dags/example_params_ui_tutorial.py took 0.803 seconds
[2023-03-28T08:49:43.878+0000] {processor.py:153} INFO - Started process (PID=2008) to work on /home/airflow/.local/lib/python3.7/site-packages/airflow/example_dags/example_params_ui_tutorial.py
[2023-03-28T08:49:43.902+0000] {processor.py:743} INFO - Processing file /home/airflow/.local/lib/python3.7/site-packages/airflow/example_dags/example_params_ui_tutorial.py for tasks to queue
[2023-03-28T08:49:43.903+0000] {logging_mixin.py:137} INFO - [2023-03-28T08:49:43.903+0000] {dagbag.py:532} INFO - Filling up the DagBag from /home/airflow/.local/lib/python3.7/site-packages/airflow/example_dags/example_params_ui_tutorial.py
[2023-03-28T08:49:44.012+0000] {processor.py:753} INFO - DAG(s) dict_keys(['example_params_ui_tutorial']) retrieved from /home/airflow/.local/lib/python3.7/site-packages/airflow/example_dags/example_params_ui_tutorial.py
[2023-03-28T08:49:44.301+0000] {logging_mixin.py:137} INFO - [2023-03-28T08:49:44.301+0000] {dag.py:2693} INFO - Sync 1 DAGs
[2023-03-28T08:49:44.376+0000] {logging_mixin.py:137} INFO - [2023-03-28T08:49:44.376+0000] {dag.py:3444} INFO - Setting next_dagrun for example_params_ui_tutorial to None, run_after=None
[2023-03-28T08:49:44.566+0000] {processor.py:175} INFO - Processing /home/airflow/.local/lib/python3.7/site-packages/airflow/example_dags/example_params_ui_tutorial.py took 0.692 seconds
[2023-03-28T08:50:14.758+0000] {processor.py:153} INFO - Started process (PID=2057) to work on /home/airflow/.local/lib/python3.7/site-packages/airflow/example_dags/example_params_ui_tutorial.py
[2023-03-28T08:50:14.759+0000] {processor.py:743} INFO - Processing file /home/airflow/.local/lib/python3.7/site-packages/airflow/example_dags/example_params_ui_tutorial.py for tasks to queue
[2023-03-28T08:50:14.760+0000] {logging_mixin.py:137} INFO - [2023-03-28T08:50:14.760+0000] {dagbag.py:532} INFO - Filling up the DagBag from /home/airflow/.local/lib/python3.7/site-packages/airflow/example_dags/example_params_ui_tutorial.py
[2023-03-28T08:50:14.856+0000] {processor.py:753} INFO - DAG(s) dict_keys(['example_params_ui_tutorial']) retrieved from /home/airflow/.local/lib/python3.7/site-packages/airflow/example_dags/example_params_ui_tutorial.py
[2023-03-28T08:50:15.091+0000] {logging_mixin.py:137} INFO - [2023-03-28T08:50:15.091+0000] {dag.py:2693} INFO - Sync 1 DAGs
[2023-03-28T08:50:15.149+0000] {logging_mixin.py:137} INFO - [2023-03-28T08:50:15.148+0000] {dag.py:3444} INFO - Setting next_dagrun for example_params_ui_tutorial to None, run_after=None
[2023-03-28T08:50:15.315+0000] {processor.py:175} INFO - Processing /home/airflow/.local/lib/python3.7/site-packages/airflow/example_dags/example_params_ui_tutorial.py took 0.561 seconds
[2023-03-28T08:50:45.488+0000] {processor.py:153} INFO - Started process (PID=2106) to work on /home/airflow/.local/lib/python3.7/site-packages/airflow/example_dags/example_params_ui_tutorial.py
[2023-03-28T08:50:45.489+0000] {processor.py:743} INFO - Processing file /home/airflow/.local/lib/python3.7/site-packages/airflow/example_dags/example_params_ui_tutorial.py for tasks to queue
[2023-03-28T08:50:45.494+0000] {logging_mixin.py:137} INFO - [2023-03-28T08:50:45.494+0000] {dagbag.py:532} INFO - Filling up the DagBag from /home/airflow/.local/lib/python3.7/site-packages/airflow/example_dags/example_params_ui_tutorial.py
[2023-03-28T08:50:45.580+0000] {processor.py:753} INFO - DAG(s) dict_keys(['example_params_ui_tutorial']) retrieved from /home/airflow/.local/lib/python3.7/site-packages/airflow/example_dags/example_params_ui_tutorial.py
[2023-03-28T08:50:45.826+0000] {logging_mixin.py:137} INFO - [2023-03-28T08:50:45.826+0000] {dag.py:2693} INFO - Sync 1 DAGs
[2023-03-28T08:50:45.879+0000] {logging_mixin.py:137} INFO - [2023-03-28T08:50:45.879+0000] {dag.py:3444} INFO - Setting next_dagrun for example_params_ui_tutorial to None, run_after=None
[2023-03-28T08:50:46.038+0000] {processor.py:175} INFO - Processing /home/airflow/.local/lib/python3.7/site-packages/airflow/example_dags/example_params_ui_tutorial.py took 0.555 seconds
[2023-03-28T08:51:16.831+0000] {processor.py:153} INFO - Started process (PID=2155) to work on /home/airflow/.local/lib/python3.7/site-packages/airflow/example_dags/example_params_ui_tutorial.py
[2023-03-28T08:51:16.840+0000] {processor.py:743} INFO - Processing file /home/airflow/.local/lib/python3.7/site-packages/airflow/example_dags/example_params_ui_tutorial.py for tasks to queue
[2023-03-28T08:51:16.841+0000] {logging_mixin.py:137} INFO - [2023-03-28T08:51:16.841+0000] {dagbag.py:532} INFO - Filling up the DagBag from /home/airflow/.local/lib/python3.7/site-packages/airflow/example_dags/example_params_ui_tutorial.py
[2023-03-28T08:51:16.942+0000] {processor.py:753} INFO - DAG(s) dict_keys(['example_params_ui_tutorial']) retrieved from /home/airflow/.local/lib/python3.7/site-packages/airflow/example_dags/example_params_ui_tutorial.py
[2023-03-28T08:51:17.190+0000] {logging_mixin.py:137} INFO - [2023-03-28T08:51:17.189+0000] {dag.py:2693} INFO - Sync 1 DAGs
[2023-03-28T08:51:17.249+0000] {logging_mixin.py:137} INFO - [2023-03-28T08:51:17.249+0000] {dag.py:3444} INFO - Setting next_dagrun for example_params_ui_tutorial to None, run_after=None
[2023-03-28T08:51:17.435+0000] {processor.py:175} INFO - Processing /home/airflow/.local/lib/python3.7/site-packages/airflow/example_dags/example_params_ui_tutorial.py took 0.609 seconds
[2023-03-28T08:51:48.095+0000] {processor.py:153} INFO - Started process (PID=2204) to work on /home/airflow/.local/lib/python3.7/site-packages/airflow/example_dags/example_params_ui_tutorial.py
[2023-03-28T08:51:48.097+0000] {processor.py:743} INFO - Processing file /home/airflow/.local/lib/python3.7/site-packages/airflow/example_dags/example_params_ui_tutorial.py for tasks to queue
[2023-03-28T08:51:48.098+0000] {logging_mixin.py:137} INFO - [2023-03-28T08:51:48.098+0000] {dagbag.py:532} INFO - Filling up the DagBag from /home/airflow/.local/lib/python3.7/site-packages/airflow/example_dags/example_params_ui_tutorial.py
[2023-03-28T08:51:48.264+0000] {processor.py:753} INFO - DAG(s) dict_keys(['example_params_ui_tutorial']) retrieved from /home/airflow/.local/lib/python3.7/site-packages/airflow/example_dags/example_params_ui_tutorial.py
[2023-03-28T08:51:48.612+0000] {logging_mixin.py:137} INFO - [2023-03-28T08:51:48.612+0000] {dag.py:2693} INFO - Sync 1 DAGs
[2023-03-28T08:51:48.681+0000] {logging_mixin.py:137} INFO - [2023-03-28T08:51:48.679+0000] {dag.py:3444} INFO - Setting next_dagrun for example_params_ui_tutorial to None, run_after=None
[2023-03-28T08:51:48.878+0000] {processor.py:175} INFO - Processing /home/airflow/.local/lib/python3.7/site-packages/airflow/example_dags/example_params_ui_tutorial.py took 0.793 seconds
[2023-03-28T08:52:19.516+0000] {processor.py:153} INFO - Started process (PID=2253) to work on /home/airflow/.local/lib/python3.7/site-packages/airflow/example_dags/example_params_ui_tutorial.py
[2023-03-28T08:52:19.517+0000] {processor.py:743} INFO - Processing file /home/airflow/.local/lib/python3.7/site-packages/airflow/example_dags/example_params_ui_tutorial.py for tasks to queue
[2023-03-28T08:52:19.517+0000] {logging_mixin.py:137} INFO - [2023-03-28T08:52:19.517+0000] {dagbag.py:532} INFO - Filling up the DagBag from /home/airflow/.local/lib/python3.7/site-packages/airflow/example_dags/example_params_ui_tutorial.py
[2023-03-28T08:52:19.600+0000] {processor.py:753} INFO - DAG(s) dict_keys(['example_params_ui_tutorial']) retrieved from /home/airflow/.local/lib/python3.7/site-packages/airflow/example_dags/example_params_ui_tutorial.py
[2023-03-28T08:52:19.905+0000] {logging_mixin.py:137} INFO - [2023-03-28T08:52:19.905+0000] {dag.py:2693} INFO - Sync 1 DAGs
[2023-03-28T08:52:19.984+0000] {logging_mixin.py:137} INFO - [2023-03-28T08:52:19.984+0000] {dag.py:3444} INFO - Setting next_dagrun for example_params_ui_tutorial to None, run_after=None
[2023-03-28T08:52:20.165+0000] {processor.py:175} INFO - Processing /home/airflow/.local/lib/python3.7/site-packages/airflow/example_dags/example_params_ui_tutorial.py took 0.654 seconds
[2023-03-28T08:52:50.485+0000] {processor.py:153} INFO - Started process (PID=2303) to work on /home/airflow/.local/lib/python3.7/site-packages/airflow/example_dags/example_params_ui_tutorial.py
[2023-03-28T08:52:50.486+0000] {processor.py:743} INFO - Processing file /home/airflow/.local/lib/python3.7/site-packages/airflow/example_dags/example_params_ui_tutorial.py for tasks to queue
[2023-03-28T08:52:50.489+0000] {logging_mixin.py:137} INFO - [2023-03-28T08:52:50.488+0000] {dagbag.py:532} INFO - Filling up the DagBag from /home/airflow/.local/lib/python3.7/site-packages/airflow/example_dags/example_params_ui_tutorial.py
[2023-03-28T08:52:50.583+0000] {processor.py:753} INFO - DAG(s) dict_keys(['example_params_ui_tutorial']) retrieved from /home/airflow/.local/lib/python3.7/site-packages/airflow/example_dags/example_params_ui_tutorial.py
[2023-03-28T08:52:50.815+0000] {logging_mixin.py:137} INFO - [2023-03-28T08:52:50.815+0000] {dag.py:2693} INFO - Sync 1 DAGs
[2023-03-28T08:52:50.866+0000] {logging_mixin.py:137} INFO - [2023-03-28T08:52:50.866+0000] {dag.py:3444} INFO - Setting next_dagrun for example_params_ui_tutorial to None, run_after=None
[2023-03-28T08:52:51.031+0000] {processor.py:175} INFO - Processing /home/airflow/.local/lib/python3.7/site-packages/airflow/example_dags/example_params_ui_tutorial.py took 0.551 seconds
[2023-03-28T08:53:21.435+0000] {processor.py:153} INFO - Started process (PID=2352) to work on /home/airflow/.local/lib/python3.7/site-packages/airflow/example_dags/example_params_ui_tutorial.py
[2023-03-28T08:53:21.436+0000] {processor.py:743} INFO - Processing file /home/airflow/.local/lib/python3.7/site-packages/airflow/example_dags/example_params_ui_tutorial.py for tasks to queue
[2023-03-28T08:53:21.438+0000] {logging_mixin.py:137} INFO - [2023-03-28T08:53:21.437+0000] {dagbag.py:532} INFO - Filling up the DagBag from /home/airflow/.local/lib/python3.7/site-packages/airflow/example_dags/example_params_ui_tutorial.py
[2023-03-28T08:53:21.548+0000] {processor.py:753} INFO - DAG(s) dict_keys(['example_params_ui_tutorial']) retrieved from /home/airflow/.local/lib/python3.7/site-packages/airflow/example_dags/example_params_ui_tutorial.py
[2023-03-28T08:53:21.789+0000] {logging_mixin.py:137} INFO - [2023-03-28T08:53:21.789+0000] {dag.py:2693} INFO - Sync 1 DAGs
[2023-03-28T08:53:21.851+0000] {logging_mixin.py:137} INFO - [2023-03-28T08:53:21.851+0000] {dag.py:3444} INFO - Setting next_dagrun for example_params_ui_tutorial to None, run_after=None
[2023-03-28T08:53:22.028+0000] {processor.py:175} INFO - Processing /home/airflow/.local/lib/python3.7/site-packages/airflow/example_dags/example_params_ui_tutorial.py took 0.598 seconds
[2023-03-28T08:53:52.135+0000] {processor.py:153} INFO - Started process (PID=2401) to work on /home/airflow/.local/lib/python3.7/site-packages/airflow/example_dags/example_params_ui_tutorial.py
[2023-03-28T08:53:52.137+0000] {processor.py:743} INFO - Processing file /home/airflow/.local/lib/python3.7/site-packages/airflow/example_dags/example_params_ui_tutorial.py for tasks to queue
[2023-03-28T08:53:52.137+0000] {logging_mixin.py:137} INFO - [2023-03-28T08:53:52.137+0000] {dagbag.py:532} INFO - Filling up the DagBag from /home/airflow/.local/lib/python3.7/site-packages/airflow/example_dags/example_params_ui_tutorial.py
[2023-03-28T08:53:52.220+0000] {processor.py:753} INFO - DAG(s) dict_keys(['example_params_ui_tutorial']) retrieved from /home/airflow/.local/lib/python3.7/site-packages/airflow/example_dags/example_params_ui_tutorial.py
[2023-03-28T08:53:52.579+0000] {logging_mixin.py:137} INFO - [2023-03-28T08:53:52.579+0000] {dag.py:2693} INFO - Sync 1 DAGs
[2023-03-28T08:53:52.638+0000] {logging_mixin.py:137} INFO - [2023-03-28T08:53:52.638+0000] {dag.py:3444} INFO - Setting next_dagrun for example_params_ui_tutorial to None, run_after=None
[2023-03-28T08:53:52.950+0000] {processor.py:175} INFO - Processing /home/airflow/.local/lib/python3.7/site-packages/airflow/example_dags/example_params_ui_tutorial.py took 0.821 seconds
[2023-03-28T08:54:23.385+0000] {processor.py:153} INFO - Started process (PID=2451) to work on /home/airflow/.local/lib/python3.7/site-packages/airflow/example_dags/example_params_ui_tutorial.py
[2023-03-28T08:54:23.485+0000] {processor.py:743} INFO - Processing file /home/airflow/.local/lib/python3.7/site-packages/airflow/example_dags/example_params_ui_tutorial.py for tasks to queue
[2023-03-28T08:54:23.485+0000] {logging_mixin.py:137} INFO - [2023-03-28T08:54:23.485+0000] {dagbag.py:532} INFO - Filling up the DagBag from /home/airflow/.local/lib/python3.7/site-packages/airflow/example_dags/example_params_ui_tutorial.py
[2023-03-28T08:54:23.573+0000] {processor.py:753} INFO - DAG(s) dict_keys(['example_params_ui_tutorial']) retrieved from /home/airflow/.local/lib/python3.7/site-packages/airflow/example_dags/example_params_ui_tutorial.py
[2023-03-28T08:54:23.808+0000] {logging_mixin.py:137} INFO - [2023-03-28T08:54:23.808+0000] {dag.py:2693} INFO - Sync 1 DAGs
[2023-03-28T08:54:23.863+0000] {logging_mixin.py:137} INFO - [2023-03-28T08:54:23.862+0000] {dag.py:3444} INFO - Setting next_dagrun for example_params_ui_tutorial to None, run_after=None
[2023-03-28T08:54:24.031+0000] {processor.py:175} INFO - Processing /home/airflow/.local/lib/python3.7/site-packages/airflow/example_dags/example_params_ui_tutorial.py took 0.652 seconds
[2023-03-28T08:54:54.448+0000] {processor.py:153} INFO - Started process (PID=2507) to work on /home/airflow/.local/lib/python3.7/site-packages/airflow/example_dags/example_params_ui_tutorial.py
[2023-03-28T08:54:54.449+0000] {processor.py:743} INFO - Processing file /home/airflow/.local/lib/python3.7/site-packages/airflow/example_dags/example_params_ui_tutorial.py for tasks to queue
[2023-03-28T08:54:54.450+0000] {logging_mixin.py:137} INFO - [2023-03-28T08:54:54.450+0000] {dagbag.py:532} INFO - Filling up the DagBag from /home/airflow/.local/lib/python3.7/site-packages/airflow/example_dags/example_params_ui_tutorial.py
[2023-03-28T08:54:54.594+0000] {processor.py:753} INFO - DAG(s) dict_keys(['example_params_ui_tutorial']) retrieved from /home/airflow/.local/lib/python3.7/site-packages/airflow/example_dags/example_params_ui_tutorial.py
[2023-03-28T08:54:54.860+0000] {logging_mixin.py:137} INFO - [2023-03-28T08:54:54.860+0000] {dag.py:2693} INFO - Sync 1 DAGs
[2023-03-28T08:54:54.929+0000] {logging_mixin.py:137} INFO - [2023-03-28T08:54:54.929+0000] {dag.py:3444} INFO - Setting next_dagrun for example_params_ui_tutorial to None, run_after=None
[2023-03-28T08:54:55.114+0000] {processor.py:175} INFO - Processing /home/airflow/.local/lib/python3.7/site-packages/airflow/example_dags/example_params_ui_tutorial.py took 0.677 seconds
[2023-03-28T08:55:25.272+0000] {processor.py:153} INFO - Started process (PID=2556) to work on /home/airflow/.local/lib/python3.7/site-packages/airflow/example_dags/example_params_ui_tutorial.py
[2023-03-28T08:55:25.273+0000] {processor.py:743} INFO - Processing file /home/airflow/.local/lib/python3.7/site-packages/airflow/example_dags/example_params_ui_tutorial.py for tasks to queue
[2023-03-28T08:55:25.274+0000] {logging_mixin.py:137} INFO - [2023-03-28T08:55:25.274+0000] {dagbag.py:532} INFO - Filling up the DagBag from /home/airflow/.local/lib/python3.7/site-packages/airflow/example_dags/example_params_ui_tutorial.py
[2023-03-28T08:55:25.371+0000] {processor.py:753} INFO - DAG(s) dict_keys(['example_params_ui_tutorial']) retrieved from /home/airflow/.local/lib/python3.7/site-packages/airflow/example_dags/example_params_ui_tutorial.py
[2023-03-28T08:55:25.603+0000] {logging_mixin.py:137} INFO - [2023-03-28T08:55:25.603+0000] {dag.py:2693} INFO - Sync 1 DAGs
[2023-03-28T08:55:25.658+0000] {logging_mixin.py:137} INFO - [2023-03-28T08:55:25.657+0000] {dag.py:3444} INFO - Setting next_dagrun for example_params_ui_tutorial to None, run_after=None
[2023-03-28T08:55:25.841+0000] {processor.py:175} INFO - Processing /home/airflow/.local/lib/python3.7/site-packages/airflow/example_dags/example_params_ui_tutorial.py took 0.574 seconds
[2023-03-28T08:55:56.092+0000] {processor.py:153} INFO - Started process (PID=2605) to work on /home/airflow/.local/lib/python3.7/site-packages/airflow/example_dags/example_params_ui_tutorial.py
[2023-03-28T08:55:56.093+0000] {processor.py:743} INFO - Processing file /home/airflow/.local/lib/python3.7/site-packages/airflow/example_dags/example_params_ui_tutorial.py for tasks to queue
[2023-03-28T08:55:56.094+0000] {logging_mixin.py:137} INFO - [2023-03-28T08:55:56.094+0000] {dagbag.py:532} INFO - Filling up the DagBag from /home/airflow/.local/lib/python3.7/site-packages/airflow/example_dags/example_params_ui_tutorial.py
[2023-03-28T08:55:56.180+0000] {processor.py:753} INFO - DAG(s) dict_keys(['example_params_ui_tutorial']) retrieved from /home/airflow/.local/lib/python3.7/site-packages/airflow/example_dags/example_params_ui_tutorial.py
[2023-03-28T08:55:56.491+0000] {logging_mixin.py:137} INFO - [2023-03-28T08:55:56.491+0000] {dag.py:2693} INFO - Sync 1 DAGs
[2023-03-28T08:55:56.562+0000] {logging_mixin.py:137} INFO - [2023-03-28T08:55:56.562+0000] {dag.py:3444} INFO - Setting next_dagrun for example_params_ui_tutorial to None, run_after=None
[2023-03-28T08:55:56.746+0000] {processor.py:175} INFO - Processing /home/airflow/.local/lib/python3.7/site-packages/airflow/example_dags/example_params_ui_tutorial.py took 0.658 seconds
[2023-03-28T08:56:27.224+0000] {processor.py:153} INFO - Started process (PID=2654) to work on /home/airflow/.local/lib/python3.7/site-packages/airflow/example_dags/example_params_ui_tutorial.py
[2023-03-28T08:56:27.227+0000] {processor.py:743} INFO - Processing file /home/airflow/.local/lib/python3.7/site-packages/airflow/example_dags/example_params_ui_tutorial.py for tasks to queue
[2023-03-28T08:56:27.228+0000] {logging_mixin.py:137} INFO - [2023-03-28T08:56:27.228+0000] {dagbag.py:532} INFO - Filling up the DagBag from /home/airflow/.local/lib/python3.7/site-packages/airflow/example_dags/example_params_ui_tutorial.py
[2023-03-28T08:56:27.330+0000] {processor.py:753} INFO - DAG(s) dict_keys(['example_params_ui_tutorial']) retrieved from /home/airflow/.local/lib/python3.7/site-packages/airflow/example_dags/example_params_ui_tutorial.py
[2023-03-28T08:56:27.579+0000] {logging_mixin.py:137} INFO - [2023-03-28T08:56:27.579+0000] {dag.py:2693} INFO - Sync 1 DAGs
[2023-03-28T08:56:27.654+0000] {logging_mixin.py:137} INFO - [2023-03-28T08:56:27.654+0000] {dag.py:3444} INFO - Setting next_dagrun for example_params_ui_tutorial to None, run_after=None
[2023-03-28T08:56:27.881+0000] {processor.py:175} INFO - Processing /home/airflow/.local/lib/python3.7/site-packages/airflow/example_dags/example_params_ui_tutorial.py took 0.662 seconds
[2023-03-28T08:56:57.956+0000] {processor.py:153} INFO - Started process (PID=2703) to work on /home/airflow/.local/lib/python3.7/site-packages/airflow/example_dags/example_params_ui_tutorial.py
[2023-03-28T08:56:57.957+0000] {processor.py:743} INFO - Processing file /home/airflow/.local/lib/python3.7/site-packages/airflow/example_dags/example_params_ui_tutorial.py for tasks to queue
[2023-03-28T08:56:57.958+0000] {logging_mixin.py:137} INFO - [2023-03-28T08:56:57.958+0000] {dagbag.py:532} INFO - Filling up the DagBag from /home/airflow/.local/lib/python3.7/site-packages/airflow/example_dags/example_params_ui_tutorial.py
[2023-03-28T08:56:58.037+0000] {processor.py:753} INFO - DAG(s) dict_keys(['example_params_ui_tutorial']) retrieved from /home/airflow/.local/lib/python3.7/site-packages/airflow/example_dags/example_params_ui_tutorial.py
[2023-03-28T08:56:58.274+0000] {logging_mixin.py:137} INFO - [2023-03-28T08:56:58.273+0000] {dag.py:2693} INFO - Sync 1 DAGs
[2023-03-28T08:56:58.332+0000] {logging_mixin.py:137} INFO - [2023-03-28T08:56:58.332+0000] {dag.py:3444} INFO - Setting next_dagrun for example_params_ui_tutorial to None, run_after=None
[2023-03-28T08:56:58.503+0000] {processor.py:175} INFO - Processing /home/airflow/.local/lib/python3.7/site-packages/airflow/example_dags/example_params_ui_tutorial.py took 0.553 seconds
[2023-03-28T08:57:28.990+0000] {processor.py:153} INFO - Started process (PID=2752) to work on /home/airflow/.local/lib/python3.7/site-packages/airflow/example_dags/example_params_ui_tutorial.py
[2023-03-28T08:57:28.991+0000] {processor.py:743} INFO - Processing file /home/airflow/.local/lib/python3.7/site-packages/airflow/example_dags/example_params_ui_tutorial.py for tasks to queue
[2023-03-28T08:57:28.992+0000] {logging_mixin.py:137} INFO - [2023-03-28T08:57:28.992+0000] {dagbag.py:532} INFO - Filling up the DagBag from /home/airflow/.local/lib/python3.7/site-packages/airflow/example_dags/example_params_ui_tutorial.py
[2023-03-28T08:57:29.058+0000] {processor.py:753} INFO - DAG(s) dict_keys(['example_params_ui_tutorial']) retrieved from /home/airflow/.local/lib/python3.7/site-packages/airflow/example_dags/example_params_ui_tutorial.py
[2023-03-28T08:57:29.335+0000] {logging_mixin.py:137} INFO - [2023-03-28T08:57:29.335+0000] {dag.py:2693} INFO - Sync 1 DAGs
[2023-03-28T08:57:29.388+0000] {logging_mixin.py:137} INFO - [2023-03-28T08:57:29.388+0000] {dag.py:3444} INFO - Setting next_dagrun for example_params_ui_tutorial to None, run_after=None
[2023-03-28T08:57:29.553+0000] {processor.py:175} INFO - Processing /home/airflow/.local/lib/python3.7/site-packages/airflow/example_dags/example_params_ui_tutorial.py took 0.568 seconds
[2023-03-28T08:57:59.662+0000] {processor.py:153} INFO - Started process (PID=2801) to work on /home/airflow/.local/lib/python3.7/site-packages/airflow/example_dags/example_params_ui_tutorial.py
[2023-03-28T08:57:59.663+0000] {processor.py:743} INFO - Processing file /home/airflow/.local/lib/python3.7/site-packages/airflow/example_dags/example_params_ui_tutorial.py for tasks to queue
[2023-03-28T08:57:59.664+0000] {logging_mixin.py:137} INFO - [2023-03-28T08:57:59.664+0000] {dagbag.py:532} INFO - Filling up the DagBag from /home/airflow/.local/lib/python3.7/site-packages/airflow/example_dags/example_params_ui_tutorial.py
[2023-03-28T08:57:59.727+0000] {processor.py:753} INFO - DAG(s) dict_keys(['example_params_ui_tutorial']) retrieved from /home/airflow/.local/lib/python3.7/site-packages/airflow/example_dags/example_params_ui_tutorial.py
[2023-03-28T08:58:00.225+0000] {logging_mixin.py:137} INFO - [2023-03-28T08:58:00.225+0000] {dag.py:2693} INFO - Sync 1 DAGs
[2023-03-28T08:58:00.279+0000] {logging_mixin.py:137} INFO - [2023-03-28T08:58:00.278+0000] {dag.py:3444} INFO - Setting next_dagrun for example_params_ui_tutorial to None, run_after=None
[2023-03-28T08:58:00.460+0000] {processor.py:175} INFO - Processing /home/airflow/.local/lib/python3.7/site-packages/airflow/example_dags/example_params_ui_tutorial.py took 0.802 seconds
[2023-03-28T08:58:31.264+0000] {processor.py:153} INFO - Started process (PID=2850) to work on /home/airflow/.local/lib/python3.7/site-packages/airflow/example_dags/example_params_ui_tutorial.py
[2023-03-28T08:58:31.266+0000] {processor.py:743} INFO - Processing file /home/airflow/.local/lib/python3.7/site-packages/airflow/example_dags/example_params_ui_tutorial.py for tasks to queue
[2023-03-28T08:58:31.267+0000] {logging_mixin.py:137} INFO - [2023-03-28T08:58:31.266+0000] {dagbag.py:532} INFO - Filling up the DagBag from /home/airflow/.local/lib/python3.7/site-packages/airflow/example_dags/example_params_ui_tutorial.py
[2023-03-28T08:58:31.419+0000] {processor.py:753} INFO - DAG(s) dict_keys(['example_params_ui_tutorial']) retrieved from /home/airflow/.local/lib/python3.7/site-packages/airflow/example_dags/example_params_ui_tutorial.py
[2023-03-28T08:58:31.684+0000] {logging_mixin.py:137} INFO - [2023-03-28T08:58:31.684+0000] {dag.py:2693} INFO - Sync 1 DAGs
[2023-03-28T08:58:31.741+0000] {logging_mixin.py:137} INFO - [2023-03-28T08:58:31.741+0000] {dag.py:3444} INFO - Setting next_dagrun for example_params_ui_tutorial to None, run_after=None
[2023-03-28T08:58:31.927+0000] {processor.py:175} INFO - Processing /home/airflow/.local/lib/python3.7/site-packages/airflow/example_dags/example_params_ui_tutorial.py took 0.671 seconds
[2023-03-28T08:59:02.285+0000] {processor.py:153} INFO - Started process (PID=2900) to work on /home/airflow/.local/lib/python3.7/site-packages/airflow/example_dags/example_params_ui_tutorial.py
[2023-03-28T08:59:02.287+0000] {processor.py:743} INFO - Processing file /home/airflow/.local/lib/python3.7/site-packages/airflow/example_dags/example_params_ui_tutorial.py for tasks to queue
[2023-03-28T08:59:02.288+0000] {logging_mixin.py:137} INFO - [2023-03-28T08:59:02.288+0000] {dagbag.py:532} INFO - Filling up the DagBag from /home/airflow/.local/lib/python3.7/site-packages/airflow/example_dags/example_params_ui_tutorial.py
[2023-03-28T08:59:02.367+0000] {processor.py:753} INFO - DAG(s) dict_keys(['example_params_ui_tutorial']) retrieved from /home/airflow/.local/lib/python3.7/site-packages/airflow/example_dags/example_params_ui_tutorial.py
[2023-03-28T08:59:02.637+0000] {logging_mixin.py:137} INFO - [2023-03-28T08:59:02.637+0000] {dag.py:2693} INFO - Sync 1 DAGs
[2023-03-28T08:59:02.739+0000] {logging_mixin.py:137} INFO - [2023-03-28T08:59:02.739+0000] {dag.py:3444} INFO - Setting next_dagrun for example_params_ui_tutorial to None, run_after=None
[2023-03-28T08:59:03.058+0000] {processor.py:175} INFO - Processing /home/airflow/.local/lib/python3.7/site-packages/airflow/example_dags/example_params_ui_tutorial.py took 0.785 seconds
[2023-03-28T08:59:33.531+0000] {processor.py:153} INFO - Started process (PID=2951) to work on /home/airflow/.local/lib/python3.7/site-packages/airflow/example_dags/example_params_ui_tutorial.py
[2023-03-28T08:59:33.533+0000] {processor.py:743} INFO - Processing file /home/airflow/.local/lib/python3.7/site-packages/airflow/example_dags/example_params_ui_tutorial.py for tasks to queue
[2023-03-28T08:59:33.533+0000] {logging_mixin.py:137} INFO - [2023-03-28T08:59:33.533+0000] {dagbag.py:532} INFO - Filling up the DagBag from /home/airflow/.local/lib/python3.7/site-packages/airflow/example_dags/example_params_ui_tutorial.py
[2023-03-28T08:59:33.606+0000] {processor.py:753} INFO - DAG(s) dict_keys(['example_params_ui_tutorial']) retrieved from /home/airflow/.local/lib/python3.7/site-packages/airflow/example_dags/example_params_ui_tutorial.py
[2023-03-28T08:59:33.845+0000] {logging_mixin.py:137} INFO - [2023-03-28T08:59:33.844+0000] {dag.py:2693} INFO - Sync 1 DAGs
[2023-03-28T08:59:33.898+0000] {logging_mixin.py:137} INFO - [2023-03-28T08:59:33.898+0000] {dag.py:3444} INFO - Setting next_dagrun for example_params_ui_tutorial to None, run_after=None
[2023-03-28T08:59:34.073+0000] {processor.py:175} INFO - Processing /home/airflow/.local/lib/python3.7/site-packages/airflow/example_dags/example_params_ui_tutorial.py took 0.546 seconds
