[2023-03-28T05:28:14.980+0000] {processor.py:153} INFO - Started process (PID=69) to work on /home/airflow/.local/lib/python3.7/site-packages/airflow/example_dags/example_kubernetes_executor.py
[2023-03-28T05:28:14.981+0000] {processor.py:743} INFO - Processing file /home/airflow/.local/lib/python3.7/site-packages/airflow/example_dags/example_kubernetes_executor.py for tasks to queue
[2023-03-28T05:28:14.981+0000] {logging_mixin.py:137} INFO - [2023-03-28T05:28:14.981+0000] {dagbag.py:532} INFO - Filling up the DagBag from /home/airflow/.local/lib/python3.7/site-packages/airflow/example_dags/example_kubernetes_executor.py
[2023-03-28T05:28:14.998+0000] {processor.py:753} INFO - DAG(s) dict_keys(['example_kubernetes_executor']) retrieved from /home/airflow/.local/lib/python3.7/site-packages/airflow/example_dags/example_kubernetes_executor.py
[2023-03-28T05:28:15.173+0000] {logging_mixin.py:137} INFO - [2023-03-28T05:28:15.173+0000] {dag.py:2693} INFO - Sync 1 DAGs
[2023-03-28T05:28:15.259+0000] {logging_mixin.py:137} INFO - [2023-03-28T05:28:15.259+0000] {dag.py:3444} INFO - Setting next_dagrun for example_kubernetes_executor to None, run_after=None
[2023-03-28T05:28:15.410+0000] {processor.py:175} INFO - Processing /home/airflow/.local/lib/python3.7/site-packages/airflow/example_dags/example_kubernetes_executor.py took 0.431 seconds
[2023-03-28T05:28:45.673+0000] {processor.py:153} INFO - Started process (PID=118) to work on /home/airflow/.local/lib/python3.7/site-packages/airflow/example_dags/example_kubernetes_executor.py
[2023-03-28T05:28:45.673+0000] {processor.py:743} INFO - Processing file /home/airflow/.local/lib/python3.7/site-packages/airflow/example_dags/example_kubernetes_executor.py for tasks to queue
[2023-03-28T05:28:45.673+0000] {logging_mixin.py:137} INFO - [2023-03-28T05:28:45.673+0000] {dagbag.py:532} INFO - Filling up the DagBag from /home/airflow/.local/lib/python3.7/site-packages/airflow/example_dags/example_kubernetes_executor.py
[2023-03-28T05:28:45.689+0000] {processor.py:753} INFO - DAG(s) dict_keys(['example_kubernetes_executor']) retrieved from /home/airflow/.local/lib/python3.7/site-packages/airflow/example_dags/example_kubernetes_executor.py
[2023-03-28T05:28:45.873+0000] {logging_mixin.py:137} INFO - [2023-03-28T05:28:45.873+0000] {dag.py:2693} INFO - Sync 1 DAGs
[2023-03-28T05:28:45.963+0000] {logging_mixin.py:137} INFO - [2023-03-28T05:28:45.963+0000] {dag.py:3444} INFO - Setting next_dagrun for example_kubernetes_executor to None, run_after=None
[2023-03-28T05:28:46.143+0000] {processor.py:175} INFO - Processing /home/airflow/.local/lib/python3.7/site-packages/airflow/example_dags/example_kubernetes_executor.py took 0.472 seconds
[2023-03-28T05:29:16.294+0000] {processor.py:153} INFO - Started process (PID=167) to work on /home/airflow/.local/lib/python3.7/site-packages/airflow/example_dags/example_kubernetes_executor.py
[2023-03-28T05:29:16.295+0000] {processor.py:743} INFO - Processing file /home/airflow/.local/lib/python3.7/site-packages/airflow/example_dags/example_kubernetes_executor.py for tasks to queue
[2023-03-28T05:29:16.295+0000] {logging_mixin.py:137} INFO - [2023-03-28T05:29:16.295+0000] {dagbag.py:532} INFO - Filling up the DagBag from /home/airflow/.local/lib/python3.7/site-packages/airflow/example_dags/example_kubernetes_executor.py
[2023-03-28T05:29:16.313+0000] {processor.py:753} INFO - DAG(s) dict_keys(['example_kubernetes_executor']) retrieved from /home/airflow/.local/lib/python3.7/site-packages/airflow/example_dags/example_kubernetes_executor.py
[2023-03-28T05:29:16.490+0000] {logging_mixin.py:137} INFO - [2023-03-28T05:29:16.489+0000] {dag.py:2693} INFO - Sync 1 DAGs
[2023-03-28T05:29:16.591+0000] {logging_mixin.py:137} INFO - [2023-03-28T05:29:16.591+0000] {dag.py:3444} INFO - Setting next_dagrun for example_kubernetes_executor to None, run_after=None
[2023-03-28T05:29:16.816+0000] {processor.py:175} INFO - Processing /home/airflow/.local/lib/python3.7/site-packages/airflow/example_dags/example_kubernetes_executor.py took 0.523 seconds
[2023-03-28T05:29:47.920+0000] {processor.py:153} INFO - Started process (PID=216) to work on /home/airflow/.local/lib/python3.7/site-packages/airflow/example_dags/example_kubernetes_executor.py
[2023-03-28T05:29:47.930+0000] {processor.py:743} INFO - Processing file /home/airflow/.local/lib/python3.7/site-packages/airflow/example_dags/example_kubernetes_executor.py for tasks to queue
[2023-03-28T05:29:47.931+0000] {logging_mixin.py:137} INFO - [2023-03-28T05:29:47.930+0000] {dagbag.py:532} INFO - Filling up the DagBag from /home/airflow/.local/lib/python3.7/site-packages/airflow/example_dags/example_kubernetes_executor.py
[2023-03-28T05:29:47.946+0000] {processor.py:753} INFO - DAG(s) dict_keys(['example_kubernetes_executor']) retrieved from /home/airflow/.local/lib/python3.7/site-packages/airflow/example_dags/example_kubernetes_executor.py
[2023-03-28T05:29:48.125+0000] {logging_mixin.py:137} INFO - [2023-03-28T05:29:48.125+0000] {dag.py:2693} INFO - Sync 1 DAGs
[2023-03-28T05:29:48.221+0000] {logging_mixin.py:137} INFO - [2023-03-28T05:29:48.221+0000] {dag.py:3444} INFO - Setting next_dagrun for example_kubernetes_executor to None, run_after=None
[2023-03-28T05:29:48.395+0000] {processor.py:175} INFO - Processing /home/airflow/.local/lib/python3.7/site-packages/airflow/example_dags/example_kubernetes_executor.py took 0.476 seconds
[2023-03-28T05:30:18.658+0000] {processor.py:153} INFO - Started process (PID=265) to work on /home/airflow/.local/lib/python3.7/site-packages/airflow/example_dags/example_kubernetes_executor.py
[2023-03-28T05:30:18.658+0000] {processor.py:743} INFO - Processing file /home/airflow/.local/lib/python3.7/site-packages/airflow/example_dags/example_kubernetes_executor.py for tasks to queue
[2023-03-28T05:30:18.659+0000] {logging_mixin.py:137} INFO - [2023-03-28T05:30:18.659+0000] {dagbag.py:532} INFO - Filling up the DagBag from /home/airflow/.local/lib/python3.7/site-packages/airflow/example_dags/example_kubernetes_executor.py
[2023-03-28T05:30:18.675+0000] {processor.py:753} INFO - DAG(s) dict_keys(['example_kubernetes_executor']) retrieved from /home/airflow/.local/lib/python3.7/site-packages/airflow/example_dags/example_kubernetes_executor.py
[2023-03-28T05:30:18.889+0000] {logging_mixin.py:137} INFO - [2023-03-28T05:30:18.889+0000] {dag.py:2693} INFO - Sync 1 DAGs
[2023-03-28T05:30:18.970+0000] {logging_mixin.py:137} INFO - [2023-03-28T05:30:18.970+0000] {dag.py:3444} INFO - Setting next_dagrun for example_kubernetes_executor to None, run_after=None
[2023-03-28T05:30:19.158+0000] {processor.py:175} INFO - Processing /home/airflow/.local/lib/python3.7/site-packages/airflow/example_dags/example_kubernetes_executor.py took 0.502 seconds
[2023-03-28T05:30:49.356+0000] {processor.py:153} INFO - Started process (PID=321) to work on /home/airflow/.local/lib/python3.7/site-packages/airflow/example_dags/example_kubernetes_executor.py
[2023-03-28T05:30:49.357+0000] {processor.py:743} INFO - Processing file /home/airflow/.local/lib/python3.7/site-packages/airflow/example_dags/example_kubernetes_executor.py for tasks to queue
[2023-03-28T05:30:49.357+0000] {logging_mixin.py:137} INFO - [2023-03-28T05:30:49.357+0000] {dagbag.py:532} INFO - Filling up the DagBag from /home/airflow/.local/lib/python3.7/site-packages/airflow/example_dags/example_kubernetes_executor.py
[2023-03-28T05:30:49.375+0000] {processor.py:753} INFO - DAG(s) dict_keys(['example_kubernetes_executor']) retrieved from /home/airflow/.local/lib/python3.7/site-packages/airflow/example_dags/example_kubernetes_executor.py
[2023-03-28T05:30:49.545+0000] {logging_mixin.py:137} INFO - [2023-03-28T05:30:49.545+0000] {dag.py:2693} INFO - Sync 1 DAGs
[2023-03-28T05:30:49.643+0000] {logging_mixin.py:137} INFO - [2023-03-28T05:30:49.643+0000] {dag.py:3444} INFO - Setting next_dagrun for example_kubernetes_executor to None, run_after=None
[2023-03-28T05:30:49.811+0000] {processor.py:175} INFO - Processing /home/airflow/.local/lib/python3.7/site-packages/airflow/example_dags/example_kubernetes_executor.py took 0.456 seconds
[2023-03-28T05:31:19.882+0000] {processor.py:153} INFO - Started process (PID=398) to work on /home/airflow/.local/lib/python3.7/site-packages/airflow/example_dags/example_kubernetes_executor.py
[2023-03-28T05:31:19.883+0000] {processor.py:743} INFO - Processing file /home/airflow/.local/lib/python3.7/site-packages/airflow/example_dags/example_kubernetes_executor.py for tasks to queue
[2023-03-28T05:31:19.883+0000] {logging_mixin.py:137} INFO - [2023-03-28T05:31:19.883+0000] {dagbag.py:532} INFO - Filling up the DagBag from /home/airflow/.local/lib/python3.7/site-packages/airflow/example_dags/example_kubernetes_executor.py
[2023-03-28T05:31:19.901+0000] {processor.py:753} INFO - DAG(s) dict_keys(['example_kubernetes_executor']) retrieved from /home/airflow/.local/lib/python3.7/site-packages/airflow/example_dags/example_kubernetes_executor.py
[2023-03-28T05:31:20.064+0000] {logging_mixin.py:137} INFO - [2023-03-28T05:31:20.064+0000] {dag.py:2693} INFO - Sync 1 DAGs
[2023-03-28T05:31:20.150+0000] {logging_mixin.py:137} INFO - [2023-03-28T05:31:20.150+0000] {dag.py:3444} INFO - Setting next_dagrun for example_kubernetes_executor to None, run_after=None
[2023-03-28T05:31:20.316+0000] {processor.py:175} INFO - Processing /home/airflow/.local/lib/python3.7/site-packages/airflow/example_dags/example_kubernetes_executor.py took 0.436 seconds
