[2023-03-28T05:28:20.579+0000] {processor.py:153} INFO - Started process (PID=86) to work on /home/airflow/.local/lib/python3.7/site-packages/airflow/example_dags/example_python_operator.py
[2023-03-28T05:28:20.579+0000] {processor.py:743} INFO - Processing file /home/airflow/.local/lib/python3.7/site-packages/airflow/example_dags/example_python_operator.py for tasks to queue
[2023-03-28T05:28:20.580+0000] {logging_mixin.py:137} INFO - [2023-03-28T05:28:20.579+0000] {dagbag.py:532} INFO - Filling up the DagBag from /home/airflow/.local/lib/python3.7/site-packages/airflow/example_dags/example_python_operator.py
[2023-03-28T05:28:20.592+0000] {logging_mixin.py:137} INFO - [2023-03-28T05:28:20.592+0000] {taskmixin.py:211} WARNING - Dependency <Task(_PythonDecoratedOperator): print_the_context>, log_sql_query already registered for DAG: example_python_operator
[2023-03-28T05:28:20.592+0000] {logging_mixin.py:137} INFO - [2023-03-28T05:28:20.592+0000] {taskmixin.py:211} WARNING - Dependency <Task(_PythonDecoratedOperator): log_sql_query>, print_the_context already registered for DAG: example_python_operator
[2023-03-28T05:28:20.592+0000] {logging_mixin.py:137} INFO - [2023-03-28T05:28:20.592+0000] {taskmixin.py:211} WARNING - Dependency <Task(_PythonDecoratedOperator): print_the_context>, log_sql_query already registered for DAG: example_python_operator
[2023-03-28T05:28:20.592+0000] {logging_mixin.py:137} INFO - [2023-03-28T05:28:20.592+0000] {taskmixin.py:211} WARNING - Dependency <Task(_PythonDecoratedOperator): log_sql_query>, print_the_context already registered for DAG: example_python_operator
[2023-03-28T05:28:20.593+0000] {logging_mixin.py:137} INFO - [2023-03-28T05:28:20.592+0000] {taskmixin.py:211} WARNING - Dependency <Task(_PythonDecoratedOperator): print_the_context>, log_sql_query already registered for DAG: example_python_operator
[2023-03-28T05:28:20.593+0000] {logging_mixin.py:137} INFO - [2023-03-28T05:28:20.593+0000] {taskmixin.py:211} WARNING - Dependency <Task(_PythonDecoratedOperator): log_sql_query>, print_the_context already registered for DAG: example_python_operator
[2023-03-28T05:28:20.593+0000] {logging_mixin.py:137} INFO - [2023-03-28T05:28:20.593+0000] {taskmixin.py:211} WARNING - Dependency <Task(_PythonDecoratedOperator): print_the_context>, log_sql_query already registered for DAG: example_python_operator
[2023-03-28T05:28:20.593+0000] {logging_mixin.py:137} INFO - [2023-03-28T05:28:20.593+0000] {taskmixin.py:211} WARNING - Dependency <Task(_PythonDecoratedOperator): log_sql_query>, print_the_context already registered for DAG: example_python_operator
[2023-03-28T05:28:20.596+0000] {processor.py:753} INFO - DAG(s) dict_keys(['example_python_operator']) retrieved from /home/airflow/.local/lib/python3.7/site-packages/airflow/example_dags/example_python_operator.py
[2023-03-28T05:28:20.850+0000] {logging_mixin.py:137} INFO - [2023-03-28T05:28:20.850+0000] {dag.py:2693} INFO - Sync 1 DAGs
[2023-03-28T05:28:20.935+0000] {logging_mixin.py:137} INFO - [2023-03-28T05:28:20.934+0000] {dag.py:3444} INFO - Setting next_dagrun for example_python_operator to None, run_after=None
[2023-03-28T05:28:21.118+0000] {processor.py:175} INFO - Processing /home/airflow/.local/lib/python3.7/site-packages/airflow/example_dags/example_python_operator.py took 0.541 seconds
[2023-03-28T05:28:51.577+0000] {processor.py:153} INFO - Started process (PID=135) to work on /home/airflow/.local/lib/python3.7/site-packages/airflow/example_dags/example_python_operator.py
[2023-03-28T05:28:51.578+0000] {processor.py:743} INFO - Processing file /home/airflow/.local/lib/python3.7/site-packages/airflow/example_dags/example_python_operator.py for tasks to queue
[2023-03-28T05:28:51.578+0000] {logging_mixin.py:137} INFO - [2023-03-28T05:28:51.578+0000] {dagbag.py:532} INFO - Filling up the DagBag from /home/airflow/.local/lib/python3.7/site-packages/airflow/example_dags/example_python_operator.py
[2023-03-28T05:28:51.588+0000] {logging_mixin.py:137} INFO - [2023-03-28T05:28:51.588+0000] {taskmixin.py:211} WARNING - Dependency <Task(_PythonDecoratedOperator): print_the_context>, log_sql_query already registered for DAG: example_python_operator
[2023-03-28T05:28:51.588+0000] {logging_mixin.py:137} INFO - [2023-03-28T05:28:51.588+0000] {taskmixin.py:211} WARNING - Dependency <Task(_PythonDecoratedOperator): log_sql_query>, print_the_context already registered for DAG: example_python_operator
[2023-03-28T05:28:51.588+0000] {logging_mixin.py:137} INFO - [2023-03-28T05:28:51.588+0000] {taskmixin.py:211} WARNING - Dependency <Task(_PythonDecoratedOperator): print_the_context>, log_sql_query already registered for DAG: example_python_operator
[2023-03-28T05:28:51.588+0000] {logging_mixin.py:137} INFO - [2023-03-28T05:28:51.588+0000] {taskmixin.py:211} WARNING - Dependency <Task(_PythonDecoratedOperator): log_sql_query>, print_the_context already registered for DAG: example_python_operator
[2023-03-28T05:28:51.589+0000] {logging_mixin.py:137} INFO - [2023-03-28T05:28:51.589+0000] {taskmixin.py:211} WARNING - Dependency <Task(_PythonDecoratedOperator): print_the_context>, log_sql_query already registered for DAG: example_python_operator
[2023-03-28T05:28:51.589+0000] {logging_mixin.py:137} INFO - [2023-03-28T05:28:51.589+0000] {taskmixin.py:211} WARNING - Dependency <Task(_PythonDecoratedOperator): log_sql_query>, print_the_context already registered for DAG: example_python_operator
[2023-03-28T05:28:51.589+0000] {logging_mixin.py:137} INFO - [2023-03-28T05:28:51.589+0000] {taskmixin.py:211} WARNING - Dependency <Task(_PythonDecoratedOperator): print_the_context>, log_sql_query already registered for DAG: example_python_operator
[2023-03-28T05:28:51.589+0000] {logging_mixin.py:137} INFO - [2023-03-28T05:28:51.589+0000] {taskmixin.py:211} WARNING - Dependency <Task(_PythonDecoratedOperator): log_sql_query>, print_the_context already registered for DAG: example_python_operator
[2023-03-28T05:28:51.593+0000] {processor.py:753} INFO - DAG(s) dict_keys(['example_python_operator']) retrieved from /home/airflow/.local/lib/python3.7/site-packages/airflow/example_dags/example_python_operator.py
[2023-03-28T05:28:51.760+0000] {logging_mixin.py:137} INFO - [2023-03-28T05:28:51.760+0000] {dag.py:2693} INFO - Sync 1 DAGs
[2023-03-28T05:28:51.849+0000] {logging_mixin.py:137} INFO - [2023-03-28T05:28:51.849+0000] {dag.py:3444} INFO - Setting next_dagrun for example_python_operator to None, run_after=None
[2023-03-28T05:28:52.015+0000] {processor.py:175} INFO - Processing /home/airflow/.local/lib/python3.7/site-packages/airflow/example_dags/example_python_operator.py took 0.440 seconds
[2023-03-28T05:29:22.247+0000] {processor.py:153} INFO - Started process (PID=184) to work on /home/airflow/.local/lib/python3.7/site-packages/airflow/example_dags/example_python_operator.py
[2023-03-28T05:29:22.247+0000] {processor.py:743} INFO - Processing file /home/airflow/.local/lib/python3.7/site-packages/airflow/example_dags/example_python_operator.py for tasks to queue
[2023-03-28T05:29:22.247+0000] {logging_mixin.py:137} INFO - [2023-03-28T05:29:22.247+0000] {dagbag.py:532} INFO - Filling up the DagBag from /home/airflow/.local/lib/python3.7/site-packages/airflow/example_dags/example_python_operator.py
[2023-03-28T05:29:22.258+0000] {logging_mixin.py:137} INFO - [2023-03-28T05:29:22.257+0000] {taskmixin.py:211} WARNING - Dependency <Task(_PythonDecoratedOperator): print_the_context>, log_sql_query already registered for DAG: example_python_operator
[2023-03-28T05:29:22.258+0000] {logging_mixin.py:137} INFO - [2023-03-28T05:29:22.258+0000] {taskmixin.py:211} WARNING - Dependency <Task(_PythonDecoratedOperator): log_sql_query>, print_the_context already registered for DAG: example_python_operator
[2023-03-28T05:29:22.258+0000] {logging_mixin.py:137} INFO - [2023-03-28T05:29:22.258+0000] {taskmixin.py:211} WARNING - Dependency <Task(_PythonDecoratedOperator): print_the_context>, log_sql_query already registered for DAG: example_python_operator
[2023-03-28T05:29:22.258+0000] {logging_mixin.py:137} INFO - [2023-03-28T05:29:22.258+0000] {taskmixin.py:211} WARNING - Dependency <Task(_PythonDecoratedOperator): log_sql_query>, print_the_context already registered for DAG: example_python_operator
[2023-03-28T05:29:22.258+0000] {logging_mixin.py:137} INFO - [2023-03-28T05:29:22.258+0000] {taskmixin.py:211} WARNING - Dependency <Task(_PythonDecoratedOperator): print_the_context>, log_sql_query already registered for DAG: example_python_operator
[2023-03-28T05:29:22.258+0000] {logging_mixin.py:137} INFO - [2023-03-28T05:29:22.258+0000] {taskmixin.py:211} WARNING - Dependency <Task(_PythonDecoratedOperator): log_sql_query>, print_the_context already registered for DAG: example_python_operator
[2023-03-28T05:29:22.259+0000] {logging_mixin.py:137} INFO - [2023-03-28T05:29:22.259+0000] {taskmixin.py:211} WARNING - Dependency <Task(_PythonDecoratedOperator): print_the_context>, log_sql_query already registered for DAG: example_python_operator
[2023-03-28T05:29:22.259+0000] {logging_mixin.py:137} INFO - [2023-03-28T05:29:22.259+0000] {taskmixin.py:211} WARNING - Dependency <Task(_PythonDecoratedOperator): log_sql_query>, print_the_context already registered for DAG: example_python_operator
[2023-03-28T05:29:22.262+0000] {processor.py:753} INFO - DAG(s) dict_keys(['example_python_operator']) retrieved from /home/airflow/.local/lib/python3.7/site-packages/airflow/example_dags/example_python_operator.py
[2023-03-28T05:29:22.417+0000] {logging_mixin.py:137} INFO - [2023-03-28T05:29:22.417+0000] {dag.py:2693} INFO - Sync 1 DAGs
[2023-03-28T05:29:22.508+0000] {logging_mixin.py:137} INFO - [2023-03-28T05:29:22.508+0000] {dag.py:3444} INFO - Setting next_dagrun for example_python_operator to None, run_after=None
[2023-03-28T05:29:22.662+0000] {processor.py:175} INFO - Processing /home/airflow/.local/lib/python3.7/site-packages/airflow/example_dags/example_python_operator.py took 0.417 seconds
[2023-03-28T05:29:53.612+0000] {processor.py:153} INFO - Started process (PID=233) to work on /home/airflow/.local/lib/python3.7/site-packages/airflow/example_dags/example_python_operator.py
[2023-03-28T05:29:53.613+0000] {processor.py:743} INFO - Processing file /home/airflow/.local/lib/python3.7/site-packages/airflow/example_dags/example_python_operator.py for tasks to queue
[2023-03-28T05:29:53.613+0000] {logging_mixin.py:137} INFO - [2023-03-28T05:29:53.613+0000] {dagbag.py:532} INFO - Filling up the DagBag from /home/airflow/.local/lib/python3.7/site-packages/airflow/example_dags/example_python_operator.py
[2023-03-28T05:29:53.623+0000] {logging_mixin.py:137} INFO - [2023-03-28T05:29:53.623+0000] {taskmixin.py:211} WARNING - Dependency <Task(_PythonDecoratedOperator): print_the_context>, log_sql_query already registered for DAG: example_python_operator
[2023-03-28T05:29:53.623+0000] {logging_mixin.py:137} INFO - [2023-03-28T05:29:53.623+0000] {taskmixin.py:211} WARNING - Dependency <Task(_PythonDecoratedOperator): log_sql_query>, print_the_context already registered for DAG: example_python_operator
[2023-03-28T05:29:53.624+0000] {logging_mixin.py:137} INFO - [2023-03-28T05:29:53.624+0000] {taskmixin.py:211} WARNING - Dependency <Task(_PythonDecoratedOperator): print_the_context>, log_sql_query already registered for DAG: example_python_operator
[2023-03-28T05:29:53.624+0000] {logging_mixin.py:137} INFO - [2023-03-28T05:29:53.624+0000] {taskmixin.py:211} WARNING - Dependency <Task(_PythonDecoratedOperator): log_sql_query>, print_the_context already registered for DAG: example_python_operator
[2023-03-28T05:29:53.624+0000] {logging_mixin.py:137} INFO - [2023-03-28T05:29:53.624+0000] {taskmixin.py:211} WARNING - Dependency <Task(_PythonDecoratedOperator): print_the_context>, log_sql_query already registered for DAG: example_python_operator
[2023-03-28T05:29:53.624+0000] {logging_mixin.py:137} INFO - [2023-03-28T05:29:53.624+0000] {taskmixin.py:211} WARNING - Dependency <Task(_PythonDecoratedOperator): log_sql_query>, print_the_context already registered for DAG: example_python_operator
[2023-03-28T05:29:53.624+0000] {logging_mixin.py:137} INFO - [2023-03-28T05:29:53.624+0000] {taskmixin.py:211} WARNING - Dependency <Task(_PythonDecoratedOperator): print_the_context>, log_sql_query already registered for DAG: example_python_operator
[2023-03-28T05:29:53.624+0000] {logging_mixin.py:137} INFO - [2023-03-28T05:29:53.624+0000] {taskmixin.py:211} WARNING - Dependency <Task(_PythonDecoratedOperator): log_sql_query>, print_the_context already registered for DAG: example_python_operator
[2023-03-28T05:29:53.628+0000] {processor.py:753} INFO - DAG(s) dict_keys(['example_python_operator']) retrieved from /home/airflow/.local/lib/python3.7/site-packages/airflow/example_dags/example_python_operator.py
[2023-03-28T05:29:53.859+0000] {logging_mixin.py:137} INFO - [2023-03-28T05:29:53.858+0000] {dag.py:2693} INFO - Sync 1 DAGs
[2023-03-28T05:29:53.946+0000] {logging_mixin.py:137} INFO - [2023-03-28T05:29:53.946+0000] {dag.py:3444} INFO - Setting next_dagrun for example_python_operator to None, run_after=None
[2023-03-28T05:29:54.120+0000] {processor.py:175} INFO - Processing /home/airflow/.local/lib/python3.7/site-packages/airflow/example_dags/example_python_operator.py took 0.509 seconds
[2023-03-28T05:30:24.774+0000] {processor.py:153} INFO - Started process (PID=282) to work on /home/airflow/.local/lib/python3.7/site-packages/airflow/example_dags/example_python_operator.py
[2023-03-28T05:30:24.774+0000] {processor.py:743} INFO - Processing file /home/airflow/.local/lib/python3.7/site-packages/airflow/example_dags/example_python_operator.py for tasks to queue
[2023-03-28T05:30:24.775+0000] {logging_mixin.py:137} INFO - [2023-03-28T05:30:24.774+0000] {dagbag.py:532} INFO - Filling up the DagBag from /home/airflow/.local/lib/python3.7/site-packages/airflow/example_dags/example_python_operator.py
[2023-03-28T05:30:24.784+0000] {logging_mixin.py:137} INFO - [2023-03-28T05:30:24.784+0000] {taskmixin.py:211} WARNING - Dependency <Task(_PythonDecoratedOperator): print_the_context>, log_sql_query already registered for DAG: example_python_operator
[2023-03-28T05:30:24.784+0000] {logging_mixin.py:137} INFO - [2023-03-28T05:30:24.784+0000] {taskmixin.py:211} WARNING - Dependency <Task(_PythonDecoratedOperator): log_sql_query>, print_the_context already registered for DAG: example_python_operator
[2023-03-28T05:30:24.785+0000] {logging_mixin.py:137} INFO - [2023-03-28T05:30:24.785+0000] {taskmixin.py:211} WARNING - Dependency <Task(_PythonDecoratedOperator): print_the_context>, log_sql_query already registered for DAG: example_python_operator
[2023-03-28T05:30:24.785+0000] {logging_mixin.py:137} INFO - [2023-03-28T05:30:24.785+0000] {taskmixin.py:211} WARNING - Dependency <Task(_PythonDecoratedOperator): log_sql_query>, print_the_context already registered for DAG: example_python_operator
[2023-03-28T05:30:24.785+0000] {logging_mixin.py:137} INFO - [2023-03-28T05:30:24.785+0000] {taskmixin.py:211} WARNING - Dependency <Task(_PythonDecoratedOperator): print_the_context>, log_sql_query already registered for DAG: example_python_operator
[2023-03-28T05:30:24.785+0000] {logging_mixin.py:137} INFO - [2023-03-28T05:30:24.785+0000] {taskmixin.py:211} WARNING - Dependency <Task(_PythonDecoratedOperator): log_sql_query>, print_the_context already registered for DAG: example_python_operator
[2023-03-28T05:30:24.785+0000] {logging_mixin.py:137} INFO - [2023-03-28T05:30:24.785+0000] {taskmixin.py:211} WARNING - Dependency <Task(_PythonDecoratedOperator): print_the_context>, log_sql_query already registered for DAG: example_python_operator
[2023-03-28T05:30:24.785+0000] {logging_mixin.py:137} INFO - [2023-03-28T05:30:24.785+0000] {taskmixin.py:211} WARNING - Dependency <Task(_PythonDecoratedOperator): log_sql_query>, print_the_context already registered for DAG: example_python_operator
[2023-03-28T05:30:24.789+0000] {processor.py:753} INFO - DAG(s) dict_keys(['example_python_operator']) retrieved from /home/airflow/.local/lib/python3.7/site-packages/airflow/example_dags/example_python_operator.py
[2023-03-28T05:30:24.957+0000] {logging_mixin.py:137} INFO - [2023-03-28T05:30:24.957+0000] {dag.py:2693} INFO - Sync 1 DAGs
[2023-03-28T05:30:25.075+0000] {logging_mixin.py:137} INFO - [2023-03-28T05:30:25.074+0000] {dag.py:3444} INFO - Setting next_dagrun for example_python_operator to None, run_after=None
[2023-03-28T05:30:25.229+0000] {processor.py:175} INFO - Processing /home/airflow/.local/lib/python3.7/site-packages/airflow/example_dags/example_python_operator.py took 0.457 seconds
[2023-03-28T05:30:55.571+0000] {processor.py:153} INFO - Started process (PID=338) to work on /home/airflow/.local/lib/python3.7/site-packages/airflow/example_dags/example_python_operator.py
[2023-03-28T05:30:55.572+0000] {processor.py:743} INFO - Processing file /home/airflow/.local/lib/python3.7/site-packages/airflow/example_dags/example_python_operator.py for tasks to queue
[2023-03-28T05:30:55.572+0000] {logging_mixin.py:137} INFO - [2023-03-28T05:30:55.572+0000] {dagbag.py:532} INFO - Filling up the DagBag from /home/airflow/.local/lib/python3.7/site-packages/airflow/example_dags/example_python_operator.py
[2023-03-28T05:30:55.582+0000] {logging_mixin.py:137} INFO - [2023-03-28T05:30:55.582+0000] {taskmixin.py:211} WARNING - Dependency <Task(_PythonDecoratedOperator): print_the_context>, log_sql_query already registered for DAG: example_python_operator
[2023-03-28T05:30:55.582+0000] {logging_mixin.py:137} INFO - [2023-03-28T05:30:55.582+0000] {taskmixin.py:211} WARNING - Dependency <Task(_PythonDecoratedOperator): log_sql_query>, print_the_context already registered for DAG: example_python_operator
[2023-03-28T05:30:55.582+0000] {logging_mixin.py:137} INFO - [2023-03-28T05:30:55.582+0000] {taskmixin.py:211} WARNING - Dependency <Task(_PythonDecoratedOperator): print_the_context>, log_sql_query already registered for DAG: example_python_operator
[2023-03-28T05:30:55.583+0000] {logging_mixin.py:137} INFO - [2023-03-28T05:30:55.582+0000] {taskmixin.py:211} WARNING - Dependency <Task(_PythonDecoratedOperator): log_sql_query>, print_the_context already registered for DAG: example_python_operator
[2023-03-28T05:30:55.583+0000] {logging_mixin.py:137} INFO - [2023-03-28T05:30:55.583+0000] {taskmixin.py:211} WARNING - Dependency <Task(_PythonDecoratedOperator): print_the_context>, log_sql_query already registered for DAG: example_python_operator
[2023-03-28T05:30:55.583+0000] {logging_mixin.py:137} INFO - [2023-03-28T05:30:55.583+0000] {taskmixin.py:211} WARNING - Dependency <Task(_PythonDecoratedOperator): log_sql_query>, print_the_context already registered for DAG: example_python_operator
[2023-03-28T05:30:55.583+0000] {logging_mixin.py:137} INFO - [2023-03-28T05:30:55.583+0000] {taskmixin.py:211} WARNING - Dependency <Task(_PythonDecoratedOperator): print_the_context>, log_sql_query already registered for DAG: example_python_operator
[2023-03-28T05:30:55.583+0000] {logging_mixin.py:137} INFO - [2023-03-28T05:30:55.583+0000] {taskmixin.py:211} WARNING - Dependency <Task(_PythonDecoratedOperator): log_sql_query>, print_the_context already registered for DAG: example_python_operator
[2023-03-28T05:30:55.587+0000] {processor.py:753} INFO - DAG(s) dict_keys(['example_python_operator']) retrieved from /home/airflow/.local/lib/python3.7/site-packages/airflow/example_dags/example_python_operator.py
[2023-03-28T05:30:55.739+0000] {logging_mixin.py:137} INFO - [2023-03-28T05:30:55.739+0000] {dag.py:2693} INFO - Sync 1 DAGs
[2023-03-28T05:30:55.834+0000] {logging_mixin.py:137} INFO - [2023-03-28T05:30:55.834+0000] {dag.py:3444} INFO - Setting next_dagrun for example_python_operator to None, run_after=None
[2023-03-28T05:30:55.997+0000] {processor.py:175} INFO - Processing /home/airflow/.local/lib/python3.7/site-packages/airflow/example_dags/example_python_operator.py took 0.428 seconds
