[2023-03-28T05:28:22.747+0000] {processor.py:153} INFO - Started process (PID=94) to work on /home/airflow/.local/lib/python3.7/site-packages/airflow/example_dags/example_branch_python_dop_operator_3.py
[2023-03-28T05:28:22.748+0000] {processor.py:743} INFO - Processing file /home/airflow/.local/lib/python3.7/site-packages/airflow/example_dags/example_branch_python_dop_operator_3.py for tasks to queue
[2023-03-28T05:28:22.748+0000] {logging_mixin.py:137} INFO - [2023-03-28T05:28:22.748+0000] {dagbag.py:532} INFO - Filling up the DagBag from /home/airflow/.local/lib/python3.7/site-packages/airflow/example_dags/example_branch_python_dop_operator_3.py
[2023-03-28T05:28:22.761+0000] {processor.py:753} INFO - DAG(s) dict_keys(['example_branch_dop_operator_v3']) retrieved from /home/airflow/.local/lib/python3.7/site-packages/airflow/example_dags/example_branch_python_dop_operator_3.py
[2023-03-28T05:28:22.973+0000] {logging_mixin.py:137} INFO - [2023-03-28T05:28:22.973+0000] {dag.py:2693} INFO - Sync 1 DAGs
[2023-03-28T05:28:23.061+0000] {logging_mixin.py:137} INFO - [2023-03-28T05:28:23.061+0000] {dag.py:3444} INFO - Setting next_dagrun for example_branch_dop_operator_v3 to 2023-03-28T05:27:00+00:00, run_after=2023-03-28T05:28:00+00:00
[2023-03-28T05:28:23.221+0000] {processor.py:175} INFO - Processing /home/airflow/.local/lib/python3.7/site-packages/airflow/example_dags/example_branch_python_dop_operator_3.py took 0.475 seconds
[2023-03-28T05:28:54.538+0000] {processor.py:153} INFO - Started process (PID=143) to work on /home/airflow/.local/lib/python3.7/site-packages/airflow/example_dags/example_branch_python_dop_operator_3.py
[2023-03-28T05:28:54.538+0000] {processor.py:743} INFO - Processing file /home/airflow/.local/lib/python3.7/site-packages/airflow/example_dags/example_branch_python_dop_operator_3.py for tasks to queue
[2023-03-28T05:28:54.538+0000] {logging_mixin.py:137} INFO - [2023-03-28T05:28:54.538+0000] {dagbag.py:532} INFO - Filling up the DagBag from /home/airflow/.local/lib/python3.7/site-packages/airflow/example_dags/example_branch_python_dop_operator_3.py
[2023-03-28T05:28:54.551+0000] {processor.py:753} INFO - DAG(s) dict_keys(['example_branch_dop_operator_v3']) retrieved from /home/airflow/.local/lib/python3.7/site-packages/airflow/example_dags/example_branch_python_dop_operator_3.py
[2023-03-28T05:28:54.730+0000] {logging_mixin.py:137} INFO - [2023-03-28T05:28:54.729+0000] {dag.py:2693} INFO - Sync 1 DAGs
[2023-03-28T05:28:54.820+0000] {logging_mixin.py:137} INFO - [2023-03-28T05:28:54.820+0000] {dag.py:3444} INFO - Setting next_dagrun for example_branch_dop_operator_v3 to 2023-03-28T05:27:00+00:00, run_after=2023-03-28T05:28:00+00:00
[2023-03-28T05:28:54.990+0000] {processor.py:175} INFO - Processing /home/airflow/.local/lib/python3.7/site-packages/airflow/example_dags/example_branch_python_dop_operator_3.py took 0.454 seconds
[2023-03-28T05:29:25.326+0000] {processor.py:153} INFO - Started process (PID=192) to work on /home/airflow/.local/lib/python3.7/site-packages/airflow/example_dags/example_branch_python_dop_operator_3.py
[2023-03-28T05:29:25.326+0000] {processor.py:743} INFO - Processing file /home/airflow/.local/lib/python3.7/site-packages/airflow/example_dags/example_branch_python_dop_operator_3.py for tasks to queue
[2023-03-28T05:29:25.327+0000] {logging_mixin.py:137} INFO - [2023-03-28T05:29:25.327+0000] {dagbag.py:532} INFO - Filling up the DagBag from /home/airflow/.local/lib/python3.7/site-packages/airflow/example_dags/example_branch_python_dop_operator_3.py
[2023-03-28T05:29:25.340+0000] {processor.py:753} INFO - DAG(s) dict_keys(['example_branch_dop_operator_v3']) retrieved from /home/airflow/.local/lib/python3.7/site-packages/airflow/example_dags/example_branch_python_dop_operator_3.py
[2023-03-28T05:29:25.528+0000] {logging_mixin.py:137} INFO - [2023-03-28T05:29:25.528+0000] {dag.py:2693} INFO - Sync 1 DAGs
[2023-03-28T05:29:25.623+0000] {logging_mixin.py:137} INFO - [2023-03-28T05:29:25.623+0000] {dag.py:3444} INFO - Setting next_dagrun for example_branch_dop_operator_v3 to 2023-03-28T05:28:00+00:00, run_after=2023-03-28T05:29:00+00:00
[2023-03-28T05:29:25.797+0000] {processor.py:175} INFO - Processing /home/airflow/.local/lib/python3.7/site-packages/airflow/example_dags/example_branch_python_dop_operator_3.py took 0.473 seconds
[2023-03-28T05:29:55.835+0000] {processor.py:153} INFO - Started process (PID=241) to work on /home/airflow/.local/lib/python3.7/site-packages/airflow/example_dags/example_branch_python_dop_operator_3.py
[2023-03-28T05:29:55.836+0000] {processor.py:743} INFO - Processing file /home/airflow/.local/lib/python3.7/site-packages/airflow/example_dags/example_branch_python_dop_operator_3.py for tasks to queue
[2023-03-28T05:29:55.836+0000] {logging_mixin.py:137} INFO - [2023-03-28T05:29:55.836+0000] {dagbag.py:532} INFO - Filling up the DagBag from /home/airflow/.local/lib/python3.7/site-packages/airflow/example_dags/example_branch_python_dop_operator_3.py
[2023-03-28T05:29:55.849+0000] {processor.py:753} INFO - DAG(s) dict_keys(['example_branch_dop_operator_v3']) retrieved from /home/airflow/.local/lib/python3.7/site-packages/airflow/example_dags/example_branch_python_dop_operator_3.py
[2023-03-28T05:29:56.046+0000] {logging_mixin.py:137} INFO - [2023-03-28T05:29:56.046+0000] {dag.py:2693} INFO - Sync 1 DAGs
[2023-03-28T05:29:56.137+0000] {logging_mixin.py:137} INFO - [2023-03-28T05:29:56.136+0000] {dag.py:3444} INFO - Setting next_dagrun for example_branch_dop_operator_v3 to 2023-03-28T05:28:00+00:00, run_after=2023-03-28T05:29:00+00:00
[2023-03-28T05:29:56.326+0000] {processor.py:175} INFO - Processing /home/airflow/.local/lib/python3.7/site-packages/airflow/example_dags/example_branch_python_dop_operator_3.py took 0.493 seconds
[2023-03-28T05:30:27.336+0000] {processor.py:153} INFO - Started process (PID=290) to work on /home/airflow/.local/lib/python3.7/site-packages/airflow/example_dags/example_branch_python_dop_operator_3.py
[2023-03-28T05:30:27.337+0000] {processor.py:743} INFO - Processing file /home/airflow/.local/lib/python3.7/site-packages/airflow/example_dags/example_branch_python_dop_operator_3.py for tasks to queue
[2023-03-28T05:30:27.337+0000] {logging_mixin.py:137} INFO - [2023-03-28T05:30:27.337+0000] {dagbag.py:532} INFO - Filling up the DagBag from /home/airflow/.local/lib/python3.7/site-packages/airflow/example_dags/example_branch_python_dop_operator_3.py
[2023-03-28T05:30:27.352+0000] {processor.py:753} INFO - DAG(s) dict_keys(['example_branch_dop_operator_v3']) retrieved from /home/airflow/.local/lib/python3.7/site-packages/airflow/example_dags/example_branch_python_dop_operator_3.py
[2023-03-28T05:30:27.535+0000] {logging_mixin.py:137} INFO - [2023-03-28T05:30:27.534+0000] {dag.py:2693} INFO - Sync 1 DAGs
[2023-03-28T05:30:27.622+0000] {logging_mixin.py:137} INFO - [2023-03-28T05:30:27.621+0000] {dag.py:3444} INFO - Setting next_dagrun for example_branch_dop_operator_v3 to 2023-03-28T05:29:00+00:00, run_after=2023-03-28T05:30:00+00:00
[2023-03-28T05:30:27.777+0000] {processor.py:175} INFO - Processing /home/airflow/.local/lib/python3.7/site-packages/airflow/example_dags/example_branch_python_dop_operator_3.py took 0.442 seconds
[2023-03-28T05:30:58.035+0000] {processor.py:153} INFO - Started process (PID=351) to work on /home/airflow/.local/lib/python3.7/site-packages/airflow/example_dags/example_branch_python_dop_operator_3.py
[2023-03-28T05:30:58.036+0000] {processor.py:743} INFO - Processing file /home/airflow/.local/lib/python3.7/site-packages/airflow/example_dags/example_branch_python_dop_operator_3.py for tasks to queue
[2023-03-28T05:30:58.036+0000] {logging_mixin.py:137} INFO - [2023-03-28T05:30:58.036+0000] {dagbag.py:532} INFO - Filling up the DagBag from /home/airflow/.local/lib/python3.7/site-packages/airflow/example_dags/example_branch_python_dop_operator_3.py
[2023-03-28T05:30:58.050+0000] {processor.py:753} INFO - DAG(s) dict_keys(['example_branch_dop_operator_v3']) retrieved from /home/airflow/.local/lib/python3.7/site-packages/airflow/example_dags/example_branch_python_dop_operator_3.py
[2023-03-28T05:30:58.219+0000] {logging_mixin.py:137} INFO - [2023-03-28T05:30:58.219+0000] {dag.py:2693} INFO - Sync 1 DAGs
[2023-03-28T05:30:58.313+0000] {logging_mixin.py:137} INFO - [2023-03-28T05:30:58.313+0000] {dag.py:3444} INFO - Setting next_dagrun for example_branch_dop_operator_v3 to 2023-03-28T05:30:00+00:00, run_after=2023-03-28T05:31:00+00:00
[2023-03-28T05:30:58.486+0000] {processor.py:175} INFO - Processing /home/airflow/.local/lib/python3.7/site-packages/airflow/example_dags/example_branch_python_dop_operator_3.py took 0.453 seconds
