[2023-03-28T05:28:19.043+0000] {processor.py:153} INFO - Started process (PID=80) to work on /home/airflow/.local/lib/python3.7/site-packages/airflow/example_dags/tutorial.py
[2023-03-28T05:28:19.044+0000] {processor.py:743} INFO - Processing file /home/airflow/.local/lib/python3.7/site-packages/airflow/example_dags/tutorial.py for tasks to queue
[2023-03-28T05:28:19.044+0000] {logging_mixin.py:137} INFO - [2023-03-28T05:28:19.044+0000] {dagbag.py:532} INFO - Filling up the DagBag from /home/airflow/.local/lib/python3.7/site-packages/airflow/example_dags/tutorial.py
[2023-03-28T05:28:19.051+0000] {processor.py:753} INFO - DAG(s) dict_keys(['tutorial']) retrieved from /home/airflow/.local/lib/python3.7/site-packages/airflow/example_dags/tutorial.py
[2023-03-28T05:28:19.226+0000] {logging_mixin.py:137} INFO - [2023-03-28T05:28:19.226+0000] {dag.py:2693} INFO - Sync 1 DAGs
[2023-03-28T05:28:19.314+0000] {logging_mixin.py:137} INFO - [2023-03-28T05:28:19.314+0000] {dag.py:3444} INFO - Setting next_dagrun for tutorial to 2023-03-27T05:28:19.314039+00:00, run_after=2023-03-28T05:28:19.314039+00:00
[2023-03-28T05:28:19.489+0000] {processor.py:175} INFO - Processing /home/airflow/.local/lib/python3.7/site-packages/airflow/example_dags/tutorial.py took 0.447 seconds
[2023-03-28T05:28:49.572+0000] {processor.py:153} INFO - Started process (PID=129) to work on /home/airflow/.local/lib/python3.7/site-packages/airflow/example_dags/tutorial.py
[2023-03-28T05:28:49.573+0000] {processor.py:743} INFO - Processing file /home/airflow/.local/lib/python3.7/site-packages/airflow/example_dags/tutorial.py for tasks to queue
[2023-03-28T05:28:49.573+0000] {logging_mixin.py:137} INFO - [2023-03-28T05:28:49.573+0000] {dagbag.py:532} INFO - Filling up the DagBag from /home/airflow/.local/lib/python3.7/site-packages/airflow/example_dags/tutorial.py
[2023-03-28T05:28:49.580+0000] {processor.py:753} INFO - DAG(s) dict_keys(['tutorial']) retrieved from /home/airflow/.local/lib/python3.7/site-packages/airflow/example_dags/tutorial.py
[2023-03-28T05:28:49.766+0000] {logging_mixin.py:137} INFO - [2023-03-28T05:28:49.766+0000] {dag.py:2693} INFO - Sync 1 DAGs
[2023-03-28T05:28:49.854+0000] {logging_mixin.py:137} INFO - [2023-03-28T05:28:49.854+0000] {dag.py:3444} INFO - Setting next_dagrun for tutorial to 2023-03-27T05:28:49.854449+00:00, run_after=2023-03-28T05:28:49.854449+00:00
[2023-03-28T05:28:50.035+0000] {processor.py:175} INFO - Processing /home/airflow/.local/lib/python3.7/site-packages/airflow/example_dags/tutorial.py took 0.464 seconds
[2023-03-28T05:29:20.426+0000] {processor.py:153} INFO - Started process (PID=178) to work on /home/airflow/.local/lib/python3.7/site-packages/airflow/example_dags/tutorial.py
[2023-03-28T05:29:20.426+0000] {processor.py:743} INFO - Processing file /home/airflow/.local/lib/python3.7/site-packages/airflow/example_dags/tutorial.py for tasks to queue
[2023-03-28T05:29:20.427+0000] {logging_mixin.py:137} INFO - [2023-03-28T05:29:20.427+0000] {dagbag.py:532} INFO - Filling up the DagBag from /home/airflow/.local/lib/python3.7/site-packages/airflow/example_dags/tutorial.py
[2023-03-28T05:29:20.435+0000] {processor.py:753} INFO - DAG(s) dict_keys(['tutorial']) retrieved from /home/airflow/.local/lib/python3.7/site-packages/airflow/example_dags/tutorial.py
[2023-03-28T05:29:20.676+0000] {logging_mixin.py:137} INFO - [2023-03-28T05:29:20.676+0000] {dag.py:2693} INFO - Sync 1 DAGs
[2023-03-28T05:29:20.771+0000] {logging_mixin.py:137} INFO - [2023-03-28T05:29:20.771+0000] {dag.py:3444} INFO - Setting next_dagrun for tutorial to 2023-03-27T05:29:20.770931+00:00, run_after=2023-03-28T05:29:20.770931+00:00
[2023-03-28T05:29:20.959+0000] {processor.py:175} INFO - Processing /home/airflow/.local/lib/python3.7/site-packages/airflow/example_dags/tutorial.py took 0.535 seconds
[2023-03-28T05:29:52.164+0000] {processor.py:153} INFO - Started process (PID=227) to work on /home/airflow/.local/lib/python3.7/site-packages/airflow/example_dags/tutorial.py
[2023-03-28T05:29:52.165+0000] {processor.py:743} INFO - Processing file /home/airflow/.local/lib/python3.7/site-packages/airflow/example_dags/tutorial.py for tasks to queue
[2023-03-28T05:29:52.166+0000] {logging_mixin.py:137} INFO - [2023-03-28T05:29:52.165+0000] {dagbag.py:532} INFO - Filling up the DagBag from /home/airflow/.local/lib/python3.7/site-packages/airflow/example_dags/tutorial.py
[2023-03-28T05:29:52.173+0000] {processor.py:753} INFO - DAG(s) dict_keys(['tutorial']) retrieved from /home/airflow/.local/lib/python3.7/site-packages/airflow/example_dags/tutorial.py
[2023-03-28T05:29:52.347+0000] {logging_mixin.py:137} INFO - [2023-03-28T05:29:52.347+0000] {dag.py:2693} INFO - Sync 1 DAGs
[2023-03-28T05:29:52.441+0000] {logging_mixin.py:137} INFO - [2023-03-28T05:29:52.441+0000] {dag.py:3444} INFO - Setting next_dagrun for tutorial to 2023-03-27T05:29:52.441209+00:00, run_after=2023-03-28T05:29:52.441209+00:00
[2023-03-28T05:29:52.602+0000] {processor.py:175} INFO - Processing /home/airflow/.local/lib/python3.7/site-packages/airflow/example_dags/tutorial.py took 0.439 seconds
[2023-03-28T05:30:22.746+0000] {processor.py:153} INFO - Started process (PID=276) to work on /home/airflow/.local/lib/python3.7/site-packages/airflow/example_dags/tutorial.py
[2023-03-28T05:30:22.746+0000] {processor.py:743} INFO - Processing file /home/airflow/.local/lib/python3.7/site-packages/airflow/example_dags/tutorial.py for tasks to queue
[2023-03-28T05:30:22.746+0000] {logging_mixin.py:137} INFO - [2023-03-28T05:30:22.746+0000] {dagbag.py:532} INFO - Filling up the DagBag from /home/airflow/.local/lib/python3.7/site-packages/airflow/example_dags/tutorial.py
[2023-03-28T05:30:22.754+0000] {processor.py:753} INFO - DAG(s) dict_keys(['tutorial']) retrieved from /home/airflow/.local/lib/python3.7/site-packages/airflow/example_dags/tutorial.py
[2023-03-28T05:30:22.933+0000] {logging_mixin.py:137} INFO - [2023-03-28T05:30:22.933+0000] {dag.py:2693} INFO - Sync 1 DAGs
[2023-03-28T05:30:23.022+0000] {logging_mixin.py:137} INFO - [2023-03-28T05:30:23.022+0000] {dag.py:3444} INFO - Setting next_dagrun for tutorial to 2023-03-27T05:30:23.022317+00:00, run_after=2023-03-28T05:30:23.022317+00:00
[2023-03-28T05:30:23.183+0000] {processor.py:175} INFO - Processing /home/airflow/.local/lib/python3.7/site-packages/airflow/example_dags/tutorial.py took 0.439 seconds
[2023-03-28T05:30:53.431+0000] {processor.py:153} INFO - Started process (PID=332) to work on /home/airflow/.local/lib/python3.7/site-packages/airflow/example_dags/tutorial.py
[2023-03-28T05:30:53.432+0000] {processor.py:743} INFO - Processing file /home/airflow/.local/lib/python3.7/site-packages/airflow/example_dags/tutorial.py for tasks to queue
[2023-03-28T05:30:53.433+0000] {logging_mixin.py:137} INFO - [2023-03-28T05:30:53.433+0000] {dagbag.py:532} INFO - Filling up the DagBag from /home/airflow/.local/lib/python3.7/site-packages/airflow/example_dags/tutorial.py
[2023-03-28T05:30:53.441+0000] {processor.py:753} INFO - DAG(s) dict_keys(['tutorial']) retrieved from /home/airflow/.local/lib/python3.7/site-packages/airflow/example_dags/tutorial.py
[2023-03-28T05:30:53.615+0000] {logging_mixin.py:137} INFO - [2023-03-28T05:30:53.615+0000] {dag.py:2693} INFO - Sync 1 DAGs
[2023-03-28T05:30:53.702+0000] {logging_mixin.py:137} INFO - [2023-03-28T05:30:53.702+0000] {dag.py:3444} INFO - Setting next_dagrun for tutorial to 2023-03-27T05:30:53.701841+00:00, run_after=2023-03-28T05:30:53.701841+00:00
[2023-03-28T05:30:53.881+0000] {processor.py:175} INFO - Processing /home/airflow/.local/lib/python3.7/site-packages/airflow/example_dags/tutorial.py took 0.452 seconds
[2023-03-28T08:38:27.240+0000] {processor.py:153} INFO - Started process (PID=77) to work on /home/airflow/.local/lib/python3.7/site-packages/airflow/example_dags/tutorial.py
[2023-03-28T08:38:27.241+0000] {processor.py:743} INFO - Processing file /home/airflow/.local/lib/python3.7/site-packages/airflow/example_dags/tutorial.py for tasks to queue
[2023-03-28T08:38:27.241+0000] {logging_mixin.py:137} INFO - [2023-03-28T08:38:27.241+0000] {dagbag.py:532} INFO - Filling up the DagBag from /home/airflow/.local/lib/python3.7/site-packages/airflow/example_dags/tutorial.py
[2023-03-28T08:38:27.251+0000] {processor.py:753} INFO - DAG(s) dict_keys(['tutorial']) retrieved from /home/airflow/.local/lib/python3.7/site-packages/airflow/example_dags/tutorial.py
[2023-03-28T08:38:27.431+0000] {logging_mixin.py:137} INFO - [2023-03-28T08:38:27.430+0000] {dag.py:2693} INFO - Sync 1 DAGs
[2023-03-28T08:38:27.523+0000] {logging_mixin.py:137} INFO - [2023-03-28T08:38:27.523+0000] {dag.py:3444} INFO - Setting next_dagrun for tutorial to 2023-03-28T05:31:10.968080+00:00, run_after=2023-03-29T05:31:10.968080+00:00
[2023-03-28T08:38:27.688+0000] {processor.py:175} INFO - Processing /home/airflow/.local/lib/python3.7/site-packages/airflow/example_dags/tutorial.py took 0.450 seconds
[2023-03-28T08:38:57.777+0000] {processor.py:153} INFO - Started process (PID=125) to work on /home/airflow/.local/lib/python3.7/site-packages/airflow/example_dags/tutorial.py
[2023-03-28T08:38:57.778+0000] {processor.py:743} INFO - Processing file /home/airflow/.local/lib/python3.7/site-packages/airflow/example_dags/tutorial.py for tasks to queue
[2023-03-28T08:38:57.778+0000] {logging_mixin.py:137} INFO - [2023-03-28T08:38:57.778+0000] {dagbag.py:532} INFO - Filling up the DagBag from /home/airflow/.local/lib/python3.7/site-packages/airflow/example_dags/tutorial.py
[2023-03-28T08:38:57.786+0000] {processor.py:753} INFO - DAG(s) dict_keys(['tutorial']) retrieved from /home/airflow/.local/lib/python3.7/site-packages/airflow/example_dags/tutorial.py
[2023-03-28T08:38:57.963+0000] {logging_mixin.py:137} INFO - [2023-03-28T08:38:57.963+0000] {dag.py:2693} INFO - Sync 1 DAGs
[2023-03-28T08:38:58.056+0000] {logging_mixin.py:137} INFO - [2023-03-28T08:38:58.056+0000] {dag.py:3444} INFO - Setting next_dagrun for tutorial to 2023-03-28T05:31:10.968080+00:00, run_after=2023-03-29T05:31:10.968080+00:00
[2023-03-28T08:38:58.232+0000] {processor.py:175} INFO - Processing /home/airflow/.local/lib/python3.7/site-packages/airflow/example_dags/tutorial.py took 0.456 seconds
[2023-03-28T08:39:29.102+0000] {processor.py:153} INFO - Started process (PID=174) to work on /home/airflow/.local/lib/python3.7/site-packages/airflow/example_dags/tutorial.py
[2023-03-28T08:39:29.103+0000] {processor.py:743} INFO - Processing file /home/airflow/.local/lib/python3.7/site-packages/airflow/example_dags/tutorial.py for tasks to queue
[2023-03-28T08:39:29.103+0000] {logging_mixin.py:137} INFO - [2023-03-28T08:39:29.103+0000] {dagbag.py:532} INFO - Filling up the DagBag from /home/airflow/.local/lib/python3.7/site-packages/airflow/example_dags/tutorial.py
[2023-03-28T08:39:29.111+0000] {processor.py:753} INFO - DAG(s) dict_keys(['tutorial']) retrieved from /home/airflow/.local/lib/python3.7/site-packages/airflow/example_dags/tutorial.py
[2023-03-28T08:39:29.294+0000] {logging_mixin.py:137} INFO - [2023-03-28T08:39:29.294+0000] {dag.py:2693} INFO - Sync 1 DAGs
[2023-03-28T08:39:29.383+0000] {logging_mixin.py:137} INFO - [2023-03-28T08:39:29.383+0000] {dag.py:3444} INFO - Setting next_dagrun for tutorial to 2023-03-28T05:31:10.968080+00:00, run_after=2023-03-29T05:31:10.968080+00:00
[2023-03-28T08:39:29.572+0000] {processor.py:175} INFO - Processing /home/airflow/.local/lib/python3.7/site-packages/airflow/example_dags/tutorial.py took 0.472 seconds
[2023-03-28T08:40:01.524+0000] {processor.py:153} INFO - Started process (PID=224) to work on /home/airflow/.local/lib/python3.7/site-packages/airflow/example_dags/tutorial.py
[2023-03-28T08:40:01.525+0000] {processor.py:743} INFO - Processing file /home/airflow/.local/lib/python3.7/site-packages/airflow/example_dags/tutorial.py for tasks to queue
[2023-03-28T08:40:01.525+0000] {logging_mixin.py:137} INFO - [2023-03-28T08:40:01.525+0000] {dagbag.py:532} INFO - Filling up the DagBag from /home/airflow/.local/lib/python3.7/site-packages/airflow/example_dags/tutorial.py
[2023-03-28T08:40:01.533+0000] {processor.py:753} INFO - DAG(s) dict_keys(['tutorial']) retrieved from /home/airflow/.local/lib/python3.7/site-packages/airflow/example_dags/tutorial.py
[2023-03-28T08:40:01.705+0000] {logging_mixin.py:137} INFO - [2023-03-28T08:40:01.705+0000] {dag.py:2693} INFO - Sync 1 DAGs
[2023-03-28T08:40:01.789+0000] {logging_mixin.py:137} INFO - [2023-03-28T08:40:01.789+0000] {dag.py:3444} INFO - Setting next_dagrun for tutorial to 2023-03-28T05:31:10.968080+00:00, run_after=2023-03-29T05:31:10.968080+00:00
[2023-03-28T08:40:01.969+0000] {processor.py:175} INFO - Processing /home/airflow/.local/lib/python3.7/site-packages/airflow/example_dags/tutorial.py took 0.447 seconds
[2023-03-28T08:40:32.160+0000] {processor.py:153} INFO - Started process (PID=273) to work on /home/airflow/.local/lib/python3.7/site-packages/airflow/example_dags/tutorial.py
[2023-03-28T08:40:32.170+0000] {processor.py:743} INFO - Processing file /home/airflow/.local/lib/python3.7/site-packages/airflow/example_dags/tutorial.py for tasks to queue
[2023-03-28T08:40:32.170+0000] {logging_mixin.py:137} INFO - [2023-03-28T08:40:32.170+0000] {dagbag.py:532} INFO - Filling up the DagBag from /home/airflow/.local/lib/python3.7/site-packages/airflow/example_dags/tutorial.py
[2023-03-28T08:40:32.178+0000] {processor.py:753} INFO - DAG(s) dict_keys(['tutorial']) retrieved from /home/airflow/.local/lib/python3.7/site-packages/airflow/example_dags/tutorial.py
[2023-03-28T08:40:32.356+0000] {logging_mixin.py:137} INFO - [2023-03-28T08:40:32.356+0000] {dag.py:2693} INFO - Sync 1 DAGs
[2023-03-28T08:40:32.445+0000] {logging_mixin.py:137} INFO - [2023-03-28T08:40:32.445+0000] {dag.py:3444} INFO - Setting next_dagrun for tutorial to 2023-03-28T05:31:10.968080+00:00, run_after=2023-03-29T05:31:10.968080+00:00
[2023-03-28T08:40:32.615+0000] {processor.py:175} INFO - Processing /home/airflow/.local/lib/python3.7/site-packages/airflow/example_dags/tutorial.py took 0.457 seconds
[2023-03-28T08:41:03.293+0000] {processor.py:153} INFO - Started process (PID=322) to work on /home/airflow/.local/lib/python3.7/site-packages/airflow/example_dags/tutorial.py
[2023-03-28T08:41:03.294+0000] {processor.py:743} INFO - Processing file /home/airflow/.local/lib/python3.7/site-packages/airflow/example_dags/tutorial.py for tasks to queue
[2023-03-28T08:41:03.294+0000] {logging_mixin.py:137} INFO - [2023-03-28T08:41:03.294+0000] {dagbag.py:532} INFO - Filling up the DagBag from /home/airflow/.local/lib/python3.7/site-packages/airflow/example_dags/tutorial.py
[2023-03-28T08:41:03.302+0000] {processor.py:753} INFO - DAG(s) dict_keys(['tutorial']) retrieved from /home/airflow/.local/lib/python3.7/site-packages/airflow/example_dags/tutorial.py
[2023-03-28T08:41:03.507+0000] {logging_mixin.py:137} INFO - [2023-03-28T08:41:03.507+0000] {dag.py:2693} INFO - Sync 1 DAGs
[2023-03-28T08:41:03.600+0000] {logging_mixin.py:137} INFO - [2023-03-28T08:41:03.600+0000] {dag.py:3444} INFO - Setting next_dagrun for tutorial to 2023-03-28T05:31:10.968080+00:00, run_after=2023-03-29T05:31:10.968080+00:00
[2023-03-28T08:41:03.778+0000] {processor.py:175} INFO - Processing /home/airflow/.local/lib/python3.7/site-packages/airflow/example_dags/tutorial.py took 0.487 seconds
[2023-03-28T08:41:34.116+0000] {processor.py:153} INFO - Started process (PID=371) to work on /home/airflow/.local/lib/python3.7/site-packages/airflow/example_dags/tutorial.py
[2023-03-28T08:41:34.117+0000] {processor.py:743} INFO - Processing file /home/airflow/.local/lib/python3.7/site-packages/airflow/example_dags/tutorial.py for tasks to queue
[2023-03-28T08:41:34.117+0000] {logging_mixin.py:137} INFO - [2023-03-28T08:41:34.117+0000] {dagbag.py:532} INFO - Filling up the DagBag from /home/airflow/.local/lib/python3.7/site-packages/airflow/example_dags/tutorial.py
[2023-03-28T08:41:34.126+0000] {processor.py:753} INFO - DAG(s) dict_keys(['tutorial']) retrieved from /home/airflow/.local/lib/python3.7/site-packages/airflow/example_dags/tutorial.py
[2023-03-28T08:41:34.311+0000] {logging_mixin.py:137} INFO - [2023-03-28T08:41:34.311+0000] {dag.py:2693} INFO - Sync 1 DAGs
[2023-03-28T08:41:34.408+0000] {logging_mixin.py:137} INFO - [2023-03-28T08:41:34.408+0000] {dag.py:3444} INFO - Setting next_dagrun for tutorial to 2023-03-28T05:31:10.968080+00:00, run_after=2023-03-29T05:31:10.968080+00:00
[2023-03-28T08:41:34.565+0000] {processor.py:175} INFO - Processing /home/airflow/.local/lib/python3.7/site-packages/airflow/example_dags/tutorial.py took 0.451 seconds
[2023-03-28T08:42:05.280+0000] {processor.py:153} INFO - Started process (PID=420) to work on /home/airflow/.local/lib/python3.7/site-packages/airflow/example_dags/tutorial.py
[2023-03-28T08:42:05.285+0000] {processor.py:743} INFO - Processing file /home/airflow/.local/lib/python3.7/site-packages/airflow/example_dags/tutorial.py for tasks to queue
[2023-03-28T08:42:05.285+0000] {logging_mixin.py:137} INFO - [2023-03-28T08:42:05.285+0000] {dagbag.py:532} INFO - Filling up the DagBag from /home/airflow/.local/lib/python3.7/site-packages/airflow/example_dags/tutorial.py
[2023-03-28T08:42:05.292+0000] {processor.py:753} INFO - DAG(s) dict_keys(['tutorial']) retrieved from /home/airflow/.local/lib/python3.7/site-packages/airflow/example_dags/tutorial.py
[2023-03-28T08:42:05.489+0000] {logging_mixin.py:137} INFO - [2023-03-28T08:42:05.489+0000] {dag.py:2693} INFO - Sync 1 DAGs
[2023-03-28T08:42:05.586+0000] {logging_mixin.py:137} INFO - [2023-03-28T08:42:05.586+0000] {dag.py:3444} INFO - Setting next_dagrun for tutorial to 2023-03-28T05:31:10.968080+00:00, run_after=2023-03-29T05:31:10.968080+00:00
[2023-03-28T08:42:05.913+0000] {processor.py:175} INFO - Processing /home/airflow/.local/lib/python3.7/site-packages/airflow/example_dags/tutorial.py took 0.636 seconds
[2023-03-28T08:42:36.623+0000] {processor.py:153} INFO - Started process (PID=470) to work on /home/airflow/.local/lib/python3.7/site-packages/airflow/example_dags/tutorial.py
[2023-03-28T08:42:36.623+0000] {processor.py:743} INFO - Processing file /home/airflow/.local/lib/python3.7/site-packages/airflow/example_dags/tutorial.py for tasks to queue
[2023-03-28T08:42:36.624+0000] {logging_mixin.py:137} INFO - [2023-03-28T08:42:36.624+0000] {dagbag.py:532} INFO - Filling up the DagBag from /home/airflow/.local/lib/python3.7/site-packages/airflow/example_dags/tutorial.py
[2023-03-28T08:42:36.632+0000] {processor.py:753} INFO - DAG(s) dict_keys(['tutorial']) retrieved from /home/airflow/.local/lib/python3.7/site-packages/airflow/example_dags/tutorial.py
[2023-03-28T08:42:36.822+0000] {logging_mixin.py:137} INFO - [2023-03-28T08:42:36.822+0000] {dag.py:2693} INFO - Sync 1 DAGs
[2023-03-28T08:42:36.914+0000] {logging_mixin.py:137} INFO - [2023-03-28T08:42:36.913+0000] {dag.py:3444} INFO - Setting next_dagrun for tutorial to 2023-03-28T05:31:10.968080+00:00, run_after=2023-03-29T05:31:10.968080+00:00
[2023-03-28T08:42:37.098+0000] {processor.py:175} INFO - Processing /home/airflow/.local/lib/python3.7/site-packages/airflow/example_dags/tutorial.py took 0.477 seconds
[2023-03-28T08:43:07.666+0000] {processor.py:153} INFO - Started process (PID=519) to work on /home/airflow/.local/lib/python3.7/site-packages/airflow/example_dags/tutorial.py
[2023-03-28T08:43:07.667+0000] {processor.py:743} INFO - Processing file /home/airflow/.local/lib/python3.7/site-packages/airflow/example_dags/tutorial.py for tasks to queue
[2023-03-28T08:43:07.667+0000] {logging_mixin.py:137} INFO - [2023-03-28T08:43:07.667+0000] {dagbag.py:532} INFO - Filling up the DagBag from /home/airflow/.local/lib/python3.7/site-packages/airflow/example_dags/tutorial.py
[2023-03-28T08:43:07.675+0000] {processor.py:753} INFO - DAG(s) dict_keys(['tutorial']) retrieved from /home/airflow/.local/lib/python3.7/site-packages/airflow/example_dags/tutorial.py
[2023-03-28T08:43:07.854+0000] {logging_mixin.py:137} INFO - [2023-03-28T08:43:07.854+0000] {dag.py:2693} INFO - Sync 1 DAGs
[2023-03-28T08:43:07.945+0000] {logging_mixin.py:137} INFO - [2023-03-28T08:43:07.945+0000] {dag.py:3444} INFO - Setting next_dagrun for tutorial to 2023-03-28T05:31:10.968080+00:00, run_after=2023-03-29T05:31:10.968080+00:00
[2023-03-28T08:43:08.118+0000] {processor.py:175} INFO - Processing /home/airflow/.local/lib/python3.7/site-packages/airflow/example_dags/tutorial.py took 0.453 seconds
[2023-03-28T08:43:38.775+0000] {processor.py:153} INFO - Started process (PID=568) to work on /home/airflow/.local/lib/python3.7/site-packages/airflow/example_dags/tutorial.py
[2023-03-28T08:43:38.775+0000] {processor.py:743} INFO - Processing file /home/airflow/.local/lib/python3.7/site-packages/airflow/example_dags/tutorial.py for tasks to queue
[2023-03-28T08:43:38.775+0000] {logging_mixin.py:137} INFO - [2023-03-28T08:43:38.775+0000] {dagbag.py:532} INFO - Filling up the DagBag from /home/airflow/.local/lib/python3.7/site-packages/airflow/example_dags/tutorial.py
[2023-03-28T08:43:38.784+0000] {processor.py:753} INFO - DAG(s) dict_keys(['tutorial']) retrieved from /home/airflow/.local/lib/python3.7/site-packages/airflow/example_dags/tutorial.py
[2023-03-28T08:43:38.959+0000] {logging_mixin.py:137} INFO - [2023-03-28T08:43:38.959+0000] {dag.py:2693} INFO - Sync 1 DAGs
[2023-03-28T08:43:39.049+0000] {logging_mixin.py:137} INFO - [2023-03-28T08:43:39.049+0000] {dag.py:3444} INFO - Setting next_dagrun for tutorial to 2023-03-28T05:31:10.968080+00:00, run_after=2023-03-29T05:31:10.968080+00:00
[2023-03-28T08:43:39.232+0000] {processor.py:175} INFO - Processing /home/airflow/.local/lib/python3.7/site-packages/airflow/example_dags/tutorial.py took 0.459 seconds
[2023-03-28T08:44:10.295+0000] {processor.py:153} INFO - Started process (PID=618) to work on /home/airflow/.local/lib/python3.7/site-packages/airflow/example_dags/tutorial.py
[2023-03-28T08:44:10.305+0000] {processor.py:743} INFO - Processing file /home/airflow/.local/lib/python3.7/site-packages/airflow/example_dags/tutorial.py for tasks to queue
[2023-03-28T08:44:10.305+0000] {logging_mixin.py:137} INFO - [2023-03-28T08:44:10.305+0000] {dagbag.py:532} INFO - Filling up the DagBag from /home/airflow/.local/lib/python3.7/site-packages/airflow/example_dags/tutorial.py
[2023-03-28T08:44:10.314+0000] {processor.py:753} INFO - DAG(s) dict_keys(['tutorial']) retrieved from /home/airflow/.local/lib/python3.7/site-packages/airflow/example_dags/tutorial.py
[2023-03-28T08:44:10.547+0000] {logging_mixin.py:137} INFO - [2023-03-28T08:44:10.547+0000] {dag.py:2693} INFO - Sync 1 DAGs
[2023-03-28T08:44:10.635+0000] {logging_mixin.py:137} INFO - [2023-03-28T08:44:10.635+0000] {dag.py:3444} INFO - Setting next_dagrun for tutorial to 2023-03-28T05:31:10.968080+00:00, run_after=2023-03-29T05:31:10.968080+00:00
[2023-03-28T08:44:10.808+0000] {processor.py:175} INFO - Processing /home/airflow/.local/lib/python3.7/site-packages/airflow/example_dags/tutorial.py took 0.516 seconds
[2023-03-28T08:44:41.235+0000] {processor.py:153} INFO - Started process (PID=667) to work on /home/airflow/.local/lib/python3.7/site-packages/airflow/example_dags/tutorial.py
[2023-03-28T08:44:41.236+0000] {processor.py:743} INFO - Processing file /home/airflow/.local/lib/python3.7/site-packages/airflow/example_dags/tutorial.py for tasks to queue
[2023-03-28T08:44:41.236+0000] {logging_mixin.py:137} INFO - [2023-03-28T08:44:41.236+0000] {dagbag.py:532} INFO - Filling up the DagBag from /home/airflow/.local/lib/python3.7/site-packages/airflow/example_dags/tutorial.py
[2023-03-28T08:44:41.244+0000] {processor.py:753} INFO - DAG(s) dict_keys(['tutorial']) retrieved from /home/airflow/.local/lib/python3.7/site-packages/airflow/example_dags/tutorial.py
[2023-03-28T08:44:41.440+0000] {logging_mixin.py:137} INFO - [2023-03-28T08:44:41.439+0000] {dag.py:2693} INFO - Sync 1 DAGs
[2023-03-28T08:44:41.534+0000] {logging_mixin.py:137} INFO - [2023-03-28T08:44:41.533+0000] {dag.py:3444} INFO - Setting next_dagrun for tutorial to 2023-03-28T05:31:10.968080+00:00, run_after=2023-03-29T05:31:10.968080+00:00
[2023-03-28T08:44:41.699+0000] {processor.py:175} INFO - Processing /home/airflow/.local/lib/python3.7/site-packages/airflow/example_dags/tutorial.py took 0.465 seconds
[2023-03-28T08:45:12.269+0000] {processor.py:153} INFO - Started process (PID=716) to work on /home/airflow/.local/lib/python3.7/site-packages/airflow/example_dags/tutorial.py
[2023-03-28T08:45:12.270+0000] {processor.py:743} INFO - Processing file /home/airflow/.local/lib/python3.7/site-packages/airflow/example_dags/tutorial.py for tasks to queue
[2023-03-28T08:45:12.270+0000] {logging_mixin.py:137} INFO - [2023-03-28T08:45:12.270+0000] {dagbag.py:532} INFO - Filling up the DagBag from /home/airflow/.local/lib/python3.7/site-packages/airflow/example_dags/tutorial.py
[2023-03-28T08:45:12.278+0000] {processor.py:753} INFO - DAG(s) dict_keys(['tutorial']) retrieved from /home/airflow/.local/lib/python3.7/site-packages/airflow/example_dags/tutorial.py
[2023-03-28T08:45:12.473+0000] {logging_mixin.py:137} INFO - [2023-03-28T08:45:12.472+0000] {dag.py:2693} INFO - Sync 1 DAGs
[2023-03-28T08:45:12.575+0000] {logging_mixin.py:137} INFO - [2023-03-28T08:45:12.574+0000] {dag.py:3444} INFO - Setting next_dagrun for tutorial to 2023-03-28T05:31:10.968080+00:00, run_after=2023-03-29T05:31:10.968080+00:00
[2023-03-28T08:45:12.768+0000] {processor.py:175} INFO - Processing /home/airflow/.local/lib/python3.7/site-packages/airflow/example_dags/tutorial.py took 0.501 seconds
[2023-03-28T08:45:43.195+0000] {processor.py:153} INFO - Started process (PID=765) to work on /home/airflow/.local/lib/python3.7/site-packages/airflow/example_dags/tutorial.py
[2023-03-28T08:45:43.195+0000] {processor.py:743} INFO - Processing file /home/airflow/.local/lib/python3.7/site-packages/airflow/example_dags/tutorial.py for tasks to queue
[2023-03-28T08:45:43.195+0000] {logging_mixin.py:137} INFO - [2023-03-28T08:45:43.195+0000] {dagbag.py:532} INFO - Filling up the DagBag from /home/airflow/.local/lib/python3.7/site-packages/airflow/example_dags/tutorial.py
[2023-03-28T08:45:43.203+0000] {processor.py:753} INFO - DAG(s) dict_keys(['tutorial']) retrieved from /home/airflow/.local/lib/python3.7/site-packages/airflow/example_dags/tutorial.py
[2023-03-28T08:45:43.390+0000] {logging_mixin.py:137} INFO - [2023-03-28T08:45:43.390+0000] {dag.py:2693} INFO - Sync 1 DAGs
[2023-03-28T08:45:43.481+0000] {logging_mixin.py:137} INFO - [2023-03-28T08:45:43.481+0000] {dag.py:3444} INFO - Setting next_dagrun for tutorial to 2023-03-28T05:31:10.968080+00:00, run_after=2023-03-29T05:31:10.968080+00:00
[2023-03-28T08:45:43.660+0000] {processor.py:175} INFO - Processing /home/airflow/.local/lib/python3.7/site-packages/airflow/example_dags/tutorial.py took 0.467 seconds
[2023-03-28T08:46:13.687+0000] {processor.py:153} INFO - Started process (PID=814) to work on /home/airflow/.local/lib/python3.7/site-packages/airflow/example_dags/tutorial.py
[2023-03-28T08:46:13.688+0000] {processor.py:743} INFO - Processing file /home/airflow/.local/lib/python3.7/site-packages/airflow/example_dags/tutorial.py for tasks to queue
[2023-03-28T08:46:13.688+0000] {logging_mixin.py:137} INFO - [2023-03-28T08:46:13.688+0000] {dagbag.py:532} INFO - Filling up the DagBag from /home/airflow/.local/lib/python3.7/site-packages/airflow/example_dags/tutorial.py
[2023-03-28T08:46:13.696+0000] {processor.py:753} INFO - DAG(s) dict_keys(['tutorial']) retrieved from /home/airflow/.local/lib/python3.7/site-packages/airflow/example_dags/tutorial.py
[2023-03-28T08:46:13.870+0000] {logging_mixin.py:137} INFO - [2023-03-28T08:46:13.869+0000] {dag.py:2693} INFO - Sync 1 DAGs
[2023-03-28T08:46:13.966+0000] {logging_mixin.py:137} INFO - [2023-03-28T08:46:13.966+0000] {dag.py:3444} INFO - Setting next_dagrun for tutorial to 2023-03-28T05:31:10.968080+00:00, run_after=2023-03-29T05:31:10.968080+00:00
[2023-03-28T08:46:14.140+0000] {processor.py:175} INFO - Processing /home/airflow/.local/lib/python3.7/site-packages/airflow/example_dags/tutorial.py took 0.455 seconds
[2023-03-28T08:46:44.301+0000] {processor.py:153} INFO - Started process (PID=863) to work on /home/airflow/.local/lib/python3.7/site-packages/airflow/example_dags/tutorial.py
[2023-03-28T08:46:44.301+0000] {processor.py:743} INFO - Processing file /home/airflow/.local/lib/python3.7/site-packages/airflow/example_dags/tutorial.py for tasks to queue
[2023-03-28T08:46:44.302+0000] {logging_mixin.py:137} INFO - [2023-03-28T08:46:44.301+0000] {dagbag.py:532} INFO - Filling up the DagBag from /home/airflow/.local/lib/python3.7/site-packages/airflow/example_dags/tutorial.py
[2023-03-28T08:46:44.310+0000] {processor.py:753} INFO - DAG(s) dict_keys(['tutorial']) retrieved from /home/airflow/.local/lib/python3.7/site-packages/airflow/example_dags/tutorial.py
[2023-03-28T08:46:44.723+0000] {logging_mixin.py:137} INFO - [2023-03-28T08:46:44.723+0000] {dag.py:2693} INFO - Sync 1 DAGs
[2023-03-28T08:46:44.819+0000] {logging_mixin.py:137} INFO - [2023-03-28T08:46:44.818+0000] {dag.py:3444} INFO - Setting next_dagrun for tutorial to 2023-03-28T05:31:10.968080+00:00, run_after=2023-03-29T05:31:10.968080+00:00
[2023-03-28T08:46:44.999+0000] {processor.py:175} INFO - Processing /home/airflow/.local/lib/python3.7/site-packages/airflow/example_dags/tutorial.py took 0.701 seconds
[2023-03-28T08:47:15.533+0000] {processor.py:153} INFO - Started process (PID=912) to work on /home/airflow/.local/lib/python3.7/site-packages/airflow/example_dags/tutorial.py
[2023-03-28T08:47:15.542+0000] {processor.py:743} INFO - Processing file /home/airflow/.local/lib/python3.7/site-packages/airflow/example_dags/tutorial.py for tasks to queue
[2023-03-28T08:47:15.543+0000] {logging_mixin.py:137} INFO - [2023-03-28T08:47:15.543+0000] {dagbag.py:532} INFO - Filling up the DagBag from /home/airflow/.local/lib/python3.7/site-packages/airflow/example_dags/tutorial.py
[2023-03-28T08:47:15.551+0000] {processor.py:753} INFO - DAG(s) dict_keys(['tutorial']) retrieved from /home/airflow/.local/lib/python3.7/site-packages/airflow/example_dags/tutorial.py
[2023-03-28T08:47:15.740+0000] {logging_mixin.py:137} INFO - [2023-03-28T08:47:15.740+0000] {dag.py:2693} INFO - Sync 1 DAGs
[2023-03-28T08:47:15.836+0000] {logging_mixin.py:137} INFO - [2023-03-28T08:47:15.836+0000] {dag.py:3444} INFO - Setting next_dagrun for tutorial to 2023-03-28T05:31:10.968080+00:00, run_after=2023-03-29T05:31:10.968080+00:00
[2023-03-28T08:47:16.025+0000] {processor.py:175} INFO - Processing /home/airflow/.local/lib/python3.7/site-packages/airflow/example_dags/tutorial.py took 0.495 seconds
[2023-03-28T08:47:46.164+0000] {processor.py:153} INFO - Started process (PID=961) to work on /home/airflow/.local/lib/python3.7/site-packages/airflow/example_dags/tutorial.py
[2023-03-28T08:47:46.165+0000] {processor.py:743} INFO - Processing file /home/airflow/.local/lib/python3.7/site-packages/airflow/example_dags/tutorial.py for tasks to queue
[2023-03-28T08:47:46.166+0000] {logging_mixin.py:137} INFO - [2023-03-28T08:47:46.165+0000] {dagbag.py:532} INFO - Filling up the DagBag from /home/airflow/.local/lib/python3.7/site-packages/airflow/example_dags/tutorial.py
[2023-03-28T08:47:46.173+0000] {processor.py:753} INFO - DAG(s) dict_keys(['tutorial']) retrieved from /home/airflow/.local/lib/python3.7/site-packages/airflow/example_dags/tutorial.py
[2023-03-28T08:47:46.364+0000] {logging_mixin.py:137} INFO - [2023-03-28T08:47:46.364+0000] {dag.py:2693} INFO - Sync 1 DAGs
[2023-03-28T08:47:46.454+0000] {logging_mixin.py:137} INFO - [2023-03-28T08:47:46.454+0000] {dag.py:3444} INFO - Setting next_dagrun for tutorial to 2023-03-28T05:31:10.968080+00:00, run_after=2023-03-29T05:31:10.968080+00:00
[2023-03-28T08:47:46.650+0000] {processor.py:175} INFO - Processing /home/airflow/.local/lib/python3.7/site-packages/airflow/example_dags/tutorial.py took 0.487 seconds
[2023-03-28T08:48:16.870+0000] {processor.py:153} INFO - Started process (PID=1017) to work on /home/airflow/.local/lib/python3.7/site-packages/airflow/example_dags/tutorial.py
[2023-03-28T08:48:16.879+0000] {processor.py:743} INFO - Processing file /home/airflow/.local/lib/python3.7/site-packages/airflow/example_dags/tutorial.py for tasks to queue
[2023-03-28T08:48:16.879+0000] {logging_mixin.py:137} INFO - [2023-03-28T08:48:16.879+0000] {dagbag.py:532} INFO - Filling up the DagBag from /home/airflow/.local/lib/python3.7/site-packages/airflow/example_dags/tutorial.py
[2023-03-28T08:48:16.887+0000] {processor.py:753} INFO - DAG(s) dict_keys(['tutorial']) retrieved from /home/airflow/.local/lib/python3.7/site-packages/airflow/example_dags/tutorial.py
[2023-03-28T08:48:17.087+0000] {logging_mixin.py:137} INFO - [2023-03-28T08:48:17.087+0000] {dag.py:2693} INFO - Sync 1 DAGs
[2023-03-28T08:48:17.183+0000] {logging_mixin.py:137} INFO - [2023-03-28T08:48:17.183+0000] {dag.py:3444} INFO - Setting next_dagrun for tutorial to 2023-03-28T05:31:10.968080+00:00, run_after=2023-03-29T05:31:10.968080+00:00
[2023-03-28T08:48:17.375+0000] {processor.py:175} INFO - Processing /home/airflow/.local/lib/python3.7/site-packages/airflow/example_dags/tutorial.py took 0.508 seconds
[2023-03-28T08:48:47.562+0000] {processor.py:153} INFO - Started process (PID=1066) to work on /home/airflow/.local/lib/python3.7/site-packages/airflow/example_dags/tutorial.py
[2023-03-28T08:48:47.563+0000] {processor.py:743} INFO - Processing file /home/airflow/.local/lib/python3.7/site-packages/airflow/example_dags/tutorial.py for tasks to queue
[2023-03-28T08:48:47.563+0000] {logging_mixin.py:137} INFO - [2023-03-28T08:48:47.563+0000] {dagbag.py:532} INFO - Filling up the DagBag from /home/airflow/.local/lib/python3.7/site-packages/airflow/example_dags/tutorial.py
[2023-03-28T08:48:47.572+0000] {processor.py:753} INFO - DAG(s) dict_keys(['tutorial']) retrieved from /home/airflow/.local/lib/python3.7/site-packages/airflow/example_dags/tutorial.py
[2023-03-28T08:48:47.736+0000] {logging_mixin.py:137} INFO - [2023-03-28T08:48:47.736+0000] {dag.py:2693} INFO - Sync 1 DAGs
[2023-03-28T08:48:47.828+0000] {logging_mixin.py:137} INFO - [2023-03-28T08:48:47.828+0000] {dag.py:3444} INFO - Setting next_dagrun for tutorial to 2023-03-28T05:31:10.968080+00:00, run_after=2023-03-29T05:31:10.968080+00:00
[2023-03-28T08:48:48.016+0000] {processor.py:175} INFO - Processing /home/airflow/.local/lib/python3.7/site-packages/airflow/example_dags/tutorial.py took 0.456 seconds
[2023-03-28T08:49:18.164+0000] {processor.py:153} INFO - Started process (PID=1115) to work on /home/airflow/.local/lib/python3.7/site-packages/airflow/example_dags/tutorial.py
[2023-03-28T08:49:18.174+0000] {processor.py:743} INFO - Processing file /home/airflow/.local/lib/python3.7/site-packages/airflow/example_dags/tutorial.py for tasks to queue
[2023-03-28T08:49:18.174+0000] {logging_mixin.py:137} INFO - [2023-03-28T08:49:18.174+0000] {dagbag.py:532} INFO - Filling up the DagBag from /home/airflow/.local/lib/python3.7/site-packages/airflow/example_dags/tutorial.py
[2023-03-28T08:49:18.182+0000] {processor.py:753} INFO - DAG(s) dict_keys(['tutorial']) retrieved from /home/airflow/.local/lib/python3.7/site-packages/airflow/example_dags/tutorial.py
[2023-03-28T08:49:18.393+0000] {logging_mixin.py:137} INFO - [2023-03-28T08:49:18.393+0000] {dag.py:2693} INFO - Sync 1 DAGs
[2023-03-28T08:49:18.487+0000] {logging_mixin.py:137} INFO - [2023-03-28T08:49:18.487+0000] {dag.py:3444} INFO - Setting next_dagrun for tutorial to 2023-03-28T05:31:10.968080+00:00, run_after=2023-03-29T05:31:10.968080+00:00
[2023-03-28T08:49:18.660+0000] {processor.py:175} INFO - Processing /home/airflow/.local/lib/python3.7/site-packages/airflow/example_dags/tutorial.py took 0.498 seconds
[2023-03-28T08:49:48.863+0000] {processor.py:153} INFO - Started process (PID=1164) to work on /home/airflow/.local/lib/python3.7/site-packages/airflow/example_dags/tutorial.py
[2023-03-28T08:49:48.864+0000] {processor.py:743} INFO - Processing file /home/airflow/.local/lib/python3.7/site-packages/airflow/example_dags/tutorial.py for tasks to queue
[2023-03-28T08:49:48.864+0000] {logging_mixin.py:137} INFO - [2023-03-28T08:49:48.864+0000] {dagbag.py:532} INFO - Filling up the DagBag from /home/airflow/.local/lib/python3.7/site-packages/airflow/example_dags/tutorial.py
[2023-03-28T08:49:48.872+0000] {processor.py:753} INFO - DAG(s) dict_keys(['tutorial']) retrieved from /home/airflow/.local/lib/python3.7/site-packages/airflow/example_dags/tutorial.py
[2023-03-28T08:49:49.078+0000] {logging_mixin.py:137} INFO - [2023-03-28T08:49:49.078+0000] {dag.py:2693} INFO - Sync 1 DAGs
[2023-03-28T08:49:49.168+0000] {logging_mixin.py:137} INFO - [2023-03-28T08:49:49.168+0000] {dag.py:3444} INFO - Setting next_dagrun for tutorial to 2023-03-28T05:31:10.968080+00:00, run_after=2023-03-29T05:31:10.968080+00:00
[2023-03-28T08:49:49.380+0000] {processor.py:175} INFO - Processing /home/airflow/.local/lib/python3.7/site-packages/airflow/example_dags/tutorial.py took 0.519 seconds
[2023-03-28T08:50:20.066+0000] {processor.py:153} INFO - Started process (PID=1213) to work on /home/airflow/.local/lib/python3.7/site-packages/airflow/example_dags/tutorial.py
[2023-03-28T08:50:20.076+0000] {processor.py:743} INFO - Processing file /home/airflow/.local/lib/python3.7/site-packages/airflow/example_dags/tutorial.py for tasks to queue
[2023-03-28T08:50:20.076+0000] {logging_mixin.py:137} INFO - [2023-03-28T08:50:20.076+0000] {dagbag.py:532} INFO - Filling up the DagBag from /home/airflow/.local/lib/python3.7/site-packages/airflow/example_dags/tutorial.py
[2023-03-28T08:50:20.084+0000] {processor.py:753} INFO - DAG(s) dict_keys(['tutorial']) retrieved from /home/airflow/.local/lib/python3.7/site-packages/airflow/example_dags/tutorial.py
[2023-03-28T08:50:20.288+0000] {logging_mixin.py:137} INFO - [2023-03-28T08:50:20.288+0000] {dag.py:2693} INFO - Sync 1 DAGs
[2023-03-28T08:50:20.384+0000] {logging_mixin.py:137} INFO - [2023-03-28T08:50:20.384+0000] {dag.py:3444} INFO - Setting next_dagrun for tutorial to 2023-03-28T05:31:10.968080+00:00, run_after=2023-03-29T05:31:10.968080+00:00
[2023-03-28T08:50:20.552+0000] {processor.py:175} INFO - Processing /home/airflow/.local/lib/python3.7/site-packages/airflow/example_dags/tutorial.py took 0.488 seconds
[2023-03-28T08:50:51.163+0000] {processor.py:153} INFO - Started process (PID=1262) to work on /home/airflow/.local/lib/python3.7/site-packages/airflow/example_dags/tutorial.py
[2023-03-28T08:50:51.163+0000] {processor.py:743} INFO - Processing file /home/airflow/.local/lib/python3.7/site-packages/airflow/example_dags/tutorial.py for tasks to queue
[2023-03-28T08:50:51.164+0000] {logging_mixin.py:137} INFO - [2023-03-28T08:50:51.164+0000] {dagbag.py:532} INFO - Filling up the DagBag from /home/airflow/.local/lib/python3.7/site-packages/airflow/example_dags/tutorial.py
[2023-03-28T08:50:51.171+0000] {processor.py:753} INFO - DAG(s) dict_keys(['tutorial']) retrieved from /home/airflow/.local/lib/python3.7/site-packages/airflow/example_dags/tutorial.py
[2023-03-28T08:50:51.354+0000] {logging_mixin.py:137} INFO - [2023-03-28T08:50:51.354+0000] {dag.py:2693} INFO - Sync 1 DAGs
[2023-03-28T08:50:51.478+0000] {logging_mixin.py:137} INFO - [2023-03-28T08:50:51.478+0000] {dag.py:3444} INFO - Setting next_dagrun for tutorial to 2023-03-28T05:31:10.968080+00:00, run_after=2023-03-29T05:31:10.968080+00:00
[2023-03-28T08:50:51.658+0000] {processor.py:175} INFO - Processing /home/airflow/.local/lib/python3.7/site-packages/airflow/example_dags/tutorial.py took 0.498 seconds
[2023-03-28T08:51:21.809+0000] {processor.py:153} INFO - Started process (PID=1311) to work on /home/airflow/.local/lib/python3.7/site-packages/airflow/example_dags/tutorial.py
[2023-03-28T08:51:21.819+0000] {processor.py:743} INFO - Processing file /home/airflow/.local/lib/python3.7/site-packages/airflow/example_dags/tutorial.py for tasks to queue
[2023-03-28T08:51:21.819+0000] {logging_mixin.py:137} INFO - [2023-03-28T08:51:21.819+0000] {dagbag.py:532} INFO - Filling up the DagBag from /home/airflow/.local/lib/python3.7/site-packages/airflow/example_dags/tutorial.py
[2023-03-28T08:51:21.827+0000] {processor.py:753} INFO - DAG(s) dict_keys(['tutorial']) retrieved from /home/airflow/.local/lib/python3.7/site-packages/airflow/example_dags/tutorial.py
[2023-03-28T08:51:21.998+0000] {logging_mixin.py:137} INFO - [2023-03-28T08:51:21.998+0000] {dag.py:2693} INFO - Sync 1 DAGs
[2023-03-28T08:51:22.097+0000] {logging_mixin.py:137} INFO - [2023-03-28T08:51:22.097+0000] {dag.py:3444} INFO - Setting next_dagrun for tutorial to 2023-03-28T05:31:10.968080+00:00, run_after=2023-03-29T05:31:10.968080+00:00
[2023-03-28T08:51:22.268+0000] {processor.py:175} INFO - Processing /home/airflow/.local/lib/python3.7/site-packages/airflow/example_dags/tutorial.py took 0.461 seconds
[2023-03-28T08:51:52.810+0000] {processor.py:153} INFO - Started process (PID=1360) to work on /home/airflow/.local/lib/python3.7/site-packages/airflow/example_dags/tutorial.py
[2023-03-28T08:51:52.810+0000] {processor.py:743} INFO - Processing file /home/airflow/.local/lib/python3.7/site-packages/airflow/example_dags/tutorial.py for tasks to queue
[2023-03-28T08:51:52.810+0000] {logging_mixin.py:137} INFO - [2023-03-28T08:51:52.810+0000] {dagbag.py:532} INFO - Filling up the DagBag from /home/airflow/.local/lib/python3.7/site-packages/airflow/example_dags/tutorial.py
[2023-03-28T08:51:52.819+0000] {processor.py:753} INFO - DAG(s) dict_keys(['tutorial']) retrieved from /home/airflow/.local/lib/python3.7/site-packages/airflow/example_dags/tutorial.py
[2023-03-28T08:51:53.049+0000] {logging_mixin.py:137} INFO - [2023-03-28T08:51:53.049+0000] {dag.py:2693} INFO - Sync 1 DAGs
[2023-03-28T08:51:53.141+0000] {logging_mixin.py:137} INFO - [2023-03-28T08:51:53.141+0000] {dag.py:3444} INFO - Setting next_dagrun for tutorial to 2023-03-28T05:31:10.968080+00:00, run_after=2023-03-29T05:31:10.968080+00:00
[2023-03-28T08:51:53.318+0000] {processor.py:175} INFO - Processing /home/airflow/.local/lib/python3.7/site-packages/airflow/example_dags/tutorial.py took 0.510 seconds
[2023-03-28T08:52:23.907+0000] {processor.py:153} INFO - Started process (PID=1409) to work on /home/airflow/.local/lib/python3.7/site-packages/airflow/example_dags/tutorial.py
[2023-03-28T08:52:23.908+0000] {processor.py:743} INFO - Processing file /home/airflow/.local/lib/python3.7/site-packages/airflow/example_dags/tutorial.py for tasks to queue
[2023-03-28T08:52:23.908+0000] {logging_mixin.py:137} INFO - [2023-03-28T08:52:23.908+0000] {dagbag.py:532} INFO - Filling up the DagBag from /home/airflow/.local/lib/python3.7/site-packages/airflow/example_dags/tutorial.py
[2023-03-28T08:52:23.916+0000] {processor.py:753} INFO - DAG(s) dict_keys(['tutorial']) retrieved from /home/airflow/.local/lib/python3.7/site-packages/airflow/example_dags/tutorial.py
[2023-03-28T08:52:24.158+0000] {logging_mixin.py:137} INFO - [2023-03-28T08:52:24.158+0000] {dag.py:2693} INFO - Sync 1 DAGs
[2023-03-28T08:52:24.270+0000] {logging_mixin.py:137} INFO - [2023-03-28T08:52:24.270+0000] {dag.py:3444} INFO - Setting next_dagrun for tutorial to 2023-03-28T05:31:10.968080+00:00, run_after=2023-03-29T05:31:10.968080+00:00
[2023-03-28T08:52:24.449+0000] {processor.py:175} INFO - Processing /home/airflow/.local/lib/python3.7/site-packages/airflow/example_dags/tutorial.py took 0.544 seconds
[2023-03-28T08:52:54.824+0000] {processor.py:153} INFO - Started process (PID=1458) to work on /home/airflow/.local/lib/python3.7/site-packages/airflow/example_dags/tutorial.py
[2023-03-28T08:52:54.824+0000] {processor.py:743} INFO - Processing file /home/airflow/.local/lib/python3.7/site-packages/airflow/example_dags/tutorial.py for tasks to queue
[2023-03-28T08:52:54.825+0000] {logging_mixin.py:137} INFO - [2023-03-28T08:52:54.825+0000] {dagbag.py:532} INFO - Filling up the DagBag from /home/airflow/.local/lib/python3.7/site-packages/airflow/example_dags/tutorial.py
[2023-03-28T08:52:54.834+0000] {processor.py:753} INFO - DAG(s) dict_keys(['tutorial']) retrieved from /home/airflow/.local/lib/python3.7/site-packages/airflow/example_dags/tutorial.py
[2023-03-28T08:52:55.011+0000] {logging_mixin.py:137} INFO - [2023-03-28T08:52:55.011+0000] {dag.py:2693} INFO - Sync 1 DAGs
[2023-03-28T08:52:55.108+0000] {logging_mixin.py:137} INFO - [2023-03-28T08:52:55.108+0000] {dag.py:3444} INFO - Setting next_dagrun for tutorial to 2023-03-28T05:31:10.968080+00:00, run_after=2023-03-29T05:31:10.968080+00:00
[2023-03-28T08:52:55.289+0000] {processor.py:175} INFO - Processing /home/airflow/.local/lib/python3.7/site-packages/airflow/example_dags/tutorial.py took 0.467 seconds
[2023-03-28T08:53:25.969+0000] {processor.py:153} INFO - Started process (PID=1507) to work on /home/airflow/.local/lib/python3.7/site-packages/airflow/example_dags/tutorial.py
[2023-03-28T08:53:25.978+0000] {processor.py:743} INFO - Processing file /home/airflow/.local/lib/python3.7/site-packages/airflow/example_dags/tutorial.py for tasks to queue
[2023-03-28T08:53:25.979+0000] {logging_mixin.py:137} INFO - [2023-03-28T08:53:25.979+0000] {dagbag.py:532} INFO - Filling up the DagBag from /home/airflow/.local/lib/python3.7/site-packages/airflow/example_dags/tutorial.py
[2023-03-28T08:53:25.987+0000] {processor.py:753} INFO - DAG(s) dict_keys(['tutorial']) retrieved from /home/airflow/.local/lib/python3.7/site-packages/airflow/example_dags/tutorial.py
[2023-03-28T08:53:26.163+0000] {logging_mixin.py:137} INFO - [2023-03-28T08:53:26.163+0000] {dag.py:2693} INFO - Sync 1 DAGs
[2023-03-28T08:53:26.262+0000] {logging_mixin.py:137} INFO - [2023-03-28T08:53:26.262+0000] {dag.py:3444} INFO - Setting next_dagrun for tutorial to 2023-03-28T05:31:10.968080+00:00, run_after=2023-03-29T05:31:10.968080+00:00
[2023-03-28T08:53:26.433+0000] {processor.py:175} INFO - Processing /home/airflow/.local/lib/python3.7/site-packages/airflow/example_dags/tutorial.py took 0.466 seconds
[2023-03-28T08:53:56.620+0000] {processor.py:153} INFO - Started process (PID=1556) to work on /home/airflow/.local/lib/python3.7/site-packages/airflow/example_dags/tutorial.py
[2023-03-28T08:53:56.621+0000] {processor.py:743} INFO - Processing file /home/airflow/.local/lib/python3.7/site-packages/airflow/example_dags/tutorial.py for tasks to queue
[2023-03-28T08:53:56.621+0000] {logging_mixin.py:137} INFO - [2023-03-28T08:53:56.621+0000] {dagbag.py:532} INFO - Filling up the DagBag from /home/airflow/.local/lib/python3.7/site-packages/airflow/example_dags/tutorial.py
[2023-03-28T08:53:56.629+0000] {processor.py:753} INFO - DAG(s) dict_keys(['tutorial']) retrieved from /home/airflow/.local/lib/python3.7/site-packages/airflow/example_dags/tutorial.py
[2023-03-28T08:53:56.818+0000] {logging_mixin.py:137} INFO - [2023-03-28T08:53:56.818+0000] {dag.py:2693} INFO - Sync 1 DAGs
[2023-03-28T08:53:56.922+0000] {logging_mixin.py:137} INFO - [2023-03-28T08:53:56.922+0000] {dag.py:3444} INFO - Setting next_dagrun for tutorial to 2023-03-28T05:31:10.968080+00:00, run_after=2023-03-29T05:31:10.968080+00:00
[2023-03-28T08:53:57.131+0000] {processor.py:175} INFO - Processing /home/airflow/.local/lib/python3.7/site-packages/airflow/example_dags/tutorial.py took 0.513 seconds
[2023-03-28T08:54:27.388+0000] {processor.py:153} INFO - Started process (PID=1605) to work on /home/airflow/.local/lib/python3.7/site-packages/airflow/example_dags/tutorial.py
[2023-03-28T08:54:27.389+0000] {processor.py:743} INFO - Processing file /home/airflow/.local/lib/python3.7/site-packages/airflow/example_dags/tutorial.py for tasks to queue
[2023-03-28T08:54:27.389+0000] {logging_mixin.py:137} INFO - [2023-03-28T08:54:27.389+0000] {dagbag.py:532} INFO - Filling up the DagBag from /home/airflow/.local/lib/python3.7/site-packages/airflow/example_dags/tutorial.py
[2023-03-28T08:54:27.397+0000] {processor.py:753} INFO - DAG(s) dict_keys(['tutorial']) retrieved from /home/airflow/.local/lib/python3.7/site-packages/airflow/example_dags/tutorial.py
[2023-03-28T08:54:27.602+0000] {logging_mixin.py:137} INFO - [2023-03-28T08:54:27.602+0000] {dag.py:2693} INFO - Sync 1 DAGs
[2023-03-28T08:54:27.689+0000] {logging_mixin.py:137} INFO - [2023-03-28T08:54:27.689+0000] {dag.py:3444} INFO - Setting next_dagrun for tutorial to 2023-03-28T05:31:10.968080+00:00, run_after=2023-03-29T05:31:10.968080+00:00
[2023-03-28T08:54:27.927+0000] {processor.py:175} INFO - Processing /home/airflow/.local/lib/python3.7/site-packages/airflow/example_dags/tutorial.py took 0.540 seconds
[2023-03-28T08:54:58.013+0000] {processor.py:153} INFO - Started process (PID=1654) to work on /home/airflow/.local/lib/python3.7/site-packages/airflow/example_dags/tutorial.py
[2023-03-28T08:54:58.013+0000] {processor.py:743} INFO - Processing file /home/airflow/.local/lib/python3.7/site-packages/airflow/example_dags/tutorial.py for tasks to queue
[2023-03-28T08:54:58.014+0000] {logging_mixin.py:137} INFO - [2023-03-28T08:54:58.014+0000] {dagbag.py:532} INFO - Filling up the DagBag from /home/airflow/.local/lib/python3.7/site-packages/airflow/example_dags/tutorial.py
[2023-03-28T08:54:58.022+0000] {processor.py:753} INFO - DAG(s) dict_keys(['tutorial']) retrieved from /home/airflow/.local/lib/python3.7/site-packages/airflow/example_dags/tutorial.py
[2023-03-28T08:54:58.199+0000] {logging_mixin.py:137} INFO - [2023-03-28T08:54:58.199+0000] {dag.py:2693} INFO - Sync 1 DAGs
[2023-03-28T08:54:58.292+0000] {logging_mixin.py:137} INFO - [2023-03-28T08:54:58.292+0000] {dag.py:3444} INFO - Setting next_dagrun for tutorial to 2023-03-28T05:31:10.968080+00:00, run_after=2023-03-29T05:31:10.968080+00:00
[2023-03-28T08:54:58.457+0000] {processor.py:175} INFO - Processing /home/airflow/.local/lib/python3.7/site-packages/airflow/example_dags/tutorial.py took 0.446 seconds
[2023-03-28T08:55:29.534+0000] {processor.py:153} INFO - Started process (PID=1703) to work on /home/airflow/.local/lib/python3.7/site-packages/airflow/example_dags/tutorial.py
[2023-03-28T08:55:29.543+0000] {processor.py:743} INFO - Processing file /home/airflow/.local/lib/python3.7/site-packages/airflow/example_dags/tutorial.py for tasks to queue
[2023-03-28T08:55:29.544+0000] {logging_mixin.py:137} INFO - [2023-03-28T08:55:29.544+0000] {dagbag.py:532} INFO - Filling up the DagBag from /home/airflow/.local/lib/python3.7/site-packages/airflow/example_dags/tutorial.py
[2023-03-28T08:55:29.551+0000] {processor.py:753} INFO - DAG(s) dict_keys(['tutorial']) retrieved from /home/airflow/.local/lib/python3.7/site-packages/airflow/example_dags/tutorial.py
[2023-03-28T08:55:29.737+0000] {logging_mixin.py:137} INFO - [2023-03-28T08:55:29.737+0000] {dag.py:2693} INFO - Sync 1 DAGs
[2023-03-28T08:55:29.868+0000] {logging_mixin.py:137} INFO - [2023-03-28T08:55:29.868+0000] {dag.py:3444} INFO - Setting next_dagrun for tutorial to 2023-03-28T05:31:10.968080+00:00, run_after=2023-03-29T05:31:10.968080+00:00
[2023-03-28T08:55:30.066+0000] {processor.py:175} INFO - Processing /home/airflow/.local/lib/python3.7/site-packages/airflow/example_dags/tutorial.py took 0.535 seconds
[2023-03-28T08:56:00.613+0000] {processor.py:153} INFO - Started process (PID=1752) to work on /home/airflow/.local/lib/python3.7/site-packages/airflow/example_dags/tutorial.py
[2023-03-28T08:56:00.623+0000] {processor.py:743} INFO - Processing file /home/airflow/.local/lib/python3.7/site-packages/airflow/example_dags/tutorial.py for tasks to queue
[2023-03-28T08:56:00.623+0000] {logging_mixin.py:137} INFO - [2023-03-28T08:56:00.623+0000] {dagbag.py:532} INFO - Filling up the DagBag from /home/airflow/.local/lib/python3.7/site-packages/airflow/example_dags/tutorial.py
[2023-03-28T08:56:00.631+0000] {processor.py:753} INFO - DAG(s) dict_keys(['tutorial']) retrieved from /home/airflow/.local/lib/python3.7/site-packages/airflow/example_dags/tutorial.py
[2023-03-28T08:56:00.815+0000] {logging_mixin.py:137} INFO - [2023-03-28T08:56:00.815+0000] {dag.py:2693} INFO - Sync 1 DAGs
[2023-03-28T08:56:00.898+0000] {logging_mixin.py:137} INFO - [2023-03-28T08:56:00.898+0000] {dag.py:3444} INFO - Setting next_dagrun for tutorial to 2023-03-28T05:31:10.968080+00:00, run_after=2023-03-29T05:31:10.968080+00:00
[2023-03-28T08:56:01.080+0000] {processor.py:175} INFO - Processing /home/airflow/.local/lib/python3.7/site-packages/airflow/example_dags/tutorial.py took 0.469 seconds
[2023-03-28T08:56:31.294+0000] {processor.py:153} INFO - Started process (PID=1801) to work on /home/airflow/.local/lib/python3.7/site-packages/airflow/example_dags/tutorial.py
[2023-03-28T08:56:31.295+0000] {processor.py:743} INFO - Processing file /home/airflow/.local/lib/python3.7/site-packages/airflow/example_dags/tutorial.py for tasks to queue
[2023-03-28T08:56:31.295+0000] {logging_mixin.py:137} INFO - [2023-03-28T08:56:31.295+0000] {dagbag.py:532} INFO - Filling up the DagBag from /home/airflow/.local/lib/python3.7/site-packages/airflow/example_dags/tutorial.py
[2023-03-28T08:56:31.303+0000] {processor.py:753} INFO - DAG(s) dict_keys(['tutorial']) retrieved from /home/airflow/.local/lib/python3.7/site-packages/airflow/example_dags/tutorial.py
[2023-03-28T08:56:31.495+0000] {logging_mixin.py:137} INFO - [2023-03-28T08:56:31.494+0000] {dag.py:2693} INFO - Sync 1 DAGs
[2023-03-28T08:56:31.585+0000] {logging_mixin.py:137} INFO - [2023-03-28T08:56:31.585+0000] {dag.py:3444} INFO - Setting next_dagrun for tutorial to 2023-03-28T05:31:10.968080+00:00, run_after=2023-03-29T05:31:10.968080+00:00
[2023-03-28T08:56:31.782+0000] {processor.py:175} INFO - Processing /home/airflow/.local/lib/python3.7/site-packages/airflow/example_dags/tutorial.py took 0.490 seconds
[2023-03-28T08:57:01.976+0000] {processor.py:153} INFO - Started process (PID=1850) to work on /home/airflow/.local/lib/python3.7/site-packages/airflow/example_dags/tutorial.py
[2023-03-28T08:57:01.985+0000] {processor.py:743} INFO - Processing file /home/airflow/.local/lib/python3.7/site-packages/airflow/example_dags/tutorial.py for tasks to queue
[2023-03-28T08:57:01.985+0000] {logging_mixin.py:137} INFO - [2023-03-28T08:57:01.985+0000] {dagbag.py:532} INFO - Filling up the DagBag from /home/airflow/.local/lib/python3.7/site-packages/airflow/example_dags/tutorial.py
[2023-03-28T08:57:01.993+0000] {processor.py:753} INFO - DAG(s) dict_keys(['tutorial']) retrieved from /home/airflow/.local/lib/python3.7/site-packages/airflow/example_dags/tutorial.py
[2023-03-28T08:57:02.183+0000] {logging_mixin.py:137} INFO - [2023-03-28T08:57:02.183+0000] {dag.py:2693} INFO - Sync 1 DAGs
[2023-03-28T08:57:02.278+0000] {logging_mixin.py:137} INFO - [2023-03-28T08:57:02.278+0000] {dag.py:3444} INFO - Setting next_dagrun for tutorial to 2023-03-28T05:31:10.968080+00:00, run_after=2023-03-29T05:31:10.968080+00:00
[2023-03-28T08:57:02.471+0000] {processor.py:175} INFO - Processing /home/airflow/.local/lib/python3.7/site-packages/airflow/example_dags/tutorial.py took 0.498 seconds
[2023-03-28T08:57:32.640+0000] {processor.py:153} INFO - Started process (PID=1899) to work on /home/airflow/.local/lib/python3.7/site-packages/airflow/example_dags/tutorial.py
[2023-03-28T08:57:32.641+0000] {processor.py:743} INFO - Processing file /home/airflow/.local/lib/python3.7/site-packages/airflow/example_dags/tutorial.py for tasks to queue
[2023-03-28T08:57:32.641+0000] {logging_mixin.py:137} INFO - [2023-03-28T08:57:32.641+0000] {dagbag.py:532} INFO - Filling up the DagBag from /home/airflow/.local/lib/python3.7/site-packages/airflow/example_dags/tutorial.py
[2023-03-28T08:57:32.649+0000] {processor.py:753} INFO - DAG(s) dict_keys(['tutorial']) retrieved from /home/airflow/.local/lib/python3.7/site-packages/airflow/example_dags/tutorial.py
[2023-03-28T08:57:33.050+0000] {logging_mixin.py:137} INFO - [2023-03-28T08:57:33.050+0000] {dag.py:2693} INFO - Sync 1 DAGs
[2023-03-28T08:57:33.162+0000] {logging_mixin.py:137} INFO - [2023-03-28T08:57:33.162+0000] {dag.py:3444} INFO - Setting next_dagrun for tutorial to 2023-03-28T05:31:10.968080+00:00, run_after=2023-03-29T05:31:10.968080+00:00
[2023-03-28T08:57:33.342+0000] {processor.py:175} INFO - Processing /home/airflow/.local/lib/python3.7/site-packages/airflow/example_dags/tutorial.py took 0.703 seconds
[2023-03-28T08:58:03.778+0000] {processor.py:153} INFO - Started process (PID=1948) to work on /home/airflow/.local/lib/python3.7/site-packages/airflow/example_dags/tutorial.py
[2023-03-28T08:58:03.779+0000] {processor.py:743} INFO - Processing file /home/airflow/.local/lib/python3.7/site-packages/airflow/example_dags/tutorial.py for tasks to queue
[2023-03-28T08:58:03.780+0000] {logging_mixin.py:137} INFO - [2023-03-28T08:58:03.780+0000] {dagbag.py:532} INFO - Filling up the DagBag from /home/airflow/.local/lib/python3.7/site-packages/airflow/example_dags/tutorial.py
[2023-03-28T08:58:03.788+0000] {processor.py:753} INFO - DAG(s) dict_keys(['tutorial']) retrieved from /home/airflow/.local/lib/python3.7/site-packages/airflow/example_dags/tutorial.py
[2023-03-28T08:58:04.006+0000] {logging_mixin.py:137} INFO - [2023-03-28T08:58:04.006+0000] {dag.py:2693} INFO - Sync 1 DAGs
[2023-03-28T08:58:04.106+0000] {logging_mixin.py:137} INFO - [2023-03-28T08:58:04.106+0000] {dag.py:3444} INFO - Setting next_dagrun for tutorial to 2023-03-28T05:31:10.968080+00:00, run_after=2023-03-29T05:31:10.968080+00:00
[2023-03-28T08:58:04.296+0000] {processor.py:175} INFO - Processing /home/airflow/.local/lib/python3.7/site-packages/airflow/example_dags/tutorial.py took 0.520 seconds
[2023-03-28T08:58:34.712+0000] {processor.py:153} INFO - Started process (PID=1997) to work on /home/airflow/.local/lib/python3.7/site-packages/airflow/example_dags/tutorial.py
[2023-03-28T08:58:34.712+0000] {processor.py:743} INFO - Processing file /home/airflow/.local/lib/python3.7/site-packages/airflow/example_dags/tutorial.py for tasks to queue
[2023-03-28T08:58:34.713+0000] {logging_mixin.py:137} INFO - [2023-03-28T08:58:34.713+0000] {dagbag.py:532} INFO - Filling up the DagBag from /home/airflow/.local/lib/python3.7/site-packages/airflow/example_dags/tutorial.py
[2023-03-28T08:58:34.721+0000] {processor.py:753} INFO - DAG(s) dict_keys(['tutorial']) retrieved from /home/airflow/.local/lib/python3.7/site-packages/airflow/example_dags/tutorial.py
[2023-03-28T08:58:34.905+0000] {logging_mixin.py:137} INFO - [2023-03-28T08:58:34.905+0000] {dag.py:2693} INFO - Sync 1 DAGs
[2023-03-28T08:58:34.997+0000] {logging_mixin.py:137} INFO - [2023-03-28T08:58:34.997+0000] {dag.py:3444} INFO - Setting next_dagrun for tutorial to 2023-03-28T05:31:10.968080+00:00, run_after=2023-03-29T05:31:10.968080+00:00
[2023-03-28T08:58:35.184+0000] {processor.py:175} INFO - Processing /home/airflow/.local/lib/python3.7/site-packages/airflow/example_dags/tutorial.py took 0.474 seconds
[2023-03-28T08:59:05.516+0000] {processor.py:153} INFO - Started process (PID=2046) to work on /home/airflow/.local/lib/python3.7/site-packages/airflow/example_dags/tutorial.py
[2023-03-28T08:59:05.526+0000] {processor.py:743} INFO - Processing file /home/airflow/.local/lib/python3.7/site-packages/airflow/example_dags/tutorial.py for tasks to queue
[2023-03-28T08:59:05.527+0000] {logging_mixin.py:137} INFO - [2023-03-28T08:59:05.526+0000] {dagbag.py:532} INFO - Filling up the DagBag from /home/airflow/.local/lib/python3.7/site-packages/airflow/example_dags/tutorial.py
[2023-03-28T08:59:05.535+0000] {processor.py:753} INFO - DAG(s) dict_keys(['tutorial']) retrieved from /home/airflow/.local/lib/python3.7/site-packages/airflow/example_dags/tutorial.py
[2023-03-28T08:59:05.709+0000] {logging_mixin.py:137} INFO - [2023-03-28T08:59:05.709+0000] {dag.py:2693} INFO - Sync 1 DAGs
[2023-03-28T08:59:05.797+0000] {logging_mixin.py:137} INFO - [2023-03-28T08:59:05.797+0000] {dag.py:3444} INFO - Setting next_dagrun for tutorial to 2023-03-28T05:31:10.968080+00:00, run_after=2023-03-29T05:31:10.968080+00:00
[2023-03-28T08:59:05.967+0000] {processor.py:175} INFO - Processing /home/airflow/.local/lib/python3.7/site-packages/airflow/example_dags/tutorial.py took 0.454 seconds
[2023-03-28T08:59:36.176+0000] {processor.py:153} INFO - Started process (PID=2095) to work on /home/airflow/.local/lib/python3.7/site-packages/airflow/example_dags/tutorial.py
[2023-03-28T08:59:36.176+0000] {processor.py:743} INFO - Processing file /home/airflow/.local/lib/python3.7/site-packages/airflow/example_dags/tutorial.py for tasks to queue
[2023-03-28T08:59:36.177+0000] {logging_mixin.py:137} INFO - [2023-03-28T08:59:36.177+0000] {dagbag.py:532} INFO - Filling up the DagBag from /home/airflow/.local/lib/python3.7/site-packages/airflow/example_dags/tutorial.py
[2023-03-28T08:59:36.185+0000] {processor.py:753} INFO - DAG(s) dict_keys(['tutorial']) retrieved from /home/airflow/.local/lib/python3.7/site-packages/airflow/example_dags/tutorial.py
[2023-03-28T08:59:36.367+0000] {logging_mixin.py:137} INFO - [2023-03-28T08:59:36.367+0000] {dag.py:2693} INFO - Sync 1 DAGs
[2023-03-28T08:59:36.459+0000] {logging_mixin.py:137} INFO - [2023-03-28T08:59:36.459+0000] {dag.py:3444} INFO - Setting next_dagrun for tutorial to 2023-03-28T05:31:10.968080+00:00, run_after=2023-03-29T05:31:10.968080+00:00
[2023-03-28T08:59:36.638+0000] {processor.py:175} INFO - Processing /home/airflow/.local/lib/python3.7/site-packages/airflow/example_dags/tutorial.py took 0.464 seconds
