[2023-03-28T05:28:15.451+0000] {processor.py:153} INFO - Started process (PID=70) to work on /home/airflow/.local/lib/python3.7/site-packages/airflow/example_dags/tutorial_taskflow_api_virtualenv.py
[2023-03-28T05:28:15.452+0000] {processor.py:743} INFO - Processing file /home/airflow/.local/lib/python3.7/site-packages/airflow/example_dags/tutorial_taskflow_api_virtualenv.py for tasks to queue
[2023-03-28T05:28:15.452+0000] {logging_mixin.py:137} INFO - [2023-03-28T05:28:15.452+0000] {dagbag.py:532} INFO - Filling up the DagBag from /home/airflow/.local/lib/python3.7/site-packages/airflow/example_dags/tutorial_taskflow_api_virtualenv.py
[2023-03-28T05:28:15.464+0000] {processor.py:753} INFO - DAG(s) dict_keys(['tutorial_taskflow_api_virtualenv']) retrieved from /home/airflow/.local/lib/python3.7/site-packages/airflow/example_dags/tutorial_taskflow_api_virtualenv.py
[2023-03-28T05:28:15.629+0000] {logging_mixin.py:137} INFO - [2023-03-28T05:28:15.629+0000] {dag.py:2693} INFO - Sync 1 DAGs
[2023-03-28T05:28:15.741+0000] {logging_mixin.py:137} INFO - [2023-03-28T05:28:15.741+0000] {dag.py:3444} INFO - Setting next_dagrun for tutorial_taskflow_api_virtualenv to None, run_after=None
[2023-03-28T05:28:15.905+0000] {processor.py:175} INFO - Processing /home/airflow/.local/lib/python3.7/site-packages/airflow/example_dags/tutorial_taskflow_api_virtualenv.py took 0.456 seconds
[2023-03-28T05:28:46.186+0000] {processor.py:153} INFO - Started process (PID=119) to work on /home/airflow/.local/lib/python3.7/site-packages/airflow/example_dags/tutorial_taskflow_api_virtualenv.py
[2023-03-28T05:28:46.195+0000] {processor.py:743} INFO - Processing file /home/airflow/.local/lib/python3.7/site-packages/airflow/example_dags/tutorial_taskflow_api_virtualenv.py for tasks to queue
[2023-03-28T05:28:46.195+0000] {logging_mixin.py:137} INFO - [2023-03-28T05:28:46.195+0000] {dagbag.py:532} INFO - Filling up the DagBag from /home/airflow/.local/lib/python3.7/site-packages/airflow/example_dags/tutorial_taskflow_api_virtualenv.py
[2023-03-28T05:28:46.208+0000] {processor.py:753} INFO - DAG(s) dict_keys(['tutorial_taskflow_api_virtualenv']) retrieved from /home/airflow/.local/lib/python3.7/site-packages/airflow/example_dags/tutorial_taskflow_api_virtualenv.py
[2023-03-28T05:28:46.387+0000] {logging_mixin.py:137} INFO - [2023-03-28T05:28:46.387+0000] {dag.py:2693} INFO - Sync 1 DAGs
[2023-03-28T05:28:46.500+0000] {logging_mixin.py:137} INFO - [2023-03-28T05:28:46.500+0000] {dag.py:3444} INFO - Setting next_dagrun for tutorial_taskflow_api_virtualenv to None, run_after=None
[2023-03-28T05:28:46.661+0000] {processor.py:175} INFO - Processing /home/airflow/.local/lib/python3.7/site-packages/airflow/example_dags/tutorial_taskflow_api_virtualenv.py took 0.478 seconds
[2023-03-28T05:29:16.790+0000] {processor.py:153} INFO - Started process (PID=168) to work on /home/airflow/.local/lib/python3.7/site-packages/airflow/example_dags/tutorial_taskflow_api_virtualenv.py
[2023-03-28T05:29:16.790+0000] {processor.py:743} INFO - Processing file /home/airflow/.local/lib/python3.7/site-packages/airflow/example_dags/tutorial_taskflow_api_virtualenv.py for tasks to queue
[2023-03-28T05:29:16.791+0000] {logging_mixin.py:137} INFO - [2023-03-28T05:29:16.791+0000] {dagbag.py:532} INFO - Filling up the DagBag from /home/airflow/.local/lib/python3.7/site-packages/airflow/example_dags/tutorial_taskflow_api_virtualenv.py
[2023-03-28T05:29:16.803+0000] {processor.py:753} INFO - DAG(s) dict_keys(['tutorial_taskflow_api_virtualenv']) retrieved from /home/airflow/.local/lib/python3.7/site-packages/airflow/example_dags/tutorial_taskflow_api_virtualenv.py
[2023-03-28T05:29:16.986+0000] {logging_mixin.py:137} INFO - [2023-03-28T05:29:16.986+0000] {dag.py:2693} INFO - Sync 1 DAGs
[2023-03-28T05:29:17.075+0000] {logging_mixin.py:137} INFO - [2023-03-28T05:29:17.074+0000] {dag.py:3444} INFO - Setting next_dagrun for tutorial_taskflow_api_virtualenv to None, run_after=None
[2023-03-28T05:29:17.232+0000] {processor.py:175} INFO - Processing /home/airflow/.local/lib/python3.7/site-packages/airflow/example_dags/tutorial_taskflow_api_virtualenv.py took 0.444 seconds
[2023-03-28T05:29:47.965+0000] {processor.py:153} INFO - Started process (PID=217) to work on /home/airflow/.local/lib/python3.7/site-packages/airflow/example_dags/tutorial_taskflow_api_virtualenv.py
[2023-03-28T05:29:47.965+0000] {processor.py:743} INFO - Processing file /home/airflow/.local/lib/python3.7/site-packages/airflow/example_dags/tutorial_taskflow_api_virtualenv.py for tasks to queue
[2023-03-28T05:29:47.966+0000] {logging_mixin.py:137} INFO - [2023-03-28T05:29:47.966+0000] {dagbag.py:532} INFO - Filling up the DagBag from /home/airflow/.local/lib/python3.7/site-packages/airflow/example_dags/tutorial_taskflow_api_virtualenv.py
[2023-03-28T05:29:47.977+0000] {processor.py:753} INFO - DAG(s) dict_keys(['tutorial_taskflow_api_virtualenv']) retrieved from /home/airflow/.local/lib/python3.7/site-packages/airflow/example_dags/tutorial_taskflow_api_virtualenv.py
[2023-03-28T05:29:48.157+0000] {logging_mixin.py:137} INFO - [2023-03-28T05:29:48.157+0000] {dag.py:2693} INFO - Sync 1 DAGs
[2023-03-28T05:29:48.256+0000] {logging_mixin.py:137} INFO - [2023-03-28T05:29:48.256+0000] {dag.py:3444} INFO - Setting next_dagrun for tutorial_taskflow_api_virtualenv to None, run_after=None
[2023-03-28T05:29:48.424+0000] {processor.py:175} INFO - Processing /home/airflow/.local/lib/python3.7/site-packages/airflow/example_dags/tutorial_taskflow_api_virtualenv.py took 0.462 seconds
[2023-03-28T05:30:18.836+0000] {processor.py:153} INFO - Started process (PID=266) to work on /home/airflow/.local/lib/python3.7/site-packages/airflow/example_dags/tutorial_taskflow_api_virtualenv.py
[2023-03-28T05:30:18.836+0000] {processor.py:743} INFO - Processing file /home/airflow/.local/lib/python3.7/site-packages/airflow/example_dags/tutorial_taskflow_api_virtualenv.py for tasks to queue
[2023-03-28T05:30:18.836+0000] {logging_mixin.py:137} INFO - [2023-03-28T05:30:18.836+0000] {dagbag.py:532} INFO - Filling up the DagBag from /home/airflow/.local/lib/python3.7/site-packages/airflow/example_dags/tutorial_taskflow_api_virtualenv.py
[2023-03-28T05:30:18.848+0000] {processor.py:753} INFO - DAG(s) dict_keys(['tutorial_taskflow_api_virtualenv']) retrieved from /home/airflow/.local/lib/python3.7/site-packages/airflow/example_dags/tutorial_taskflow_api_virtualenv.py
[2023-03-28T05:30:19.043+0000] {logging_mixin.py:137} INFO - [2023-03-28T05:30:19.043+0000] {dag.py:2693} INFO - Sync 1 DAGs
[2023-03-28T05:30:19.138+0000] {logging_mixin.py:137} INFO - [2023-03-28T05:30:19.137+0000] {dag.py:3444} INFO - Setting next_dagrun for tutorial_taskflow_api_virtualenv to None, run_after=None
[2023-03-28T05:30:19.355+0000] {processor.py:175} INFO - Processing /home/airflow/.local/lib/python3.7/site-packages/airflow/example_dags/tutorial_taskflow_api_virtualenv.py took 0.521 seconds
[2023-03-28T05:30:49.850+0000] {processor.py:153} INFO - Started process (PID=322) to work on /home/airflow/.local/lib/python3.7/site-packages/airflow/example_dags/tutorial_taskflow_api_virtualenv.py
[2023-03-28T05:30:49.851+0000] {processor.py:743} INFO - Processing file /home/airflow/.local/lib/python3.7/site-packages/airflow/example_dags/tutorial_taskflow_api_virtualenv.py for tasks to queue
[2023-03-28T05:30:49.851+0000] {logging_mixin.py:137} INFO - [2023-03-28T05:30:49.851+0000] {dagbag.py:532} INFO - Filling up the DagBag from /home/airflow/.local/lib/python3.7/site-packages/airflow/example_dags/tutorial_taskflow_api_virtualenv.py
[2023-03-28T05:30:49.864+0000] {processor.py:753} INFO - DAG(s) dict_keys(['tutorial_taskflow_api_virtualenv']) retrieved from /home/airflow/.local/lib/python3.7/site-packages/airflow/example_dags/tutorial_taskflow_api_virtualenv.py
[2023-03-28T05:30:50.045+0000] {logging_mixin.py:137} INFO - [2023-03-28T05:30:50.045+0000] {dag.py:2693} INFO - Sync 1 DAGs
[2023-03-28T05:30:50.138+0000] {logging_mixin.py:137} INFO - [2023-03-28T05:30:50.138+0000] {dag.py:3444} INFO - Setting next_dagrun for tutorial_taskflow_api_virtualenv to None, run_after=None
[2023-03-28T05:30:50.303+0000] {processor.py:175} INFO - Processing /home/airflow/.local/lib/python3.7/site-packages/airflow/example_dags/tutorial_taskflow_api_virtualenv.py took 0.455 seconds
[2023-03-28T05:31:20.358+0000] {processor.py:153} INFO - Started process (PID=409) to work on /home/airflow/.local/lib/python3.7/site-packages/airflow/example_dags/tutorial_taskflow_api_virtualenv.py
[2023-03-28T05:31:20.359+0000] {processor.py:743} INFO - Processing file /home/airflow/.local/lib/python3.7/site-packages/airflow/example_dags/tutorial_taskflow_api_virtualenv.py for tasks to queue
[2023-03-28T05:31:20.360+0000] {logging_mixin.py:137} INFO - [2023-03-28T05:31:20.360+0000] {dagbag.py:532} INFO - Filling up the DagBag from /home/airflow/.local/lib/python3.7/site-packages/airflow/example_dags/tutorial_taskflow_api_virtualenv.py
[2023-03-28T05:31:20.375+0000] {processor.py:753} INFO - DAG(s) dict_keys(['tutorial_taskflow_api_virtualenv']) retrieved from /home/airflow/.local/lib/python3.7/site-packages/airflow/example_dags/tutorial_taskflow_api_virtualenv.py
[2023-03-28T05:31:20.550+0000] {logging_mixin.py:137} INFO - [2023-03-28T05:31:20.550+0000] {dag.py:2693} INFO - Sync 1 DAGs
[2023-03-28T05:31:20.630+0000] {logging_mixin.py:137} INFO - [2023-03-28T05:31:20.630+0000] {dag.py:3444} INFO - Setting next_dagrun for tutorial_taskflow_api_virtualenv to None, run_after=None
[2023-03-28T05:31:20.806+0000] {processor.py:175} INFO - Processing /home/airflow/.local/lib/python3.7/site-packages/airflow/example_dags/tutorial_taskflow_api_virtualenv.py took 0.450 seconds
[2023-03-28T08:38:22.700+0000] {processor.py:153} INFO - Started process (PID=67) to work on /home/airflow/.local/lib/python3.7/site-packages/airflow/example_dags/tutorial_taskflow_api_virtualenv.py
[2023-03-28T08:38:22.701+0000] {processor.py:743} INFO - Processing file /home/airflow/.local/lib/python3.7/site-packages/airflow/example_dags/tutorial_taskflow_api_virtualenv.py for tasks to queue
[2023-03-28T08:38:22.701+0000] {logging_mixin.py:137} INFO - [2023-03-28T08:38:22.701+0000] {dagbag.py:532} INFO - Filling up the DagBag from /home/airflow/.local/lib/python3.7/site-packages/airflow/example_dags/tutorial_taskflow_api_virtualenv.py
[2023-03-28T08:38:22.722+0000] {processor.py:753} INFO - DAG(s) dict_keys(['tutorial_taskflow_api_virtualenv']) retrieved from /home/airflow/.local/lib/python3.7/site-packages/airflow/example_dags/tutorial_taskflow_api_virtualenv.py
[2023-03-28T08:38:22.904+0000] {logging_mixin.py:137} INFO - [2023-03-28T08:38:22.903+0000] {dag.py:2693} INFO - Sync 1 DAGs
[2023-03-28T08:38:23.000+0000] {logging_mixin.py:137} INFO - [2023-03-28T08:38:23.000+0000] {dag.py:3444} INFO - Setting next_dagrun for tutorial_taskflow_api_virtualenv to None, run_after=None
[2023-03-28T08:38:23.233+0000] {processor.py:175} INFO - Processing /home/airflow/.local/lib/python3.7/site-packages/airflow/example_dags/tutorial_taskflow_api_virtualenv.py took 0.536 seconds
[2023-03-28T08:38:54.683+0000] {processor.py:153} INFO - Started process (PID=116) to work on /home/airflow/.local/lib/python3.7/site-packages/airflow/example_dags/tutorial_taskflow_api_virtualenv.py
[2023-03-28T08:38:54.684+0000] {processor.py:743} INFO - Processing file /home/airflow/.local/lib/python3.7/site-packages/airflow/example_dags/tutorial_taskflow_api_virtualenv.py for tasks to queue
[2023-03-28T08:38:54.684+0000] {logging_mixin.py:137} INFO - [2023-03-28T08:38:54.684+0000] {dagbag.py:532} INFO - Filling up the DagBag from /home/airflow/.local/lib/python3.7/site-packages/airflow/example_dags/tutorial_taskflow_api_virtualenv.py
[2023-03-28T08:38:54.696+0000] {processor.py:753} INFO - DAG(s) dict_keys(['tutorial_taskflow_api_virtualenv']) retrieved from /home/airflow/.local/lib/python3.7/site-packages/airflow/example_dags/tutorial_taskflow_api_virtualenv.py
[2023-03-28T08:38:54.917+0000] {logging_mixin.py:137} INFO - [2023-03-28T08:38:54.916+0000] {dag.py:2693} INFO - Sync 1 DAGs
[2023-03-28T08:38:55.005+0000] {logging_mixin.py:137} INFO - [2023-03-28T08:38:55.005+0000] {dag.py:3444} INFO - Setting next_dagrun for tutorial_taskflow_api_virtualenv to None, run_after=None
[2023-03-28T08:38:55.185+0000] {processor.py:175} INFO - Processing /home/airflow/.local/lib/python3.7/site-packages/airflow/example_dags/tutorial_taskflow_api_virtualenv.py took 0.504 seconds
[2023-03-28T08:39:25.936+0000] {processor.py:153} INFO - Started process (PID=165) to work on /home/airflow/.local/lib/python3.7/site-packages/airflow/example_dags/tutorial_taskflow_api_virtualenv.py
[2023-03-28T08:39:25.937+0000] {processor.py:743} INFO - Processing file /home/airflow/.local/lib/python3.7/site-packages/airflow/example_dags/tutorial_taskflow_api_virtualenv.py for tasks to queue
[2023-03-28T08:39:25.937+0000] {logging_mixin.py:137} INFO - [2023-03-28T08:39:25.937+0000] {dagbag.py:532} INFO - Filling up the DagBag from /home/airflow/.local/lib/python3.7/site-packages/airflow/example_dags/tutorial_taskflow_api_virtualenv.py
[2023-03-28T08:39:25.949+0000] {processor.py:753} INFO - DAG(s) dict_keys(['tutorial_taskflow_api_virtualenv']) retrieved from /home/airflow/.local/lib/python3.7/site-packages/airflow/example_dags/tutorial_taskflow_api_virtualenv.py
[2023-03-28T08:39:26.130+0000] {logging_mixin.py:137} INFO - [2023-03-28T08:39:26.130+0000] {dag.py:2693} INFO - Sync 1 DAGs
[2023-03-28T08:39:26.221+0000] {logging_mixin.py:137} INFO - [2023-03-28T08:39:26.221+0000] {dag.py:3444} INFO - Setting next_dagrun for tutorial_taskflow_api_virtualenv to None, run_after=None
[2023-03-28T08:39:26.405+0000] {processor.py:175} INFO - Processing /home/airflow/.local/lib/python3.7/site-packages/airflow/example_dags/tutorial_taskflow_api_virtualenv.py took 0.471 seconds
[2023-03-28T08:39:56.752+0000] {processor.py:153} INFO - Started process (PID=214) to work on /home/airflow/.local/lib/python3.7/site-packages/airflow/example_dags/tutorial_taskflow_api_virtualenv.py
[2023-03-28T08:39:56.753+0000] {processor.py:743} INFO - Processing file /home/airflow/.local/lib/python3.7/site-packages/airflow/example_dags/tutorial_taskflow_api_virtualenv.py for tasks to queue
[2023-03-28T08:39:56.753+0000] {logging_mixin.py:137} INFO - [2023-03-28T08:39:56.753+0000] {dagbag.py:532} INFO - Filling up the DagBag from /home/airflow/.local/lib/python3.7/site-packages/airflow/example_dags/tutorial_taskflow_api_virtualenv.py
[2023-03-28T08:39:56.765+0000] {processor.py:753} INFO - DAG(s) dict_keys(['tutorial_taskflow_api_virtualenv']) retrieved from /home/airflow/.local/lib/python3.7/site-packages/airflow/example_dags/tutorial_taskflow_api_virtualenv.py
[2023-03-28T08:39:56.943+0000] {logging_mixin.py:137} INFO - [2023-03-28T08:39:56.943+0000] {dag.py:2693} INFO - Sync 1 DAGs
[2023-03-28T08:39:57.036+0000] {logging_mixin.py:137} INFO - [2023-03-28T08:39:57.035+0000] {dag.py:3444} INFO - Setting next_dagrun for tutorial_taskflow_api_virtualenv to None, run_after=None
[2023-03-28T08:39:57.216+0000] {processor.py:175} INFO - Processing /home/airflow/.local/lib/python3.7/site-packages/airflow/example_dags/tutorial_taskflow_api_virtualenv.py took 0.466 seconds
[2023-03-28T08:40:27.527+0000] {processor.py:153} INFO - Started process (PID=263) to work on /home/airflow/.local/lib/python3.7/site-packages/airflow/example_dags/tutorial_taskflow_api_virtualenv.py
[2023-03-28T08:40:27.528+0000] {processor.py:743} INFO - Processing file /home/airflow/.local/lib/python3.7/site-packages/airflow/example_dags/tutorial_taskflow_api_virtualenv.py for tasks to queue
[2023-03-28T08:40:27.529+0000] {logging_mixin.py:137} INFO - [2023-03-28T08:40:27.529+0000] {dagbag.py:532} INFO - Filling up the DagBag from /home/airflow/.local/lib/python3.7/site-packages/airflow/example_dags/tutorial_taskflow_api_virtualenv.py
[2023-03-28T08:40:27.541+0000] {processor.py:753} INFO - DAG(s) dict_keys(['tutorial_taskflow_api_virtualenv']) retrieved from /home/airflow/.local/lib/python3.7/site-packages/airflow/example_dags/tutorial_taskflow_api_virtualenv.py
[2023-03-28T08:40:27.733+0000] {logging_mixin.py:137} INFO - [2023-03-28T08:40:27.733+0000] {dag.py:2693} INFO - Sync 1 DAGs
[2023-03-28T08:40:27.833+0000] {logging_mixin.py:137} INFO - [2023-03-28T08:40:27.832+0000] {dag.py:3444} INFO - Setting next_dagrun for tutorial_taskflow_api_virtualenv to None, run_after=None
[2023-03-28T08:40:27.996+0000] {processor.py:175} INFO - Processing /home/airflow/.local/lib/python3.7/site-packages/airflow/example_dags/tutorial_taskflow_api_virtualenv.py took 0.471 seconds
[2023-03-28T08:40:58.452+0000] {processor.py:153} INFO - Started process (PID=312) to work on /home/airflow/.local/lib/python3.7/site-packages/airflow/example_dags/tutorial_taskflow_api_virtualenv.py
[2023-03-28T08:40:58.462+0000] {processor.py:743} INFO - Processing file /home/airflow/.local/lib/python3.7/site-packages/airflow/example_dags/tutorial_taskflow_api_virtualenv.py for tasks to queue
[2023-03-28T08:40:58.462+0000] {logging_mixin.py:137} INFO - [2023-03-28T08:40:58.462+0000] {dagbag.py:532} INFO - Filling up the DagBag from /home/airflow/.local/lib/python3.7/site-packages/airflow/example_dags/tutorial_taskflow_api_virtualenv.py
[2023-03-28T08:40:58.475+0000] {processor.py:753} INFO - DAG(s) dict_keys(['tutorial_taskflow_api_virtualenv']) retrieved from /home/airflow/.local/lib/python3.7/site-packages/airflow/example_dags/tutorial_taskflow_api_virtualenv.py
[2023-03-28T08:40:58.669+0000] {logging_mixin.py:137} INFO - [2023-03-28T08:40:58.669+0000] {dag.py:2693} INFO - Sync 1 DAGs
[2023-03-28T08:40:58.762+0000] {logging_mixin.py:137} INFO - [2023-03-28T08:40:58.762+0000] {dag.py:3444} INFO - Setting next_dagrun for tutorial_taskflow_api_virtualenv to None, run_after=None
[2023-03-28T08:40:58.937+0000] {processor.py:175} INFO - Processing /home/airflow/.local/lib/python3.7/site-packages/airflow/example_dags/tutorial_taskflow_api_virtualenv.py took 0.487 seconds
[2023-03-28T08:41:29.386+0000] {processor.py:153} INFO - Started process (PID=361) to work on /home/airflow/.local/lib/python3.7/site-packages/airflow/example_dags/tutorial_taskflow_api_virtualenv.py
[2023-03-28T08:41:29.386+0000] {processor.py:743} INFO - Processing file /home/airflow/.local/lib/python3.7/site-packages/airflow/example_dags/tutorial_taskflow_api_virtualenv.py for tasks to queue
[2023-03-28T08:41:29.387+0000] {logging_mixin.py:137} INFO - [2023-03-28T08:41:29.387+0000] {dagbag.py:532} INFO - Filling up the DagBag from /home/airflow/.local/lib/python3.7/site-packages/airflow/example_dags/tutorial_taskflow_api_virtualenv.py
[2023-03-28T08:41:29.399+0000] {processor.py:753} INFO - DAG(s) dict_keys(['tutorial_taskflow_api_virtualenv']) retrieved from /home/airflow/.local/lib/python3.7/site-packages/airflow/example_dags/tutorial_taskflow_api_virtualenv.py
[2023-03-28T08:41:29.585+0000] {logging_mixin.py:137} INFO - [2023-03-28T08:41:29.584+0000] {dag.py:2693} INFO - Sync 1 DAGs
[2023-03-28T08:41:29.678+0000] {logging_mixin.py:137} INFO - [2023-03-28T08:41:29.678+0000] {dag.py:3444} INFO - Setting next_dagrun for tutorial_taskflow_api_virtualenv to None, run_after=None
[2023-03-28T08:41:29.843+0000] {processor.py:175} INFO - Processing /home/airflow/.local/lib/python3.7/site-packages/airflow/example_dags/tutorial_taskflow_api_virtualenv.py took 0.459 seconds
[2023-03-28T08:42:00.226+0000] {processor.py:153} INFO - Started process (PID=410) to work on /home/airflow/.local/lib/python3.7/site-packages/airflow/example_dags/tutorial_taskflow_api_virtualenv.py
[2023-03-28T08:42:00.227+0000] {processor.py:743} INFO - Processing file /home/airflow/.local/lib/python3.7/site-packages/airflow/example_dags/tutorial_taskflow_api_virtualenv.py for tasks to queue
[2023-03-28T08:42:00.228+0000] {logging_mixin.py:137} INFO - [2023-03-28T08:42:00.227+0000] {dagbag.py:532} INFO - Filling up the DagBag from /home/airflow/.local/lib/python3.7/site-packages/airflow/example_dags/tutorial_taskflow_api_virtualenv.py
[2023-03-28T08:42:00.241+0000] {processor.py:753} INFO - DAG(s) dict_keys(['tutorial_taskflow_api_virtualenv']) retrieved from /home/airflow/.local/lib/python3.7/site-packages/airflow/example_dags/tutorial_taskflow_api_virtualenv.py
[2023-03-28T08:42:00.648+0000] {logging_mixin.py:137} INFO - [2023-03-28T08:42:00.648+0000] {dag.py:2693} INFO - Sync 1 DAGs
[2023-03-28T08:42:00.749+0000] {logging_mixin.py:137} INFO - [2023-03-28T08:42:00.749+0000] {dag.py:3444} INFO - Setting next_dagrun for tutorial_taskflow_api_virtualenv to None, run_after=None
[2023-03-28T08:42:00.927+0000] {processor.py:175} INFO - Processing /home/airflow/.local/lib/python3.7/site-packages/airflow/example_dags/tutorial_taskflow_api_virtualenv.py took 0.702 seconds
[2023-03-28T08:42:31.610+0000] {processor.py:153} INFO - Started process (PID=460) to work on /home/airflow/.local/lib/python3.7/site-packages/airflow/example_dags/tutorial_taskflow_api_virtualenv.py
[2023-03-28T08:42:31.611+0000] {processor.py:743} INFO - Processing file /home/airflow/.local/lib/python3.7/site-packages/airflow/example_dags/tutorial_taskflow_api_virtualenv.py for tasks to queue
[2023-03-28T08:42:31.611+0000] {logging_mixin.py:137} INFO - [2023-03-28T08:42:31.611+0000] {dagbag.py:532} INFO - Filling up the DagBag from /home/airflow/.local/lib/python3.7/site-packages/airflow/example_dags/tutorial_taskflow_api_virtualenv.py
[2023-03-28T08:42:31.625+0000] {processor.py:753} INFO - DAG(s) dict_keys(['tutorial_taskflow_api_virtualenv']) retrieved from /home/airflow/.local/lib/python3.7/site-packages/airflow/example_dags/tutorial_taskflow_api_virtualenv.py
[2023-03-28T08:42:31.803+0000] {logging_mixin.py:137} INFO - [2023-03-28T08:42:31.803+0000] {dag.py:2693} INFO - Sync 1 DAGs
[2023-03-28T08:42:31.891+0000] {logging_mixin.py:137} INFO - [2023-03-28T08:42:31.891+0000] {dag.py:3444} INFO - Setting next_dagrun for tutorial_taskflow_api_virtualenv to None, run_after=None
[2023-03-28T08:42:32.062+0000] {processor.py:175} INFO - Processing /home/airflow/.local/lib/python3.7/site-packages/airflow/example_dags/tutorial_taskflow_api_virtualenv.py took 0.453 seconds
[2023-03-28T08:43:02.403+0000] {processor.py:153} INFO - Started process (PID=509) to work on /home/airflow/.local/lib/python3.7/site-packages/airflow/example_dags/tutorial_taskflow_api_virtualenv.py
[2023-03-28T08:43:02.404+0000] {processor.py:743} INFO - Processing file /home/airflow/.local/lib/python3.7/site-packages/airflow/example_dags/tutorial_taskflow_api_virtualenv.py for tasks to queue
[2023-03-28T08:43:02.404+0000] {logging_mixin.py:137} INFO - [2023-03-28T08:43:02.404+0000] {dagbag.py:532} INFO - Filling up the DagBag from /home/airflow/.local/lib/python3.7/site-packages/airflow/example_dags/tutorial_taskflow_api_virtualenv.py
[2023-03-28T08:43:02.416+0000] {processor.py:753} INFO - DAG(s) dict_keys(['tutorial_taskflow_api_virtualenv']) retrieved from /home/airflow/.local/lib/python3.7/site-packages/airflow/example_dags/tutorial_taskflow_api_virtualenv.py
[2023-03-28T08:43:02.612+0000] {logging_mixin.py:137} INFO - [2023-03-28T08:43:02.612+0000] {dag.py:2693} INFO - Sync 1 DAGs
[2023-03-28T08:43:02.703+0000] {logging_mixin.py:137} INFO - [2023-03-28T08:43:02.703+0000] {dag.py:3444} INFO - Setting next_dagrun for tutorial_taskflow_api_virtualenv to None, run_after=None
[2023-03-28T08:43:02.887+0000] {processor.py:175} INFO - Processing /home/airflow/.local/lib/python3.7/site-packages/airflow/example_dags/tutorial_taskflow_api_virtualenv.py took 0.486 seconds
[2023-03-28T08:43:33.242+0000] {processor.py:153} INFO - Started process (PID=558) to work on /home/airflow/.local/lib/python3.7/site-packages/airflow/example_dags/tutorial_taskflow_api_virtualenv.py
[2023-03-28T08:43:33.242+0000] {processor.py:743} INFO - Processing file /home/airflow/.local/lib/python3.7/site-packages/airflow/example_dags/tutorial_taskflow_api_virtualenv.py for tasks to queue
[2023-03-28T08:43:33.243+0000] {logging_mixin.py:137} INFO - [2023-03-28T08:43:33.243+0000] {dagbag.py:532} INFO - Filling up the DagBag from /home/airflow/.local/lib/python3.7/site-packages/airflow/example_dags/tutorial_taskflow_api_virtualenv.py
[2023-03-28T08:43:33.254+0000] {processor.py:753} INFO - DAG(s) dict_keys(['tutorial_taskflow_api_virtualenv']) retrieved from /home/airflow/.local/lib/python3.7/site-packages/airflow/example_dags/tutorial_taskflow_api_virtualenv.py
[2023-03-28T08:43:33.439+0000] {logging_mixin.py:137} INFO - [2023-03-28T08:43:33.439+0000] {dag.py:2693} INFO - Sync 1 DAGs
[2023-03-28T08:43:33.533+0000] {logging_mixin.py:137} INFO - [2023-03-28T08:43:33.533+0000] {dag.py:3444} INFO - Setting next_dagrun for tutorial_taskflow_api_virtualenv to None, run_after=None
[2023-03-28T08:43:33.711+0000] {processor.py:175} INFO - Processing /home/airflow/.local/lib/python3.7/site-packages/airflow/example_dags/tutorial_taskflow_api_virtualenv.py took 0.472 seconds
[2023-03-28T08:44:03.771+0000] {processor.py:153} INFO - Started process (PID=608) to work on /home/airflow/.local/lib/python3.7/site-packages/airflow/example_dags/tutorial_taskflow_api_virtualenv.py
[2023-03-28T08:44:03.781+0000] {processor.py:743} INFO - Processing file /home/airflow/.local/lib/python3.7/site-packages/airflow/example_dags/tutorial_taskflow_api_virtualenv.py for tasks to queue
[2023-03-28T08:44:03.781+0000] {logging_mixin.py:137} INFO - [2023-03-28T08:44:03.781+0000] {dagbag.py:532} INFO - Filling up the DagBag from /home/airflow/.local/lib/python3.7/site-packages/airflow/example_dags/tutorial_taskflow_api_virtualenv.py
[2023-03-28T08:44:03.794+0000] {processor.py:753} INFO - DAG(s) dict_keys(['tutorial_taskflow_api_virtualenv']) retrieved from /home/airflow/.local/lib/python3.7/site-packages/airflow/example_dags/tutorial_taskflow_api_virtualenv.py
[2023-03-28T08:44:03.980+0000] {logging_mixin.py:137} INFO - [2023-03-28T08:44:03.980+0000] {dag.py:2693} INFO - Sync 1 DAGs
[2023-03-28T08:44:04.077+0000] {logging_mixin.py:137} INFO - [2023-03-28T08:44:04.077+0000] {dag.py:3444} INFO - Setting next_dagrun for tutorial_taskflow_api_virtualenv to None, run_after=None
[2023-03-28T08:44:04.242+0000] {processor.py:175} INFO - Processing /home/airflow/.local/lib/python3.7/site-packages/airflow/example_dags/tutorial_taskflow_api_virtualenv.py took 0.473 seconds
[2023-03-28T08:44:35.494+0000] {processor.py:153} INFO - Started process (PID=657) to work on /home/airflow/.local/lib/python3.7/site-packages/airflow/example_dags/tutorial_taskflow_api_virtualenv.py
[2023-03-28T08:44:35.495+0000] {processor.py:743} INFO - Processing file /home/airflow/.local/lib/python3.7/site-packages/airflow/example_dags/tutorial_taskflow_api_virtualenv.py for tasks to queue
[2023-03-28T08:44:35.495+0000] {logging_mixin.py:137} INFO - [2023-03-28T08:44:35.495+0000] {dagbag.py:532} INFO - Filling up the DagBag from /home/airflow/.local/lib/python3.7/site-packages/airflow/example_dags/tutorial_taskflow_api_virtualenv.py
[2023-03-28T08:44:35.508+0000] {processor.py:753} INFO - DAG(s) dict_keys(['tutorial_taskflow_api_virtualenv']) retrieved from /home/airflow/.local/lib/python3.7/site-packages/airflow/example_dags/tutorial_taskflow_api_virtualenv.py
[2023-03-28T08:44:35.692+0000] {logging_mixin.py:137} INFO - [2023-03-28T08:44:35.691+0000] {dag.py:2693} INFO - Sync 1 DAGs
[2023-03-28T08:44:35.788+0000] {logging_mixin.py:137} INFO - [2023-03-28T08:44:35.788+0000] {dag.py:3444} INFO - Setting next_dagrun for tutorial_taskflow_api_virtualenv to None, run_after=None
[2023-03-28T08:44:35.977+0000] {processor.py:175} INFO - Processing /home/airflow/.local/lib/python3.7/site-packages/airflow/example_dags/tutorial_taskflow_api_virtualenv.py took 0.485 seconds
[2023-03-28T08:45:06.385+0000] {processor.py:153} INFO - Started process (PID=706) to work on /home/airflow/.local/lib/python3.7/site-packages/airflow/example_dags/tutorial_taskflow_api_virtualenv.py
[2023-03-28T08:45:06.385+0000] {processor.py:743} INFO - Processing file /home/airflow/.local/lib/python3.7/site-packages/airflow/example_dags/tutorial_taskflow_api_virtualenv.py for tasks to queue
[2023-03-28T08:45:06.385+0000] {logging_mixin.py:137} INFO - [2023-03-28T08:45:06.385+0000] {dagbag.py:532} INFO - Filling up the DagBag from /home/airflow/.local/lib/python3.7/site-packages/airflow/example_dags/tutorial_taskflow_api_virtualenv.py
[2023-03-28T08:45:06.397+0000] {processor.py:753} INFO - DAG(s) dict_keys(['tutorial_taskflow_api_virtualenv']) retrieved from /home/airflow/.local/lib/python3.7/site-packages/airflow/example_dags/tutorial_taskflow_api_virtualenv.py
[2023-03-28T08:45:06.593+0000] {logging_mixin.py:137} INFO - [2023-03-28T08:45:06.593+0000] {dag.py:2693} INFO - Sync 1 DAGs
[2023-03-28T08:45:06.688+0000] {logging_mixin.py:137} INFO - [2023-03-28T08:45:06.687+0000] {dag.py:3444} INFO - Setting next_dagrun for tutorial_taskflow_api_virtualenv to None, run_after=None
[2023-03-28T08:45:06.878+0000] {processor.py:175} INFO - Processing /home/airflow/.local/lib/python3.7/site-packages/airflow/example_dags/tutorial_taskflow_api_virtualenv.py took 0.496 seconds
[2023-03-28T08:45:37.298+0000] {processor.py:153} INFO - Started process (PID=755) to work on /home/airflow/.local/lib/python3.7/site-packages/airflow/example_dags/tutorial_taskflow_api_virtualenv.py
[2023-03-28T08:45:37.299+0000] {processor.py:743} INFO - Processing file /home/airflow/.local/lib/python3.7/site-packages/airflow/example_dags/tutorial_taskflow_api_virtualenv.py for tasks to queue
[2023-03-28T08:45:37.299+0000] {logging_mixin.py:137} INFO - [2023-03-28T08:45:37.299+0000] {dagbag.py:532} INFO - Filling up the DagBag from /home/airflow/.local/lib/python3.7/site-packages/airflow/example_dags/tutorial_taskflow_api_virtualenv.py
[2023-03-28T08:45:37.311+0000] {processor.py:753} INFO - DAG(s) dict_keys(['tutorial_taskflow_api_virtualenv']) retrieved from /home/airflow/.local/lib/python3.7/site-packages/airflow/example_dags/tutorial_taskflow_api_virtualenv.py
[2023-03-28T08:45:37.491+0000] {logging_mixin.py:137} INFO - [2023-03-28T08:45:37.491+0000] {dag.py:2693} INFO - Sync 1 DAGs
[2023-03-28T08:45:37.586+0000] {logging_mixin.py:137} INFO - [2023-03-28T08:45:37.586+0000] {dag.py:3444} INFO - Setting next_dagrun for tutorial_taskflow_api_virtualenv to None, run_after=None
[2023-03-28T08:45:37.759+0000] {processor.py:175} INFO - Processing /home/airflow/.local/lib/python3.7/site-packages/airflow/example_dags/tutorial_taskflow_api_virtualenv.py took 0.463 seconds
[2023-03-28T08:46:08.638+0000] {processor.py:153} INFO - Started process (PID=805) to work on /home/airflow/.local/lib/python3.7/site-packages/airflow/example_dags/tutorial_taskflow_api_virtualenv.py
[2023-03-28T08:46:08.638+0000] {processor.py:743} INFO - Processing file /home/airflow/.local/lib/python3.7/site-packages/airflow/example_dags/tutorial_taskflow_api_virtualenv.py for tasks to queue
[2023-03-28T08:46:08.638+0000] {logging_mixin.py:137} INFO - [2023-03-28T08:46:08.638+0000] {dagbag.py:532} INFO - Filling up the DagBag from /home/airflow/.local/lib/python3.7/site-packages/airflow/example_dags/tutorial_taskflow_api_virtualenv.py
[2023-03-28T08:46:08.651+0000] {processor.py:753} INFO - DAG(s) dict_keys(['tutorial_taskflow_api_virtualenv']) retrieved from /home/airflow/.local/lib/python3.7/site-packages/airflow/example_dags/tutorial_taskflow_api_virtualenv.py
[2023-03-28T08:46:08.849+0000] {logging_mixin.py:137} INFO - [2023-03-28T08:46:08.849+0000] {dag.py:2693} INFO - Sync 1 DAGs
[2023-03-28T08:46:08.957+0000] {logging_mixin.py:137} INFO - [2023-03-28T08:46:08.957+0000] {dag.py:3444} INFO - Setting next_dagrun for tutorial_taskflow_api_virtualenv to None, run_after=None
[2023-03-28T08:46:09.187+0000] {processor.py:175} INFO - Processing /home/airflow/.local/lib/python3.7/site-packages/airflow/example_dags/tutorial_taskflow_api_virtualenv.py took 0.551 seconds
[2023-03-28T08:46:39.426+0000] {processor.py:153} INFO - Started process (PID=854) to work on /home/airflow/.local/lib/python3.7/site-packages/airflow/example_dags/tutorial_taskflow_api_virtualenv.py
[2023-03-28T08:46:39.427+0000] {processor.py:743} INFO - Processing file /home/airflow/.local/lib/python3.7/site-packages/airflow/example_dags/tutorial_taskflow_api_virtualenv.py for tasks to queue
[2023-03-28T08:46:39.427+0000] {logging_mixin.py:137} INFO - [2023-03-28T08:46:39.427+0000] {dagbag.py:532} INFO - Filling up the DagBag from /home/airflow/.local/lib/python3.7/site-packages/airflow/example_dags/tutorial_taskflow_api_virtualenv.py
[2023-03-28T08:46:39.439+0000] {processor.py:753} INFO - DAG(s) dict_keys(['tutorial_taskflow_api_virtualenv']) retrieved from /home/airflow/.local/lib/python3.7/site-packages/airflow/example_dags/tutorial_taskflow_api_virtualenv.py
[2023-03-28T08:46:39.625+0000] {logging_mixin.py:137} INFO - [2023-03-28T08:46:39.625+0000] {dag.py:2693} INFO - Sync 1 DAGs
[2023-03-28T08:46:39.712+0000] {logging_mixin.py:137} INFO - [2023-03-28T08:46:39.712+0000] {dag.py:3444} INFO - Setting next_dagrun for tutorial_taskflow_api_virtualenv to None, run_after=None
[2023-03-28T08:46:39.879+0000] {processor.py:175} INFO - Processing /home/airflow/.local/lib/python3.7/site-packages/airflow/example_dags/tutorial_taskflow_api_virtualenv.py took 0.455 seconds
[2023-03-28T08:47:10.656+0000] {processor.py:153} INFO - Started process (PID=903) to work on /home/airflow/.local/lib/python3.7/site-packages/airflow/example_dags/tutorial_taskflow_api_virtualenv.py
[2023-03-28T08:47:10.656+0000] {processor.py:743} INFO - Processing file /home/airflow/.local/lib/python3.7/site-packages/airflow/example_dags/tutorial_taskflow_api_virtualenv.py for tasks to queue
[2023-03-28T08:47:10.656+0000] {logging_mixin.py:137} INFO - [2023-03-28T08:47:10.656+0000] {dagbag.py:532} INFO - Filling up the DagBag from /home/airflow/.local/lib/python3.7/site-packages/airflow/example_dags/tutorial_taskflow_api_virtualenv.py
[2023-03-28T08:47:10.669+0000] {processor.py:753} INFO - DAG(s) dict_keys(['tutorial_taskflow_api_virtualenv']) retrieved from /home/airflow/.local/lib/python3.7/site-packages/airflow/example_dags/tutorial_taskflow_api_virtualenv.py
[2023-03-28T08:47:10.858+0000] {logging_mixin.py:137} INFO - [2023-03-28T08:47:10.858+0000] {dag.py:2693} INFO - Sync 1 DAGs
[2023-03-28T08:47:10.958+0000] {logging_mixin.py:137} INFO - [2023-03-28T08:47:10.958+0000] {dag.py:3444} INFO - Setting next_dagrun for tutorial_taskflow_api_virtualenv to None, run_after=None
[2023-03-28T08:47:11.159+0000] {processor.py:175} INFO - Processing /home/airflow/.local/lib/python3.7/site-packages/airflow/example_dags/tutorial_taskflow_api_virtualenv.py took 0.506 seconds
[2023-03-28T08:47:41.407+0000] {processor.py:153} INFO - Started process (PID=952) to work on /home/airflow/.local/lib/python3.7/site-packages/airflow/example_dags/tutorial_taskflow_api_virtualenv.py
[2023-03-28T08:47:41.408+0000] {processor.py:743} INFO - Processing file /home/airflow/.local/lib/python3.7/site-packages/airflow/example_dags/tutorial_taskflow_api_virtualenv.py for tasks to queue
[2023-03-28T08:47:41.409+0000] {logging_mixin.py:137} INFO - [2023-03-28T08:47:41.409+0000] {dagbag.py:532} INFO - Filling up the DagBag from /home/airflow/.local/lib/python3.7/site-packages/airflow/example_dags/tutorial_taskflow_api_virtualenv.py
[2023-03-28T08:47:41.421+0000] {processor.py:753} INFO - DAG(s) dict_keys(['tutorial_taskflow_api_virtualenv']) retrieved from /home/airflow/.local/lib/python3.7/site-packages/airflow/example_dags/tutorial_taskflow_api_virtualenv.py
[2023-03-28T08:47:41.607+0000] {logging_mixin.py:137} INFO - [2023-03-28T08:47:41.607+0000] {dag.py:2693} INFO - Sync 1 DAGs
[2023-03-28T08:47:41.735+0000] {logging_mixin.py:137} INFO - [2023-03-28T08:47:41.735+0000] {dag.py:3444} INFO - Setting next_dagrun for tutorial_taskflow_api_virtualenv to None, run_after=None
[2023-03-28T08:47:41.936+0000] {processor.py:175} INFO - Processing /home/airflow/.local/lib/python3.7/site-packages/airflow/example_dags/tutorial_taskflow_api_virtualenv.py took 0.531 seconds
[2023-03-28T08:48:12.452+0000] {processor.py:153} INFO - Started process (PID=1001) to work on /home/airflow/.local/lib/python3.7/site-packages/airflow/example_dags/tutorial_taskflow_api_virtualenv.py
[2023-03-28T08:48:12.452+0000] {processor.py:743} INFO - Processing file /home/airflow/.local/lib/python3.7/site-packages/airflow/example_dags/tutorial_taskflow_api_virtualenv.py for tasks to queue
[2023-03-28T08:48:12.452+0000] {logging_mixin.py:137} INFO - [2023-03-28T08:48:12.452+0000] {dagbag.py:532} INFO - Filling up the DagBag from /home/airflow/.local/lib/python3.7/site-packages/airflow/example_dags/tutorial_taskflow_api_virtualenv.py
[2023-03-28T08:48:12.464+0000] {processor.py:753} INFO - DAG(s) dict_keys(['tutorial_taskflow_api_virtualenv']) retrieved from /home/airflow/.local/lib/python3.7/site-packages/airflow/example_dags/tutorial_taskflow_api_virtualenv.py
[2023-03-28T08:48:12.680+0000] {logging_mixin.py:137} INFO - [2023-03-28T08:48:12.680+0000] {dag.py:2693} INFO - Sync 1 DAGs
[2023-03-28T08:48:12.768+0000] {logging_mixin.py:137} INFO - [2023-03-28T08:48:12.767+0000] {dag.py:3444} INFO - Setting next_dagrun for tutorial_taskflow_api_virtualenv to None, run_after=None
[2023-03-28T08:48:12.944+0000] {processor.py:175} INFO - Processing /home/airflow/.local/lib/python3.7/site-packages/airflow/example_dags/tutorial_taskflow_api_virtualenv.py took 0.494 seconds
[2023-03-28T08:48:43.292+0000] {processor.py:153} INFO - Started process (PID=1050) to work on /home/airflow/.local/lib/python3.7/site-packages/airflow/example_dags/tutorial_taskflow_api_virtualenv.py
[2023-03-28T08:48:43.302+0000] {processor.py:743} INFO - Processing file /home/airflow/.local/lib/python3.7/site-packages/airflow/example_dags/tutorial_taskflow_api_virtualenv.py for tasks to queue
[2023-03-28T08:48:43.302+0000] {logging_mixin.py:137} INFO - [2023-03-28T08:48:43.302+0000] {dagbag.py:532} INFO - Filling up the DagBag from /home/airflow/.local/lib/python3.7/site-packages/airflow/example_dags/tutorial_taskflow_api_virtualenv.py
[2023-03-28T08:48:43.314+0000] {processor.py:753} INFO - DAG(s) dict_keys(['tutorial_taskflow_api_virtualenv']) retrieved from /home/airflow/.local/lib/python3.7/site-packages/airflow/example_dags/tutorial_taskflow_api_virtualenv.py
[2023-03-28T08:48:43.509+0000] {logging_mixin.py:137} INFO - [2023-03-28T08:48:43.509+0000] {dag.py:2693} INFO - Sync 1 DAGs
[2023-03-28T08:48:43.596+0000] {logging_mixin.py:137} INFO - [2023-03-28T08:48:43.596+0000] {dag.py:3444} INFO - Setting next_dagrun for tutorial_taskflow_api_virtualenv to None, run_after=None
[2023-03-28T08:48:43.782+0000] {processor.py:175} INFO - Processing /home/airflow/.local/lib/python3.7/site-packages/airflow/example_dags/tutorial_taskflow_api_virtualenv.py took 0.491 seconds
[2023-03-28T08:49:13.944+0000] {processor.py:153} INFO - Started process (PID=1099) to work on /home/airflow/.local/lib/python3.7/site-packages/airflow/example_dags/tutorial_taskflow_api_virtualenv.py
[2023-03-28T08:49:13.945+0000] {processor.py:743} INFO - Processing file /home/airflow/.local/lib/python3.7/site-packages/airflow/example_dags/tutorial_taskflow_api_virtualenv.py for tasks to queue
[2023-03-28T08:49:13.946+0000] {logging_mixin.py:137} INFO - [2023-03-28T08:49:13.945+0000] {dagbag.py:532} INFO - Filling up the DagBag from /home/airflow/.local/lib/python3.7/site-packages/airflow/example_dags/tutorial_taskflow_api_virtualenv.py
[2023-03-28T08:49:13.959+0000] {processor.py:753} INFO - DAG(s) dict_keys(['tutorial_taskflow_api_virtualenv']) retrieved from /home/airflow/.local/lib/python3.7/site-packages/airflow/example_dags/tutorial_taskflow_api_virtualenv.py
[2023-03-28T08:49:14.167+0000] {logging_mixin.py:137} INFO - [2023-03-28T08:49:14.167+0000] {dag.py:2693} INFO - Sync 1 DAGs
[2023-03-28T08:49:14.264+0000] {logging_mixin.py:137} INFO - [2023-03-28T08:49:14.264+0000] {dag.py:3444} INFO - Setting next_dagrun for tutorial_taskflow_api_virtualenv to None, run_after=None
[2023-03-28T08:49:14.440+0000] {processor.py:175} INFO - Processing /home/airflow/.local/lib/python3.7/site-packages/airflow/example_dags/tutorial_taskflow_api_virtualenv.py took 0.498 seconds
[2023-03-28T08:49:44.695+0000] {processor.py:153} INFO - Started process (PID=1148) to work on /home/airflow/.local/lib/python3.7/site-packages/airflow/example_dags/tutorial_taskflow_api_virtualenv.py
[2023-03-28T08:49:44.695+0000] {processor.py:743} INFO - Processing file /home/airflow/.local/lib/python3.7/site-packages/airflow/example_dags/tutorial_taskflow_api_virtualenv.py for tasks to queue
[2023-03-28T08:49:44.696+0000] {logging_mixin.py:137} INFO - [2023-03-28T08:49:44.696+0000] {dagbag.py:532} INFO - Filling up the DagBag from /home/airflow/.local/lib/python3.7/site-packages/airflow/example_dags/tutorial_taskflow_api_virtualenv.py
[2023-03-28T08:49:44.707+0000] {processor.py:753} INFO - DAG(s) dict_keys(['tutorial_taskflow_api_virtualenv']) retrieved from /home/airflow/.local/lib/python3.7/site-packages/airflow/example_dags/tutorial_taskflow_api_virtualenv.py
[2023-03-28T08:49:44.912+0000] {logging_mixin.py:137} INFO - [2023-03-28T08:49:44.912+0000] {dag.py:2693} INFO - Sync 1 DAGs
[2023-03-28T08:49:45.022+0000] {logging_mixin.py:137} INFO - [2023-03-28T08:49:45.022+0000] {dag.py:3444} INFO - Setting next_dagrun for tutorial_taskflow_api_virtualenv to None, run_after=None
[2023-03-28T08:49:45.229+0000] {processor.py:175} INFO - Processing /home/airflow/.local/lib/python3.7/site-packages/airflow/example_dags/tutorial_taskflow_api_virtualenv.py took 0.536 seconds
[2023-03-28T08:50:15.835+0000] {processor.py:153} INFO - Started process (PID=1197) to work on /home/airflow/.local/lib/python3.7/site-packages/airflow/example_dags/tutorial_taskflow_api_virtualenv.py
[2023-03-28T08:50:15.836+0000] {processor.py:743} INFO - Processing file /home/airflow/.local/lib/python3.7/site-packages/airflow/example_dags/tutorial_taskflow_api_virtualenv.py for tasks to queue
[2023-03-28T08:50:15.836+0000] {logging_mixin.py:137} INFO - [2023-03-28T08:50:15.836+0000] {dagbag.py:532} INFO - Filling up the DagBag from /home/airflow/.local/lib/python3.7/site-packages/airflow/example_dags/tutorial_taskflow_api_virtualenv.py
[2023-03-28T08:50:15.848+0000] {processor.py:753} INFO - DAG(s) dict_keys(['tutorial_taskflow_api_virtualenv']) retrieved from /home/airflow/.local/lib/python3.7/site-packages/airflow/example_dags/tutorial_taskflow_api_virtualenv.py
[2023-03-28T08:50:16.253+0000] {logging_mixin.py:137} INFO - [2023-03-28T08:50:16.253+0000] {dag.py:2693} INFO - Sync 1 DAGs
[2023-03-28T08:50:16.357+0000] {logging_mixin.py:137} INFO - [2023-03-28T08:50:16.357+0000] {dag.py:3444} INFO - Setting next_dagrun for tutorial_taskflow_api_virtualenv to None, run_after=None
[2023-03-28T08:50:16.805+0000] {processor.py:175} INFO - Processing /home/airflow/.local/lib/python3.7/site-packages/airflow/example_dags/tutorial_taskflow_api_virtualenv.py took 0.972 seconds
[2023-03-28T08:50:47.101+0000] {processor.py:153} INFO - Started process (PID=1253) to work on /home/airflow/.local/lib/python3.7/site-packages/airflow/example_dags/tutorial_taskflow_api_virtualenv.py
[2023-03-28T08:50:47.102+0000] {processor.py:743} INFO - Processing file /home/airflow/.local/lib/python3.7/site-packages/airflow/example_dags/tutorial_taskflow_api_virtualenv.py for tasks to queue
[2023-03-28T08:50:47.102+0000] {logging_mixin.py:137} INFO - [2023-03-28T08:50:47.102+0000] {dagbag.py:532} INFO - Filling up the DagBag from /home/airflow/.local/lib/python3.7/site-packages/airflow/example_dags/tutorial_taskflow_api_virtualenv.py
[2023-03-28T08:50:47.114+0000] {processor.py:753} INFO - DAG(s) dict_keys(['tutorial_taskflow_api_virtualenv']) retrieved from /home/airflow/.local/lib/python3.7/site-packages/airflow/example_dags/tutorial_taskflow_api_virtualenv.py
[2023-03-28T08:50:47.309+0000] {logging_mixin.py:137} INFO - [2023-03-28T08:50:47.309+0000] {dag.py:2693} INFO - Sync 1 DAGs
[2023-03-28T08:50:47.399+0000] {logging_mixin.py:137} INFO - [2023-03-28T08:50:47.399+0000] {dag.py:3444} INFO - Setting next_dagrun for tutorial_taskflow_api_virtualenv to None, run_after=None
[2023-03-28T08:50:47.582+0000] {processor.py:175} INFO - Processing /home/airflow/.local/lib/python3.7/site-packages/airflow/example_dags/tutorial_taskflow_api_virtualenv.py took 0.483 seconds
[2023-03-28T08:51:17.871+0000] {processor.py:153} INFO - Started process (PID=1302) to work on /home/airflow/.local/lib/python3.7/site-packages/airflow/example_dags/tutorial_taskflow_api_virtualenv.py
[2023-03-28T08:51:17.872+0000] {processor.py:743} INFO - Processing file /home/airflow/.local/lib/python3.7/site-packages/airflow/example_dags/tutorial_taskflow_api_virtualenv.py for tasks to queue
[2023-03-28T08:51:17.872+0000] {logging_mixin.py:137} INFO - [2023-03-28T08:51:17.872+0000] {dagbag.py:532} INFO - Filling up the DagBag from /home/airflow/.local/lib/python3.7/site-packages/airflow/example_dags/tutorial_taskflow_api_virtualenv.py
[2023-03-28T08:51:17.886+0000] {processor.py:753} INFO - DAG(s) dict_keys(['tutorial_taskflow_api_virtualenv']) retrieved from /home/airflow/.local/lib/python3.7/site-packages/airflow/example_dags/tutorial_taskflow_api_virtualenv.py
[2023-03-28T08:51:18.071+0000] {logging_mixin.py:137} INFO - [2023-03-28T08:51:18.071+0000] {dag.py:2693} INFO - Sync 1 DAGs
[2023-03-28T08:51:18.161+0000] {logging_mixin.py:137} INFO - [2023-03-28T08:51:18.160+0000] {dag.py:3444} INFO - Setting next_dagrun for tutorial_taskflow_api_virtualenv to None, run_after=None
[2023-03-28T08:51:18.340+0000] {processor.py:175} INFO - Processing /home/airflow/.local/lib/python3.7/site-packages/airflow/example_dags/tutorial_taskflow_api_virtualenv.py took 0.470 seconds
[2023-03-28T08:51:48.571+0000] {processor.py:153} INFO - Started process (PID=1351) to work on /home/airflow/.local/lib/python3.7/site-packages/airflow/example_dags/tutorial_taskflow_api_virtualenv.py
[2023-03-28T08:51:48.571+0000] {processor.py:743} INFO - Processing file /home/airflow/.local/lib/python3.7/site-packages/airflow/example_dags/tutorial_taskflow_api_virtualenv.py for tasks to queue
[2023-03-28T08:51:48.572+0000] {logging_mixin.py:137} INFO - [2023-03-28T08:51:48.572+0000] {dagbag.py:532} INFO - Filling up the DagBag from /home/airflow/.local/lib/python3.7/site-packages/airflow/example_dags/tutorial_taskflow_api_virtualenv.py
[2023-03-28T08:51:48.584+0000] {processor.py:753} INFO - DAG(s) dict_keys(['tutorial_taskflow_api_virtualenv']) retrieved from /home/airflow/.local/lib/python3.7/site-packages/airflow/example_dags/tutorial_taskflow_api_virtualenv.py
[2023-03-28T08:51:48.783+0000] {logging_mixin.py:137} INFO - [2023-03-28T08:51:48.783+0000] {dag.py:2693} INFO - Sync 1 DAGs
[2023-03-28T08:51:48.904+0000] {logging_mixin.py:137} INFO - [2023-03-28T08:51:48.904+0000] {dag.py:3444} INFO - Setting next_dagrun for tutorial_taskflow_api_virtualenv to None, run_after=None
[2023-03-28T08:51:49.083+0000] {processor.py:175} INFO - Processing /home/airflow/.local/lib/python3.7/site-packages/airflow/example_dags/tutorial_taskflow_api_virtualenv.py took 0.514 seconds
[2023-03-28T08:52:19.531+0000] {processor.py:153} INFO - Started process (PID=1400) to work on /home/airflow/.local/lib/python3.7/site-packages/airflow/example_dags/tutorial_taskflow_api_virtualenv.py
[2023-03-28T08:52:19.532+0000] {processor.py:743} INFO - Processing file /home/airflow/.local/lib/python3.7/site-packages/airflow/example_dags/tutorial_taskflow_api_virtualenv.py for tasks to queue
[2023-03-28T08:52:19.532+0000] {logging_mixin.py:137} INFO - [2023-03-28T08:52:19.532+0000] {dagbag.py:532} INFO - Filling up the DagBag from /home/airflow/.local/lib/python3.7/site-packages/airflow/example_dags/tutorial_taskflow_api_virtualenv.py
[2023-03-28T08:52:19.545+0000] {processor.py:753} INFO - DAG(s) dict_keys(['tutorial_taskflow_api_virtualenv']) retrieved from /home/airflow/.local/lib/python3.7/site-packages/airflow/example_dags/tutorial_taskflow_api_virtualenv.py
[2023-03-28T08:52:19.761+0000] {logging_mixin.py:137} INFO - [2023-03-28T08:52:19.761+0000] {dag.py:2693} INFO - Sync 1 DAGs
[2023-03-28T08:52:19.860+0000] {logging_mixin.py:137} INFO - [2023-03-28T08:52:19.859+0000] {dag.py:3444} INFO - Setting next_dagrun for tutorial_taskflow_api_virtualenv to None, run_after=None
[2023-03-28T08:52:20.066+0000] {processor.py:175} INFO - Processing /home/airflow/.local/lib/python3.7/site-packages/airflow/example_dags/tutorial_taskflow_api_virtualenv.py took 0.536 seconds
[2023-03-28T08:52:50.123+0000] {processor.py:153} INFO - Started process (PID=1449) to work on /home/airflow/.local/lib/python3.7/site-packages/airflow/example_dags/tutorial_taskflow_api_virtualenv.py
[2023-03-28T08:52:50.124+0000] {processor.py:743} INFO - Processing file /home/airflow/.local/lib/python3.7/site-packages/airflow/example_dags/tutorial_taskflow_api_virtualenv.py for tasks to queue
[2023-03-28T08:52:50.124+0000] {logging_mixin.py:137} INFO - [2023-03-28T08:52:50.124+0000] {dagbag.py:532} INFO - Filling up the DagBag from /home/airflow/.local/lib/python3.7/site-packages/airflow/example_dags/tutorial_taskflow_api_virtualenv.py
[2023-03-28T08:52:50.136+0000] {processor.py:753} INFO - DAG(s) dict_keys(['tutorial_taskflow_api_virtualenv']) retrieved from /home/airflow/.local/lib/python3.7/site-packages/airflow/example_dags/tutorial_taskflow_api_virtualenv.py
[2023-03-28T08:52:50.313+0000] {logging_mixin.py:137} INFO - [2023-03-28T08:52:50.313+0000] {dag.py:2693} INFO - Sync 1 DAGs
[2023-03-28T08:52:50.405+0000] {logging_mixin.py:137} INFO - [2023-03-28T08:52:50.405+0000] {dag.py:3444} INFO - Setting next_dagrun for tutorial_taskflow_api_virtualenv to None, run_after=None
[2023-03-28T08:52:50.579+0000] {processor.py:175} INFO - Processing /home/airflow/.local/lib/python3.7/site-packages/airflow/example_dags/tutorial_taskflow_api_virtualenv.py took 0.458 seconds
[2023-03-28T08:53:21.204+0000] {processor.py:153} INFO - Started process (PID=1498) to work on /home/airflow/.local/lib/python3.7/site-packages/airflow/example_dags/tutorial_taskflow_api_virtualenv.py
[2023-03-28T08:53:21.205+0000] {processor.py:743} INFO - Processing file /home/airflow/.local/lib/python3.7/site-packages/airflow/example_dags/tutorial_taskflow_api_virtualenv.py for tasks to queue
[2023-03-28T08:53:21.205+0000] {logging_mixin.py:137} INFO - [2023-03-28T08:53:21.205+0000] {dagbag.py:532} INFO - Filling up the DagBag from /home/airflow/.local/lib/python3.7/site-packages/airflow/example_dags/tutorial_taskflow_api_virtualenv.py
[2023-03-28T08:53:21.219+0000] {processor.py:753} INFO - DAG(s) dict_keys(['tutorial_taskflow_api_virtualenv']) retrieved from /home/airflow/.local/lib/python3.7/site-packages/airflow/example_dags/tutorial_taskflow_api_virtualenv.py
[2023-03-28T08:53:21.419+0000] {logging_mixin.py:137} INFO - [2023-03-28T08:53:21.419+0000] {dag.py:2693} INFO - Sync 1 DAGs
[2023-03-28T08:53:21.525+0000] {logging_mixin.py:137} INFO - [2023-03-28T08:53:21.525+0000] {dag.py:3444} INFO - Setting next_dagrun for tutorial_taskflow_api_virtualenv to None, run_after=None
[2023-03-28T08:53:21.711+0000] {processor.py:175} INFO - Processing /home/airflow/.local/lib/python3.7/site-packages/airflow/example_dags/tutorial_taskflow_api_virtualenv.py took 0.508 seconds
[2023-03-28T08:53:51.860+0000] {processor.py:153} INFO - Started process (PID=1547) to work on /home/airflow/.local/lib/python3.7/site-packages/airflow/example_dags/tutorial_taskflow_api_virtualenv.py
[2023-03-28T08:53:51.868+0000] {processor.py:743} INFO - Processing file /home/airflow/.local/lib/python3.7/site-packages/airflow/example_dags/tutorial_taskflow_api_virtualenv.py for tasks to queue
[2023-03-28T08:53:51.868+0000] {logging_mixin.py:137} INFO - [2023-03-28T08:53:51.868+0000] {dagbag.py:532} INFO - Filling up the DagBag from /home/airflow/.local/lib/python3.7/site-packages/airflow/example_dags/tutorial_taskflow_api_virtualenv.py
[2023-03-28T08:53:51.880+0000] {processor.py:753} INFO - DAG(s) dict_keys(['tutorial_taskflow_api_virtualenv']) retrieved from /home/airflow/.local/lib/python3.7/site-packages/airflow/example_dags/tutorial_taskflow_api_virtualenv.py
[2023-03-28T08:53:52.074+0000] {logging_mixin.py:137} INFO - [2023-03-28T08:53:52.074+0000] {dag.py:2693} INFO - Sync 1 DAGs
[2023-03-28T08:53:52.176+0000] {logging_mixin.py:137} INFO - [2023-03-28T08:53:52.175+0000] {dag.py:3444} INFO - Setting next_dagrun for tutorial_taskflow_api_virtualenv to None, run_after=None
[2023-03-28T08:53:52.356+0000] {processor.py:175} INFO - Processing /home/airflow/.local/lib/python3.7/site-packages/airflow/example_dags/tutorial_taskflow_api_virtualenv.py took 0.498 seconds
[2023-03-28T08:54:22.613+0000] {processor.py:153} INFO - Started process (PID=1596) to work on /home/airflow/.local/lib/python3.7/site-packages/airflow/example_dags/tutorial_taskflow_api_virtualenv.py
[2023-03-28T08:54:22.614+0000] {processor.py:743} INFO - Processing file /home/airflow/.local/lib/python3.7/site-packages/airflow/example_dags/tutorial_taskflow_api_virtualenv.py for tasks to queue
[2023-03-28T08:54:22.614+0000] {logging_mixin.py:137} INFO - [2023-03-28T08:54:22.614+0000] {dagbag.py:532} INFO - Filling up the DagBag from /home/airflow/.local/lib/python3.7/site-packages/airflow/example_dags/tutorial_taskflow_api_virtualenv.py
[2023-03-28T08:54:22.627+0000] {processor.py:753} INFO - DAG(s) dict_keys(['tutorial_taskflow_api_virtualenv']) retrieved from /home/airflow/.local/lib/python3.7/site-packages/airflow/example_dags/tutorial_taskflow_api_virtualenv.py
[2023-03-28T08:54:22.811+0000] {logging_mixin.py:137} INFO - [2023-03-28T08:54:22.810+0000] {dag.py:2693} INFO - Sync 1 DAGs
[2023-03-28T08:54:22.899+0000] {logging_mixin.py:137} INFO - [2023-03-28T08:54:22.899+0000] {dag.py:3444} INFO - Setting next_dagrun for tutorial_taskflow_api_virtualenv to None, run_after=None
[2023-03-28T08:54:23.078+0000] {processor.py:175} INFO - Processing /home/airflow/.local/lib/python3.7/site-packages/airflow/example_dags/tutorial_taskflow_api_virtualenv.py took 0.467 seconds
[2023-03-28T08:54:53.753+0000] {processor.py:153} INFO - Started process (PID=1645) to work on /home/airflow/.local/lib/python3.7/site-packages/airflow/example_dags/tutorial_taskflow_api_virtualenv.py
[2023-03-28T08:54:53.753+0000] {processor.py:743} INFO - Processing file /home/airflow/.local/lib/python3.7/site-packages/airflow/example_dags/tutorial_taskflow_api_virtualenv.py for tasks to queue
[2023-03-28T08:54:53.754+0000] {logging_mixin.py:137} INFO - [2023-03-28T08:54:53.754+0000] {dagbag.py:532} INFO - Filling up the DagBag from /home/airflow/.local/lib/python3.7/site-packages/airflow/example_dags/tutorial_taskflow_api_virtualenv.py
[2023-03-28T08:54:53.767+0000] {processor.py:753} INFO - DAG(s) dict_keys(['tutorial_taskflow_api_virtualenv']) retrieved from /home/airflow/.local/lib/python3.7/site-packages/airflow/example_dags/tutorial_taskflow_api_virtualenv.py
[2023-03-28T08:54:53.958+0000] {logging_mixin.py:137} INFO - [2023-03-28T08:54:53.958+0000] {dag.py:2693} INFO - Sync 1 DAGs
[2023-03-28T08:54:54.058+0000] {logging_mixin.py:137} INFO - [2023-03-28T08:54:54.058+0000] {dag.py:3444} INFO - Setting next_dagrun for tutorial_taskflow_api_virtualenv to None, run_after=None
[2023-03-28T08:54:54.286+0000] {processor.py:175} INFO - Processing /home/airflow/.local/lib/python3.7/site-packages/airflow/example_dags/tutorial_taskflow_api_virtualenv.py took 0.536 seconds
[2023-03-28T08:55:24.774+0000] {processor.py:153} INFO - Started process (PID=1694) to work on /home/airflow/.local/lib/python3.7/site-packages/airflow/example_dags/tutorial_taskflow_api_virtualenv.py
[2023-03-28T08:55:24.775+0000] {processor.py:743} INFO - Processing file /home/airflow/.local/lib/python3.7/site-packages/airflow/example_dags/tutorial_taskflow_api_virtualenv.py for tasks to queue
[2023-03-28T08:55:24.775+0000] {logging_mixin.py:137} INFO - [2023-03-28T08:55:24.775+0000] {dagbag.py:532} INFO - Filling up the DagBag from /home/airflow/.local/lib/python3.7/site-packages/airflow/example_dags/tutorial_taskflow_api_virtualenv.py
[2023-03-28T08:55:24.787+0000] {processor.py:753} INFO - DAG(s) dict_keys(['tutorial_taskflow_api_virtualenv']) retrieved from /home/airflow/.local/lib/python3.7/site-packages/airflow/example_dags/tutorial_taskflow_api_virtualenv.py
[2023-03-28T08:55:24.998+0000] {logging_mixin.py:137} INFO - [2023-03-28T08:55:24.998+0000] {dag.py:2693} INFO - Sync 1 DAGs
[2023-03-28T08:55:25.091+0000] {logging_mixin.py:137} INFO - [2023-03-28T08:55:25.091+0000] {dag.py:3444} INFO - Setting next_dagrun for tutorial_taskflow_api_virtualenv to None, run_after=None
[2023-03-28T08:55:25.258+0000] {processor.py:175} INFO - Processing /home/airflow/.local/lib/python3.7/site-packages/airflow/example_dags/tutorial_taskflow_api_virtualenv.py took 0.486 seconds
[2023-03-28T08:55:56.443+0000] {processor.py:153} INFO - Started process (PID=1743) to work on /home/airflow/.local/lib/python3.7/site-packages/airflow/example_dags/tutorial_taskflow_api_virtualenv.py
[2023-03-28T08:55:56.444+0000] {processor.py:743} INFO - Processing file /home/airflow/.local/lib/python3.7/site-packages/airflow/example_dags/tutorial_taskflow_api_virtualenv.py for tasks to queue
[2023-03-28T08:55:56.445+0000] {logging_mixin.py:137} INFO - [2023-03-28T08:55:56.444+0000] {dagbag.py:532} INFO - Filling up the DagBag from /home/airflow/.local/lib/python3.7/site-packages/airflow/example_dags/tutorial_taskflow_api_virtualenv.py
[2023-03-28T08:55:56.457+0000] {processor.py:753} INFO - DAG(s) dict_keys(['tutorial_taskflow_api_virtualenv']) retrieved from /home/airflow/.local/lib/python3.7/site-packages/airflow/example_dags/tutorial_taskflow_api_virtualenv.py
[2023-03-28T08:55:56.797+0000] {logging_mixin.py:137} INFO - [2023-03-28T08:55:56.797+0000] {dag.py:2693} INFO - Sync 1 DAGs
[2023-03-28T08:55:56.928+0000] {logging_mixin.py:137} INFO - [2023-03-28T08:55:56.928+0000] {dag.py:3444} INFO - Setting next_dagrun for tutorial_taskflow_api_virtualenv to None, run_after=None
[2023-03-28T08:55:57.168+0000] {processor.py:175} INFO - Processing /home/airflow/.local/lib/python3.7/site-packages/airflow/example_dags/tutorial_taskflow_api_virtualenv.py took 0.727 seconds
[2023-03-28T08:56:27.509+0000] {processor.py:153} INFO - Started process (PID=1792) to work on /home/airflow/.local/lib/python3.7/site-packages/airflow/example_dags/tutorial_taskflow_api_virtualenv.py
[2023-03-28T08:56:27.510+0000] {processor.py:743} INFO - Processing file /home/airflow/.local/lib/python3.7/site-packages/airflow/example_dags/tutorial_taskflow_api_virtualenv.py for tasks to queue
[2023-03-28T08:56:27.510+0000] {logging_mixin.py:137} INFO - [2023-03-28T08:56:27.510+0000] {dagbag.py:532} INFO - Filling up the DagBag from /home/airflow/.local/lib/python3.7/site-packages/airflow/example_dags/tutorial_taskflow_api_virtualenv.py
[2023-03-28T08:56:27.524+0000] {processor.py:753} INFO - DAG(s) dict_keys(['tutorial_taskflow_api_virtualenv']) retrieved from /home/airflow/.local/lib/python3.7/site-packages/airflow/example_dags/tutorial_taskflow_api_virtualenv.py
[2023-03-28T08:56:27.703+0000] {logging_mixin.py:137} INFO - [2023-03-28T08:56:27.703+0000] {dag.py:2693} INFO - Sync 1 DAGs
[2023-03-28T08:56:27.795+0000] {logging_mixin.py:137} INFO - [2023-03-28T08:56:27.795+0000] {dag.py:3444} INFO - Setting next_dagrun for tutorial_taskflow_api_virtualenv to None, run_after=None
[2023-03-28T08:56:27.978+0000] {processor.py:175} INFO - Processing /home/airflow/.local/lib/python3.7/site-packages/airflow/example_dags/tutorial_taskflow_api_virtualenv.py took 0.472 seconds
[2023-03-28T08:56:58.012+0000] {processor.py:153} INFO - Started process (PID=1841) to work on /home/airflow/.local/lib/python3.7/site-packages/airflow/example_dags/tutorial_taskflow_api_virtualenv.py
[2023-03-28T08:56:58.013+0000] {processor.py:743} INFO - Processing file /home/airflow/.local/lib/python3.7/site-packages/airflow/example_dags/tutorial_taskflow_api_virtualenv.py for tasks to queue
[2023-03-28T08:56:58.013+0000] {logging_mixin.py:137} INFO - [2023-03-28T08:56:58.013+0000] {dagbag.py:532} INFO - Filling up the DagBag from /home/airflow/.local/lib/python3.7/site-packages/airflow/example_dags/tutorial_taskflow_api_virtualenv.py
[2023-03-28T08:56:58.025+0000] {processor.py:753} INFO - DAG(s) dict_keys(['tutorial_taskflow_api_virtualenv']) retrieved from /home/airflow/.local/lib/python3.7/site-packages/airflow/example_dags/tutorial_taskflow_api_virtualenv.py
[2023-03-28T08:56:58.209+0000] {logging_mixin.py:137} INFO - [2023-03-28T08:56:58.208+0000] {dag.py:2693} INFO - Sync 1 DAGs
[2023-03-28T08:56:58.305+0000] {logging_mixin.py:137} INFO - [2023-03-28T08:56:58.305+0000] {dag.py:3444} INFO - Setting next_dagrun for tutorial_taskflow_api_virtualenv to None, run_after=None
[2023-03-28T08:56:58.486+0000] {processor.py:175} INFO - Processing /home/airflow/.local/lib/python3.7/site-packages/airflow/example_dags/tutorial_taskflow_api_virtualenv.py took 0.476 seconds
[2023-03-28T08:57:28.602+0000] {processor.py:153} INFO - Started process (PID=1890) to work on /home/airflow/.local/lib/python3.7/site-packages/airflow/example_dags/tutorial_taskflow_api_virtualenv.py
[2023-03-28T08:57:28.602+0000] {processor.py:743} INFO - Processing file /home/airflow/.local/lib/python3.7/site-packages/airflow/example_dags/tutorial_taskflow_api_virtualenv.py for tasks to queue
[2023-03-28T08:57:28.603+0000] {logging_mixin.py:137} INFO - [2023-03-28T08:57:28.603+0000] {dagbag.py:532} INFO - Filling up the DagBag from /home/airflow/.local/lib/python3.7/site-packages/airflow/example_dags/tutorial_taskflow_api_virtualenv.py
[2023-03-28T08:57:28.614+0000] {processor.py:753} INFO - DAG(s) dict_keys(['tutorial_taskflow_api_virtualenv']) retrieved from /home/airflow/.local/lib/python3.7/site-packages/airflow/example_dags/tutorial_taskflow_api_virtualenv.py
[2023-03-28T08:57:28.800+0000] {logging_mixin.py:137} INFO - [2023-03-28T08:57:28.800+0000] {dag.py:2693} INFO - Sync 1 DAGs
[2023-03-28T08:57:28.899+0000] {logging_mixin.py:137} INFO - [2023-03-28T08:57:28.899+0000] {dag.py:3444} INFO - Setting next_dagrun for tutorial_taskflow_api_virtualenv to None, run_after=None
[2023-03-28T08:57:29.068+0000] {processor.py:175} INFO - Processing /home/airflow/.local/lib/python3.7/site-packages/airflow/example_dags/tutorial_taskflow_api_virtualenv.py took 0.468 seconds
[2023-03-28T08:57:59.367+0000] {processor.py:153} INFO - Started process (PID=1939) to work on /home/airflow/.local/lib/python3.7/site-packages/airflow/example_dags/tutorial_taskflow_api_virtualenv.py
[2023-03-28T08:57:59.368+0000] {processor.py:743} INFO - Processing file /home/airflow/.local/lib/python3.7/site-packages/airflow/example_dags/tutorial_taskflow_api_virtualenv.py for tasks to queue
[2023-03-28T08:57:59.369+0000] {logging_mixin.py:137} INFO - [2023-03-28T08:57:59.368+0000] {dagbag.py:532} INFO - Filling up the DagBag from /home/airflow/.local/lib/python3.7/site-packages/airflow/example_dags/tutorial_taskflow_api_virtualenv.py
[2023-03-28T08:57:59.381+0000] {processor.py:753} INFO - DAG(s) dict_keys(['tutorial_taskflow_api_virtualenv']) retrieved from /home/airflow/.local/lib/python3.7/site-packages/airflow/example_dags/tutorial_taskflow_api_virtualenv.py
[2023-03-28T08:57:59.551+0000] {logging_mixin.py:137} INFO - [2023-03-28T08:57:59.551+0000] {dag.py:2693} INFO - Sync 1 DAGs
[2023-03-28T08:57:59.642+0000] {logging_mixin.py:137} INFO - [2023-03-28T08:57:59.642+0000] {dag.py:3444} INFO - Setting next_dagrun for tutorial_taskflow_api_virtualenv to None, run_after=None
[2023-03-28T08:57:59.827+0000] {processor.py:175} INFO - Processing /home/airflow/.local/lib/python3.7/site-packages/airflow/example_dags/tutorial_taskflow_api_virtualenv.py took 0.461 seconds
[2023-03-28T08:58:29.992+0000] {processor.py:153} INFO - Started process (PID=1988) to work on /home/airflow/.local/lib/python3.7/site-packages/airflow/example_dags/tutorial_taskflow_api_virtualenv.py
[2023-03-28T08:58:29.992+0000] {processor.py:743} INFO - Processing file /home/airflow/.local/lib/python3.7/site-packages/airflow/example_dags/tutorial_taskflow_api_virtualenv.py for tasks to queue
[2023-03-28T08:58:29.993+0000] {logging_mixin.py:137} INFO - [2023-03-28T08:58:29.993+0000] {dagbag.py:532} INFO - Filling up the DagBag from /home/airflow/.local/lib/python3.7/site-packages/airflow/example_dags/tutorial_taskflow_api_virtualenv.py
[2023-03-28T08:58:30.005+0000] {processor.py:753} INFO - DAG(s) dict_keys(['tutorial_taskflow_api_virtualenv']) retrieved from /home/airflow/.local/lib/python3.7/site-packages/airflow/example_dags/tutorial_taskflow_api_virtualenv.py
[2023-03-28T08:58:30.184+0000] {logging_mixin.py:137} INFO - [2023-03-28T08:58:30.184+0000] {dag.py:2693} INFO - Sync 1 DAGs
[2023-03-28T08:58:30.273+0000] {logging_mixin.py:137} INFO - [2023-03-28T08:58:30.273+0000] {dag.py:3444} INFO - Setting next_dagrun for tutorial_taskflow_api_virtualenv to None, run_after=None
[2023-03-28T08:58:30.497+0000] {processor.py:175} INFO - Processing /home/airflow/.local/lib/python3.7/site-packages/airflow/example_dags/tutorial_taskflow_api_virtualenv.py took 0.506 seconds
[2023-03-28T08:59:00.644+0000] {processor.py:153} INFO - Started process (PID=2037) to work on /home/airflow/.local/lib/python3.7/site-packages/airflow/example_dags/tutorial_taskflow_api_virtualenv.py
[2023-03-28T08:59:00.645+0000] {processor.py:743} INFO - Processing file /home/airflow/.local/lib/python3.7/site-packages/airflow/example_dags/tutorial_taskflow_api_virtualenv.py for tasks to queue
[2023-03-28T08:59:00.646+0000] {logging_mixin.py:137} INFO - [2023-03-28T08:59:00.645+0000] {dagbag.py:532} INFO - Filling up the DagBag from /home/airflow/.local/lib/python3.7/site-packages/airflow/example_dags/tutorial_taskflow_api_virtualenv.py
[2023-03-28T08:59:00.657+0000] {processor.py:753} INFO - DAG(s) dict_keys(['tutorial_taskflow_api_virtualenv']) retrieved from /home/airflow/.local/lib/python3.7/site-packages/airflow/example_dags/tutorial_taskflow_api_virtualenv.py
[2023-03-28T08:59:00.834+0000] {logging_mixin.py:137} INFO - [2023-03-28T08:59:00.833+0000] {dag.py:2693} INFO - Sync 1 DAGs
[2023-03-28T08:59:00.922+0000] {logging_mixin.py:137} INFO - [2023-03-28T08:59:00.922+0000] {dag.py:3444} INFO - Setting next_dagrun for tutorial_taskflow_api_virtualenv to None, run_after=None
[2023-03-28T08:59:01.089+0000] {processor.py:175} INFO - Processing /home/airflow/.local/lib/python3.7/site-packages/airflow/example_dags/tutorial_taskflow_api_virtualenv.py took 0.446 seconds
[2023-03-28T08:59:31.562+0000] {processor.py:153} INFO - Started process (PID=2086) to work on /home/airflow/.local/lib/python3.7/site-packages/airflow/example_dags/tutorial_taskflow_api_virtualenv.py
[2023-03-28T08:59:31.563+0000] {processor.py:743} INFO - Processing file /home/airflow/.local/lib/python3.7/site-packages/airflow/example_dags/tutorial_taskflow_api_virtualenv.py for tasks to queue
[2023-03-28T08:59:31.563+0000] {logging_mixin.py:137} INFO - [2023-03-28T08:59:31.563+0000] {dagbag.py:532} INFO - Filling up the DagBag from /home/airflow/.local/lib/python3.7/site-packages/airflow/example_dags/tutorial_taskflow_api_virtualenv.py
[2023-03-28T08:59:31.575+0000] {processor.py:753} INFO - DAG(s) dict_keys(['tutorial_taskflow_api_virtualenv']) retrieved from /home/airflow/.local/lib/python3.7/site-packages/airflow/example_dags/tutorial_taskflow_api_virtualenv.py
[2023-03-28T08:59:31.763+0000] {logging_mixin.py:137} INFO - [2023-03-28T08:59:31.763+0000] {dag.py:2693} INFO - Sync 1 DAGs
[2023-03-28T08:59:31.862+0000] {logging_mixin.py:137} INFO - [2023-03-28T08:59:31.862+0000] {dag.py:3444} INFO - Setting next_dagrun for tutorial_taskflow_api_virtualenv to None, run_after=None
[2023-03-28T08:59:32.032+0000] {processor.py:175} INFO - Processing /home/airflow/.local/lib/python3.7/site-packages/airflow/example_dags/tutorial_taskflow_api_virtualenv.py took 0.472 seconds
