[2023-03-28T05:52:59.788+0000] {taskinstance.py:1084} INFO - Dependencies all met for dep_context=non-requeueable deps ti=<TaskInstance: example_sla_dag.sleep_20 scheduled__2023-03-28T05:30:00+00:00 [queued]>
[2023-03-28T05:53:00.668+0000] {taskinstance.py:1084} INFO - Dependencies all met for dep_context=requeueable deps ti=<TaskInstance: example_sla_dag.sleep_20 scheduled__2023-03-28T05:30:00+00:00 [queued]>
[2023-03-28T05:53:00.669+0000] {taskinstance.py:1282} INFO - 
--------------------------------------------------------------------------------
[2023-03-28T05:53:00.669+0000] {taskinstance.py:1283} INFO - Starting attempt 1 of 1
[2023-03-28T05:53:00.669+0000] {taskinstance.py:1284} INFO - 
--------------------------------------------------------------------------------
[2023-03-28T05:53:02.449+0000] {taskinstance.py:1303} INFO - Executing <Task(_PythonDecoratedOperator): sleep_20> on 2023-03-28 05:30:00+00:00
[2023-03-28T05:53:02.581+0000] {standard_task_runner.py:82} INFO - Running: ['airflow', 'tasks', 'run', 'example_sla_dag', 'sleep_20', 'scheduled__2023-03-28T05:30:00+00:00', '--job-id', '39', '--raw', '--subdir', '/home/airflow/.local/lib/python3.7/site-packages/airflow/example_dags/example_sla_dag.py', '--cfg-path', '/tmp/tmphudtwehf']
[2023-03-28T05:53:02.626+0000] {standard_task_runner.py:83} INFO - Job 39: Subtask sleep_20
[2023-03-28T05:53:02.498+0000] {standard_task_runner.py:55} INFO - Started process 84 to run task
[2023-03-28T05:54:29.273+0000] {task_command.py:388} INFO - Running <TaskInstance: example_sla_dag.sleep_20 scheduled__2023-03-28T05:30:00+00:00 [running]> on host 9119afc303d7
[2023-03-28T05:55:19.814+0000] {taskinstance.py:1511} INFO - Exporting the following env vars:
AIRFLOW_CTX_DAG_EMAIL=email@example.com
AIRFLOW_CTX_DAG_OWNER=airflow
AIRFLOW_CTX_DAG_ID=example_sla_dag
AIRFLOW_CTX_TASK_ID=sleep_20
AIRFLOW_CTX_EXECUTION_DATE=2023-03-28T05:30:00+00:00
AIRFLOW_CTX_TRY_NUMBER=1
AIRFLOW_CTX_DAG_RUN_ID=scheduled__2023-03-28T05:30:00+00:00
[2023-03-28T05:55:58.670+0000] {python.py:177} INFO - Done. Returned value was: None
[2023-03-28T05:56:10.264+0000] {taskinstance.py:1326} INFO - Marking task as SUCCESS. dag_id=example_sla_dag, task_id=sleep_20, execution_date=20230328T053000, start_date=20230328T055259, end_date=20230328T055610
[2023-03-28T05:56:11.947+0000] {local_task_job.py:212} INFO - Task exited with return code 0
[2023-03-28T05:56:13.295+0000] {taskinstance.py:2585} INFO - 1 downstream tasks scheduled from follow-on schedule check
