[2023-03-28T06:12:47.786+0000] {taskinstance.py:1084} INFO - Dependencies all met for dep_context=non-requeueable deps ti=<TaskInstance: example_sla_dag.sleep_30 scheduled__2023-03-28T05:28:00+00:00 [queued]>
[2023-03-28T06:12:50.716+0000] {taskinstance.py:1084} INFO - Dependencies all met for dep_context=requeueable deps ti=<TaskInstance: example_sla_dag.sleep_30 scheduled__2023-03-28T05:28:00+00:00 [queued]>
[2023-03-28T06:12:50.716+0000] {taskinstance.py:1282} INFO - 
--------------------------------------------------------------------------------
[2023-03-28T06:12:50.716+0000] {taskinstance.py:1283} INFO - Starting attempt 1 of 1
[2023-03-28T06:12:50.716+0000] {taskinstance.py:1284} INFO - 
--------------------------------------------------------------------------------
[2023-03-28T06:12:52.649+0000] {taskinstance.py:1303} INFO - Executing <Task(_PythonDecoratedOperator): sleep_30> on 2023-03-28 05:28:00+00:00
[2023-03-28T06:12:52.664+0000] {standard_task_runner.py:55} INFO - Started process 396 to run task
[2023-03-28T06:12:52.688+0000] {standard_task_runner.py:82} INFO - Running: ['airflow', 'tasks', 'run', 'example_sla_dag', 'sleep_30', 'scheduled__2023-03-28T05:28:00+00:00', '--job-id', '58', '--raw', '--subdir', '/home/airflow/.local/lib/python3.7/site-packages/airflow/example_dags/example_sla_dag.py', '--cfg-path', '/tmp/tmpwl71kd15']
[2023-03-28T06:12:52.688+0000] {standard_task_runner.py:83} INFO - Job 58: Subtask sleep_30
[2023-03-28T06:13:47.426+0000] {task_command.py:388} INFO - Running <TaskInstance: example_sla_dag.sleep_30 scheduled__2023-03-28T05:28:00+00:00 [running]> on host 9119afc303d7
[2023-03-28T06:14:27.609+0000] {taskinstance.py:1511} INFO - Exporting the following env vars:
AIRFLOW_CTX_DAG_EMAIL=email@example.com
AIRFLOW_CTX_DAG_OWNER=airflow
AIRFLOW_CTX_DAG_ID=example_sla_dag
AIRFLOW_CTX_TASK_ID=sleep_30
AIRFLOW_CTX_EXECUTION_DATE=2023-03-28T05:28:00+00:00
AIRFLOW_CTX_TRY_NUMBER=1
AIRFLOW_CTX_DAG_RUN_ID=scheduled__2023-03-28T05:28:00+00:00
[2023-03-28T06:14:57.880+0000] {python.py:177} INFO - Done. Returned value was: None
[2023-03-28T06:14:59.556+0000] {taskinstance.py:1326} INFO - Marking task as SUCCESS. dag_id=example_sla_dag, task_id=sleep_30, execution_date=20230328T052800, start_date=20230328T061248, end_date=20230328T061459
[2023-03-28T06:15:02.138+0000] {local_task_job.py:212} INFO - Task exited with return code 0
[2023-03-28T06:15:03.431+0000] {taskinstance.py:2585} INFO - 0 downstream tasks scheduled from follow-on schedule check
