[2023-03-28T06:15:13.833+0000] {taskinstance.py:1084} INFO - Dependencies all met for dep_context=non-requeueable deps ti=<TaskInstance: example_weekday_branch_operator.make_choice scheduled__2023-03-27T00:00:00+00:00 [queued]>
[2023-03-28T06:15:13.949+0000] {taskinstance.py:1084} INFO - Dependencies all met for dep_context=requeueable deps ti=<TaskInstance: example_weekday_branch_operator.make_choice scheduled__2023-03-27T00:00:00+00:00 [queued]>
[2023-03-28T06:15:13.949+0000] {taskinstance.py:1282} INFO - 
--------------------------------------------------------------------------------
[2023-03-28T06:15:13.950+0000] {taskinstance.py:1283} INFO - Starting attempt 1 of 1
[2023-03-28T06:15:13.950+0000] {taskinstance.py:1284} INFO - 
--------------------------------------------------------------------------------
[2023-03-28T06:15:14.079+0000] {taskinstance.py:1303} INFO - Executing <Task(BranchDayOfWeekOperator): make_choice> on 2023-03-27 00:00:00+00:00
[2023-03-28T06:15:14.128+0000] {standard_task_runner.py:82} INFO - Running: ['airflow', 'tasks', 'run', 'example_weekday_branch_operator', 'make_choice', 'scheduled__2023-03-27T00:00:00+00:00', '--job-id', '73', '--raw', '--subdir', '/home/airflow/.local/lib/python3.7/site-packages/airflow/example_dags/example_branch_day_of_week_operator.py', '--cfg-path', '/tmp/tmpaevg36qj']
[2023-03-28T06:15:14.129+0000] {standard_task_runner.py:83} INFO - Job 73: Subtask make_choice
[2023-03-28T06:15:14.148+0000] {standard_task_runner.py:55} INFO - Started process 430 to run task
[2023-03-28T06:15:15.972+0000] {task_command.py:388} INFO - Running <TaskInstance: example_weekday_branch_operator.make_choice scheduled__2023-03-27T00:00:00+00:00 [running]> on host 9119afc303d7
[2023-03-28T06:15:18.043+0000] {taskinstance.py:1511} INFO - Exporting the following env vars:
AIRFLOW_CTX_DAG_OWNER=airflow
AIRFLOW_CTX_DAG_ID=example_weekday_branch_operator
AIRFLOW_CTX_TASK_ID=make_choice
AIRFLOW_CTX_EXECUTION_DATE=2023-03-27T00:00:00+00:00
AIRFLOW_CTX_TRY_NUMBER=1
AIRFLOW_CTX_DAG_RUN_ID=scheduled__2023-03-27T00:00:00+00:00
[2023-03-28T06:15:18.045+0000] {skipmixin.py:155} INFO - Following branch branch_false
[2023-03-28T06:15:18.045+0000] {skipmixin.py:211} INFO - Skipping tasks ['branch_true']
[2023-03-28T06:15:19.265+0000] {taskinstance.py:1326} INFO - Marking task as SUCCESS. dag_id=example_weekday_branch_operator, task_id=make_choice, execution_date=20230327T000000, start_date=20230328T061513, end_date=20230328T061519
[2023-03-28T06:15:19.773+0000] {local_task_job.py:212} INFO - Task exited with return code 0
[2023-03-28T06:15:20.013+0000] {taskinstance.py:2585} INFO - 1 downstream tasks scheduled from follow-on schedule check
