[2023-03-28T06:15:10.667+0000] {taskinstance.py:1084} INFO - Dependencies all met for dep_context=non-requeueable deps ti=<TaskInstance: example_xcom.bash_pull scheduled__2021-01-01T00:00:00+00:00 [queued]>
[2023-03-28T06:15:10.892+0000] {taskinstance.py:1084} INFO - Dependencies all met for dep_context=requeueable deps ti=<TaskInstance: example_xcom.bash_pull scheduled__2021-01-01T00:00:00+00:00 [queued]>
[2023-03-28T06:15:10.893+0000] {taskinstance.py:1282} INFO - 
--------------------------------------------------------------------------------
[2023-03-28T06:15:10.893+0000] {taskinstance.py:1283} INFO - Starting attempt 1 of 1
[2023-03-28T06:15:10.893+0000] {taskinstance.py:1284} INFO - 
--------------------------------------------------------------------------------
[2023-03-28T06:15:11.338+0000] {taskinstance.py:1303} INFO - Executing <Task(BashOperator): bash_pull> on 2021-01-01 00:00:00+00:00
[2023-03-28T06:15:11.344+0000] {standard_task_runner.py:55} INFO - Started process 424 to run task
[2023-03-28T06:15:11.352+0000] {standard_task_runner.py:82} INFO - Running: ['airflow', 'tasks', 'run', 'example_xcom', 'bash_pull', 'scheduled__2021-01-01T00:00:00+00:00', '--job-id', '67', '--raw', '--subdir', '/home/airflow/.local/lib/python3.7/site-packages/airflow/example_dags/example_xcom.py', '--cfg-path', '/tmp/tmptf28lc0r']
[2023-03-28T06:15:11.355+0000] {standard_task_runner.py:83} INFO - Job 67: Subtask bash_pull
[2023-03-28T06:15:14.800+0000] {task_command.py:388} INFO - Running <TaskInstance: example_xcom.bash_pull scheduled__2021-01-01T00:00:00+00:00 [running]> on host 9119afc303d7
[2023-03-28T06:15:17.763+0000] {taskinstance.py:1511} INFO - Exporting the following env vars:
AIRFLOW_CTX_DAG_OWNER=airflow
AIRFLOW_CTX_DAG_ID=example_xcom
AIRFLOW_CTX_TASK_ID=bash_pull
AIRFLOW_CTX_EXECUTION_DATE=2021-01-01T00:00:00+00:00
AIRFLOW_CTX_TRY_NUMBER=1
AIRFLOW_CTX_DAG_RUN_ID=scheduled__2021-01-01T00:00:00+00:00
[2023-03-28T06:15:17.765+0000] {subprocess.py:63} INFO - Tmp dir root location: 
 /tmp
[2023-03-28T06:15:17.798+0000] {subprocess.py:75} INFO - Running command: ['/bin/bash', '-c', 'echo "bash pull demo" && echo "The xcom pushed manually is manually_pushed_value" && echo "The returned_value xcom is value_by_return" && echo "finished"']
[2023-03-28T06:15:17.844+0000] {subprocess.py:86} INFO - Output:
[2023-03-28T06:15:17.849+0000] {subprocess.py:93} INFO - bash pull demo
[2023-03-28T06:15:17.849+0000] {subprocess.py:93} INFO - The xcom pushed manually is manually_pushed_value
[2023-03-28T06:15:17.849+0000] {subprocess.py:93} INFO - The returned_value xcom is value_by_return
[2023-03-28T06:15:17.850+0000] {subprocess.py:93} INFO - finished
[2023-03-28T06:15:17.850+0000] {subprocess.py:97} INFO - Command exited with return code 0
[2023-03-28T06:15:18.257+0000] {taskinstance.py:1326} INFO - Marking task as SUCCESS. dag_id=example_xcom, task_id=bash_pull, execution_date=20210101T000000, start_date=20230328T061510, end_date=20230328T061518
[2023-03-28T06:15:18.627+0000] {local_task_job.py:212} INFO - Task exited with return code 0
[2023-03-28T06:15:19.090+0000] {taskinstance.py:2585} INFO - 0 downstream tasks scheduled from follow-on schedule check
