[2023-03-28T06:13:01.279+0000] {taskinstance.py:1084} INFO - Dependencies all met for dep_context=non-requeueable deps ti=<TaskInstance: example_subdag_operator.section-1 scheduled__2022-01-01T00:00:00+00:00 [queued]>
[2023-03-28T06:13:12.968+0000] {taskinstance.py:1084} INFO - Dependencies all met for dep_context=requeueable deps ti=<TaskInstance: example_subdag_operator.section-1 scheduled__2022-01-01T00:00:00+00:00 [queued]>
[2023-03-28T06:13:12.968+0000] {taskinstance.py:1282} INFO - 
--------------------------------------------------------------------------------
[2023-03-28T06:13:12.968+0000] {taskinstance.py:1283} INFO - Starting attempt 1 of 3
[2023-03-28T06:13:12.968+0000] {taskinstance.py:1284} INFO - 
--------------------------------------------------------------------------------
[2023-03-28T06:13:51.262+0000] {taskinstance.py:1303} INFO - Executing <Task(SubDagOperator): section-1> on 2022-01-01 00:00:00+00:00
[2023-03-28T06:13:57.621+0000] {standard_task_runner.py:55} INFO - Started process 403 to run task
[2023-03-28T06:13:57.657+0000] {standard_task_runner.py:82} INFO - Running: ['airflow', 'tasks', 'run', 'example_subdag_operator', 'section-1', 'scheduled__2022-01-01T00:00:00+00:00', '--job-id', '62', '--raw', '--subdir', '/home/airflow/.local/lib/python3.7/site-packages/airflow/example_dags/example_subdag_operator.py', '--cfg-path', '/tmp/tmpjbjcsor8']
[2023-03-28T06:13:57.658+0000] {standard_task_runner.py:83} INFO - Job 62: Subtask section-1
[2023-03-28T06:14:53.213+0000] {task_command.py:388} INFO - Running <TaskInstance: example_subdag_operator.section-1 scheduled__2022-01-01T00:00:00+00:00 [running]> on host 9119afc303d7
[2023-03-28T06:15:02.176+0000] {taskinstance.py:1511} INFO - Exporting the following env vars:
AIRFLOW_CTX_DAG_OWNER=airflow
AIRFLOW_CTX_DAG_ID=example_subdag_operator
AIRFLOW_CTX_TASK_ID=section-1
AIRFLOW_CTX_EXECUTION_DATE=2022-01-01T00:00:00+00:00
AIRFLOW_CTX_TRY_NUMBER=1
AIRFLOW_CTX_DAG_RUN_ID=scheduled__2022-01-01T00:00:00+00:00
[2023-03-28T06:15:02.706+0000] {warnings.py:110} WARNING - /home/airflow/.local/lib/python3.7/site-packages/airflow/utils/context.py:205: AirflowContextDeprecationWarning: Accessing 'execution_date' from the template is deprecated and will be removed in a future version. Please use 'data_interval_start' or 'logical_date' instead.
  warnings.warn(_create_deprecation_warning(key, self._deprecation_replacements[key]))

[2023-03-28T06:15:05.229+0000] {subdag.py:171} INFO - Created DagRun: scheduled__2022-01-01T00:00:00+00:00
