[2023-03-28T06:15:10.574+0000] {taskinstance.py:1084} INFO - Dependencies all met for dep_context=non-requeueable deps ti=<TaskInstance: example_task_group_decorator.task_start scheduled__2023-03-27T05:30:58.235775+00:00 [queued]>
[2023-03-28T06:15:10.782+0000] {taskinstance.py:1084} INFO - Dependencies all met for dep_context=requeueable deps ti=<TaskInstance: example_task_group_decorator.task_start scheduled__2023-03-27T05:30:58.235775+00:00 [queued]>
[2023-03-28T06:15:10.783+0000] {taskinstance.py:1282} INFO - 
--------------------------------------------------------------------------------
[2023-03-28T06:15:10.783+0000] {taskinstance.py:1283} INFO - Starting attempt 1 of 1
[2023-03-28T06:15:10.783+0000] {taskinstance.py:1284} INFO - 
--------------------------------------------------------------------------------
[2023-03-28T06:15:11.009+0000] {taskinstance.py:1303} INFO - Executing <Task(_PythonDecoratedOperator): task_start> on 2023-03-27 05:30:58.235775+00:00
[2023-03-28T06:15:11.015+0000] {standard_task_runner.py:55} INFO - Started process 423 to run task
[2023-03-28T06:15:11.052+0000] {standard_task_runner.py:82} INFO - Running: ['airflow', 'tasks', 'run', 'example_task_group_decorator', 'task_start', 'scheduled__2023-03-27T05:30:58.235775+00:00', '--job-id', '68', '--raw', '--subdir', '/home/airflow/.local/lib/python3.7/site-packages/airflow/example_dags/example_task_group_decorator.py', '--cfg-path', '/tmp/tmpl39odzuy']
[2023-03-28T06:15:11.052+0000] {standard_task_runner.py:83} INFO - Job 68: Subtask task_start
[2023-03-28T06:15:13.771+0000] {task_command.py:388} INFO - Running <TaskInstance: example_task_group_decorator.task_start scheduled__2023-03-27T05:30:58.235775+00:00 [running]> on host 9119afc303d7
[2023-03-28T06:15:15.619+0000] {taskinstance.py:1511} INFO - Exporting the following env vars:
AIRFLOW_CTX_DAG_OWNER=airflow
AIRFLOW_CTX_DAG_ID=example_task_group_decorator
AIRFLOW_CTX_TASK_ID=task_start
AIRFLOW_CTX_EXECUTION_DATE=2023-03-27T05:30:58.235775+00:00
AIRFLOW_CTX_TRY_NUMBER=1
AIRFLOW_CTX_DAG_RUN_ID=scheduled__2023-03-27T05:30:58.235775+00:00
[2023-03-28T06:15:15.621+0000] {python.py:177} INFO - Done. Returned value was: [Task_start]
[2023-03-28T06:15:16.926+0000] {taskinstance.py:1326} INFO - Marking task as SUCCESS. dag_id=example_task_group_decorator, task_id=task_start, execution_date=20230327T053058, start_date=20230328T061510, end_date=20230328T061516
[2023-03-28T06:15:17.702+0000] {local_task_job.py:212} INFO - Task exited with return code 0
[2023-03-28T06:15:18.206+0000] {taskinstance.py:2585} INFO - 5 downstream tasks scheduled from follow-on schedule check
