[2023-03-28T05:56:49.688+0000] {taskinstance.py:1084} INFO - Dependencies all met for dep_context=non-requeueable deps ti=<TaskInstance: example_xcom.bash_push scheduled__2021-01-01T00:00:00+00:00 [queued]>
[2023-03-28T05:57:01.124+0000] {taskinstance.py:1084} INFO - Dependencies all met for dep_context=requeueable deps ti=<TaskInstance: example_xcom.bash_push scheduled__2021-01-01T00:00:00+00:00 [queued]>
[2023-03-28T05:57:01.125+0000] {taskinstance.py:1282} INFO - 
--------------------------------------------------------------------------------
[2023-03-28T05:57:01.125+0000] {taskinstance.py:1283} INFO - Starting attempt 1 of 1
[2023-03-28T05:57:01.125+0000] {taskinstance.py:1284} INFO - 
--------------------------------------------------------------------------------
[2023-03-28T05:57:08.298+0000] {taskinstance.py:1303} INFO - Executing <Task(BashOperator): bash_push> on 2021-01-01 00:00:00+00:00
[2023-03-28T05:57:10.430+0000] {standard_task_runner.py:55} INFO - Started process 141 to run task
[2023-03-28T05:57:11.402+0000] {standard_task_runner.py:82} INFO - Running: ['airflow', 'tasks', 'run', 'example_xcom', 'bash_push', 'scheduled__2021-01-01T00:00:00+00:00', '--job-id', '51', '--raw', '--subdir', '/home/airflow/.local/lib/python3.7/site-packages/airflow/example_dags/example_xcom.py', '--cfg-path', '/tmp/tmprsbmrz_z']
[2023-03-28T05:57:11.612+0000] {standard_task_runner.py:83} INFO - Job 51: Subtask bash_push
[2023-03-28T05:57:22.122+0000] {task_command.py:388} INFO - Running <TaskInstance: example_xcom.bash_push scheduled__2021-01-01T00:00:00+00:00 [running]> on host 9119afc303d7
[2023-03-28T05:57:24.604+0000] {taskinstance.py:1511} INFO - Exporting the following env vars:
AIRFLOW_CTX_DAG_OWNER=airflow
AIRFLOW_CTX_DAG_ID=example_xcom
AIRFLOW_CTX_TASK_ID=bash_push
AIRFLOW_CTX_EXECUTION_DATE=2021-01-01T00:00:00+00:00
AIRFLOW_CTX_TRY_NUMBER=1
AIRFLOW_CTX_DAG_RUN_ID=scheduled__2021-01-01T00:00:00+00:00
[2023-03-28T05:57:24.730+0000] {subprocess.py:63} INFO - Tmp dir root location: 
 /tmp
[2023-03-28T05:57:24.731+0000] {subprocess.py:75} INFO - Running command: ['/bin/bash', '-c', 'echo "bash_push demo"  && echo "Manually set xcom value None" && echo "value_by_return"']
[2023-03-28T05:57:24.798+0000] {subprocess.py:86} INFO - Output:
[2023-03-28T05:57:25.324+0000] {subprocess.py:93} INFO - bash_push demo
[2023-03-28T05:57:25.325+0000] {subprocess.py:93} INFO - Manually set xcom value None
[2023-03-28T05:57:25.325+0000] {subprocess.py:93} INFO - value_by_return
[2023-03-28T05:57:25.326+0000] {subprocess.py:97} INFO - Command exited with return code 0
[2023-03-28T05:57:26.477+0000] {taskinstance.py:1326} INFO - Marking task as SUCCESS. dag_id=example_xcom, task_id=bash_push, execution_date=20210101T000000, start_date=20230328T055650, end_date=20230328T055726
[2023-03-28T05:57:27.449+0000] {local_task_job.py:212} INFO - Task exited with return code 0
[2023-03-28T05:57:27.696+0000] {taskinstance.py:2585} INFO - 2 downstream tasks scheduled from follow-on schedule check
