[2023-03-26T16:04:05.815+0000] {processor.py:153} INFO - Started process (PID=98) to work on /home/airflow/.local/lib/python3.7/site-packages/airflow/example_dags/example_external_task_marker_dag.py
[2023-03-26T16:04:05.816+0000] {processor.py:743} INFO - Processing file /home/airflow/.local/lib/python3.7/site-packages/airflow/example_dags/example_external_task_marker_dag.py for tasks to queue
[2023-03-26T16:04:05.816+0000] {logging_mixin.py:137} INFO - [2023-03-26T16:04:05.816+0000] {dagbag.py:532} INFO - Filling up the DagBag from /home/airflow/.local/lib/python3.7/site-packages/airflow/example_dags/example_external_task_marker_dag.py
[2023-03-26T16:04:05.826+0000] {processor.py:753} INFO - DAG(s) dict_keys(['example_external_task_marker_parent', 'example_external_task_marker_child']) retrieved from /home/airflow/.local/lib/python3.7/site-packages/airflow/example_dags/example_external_task_marker_dag.py
[2023-03-26T16:04:05.893+0000] {logging_mixin.py:137} INFO - [2023-03-26T16:04:05.893+0000] {manager.py:504} INFO - Created Permission View: can read on DAG:example_external_task_marker_parent
[2023-03-26T16:04:05.901+0000] {logging_mixin.py:137} INFO - [2023-03-26T16:04:05.901+0000] {manager.py:504} INFO - Created Permission View: can edit on DAG:example_external_task_marker_parent
[2023-03-26T16:04:05.908+0000] {logging_mixin.py:137} INFO - [2023-03-26T16:04:05.908+0000] {manager.py:504} INFO - Created Permission View: can delete on DAG:example_external_task_marker_parent
[2023-03-26T16:04:05.925+0000] {logging_mixin.py:137} INFO - [2023-03-26T16:04:05.924+0000] {manager.py:504} INFO - Created Permission View: can read on DAG:example_external_task_marker_child
[2023-03-26T16:04:05.932+0000] {logging_mixin.py:137} INFO - [2023-03-26T16:04:05.932+0000] {manager.py:504} INFO - Created Permission View: can edit on DAG:example_external_task_marker_child
[2023-03-26T16:04:05.942+0000] {logging_mixin.py:137} INFO - [2023-03-26T16:04:05.942+0000] {manager.py:504} INFO - Created Permission View: can delete on DAG:example_external_task_marker_child
[2023-03-26T16:04:05.942+0000] {logging_mixin.py:137} INFO - [2023-03-26T16:04:05.942+0000] {dag.py:2693} INFO - Sync 2 DAGs
[2023-03-26T16:04:05.949+0000] {logging_mixin.py:137} INFO - [2023-03-26T16:04:05.949+0000] {dag.py:2714} INFO - Creating ORM DAG for example_external_task_marker_child
[2023-03-26T16:04:05.950+0000] {logging_mixin.py:137} INFO - [2023-03-26T16:04:05.950+0000] {dag.py:2714} INFO - Creating ORM DAG for example_external_task_marker_parent
[2023-03-26T16:04:05.956+0000] {logging_mixin.py:137} INFO - [2023-03-26T16:04:05.955+0000] {dag.py:3444} INFO - Setting next_dagrun for example_external_task_marker_child to None, run_after=None
[2023-03-26T16:04:05.956+0000] {logging_mixin.py:137} INFO - [2023-03-26T16:04:05.956+0000] {dag.py:3444} INFO - Setting next_dagrun for example_external_task_marker_parent to None, run_after=None
[2023-03-26T16:04:05.971+0000] {processor.py:175} INFO - Processing /home/airflow/.local/lib/python3.7/site-packages/airflow/example_dags/example_external_task_marker_dag.py took 0.157 seconds
[2023-03-26T16:04:36.517+0000] {processor.py:153} INFO - Started process (PID=147) to work on /home/airflow/.local/lib/python3.7/site-packages/airflow/example_dags/example_external_task_marker_dag.py
[2023-03-26T16:04:36.517+0000] {processor.py:743} INFO - Processing file /home/airflow/.local/lib/python3.7/site-packages/airflow/example_dags/example_external_task_marker_dag.py for tasks to queue
[2023-03-26T16:04:36.517+0000] {logging_mixin.py:137} INFO - [2023-03-26T16:04:36.517+0000] {dagbag.py:532} INFO - Filling up the DagBag from /home/airflow/.local/lib/python3.7/site-packages/airflow/example_dags/example_external_task_marker_dag.py
[2023-03-26T16:04:36.524+0000] {processor.py:753} INFO - DAG(s) dict_keys(['example_external_task_marker_parent', 'example_external_task_marker_child']) retrieved from /home/airflow/.local/lib/python3.7/site-packages/airflow/example_dags/example_external_task_marker_dag.py
[2023-03-26T16:04:36.541+0000] {logging_mixin.py:137} INFO - [2023-03-26T16:04:36.541+0000] {dag.py:2693} INFO - Sync 2 DAGs
[2023-03-26T16:04:36.556+0000] {logging_mixin.py:137} INFO - [2023-03-26T16:04:36.556+0000] {dag.py:3444} INFO - Setting next_dagrun for example_external_task_marker_child to None, run_after=None
[2023-03-26T16:04:36.558+0000] {logging_mixin.py:137} INFO - [2023-03-26T16:04:36.558+0000] {dag.py:3444} INFO - Setting next_dagrun for example_external_task_marker_parent to None, run_after=None
[2023-03-26T16:04:36.572+0000] {processor.py:175} INFO - Processing /home/airflow/.local/lib/python3.7/site-packages/airflow/example_dags/example_external_task_marker_dag.py took 0.058 seconds
[2023-03-26T16:05:07.119+0000] {processor.py:153} INFO - Started process (PID=196) to work on /home/airflow/.local/lib/python3.7/site-packages/airflow/example_dags/example_external_task_marker_dag.py
[2023-03-26T16:05:07.120+0000] {processor.py:743} INFO - Processing file /home/airflow/.local/lib/python3.7/site-packages/airflow/example_dags/example_external_task_marker_dag.py for tasks to queue
[2023-03-26T16:05:07.120+0000] {logging_mixin.py:137} INFO - [2023-03-26T16:05:07.120+0000] {dagbag.py:532} INFO - Filling up the DagBag from /home/airflow/.local/lib/python3.7/site-packages/airflow/example_dags/example_external_task_marker_dag.py
[2023-03-26T16:05:07.127+0000] {processor.py:753} INFO - DAG(s) dict_keys(['example_external_task_marker_parent', 'example_external_task_marker_child']) retrieved from /home/airflow/.local/lib/python3.7/site-packages/airflow/example_dags/example_external_task_marker_dag.py
[2023-03-26T16:05:07.144+0000] {logging_mixin.py:137} INFO - [2023-03-26T16:05:07.144+0000] {dag.py:2693} INFO - Sync 2 DAGs
[2023-03-26T16:05:07.158+0000] {logging_mixin.py:137} INFO - [2023-03-26T16:05:07.158+0000] {dag.py:3444} INFO - Setting next_dagrun for example_external_task_marker_child to None, run_after=None
[2023-03-26T16:05:07.160+0000] {logging_mixin.py:137} INFO - [2023-03-26T16:05:07.160+0000] {dag.py:3444} INFO - Setting next_dagrun for example_external_task_marker_parent to None, run_after=None
[2023-03-26T16:05:07.174+0000] {processor.py:175} INFO - Processing /home/airflow/.local/lib/python3.7/site-packages/airflow/example_dags/example_external_task_marker_dag.py took 0.056 seconds
[2023-03-26T16:05:37.716+0000] {processor.py:153} INFO - Started process (PID=244) to work on /home/airflow/.local/lib/python3.7/site-packages/airflow/example_dags/example_external_task_marker_dag.py
[2023-03-26T16:05:37.716+0000] {processor.py:743} INFO - Processing file /home/airflow/.local/lib/python3.7/site-packages/airflow/example_dags/example_external_task_marker_dag.py for tasks to queue
[2023-03-26T16:05:37.716+0000] {logging_mixin.py:137} INFO - [2023-03-26T16:05:37.716+0000] {dagbag.py:532} INFO - Filling up the DagBag from /home/airflow/.local/lib/python3.7/site-packages/airflow/example_dags/example_external_task_marker_dag.py
[2023-03-26T16:05:37.724+0000] {processor.py:753} INFO - DAG(s) dict_keys(['example_external_task_marker_parent', 'example_external_task_marker_child']) retrieved from /home/airflow/.local/lib/python3.7/site-packages/airflow/example_dags/example_external_task_marker_dag.py
[2023-03-26T16:05:37.741+0000] {logging_mixin.py:137} INFO - [2023-03-26T16:05:37.741+0000] {dag.py:2693} INFO - Sync 2 DAGs
[2023-03-26T16:05:37.754+0000] {logging_mixin.py:137} INFO - [2023-03-26T16:05:37.754+0000] {dag.py:3444} INFO - Setting next_dagrun for example_external_task_marker_child to None, run_after=None
[2023-03-26T16:05:37.756+0000] {logging_mixin.py:137} INFO - [2023-03-26T16:05:37.756+0000] {dag.py:3444} INFO - Setting next_dagrun for example_external_task_marker_parent to None, run_after=None
[2023-03-26T16:05:37.769+0000] {processor.py:175} INFO - Processing /home/airflow/.local/lib/python3.7/site-packages/airflow/example_dags/example_external_task_marker_dag.py took 0.055 seconds
[2023-03-26T16:06:08.343+0000] {processor.py:153} INFO - Started process (PID=293) to work on /home/airflow/.local/lib/python3.7/site-packages/airflow/example_dags/example_external_task_marker_dag.py
[2023-03-26T16:06:08.344+0000] {processor.py:743} INFO - Processing file /home/airflow/.local/lib/python3.7/site-packages/airflow/example_dags/example_external_task_marker_dag.py for tasks to queue
[2023-03-26T16:06:08.345+0000] {logging_mixin.py:137} INFO - [2023-03-26T16:06:08.345+0000] {dagbag.py:532} INFO - Filling up the DagBag from /home/airflow/.local/lib/python3.7/site-packages/airflow/example_dags/example_external_task_marker_dag.py
[2023-03-26T16:06:08.352+0000] {processor.py:753} INFO - DAG(s) dict_keys(['example_external_task_marker_child', 'example_external_task_marker_parent']) retrieved from /home/airflow/.local/lib/python3.7/site-packages/airflow/example_dags/example_external_task_marker_dag.py
[2023-03-26T16:06:08.370+0000] {logging_mixin.py:137} INFO - [2023-03-26T16:06:08.370+0000] {dag.py:2693} INFO - Sync 2 DAGs
[2023-03-26T16:06:08.383+0000] {logging_mixin.py:137} INFO - [2023-03-26T16:06:08.383+0000] {dag.py:3444} INFO - Setting next_dagrun for example_external_task_marker_child to None, run_after=None
[2023-03-26T16:06:08.386+0000] {logging_mixin.py:137} INFO - [2023-03-26T16:06:08.386+0000] {dag.py:3444} INFO - Setting next_dagrun for example_external_task_marker_parent to None, run_after=None
[2023-03-26T16:06:08.397+0000] {processor.py:175} INFO - Processing /home/airflow/.local/lib/python3.7/site-packages/airflow/example_dags/example_external_task_marker_dag.py took 0.056 seconds
[2023-03-26T16:06:38.993+0000] {processor.py:153} INFO - Started process (PID=342) to work on /home/airflow/.local/lib/python3.7/site-packages/airflow/example_dags/example_external_task_marker_dag.py
[2023-03-26T16:06:38.993+0000] {processor.py:743} INFO - Processing file /home/airflow/.local/lib/python3.7/site-packages/airflow/example_dags/example_external_task_marker_dag.py for tasks to queue
[2023-03-26T16:06:38.994+0000] {logging_mixin.py:137} INFO - [2023-03-26T16:06:38.994+0000] {dagbag.py:532} INFO - Filling up the DagBag from /home/airflow/.local/lib/python3.7/site-packages/airflow/example_dags/example_external_task_marker_dag.py
[2023-03-26T16:06:39.001+0000] {processor.py:753} INFO - DAG(s) dict_keys(['example_external_task_marker_parent', 'example_external_task_marker_child']) retrieved from /home/airflow/.local/lib/python3.7/site-packages/airflow/example_dags/example_external_task_marker_dag.py
[2023-03-26T16:06:39.018+0000] {logging_mixin.py:137} INFO - [2023-03-26T16:06:39.018+0000] {dag.py:2693} INFO - Sync 2 DAGs
[2023-03-26T16:06:39.032+0000] {logging_mixin.py:137} INFO - [2023-03-26T16:06:39.032+0000] {dag.py:3444} INFO - Setting next_dagrun for example_external_task_marker_child to None, run_after=None
[2023-03-26T16:06:39.034+0000] {logging_mixin.py:137} INFO - [2023-03-26T16:06:39.034+0000] {dag.py:3444} INFO - Setting next_dagrun for example_external_task_marker_parent to None, run_after=None
[2023-03-26T16:06:39.047+0000] {processor.py:175} INFO - Processing /home/airflow/.local/lib/python3.7/site-packages/airflow/example_dags/example_external_task_marker_dag.py took 0.056 seconds
[2023-03-26T16:07:09.612+0000] {processor.py:153} INFO - Started process (PID=391) to work on /home/airflow/.local/lib/python3.7/site-packages/airflow/example_dags/example_external_task_marker_dag.py
[2023-03-26T16:07:09.613+0000] {processor.py:743} INFO - Processing file /home/airflow/.local/lib/python3.7/site-packages/airflow/example_dags/example_external_task_marker_dag.py for tasks to queue
[2023-03-26T16:07:09.613+0000] {logging_mixin.py:137} INFO - [2023-03-26T16:07:09.613+0000] {dagbag.py:532} INFO - Filling up the DagBag from /home/airflow/.local/lib/python3.7/site-packages/airflow/example_dags/example_external_task_marker_dag.py
[2023-03-26T16:07:09.620+0000] {processor.py:753} INFO - DAG(s) dict_keys(['example_external_task_marker_child', 'example_external_task_marker_parent']) retrieved from /home/airflow/.local/lib/python3.7/site-packages/airflow/example_dags/example_external_task_marker_dag.py
[2023-03-26T16:07:09.639+0000] {logging_mixin.py:137} INFO - [2023-03-26T16:07:09.638+0000] {dag.py:2693} INFO - Sync 2 DAGs
[2023-03-26T16:07:09.654+0000] {logging_mixin.py:137} INFO - [2023-03-26T16:07:09.653+0000] {dag.py:3444} INFO - Setting next_dagrun for example_external_task_marker_child to None, run_after=None
[2023-03-26T16:07:09.656+0000] {logging_mixin.py:137} INFO - [2023-03-26T16:07:09.655+0000] {dag.py:3444} INFO - Setting next_dagrun for example_external_task_marker_parent to None, run_after=None
[2023-03-26T16:07:09.669+0000] {processor.py:175} INFO - Processing /home/airflow/.local/lib/python3.7/site-packages/airflow/example_dags/example_external_task_marker_dag.py took 0.058 seconds
[2023-03-26T16:07:40.256+0000] {processor.py:153} INFO - Started process (PID=440) to work on /home/airflow/.local/lib/python3.7/site-packages/airflow/example_dags/example_external_task_marker_dag.py
[2023-03-26T16:07:40.256+0000] {processor.py:743} INFO - Processing file /home/airflow/.local/lib/python3.7/site-packages/airflow/example_dags/example_external_task_marker_dag.py for tasks to queue
[2023-03-26T16:07:40.257+0000] {logging_mixin.py:137} INFO - [2023-03-26T16:07:40.257+0000] {dagbag.py:532} INFO - Filling up the DagBag from /home/airflow/.local/lib/python3.7/site-packages/airflow/example_dags/example_external_task_marker_dag.py
[2023-03-26T16:07:40.264+0000] {processor.py:753} INFO - DAG(s) dict_keys(['example_external_task_marker_parent', 'example_external_task_marker_child']) retrieved from /home/airflow/.local/lib/python3.7/site-packages/airflow/example_dags/example_external_task_marker_dag.py
[2023-03-26T16:07:40.282+0000] {logging_mixin.py:137} INFO - [2023-03-26T16:07:40.281+0000] {dag.py:2693} INFO - Sync 2 DAGs
[2023-03-26T16:07:40.296+0000] {logging_mixin.py:137} INFO - [2023-03-26T16:07:40.295+0000] {dag.py:3444} INFO - Setting next_dagrun for example_external_task_marker_child to None, run_after=None
[2023-03-26T16:07:40.297+0000] {logging_mixin.py:137} INFO - [2023-03-26T16:07:40.297+0000] {dag.py:3444} INFO - Setting next_dagrun for example_external_task_marker_parent to None, run_after=None
[2023-03-26T16:07:40.309+0000] {processor.py:175} INFO - Processing /home/airflow/.local/lib/python3.7/site-packages/airflow/example_dags/example_external_task_marker_dag.py took 0.054 seconds
[2023-03-26T16:08:10.854+0000] {processor.py:153} INFO - Started process (PID=489) to work on /home/airflow/.local/lib/python3.7/site-packages/airflow/example_dags/example_external_task_marker_dag.py
[2023-03-26T16:08:10.854+0000] {processor.py:743} INFO - Processing file /home/airflow/.local/lib/python3.7/site-packages/airflow/example_dags/example_external_task_marker_dag.py for tasks to queue
[2023-03-26T16:08:10.855+0000] {logging_mixin.py:137} INFO - [2023-03-26T16:08:10.855+0000] {dagbag.py:532} INFO - Filling up the DagBag from /home/airflow/.local/lib/python3.7/site-packages/airflow/example_dags/example_external_task_marker_dag.py
[2023-03-26T16:08:10.861+0000] {processor.py:753} INFO - DAG(s) dict_keys(['example_external_task_marker_child', 'example_external_task_marker_parent']) retrieved from /home/airflow/.local/lib/python3.7/site-packages/airflow/example_dags/example_external_task_marker_dag.py
[2023-03-26T16:08:10.877+0000] {logging_mixin.py:137} INFO - [2023-03-26T16:08:10.877+0000] {dag.py:2693} INFO - Sync 2 DAGs
[2023-03-26T16:08:10.892+0000] {logging_mixin.py:137} INFO - [2023-03-26T16:08:10.892+0000] {dag.py:3444} INFO - Setting next_dagrun for example_external_task_marker_child to None, run_after=None
[2023-03-26T16:08:10.894+0000] {logging_mixin.py:137} INFO - [2023-03-26T16:08:10.893+0000] {dag.py:3444} INFO - Setting next_dagrun for example_external_task_marker_parent to None, run_after=None
[2023-03-26T16:08:10.906+0000] {processor.py:175} INFO - Processing /home/airflow/.local/lib/python3.7/site-packages/airflow/example_dags/example_external_task_marker_dag.py took 0.054 seconds
[2023-03-26T16:13:01.184+0000] {processor.py:153} INFO - Started process (PID=98) to work on /home/airflow/.local/lib/python3.7/site-packages/airflow/example_dags/example_external_task_marker_dag.py
[2023-03-26T16:13:01.184+0000] {processor.py:743} INFO - Processing file /home/airflow/.local/lib/python3.7/site-packages/airflow/example_dags/example_external_task_marker_dag.py for tasks to queue
[2023-03-26T16:13:01.185+0000] {logging_mixin.py:137} INFO - [2023-03-26T16:13:01.185+0000] {dagbag.py:532} INFO - Filling up the DagBag from /home/airflow/.local/lib/python3.7/site-packages/airflow/example_dags/example_external_task_marker_dag.py
[2023-03-26T16:13:01.194+0000] {processor.py:753} INFO - DAG(s) dict_keys(['example_external_task_marker_child', 'example_external_task_marker_parent']) retrieved from /home/airflow/.local/lib/python3.7/site-packages/airflow/example_dags/example_external_task_marker_dag.py
[2023-03-26T16:13:01.204+0000] {logging_mixin.py:137} INFO - [2023-03-26T16:13:01.204+0000] {dag.py:2693} INFO - Sync 2 DAGs
[2023-03-26T16:13:01.224+0000] {logging_mixin.py:137} INFO - [2023-03-26T16:13:01.224+0000] {dag.py:3444} INFO - Setting next_dagrun for example_external_task_marker_child to None, run_after=None
[2023-03-26T16:13:01.226+0000] {logging_mixin.py:137} INFO - [2023-03-26T16:13:01.226+0000] {dag.py:3444} INFO - Setting next_dagrun for example_external_task_marker_parent to None, run_after=None
[2023-03-26T16:13:01.240+0000] {processor.py:175} INFO - Processing /home/airflow/.local/lib/python3.7/site-packages/airflow/example_dags/example_external_task_marker_dag.py took 0.058 seconds
[2023-03-26T16:13:31.751+0000] {processor.py:153} INFO - Started process (PID=147) to work on /home/airflow/.local/lib/python3.7/site-packages/airflow/example_dags/example_external_task_marker_dag.py
[2023-03-26T16:13:31.751+0000] {processor.py:743} INFO - Processing file /home/airflow/.local/lib/python3.7/site-packages/airflow/example_dags/example_external_task_marker_dag.py for tasks to queue
[2023-03-26T16:13:31.751+0000] {logging_mixin.py:137} INFO - [2023-03-26T16:13:31.751+0000] {dagbag.py:532} INFO - Filling up the DagBag from /home/airflow/.local/lib/python3.7/site-packages/airflow/example_dags/example_external_task_marker_dag.py
[2023-03-26T16:13:31.759+0000] {processor.py:753} INFO - DAG(s) dict_keys(['example_external_task_marker_parent', 'example_external_task_marker_child']) retrieved from /home/airflow/.local/lib/python3.7/site-packages/airflow/example_dags/example_external_task_marker_dag.py
[2023-03-26T16:13:31.800+0000] {logging_mixin.py:137} INFO - [2023-03-26T16:13:31.799+0000] {dag.py:2693} INFO - Sync 2 DAGs
[2023-03-26T16:13:31.812+0000] {logging_mixin.py:137} INFO - [2023-03-26T16:13:31.812+0000] {dag.py:3444} INFO - Setting next_dagrun for example_external_task_marker_child to None, run_after=None
[2023-03-26T16:13:31.814+0000] {logging_mixin.py:137} INFO - [2023-03-26T16:13:31.814+0000] {dag.py:3444} INFO - Setting next_dagrun for example_external_task_marker_parent to None, run_after=None
[2023-03-26T16:13:31.828+0000] {processor.py:175} INFO - Processing /home/airflow/.local/lib/python3.7/site-packages/airflow/example_dags/example_external_task_marker_dag.py took 0.079 seconds
[2023-03-26T16:17:30.081+0000] {processor.py:153} INFO - Started process (PID=98) to work on /home/airflow/.local/lib/python3.7/site-packages/airflow/example_dags/example_external_task_marker_dag.py
[2023-03-26T16:17:30.081+0000] {processor.py:743} INFO - Processing file /home/airflow/.local/lib/python3.7/site-packages/airflow/example_dags/example_external_task_marker_dag.py for tasks to queue
[2023-03-26T16:17:30.082+0000] {logging_mixin.py:137} INFO - [2023-03-26T16:17:30.082+0000] {dagbag.py:532} INFO - Filling up the DagBag from /home/airflow/.local/lib/python3.7/site-packages/airflow/example_dags/example_external_task_marker_dag.py
[2023-03-26T16:17:30.091+0000] {processor.py:753} INFO - DAG(s) dict_keys(['example_external_task_marker_parent', 'example_external_task_marker_child']) retrieved from /home/airflow/.local/lib/python3.7/site-packages/airflow/example_dags/example_external_task_marker_dag.py
[2023-03-26T16:17:30.101+0000] {logging_mixin.py:137} INFO - [2023-03-26T16:17:30.100+0000] {dag.py:2693} INFO - Sync 2 DAGs
[2023-03-26T16:17:30.116+0000] {logging_mixin.py:137} INFO - [2023-03-26T16:17:30.116+0000] {dag.py:3444} INFO - Setting next_dagrun for example_external_task_marker_child to None, run_after=None
[2023-03-26T16:17:30.119+0000] {logging_mixin.py:137} INFO - [2023-03-26T16:17:30.118+0000] {dag.py:3444} INFO - Setting next_dagrun for example_external_task_marker_parent to None, run_after=None
[2023-03-26T16:17:30.132+0000] {processor.py:175} INFO - Processing /home/airflow/.local/lib/python3.7/site-packages/airflow/example_dags/example_external_task_marker_dag.py took 0.055 seconds
[2023-03-26T16:18:00.992+0000] {processor.py:153} INFO - Started process (PID=147) to work on /home/airflow/.local/lib/python3.7/site-packages/airflow/example_dags/example_external_task_marker_dag.py
[2023-03-26T16:18:00.992+0000] {processor.py:743} INFO - Processing file /home/airflow/.local/lib/python3.7/site-packages/airflow/example_dags/example_external_task_marker_dag.py for tasks to queue
[2023-03-26T16:18:00.993+0000] {logging_mixin.py:137} INFO - [2023-03-26T16:18:00.993+0000] {dagbag.py:532} INFO - Filling up the DagBag from /home/airflow/.local/lib/python3.7/site-packages/airflow/example_dags/example_external_task_marker_dag.py
[2023-03-26T16:18:01.000+0000] {processor.py:753} INFO - DAG(s) dict_keys(['example_external_task_marker_child', 'example_external_task_marker_parent']) retrieved from /home/airflow/.local/lib/python3.7/site-packages/airflow/example_dags/example_external_task_marker_dag.py
[2023-03-26T16:18:01.041+0000] {logging_mixin.py:137} INFO - [2023-03-26T16:18:01.041+0000] {dag.py:2693} INFO - Sync 2 DAGs
[2023-03-26T16:18:01.054+0000] {logging_mixin.py:137} INFO - [2023-03-26T16:18:01.054+0000] {dag.py:3444} INFO - Setting next_dagrun for example_external_task_marker_child to None, run_after=None
[2023-03-26T16:18:01.056+0000] {logging_mixin.py:137} INFO - [2023-03-26T16:18:01.055+0000] {dag.py:3444} INFO - Setting next_dagrun for example_external_task_marker_parent to None, run_after=None
[2023-03-26T16:18:01.069+0000] {processor.py:175} INFO - Processing /home/airflow/.local/lib/python3.7/site-packages/airflow/example_dags/example_external_task_marker_dag.py took 0.080 seconds
[2023-03-26T16:18:31.580+0000] {processor.py:153} INFO - Started process (PID=196) to work on /home/airflow/.local/lib/python3.7/site-packages/airflow/example_dags/example_external_task_marker_dag.py
[2023-03-26T16:18:31.580+0000] {processor.py:743} INFO - Processing file /home/airflow/.local/lib/python3.7/site-packages/airflow/example_dags/example_external_task_marker_dag.py for tasks to queue
[2023-03-26T16:18:31.581+0000] {logging_mixin.py:137} INFO - [2023-03-26T16:18:31.581+0000] {dagbag.py:532} INFO - Filling up the DagBag from /home/airflow/.local/lib/python3.7/site-packages/airflow/example_dags/example_external_task_marker_dag.py
[2023-03-26T16:18:31.588+0000] {processor.py:753} INFO - DAG(s) dict_keys(['example_external_task_marker_parent', 'example_external_task_marker_child']) retrieved from /home/airflow/.local/lib/python3.7/site-packages/airflow/example_dags/example_external_task_marker_dag.py
[2023-03-26T16:18:31.606+0000] {logging_mixin.py:137} INFO - [2023-03-26T16:18:31.606+0000] {dag.py:2693} INFO - Sync 2 DAGs
[2023-03-26T16:18:31.620+0000] {logging_mixin.py:137} INFO - [2023-03-26T16:18:31.620+0000] {dag.py:3444} INFO - Setting next_dagrun for example_external_task_marker_child to None, run_after=None
[2023-03-26T16:18:31.622+0000] {logging_mixin.py:137} INFO - [2023-03-26T16:18:31.622+0000] {dag.py:3444} INFO - Setting next_dagrun for example_external_task_marker_parent to None, run_after=None
[2023-03-26T16:18:31.635+0000] {processor.py:175} INFO - Processing /home/airflow/.local/lib/python3.7/site-packages/airflow/example_dags/example_external_task_marker_dag.py took 0.057 seconds
[2023-03-26T16:19:02.398+0000] {processor.py:153} INFO - Started process (PID=245) to work on /home/airflow/.local/lib/python3.7/site-packages/airflow/example_dags/example_external_task_marker_dag.py
[2023-03-26T16:19:02.399+0000] {processor.py:743} INFO - Processing file /home/airflow/.local/lib/python3.7/site-packages/airflow/example_dags/example_external_task_marker_dag.py for tasks to queue
[2023-03-26T16:19:02.399+0000] {logging_mixin.py:137} INFO - [2023-03-26T16:19:02.399+0000] {dagbag.py:532} INFO - Filling up the DagBag from /home/airflow/.local/lib/python3.7/site-packages/airflow/example_dags/example_external_task_marker_dag.py
[2023-03-26T16:19:02.407+0000] {processor.py:753} INFO - DAG(s) dict_keys(['example_external_task_marker_parent', 'example_external_task_marker_child']) retrieved from /home/airflow/.local/lib/python3.7/site-packages/airflow/example_dags/example_external_task_marker_dag.py
[2023-03-26T16:19:02.424+0000] {logging_mixin.py:137} INFO - [2023-03-26T16:19:02.423+0000] {dag.py:2693} INFO - Sync 2 DAGs
[2023-03-26T16:19:02.438+0000] {logging_mixin.py:137} INFO - [2023-03-26T16:19:02.438+0000] {dag.py:3444} INFO - Setting next_dagrun for example_external_task_marker_child to None, run_after=None
[2023-03-26T16:19:02.440+0000] {logging_mixin.py:137} INFO - [2023-03-26T16:19:02.440+0000] {dag.py:3444} INFO - Setting next_dagrun for example_external_task_marker_parent to None, run_after=None
[2023-03-26T16:19:02.454+0000] {processor.py:175} INFO - Processing /home/airflow/.local/lib/python3.7/site-packages/airflow/example_dags/example_external_task_marker_dag.py took 0.058 seconds
[2023-03-26T16:19:33.039+0000] {processor.py:153} INFO - Started process (PID=294) to work on /home/airflow/.local/lib/python3.7/site-packages/airflow/example_dags/example_external_task_marker_dag.py
[2023-03-26T16:19:33.040+0000] {processor.py:743} INFO - Processing file /home/airflow/.local/lib/python3.7/site-packages/airflow/example_dags/example_external_task_marker_dag.py for tasks to queue
[2023-03-26T16:19:33.040+0000] {logging_mixin.py:137} INFO - [2023-03-26T16:19:33.040+0000] {dagbag.py:532} INFO - Filling up the DagBag from /home/airflow/.local/lib/python3.7/site-packages/airflow/example_dags/example_external_task_marker_dag.py
[2023-03-26T16:19:33.047+0000] {processor.py:753} INFO - DAG(s) dict_keys(['example_external_task_marker_parent', 'example_external_task_marker_child']) retrieved from /home/airflow/.local/lib/python3.7/site-packages/airflow/example_dags/example_external_task_marker_dag.py
[2023-03-26T16:19:33.063+0000] {logging_mixin.py:137} INFO - [2023-03-26T16:19:33.063+0000] {dag.py:2693} INFO - Sync 2 DAGs
[2023-03-26T16:19:33.077+0000] {logging_mixin.py:137} INFO - [2023-03-26T16:19:33.077+0000] {dag.py:3444} INFO - Setting next_dagrun for example_external_task_marker_child to None, run_after=None
[2023-03-26T16:19:33.079+0000] {logging_mixin.py:137} INFO - [2023-03-26T16:19:33.079+0000] {dag.py:3444} INFO - Setting next_dagrun for example_external_task_marker_parent to None, run_after=None
[2023-03-26T16:19:33.091+0000] {processor.py:175} INFO - Processing /home/airflow/.local/lib/python3.7/site-packages/airflow/example_dags/example_external_task_marker_dag.py took 0.054 seconds
[2023-03-26T16:20:03.642+0000] {processor.py:153} INFO - Started process (PID=343) to work on /home/airflow/.local/lib/python3.7/site-packages/airflow/example_dags/example_external_task_marker_dag.py
[2023-03-26T16:20:03.643+0000] {processor.py:743} INFO - Processing file /home/airflow/.local/lib/python3.7/site-packages/airflow/example_dags/example_external_task_marker_dag.py for tasks to queue
[2023-03-26T16:20:03.643+0000] {logging_mixin.py:137} INFO - [2023-03-26T16:20:03.643+0000] {dagbag.py:532} INFO - Filling up the DagBag from /home/airflow/.local/lib/python3.7/site-packages/airflow/example_dags/example_external_task_marker_dag.py
[2023-03-26T16:20:03.651+0000] {processor.py:753} INFO - DAG(s) dict_keys(['example_external_task_marker_parent', 'example_external_task_marker_child']) retrieved from /home/airflow/.local/lib/python3.7/site-packages/airflow/example_dags/example_external_task_marker_dag.py
[2023-03-26T16:20:03.667+0000] {logging_mixin.py:137} INFO - [2023-03-26T16:20:03.667+0000] {dag.py:2693} INFO - Sync 2 DAGs
[2023-03-26T16:20:03.681+0000] {logging_mixin.py:137} INFO - [2023-03-26T16:20:03.680+0000] {dag.py:3444} INFO - Setting next_dagrun for example_external_task_marker_child to None, run_after=None
[2023-03-26T16:20:03.682+0000] {logging_mixin.py:137} INFO - [2023-03-26T16:20:03.682+0000] {dag.py:3444} INFO - Setting next_dagrun for example_external_task_marker_parent to None, run_after=None
[2023-03-26T16:20:03.694+0000] {processor.py:175} INFO - Processing /home/airflow/.local/lib/python3.7/site-packages/airflow/example_dags/example_external_task_marker_dag.py took 0.054 seconds
[2023-03-26T16:20:34.248+0000] {processor.py:153} INFO - Started process (PID=392) to work on /home/airflow/.local/lib/python3.7/site-packages/airflow/example_dags/example_external_task_marker_dag.py
[2023-03-26T16:20:34.248+0000] {processor.py:743} INFO - Processing file /home/airflow/.local/lib/python3.7/site-packages/airflow/example_dags/example_external_task_marker_dag.py for tasks to queue
[2023-03-26T16:20:34.249+0000] {logging_mixin.py:137} INFO - [2023-03-26T16:20:34.249+0000] {dagbag.py:532} INFO - Filling up the DagBag from /home/airflow/.local/lib/python3.7/site-packages/airflow/example_dags/example_external_task_marker_dag.py
[2023-03-26T16:20:34.256+0000] {processor.py:753} INFO - DAG(s) dict_keys(['example_external_task_marker_child', 'example_external_task_marker_parent']) retrieved from /home/airflow/.local/lib/python3.7/site-packages/airflow/example_dags/example_external_task_marker_dag.py
[2023-03-26T16:20:34.274+0000] {logging_mixin.py:137} INFO - [2023-03-26T16:20:34.274+0000] {dag.py:2693} INFO - Sync 2 DAGs
[2023-03-26T16:20:34.288+0000] {logging_mixin.py:137} INFO - [2023-03-26T16:20:34.288+0000] {dag.py:3444} INFO - Setting next_dagrun for example_external_task_marker_child to None, run_after=None
[2023-03-26T16:20:34.290+0000] {logging_mixin.py:137} INFO - [2023-03-26T16:20:34.290+0000] {dag.py:3444} INFO - Setting next_dagrun for example_external_task_marker_parent to None, run_after=None
[2023-03-26T16:20:34.302+0000] {processor.py:175} INFO - Processing /home/airflow/.local/lib/python3.7/site-packages/airflow/example_dags/example_external_task_marker_dag.py took 0.056 seconds
[2023-03-26T16:21:04.926+0000] {processor.py:153} INFO - Started process (PID=442) to work on /home/airflow/.local/lib/python3.7/site-packages/airflow/example_dags/example_external_task_marker_dag.py
[2023-03-26T16:21:04.927+0000] {processor.py:743} INFO - Processing file /home/airflow/.local/lib/python3.7/site-packages/airflow/example_dags/example_external_task_marker_dag.py for tasks to queue
[2023-03-26T16:21:04.927+0000] {logging_mixin.py:137} INFO - [2023-03-26T16:21:04.927+0000] {dagbag.py:532} INFO - Filling up the DagBag from /home/airflow/.local/lib/python3.7/site-packages/airflow/example_dags/example_external_task_marker_dag.py
[2023-03-26T16:21:04.934+0000] {processor.py:753} INFO - DAG(s) dict_keys(['example_external_task_marker_parent', 'example_external_task_marker_child']) retrieved from /home/airflow/.local/lib/python3.7/site-packages/airflow/example_dags/example_external_task_marker_dag.py
[2023-03-26T16:21:04.952+0000] {logging_mixin.py:137} INFO - [2023-03-26T16:21:04.952+0000] {dag.py:2693} INFO - Sync 2 DAGs
[2023-03-26T16:21:04.966+0000] {logging_mixin.py:137} INFO - [2023-03-26T16:21:04.966+0000] {dag.py:3444} INFO - Setting next_dagrun for example_external_task_marker_child to None, run_after=None
[2023-03-26T16:21:04.968+0000] {logging_mixin.py:137} INFO - [2023-03-26T16:21:04.968+0000] {dag.py:3444} INFO - Setting next_dagrun for example_external_task_marker_parent to None, run_after=None
[2023-03-26T16:21:04.980+0000] {processor.py:175} INFO - Processing /home/airflow/.local/lib/python3.7/site-packages/airflow/example_dags/example_external_task_marker_dag.py took 0.056 seconds
[2023-03-26T16:21:35.522+0000] {processor.py:153} INFO - Started process (PID=491) to work on /home/airflow/.local/lib/python3.7/site-packages/airflow/example_dags/example_external_task_marker_dag.py
[2023-03-26T16:21:35.523+0000] {processor.py:743} INFO - Processing file /home/airflow/.local/lib/python3.7/site-packages/airflow/example_dags/example_external_task_marker_dag.py for tasks to queue
[2023-03-26T16:21:35.523+0000] {logging_mixin.py:137} INFO - [2023-03-26T16:21:35.523+0000] {dagbag.py:532} INFO - Filling up the DagBag from /home/airflow/.local/lib/python3.7/site-packages/airflow/example_dags/example_external_task_marker_dag.py
[2023-03-26T16:21:35.531+0000] {processor.py:753} INFO - DAG(s) dict_keys(['example_external_task_marker_parent', 'example_external_task_marker_child']) retrieved from /home/airflow/.local/lib/python3.7/site-packages/airflow/example_dags/example_external_task_marker_dag.py
[2023-03-26T16:21:35.548+0000] {logging_mixin.py:137} INFO - [2023-03-26T16:21:35.548+0000] {dag.py:2693} INFO - Sync 2 DAGs
[2023-03-26T16:21:35.561+0000] {logging_mixin.py:137} INFO - [2023-03-26T16:21:35.561+0000] {dag.py:3444} INFO - Setting next_dagrun for example_external_task_marker_child to None, run_after=None
[2023-03-26T16:21:35.563+0000] {logging_mixin.py:137} INFO - [2023-03-26T16:21:35.563+0000] {dag.py:3444} INFO - Setting next_dagrun for example_external_task_marker_parent to None, run_after=None
[2023-03-26T16:21:35.575+0000] {processor.py:175} INFO - Processing /home/airflow/.local/lib/python3.7/site-packages/airflow/example_dags/example_external_task_marker_dag.py took 0.054 seconds
[2023-03-26T16:22:06.534+0000] {processor.py:153} INFO - Started process (PID=540) to work on /home/airflow/.local/lib/python3.7/site-packages/airflow/example_dags/example_external_task_marker_dag.py
[2023-03-26T16:22:06.534+0000] {processor.py:743} INFO - Processing file /home/airflow/.local/lib/python3.7/site-packages/airflow/example_dags/example_external_task_marker_dag.py for tasks to queue
[2023-03-26T16:22:06.534+0000] {logging_mixin.py:137} INFO - [2023-03-26T16:22:06.534+0000] {dagbag.py:532} INFO - Filling up the DagBag from /home/airflow/.local/lib/python3.7/site-packages/airflow/example_dags/example_external_task_marker_dag.py
[2023-03-26T16:22:06.542+0000] {processor.py:753} INFO - DAG(s) dict_keys(['example_external_task_marker_child', 'example_external_task_marker_parent']) retrieved from /home/airflow/.local/lib/python3.7/site-packages/airflow/example_dags/example_external_task_marker_dag.py
[2023-03-26T16:22:06.559+0000] {logging_mixin.py:137} INFO - [2023-03-26T16:22:06.558+0000] {dag.py:2693} INFO - Sync 2 DAGs
[2023-03-26T16:22:06.572+0000] {logging_mixin.py:137} INFO - [2023-03-26T16:22:06.572+0000] {dag.py:3444} INFO - Setting next_dagrun for example_external_task_marker_child to None, run_after=None
[2023-03-26T16:22:06.574+0000] {logging_mixin.py:137} INFO - [2023-03-26T16:22:06.574+0000] {dag.py:3444} INFO - Setting next_dagrun for example_external_task_marker_parent to None, run_after=None
[2023-03-26T16:22:06.587+0000] {processor.py:175} INFO - Processing /home/airflow/.local/lib/python3.7/site-packages/airflow/example_dags/example_external_task_marker_dag.py took 0.055 seconds
[2023-03-26T16:22:37.446+0000] {processor.py:153} INFO - Started process (PID=589) to work on /home/airflow/.local/lib/python3.7/site-packages/airflow/example_dags/example_external_task_marker_dag.py
[2023-03-26T16:22:37.446+0000] {processor.py:743} INFO - Processing file /home/airflow/.local/lib/python3.7/site-packages/airflow/example_dags/example_external_task_marker_dag.py for tasks to queue
[2023-03-26T16:22:37.447+0000] {logging_mixin.py:137} INFO - [2023-03-26T16:22:37.447+0000] {dagbag.py:532} INFO - Filling up the DagBag from /home/airflow/.local/lib/python3.7/site-packages/airflow/example_dags/example_external_task_marker_dag.py
[2023-03-26T16:22:37.454+0000] {processor.py:753} INFO - DAG(s) dict_keys(['example_external_task_marker_child', 'example_external_task_marker_parent']) retrieved from /home/airflow/.local/lib/python3.7/site-packages/airflow/example_dags/example_external_task_marker_dag.py
[2023-03-26T16:22:37.473+0000] {logging_mixin.py:137} INFO - [2023-03-26T16:22:37.473+0000] {dag.py:2693} INFO - Sync 2 DAGs
[2023-03-26T16:22:37.488+0000] {logging_mixin.py:137} INFO - [2023-03-26T16:22:37.488+0000] {dag.py:3444} INFO - Setting next_dagrun for example_external_task_marker_child to None, run_after=None
[2023-03-26T16:22:37.490+0000] {logging_mixin.py:137} INFO - [2023-03-26T16:22:37.490+0000] {dag.py:3444} INFO - Setting next_dagrun for example_external_task_marker_parent to None, run_after=None
[2023-03-26T16:22:37.503+0000] {processor.py:175} INFO - Processing /home/airflow/.local/lib/python3.7/site-packages/airflow/example_dags/example_external_task_marker_dag.py took 0.059 seconds
[2023-03-26T16:23:08.282+0000] {processor.py:153} INFO - Started process (PID=638) to work on /home/airflow/.local/lib/python3.7/site-packages/airflow/example_dags/example_external_task_marker_dag.py
[2023-03-26T16:23:08.283+0000] {processor.py:743} INFO - Processing file /home/airflow/.local/lib/python3.7/site-packages/airflow/example_dags/example_external_task_marker_dag.py for tasks to queue
[2023-03-26T16:23:08.283+0000] {logging_mixin.py:137} INFO - [2023-03-26T16:23:08.283+0000] {dagbag.py:532} INFO - Filling up the DagBag from /home/airflow/.local/lib/python3.7/site-packages/airflow/example_dags/example_external_task_marker_dag.py
[2023-03-26T16:23:08.291+0000] {processor.py:753} INFO - DAG(s) dict_keys(['example_external_task_marker_child', 'example_external_task_marker_parent']) retrieved from /home/airflow/.local/lib/python3.7/site-packages/airflow/example_dags/example_external_task_marker_dag.py
[2023-03-26T16:23:08.308+0000] {logging_mixin.py:137} INFO - [2023-03-26T16:23:08.308+0000] {dag.py:2693} INFO - Sync 2 DAGs
[2023-03-26T16:23:08.323+0000] {logging_mixin.py:137} INFO - [2023-03-26T16:23:08.323+0000] {dag.py:3444} INFO - Setting next_dagrun for example_external_task_marker_child to None, run_after=None
[2023-03-26T16:23:08.325+0000] {logging_mixin.py:137} INFO - [2023-03-26T16:23:08.325+0000] {dag.py:3444} INFO - Setting next_dagrun for example_external_task_marker_parent to None, run_after=None
[2023-03-26T16:23:08.339+0000] {processor.py:175} INFO - Processing /home/airflow/.local/lib/python3.7/site-packages/airflow/example_dags/example_external_task_marker_dag.py took 0.058 seconds
[2023-03-26T16:23:38.959+0000] {processor.py:153} INFO - Started process (PID=687) to work on /home/airflow/.local/lib/python3.7/site-packages/airflow/example_dags/example_external_task_marker_dag.py
[2023-03-26T16:23:38.960+0000] {processor.py:743} INFO - Processing file /home/airflow/.local/lib/python3.7/site-packages/airflow/example_dags/example_external_task_marker_dag.py for tasks to queue
[2023-03-26T16:23:38.961+0000] {logging_mixin.py:137} INFO - [2023-03-26T16:23:38.961+0000] {dagbag.py:532} INFO - Filling up the DagBag from /home/airflow/.local/lib/python3.7/site-packages/airflow/example_dags/example_external_task_marker_dag.py
[2023-03-26T16:23:38.972+0000] {processor.py:753} INFO - DAG(s) dict_keys(['example_external_task_marker_child', 'example_external_task_marker_parent']) retrieved from /home/airflow/.local/lib/python3.7/site-packages/airflow/example_dags/example_external_task_marker_dag.py
[2023-03-26T16:23:38.992+0000] {logging_mixin.py:137} INFO - [2023-03-26T16:23:38.992+0000] {dag.py:2693} INFO - Sync 2 DAGs
[2023-03-26T16:23:39.007+0000] {logging_mixin.py:137} INFO - [2023-03-26T16:23:39.007+0000] {dag.py:3444} INFO - Setting next_dagrun for example_external_task_marker_child to None, run_after=None
[2023-03-26T16:23:39.010+0000] {logging_mixin.py:137} INFO - [2023-03-26T16:23:39.010+0000] {dag.py:3444} INFO - Setting next_dagrun for example_external_task_marker_parent to None, run_after=None
[2023-03-26T16:23:39.024+0000] {processor.py:175} INFO - Processing /home/airflow/.local/lib/python3.7/site-packages/airflow/example_dags/example_external_task_marker_dag.py took 0.067 seconds
[2023-03-26T16:24:09.820+0000] {processor.py:153} INFO - Started process (PID=736) to work on /home/airflow/.local/lib/python3.7/site-packages/airflow/example_dags/example_external_task_marker_dag.py
[2023-03-26T16:24:09.821+0000] {processor.py:743} INFO - Processing file /home/airflow/.local/lib/python3.7/site-packages/airflow/example_dags/example_external_task_marker_dag.py for tasks to queue
[2023-03-26T16:24:09.821+0000] {logging_mixin.py:137} INFO - [2023-03-26T16:24:09.821+0000] {dagbag.py:532} INFO - Filling up the DagBag from /home/airflow/.local/lib/python3.7/site-packages/airflow/example_dags/example_external_task_marker_dag.py
[2023-03-26T16:24:09.835+0000] {processor.py:753} INFO - DAG(s) dict_keys(['example_external_task_marker_child', 'example_external_task_marker_parent']) retrieved from /home/airflow/.local/lib/python3.7/site-packages/airflow/example_dags/example_external_task_marker_dag.py
[2023-03-26T16:24:09.867+0000] {logging_mixin.py:137} INFO - [2023-03-26T16:24:09.867+0000] {dag.py:2693} INFO - Sync 2 DAGs
[2023-03-26T16:24:09.898+0000] {logging_mixin.py:137} INFO - [2023-03-26T16:24:09.898+0000] {dag.py:3444} INFO - Setting next_dagrun for example_external_task_marker_child to None, run_after=None
[2023-03-26T16:24:09.901+0000] {logging_mixin.py:137} INFO - [2023-03-26T16:24:09.901+0000] {dag.py:3444} INFO - Setting next_dagrun for example_external_task_marker_parent to None, run_after=None
[2023-03-26T16:24:09.925+0000] {processor.py:175} INFO - Processing /home/airflow/.local/lib/python3.7/site-packages/airflow/example_dags/example_external_task_marker_dag.py took 0.109 seconds
[2023-03-26T16:24:40.461+0000] {processor.py:153} INFO - Started process (PID=785) to work on /home/airflow/.local/lib/python3.7/site-packages/airflow/example_dags/example_external_task_marker_dag.py
[2023-03-26T16:24:40.461+0000] {processor.py:743} INFO - Processing file /home/airflow/.local/lib/python3.7/site-packages/airflow/example_dags/example_external_task_marker_dag.py for tasks to queue
[2023-03-26T16:24:40.462+0000] {logging_mixin.py:137} INFO - [2023-03-26T16:24:40.461+0000] {dagbag.py:532} INFO - Filling up the DagBag from /home/airflow/.local/lib/python3.7/site-packages/airflow/example_dags/example_external_task_marker_dag.py
[2023-03-26T16:24:40.469+0000] {processor.py:753} INFO - DAG(s) dict_keys(['example_external_task_marker_child', 'example_external_task_marker_parent']) retrieved from /home/airflow/.local/lib/python3.7/site-packages/airflow/example_dags/example_external_task_marker_dag.py
[2023-03-26T16:24:40.485+0000] {logging_mixin.py:137} INFO - [2023-03-26T16:24:40.485+0000] {dag.py:2693} INFO - Sync 2 DAGs
[2023-03-26T16:24:40.498+0000] {logging_mixin.py:137} INFO - [2023-03-26T16:24:40.498+0000] {dag.py:3444} INFO - Setting next_dagrun for example_external_task_marker_child to None, run_after=None
[2023-03-26T16:24:40.500+0000] {logging_mixin.py:137} INFO - [2023-03-26T16:24:40.500+0000] {dag.py:3444} INFO - Setting next_dagrun for example_external_task_marker_parent to None, run_after=None
[2023-03-26T16:24:40.514+0000] {processor.py:175} INFO - Processing /home/airflow/.local/lib/python3.7/site-packages/airflow/example_dags/example_external_task_marker_dag.py took 0.055 seconds
[2023-03-26T16:25:11.144+0000] {processor.py:153} INFO - Started process (PID=834) to work on /home/airflow/.local/lib/python3.7/site-packages/airflow/example_dags/example_external_task_marker_dag.py
[2023-03-26T16:25:11.144+0000] {processor.py:743} INFO - Processing file /home/airflow/.local/lib/python3.7/site-packages/airflow/example_dags/example_external_task_marker_dag.py for tasks to queue
[2023-03-26T16:25:11.144+0000] {logging_mixin.py:137} INFO - [2023-03-26T16:25:11.144+0000] {dagbag.py:532} INFO - Filling up the DagBag from /home/airflow/.local/lib/python3.7/site-packages/airflow/example_dags/example_external_task_marker_dag.py
[2023-03-26T16:25:11.152+0000] {processor.py:753} INFO - DAG(s) dict_keys(['example_external_task_marker_parent', 'example_external_task_marker_child']) retrieved from /home/airflow/.local/lib/python3.7/site-packages/airflow/example_dags/example_external_task_marker_dag.py
[2023-03-26T16:25:11.169+0000] {logging_mixin.py:137} INFO - [2023-03-26T16:25:11.169+0000] {dag.py:2693} INFO - Sync 2 DAGs
[2023-03-26T16:25:11.184+0000] {logging_mixin.py:137} INFO - [2023-03-26T16:25:11.184+0000] {dag.py:3444} INFO - Setting next_dagrun for example_external_task_marker_child to None, run_after=None
[2023-03-26T16:25:11.185+0000] {logging_mixin.py:137} INFO - [2023-03-26T16:25:11.185+0000] {dag.py:3444} INFO - Setting next_dagrun for example_external_task_marker_parent to None, run_after=None
[2023-03-26T16:25:11.200+0000] {processor.py:175} INFO - Processing /home/airflow/.local/lib/python3.7/site-packages/airflow/example_dags/example_external_task_marker_dag.py took 0.058 seconds
[2023-03-26T16:25:41.744+0000] {processor.py:153} INFO - Started process (PID=883) to work on /home/airflow/.local/lib/python3.7/site-packages/airflow/example_dags/example_external_task_marker_dag.py
[2023-03-26T16:25:41.744+0000] {processor.py:743} INFO - Processing file /home/airflow/.local/lib/python3.7/site-packages/airflow/example_dags/example_external_task_marker_dag.py for tasks to queue
[2023-03-26T16:25:41.745+0000] {logging_mixin.py:137} INFO - [2023-03-26T16:25:41.745+0000] {dagbag.py:532} INFO - Filling up the DagBag from /home/airflow/.local/lib/python3.7/site-packages/airflow/example_dags/example_external_task_marker_dag.py
[2023-03-26T16:25:41.752+0000] {processor.py:753} INFO - DAG(s) dict_keys(['example_external_task_marker_parent', 'example_external_task_marker_child']) retrieved from /home/airflow/.local/lib/python3.7/site-packages/airflow/example_dags/example_external_task_marker_dag.py
[2023-03-26T16:25:41.770+0000] {logging_mixin.py:137} INFO - [2023-03-26T16:25:41.769+0000] {dag.py:2693} INFO - Sync 2 DAGs
[2023-03-26T16:25:41.783+0000] {logging_mixin.py:137} INFO - [2023-03-26T16:25:41.783+0000] {dag.py:3444} INFO - Setting next_dagrun for example_external_task_marker_child to None, run_after=None
[2023-03-26T16:25:41.785+0000] {logging_mixin.py:137} INFO - [2023-03-26T16:25:41.785+0000] {dag.py:3444} INFO - Setting next_dagrun for example_external_task_marker_parent to None, run_after=None
[2023-03-26T16:25:41.797+0000] {processor.py:175} INFO - Processing /home/airflow/.local/lib/python3.7/site-packages/airflow/example_dags/example_external_task_marker_dag.py took 0.055 seconds
[2023-03-26T16:26:34.488+0000] {processor.py:153} INFO - Started process (PID=99) to work on /home/airflow/.local/lib/python3.7/site-packages/airflow/example_dags/example_external_task_marker_dag.py
[2023-03-26T16:26:34.489+0000] {processor.py:743} INFO - Processing file /home/airflow/.local/lib/python3.7/site-packages/airflow/example_dags/example_external_task_marker_dag.py for tasks to queue
[2023-03-26T16:26:34.489+0000] {logging_mixin.py:137} INFO - [2023-03-26T16:26:34.489+0000] {dagbag.py:532} INFO - Filling up the DagBag from /home/airflow/.local/lib/python3.7/site-packages/airflow/example_dags/example_external_task_marker_dag.py
[2023-03-26T16:26:34.498+0000] {processor.py:753} INFO - DAG(s) dict_keys(['example_external_task_marker_child', 'example_external_task_marker_parent']) retrieved from /home/airflow/.local/lib/python3.7/site-packages/airflow/example_dags/example_external_task_marker_dag.py
[2023-03-26T16:26:34.508+0000] {logging_mixin.py:137} INFO - [2023-03-26T16:26:34.508+0000] {dag.py:2693} INFO - Sync 2 DAGs
[2023-03-26T16:26:34.524+0000] {logging_mixin.py:137} INFO - [2023-03-26T16:26:34.524+0000] {dag.py:3444} INFO - Setting next_dagrun for example_external_task_marker_child to None, run_after=None
[2023-03-26T16:26:34.526+0000] {logging_mixin.py:137} INFO - [2023-03-26T16:26:34.526+0000] {dag.py:3444} INFO - Setting next_dagrun for example_external_task_marker_parent to None, run_after=None
[2023-03-26T16:26:34.543+0000] {processor.py:175} INFO - Processing /home/airflow/.local/lib/python3.7/site-packages/airflow/example_dags/example_external_task_marker_dag.py took 0.056 seconds
[2023-03-26T16:27:05.171+0000] {processor.py:153} INFO - Started process (PID=149) to work on /home/airflow/.local/lib/python3.7/site-packages/airflow/example_dags/example_external_task_marker_dag.py
[2023-03-26T16:27:05.171+0000] {processor.py:743} INFO - Processing file /home/airflow/.local/lib/python3.7/site-packages/airflow/example_dags/example_external_task_marker_dag.py for tasks to queue
[2023-03-26T16:27:05.172+0000] {logging_mixin.py:137} INFO - [2023-03-26T16:27:05.171+0000] {dagbag.py:532} INFO - Filling up the DagBag from /home/airflow/.local/lib/python3.7/site-packages/airflow/example_dags/example_external_task_marker_dag.py
[2023-03-26T16:27:05.180+0000] {processor.py:753} INFO - DAG(s) dict_keys(['example_external_task_marker_child', 'example_external_task_marker_parent']) retrieved from /home/airflow/.local/lib/python3.7/site-packages/airflow/example_dags/example_external_task_marker_dag.py
[2023-03-26T16:27:05.219+0000] {logging_mixin.py:137} INFO - [2023-03-26T16:27:05.219+0000] {dag.py:2693} INFO - Sync 2 DAGs
[2023-03-26T16:27:05.233+0000] {logging_mixin.py:137} INFO - [2023-03-26T16:27:05.233+0000] {dag.py:3444} INFO - Setting next_dagrun for example_external_task_marker_child to None, run_after=None
[2023-03-26T16:27:05.235+0000] {logging_mixin.py:137} INFO - [2023-03-26T16:27:05.235+0000] {dag.py:3444} INFO - Setting next_dagrun for example_external_task_marker_parent to None, run_after=None
[2023-03-26T16:27:05.249+0000] {processor.py:175} INFO - Processing /home/airflow/.local/lib/python3.7/site-packages/airflow/example_dags/example_external_task_marker_dag.py took 0.080 seconds
[2023-03-26T16:27:35.920+0000] {processor.py:153} INFO - Started process (PID=199) to work on /home/airflow/.local/lib/python3.7/site-packages/airflow/example_dags/example_external_task_marker_dag.py
[2023-03-26T16:27:35.921+0000] {processor.py:743} INFO - Processing file /home/airflow/.local/lib/python3.7/site-packages/airflow/example_dags/example_external_task_marker_dag.py for tasks to queue
[2023-03-26T16:27:35.921+0000] {logging_mixin.py:137} INFO - [2023-03-26T16:27:35.921+0000] {dagbag.py:532} INFO - Filling up the DagBag from /home/airflow/.local/lib/python3.7/site-packages/airflow/example_dags/example_external_task_marker_dag.py
[2023-03-26T16:27:35.929+0000] {processor.py:753} INFO - DAG(s) dict_keys(['example_external_task_marker_parent', 'example_external_task_marker_child']) retrieved from /home/airflow/.local/lib/python3.7/site-packages/airflow/example_dags/example_external_task_marker_dag.py
[2023-03-26T16:27:35.946+0000] {logging_mixin.py:137} INFO - [2023-03-26T16:27:35.946+0000] {dag.py:2693} INFO - Sync 2 DAGs
[2023-03-26T16:27:35.960+0000] {logging_mixin.py:137} INFO - [2023-03-26T16:27:35.960+0000] {dag.py:3444} INFO - Setting next_dagrun for example_external_task_marker_child to None, run_after=None
[2023-03-26T16:27:35.962+0000] {logging_mixin.py:137} INFO - [2023-03-26T16:27:35.962+0000] {dag.py:3444} INFO - Setting next_dagrun for example_external_task_marker_parent to None, run_after=None
[2023-03-26T16:27:35.974+0000] {processor.py:175} INFO - Processing /home/airflow/.local/lib/python3.7/site-packages/airflow/example_dags/example_external_task_marker_dag.py took 0.055 seconds
[2023-03-26T16:28:06.487+0000] {processor.py:153} INFO - Started process (PID=248) to work on /home/airflow/.local/lib/python3.7/site-packages/airflow/example_dags/example_external_task_marker_dag.py
[2023-03-26T16:28:06.487+0000] {processor.py:743} INFO - Processing file /home/airflow/.local/lib/python3.7/site-packages/airflow/example_dags/example_external_task_marker_dag.py for tasks to queue
[2023-03-26T16:28:06.487+0000] {logging_mixin.py:137} INFO - [2023-03-26T16:28:06.487+0000] {dagbag.py:532} INFO - Filling up the DagBag from /home/airflow/.local/lib/python3.7/site-packages/airflow/example_dags/example_external_task_marker_dag.py
[2023-03-26T16:28:06.495+0000] {processor.py:753} INFO - DAG(s) dict_keys(['example_external_task_marker_child', 'example_external_task_marker_parent']) retrieved from /home/airflow/.local/lib/python3.7/site-packages/airflow/example_dags/example_external_task_marker_dag.py
[2023-03-26T16:28:06.511+0000] {logging_mixin.py:137} INFO - [2023-03-26T16:28:06.510+0000] {dag.py:2693} INFO - Sync 2 DAGs
[2023-03-26T16:28:06.524+0000] {logging_mixin.py:137} INFO - [2023-03-26T16:28:06.524+0000] {dag.py:3444} INFO - Setting next_dagrun for example_external_task_marker_child to None, run_after=None
[2023-03-26T16:28:06.525+0000] {logging_mixin.py:137} INFO - [2023-03-26T16:28:06.525+0000] {dag.py:3444} INFO - Setting next_dagrun for example_external_task_marker_parent to None, run_after=None
[2023-03-26T16:28:06.537+0000] {processor.py:175} INFO - Processing /home/airflow/.local/lib/python3.7/site-packages/airflow/example_dags/example_external_task_marker_dag.py took 0.053 seconds
[2023-03-26T16:28:37.289+0000] {processor.py:153} INFO - Started process (PID=297) to work on /home/airflow/.local/lib/python3.7/site-packages/airflow/example_dags/example_external_task_marker_dag.py
[2023-03-26T16:28:37.289+0000] {processor.py:743} INFO - Processing file /home/airflow/.local/lib/python3.7/site-packages/airflow/example_dags/example_external_task_marker_dag.py for tasks to queue
[2023-03-26T16:28:37.290+0000] {logging_mixin.py:137} INFO - [2023-03-26T16:28:37.290+0000] {dagbag.py:532} INFO - Filling up the DagBag from /home/airflow/.local/lib/python3.7/site-packages/airflow/example_dags/example_external_task_marker_dag.py
[2023-03-26T16:28:37.297+0000] {processor.py:753} INFO - DAG(s) dict_keys(['example_external_task_marker_child', 'example_external_task_marker_parent']) retrieved from /home/airflow/.local/lib/python3.7/site-packages/airflow/example_dags/example_external_task_marker_dag.py
[2023-03-26T16:28:37.315+0000] {logging_mixin.py:137} INFO - [2023-03-26T16:28:37.315+0000] {dag.py:2693} INFO - Sync 2 DAGs
[2023-03-26T16:28:37.330+0000] {logging_mixin.py:137} INFO - [2023-03-26T16:28:37.330+0000] {dag.py:3444} INFO - Setting next_dagrun for example_external_task_marker_child to None, run_after=None
[2023-03-26T16:28:37.332+0000] {logging_mixin.py:137} INFO - [2023-03-26T16:28:37.332+0000] {dag.py:3444} INFO - Setting next_dagrun for example_external_task_marker_parent to None, run_after=None
[2023-03-26T16:28:37.344+0000] {processor.py:175} INFO - Processing /home/airflow/.local/lib/python3.7/site-packages/airflow/example_dags/example_external_task_marker_dag.py took 0.057 seconds
[2023-03-26T16:48:48.706+0000] {processor.py:153} INFO - Started process (PID=98) to work on /home/airflow/.local/lib/python3.7/site-packages/airflow/example_dags/example_external_task_marker_dag.py
[2023-03-26T16:48:48.707+0000] {processor.py:743} INFO - Processing file /home/airflow/.local/lib/python3.7/site-packages/airflow/example_dags/example_external_task_marker_dag.py for tasks to queue
[2023-03-26T16:48:48.707+0000] {logging_mixin.py:137} INFO - [2023-03-26T16:48:48.707+0000] {dagbag.py:532} INFO - Filling up the DagBag from /home/airflow/.local/lib/python3.7/site-packages/airflow/example_dags/example_external_task_marker_dag.py
[2023-03-26T16:48:48.717+0000] {processor.py:753} INFO - DAG(s) dict_keys(['example_external_task_marker_parent', 'example_external_task_marker_child']) retrieved from /home/airflow/.local/lib/python3.7/site-packages/airflow/example_dags/example_external_task_marker_dag.py
[2023-03-26T16:48:48.727+0000] {logging_mixin.py:137} INFO - [2023-03-26T16:48:48.727+0000] {dag.py:2693} INFO - Sync 2 DAGs
[2023-03-26T16:48:48.743+0000] {logging_mixin.py:137} INFO - [2023-03-26T16:48:48.743+0000] {dag.py:3444} INFO - Setting next_dagrun for example_external_task_marker_child to None, run_after=None
[2023-03-26T16:48:48.745+0000] {logging_mixin.py:137} INFO - [2023-03-26T16:48:48.745+0000] {dag.py:3444} INFO - Setting next_dagrun for example_external_task_marker_parent to None, run_after=None
[2023-03-26T16:48:48.758+0000] {processor.py:175} INFO - Processing /home/airflow/.local/lib/python3.7/site-packages/airflow/example_dags/example_external_task_marker_dag.py took 0.054 seconds
[2023-03-26T16:49:19.276+0000] {processor.py:153} INFO - Started process (PID=147) to work on /home/airflow/.local/lib/python3.7/site-packages/airflow/example_dags/example_external_task_marker_dag.py
[2023-03-26T16:49:19.277+0000] {processor.py:743} INFO - Processing file /home/airflow/.local/lib/python3.7/site-packages/airflow/example_dags/example_external_task_marker_dag.py for tasks to queue
[2023-03-26T16:49:19.277+0000] {logging_mixin.py:137} INFO - [2023-03-26T16:49:19.277+0000] {dagbag.py:532} INFO - Filling up the DagBag from /home/airflow/.local/lib/python3.7/site-packages/airflow/example_dags/example_external_task_marker_dag.py
[2023-03-26T16:49:19.285+0000] {processor.py:753} INFO - DAG(s) dict_keys(['example_external_task_marker_child', 'example_external_task_marker_parent']) retrieved from /home/airflow/.local/lib/python3.7/site-packages/airflow/example_dags/example_external_task_marker_dag.py
[2023-03-26T16:49:19.324+0000] {logging_mixin.py:137} INFO - [2023-03-26T16:49:19.324+0000] {dag.py:2693} INFO - Sync 2 DAGs
[2023-03-26T16:49:19.337+0000] {logging_mixin.py:137} INFO - [2023-03-26T16:49:19.337+0000] {dag.py:3444} INFO - Setting next_dagrun for example_external_task_marker_child to None, run_after=None
[2023-03-26T16:49:19.339+0000] {logging_mixin.py:137} INFO - [2023-03-26T16:49:19.339+0000] {dag.py:3444} INFO - Setting next_dagrun for example_external_task_marker_parent to None, run_after=None
[2023-03-26T16:49:19.352+0000] {processor.py:175} INFO - Processing /home/airflow/.local/lib/python3.7/site-packages/airflow/example_dags/example_external_task_marker_dag.py took 0.078 seconds
[2023-03-26T16:49:49.926+0000] {processor.py:153} INFO - Started process (PID=196) to work on /home/airflow/.local/lib/python3.7/site-packages/airflow/example_dags/example_external_task_marker_dag.py
[2023-03-26T16:49:49.927+0000] {processor.py:743} INFO - Processing file /home/airflow/.local/lib/python3.7/site-packages/airflow/example_dags/example_external_task_marker_dag.py for tasks to queue
[2023-03-26T16:49:49.927+0000] {logging_mixin.py:137} INFO - [2023-03-26T16:49:49.927+0000] {dagbag.py:532} INFO - Filling up the DagBag from /home/airflow/.local/lib/python3.7/site-packages/airflow/example_dags/example_external_task_marker_dag.py
[2023-03-26T16:49:49.934+0000] {processor.py:753} INFO - DAG(s) dict_keys(['example_external_task_marker_parent', 'example_external_task_marker_child']) retrieved from /home/airflow/.local/lib/python3.7/site-packages/airflow/example_dags/example_external_task_marker_dag.py
[2023-03-26T16:49:49.952+0000] {logging_mixin.py:137} INFO - [2023-03-26T16:49:49.951+0000] {dag.py:2693} INFO - Sync 2 DAGs
[2023-03-26T16:49:49.966+0000] {logging_mixin.py:137} INFO - [2023-03-26T16:49:49.966+0000] {dag.py:3444} INFO - Setting next_dagrun for example_external_task_marker_child to None, run_after=None
[2023-03-26T16:49:49.968+0000] {logging_mixin.py:137} INFO - [2023-03-26T16:49:49.968+0000] {dag.py:3444} INFO - Setting next_dagrun for example_external_task_marker_parent to None, run_after=None
[2023-03-26T16:49:49.979+0000] {processor.py:175} INFO - Processing /home/airflow/.local/lib/python3.7/site-packages/airflow/example_dags/example_external_task_marker_dag.py took 0.055 seconds
[2023-03-26T16:50:20.531+0000] {processor.py:153} INFO - Started process (PID=245) to work on /home/airflow/.local/lib/python3.7/site-packages/airflow/example_dags/example_external_task_marker_dag.py
[2023-03-26T16:50:20.531+0000] {processor.py:743} INFO - Processing file /home/airflow/.local/lib/python3.7/site-packages/airflow/example_dags/example_external_task_marker_dag.py for tasks to queue
[2023-03-26T16:50:20.532+0000] {logging_mixin.py:137} INFO - [2023-03-26T16:50:20.532+0000] {dagbag.py:532} INFO - Filling up the DagBag from /home/airflow/.local/lib/python3.7/site-packages/airflow/example_dags/example_external_task_marker_dag.py
[2023-03-26T16:50:20.539+0000] {processor.py:753} INFO - DAG(s) dict_keys(['example_external_task_marker_child', 'example_external_task_marker_parent']) retrieved from /home/airflow/.local/lib/python3.7/site-packages/airflow/example_dags/example_external_task_marker_dag.py
[2023-03-26T16:50:20.556+0000] {logging_mixin.py:137} INFO - [2023-03-26T16:50:20.555+0000] {dag.py:2693} INFO - Sync 2 DAGs
[2023-03-26T16:50:20.569+0000] {logging_mixin.py:137} INFO - [2023-03-26T16:50:20.569+0000] {dag.py:3444} INFO - Setting next_dagrun for example_external_task_marker_child to None, run_after=None
[2023-03-26T16:50:20.571+0000] {logging_mixin.py:137} INFO - [2023-03-26T16:50:20.571+0000] {dag.py:3444} INFO - Setting next_dagrun for example_external_task_marker_parent to None, run_after=None
[2023-03-26T16:50:20.582+0000] {processor.py:175} INFO - Processing /home/airflow/.local/lib/python3.7/site-packages/airflow/example_dags/example_external_task_marker_dag.py took 0.053 seconds
[2023-03-26T16:50:51.254+0000] {processor.py:153} INFO - Started process (PID=294) to work on /home/airflow/.local/lib/python3.7/site-packages/airflow/example_dags/example_external_task_marker_dag.py
[2023-03-26T16:50:51.255+0000] {processor.py:743} INFO - Processing file /home/airflow/.local/lib/python3.7/site-packages/airflow/example_dags/example_external_task_marker_dag.py for tasks to queue
[2023-03-26T16:50:51.255+0000] {logging_mixin.py:137} INFO - [2023-03-26T16:50:51.255+0000] {dagbag.py:532} INFO - Filling up the DagBag from /home/airflow/.local/lib/python3.7/site-packages/airflow/example_dags/example_external_task_marker_dag.py
[2023-03-26T16:50:51.262+0000] {processor.py:753} INFO - DAG(s) dict_keys(['example_external_task_marker_parent', 'example_external_task_marker_child']) retrieved from /home/airflow/.local/lib/python3.7/site-packages/airflow/example_dags/example_external_task_marker_dag.py
[2023-03-26T16:50:51.280+0000] {logging_mixin.py:137} INFO - [2023-03-26T16:50:51.280+0000] {dag.py:2693} INFO - Sync 2 DAGs
[2023-03-26T16:50:51.295+0000] {logging_mixin.py:137} INFO - [2023-03-26T16:50:51.294+0000] {dag.py:3444} INFO - Setting next_dagrun for example_external_task_marker_child to None, run_after=None
[2023-03-26T16:50:51.296+0000] {logging_mixin.py:137} INFO - [2023-03-26T16:50:51.296+0000] {dag.py:3444} INFO - Setting next_dagrun for example_external_task_marker_parent to None, run_after=None
[2023-03-26T16:50:51.308+0000] {processor.py:175} INFO - Processing /home/airflow/.local/lib/python3.7/site-packages/airflow/example_dags/example_external_task_marker_dag.py took 0.056 seconds
[2023-03-26T16:51:22.025+0000] {processor.py:153} INFO - Started process (PID=343) to work on /home/airflow/.local/lib/python3.7/site-packages/airflow/example_dags/example_external_task_marker_dag.py
[2023-03-26T16:51:22.025+0000] {processor.py:743} INFO - Processing file /home/airflow/.local/lib/python3.7/site-packages/airflow/example_dags/example_external_task_marker_dag.py for tasks to queue
[2023-03-26T16:51:22.026+0000] {logging_mixin.py:137} INFO - [2023-03-26T16:51:22.026+0000] {dagbag.py:532} INFO - Filling up the DagBag from /home/airflow/.local/lib/python3.7/site-packages/airflow/example_dags/example_external_task_marker_dag.py
[2023-03-26T16:51:22.033+0000] {processor.py:753} INFO - DAG(s) dict_keys(['example_external_task_marker_parent', 'example_external_task_marker_child']) retrieved from /home/airflow/.local/lib/python3.7/site-packages/airflow/example_dags/example_external_task_marker_dag.py
[2023-03-26T16:51:22.049+0000] {logging_mixin.py:137} INFO - [2023-03-26T16:51:22.049+0000] {dag.py:2693} INFO - Sync 2 DAGs
[2023-03-26T16:51:22.064+0000] {logging_mixin.py:137} INFO - [2023-03-26T16:51:22.064+0000] {dag.py:3444} INFO - Setting next_dagrun for example_external_task_marker_child to None, run_after=None
[2023-03-26T16:51:22.066+0000] {logging_mixin.py:137} INFO - [2023-03-26T16:51:22.066+0000] {dag.py:3444} INFO - Setting next_dagrun for example_external_task_marker_parent to None, run_after=None
[2023-03-26T16:51:22.077+0000] {processor.py:175} INFO - Processing /home/airflow/.local/lib/python3.7/site-packages/airflow/example_dags/example_external_task_marker_dag.py took 0.054 seconds
[2023-03-26T16:51:52.821+0000] {processor.py:153} INFO - Started process (PID=392) to work on /home/airflow/.local/lib/python3.7/site-packages/airflow/example_dags/example_external_task_marker_dag.py
[2023-03-26T16:51:52.822+0000] {processor.py:743} INFO - Processing file /home/airflow/.local/lib/python3.7/site-packages/airflow/example_dags/example_external_task_marker_dag.py for tasks to queue
[2023-03-26T16:51:52.822+0000] {logging_mixin.py:137} INFO - [2023-03-26T16:51:52.822+0000] {dagbag.py:532} INFO - Filling up the DagBag from /home/airflow/.local/lib/python3.7/site-packages/airflow/example_dags/example_external_task_marker_dag.py
[2023-03-26T16:51:52.830+0000] {processor.py:753} INFO - DAG(s) dict_keys(['example_external_task_marker_child', 'example_external_task_marker_parent']) retrieved from /home/airflow/.local/lib/python3.7/site-packages/airflow/example_dags/example_external_task_marker_dag.py
[2023-03-26T16:51:52.847+0000] {logging_mixin.py:137} INFO - [2023-03-26T16:51:52.847+0000] {dag.py:2693} INFO - Sync 2 DAGs
[2023-03-26T16:51:52.861+0000] {logging_mixin.py:137} INFO - [2023-03-26T16:51:52.861+0000] {dag.py:3444} INFO - Setting next_dagrun for example_external_task_marker_child to None, run_after=None
[2023-03-26T16:51:52.863+0000] {logging_mixin.py:137} INFO - [2023-03-26T16:51:52.863+0000] {dag.py:3444} INFO - Setting next_dagrun for example_external_task_marker_parent to None, run_after=None
[2023-03-26T16:51:52.875+0000] {processor.py:175} INFO - Processing /home/airflow/.local/lib/python3.7/site-packages/airflow/example_dags/example_external_task_marker_dag.py took 0.056 seconds
[2023-03-26T16:52:23.336+0000] {processor.py:153} INFO - Started process (PID=441) to work on /home/airflow/.local/lib/python3.7/site-packages/airflow/example_dags/example_external_task_marker_dag.py
[2023-03-26T16:52:23.337+0000] {processor.py:743} INFO - Processing file /home/airflow/.local/lib/python3.7/site-packages/airflow/example_dags/example_external_task_marker_dag.py for tasks to queue
[2023-03-26T16:52:23.337+0000] {logging_mixin.py:137} INFO - [2023-03-26T16:52:23.337+0000] {dagbag.py:532} INFO - Filling up the DagBag from /home/airflow/.local/lib/python3.7/site-packages/airflow/example_dags/example_external_task_marker_dag.py
[2023-03-26T16:52:23.345+0000] {processor.py:753} INFO - DAG(s) dict_keys(['example_external_task_marker_parent', 'example_external_task_marker_child']) retrieved from /home/airflow/.local/lib/python3.7/site-packages/airflow/example_dags/example_external_task_marker_dag.py
[2023-03-26T16:52:23.363+0000] {logging_mixin.py:137} INFO - [2023-03-26T16:52:23.363+0000] {dag.py:2693} INFO - Sync 2 DAGs
[2023-03-26T16:52:23.377+0000] {logging_mixin.py:137} INFO - [2023-03-26T16:52:23.377+0000] {dag.py:3444} INFO - Setting next_dagrun for example_external_task_marker_child to None, run_after=None
[2023-03-26T16:52:23.379+0000] {logging_mixin.py:137} INFO - [2023-03-26T16:52:23.379+0000] {dag.py:3444} INFO - Setting next_dagrun for example_external_task_marker_parent to None, run_after=None
[2023-03-26T16:52:23.392+0000] {processor.py:175} INFO - Processing /home/airflow/.local/lib/python3.7/site-packages/airflow/example_dags/example_external_task_marker_dag.py took 0.057 seconds
[2023-03-26T16:52:53.945+0000] {processor.py:153} INFO - Started process (PID=490) to work on /home/airflow/.local/lib/python3.7/site-packages/airflow/example_dags/example_external_task_marker_dag.py
[2023-03-26T16:52:53.945+0000] {processor.py:743} INFO - Processing file /home/airflow/.local/lib/python3.7/site-packages/airflow/example_dags/example_external_task_marker_dag.py for tasks to queue
[2023-03-26T16:52:53.946+0000] {logging_mixin.py:137} INFO - [2023-03-26T16:52:53.946+0000] {dagbag.py:532} INFO - Filling up the DagBag from /home/airflow/.local/lib/python3.7/site-packages/airflow/example_dags/example_external_task_marker_dag.py
[2023-03-26T16:52:53.953+0000] {processor.py:753} INFO - DAG(s) dict_keys(['example_external_task_marker_parent', 'example_external_task_marker_child']) retrieved from /home/airflow/.local/lib/python3.7/site-packages/airflow/example_dags/example_external_task_marker_dag.py
[2023-03-26T16:52:53.972+0000] {logging_mixin.py:137} INFO - [2023-03-26T16:52:53.972+0000] {dag.py:2693} INFO - Sync 2 DAGs
[2023-03-26T16:52:53.986+0000] {logging_mixin.py:137} INFO - [2023-03-26T16:52:53.986+0000] {dag.py:3444} INFO - Setting next_dagrun for example_external_task_marker_child to None, run_after=None
[2023-03-26T16:52:53.988+0000] {logging_mixin.py:137} INFO - [2023-03-26T16:52:53.988+0000] {dag.py:3444} INFO - Setting next_dagrun for example_external_task_marker_parent to None, run_after=None
[2023-03-26T16:52:54.000+0000] {processor.py:175} INFO - Processing /home/airflow/.local/lib/python3.7/site-packages/airflow/example_dags/example_external_task_marker_dag.py took 0.057 seconds
[2023-03-26T16:53:24.599+0000] {processor.py:153} INFO - Started process (PID=539) to work on /home/airflow/.local/lib/python3.7/site-packages/airflow/example_dags/example_external_task_marker_dag.py
[2023-03-26T16:53:24.599+0000] {processor.py:743} INFO - Processing file /home/airflow/.local/lib/python3.7/site-packages/airflow/example_dags/example_external_task_marker_dag.py for tasks to queue
[2023-03-26T16:53:24.600+0000] {logging_mixin.py:137} INFO - [2023-03-26T16:53:24.600+0000] {dagbag.py:532} INFO - Filling up the DagBag from /home/airflow/.local/lib/python3.7/site-packages/airflow/example_dags/example_external_task_marker_dag.py
[2023-03-26T16:53:24.607+0000] {processor.py:753} INFO - DAG(s) dict_keys(['example_external_task_marker_child', 'example_external_task_marker_parent']) retrieved from /home/airflow/.local/lib/python3.7/site-packages/airflow/example_dags/example_external_task_marker_dag.py
[2023-03-26T16:53:24.624+0000] {logging_mixin.py:137} INFO - [2023-03-26T16:53:24.624+0000] {dag.py:2693} INFO - Sync 2 DAGs
[2023-03-26T16:53:24.640+0000] {logging_mixin.py:137} INFO - [2023-03-26T16:53:24.640+0000] {dag.py:3444} INFO - Setting next_dagrun for example_external_task_marker_child to None, run_after=None
[2023-03-26T16:53:24.644+0000] {logging_mixin.py:137} INFO - [2023-03-26T16:53:24.644+0000] {dag.py:3444} INFO - Setting next_dagrun for example_external_task_marker_parent to None, run_after=None
[2023-03-26T16:53:24.656+0000] {processor.py:175} INFO - Processing /home/airflow/.local/lib/python3.7/site-packages/airflow/example_dags/example_external_task_marker_dag.py took 0.059 seconds
[2023-03-26T16:53:55.371+0000] {processor.py:153} INFO - Started process (PID=588) to work on /home/airflow/.local/lib/python3.7/site-packages/airflow/example_dags/example_external_task_marker_dag.py
[2023-03-26T16:53:55.372+0000] {processor.py:743} INFO - Processing file /home/airflow/.local/lib/python3.7/site-packages/airflow/example_dags/example_external_task_marker_dag.py for tasks to queue
[2023-03-26T16:53:55.372+0000] {logging_mixin.py:137} INFO - [2023-03-26T16:53:55.372+0000] {dagbag.py:532} INFO - Filling up the DagBag from /home/airflow/.local/lib/python3.7/site-packages/airflow/example_dags/example_external_task_marker_dag.py
[2023-03-26T16:53:55.380+0000] {processor.py:753} INFO - DAG(s) dict_keys(['example_external_task_marker_parent', 'example_external_task_marker_child']) retrieved from /home/airflow/.local/lib/python3.7/site-packages/airflow/example_dags/example_external_task_marker_dag.py
[2023-03-26T16:53:55.397+0000] {logging_mixin.py:137} INFO - [2023-03-26T16:53:55.397+0000] {dag.py:2693} INFO - Sync 2 DAGs
[2023-03-26T16:53:55.412+0000] {logging_mixin.py:137} INFO - [2023-03-26T16:53:55.412+0000] {dag.py:3444} INFO - Setting next_dagrun for example_external_task_marker_child to None, run_after=None
[2023-03-26T16:53:55.414+0000] {logging_mixin.py:137} INFO - [2023-03-26T16:53:55.414+0000] {dag.py:3444} INFO - Setting next_dagrun for example_external_task_marker_parent to None, run_after=None
[2023-03-26T16:53:55.427+0000] {processor.py:175} INFO - Processing /home/airflow/.local/lib/python3.7/site-packages/airflow/example_dags/example_external_task_marker_dag.py took 0.058 seconds
[2023-03-26T16:54:26.353+0000] {processor.py:153} INFO - Started process (PID=637) to work on /home/airflow/.local/lib/python3.7/site-packages/airflow/example_dags/example_external_task_marker_dag.py
[2023-03-26T16:54:26.354+0000] {processor.py:743} INFO - Processing file /home/airflow/.local/lib/python3.7/site-packages/airflow/example_dags/example_external_task_marker_dag.py for tasks to queue
[2023-03-26T16:54:26.354+0000] {logging_mixin.py:137} INFO - [2023-03-26T16:54:26.354+0000] {dagbag.py:532} INFO - Filling up the DagBag from /home/airflow/.local/lib/python3.7/site-packages/airflow/example_dags/example_external_task_marker_dag.py
[2023-03-26T16:54:26.363+0000] {processor.py:753} INFO - DAG(s) dict_keys(['example_external_task_marker_parent', 'example_external_task_marker_child']) retrieved from /home/airflow/.local/lib/python3.7/site-packages/airflow/example_dags/example_external_task_marker_dag.py
[2023-03-26T16:54:26.381+0000] {logging_mixin.py:137} INFO - [2023-03-26T16:54:26.380+0000] {dag.py:2693} INFO - Sync 2 DAGs
[2023-03-26T16:54:26.395+0000] {logging_mixin.py:137} INFO - [2023-03-26T16:54:26.395+0000] {dag.py:3444} INFO - Setting next_dagrun for example_external_task_marker_child to None, run_after=None
[2023-03-26T16:54:26.397+0000] {logging_mixin.py:137} INFO - [2023-03-26T16:54:26.397+0000] {dag.py:3444} INFO - Setting next_dagrun for example_external_task_marker_parent to None, run_after=None
[2023-03-26T16:54:26.410+0000] {processor.py:175} INFO - Processing /home/airflow/.local/lib/python3.7/site-packages/airflow/example_dags/example_external_task_marker_dag.py took 0.059 seconds
[2023-03-26T16:54:56.968+0000] {processor.py:153} INFO - Started process (PID=686) to work on /home/airflow/.local/lib/python3.7/site-packages/airflow/example_dags/example_external_task_marker_dag.py
[2023-03-26T16:54:56.968+0000] {processor.py:743} INFO - Processing file /home/airflow/.local/lib/python3.7/site-packages/airflow/example_dags/example_external_task_marker_dag.py for tasks to queue
[2023-03-26T16:54:56.969+0000] {logging_mixin.py:137} INFO - [2023-03-26T16:54:56.969+0000] {dagbag.py:532} INFO - Filling up the DagBag from /home/airflow/.local/lib/python3.7/site-packages/airflow/example_dags/example_external_task_marker_dag.py
[2023-03-26T16:54:56.976+0000] {processor.py:753} INFO - DAG(s) dict_keys(['example_external_task_marker_parent', 'example_external_task_marker_child']) retrieved from /home/airflow/.local/lib/python3.7/site-packages/airflow/example_dags/example_external_task_marker_dag.py
[2023-03-26T16:54:56.995+0000] {logging_mixin.py:137} INFO - [2023-03-26T16:54:56.995+0000] {dag.py:2693} INFO - Sync 2 DAGs
[2023-03-26T16:54:57.011+0000] {logging_mixin.py:137} INFO - [2023-03-26T16:54:57.011+0000] {dag.py:3444} INFO - Setting next_dagrun for example_external_task_marker_child to None, run_after=None
[2023-03-26T16:54:57.013+0000] {logging_mixin.py:137} INFO - [2023-03-26T16:54:57.013+0000] {dag.py:3444} INFO - Setting next_dagrun for example_external_task_marker_parent to None, run_after=None
[2023-03-26T16:54:57.025+0000] {processor.py:175} INFO - Processing /home/airflow/.local/lib/python3.7/site-packages/airflow/example_dags/example_external_task_marker_dag.py took 0.059 seconds
[2023-03-26T16:55:27.534+0000] {processor.py:153} INFO - Started process (PID=735) to work on /home/airflow/.local/lib/python3.7/site-packages/airflow/example_dags/example_external_task_marker_dag.py
[2023-03-26T16:55:27.534+0000] {processor.py:743} INFO - Processing file /home/airflow/.local/lib/python3.7/site-packages/airflow/example_dags/example_external_task_marker_dag.py for tasks to queue
[2023-03-26T16:55:27.535+0000] {logging_mixin.py:137} INFO - [2023-03-26T16:55:27.535+0000] {dagbag.py:532} INFO - Filling up the DagBag from /home/airflow/.local/lib/python3.7/site-packages/airflow/example_dags/example_external_task_marker_dag.py
[2023-03-26T16:55:27.542+0000] {processor.py:753} INFO - DAG(s) dict_keys(['example_external_task_marker_child', 'example_external_task_marker_parent']) retrieved from /home/airflow/.local/lib/python3.7/site-packages/airflow/example_dags/example_external_task_marker_dag.py
[2023-03-26T16:55:27.559+0000] {logging_mixin.py:137} INFO - [2023-03-26T16:55:27.559+0000] {dag.py:2693} INFO - Sync 2 DAGs
[2023-03-26T16:55:27.573+0000] {logging_mixin.py:137} INFO - [2023-03-26T16:55:27.573+0000] {dag.py:3444} INFO - Setting next_dagrun for example_external_task_marker_child to None, run_after=None
[2023-03-26T16:55:27.575+0000] {logging_mixin.py:137} INFO - [2023-03-26T16:55:27.575+0000] {dag.py:3444} INFO - Setting next_dagrun for example_external_task_marker_parent to None, run_after=None
[2023-03-26T16:55:27.587+0000] {processor.py:175} INFO - Processing /home/airflow/.local/lib/python3.7/site-packages/airflow/example_dags/example_external_task_marker_dag.py took 0.055 seconds
[2023-03-26T16:55:58.192+0000] {processor.py:153} INFO - Started process (PID=784) to work on /home/airflow/.local/lib/python3.7/site-packages/airflow/example_dags/example_external_task_marker_dag.py
[2023-03-26T16:55:58.193+0000] {processor.py:743} INFO - Processing file /home/airflow/.local/lib/python3.7/site-packages/airflow/example_dags/example_external_task_marker_dag.py for tasks to queue
[2023-03-26T16:55:58.193+0000] {logging_mixin.py:137} INFO - [2023-03-26T16:55:58.193+0000] {dagbag.py:532} INFO - Filling up the DagBag from /home/airflow/.local/lib/python3.7/site-packages/airflow/example_dags/example_external_task_marker_dag.py
[2023-03-26T16:55:58.201+0000] {processor.py:753} INFO - DAG(s) dict_keys(['example_external_task_marker_parent', 'example_external_task_marker_child']) retrieved from /home/airflow/.local/lib/python3.7/site-packages/airflow/example_dags/example_external_task_marker_dag.py
[2023-03-26T16:55:58.217+0000] {logging_mixin.py:137} INFO - [2023-03-26T16:55:58.217+0000] {dag.py:2693} INFO - Sync 2 DAGs
[2023-03-26T16:55:58.231+0000] {logging_mixin.py:137} INFO - [2023-03-26T16:55:58.231+0000] {dag.py:3444} INFO - Setting next_dagrun for example_external_task_marker_child to None, run_after=None
[2023-03-26T16:55:58.232+0000] {logging_mixin.py:137} INFO - [2023-03-26T16:55:58.232+0000] {dag.py:3444} INFO - Setting next_dagrun for example_external_task_marker_parent to None, run_after=None
[2023-03-26T16:55:58.245+0000] {processor.py:175} INFO - Processing /home/airflow/.local/lib/python3.7/site-packages/airflow/example_dags/example_external_task_marker_dag.py took 0.055 seconds
[2023-03-26T16:56:28.980+0000] {processor.py:153} INFO - Started process (PID=833) to work on /home/airflow/.local/lib/python3.7/site-packages/airflow/example_dags/example_external_task_marker_dag.py
[2023-03-26T16:56:28.981+0000] {processor.py:743} INFO - Processing file /home/airflow/.local/lib/python3.7/site-packages/airflow/example_dags/example_external_task_marker_dag.py for tasks to queue
[2023-03-26T16:56:28.981+0000] {logging_mixin.py:137} INFO - [2023-03-26T16:56:28.981+0000] {dagbag.py:532} INFO - Filling up the DagBag from /home/airflow/.local/lib/python3.7/site-packages/airflow/example_dags/example_external_task_marker_dag.py
[2023-03-26T16:56:28.988+0000] {processor.py:753} INFO - DAG(s) dict_keys(['example_external_task_marker_child', 'example_external_task_marker_parent']) retrieved from /home/airflow/.local/lib/python3.7/site-packages/airflow/example_dags/example_external_task_marker_dag.py
[2023-03-26T16:56:29.004+0000] {logging_mixin.py:137} INFO - [2023-03-26T16:56:29.004+0000] {dag.py:2693} INFO - Sync 2 DAGs
[2023-03-26T16:56:29.019+0000] {logging_mixin.py:137} INFO - [2023-03-26T16:56:29.019+0000] {dag.py:3444} INFO - Setting next_dagrun for example_external_task_marker_child to None, run_after=None
[2023-03-26T16:56:29.020+0000] {logging_mixin.py:137} INFO - [2023-03-26T16:56:29.020+0000] {dag.py:3444} INFO - Setting next_dagrun for example_external_task_marker_parent to None, run_after=None
[2023-03-26T16:56:29.033+0000] {processor.py:175} INFO - Processing /home/airflow/.local/lib/python3.7/site-packages/airflow/example_dags/example_external_task_marker_dag.py took 0.054 seconds
[2023-03-26T16:56:59.531+0000] {processor.py:153} INFO - Started process (PID=882) to work on /home/airflow/.local/lib/python3.7/site-packages/airflow/example_dags/example_external_task_marker_dag.py
[2023-03-26T16:56:59.531+0000] {processor.py:743} INFO - Processing file /home/airflow/.local/lib/python3.7/site-packages/airflow/example_dags/example_external_task_marker_dag.py for tasks to queue
[2023-03-26T16:56:59.532+0000] {logging_mixin.py:137} INFO - [2023-03-26T16:56:59.532+0000] {dagbag.py:532} INFO - Filling up the DagBag from /home/airflow/.local/lib/python3.7/site-packages/airflow/example_dags/example_external_task_marker_dag.py
[2023-03-26T16:56:59.539+0000] {processor.py:753} INFO - DAG(s) dict_keys(['example_external_task_marker_child', 'example_external_task_marker_parent']) retrieved from /home/airflow/.local/lib/python3.7/site-packages/airflow/example_dags/example_external_task_marker_dag.py
[2023-03-26T16:56:59.556+0000] {logging_mixin.py:137} INFO - [2023-03-26T16:56:59.556+0000] {dag.py:2693} INFO - Sync 2 DAGs
[2023-03-26T16:56:59.569+0000] {logging_mixin.py:137} INFO - [2023-03-26T16:56:59.569+0000] {dag.py:3444} INFO - Setting next_dagrun for example_external_task_marker_child to None, run_after=None
[2023-03-26T16:56:59.571+0000] {logging_mixin.py:137} INFO - [2023-03-26T16:56:59.571+0000] {dag.py:3444} INFO - Setting next_dagrun for example_external_task_marker_parent to None, run_after=None
[2023-03-26T16:56:59.583+0000] {processor.py:175} INFO - Processing /home/airflow/.local/lib/python3.7/site-packages/airflow/example_dags/example_external_task_marker_dag.py took 0.054 seconds
[2023-03-26T16:57:30.055+0000] {processor.py:153} INFO - Started process (PID=931) to work on /home/airflow/.local/lib/python3.7/site-packages/airflow/example_dags/example_external_task_marker_dag.py
[2023-03-26T16:57:30.055+0000] {processor.py:743} INFO - Processing file /home/airflow/.local/lib/python3.7/site-packages/airflow/example_dags/example_external_task_marker_dag.py for tasks to queue
[2023-03-26T16:57:30.056+0000] {logging_mixin.py:137} INFO - [2023-03-26T16:57:30.056+0000] {dagbag.py:532} INFO - Filling up the DagBag from /home/airflow/.local/lib/python3.7/site-packages/airflow/example_dags/example_external_task_marker_dag.py
[2023-03-26T16:57:30.063+0000] {processor.py:753} INFO - DAG(s) dict_keys(['example_external_task_marker_parent', 'example_external_task_marker_child']) retrieved from /home/airflow/.local/lib/python3.7/site-packages/airflow/example_dags/example_external_task_marker_dag.py
[2023-03-26T16:57:30.080+0000] {logging_mixin.py:137} INFO - [2023-03-26T16:57:30.080+0000] {dag.py:2693} INFO - Sync 2 DAGs
[2023-03-26T16:57:30.095+0000] {logging_mixin.py:137} INFO - [2023-03-26T16:57:30.095+0000] {dag.py:3444} INFO - Setting next_dagrun for example_external_task_marker_child to None, run_after=None
[2023-03-26T16:57:30.097+0000] {logging_mixin.py:137} INFO - [2023-03-26T16:57:30.097+0000] {dag.py:3444} INFO - Setting next_dagrun for example_external_task_marker_parent to None, run_after=None
[2023-03-26T16:57:30.108+0000] {processor.py:175} INFO - Processing /home/airflow/.local/lib/python3.7/site-packages/airflow/example_dags/example_external_task_marker_dag.py took 0.055 seconds
[2023-03-26T16:58:00.893+0000] {processor.py:153} INFO - Started process (PID=980) to work on /home/airflow/.local/lib/python3.7/site-packages/airflow/example_dags/example_external_task_marker_dag.py
[2023-03-26T16:58:00.894+0000] {processor.py:743} INFO - Processing file /home/airflow/.local/lib/python3.7/site-packages/airflow/example_dags/example_external_task_marker_dag.py for tasks to queue
[2023-03-26T16:58:00.894+0000] {logging_mixin.py:137} INFO - [2023-03-26T16:58:00.894+0000] {dagbag.py:532} INFO - Filling up the DagBag from /home/airflow/.local/lib/python3.7/site-packages/airflow/example_dags/example_external_task_marker_dag.py
[2023-03-26T16:58:00.901+0000] {processor.py:753} INFO - DAG(s) dict_keys(['example_external_task_marker_child', 'example_external_task_marker_parent']) retrieved from /home/airflow/.local/lib/python3.7/site-packages/airflow/example_dags/example_external_task_marker_dag.py
[2023-03-26T16:58:00.920+0000] {logging_mixin.py:137} INFO - [2023-03-26T16:58:00.920+0000] {dag.py:2693} INFO - Sync 2 DAGs
[2023-03-26T16:58:00.934+0000] {logging_mixin.py:137} INFO - [2023-03-26T16:58:00.934+0000] {dag.py:3444} INFO - Setting next_dagrun for example_external_task_marker_child to None, run_after=None
[2023-03-26T16:58:00.936+0000] {logging_mixin.py:137} INFO - [2023-03-26T16:58:00.936+0000] {dag.py:3444} INFO - Setting next_dagrun for example_external_task_marker_parent to None, run_after=None
[2023-03-26T16:58:00.948+0000] {processor.py:175} INFO - Processing /home/airflow/.local/lib/python3.7/site-packages/airflow/example_dags/example_external_task_marker_dag.py took 0.057 seconds
[2023-03-26T16:58:31.587+0000] {processor.py:153} INFO - Started process (PID=1029) to work on /home/airflow/.local/lib/python3.7/site-packages/airflow/example_dags/example_external_task_marker_dag.py
[2023-03-26T16:58:31.588+0000] {processor.py:743} INFO - Processing file /home/airflow/.local/lib/python3.7/site-packages/airflow/example_dags/example_external_task_marker_dag.py for tasks to queue
[2023-03-26T16:58:31.588+0000] {logging_mixin.py:137} INFO - [2023-03-26T16:58:31.588+0000] {dagbag.py:532} INFO - Filling up the DagBag from /home/airflow/.local/lib/python3.7/site-packages/airflow/example_dags/example_external_task_marker_dag.py
[2023-03-26T16:58:31.596+0000] {processor.py:753} INFO - DAG(s) dict_keys(['example_external_task_marker_parent', 'example_external_task_marker_child']) retrieved from /home/airflow/.local/lib/python3.7/site-packages/airflow/example_dags/example_external_task_marker_dag.py
[2023-03-26T16:58:31.614+0000] {logging_mixin.py:137} INFO - [2023-03-26T16:58:31.614+0000] {dag.py:2693} INFO - Sync 2 DAGs
[2023-03-26T16:58:31.628+0000] {logging_mixin.py:137} INFO - [2023-03-26T16:58:31.628+0000] {dag.py:3444} INFO - Setting next_dagrun for example_external_task_marker_child to None, run_after=None
[2023-03-26T16:58:31.630+0000] {logging_mixin.py:137} INFO - [2023-03-26T16:58:31.630+0000] {dag.py:3444} INFO - Setting next_dagrun for example_external_task_marker_parent to None, run_after=None
[2023-03-26T16:58:31.643+0000] {processor.py:175} INFO - Processing /home/airflow/.local/lib/python3.7/site-packages/airflow/example_dags/example_external_task_marker_dag.py took 0.057 seconds
[2023-03-26T16:59:02.359+0000] {processor.py:153} INFO - Started process (PID=1078) to work on /home/airflow/.local/lib/python3.7/site-packages/airflow/example_dags/example_external_task_marker_dag.py
[2023-03-26T16:59:02.360+0000] {processor.py:743} INFO - Processing file /home/airflow/.local/lib/python3.7/site-packages/airflow/example_dags/example_external_task_marker_dag.py for tasks to queue
[2023-03-26T16:59:02.360+0000] {logging_mixin.py:137} INFO - [2023-03-26T16:59:02.360+0000] {dagbag.py:532} INFO - Filling up the DagBag from /home/airflow/.local/lib/python3.7/site-packages/airflow/example_dags/example_external_task_marker_dag.py
[2023-03-26T16:59:02.368+0000] {processor.py:753} INFO - DAG(s) dict_keys(['example_external_task_marker_child', 'example_external_task_marker_parent']) retrieved from /home/airflow/.local/lib/python3.7/site-packages/airflow/example_dags/example_external_task_marker_dag.py
[2023-03-26T16:59:02.385+0000] {logging_mixin.py:137} INFO - [2023-03-26T16:59:02.385+0000] {dag.py:2693} INFO - Sync 2 DAGs
[2023-03-26T16:59:02.399+0000] {logging_mixin.py:137} INFO - [2023-03-26T16:59:02.399+0000] {dag.py:3444} INFO - Setting next_dagrun for example_external_task_marker_child to None, run_after=None
[2023-03-26T16:59:02.401+0000] {logging_mixin.py:137} INFO - [2023-03-26T16:59:02.401+0000] {dag.py:3444} INFO - Setting next_dagrun for example_external_task_marker_parent to None, run_after=None
[2023-03-26T16:59:02.418+0000] {processor.py:175} INFO - Processing /home/airflow/.local/lib/python3.7/site-packages/airflow/example_dags/example_external_task_marker_dag.py took 0.061 seconds
[2023-03-26T16:59:32.917+0000] {processor.py:153} INFO - Started process (PID=1127) to work on /home/airflow/.local/lib/python3.7/site-packages/airflow/example_dags/example_external_task_marker_dag.py
[2023-03-26T16:59:32.917+0000] {processor.py:743} INFO - Processing file /home/airflow/.local/lib/python3.7/site-packages/airflow/example_dags/example_external_task_marker_dag.py for tasks to queue
[2023-03-26T16:59:32.917+0000] {logging_mixin.py:137} INFO - [2023-03-26T16:59:32.917+0000] {dagbag.py:532} INFO - Filling up the DagBag from /home/airflow/.local/lib/python3.7/site-packages/airflow/example_dags/example_external_task_marker_dag.py
[2023-03-26T16:59:32.925+0000] {processor.py:753} INFO - DAG(s) dict_keys(['example_external_task_marker_child', 'example_external_task_marker_parent']) retrieved from /home/airflow/.local/lib/python3.7/site-packages/airflow/example_dags/example_external_task_marker_dag.py
[2023-03-26T16:59:32.941+0000] {logging_mixin.py:137} INFO - [2023-03-26T16:59:32.941+0000] {dag.py:2693} INFO - Sync 2 DAGs
[2023-03-26T16:59:32.955+0000] {logging_mixin.py:137} INFO - [2023-03-26T16:59:32.955+0000] {dag.py:3444} INFO - Setting next_dagrun for example_external_task_marker_child to None, run_after=None
[2023-03-26T16:59:32.957+0000] {logging_mixin.py:137} INFO - [2023-03-26T16:59:32.956+0000] {dag.py:3444} INFO - Setting next_dagrun for example_external_task_marker_parent to None, run_after=None
[2023-03-26T16:59:32.969+0000] {processor.py:175} INFO - Processing /home/airflow/.local/lib/python3.7/site-packages/airflow/example_dags/example_external_task_marker_dag.py took 0.054 seconds
[2023-03-26T17:00:03.679+0000] {processor.py:153} INFO - Started process (PID=1176) to work on /home/airflow/.local/lib/python3.7/site-packages/airflow/example_dags/example_external_task_marker_dag.py
[2023-03-26T17:00:03.680+0000] {processor.py:743} INFO - Processing file /home/airflow/.local/lib/python3.7/site-packages/airflow/example_dags/example_external_task_marker_dag.py for tasks to queue
[2023-03-26T17:00:03.680+0000] {logging_mixin.py:137} INFO - [2023-03-26T17:00:03.680+0000] {dagbag.py:532} INFO - Filling up the DagBag from /home/airflow/.local/lib/python3.7/site-packages/airflow/example_dags/example_external_task_marker_dag.py
[2023-03-26T17:00:03.687+0000] {processor.py:753} INFO - DAG(s) dict_keys(['example_external_task_marker_parent', 'example_external_task_marker_child']) retrieved from /home/airflow/.local/lib/python3.7/site-packages/airflow/example_dags/example_external_task_marker_dag.py
[2023-03-26T17:00:03.704+0000] {logging_mixin.py:137} INFO - [2023-03-26T17:00:03.704+0000] {dag.py:2693} INFO - Sync 2 DAGs
[2023-03-26T17:00:03.718+0000] {logging_mixin.py:137} INFO - [2023-03-26T17:00:03.718+0000] {dag.py:3444} INFO - Setting next_dagrun for example_external_task_marker_child to None, run_after=None
[2023-03-26T17:00:03.720+0000] {logging_mixin.py:137} INFO - [2023-03-26T17:00:03.719+0000] {dag.py:3444} INFO - Setting next_dagrun for example_external_task_marker_parent to None, run_after=None
[2023-03-26T17:00:03.731+0000] {processor.py:175} INFO - Processing /home/airflow/.local/lib/python3.7/site-packages/airflow/example_dags/example_external_task_marker_dag.py took 0.054 seconds
[2023-03-26T17:00:34.292+0000] {processor.py:153} INFO - Started process (PID=1225) to work on /home/airflow/.local/lib/python3.7/site-packages/airflow/example_dags/example_external_task_marker_dag.py
[2023-03-26T17:00:34.293+0000] {processor.py:743} INFO - Processing file /home/airflow/.local/lib/python3.7/site-packages/airflow/example_dags/example_external_task_marker_dag.py for tasks to queue
[2023-03-26T17:00:34.293+0000] {logging_mixin.py:137} INFO - [2023-03-26T17:00:34.293+0000] {dagbag.py:532} INFO - Filling up the DagBag from /home/airflow/.local/lib/python3.7/site-packages/airflow/example_dags/example_external_task_marker_dag.py
[2023-03-26T17:00:34.300+0000] {processor.py:753} INFO - DAG(s) dict_keys(['example_external_task_marker_child', 'example_external_task_marker_parent']) retrieved from /home/airflow/.local/lib/python3.7/site-packages/airflow/example_dags/example_external_task_marker_dag.py
[2023-03-26T17:00:34.318+0000] {logging_mixin.py:137} INFO - [2023-03-26T17:00:34.318+0000] {dag.py:2693} INFO - Sync 2 DAGs
[2023-03-26T17:00:34.332+0000] {logging_mixin.py:137} INFO - [2023-03-26T17:00:34.332+0000] {dag.py:3444} INFO - Setting next_dagrun for example_external_task_marker_child to None, run_after=None
[2023-03-26T17:00:34.334+0000] {logging_mixin.py:137} INFO - [2023-03-26T17:00:34.334+0000] {dag.py:3444} INFO - Setting next_dagrun for example_external_task_marker_parent to None, run_after=None
[2023-03-26T17:00:34.346+0000] {processor.py:175} INFO - Processing /home/airflow/.local/lib/python3.7/site-packages/airflow/example_dags/example_external_task_marker_dag.py took 0.056 seconds
