[2023-03-26T16:04:05.191+0000] {processor.py:153} INFO - Started process (PID=90) to work on /home/airflow/.local/lib/python3.7/site-packages/airflow/example_dags/example_task_group_decorator.py
[2023-03-26T16:04:05.192+0000] {processor.py:743} INFO - Processing file /home/airflow/.local/lib/python3.7/site-packages/airflow/example_dags/example_task_group_decorator.py for tasks to queue
[2023-03-26T16:04:05.192+0000] {logging_mixin.py:137} INFO - [2023-03-26T16:04:05.192+0000] {dagbag.py:532} INFO - Filling up the DagBag from /home/airflow/.local/lib/python3.7/site-packages/airflow/example_dags/example_task_group_decorator.py
[2023-03-26T16:04:05.211+0000] {processor.py:753} INFO - DAG(s) dict_keys(['example_task_group_decorator']) retrieved from /home/airflow/.local/lib/python3.7/site-packages/airflow/example_dags/example_task_group_decorator.py
[2023-03-26T16:04:05.286+0000] {logging_mixin.py:137} INFO - [2023-03-26T16:04:05.286+0000] {manager.py:504} INFO - Created Permission View: can read on DAG:example_task_group_decorator
[2023-03-26T16:04:05.295+0000] {logging_mixin.py:137} INFO - [2023-03-26T16:04:05.295+0000] {manager.py:504} INFO - Created Permission View: can edit on DAG:example_task_group_decorator
[2023-03-26T16:04:05.304+0000] {logging_mixin.py:137} INFO - [2023-03-26T16:04:05.303+0000] {manager.py:504} INFO - Created Permission View: can delete on DAG:example_task_group_decorator
[2023-03-26T16:04:05.304+0000] {logging_mixin.py:137} INFO - [2023-03-26T16:04:05.304+0000] {dag.py:2693} INFO - Sync 1 DAGs
[2023-03-26T16:04:05.318+0000] {logging_mixin.py:137} INFO - [2023-03-26T16:04:05.318+0000] {dag.py:2714} INFO - Creating ORM DAG for example_task_group_decorator
[2023-03-26T16:04:05.324+0000] {logging_mixin.py:137} INFO - [2023-03-26T16:04:05.324+0000] {dag.py:3444} INFO - Setting next_dagrun for example_task_group_decorator to 2023-03-25T16:04:05.324556+00:00, run_after=2023-03-26T16:04:05.324556+00:00
[2023-03-26T16:04:05.340+0000] {processor.py:175} INFO - Processing /home/airflow/.local/lib/python3.7/site-packages/airflow/example_dags/example_task_group_decorator.py took 0.151 seconds
[2023-03-26T16:04:36.186+0000] {processor.py:153} INFO - Started process (PID=139) to work on /home/airflow/.local/lib/python3.7/site-packages/airflow/example_dags/example_task_group_decorator.py
[2023-03-26T16:04:36.186+0000] {processor.py:743} INFO - Processing file /home/airflow/.local/lib/python3.7/site-packages/airflow/example_dags/example_task_group_decorator.py for tasks to queue
[2023-03-26T16:04:36.186+0000] {logging_mixin.py:137} INFO - [2023-03-26T16:04:36.186+0000] {dagbag.py:532} INFO - Filling up the DagBag from /home/airflow/.local/lib/python3.7/site-packages/airflow/example_dags/example_task_group_decorator.py
[2023-03-26T16:04:36.202+0000] {processor.py:753} INFO - DAG(s) dict_keys(['example_task_group_decorator']) retrieved from /home/airflow/.local/lib/python3.7/site-packages/airflow/example_dags/example_task_group_decorator.py
[2023-03-26T16:04:36.220+0000] {logging_mixin.py:137} INFO - [2023-03-26T16:04:36.220+0000] {dag.py:2693} INFO - Sync 1 DAGs
[2023-03-26T16:04:36.236+0000] {logging_mixin.py:137} INFO - [2023-03-26T16:04:36.236+0000] {dag.py:3444} INFO - Setting next_dagrun for example_task_group_decorator to 2023-03-25T16:04:36.236523+00:00, run_after=2023-03-26T16:04:36.236523+00:00
[2023-03-26T16:04:36.249+0000] {processor.py:175} INFO - Processing /home/airflow/.local/lib/python3.7/site-packages/airflow/example_dags/example_task_group_decorator.py took 0.065 seconds
[2023-03-26T16:05:06.795+0000] {processor.py:153} INFO - Started process (PID=188) to work on /home/airflow/.local/lib/python3.7/site-packages/airflow/example_dags/example_task_group_decorator.py
[2023-03-26T16:05:06.795+0000] {processor.py:743} INFO - Processing file /home/airflow/.local/lib/python3.7/site-packages/airflow/example_dags/example_task_group_decorator.py for tasks to queue
[2023-03-26T16:05:06.796+0000] {logging_mixin.py:137} INFO - [2023-03-26T16:05:06.796+0000] {dagbag.py:532} INFO - Filling up the DagBag from /home/airflow/.local/lib/python3.7/site-packages/airflow/example_dags/example_task_group_decorator.py
[2023-03-26T16:05:06.812+0000] {processor.py:753} INFO - DAG(s) dict_keys(['example_task_group_decorator']) retrieved from /home/airflow/.local/lib/python3.7/site-packages/airflow/example_dags/example_task_group_decorator.py
[2023-03-26T16:05:06.829+0000] {logging_mixin.py:137} INFO - [2023-03-26T16:05:06.829+0000] {dag.py:2693} INFO - Sync 1 DAGs
[2023-03-26T16:05:06.843+0000] {logging_mixin.py:137} INFO - [2023-03-26T16:05:06.843+0000] {dag.py:3444} INFO - Setting next_dagrun for example_task_group_decorator to 2023-03-25T16:05:06.843317+00:00, run_after=2023-03-26T16:05:06.843317+00:00
[2023-03-26T16:05:06.856+0000] {processor.py:175} INFO - Processing /home/airflow/.local/lib/python3.7/site-packages/airflow/example_dags/example_task_group_decorator.py took 0.063 seconds
[2023-03-26T16:05:37.378+0000] {processor.py:153} INFO - Started process (PID=236) to work on /home/airflow/.local/lib/python3.7/site-packages/airflow/example_dags/example_task_group_decorator.py
[2023-03-26T16:05:37.378+0000] {processor.py:743} INFO - Processing file /home/airflow/.local/lib/python3.7/site-packages/airflow/example_dags/example_task_group_decorator.py for tasks to queue
[2023-03-26T16:05:37.378+0000] {logging_mixin.py:137} INFO - [2023-03-26T16:05:37.378+0000] {dagbag.py:532} INFO - Filling up the DagBag from /home/airflow/.local/lib/python3.7/site-packages/airflow/example_dags/example_task_group_decorator.py
[2023-03-26T16:05:37.395+0000] {processor.py:753} INFO - DAG(s) dict_keys(['example_task_group_decorator']) retrieved from /home/airflow/.local/lib/python3.7/site-packages/airflow/example_dags/example_task_group_decorator.py
[2023-03-26T16:05:37.412+0000] {logging_mixin.py:137} INFO - [2023-03-26T16:05:37.412+0000] {dag.py:2693} INFO - Sync 1 DAGs
[2023-03-26T16:05:37.426+0000] {logging_mixin.py:137} INFO - [2023-03-26T16:05:37.426+0000] {dag.py:3444} INFO - Setting next_dagrun for example_task_group_decorator to 2023-03-25T16:05:37.426253+00:00, run_after=2023-03-26T16:05:37.426253+00:00
[2023-03-26T16:05:37.442+0000] {processor.py:175} INFO - Processing /home/airflow/.local/lib/python3.7/site-packages/airflow/example_dags/example_task_group_decorator.py took 0.067 seconds
[2023-03-26T16:06:08.020+0000] {processor.py:153} INFO - Started process (PID=285) to work on /home/airflow/.local/lib/python3.7/site-packages/airflow/example_dags/example_task_group_decorator.py
[2023-03-26T16:06:08.022+0000] {processor.py:743} INFO - Processing file /home/airflow/.local/lib/python3.7/site-packages/airflow/example_dags/example_task_group_decorator.py for tasks to queue
[2023-03-26T16:06:08.022+0000] {logging_mixin.py:137} INFO - [2023-03-26T16:06:08.022+0000] {dagbag.py:532} INFO - Filling up the DagBag from /home/airflow/.local/lib/python3.7/site-packages/airflow/example_dags/example_task_group_decorator.py
[2023-03-26T16:06:08.038+0000] {processor.py:753} INFO - DAG(s) dict_keys(['example_task_group_decorator']) retrieved from /home/airflow/.local/lib/python3.7/site-packages/airflow/example_dags/example_task_group_decorator.py
[2023-03-26T16:06:08.055+0000] {logging_mixin.py:137} INFO - [2023-03-26T16:06:08.055+0000] {dag.py:2693} INFO - Sync 1 DAGs
[2023-03-26T16:06:08.070+0000] {logging_mixin.py:137} INFO - [2023-03-26T16:06:08.070+0000] {dag.py:3444} INFO - Setting next_dagrun for example_task_group_decorator to 2023-03-25T16:06:08.069866+00:00, run_after=2023-03-26T16:06:08.069866+00:00
[2023-03-26T16:06:08.082+0000] {processor.py:175} INFO - Processing /home/airflow/.local/lib/python3.7/site-packages/airflow/example_dags/example_task_group_decorator.py took 0.063 seconds
[2023-03-26T16:06:38.620+0000] {processor.py:153} INFO - Started process (PID=334) to work on /home/airflow/.local/lib/python3.7/site-packages/airflow/example_dags/example_task_group_decorator.py
[2023-03-26T16:06:38.620+0000] {processor.py:743} INFO - Processing file /home/airflow/.local/lib/python3.7/site-packages/airflow/example_dags/example_task_group_decorator.py for tasks to queue
[2023-03-26T16:06:38.621+0000] {logging_mixin.py:137} INFO - [2023-03-26T16:06:38.621+0000] {dagbag.py:532} INFO - Filling up the DagBag from /home/airflow/.local/lib/python3.7/site-packages/airflow/example_dags/example_task_group_decorator.py
[2023-03-26T16:06:38.637+0000] {processor.py:753} INFO - DAG(s) dict_keys(['example_task_group_decorator']) retrieved from /home/airflow/.local/lib/python3.7/site-packages/airflow/example_dags/example_task_group_decorator.py
[2023-03-26T16:06:38.655+0000] {logging_mixin.py:137} INFO - [2023-03-26T16:06:38.655+0000] {dag.py:2693} INFO - Sync 1 DAGs
[2023-03-26T16:06:38.669+0000] {logging_mixin.py:137} INFO - [2023-03-26T16:06:38.669+0000] {dag.py:3444} INFO - Setting next_dagrun for example_task_group_decorator to 2023-03-25T16:06:38.669603+00:00, run_after=2023-03-26T16:06:38.669603+00:00
[2023-03-26T16:06:38.684+0000] {processor.py:175} INFO - Processing /home/airflow/.local/lib/python3.7/site-packages/airflow/example_dags/example_task_group_decorator.py took 0.066 seconds
[2023-03-26T16:07:09.282+0000] {processor.py:153} INFO - Started process (PID=383) to work on /home/airflow/.local/lib/python3.7/site-packages/airflow/example_dags/example_task_group_decorator.py
[2023-03-26T16:07:09.283+0000] {processor.py:743} INFO - Processing file /home/airflow/.local/lib/python3.7/site-packages/airflow/example_dags/example_task_group_decorator.py for tasks to queue
[2023-03-26T16:07:09.284+0000] {logging_mixin.py:137} INFO - [2023-03-26T16:07:09.284+0000] {dagbag.py:532} INFO - Filling up the DagBag from /home/airflow/.local/lib/python3.7/site-packages/airflow/example_dags/example_task_group_decorator.py
[2023-03-26T16:07:09.300+0000] {processor.py:753} INFO - DAG(s) dict_keys(['example_task_group_decorator']) retrieved from /home/airflow/.local/lib/python3.7/site-packages/airflow/example_dags/example_task_group_decorator.py
[2023-03-26T16:07:09.317+0000] {logging_mixin.py:137} INFO - [2023-03-26T16:07:09.317+0000] {dag.py:2693} INFO - Sync 1 DAGs
[2023-03-26T16:07:09.331+0000] {logging_mixin.py:137} INFO - [2023-03-26T16:07:09.331+0000] {dag.py:3444} INFO - Setting next_dagrun for example_task_group_decorator to 2023-03-25T16:07:09.331477+00:00, run_after=2023-03-26T16:07:09.331477+00:00
[2023-03-26T16:07:09.344+0000] {processor.py:175} INFO - Processing /home/airflow/.local/lib/python3.7/site-packages/airflow/example_dags/example_task_group_decorator.py took 0.063 seconds
[2023-03-26T16:07:39.918+0000] {processor.py:153} INFO - Started process (PID=432) to work on /home/airflow/.local/lib/python3.7/site-packages/airflow/example_dags/example_task_group_decorator.py
[2023-03-26T16:07:39.918+0000] {processor.py:743} INFO - Processing file /home/airflow/.local/lib/python3.7/site-packages/airflow/example_dags/example_task_group_decorator.py for tasks to queue
[2023-03-26T16:07:39.918+0000] {logging_mixin.py:137} INFO - [2023-03-26T16:07:39.918+0000] {dagbag.py:532} INFO - Filling up the DagBag from /home/airflow/.local/lib/python3.7/site-packages/airflow/example_dags/example_task_group_decorator.py
[2023-03-26T16:07:39.934+0000] {processor.py:753} INFO - DAG(s) dict_keys(['example_task_group_decorator']) retrieved from /home/airflow/.local/lib/python3.7/site-packages/airflow/example_dags/example_task_group_decorator.py
[2023-03-26T16:07:39.954+0000] {logging_mixin.py:137} INFO - [2023-03-26T16:07:39.954+0000] {dag.py:2693} INFO - Sync 1 DAGs
[2023-03-26T16:07:39.968+0000] {logging_mixin.py:137} INFO - [2023-03-26T16:07:39.968+0000] {dag.py:3444} INFO - Setting next_dagrun for example_task_group_decorator to 2023-03-25T16:07:39.968424+00:00, run_after=2023-03-26T16:07:39.968424+00:00
[2023-03-26T16:07:39.985+0000] {processor.py:175} INFO - Processing /home/airflow/.local/lib/python3.7/site-packages/airflow/example_dags/example_task_group_decorator.py took 0.069 seconds
[2023-03-26T16:08:10.527+0000] {processor.py:153} INFO - Started process (PID=481) to work on /home/airflow/.local/lib/python3.7/site-packages/airflow/example_dags/example_task_group_decorator.py
[2023-03-26T16:08:10.528+0000] {processor.py:743} INFO - Processing file /home/airflow/.local/lib/python3.7/site-packages/airflow/example_dags/example_task_group_decorator.py for tasks to queue
[2023-03-26T16:08:10.528+0000] {logging_mixin.py:137} INFO - [2023-03-26T16:08:10.528+0000] {dagbag.py:532} INFO - Filling up the DagBag from /home/airflow/.local/lib/python3.7/site-packages/airflow/example_dags/example_task_group_decorator.py
[2023-03-26T16:08:10.544+0000] {processor.py:753} INFO - DAG(s) dict_keys(['example_task_group_decorator']) retrieved from /home/airflow/.local/lib/python3.7/site-packages/airflow/example_dags/example_task_group_decorator.py
[2023-03-26T16:08:10.561+0000] {logging_mixin.py:137} INFO - [2023-03-26T16:08:10.561+0000] {dag.py:2693} INFO - Sync 1 DAGs
[2023-03-26T16:08:10.575+0000] {logging_mixin.py:137} INFO - [2023-03-26T16:08:10.575+0000] {dag.py:3444} INFO - Setting next_dagrun for example_task_group_decorator to 2023-03-25T16:08:10.575337+00:00, run_after=2023-03-26T16:08:10.575337+00:00
[2023-03-26T16:08:10.587+0000] {processor.py:175} INFO - Processing /home/airflow/.local/lib/python3.7/site-packages/airflow/example_dags/example_task_group_decorator.py took 0.062 seconds
[2023-03-26T16:13:00.888+0000] {processor.py:153} INFO - Started process (PID=90) to work on /home/airflow/.local/lib/python3.7/site-packages/airflow/example_dags/example_task_group_decorator.py
[2023-03-26T16:13:00.889+0000] {processor.py:743} INFO - Processing file /home/airflow/.local/lib/python3.7/site-packages/airflow/example_dags/example_task_group_decorator.py for tasks to queue
[2023-03-26T16:13:00.889+0000] {logging_mixin.py:137} INFO - [2023-03-26T16:13:00.889+0000] {dagbag.py:532} INFO - Filling up the DagBag from /home/airflow/.local/lib/python3.7/site-packages/airflow/example_dags/example_task_group_decorator.py
[2023-03-26T16:13:00.913+0000] {processor.py:753} INFO - DAG(s) dict_keys(['example_task_group_decorator']) retrieved from /home/airflow/.local/lib/python3.7/site-packages/airflow/example_dags/example_task_group_decorator.py
[2023-03-26T16:13:00.923+0000] {logging_mixin.py:137} INFO - [2023-03-26T16:13:00.923+0000] {dag.py:2693} INFO - Sync 1 DAGs
[2023-03-26T16:13:00.941+0000] {logging_mixin.py:137} INFO - [2023-03-26T16:13:00.941+0000] {dag.py:3444} INFO - Setting next_dagrun for example_task_group_decorator to 2023-03-25T16:13:00.941314+00:00, run_after=2023-03-26T16:13:00.941314+00:00
[2023-03-26T16:13:00.960+0000] {processor.py:175} INFO - Processing /home/airflow/.local/lib/python3.7/site-packages/airflow/example_dags/example_task_group_decorator.py took 0.074 seconds
[2023-03-26T16:13:31.480+0000] {processor.py:153} INFO - Started process (PID=139) to work on /home/airflow/.local/lib/python3.7/site-packages/airflow/example_dags/example_task_group_decorator.py
[2023-03-26T16:13:31.481+0000] {processor.py:743} INFO - Processing file /home/airflow/.local/lib/python3.7/site-packages/airflow/example_dags/example_task_group_decorator.py for tasks to queue
[2023-03-26T16:13:31.481+0000] {logging_mixin.py:137} INFO - [2023-03-26T16:13:31.481+0000] {dagbag.py:532} INFO - Filling up the DagBag from /home/airflow/.local/lib/python3.7/site-packages/airflow/example_dags/example_task_group_decorator.py
[2023-03-26T16:13:31.496+0000] {processor.py:753} INFO - DAG(s) dict_keys(['example_task_group_decorator']) retrieved from /home/airflow/.local/lib/python3.7/site-packages/airflow/example_dags/example_task_group_decorator.py
[2023-03-26T16:13:31.514+0000] {logging_mixin.py:137} INFO - [2023-03-26T16:13:31.513+0000] {dag.py:2693} INFO - Sync 1 DAGs
[2023-03-26T16:13:31.527+0000] {logging_mixin.py:137} INFO - [2023-03-26T16:13:31.527+0000] {dag.py:3444} INFO - Setting next_dagrun for example_task_group_decorator to 2023-03-25T16:13:31.527368+00:00, run_after=2023-03-26T16:13:31.527368+00:00
[2023-03-26T16:13:31.539+0000] {processor.py:175} INFO - Processing /home/airflow/.local/lib/python3.7/site-packages/airflow/example_dags/example_task_group_decorator.py took 0.061 seconds
[2023-03-26T16:17:29.803+0000] {processor.py:153} INFO - Started process (PID=90) to work on /home/airflow/.local/lib/python3.7/site-packages/airflow/example_dags/example_task_group_decorator.py
[2023-03-26T16:17:29.804+0000] {processor.py:743} INFO - Processing file /home/airflow/.local/lib/python3.7/site-packages/airflow/example_dags/example_task_group_decorator.py for tasks to queue
[2023-03-26T16:17:29.804+0000] {logging_mixin.py:137} INFO - [2023-03-26T16:17:29.804+0000] {dagbag.py:532} INFO - Filling up the DagBag from /home/airflow/.local/lib/python3.7/site-packages/airflow/example_dags/example_task_group_decorator.py
[2023-03-26T16:17:29.824+0000] {processor.py:753} INFO - DAG(s) dict_keys(['example_task_group_decorator']) retrieved from /home/airflow/.local/lib/python3.7/site-packages/airflow/example_dags/example_task_group_decorator.py
[2023-03-26T16:17:29.832+0000] {logging_mixin.py:137} INFO - [2023-03-26T16:17:29.832+0000] {dag.py:2693} INFO - Sync 1 DAGs
[2023-03-26T16:17:29.847+0000] {logging_mixin.py:137} INFO - [2023-03-26T16:17:29.847+0000] {dag.py:3444} INFO - Setting next_dagrun for example_task_group_decorator to 2023-03-25T16:17:29.847354+00:00, run_after=2023-03-26T16:17:29.847354+00:00
[2023-03-26T16:17:29.863+0000] {processor.py:175} INFO - Processing /home/airflow/.local/lib/python3.7/site-packages/airflow/example_dags/example_task_group_decorator.py took 0.062 seconds
[2023-03-26T16:18:00.708+0000] {processor.py:153} INFO - Started process (PID=139) to work on /home/airflow/.local/lib/python3.7/site-packages/airflow/example_dags/example_task_group_decorator.py
[2023-03-26T16:18:00.709+0000] {processor.py:743} INFO - Processing file /home/airflow/.local/lib/python3.7/site-packages/airflow/example_dags/example_task_group_decorator.py for tasks to queue
[2023-03-26T16:18:00.710+0000] {logging_mixin.py:137} INFO - [2023-03-26T16:18:00.710+0000] {dagbag.py:532} INFO - Filling up the DagBag from /home/airflow/.local/lib/python3.7/site-packages/airflow/example_dags/example_task_group_decorator.py
[2023-03-26T16:18:00.726+0000] {processor.py:753} INFO - DAG(s) dict_keys(['example_task_group_decorator']) retrieved from /home/airflow/.local/lib/python3.7/site-packages/airflow/example_dags/example_task_group_decorator.py
[2023-03-26T16:18:00.743+0000] {logging_mixin.py:137} INFO - [2023-03-26T16:18:00.743+0000] {dag.py:2693} INFO - Sync 1 DAGs
[2023-03-26T16:18:00.758+0000] {logging_mixin.py:137} INFO - [2023-03-26T16:18:00.757+0000] {dag.py:3444} INFO - Setting next_dagrun for example_task_group_decorator to 2023-03-25T16:18:00.757802+00:00, run_after=2023-03-26T16:18:00.757802+00:00
[2023-03-26T16:18:00.772+0000] {processor.py:175} INFO - Processing /home/airflow/.local/lib/python3.7/site-packages/airflow/example_dags/example_task_group_decorator.py took 0.065 seconds
[2023-03-26T16:18:31.294+0000] {processor.py:153} INFO - Started process (PID=188) to work on /home/airflow/.local/lib/python3.7/site-packages/airflow/example_dags/example_task_group_decorator.py
[2023-03-26T16:18:31.295+0000] {processor.py:743} INFO - Processing file /home/airflow/.local/lib/python3.7/site-packages/airflow/example_dags/example_task_group_decorator.py for tasks to queue
[2023-03-26T16:18:31.295+0000] {logging_mixin.py:137} INFO - [2023-03-26T16:18:31.295+0000] {dagbag.py:532} INFO - Filling up the DagBag from /home/airflow/.local/lib/python3.7/site-packages/airflow/example_dags/example_task_group_decorator.py
[2023-03-26T16:18:31.311+0000] {processor.py:753} INFO - DAG(s) dict_keys(['example_task_group_decorator']) retrieved from /home/airflow/.local/lib/python3.7/site-packages/airflow/example_dags/example_task_group_decorator.py
[2023-03-26T16:18:31.330+0000] {logging_mixin.py:137} INFO - [2023-03-26T16:18:31.330+0000] {dag.py:2693} INFO - Sync 1 DAGs
[2023-03-26T16:18:31.345+0000] {logging_mixin.py:137} INFO - [2023-03-26T16:18:31.345+0000] {dag.py:3444} INFO - Setting next_dagrun for example_task_group_decorator to 2023-03-25T16:18:31.345282+00:00, run_after=2023-03-26T16:18:31.345282+00:00
[2023-03-26T16:18:31.359+0000] {processor.py:175} INFO - Processing /home/airflow/.local/lib/python3.7/site-packages/airflow/example_dags/example_task_group_decorator.py took 0.067 seconds
[2023-03-26T16:19:02.045+0000] {processor.py:153} INFO - Started process (PID=237) to work on /home/airflow/.local/lib/python3.7/site-packages/airflow/example_dags/example_task_group_decorator.py
[2023-03-26T16:19:02.045+0000] {processor.py:743} INFO - Processing file /home/airflow/.local/lib/python3.7/site-packages/airflow/example_dags/example_task_group_decorator.py for tasks to queue
[2023-03-26T16:19:02.046+0000] {logging_mixin.py:137} INFO - [2023-03-26T16:19:02.046+0000] {dagbag.py:532} INFO - Filling up the DagBag from /home/airflow/.local/lib/python3.7/site-packages/airflow/example_dags/example_task_group_decorator.py
[2023-03-26T16:19:02.061+0000] {processor.py:753} INFO - DAG(s) dict_keys(['example_task_group_decorator']) retrieved from /home/airflow/.local/lib/python3.7/site-packages/airflow/example_dags/example_task_group_decorator.py
[2023-03-26T16:19:02.079+0000] {logging_mixin.py:137} INFO - [2023-03-26T16:19:02.079+0000] {dag.py:2693} INFO - Sync 1 DAGs
[2023-03-26T16:19:02.093+0000] {logging_mixin.py:137} INFO - [2023-03-26T16:19:02.093+0000] {dag.py:3444} INFO - Setting next_dagrun for example_task_group_decorator to 2023-03-25T16:19:02.092921+00:00, run_after=2023-03-26T16:19:02.092921+00:00
[2023-03-26T16:19:02.116+0000] {processor.py:175} INFO - Processing /home/airflow/.local/lib/python3.7/site-packages/airflow/example_dags/example_task_group_decorator.py took 0.073 seconds
[2023-03-26T16:19:32.765+0000] {processor.py:153} INFO - Started process (PID=286) to work on /home/airflow/.local/lib/python3.7/site-packages/airflow/example_dags/example_task_group_decorator.py
[2023-03-26T16:19:32.765+0000] {processor.py:743} INFO - Processing file /home/airflow/.local/lib/python3.7/site-packages/airflow/example_dags/example_task_group_decorator.py for tasks to queue
[2023-03-26T16:19:32.766+0000] {logging_mixin.py:137} INFO - [2023-03-26T16:19:32.766+0000] {dagbag.py:532} INFO - Filling up the DagBag from /home/airflow/.local/lib/python3.7/site-packages/airflow/example_dags/example_task_group_decorator.py
[2023-03-26T16:19:32.781+0000] {processor.py:753} INFO - DAG(s) dict_keys(['example_task_group_decorator']) retrieved from /home/airflow/.local/lib/python3.7/site-packages/airflow/example_dags/example_task_group_decorator.py
[2023-03-26T16:19:32.799+0000] {logging_mixin.py:137} INFO - [2023-03-26T16:19:32.798+0000] {dag.py:2693} INFO - Sync 1 DAGs
[2023-03-26T16:19:32.814+0000] {logging_mixin.py:137} INFO - [2023-03-26T16:19:32.814+0000] {dag.py:3444} INFO - Setting next_dagrun for example_task_group_decorator to 2023-03-25T16:19:32.813915+00:00, run_after=2023-03-26T16:19:32.813915+00:00
[2023-03-26T16:19:32.827+0000] {processor.py:175} INFO - Processing /home/airflow/.local/lib/python3.7/site-packages/airflow/example_dags/example_task_group_decorator.py took 0.064 seconds
[2023-03-26T16:20:03.364+0000] {processor.py:153} INFO - Started process (PID=335) to work on /home/airflow/.local/lib/python3.7/site-packages/airflow/example_dags/example_task_group_decorator.py
[2023-03-26T16:20:03.365+0000] {processor.py:743} INFO - Processing file /home/airflow/.local/lib/python3.7/site-packages/airflow/example_dags/example_task_group_decorator.py for tasks to queue
[2023-03-26T16:20:03.365+0000] {logging_mixin.py:137} INFO - [2023-03-26T16:20:03.365+0000] {dagbag.py:532} INFO - Filling up the DagBag from /home/airflow/.local/lib/python3.7/site-packages/airflow/example_dags/example_task_group_decorator.py
[2023-03-26T16:20:03.381+0000] {processor.py:753} INFO - DAG(s) dict_keys(['example_task_group_decorator']) retrieved from /home/airflow/.local/lib/python3.7/site-packages/airflow/example_dags/example_task_group_decorator.py
[2023-03-26T16:20:03.400+0000] {logging_mixin.py:137} INFO - [2023-03-26T16:20:03.400+0000] {dag.py:2693} INFO - Sync 1 DAGs
[2023-03-26T16:20:03.414+0000] {logging_mixin.py:137} INFO - [2023-03-26T16:20:03.414+0000] {dag.py:3444} INFO - Setting next_dagrun for example_task_group_decorator to 2023-03-25T16:20:03.414361+00:00, run_after=2023-03-26T16:20:03.414361+00:00
[2023-03-26T16:20:03.428+0000] {processor.py:175} INFO - Processing /home/airflow/.local/lib/python3.7/site-packages/airflow/example_dags/example_task_group_decorator.py took 0.066 seconds
[2023-03-26T16:20:33.969+0000] {processor.py:153} INFO - Started process (PID=384) to work on /home/airflow/.local/lib/python3.7/site-packages/airflow/example_dags/example_task_group_decorator.py
[2023-03-26T16:20:33.969+0000] {processor.py:743} INFO - Processing file /home/airflow/.local/lib/python3.7/site-packages/airflow/example_dags/example_task_group_decorator.py for tasks to queue
[2023-03-26T16:20:33.969+0000] {logging_mixin.py:137} INFO - [2023-03-26T16:20:33.969+0000] {dagbag.py:532} INFO - Filling up the DagBag from /home/airflow/.local/lib/python3.7/site-packages/airflow/example_dags/example_task_group_decorator.py
[2023-03-26T16:20:33.986+0000] {processor.py:753} INFO - DAG(s) dict_keys(['example_task_group_decorator']) retrieved from /home/airflow/.local/lib/python3.7/site-packages/airflow/example_dags/example_task_group_decorator.py
[2023-03-26T16:20:34.006+0000] {logging_mixin.py:137} INFO - [2023-03-26T16:20:34.006+0000] {dag.py:2693} INFO - Sync 1 DAGs
[2023-03-26T16:20:34.021+0000] {logging_mixin.py:137} INFO - [2023-03-26T16:20:34.020+0000] {dag.py:3444} INFO - Setting next_dagrun for example_task_group_decorator to 2023-03-25T16:20:34.020825+00:00, run_after=2023-03-26T16:20:34.020825+00:00
[2023-03-26T16:20:34.034+0000] {processor.py:175} INFO - Processing /home/airflow/.local/lib/python3.7/site-packages/airflow/example_dags/example_task_group_decorator.py took 0.067 seconds
[2023-03-26T16:21:04.584+0000] {processor.py:153} INFO - Started process (PID=434) to work on /home/airflow/.local/lib/python3.7/site-packages/airflow/example_dags/example_task_group_decorator.py
[2023-03-26T16:21:04.585+0000] {processor.py:743} INFO - Processing file /home/airflow/.local/lib/python3.7/site-packages/airflow/example_dags/example_task_group_decorator.py for tasks to queue
[2023-03-26T16:21:04.585+0000] {logging_mixin.py:137} INFO - [2023-03-26T16:21:04.585+0000] {dagbag.py:532} INFO - Filling up the DagBag from /home/airflow/.local/lib/python3.7/site-packages/airflow/example_dags/example_task_group_decorator.py
[2023-03-26T16:21:04.601+0000] {processor.py:753} INFO - DAG(s) dict_keys(['example_task_group_decorator']) retrieved from /home/airflow/.local/lib/python3.7/site-packages/airflow/example_dags/example_task_group_decorator.py
[2023-03-26T16:21:04.619+0000] {logging_mixin.py:137} INFO - [2023-03-26T16:21:04.619+0000] {dag.py:2693} INFO - Sync 1 DAGs
[2023-03-26T16:21:04.634+0000] {logging_mixin.py:137} INFO - [2023-03-26T16:21:04.634+0000] {dag.py:3444} INFO - Setting next_dagrun for example_task_group_decorator to 2023-03-25T16:21:04.634427+00:00, run_after=2023-03-26T16:21:04.634427+00:00
[2023-03-26T16:21:04.648+0000] {processor.py:175} INFO - Processing /home/airflow/.local/lib/python3.7/site-packages/airflow/example_dags/example_task_group_decorator.py took 0.065 seconds
[2023-03-26T16:21:35.251+0000] {processor.py:153} INFO - Started process (PID=483) to work on /home/airflow/.local/lib/python3.7/site-packages/airflow/example_dags/example_task_group_decorator.py
[2023-03-26T16:21:35.251+0000] {processor.py:743} INFO - Processing file /home/airflow/.local/lib/python3.7/site-packages/airflow/example_dags/example_task_group_decorator.py for tasks to queue
[2023-03-26T16:21:35.252+0000] {logging_mixin.py:137} INFO - [2023-03-26T16:21:35.252+0000] {dagbag.py:532} INFO - Filling up the DagBag from /home/airflow/.local/lib/python3.7/site-packages/airflow/example_dags/example_task_group_decorator.py
[2023-03-26T16:21:35.268+0000] {processor.py:753} INFO - DAG(s) dict_keys(['example_task_group_decorator']) retrieved from /home/airflow/.local/lib/python3.7/site-packages/airflow/example_dags/example_task_group_decorator.py
[2023-03-26T16:21:35.285+0000] {logging_mixin.py:137} INFO - [2023-03-26T16:21:35.285+0000] {dag.py:2693} INFO - Sync 1 DAGs
[2023-03-26T16:21:35.300+0000] {logging_mixin.py:137} INFO - [2023-03-26T16:21:35.300+0000] {dag.py:3444} INFO - Setting next_dagrun for example_task_group_decorator to 2023-03-25T16:21:35.299883+00:00, run_after=2023-03-26T16:21:35.299883+00:00
[2023-03-26T16:21:35.313+0000] {processor.py:175} INFO - Processing /home/airflow/.local/lib/python3.7/site-packages/airflow/example_dags/example_task_group_decorator.py took 0.064 seconds
[2023-03-26T16:22:06.173+0000] {processor.py:153} INFO - Started process (PID=532) to work on /home/airflow/.local/lib/python3.7/site-packages/airflow/example_dags/example_task_group_decorator.py
[2023-03-26T16:22:06.174+0000] {processor.py:743} INFO - Processing file /home/airflow/.local/lib/python3.7/site-packages/airflow/example_dags/example_task_group_decorator.py for tasks to queue
[2023-03-26T16:22:06.175+0000] {logging_mixin.py:137} INFO - [2023-03-26T16:22:06.175+0000] {dagbag.py:532} INFO - Filling up the DagBag from /home/airflow/.local/lib/python3.7/site-packages/airflow/example_dags/example_task_group_decorator.py
[2023-03-26T16:22:06.192+0000] {processor.py:753} INFO - DAG(s) dict_keys(['example_task_group_decorator']) retrieved from /home/airflow/.local/lib/python3.7/site-packages/airflow/example_dags/example_task_group_decorator.py
[2023-03-26T16:22:06.209+0000] {logging_mixin.py:137} INFO - [2023-03-26T16:22:06.209+0000] {dag.py:2693} INFO - Sync 1 DAGs
[2023-03-26T16:22:06.223+0000] {logging_mixin.py:137} INFO - [2023-03-26T16:22:06.223+0000] {dag.py:3444} INFO - Setting next_dagrun for example_task_group_decorator to 2023-03-25T16:22:06.222987+00:00, run_after=2023-03-26T16:22:06.222987+00:00
[2023-03-26T16:22:06.235+0000] {processor.py:175} INFO - Processing /home/airflow/.local/lib/python3.7/site-packages/airflow/example_dags/example_task_group_decorator.py took 0.063 seconds
[2023-03-26T16:22:37.029+0000] {processor.py:153} INFO - Started process (PID=581) to work on /home/airflow/.local/lib/python3.7/site-packages/airflow/example_dags/example_task_group_decorator.py
[2023-03-26T16:22:37.029+0000] {processor.py:743} INFO - Processing file /home/airflow/.local/lib/python3.7/site-packages/airflow/example_dags/example_task_group_decorator.py for tasks to queue
[2023-03-26T16:22:37.029+0000] {logging_mixin.py:137} INFO - [2023-03-26T16:22:37.029+0000] {dagbag.py:532} INFO - Filling up the DagBag from /home/airflow/.local/lib/python3.7/site-packages/airflow/example_dags/example_task_group_decorator.py
[2023-03-26T16:22:37.046+0000] {processor.py:753} INFO - DAG(s) dict_keys(['example_task_group_decorator']) retrieved from /home/airflow/.local/lib/python3.7/site-packages/airflow/example_dags/example_task_group_decorator.py
[2023-03-26T16:22:37.065+0000] {logging_mixin.py:137} INFO - [2023-03-26T16:22:37.065+0000] {dag.py:2693} INFO - Sync 1 DAGs
[2023-03-26T16:22:37.079+0000] {logging_mixin.py:137} INFO - [2023-03-26T16:22:37.079+0000] {dag.py:3444} INFO - Setting next_dagrun for example_task_group_decorator to 2023-03-25T16:22:37.078941+00:00, run_after=2023-03-26T16:22:37.078941+00:00
[2023-03-26T16:22:37.096+0000] {processor.py:175} INFO - Processing /home/airflow/.local/lib/python3.7/site-packages/airflow/example_dags/example_task_group_decorator.py took 0.069 seconds
[2023-03-26T16:23:07.935+0000] {processor.py:153} INFO - Started process (PID=630) to work on /home/airflow/.local/lib/python3.7/site-packages/airflow/example_dags/example_task_group_decorator.py
[2023-03-26T16:23:07.936+0000] {processor.py:743} INFO - Processing file /home/airflow/.local/lib/python3.7/site-packages/airflow/example_dags/example_task_group_decorator.py for tasks to queue
[2023-03-26T16:23:07.937+0000] {logging_mixin.py:137} INFO - [2023-03-26T16:23:07.937+0000] {dagbag.py:532} INFO - Filling up the DagBag from /home/airflow/.local/lib/python3.7/site-packages/airflow/example_dags/example_task_group_decorator.py
[2023-03-26T16:23:07.953+0000] {processor.py:753} INFO - DAG(s) dict_keys(['example_task_group_decorator']) retrieved from /home/airflow/.local/lib/python3.7/site-packages/airflow/example_dags/example_task_group_decorator.py
[2023-03-26T16:23:07.972+0000] {logging_mixin.py:137} INFO - [2023-03-26T16:23:07.972+0000] {dag.py:2693} INFO - Sync 1 DAGs
[2023-03-26T16:23:07.987+0000] {logging_mixin.py:137} INFO - [2023-03-26T16:23:07.987+0000] {dag.py:3444} INFO - Setting next_dagrun for example_task_group_decorator to 2023-03-25T16:23:07.987162+00:00, run_after=2023-03-26T16:23:07.987162+00:00
[2023-03-26T16:23:08.000+0000] {processor.py:175} INFO - Processing /home/airflow/.local/lib/python3.7/site-packages/airflow/example_dags/example_task_group_decorator.py took 0.067 seconds
[2023-03-26T16:23:38.649+0000] {processor.py:153} INFO - Started process (PID=679) to work on /home/airflow/.local/lib/python3.7/site-packages/airflow/example_dags/example_task_group_decorator.py
[2023-03-26T16:23:38.649+0000] {processor.py:743} INFO - Processing file /home/airflow/.local/lib/python3.7/site-packages/airflow/example_dags/example_task_group_decorator.py for tasks to queue
[2023-03-26T16:23:38.649+0000] {logging_mixin.py:137} INFO - [2023-03-26T16:23:38.649+0000] {dagbag.py:532} INFO - Filling up the DagBag from /home/airflow/.local/lib/python3.7/site-packages/airflow/example_dags/example_task_group_decorator.py
[2023-03-26T16:23:38.665+0000] {processor.py:753} INFO - DAG(s) dict_keys(['example_task_group_decorator']) retrieved from /home/airflow/.local/lib/python3.7/site-packages/airflow/example_dags/example_task_group_decorator.py
[2023-03-26T16:23:38.684+0000] {logging_mixin.py:137} INFO - [2023-03-26T16:23:38.684+0000] {dag.py:2693} INFO - Sync 1 DAGs
[2023-03-26T16:23:38.698+0000] {logging_mixin.py:137} INFO - [2023-03-26T16:23:38.698+0000] {dag.py:3444} INFO - Setting next_dagrun for example_task_group_decorator to 2023-03-25T16:23:38.698385+00:00, run_after=2023-03-26T16:23:38.698385+00:00
[2023-03-26T16:23:38.712+0000] {processor.py:175} INFO - Processing /home/airflow/.local/lib/python3.7/site-packages/airflow/example_dags/example_task_group_decorator.py took 0.065 seconds
[2023-03-26T16:24:09.408+0000] {processor.py:153} INFO - Started process (PID=728) to work on /home/airflow/.local/lib/python3.7/site-packages/airflow/example_dags/example_task_group_decorator.py
[2023-03-26T16:24:09.409+0000] {processor.py:743} INFO - Processing file /home/airflow/.local/lib/python3.7/site-packages/airflow/example_dags/example_task_group_decorator.py for tasks to queue
[2023-03-26T16:24:09.409+0000] {logging_mixin.py:137} INFO - [2023-03-26T16:24:09.409+0000] {dagbag.py:532} INFO - Filling up the DagBag from /home/airflow/.local/lib/python3.7/site-packages/airflow/example_dags/example_task_group_decorator.py
[2023-03-26T16:24:09.426+0000] {processor.py:753} INFO - DAG(s) dict_keys(['example_task_group_decorator']) retrieved from /home/airflow/.local/lib/python3.7/site-packages/airflow/example_dags/example_task_group_decorator.py
[2023-03-26T16:24:09.444+0000] {logging_mixin.py:137} INFO - [2023-03-26T16:24:09.444+0000] {dag.py:2693} INFO - Sync 1 DAGs
[2023-03-26T16:24:09.459+0000] {logging_mixin.py:137} INFO - [2023-03-26T16:24:09.459+0000] {dag.py:3444} INFO - Setting next_dagrun for example_task_group_decorator to 2023-03-25T16:24:09.459044+00:00, run_after=2023-03-26T16:24:09.459044+00:00
[2023-03-26T16:24:09.474+0000] {processor.py:175} INFO - Processing /home/airflow/.local/lib/python3.7/site-packages/airflow/example_dags/example_task_group_decorator.py took 0.068 seconds
[2023-03-26T16:24:40.186+0000] {processor.py:153} INFO - Started process (PID=777) to work on /home/airflow/.local/lib/python3.7/site-packages/airflow/example_dags/example_task_group_decorator.py
[2023-03-26T16:24:40.187+0000] {processor.py:743} INFO - Processing file /home/airflow/.local/lib/python3.7/site-packages/airflow/example_dags/example_task_group_decorator.py for tasks to queue
[2023-03-26T16:24:40.187+0000] {logging_mixin.py:137} INFO - [2023-03-26T16:24:40.187+0000] {dagbag.py:532} INFO - Filling up the DagBag from /home/airflow/.local/lib/python3.7/site-packages/airflow/example_dags/example_task_group_decorator.py
[2023-03-26T16:24:40.202+0000] {processor.py:753} INFO - DAG(s) dict_keys(['example_task_group_decorator']) retrieved from /home/airflow/.local/lib/python3.7/site-packages/airflow/example_dags/example_task_group_decorator.py
[2023-03-26T16:24:40.219+0000] {logging_mixin.py:137} INFO - [2023-03-26T16:24:40.219+0000] {dag.py:2693} INFO - Sync 1 DAGs
[2023-03-26T16:24:40.234+0000] {logging_mixin.py:137} INFO - [2023-03-26T16:24:40.234+0000] {dag.py:3444} INFO - Setting next_dagrun for example_task_group_decorator to 2023-03-25T16:24:40.233885+00:00, run_after=2023-03-26T16:24:40.233885+00:00
[2023-03-26T16:24:40.246+0000] {processor.py:175} INFO - Processing /home/airflow/.local/lib/python3.7/site-packages/airflow/example_dags/example_task_group_decorator.py took 0.062 seconds
[2023-03-26T16:25:10.865+0000] {processor.py:153} INFO - Started process (PID=826) to work on /home/airflow/.local/lib/python3.7/site-packages/airflow/example_dags/example_task_group_decorator.py
[2023-03-26T16:25:10.866+0000] {processor.py:743} INFO - Processing file /home/airflow/.local/lib/python3.7/site-packages/airflow/example_dags/example_task_group_decorator.py for tasks to queue
[2023-03-26T16:25:10.867+0000] {logging_mixin.py:137} INFO - [2023-03-26T16:25:10.867+0000] {dagbag.py:532} INFO - Filling up the DagBag from /home/airflow/.local/lib/python3.7/site-packages/airflow/example_dags/example_task_group_decorator.py
[2023-03-26T16:25:10.883+0000] {processor.py:753} INFO - DAG(s) dict_keys(['example_task_group_decorator']) retrieved from /home/airflow/.local/lib/python3.7/site-packages/airflow/example_dags/example_task_group_decorator.py
[2023-03-26T16:25:10.901+0000] {logging_mixin.py:137} INFO - [2023-03-26T16:25:10.901+0000] {dag.py:2693} INFO - Sync 1 DAGs
[2023-03-26T16:25:10.915+0000] {logging_mixin.py:137} INFO - [2023-03-26T16:25:10.915+0000] {dag.py:3444} INFO - Setting next_dagrun for example_task_group_decorator to 2023-03-25T16:25:10.915103+00:00, run_after=2023-03-26T16:25:10.915103+00:00
[2023-03-26T16:25:10.928+0000] {processor.py:175} INFO - Processing /home/airflow/.local/lib/python3.7/site-packages/airflow/example_dags/example_task_group_decorator.py took 0.065 seconds
[2023-03-26T16:25:41.477+0000] {processor.py:153} INFO - Started process (PID=875) to work on /home/airflow/.local/lib/python3.7/site-packages/airflow/example_dags/example_task_group_decorator.py
[2023-03-26T16:25:41.477+0000] {processor.py:743} INFO - Processing file /home/airflow/.local/lib/python3.7/site-packages/airflow/example_dags/example_task_group_decorator.py for tasks to queue
[2023-03-26T16:25:41.478+0000] {logging_mixin.py:137} INFO - [2023-03-26T16:25:41.478+0000] {dagbag.py:532} INFO - Filling up the DagBag from /home/airflow/.local/lib/python3.7/site-packages/airflow/example_dags/example_task_group_decorator.py
[2023-03-26T16:25:41.494+0000] {processor.py:753} INFO - DAG(s) dict_keys(['example_task_group_decorator']) retrieved from /home/airflow/.local/lib/python3.7/site-packages/airflow/example_dags/example_task_group_decorator.py
[2023-03-26T16:25:41.510+0000] {logging_mixin.py:137} INFO - [2023-03-26T16:25:41.510+0000] {dag.py:2693} INFO - Sync 1 DAGs
[2023-03-26T16:25:41.524+0000] {logging_mixin.py:137} INFO - [2023-03-26T16:25:41.524+0000] {dag.py:3444} INFO - Setting next_dagrun for example_task_group_decorator to 2023-03-25T16:25:41.524287+00:00, run_after=2023-03-26T16:25:41.524287+00:00
[2023-03-26T16:25:41.537+0000] {processor.py:175} INFO - Processing /home/airflow/.local/lib/python3.7/site-packages/airflow/example_dags/example_task_group_decorator.py took 0.062 seconds
[2023-03-26T16:26:34.195+0000] {processor.py:153} INFO - Started process (PID=91) to work on /home/airflow/.local/lib/python3.7/site-packages/airflow/example_dags/example_task_group_decorator.py
[2023-03-26T16:26:34.196+0000] {processor.py:743} INFO - Processing file /home/airflow/.local/lib/python3.7/site-packages/airflow/example_dags/example_task_group_decorator.py for tasks to queue
[2023-03-26T16:26:34.196+0000] {logging_mixin.py:137} INFO - [2023-03-26T16:26:34.196+0000] {dagbag.py:532} INFO - Filling up the DagBag from /home/airflow/.local/lib/python3.7/site-packages/airflow/example_dags/example_task_group_decorator.py
[2023-03-26T16:26:34.216+0000] {processor.py:753} INFO - DAG(s) dict_keys(['example_task_group_decorator']) retrieved from /home/airflow/.local/lib/python3.7/site-packages/airflow/example_dags/example_task_group_decorator.py
[2023-03-26T16:26:34.226+0000] {logging_mixin.py:137} INFO - [2023-03-26T16:26:34.226+0000] {dag.py:2693} INFO - Sync 1 DAGs
[2023-03-26T16:26:34.242+0000] {logging_mixin.py:137} INFO - [2023-03-26T16:26:34.242+0000] {dag.py:3444} INFO - Setting next_dagrun for example_task_group_decorator to 2023-03-25T16:26:34.242158+00:00, run_after=2023-03-26T16:26:34.242158+00:00
[2023-03-26T16:26:34.260+0000] {processor.py:175} INFO - Processing /home/airflow/.local/lib/python3.7/site-packages/airflow/example_dags/example_task_group_decorator.py took 0.066 seconds
[2023-03-26T16:27:04.884+0000] {processor.py:153} INFO - Started process (PID=141) to work on /home/airflow/.local/lib/python3.7/site-packages/airflow/example_dags/example_task_group_decorator.py
[2023-03-26T16:27:04.885+0000] {processor.py:743} INFO - Processing file /home/airflow/.local/lib/python3.7/site-packages/airflow/example_dags/example_task_group_decorator.py for tasks to queue
[2023-03-26T16:27:04.885+0000] {logging_mixin.py:137} INFO - [2023-03-26T16:27:04.885+0000] {dagbag.py:532} INFO - Filling up the DagBag from /home/airflow/.local/lib/python3.7/site-packages/airflow/example_dags/example_task_group_decorator.py
[2023-03-26T16:27:04.901+0000] {processor.py:753} INFO - DAG(s) dict_keys(['example_task_group_decorator']) retrieved from /home/airflow/.local/lib/python3.7/site-packages/airflow/example_dags/example_task_group_decorator.py
[2023-03-26T16:27:04.920+0000] {logging_mixin.py:137} INFO - [2023-03-26T16:27:04.920+0000] {dag.py:2693} INFO - Sync 1 DAGs
[2023-03-26T16:27:04.933+0000] {logging_mixin.py:137} INFO - [2023-03-26T16:27:04.933+0000] {dag.py:3444} INFO - Setting next_dagrun for example_task_group_decorator to 2023-03-25T16:27:04.933732+00:00, run_after=2023-03-26T16:27:04.933732+00:00
[2023-03-26T16:27:04.948+0000] {processor.py:175} INFO - Processing /home/airflow/.local/lib/python3.7/site-packages/airflow/example_dags/example_task_group_decorator.py took 0.066 seconds
[2023-03-26T16:27:35.648+0000] {processor.py:153} INFO - Started process (PID=191) to work on /home/airflow/.local/lib/python3.7/site-packages/airflow/example_dags/example_task_group_decorator.py
[2023-03-26T16:27:35.648+0000] {processor.py:743} INFO - Processing file /home/airflow/.local/lib/python3.7/site-packages/airflow/example_dags/example_task_group_decorator.py for tasks to queue
[2023-03-26T16:27:35.649+0000] {logging_mixin.py:137} INFO - [2023-03-26T16:27:35.649+0000] {dagbag.py:532} INFO - Filling up the DagBag from /home/airflow/.local/lib/python3.7/site-packages/airflow/example_dags/example_task_group_decorator.py
[2023-03-26T16:27:35.665+0000] {processor.py:753} INFO - DAG(s) dict_keys(['example_task_group_decorator']) retrieved from /home/airflow/.local/lib/python3.7/site-packages/airflow/example_dags/example_task_group_decorator.py
[2023-03-26T16:27:35.682+0000] {logging_mixin.py:137} INFO - [2023-03-26T16:27:35.681+0000] {dag.py:2693} INFO - Sync 1 DAGs
[2023-03-26T16:27:35.695+0000] {logging_mixin.py:137} INFO - [2023-03-26T16:27:35.695+0000] {dag.py:3444} INFO - Setting next_dagrun for example_task_group_decorator to 2023-03-25T16:27:35.695525+00:00, run_after=2023-03-26T16:27:35.695525+00:00
[2023-03-26T16:27:35.709+0000] {processor.py:175} INFO - Processing /home/airflow/.local/lib/python3.7/site-packages/airflow/example_dags/example_task_group_decorator.py took 0.063 seconds
[2023-03-26T16:28:06.206+0000] {processor.py:153} INFO - Started process (PID=240) to work on /home/airflow/.local/lib/python3.7/site-packages/airflow/example_dags/example_task_group_decorator.py
[2023-03-26T16:28:06.207+0000] {processor.py:743} INFO - Processing file /home/airflow/.local/lib/python3.7/site-packages/airflow/example_dags/example_task_group_decorator.py for tasks to queue
[2023-03-26T16:28:06.207+0000] {logging_mixin.py:137} INFO - [2023-03-26T16:28:06.207+0000] {dagbag.py:532} INFO - Filling up the DagBag from /home/airflow/.local/lib/python3.7/site-packages/airflow/example_dags/example_task_group_decorator.py
[2023-03-26T16:28:06.224+0000] {processor.py:753} INFO - DAG(s) dict_keys(['example_task_group_decorator']) retrieved from /home/airflow/.local/lib/python3.7/site-packages/airflow/example_dags/example_task_group_decorator.py
[2023-03-26T16:28:06.242+0000] {logging_mixin.py:137} INFO - [2023-03-26T16:28:06.241+0000] {dag.py:2693} INFO - Sync 1 DAGs
[2023-03-26T16:28:06.255+0000] {logging_mixin.py:137} INFO - [2023-03-26T16:28:06.255+0000] {dag.py:3444} INFO - Setting next_dagrun for example_task_group_decorator to 2023-03-25T16:28:06.255678+00:00, run_after=2023-03-26T16:28:06.255678+00:00
[2023-03-26T16:28:06.268+0000] {processor.py:175} INFO - Processing /home/airflow/.local/lib/python3.7/site-packages/airflow/example_dags/example_task_group_decorator.py took 0.064 seconds
[2023-03-26T16:28:36.888+0000] {processor.py:153} INFO - Started process (PID=289) to work on /home/airflow/.local/lib/python3.7/site-packages/airflow/example_dags/example_task_group_decorator.py
[2023-03-26T16:28:36.888+0000] {processor.py:743} INFO - Processing file /home/airflow/.local/lib/python3.7/site-packages/airflow/example_dags/example_task_group_decorator.py for tasks to queue
[2023-03-26T16:28:36.888+0000] {logging_mixin.py:137} INFO - [2023-03-26T16:28:36.888+0000] {dagbag.py:532} INFO - Filling up the DagBag from /home/airflow/.local/lib/python3.7/site-packages/airflow/example_dags/example_task_group_decorator.py
[2023-03-26T16:28:36.904+0000] {processor.py:753} INFO - DAG(s) dict_keys(['example_task_group_decorator']) retrieved from /home/airflow/.local/lib/python3.7/site-packages/airflow/example_dags/example_task_group_decorator.py
[2023-03-26T16:28:36.921+0000] {logging_mixin.py:137} INFO - [2023-03-26T16:28:36.921+0000] {dag.py:2693} INFO - Sync 1 DAGs
[2023-03-26T16:28:36.935+0000] {logging_mixin.py:137} INFO - [2023-03-26T16:28:36.935+0000] {dag.py:3444} INFO - Setting next_dagrun for example_task_group_decorator to 2023-03-25T16:28:36.935520+00:00, run_after=2023-03-26T16:28:36.935520+00:00
[2023-03-26T16:28:36.948+0000] {processor.py:175} INFO - Processing /home/airflow/.local/lib/python3.7/site-packages/airflow/example_dags/example_task_group_decorator.py took 0.063 seconds
[2023-03-26T16:48:48.431+0000] {processor.py:153} INFO - Started process (PID=90) to work on /home/airflow/.local/lib/python3.7/site-packages/airflow/example_dags/example_task_group_decorator.py
[2023-03-26T16:48:48.431+0000] {processor.py:743} INFO - Processing file /home/airflow/.local/lib/python3.7/site-packages/airflow/example_dags/example_task_group_decorator.py for tasks to queue
[2023-03-26T16:48:48.432+0000] {logging_mixin.py:137} INFO - [2023-03-26T16:48:48.432+0000] {dagbag.py:532} INFO - Filling up the DagBag from /home/airflow/.local/lib/python3.7/site-packages/airflow/example_dags/example_task_group_decorator.py
[2023-03-26T16:48:48.450+0000] {processor.py:753} INFO - DAG(s) dict_keys(['example_task_group_decorator']) retrieved from /home/airflow/.local/lib/python3.7/site-packages/airflow/example_dags/example_task_group_decorator.py
[2023-03-26T16:48:48.460+0000] {logging_mixin.py:137} INFO - [2023-03-26T16:48:48.460+0000] {dag.py:2693} INFO - Sync 1 DAGs
[2023-03-26T16:48:48.475+0000] {logging_mixin.py:137} INFO - [2023-03-26T16:48:48.475+0000] {dag.py:3444} INFO - Setting next_dagrun for example_task_group_decorator to 2023-03-25T16:48:48.475504+00:00, run_after=2023-03-26T16:48:48.475504+00:00
[2023-03-26T16:48:48.490+0000] {processor.py:175} INFO - Processing /home/airflow/.local/lib/python3.7/site-packages/airflow/example_dags/example_task_group_decorator.py took 0.061 seconds
[2023-03-26T16:49:19.000+0000] {processor.py:153} INFO - Started process (PID=139) to work on /home/airflow/.local/lib/python3.7/site-packages/airflow/example_dags/example_task_group_decorator.py
[2023-03-26T16:49:19.000+0000] {processor.py:743} INFO - Processing file /home/airflow/.local/lib/python3.7/site-packages/airflow/example_dags/example_task_group_decorator.py for tasks to queue
[2023-03-26T16:49:19.001+0000] {logging_mixin.py:137} INFO - [2023-03-26T16:49:19.001+0000] {dagbag.py:532} INFO - Filling up the DagBag from /home/airflow/.local/lib/python3.7/site-packages/airflow/example_dags/example_task_group_decorator.py
[2023-03-26T16:49:19.016+0000] {processor.py:753} INFO - DAG(s) dict_keys(['example_task_group_decorator']) retrieved from /home/airflow/.local/lib/python3.7/site-packages/airflow/example_dags/example_task_group_decorator.py
[2023-03-26T16:49:19.034+0000] {logging_mixin.py:137} INFO - [2023-03-26T16:49:19.034+0000] {dag.py:2693} INFO - Sync 1 DAGs
[2023-03-26T16:49:19.048+0000] {logging_mixin.py:137} INFO - [2023-03-26T16:49:19.048+0000] {dag.py:3444} INFO - Setting next_dagrun for example_task_group_decorator to 2023-03-25T16:49:19.048758+00:00, run_after=2023-03-26T16:49:19.048758+00:00
[2023-03-26T16:49:19.062+0000] {processor.py:175} INFO - Processing /home/airflow/.local/lib/python3.7/site-packages/airflow/example_dags/example_task_group_decorator.py took 0.064 seconds
[2023-03-26T16:49:49.599+0000] {processor.py:153} INFO - Started process (PID=188) to work on /home/airflow/.local/lib/python3.7/site-packages/airflow/example_dags/example_task_group_decorator.py
[2023-03-26T16:49:49.600+0000] {processor.py:743} INFO - Processing file /home/airflow/.local/lib/python3.7/site-packages/airflow/example_dags/example_task_group_decorator.py for tasks to queue
[2023-03-26T16:49:49.600+0000] {logging_mixin.py:137} INFO - [2023-03-26T16:49:49.600+0000] {dagbag.py:532} INFO - Filling up the DagBag from /home/airflow/.local/lib/python3.7/site-packages/airflow/example_dags/example_task_group_decorator.py
[2023-03-26T16:49:49.616+0000] {processor.py:753} INFO - DAG(s) dict_keys(['example_task_group_decorator']) retrieved from /home/airflow/.local/lib/python3.7/site-packages/airflow/example_dags/example_task_group_decorator.py
[2023-03-26T16:49:49.632+0000] {logging_mixin.py:137} INFO - [2023-03-26T16:49:49.632+0000] {dag.py:2693} INFO - Sync 1 DAGs
[2023-03-26T16:49:49.646+0000] {logging_mixin.py:137} INFO - [2023-03-26T16:49:49.646+0000] {dag.py:3444} INFO - Setting next_dagrun for example_task_group_decorator to 2023-03-25T16:49:49.646682+00:00, run_after=2023-03-26T16:49:49.646682+00:00
[2023-03-26T16:49:49.660+0000] {processor.py:175} INFO - Processing /home/airflow/.local/lib/python3.7/site-packages/airflow/example_dags/example_task_group_decorator.py took 0.062 seconds
[2023-03-26T16:50:20.196+0000] {processor.py:153} INFO - Started process (PID=237) to work on /home/airflow/.local/lib/python3.7/site-packages/airflow/example_dags/example_task_group_decorator.py
[2023-03-26T16:50:20.197+0000] {processor.py:743} INFO - Processing file /home/airflow/.local/lib/python3.7/site-packages/airflow/example_dags/example_task_group_decorator.py for tasks to queue
[2023-03-26T16:50:20.197+0000] {logging_mixin.py:137} INFO - [2023-03-26T16:50:20.197+0000] {dagbag.py:532} INFO - Filling up the DagBag from /home/airflow/.local/lib/python3.7/site-packages/airflow/example_dags/example_task_group_decorator.py
[2023-03-26T16:50:20.213+0000] {processor.py:753} INFO - DAG(s) dict_keys(['example_task_group_decorator']) retrieved from /home/airflow/.local/lib/python3.7/site-packages/airflow/example_dags/example_task_group_decorator.py
[2023-03-26T16:50:20.231+0000] {logging_mixin.py:137} INFO - [2023-03-26T16:50:20.231+0000] {dag.py:2693} INFO - Sync 1 DAGs
[2023-03-26T16:50:20.245+0000] {logging_mixin.py:137} INFO - [2023-03-26T16:50:20.245+0000] {dag.py:3444} INFO - Setting next_dagrun for example_task_group_decorator to 2023-03-25T16:50:20.244884+00:00, run_after=2023-03-26T16:50:20.244884+00:00
[2023-03-26T16:50:20.258+0000] {processor.py:175} INFO - Processing /home/airflow/.local/lib/python3.7/site-packages/airflow/example_dags/example_task_group_decorator.py took 0.063 seconds
[2023-03-26T16:50:50.849+0000] {processor.py:153} INFO - Started process (PID=286) to work on /home/airflow/.local/lib/python3.7/site-packages/airflow/example_dags/example_task_group_decorator.py
[2023-03-26T16:50:50.850+0000] {processor.py:743} INFO - Processing file /home/airflow/.local/lib/python3.7/site-packages/airflow/example_dags/example_task_group_decorator.py for tasks to queue
[2023-03-26T16:50:50.850+0000] {logging_mixin.py:137} INFO - [2023-03-26T16:50:50.850+0000] {dagbag.py:532} INFO - Filling up the DagBag from /home/airflow/.local/lib/python3.7/site-packages/airflow/example_dags/example_task_group_decorator.py
[2023-03-26T16:50:50.865+0000] {processor.py:753} INFO - DAG(s) dict_keys(['example_task_group_decorator']) retrieved from /home/airflow/.local/lib/python3.7/site-packages/airflow/example_dags/example_task_group_decorator.py
[2023-03-26T16:50:50.881+0000] {logging_mixin.py:137} INFO - [2023-03-26T16:50:50.881+0000] {dag.py:2693} INFO - Sync 1 DAGs
[2023-03-26T16:50:50.895+0000] {logging_mixin.py:137} INFO - [2023-03-26T16:50:50.895+0000] {dag.py:3444} INFO - Setting next_dagrun for example_task_group_decorator to 2023-03-25T16:50:50.895287+00:00, run_after=2023-03-26T16:50:50.895287+00:00
[2023-03-26T16:50:50.906+0000] {processor.py:175} INFO - Processing /home/airflow/.local/lib/python3.7/site-packages/airflow/example_dags/example_task_group_decorator.py took 0.059 seconds
[2023-03-26T16:51:21.688+0000] {processor.py:153} INFO - Started process (PID=335) to work on /home/airflow/.local/lib/python3.7/site-packages/airflow/example_dags/example_task_group_decorator.py
[2023-03-26T16:51:21.688+0000] {processor.py:743} INFO - Processing file /home/airflow/.local/lib/python3.7/site-packages/airflow/example_dags/example_task_group_decorator.py for tasks to queue
[2023-03-26T16:51:21.689+0000] {logging_mixin.py:137} INFO - [2023-03-26T16:51:21.689+0000] {dagbag.py:532} INFO - Filling up the DagBag from /home/airflow/.local/lib/python3.7/site-packages/airflow/example_dags/example_task_group_decorator.py
[2023-03-26T16:51:21.704+0000] {processor.py:753} INFO - DAG(s) dict_keys(['example_task_group_decorator']) retrieved from /home/airflow/.local/lib/python3.7/site-packages/airflow/example_dags/example_task_group_decorator.py
[2023-03-26T16:51:21.724+0000] {logging_mixin.py:137} INFO - [2023-03-26T16:51:21.723+0000] {dag.py:2693} INFO - Sync 1 DAGs
[2023-03-26T16:51:21.738+0000] {logging_mixin.py:137} INFO - [2023-03-26T16:51:21.738+0000] {dag.py:3444} INFO - Setting next_dagrun for example_task_group_decorator to 2023-03-25T16:51:21.737871+00:00, run_after=2023-03-26T16:51:21.737871+00:00
[2023-03-26T16:51:21.751+0000] {processor.py:175} INFO - Processing /home/airflow/.local/lib/python3.7/site-packages/airflow/example_dags/example_task_group_decorator.py took 0.065 seconds
[2023-03-26T16:51:52.425+0000] {processor.py:153} INFO - Started process (PID=384) to work on /home/airflow/.local/lib/python3.7/site-packages/airflow/example_dags/example_task_group_decorator.py
[2023-03-26T16:51:52.425+0000] {processor.py:743} INFO - Processing file /home/airflow/.local/lib/python3.7/site-packages/airflow/example_dags/example_task_group_decorator.py for tasks to queue
[2023-03-26T16:51:52.425+0000] {logging_mixin.py:137} INFO - [2023-03-26T16:51:52.425+0000] {dagbag.py:532} INFO - Filling up the DagBag from /home/airflow/.local/lib/python3.7/site-packages/airflow/example_dags/example_task_group_decorator.py
[2023-03-26T16:51:52.441+0000] {processor.py:753} INFO - DAG(s) dict_keys(['example_task_group_decorator']) retrieved from /home/airflow/.local/lib/python3.7/site-packages/airflow/example_dags/example_task_group_decorator.py
[2023-03-26T16:51:52.459+0000] {logging_mixin.py:137} INFO - [2023-03-26T16:51:52.459+0000] {dag.py:2693} INFO - Sync 1 DAGs
[2023-03-26T16:51:52.472+0000] {logging_mixin.py:137} INFO - [2023-03-26T16:51:52.472+0000] {dag.py:3444} INFO - Setting next_dagrun for example_task_group_decorator to 2023-03-25T16:51:52.472218+00:00, run_after=2023-03-26T16:51:52.472218+00:00
[2023-03-26T16:51:52.486+0000] {processor.py:175} INFO - Processing /home/airflow/.local/lib/python3.7/site-packages/airflow/example_dags/example_task_group_decorator.py took 0.064 seconds
[2023-03-26T16:52:23.060+0000] {processor.py:153} INFO - Started process (PID=433) to work on /home/airflow/.local/lib/python3.7/site-packages/airflow/example_dags/example_task_group_decorator.py
[2023-03-26T16:52:23.061+0000] {processor.py:743} INFO - Processing file /home/airflow/.local/lib/python3.7/site-packages/airflow/example_dags/example_task_group_decorator.py for tasks to queue
[2023-03-26T16:52:23.061+0000] {logging_mixin.py:137} INFO - [2023-03-26T16:52:23.061+0000] {dagbag.py:532} INFO - Filling up the DagBag from /home/airflow/.local/lib/python3.7/site-packages/airflow/example_dags/example_task_group_decorator.py
[2023-03-26T16:52:23.077+0000] {processor.py:753} INFO - DAG(s) dict_keys(['example_task_group_decorator']) retrieved from /home/airflow/.local/lib/python3.7/site-packages/airflow/example_dags/example_task_group_decorator.py
[2023-03-26T16:52:23.095+0000] {logging_mixin.py:137} INFO - [2023-03-26T16:52:23.095+0000] {dag.py:2693} INFO - Sync 1 DAGs
[2023-03-26T16:52:23.109+0000] {logging_mixin.py:137} INFO - [2023-03-26T16:52:23.109+0000] {dag.py:3444} INFO - Setting next_dagrun for example_task_group_decorator to 2023-03-25T16:52:23.108863+00:00, run_after=2023-03-26T16:52:23.108863+00:00
[2023-03-26T16:52:23.122+0000] {processor.py:175} INFO - Processing /home/airflow/.local/lib/python3.7/site-packages/airflow/example_dags/example_task_group_decorator.py took 0.064 seconds
[2023-03-26T16:52:53.598+0000] {processor.py:153} INFO - Started process (PID=482) to work on /home/airflow/.local/lib/python3.7/site-packages/airflow/example_dags/example_task_group_decorator.py
[2023-03-26T16:52:53.599+0000] {processor.py:743} INFO - Processing file /home/airflow/.local/lib/python3.7/site-packages/airflow/example_dags/example_task_group_decorator.py for tasks to queue
[2023-03-26T16:52:53.599+0000] {logging_mixin.py:137} INFO - [2023-03-26T16:52:53.599+0000] {dagbag.py:532} INFO - Filling up the DagBag from /home/airflow/.local/lib/python3.7/site-packages/airflow/example_dags/example_task_group_decorator.py
[2023-03-26T16:52:53.616+0000] {processor.py:753} INFO - DAG(s) dict_keys(['example_task_group_decorator']) retrieved from /home/airflow/.local/lib/python3.7/site-packages/airflow/example_dags/example_task_group_decorator.py
[2023-03-26T16:52:53.633+0000] {logging_mixin.py:137} INFO - [2023-03-26T16:52:53.633+0000] {dag.py:2693} INFO - Sync 1 DAGs
[2023-03-26T16:52:53.648+0000] {logging_mixin.py:137} INFO - [2023-03-26T16:52:53.648+0000] {dag.py:3444} INFO - Setting next_dagrun for example_task_group_decorator to 2023-03-25T16:52:53.648575+00:00, run_after=2023-03-26T16:52:53.648575+00:00
[2023-03-26T16:52:53.662+0000] {processor.py:175} INFO - Processing /home/airflow/.local/lib/python3.7/site-packages/airflow/example_dags/example_task_group_decorator.py took 0.066 seconds
[2023-03-26T16:53:24.262+0000] {processor.py:153} INFO - Started process (PID=531) to work on /home/airflow/.local/lib/python3.7/site-packages/airflow/example_dags/example_task_group_decorator.py
[2023-03-26T16:53:24.263+0000] {processor.py:743} INFO - Processing file /home/airflow/.local/lib/python3.7/site-packages/airflow/example_dags/example_task_group_decorator.py for tasks to queue
[2023-03-26T16:53:24.263+0000] {logging_mixin.py:137} INFO - [2023-03-26T16:53:24.263+0000] {dagbag.py:532} INFO - Filling up the DagBag from /home/airflow/.local/lib/python3.7/site-packages/airflow/example_dags/example_task_group_decorator.py
[2023-03-26T16:53:24.279+0000] {processor.py:753} INFO - DAG(s) dict_keys(['example_task_group_decorator']) retrieved from /home/airflow/.local/lib/python3.7/site-packages/airflow/example_dags/example_task_group_decorator.py
[2023-03-26T16:53:24.295+0000] {logging_mixin.py:137} INFO - [2023-03-26T16:53:24.295+0000] {dag.py:2693} INFO - Sync 1 DAGs
[2023-03-26T16:53:24.309+0000] {logging_mixin.py:137} INFO - [2023-03-26T16:53:24.309+0000] {dag.py:3444} INFO - Setting next_dagrun for example_task_group_decorator to 2023-03-25T16:53:24.309663+00:00, run_after=2023-03-26T16:53:24.309663+00:00
[2023-03-26T16:53:24.323+0000] {processor.py:175} INFO - Processing /home/airflow/.local/lib/python3.7/site-packages/airflow/example_dags/example_task_group_decorator.py took 0.063 seconds
[2023-03-26T16:53:55.060+0000] {processor.py:153} INFO - Started process (PID=580) to work on /home/airflow/.local/lib/python3.7/site-packages/airflow/example_dags/example_task_group_decorator.py
[2023-03-26T16:53:55.061+0000] {processor.py:743} INFO - Processing file /home/airflow/.local/lib/python3.7/site-packages/airflow/example_dags/example_task_group_decorator.py for tasks to queue
[2023-03-26T16:53:55.061+0000] {logging_mixin.py:137} INFO - [2023-03-26T16:53:55.061+0000] {dagbag.py:532} INFO - Filling up the DagBag from /home/airflow/.local/lib/python3.7/site-packages/airflow/example_dags/example_task_group_decorator.py
[2023-03-26T16:53:55.090+0000] {processor.py:753} INFO - DAG(s) dict_keys(['example_task_group_decorator']) retrieved from /home/airflow/.local/lib/python3.7/site-packages/airflow/example_dags/example_task_group_decorator.py
[2023-03-26T16:53:55.116+0000] {logging_mixin.py:137} INFO - [2023-03-26T16:53:55.116+0000] {dag.py:2693} INFO - Sync 1 DAGs
[2023-03-26T16:53:55.136+0000] {logging_mixin.py:137} INFO - [2023-03-26T16:53:55.135+0000] {dag.py:3444} INFO - Setting next_dagrun for example_task_group_decorator to 2023-03-25T16:53:55.135810+00:00, run_after=2023-03-26T16:53:55.135810+00:00
[2023-03-26T16:53:55.150+0000] {processor.py:175} INFO - Processing /home/airflow/.local/lib/python3.7/site-packages/airflow/example_dags/example_task_group_decorator.py took 0.092 seconds
[2023-03-26T16:54:25.858+0000] {processor.py:153} INFO - Started process (PID=629) to work on /home/airflow/.local/lib/python3.7/site-packages/airflow/example_dags/example_task_group_decorator.py
[2023-03-26T16:54:25.859+0000] {processor.py:743} INFO - Processing file /home/airflow/.local/lib/python3.7/site-packages/airflow/example_dags/example_task_group_decorator.py for tasks to queue
[2023-03-26T16:54:25.859+0000] {logging_mixin.py:137} INFO - [2023-03-26T16:54:25.859+0000] {dagbag.py:532} INFO - Filling up the DagBag from /home/airflow/.local/lib/python3.7/site-packages/airflow/example_dags/example_task_group_decorator.py
[2023-03-26T16:54:25.875+0000] {processor.py:753} INFO - DAG(s) dict_keys(['example_task_group_decorator']) retrieved from /home/airflow/.local/lib/python3.7/site-packages/airflow/example_dags/example_task_group_decorator.py
[2023-03-26T16:54:25.893+0000] {logging_mixin.py:137} INFO - [2023-03-26T16:54:25.893+0000] {dag.py:2693} INFO - Sync 1 DAGs
[2023-03-26T16:54:25.921+0000] {logging_mixin.py:137} INFO - [2023-03-26T16:54:25.920+0000] {dag.py:3444} INFO - Setting next_dagrun for example_task_group_decorator to 2023-03-25T16:54:25.920617+00:00, run_after=2023-03-26T16:54:25.920617+00:00
[2023-03-26T16:54:25.948+0000] {processor.py:175} INFO - Processing /home/airflow/.local/lib/python3.7/site-packages/airflow/example_dags/example_task_group_decorator.py took 0.092 seconds
[2023-03-26T16:54:56.636+0000] {processor.py:153} INFO - Started process (PID=678) to work on /home/airflow/.local/lib/python3.7/site-packages/airflow/example_dags/example_task_group_decorator.py
[2023-03-26T16:54:56.636+0000] {processor.py:743} INFO - Processing file /home/airflow/.local/lib/python3.7/site-packages/airflow/example_dags/example_task_group_decorator.py for tasks to queue
[2023-03-26T16:54:56.636+0000] {logging_mixin.py:137} INFO - [2023-03-26T16:54:56.636+0000] {dagbag.py:532} INFO - Filling up the DagBag from /home/airflow/.local/lib/python3.7/site-packages/airflow/example_dags/example_task_group_decorator.py
[2023-03-26T16:54:56.654+0000] {processor.py:753} INFO - DAG(s) dict_keys(['example_task_group_decorator']) retrieved from /home/airflow/.local/lib/python3.7/site-packages/airflow/example_dags/example_task_group_decorator.py
[2023-03-26T16:54:56.673+0000] {logging_mixin.py:137} INFO - [2023-03-26T16:54:56.673+0000] {dag.py:2693} INFO - Sync 1 DAGs
[2023-03-26T16:54:56.688+0000] {logging_mixin.py:137} INFO - [2023-03-26T16:54:56.688+0000] {dag.py:3444} INFO - Setting next_dagrun for example_task_group_decorator to 2023-03-25T16:54:56.688232+00:00, run_after=2023-03-26T16:54:56.688232+00:00
[2023-03-26T16:54:56.703+0000] {processor.py:175} INFO - Processing /home/airflow/.local/lib/python3.7/site-packages/airflow/example_dags/example_task_group_decorator.py took 0.070 seconds
[2023-03-26T16:55:27.254+0000] {processor.py:153} INFO - Started process (PID=727) to work on /home/airflow/.local/lib/python3.7/site-packages/airflow/example_dags/example_task_group_decorator.py
[2023-03-26T16:55:27.255+0000] {processor.py:743} INFO - Processing file /home/airflow/.local/lib/python3.7/site-packages/airflow/example_dags/example_task_group_decorator.py for tasks to queue
[2023-03-26T16:55:27.255+0000] {logging_mixin.py:137} INFO - [2023-03-26T16:55:27.255+0000] {dagbag.py:532} INFO - Filling up the DagBag from /home/airflow/.local/lib/python3.7/site-packages/airflow/example_dags/example_task_group_decorator.py
[2023-03-26T16:55:27.273+0000] {processor.py:753} INFO - DAG(s) dict_keys(['example_task_group_decorator']) retrieved from /home/airflow/.local/lib/python3.7/site-packages/airflow/example_dags/example_task_group_decorator.py
[2023-03-26T16:55:27.291+0000] {logging_mixin.py:137} INFO - [2023-03-26T16:55:27.291+0000] {dag.py:2693} INFO - Sync 1 DAGs
[2023-03-26T16:55:27.305+0000] {logging_mixin.py:137} INFO - [2023-03-26T16:55:27.305+0000] {dag.py:3444} INFO - Setting next_dagrun for example_task_group_decorator to 2023-03-25T16:55:27.304890+00:00, run_after=2023-03-26T16:55:27.304890+00:00
[2023-03-26T16:55:27.319+0000] {processor.py:175} INFO - Processing /home/airflow/.local/lib/python3.7/site-packages/airflow/example_dags/example_task_group_decorator.py took 0.067 seconds
[2023-03-26T16:55:57.869+0000] {processor.py:153} INFO - Started process (PID=776) to work on /home/airflow/.local/lib/python3.7/site-packages/airflow/example_dags/example_task_group_decorator.py
[2023-03-26T16:55:57.870+0000] {processor.py:743} INFO - Processing file /home/airflow/.local/lib/python3.7/site-packages/airflow/example_dags/example_task_group_decorator.py for tasks to queue
[2023-03-26T16:55:57.870+0000] {logging_mixin.py:137} INFO - [2023-03-26T16:55:57.870+0000] {dagbag.py:532} INFO - Filling up the DagBag from /home/airflow/.local/lib/python3.7/site-packages/airflow/example_dags/example_task_group_decorator.py
[2023-03-26T16:55:57.886+0000] {processor.py:753} INFO - DAG(s) dict_keys(['example_task_group_decorator']) retrieved from /home/airflow/.local/lib/python3.7/site-packages/airflow/example_dags/example_task_group_decorator.py
[2023-03-26T16:55:57.904+0000] {logging_mixin.py:137} INFO - [2023-03-26T16:55:57.904+0000] {dag.py:2693} INFO - Sync 1 DAGs
[2023-03-26T16:55:57.918+0000] {logging_mixin.py:137} INFO - [2023-03-26T16:55:57.918+0000] {dag.py:3444} INFO - Setting next_dagrun for example_task_group_decorator to 2023-03-25T16:55:57.918084+00:00, run_after=2023-03-26T16:55:57.918084+00:00
[2023-03-26T16:55:57.929+0000] {processor.py:175} INFO - Processing /home/airflow/.local/lib/python3.7/site-packages/airflow/example_dags/example_task_group_decorator.py took 0.061 seconds
[2023-03-26T16:56:28.649+0000] {processor.py:153} INFO - Started process (PID=825) to work on /home/airflow/.local/lib/python3.7/site-packages/airflow/example_dags/example_task_group_decorator.py
[2023-03-26T16:56:28.650+0000] {processor.py:743} INFO - Processing file /home/airflow/.local/lib/python3.7/site-packages/airflow/example_dags/example_task_group_decorator.py for tasks to queue
[2023-03-26T16:56:28.650+0000] {logging_mixin.py:137} INFO - [2023-03-26T16:56:28.650+0000] {dagbag.py:532} INFO - Filling up the DagBag from /home/airflow/.local/lib/python3.7/site-packages/airflow/example_dags/example_task_group_decorator.py
[2023-03-26T16:56:28.666+0000] {processor.py:753} INFO - DAG(s) dict_keys(['example_task_group_decorator']) retrieved from /home/airflow/.local/lib/python3.7/site-packages/airflow/example_dags/example_task_group_decorator.py
[2023-03-26T16:56:28.683+0000] {logging_mixin.py:137} INFO - [2023-03-26T16:56:28.683+0000] {dag.py:2693} INFO - Sync 1 DAGs
[2023-03-26T16:56:28.697+0000] {logging_mixin.py:137} INFO - [2023-03-26T16:56:28.697+0000] {dag.py:3444} INFO - Setting next_dagrun for example_task_group_decorator to 2023-03-25T16:56:28.696979+00:00, run_after=2023-03-26T16:56:28.696979+00:00
[2023-03-26T16:56:28.711+0000] {processor.py:175} INFO - Processing /home/airflow/.local/lib/python3.7/site-packages/airflow/example_dags/example_task_group_decorator.py took 0.064 seconds
[2023-03-26T16:56:59.259+0000] {processor.py:153} INFO - Started process (PID=874) to work on /home/airflow/.local/lib/python3.7/site-packages/airflow/example_dags/example_task_group_decorator.py
[2023-03-26T16:56:59.260+0000] {processor.py:743} INFO - Processing file /home/airflow/.local/lib/python3.7/site-packages/airflow/example_dags/example_task_group_decorator.py for tasks to queue
[2023-03-26T16:56:59.260+0000] {logging_mixin.py:137} INFO - [2023-03-26T16:56:59.260+0000] {dagbag.py:532} INFO - Filling up the DagBag from /home/airflow/.local/lib/python3.7/site-packages/airflow/example_dags/example_task_group_decorator.py
[2023-03-26T16:56:59.276+0000] {processor.py:753} INFO - DAG(s) dict_keys(['example_task_group_decorator']) retrieved from /home/airflow/.local/lib/python3.7/site-packages/airflow/example_dags/example_task_group_decorator.py
[2023-03-26T16:56:59.294+0000] {logging_mixin.py:137} INFO - [2023-03-26T16:56:59.293+0000] {dag.py:2693} INFO - Sync 1 DAGs
[2023-03-26T16:56:59.307+0000] {logging_mixin.py:137} INFO - [2023-03-26T16:56:59.307+0000] {dag.py:3444} INFO - Setting next_dagrun for example_task_group_decorator to 2023-03-25T16:56:59.307458+00:00, run_after=2023-03-26T16:56:59.307458+00:00
[2023-03-26T16:56:59.319+0000] {processor.py:175} INFO - Processing /home/airflow/.local/lib/python3.7/site-packages/airflow/example_dags/example_task_group_decorator.py took 0.062 seconds
[2023-03-26T16:57:29.778+0000] {processor.py:153} INFO - Started process (PID=923) to work on /home/airflow/.local/lib/python3.7/site-packages/airflow/example_dags/example_task_group_decorator.py
[2023-03-26T16:57:29.778+0000] {processor.py:743} INFO - Processing file /home/airflow/.local/lib/python3.7/site-packages/airflow/example_dags/example_task_group_decorator.py for tasks to queue
[2023-03-26T16:57:29.778+0000] {logging_mixin.py:137} INFO - [2023-03-26T16:57:29.778+0000] {dagbag.py:532} INFO - Filling up the DagBag from /home/airflow/.local/lib/python3.7/site-packages/airflow/example_dags/example_task_group_decorator.py
[2023-03-26T16:57:29.795+0000] {processor.py:753} INFO - DAG(s) dict_keys(['example_task_group_decorator']) retrieved from /home/airflow/.local/lib/python3.7/site-packages/airflow/example_dags/example_task_group_decorator.py
[2023-03-26T16:57:29.811+0000] {logging_mixin.py:137} INFO - [2023-03-26T16:57:29.811+0000] {dag.py:2693} INFO - Sync 1 DAGs
[2023-03-26T16:57:29.826+0000] {logging_mixin.py:137} INFO - [2023-03-26T16:57:29.826+0000] {dag.py:3444} INFO - Setting next_dagrun for example_task_group_decorator to 2023-03-25T16:57:29.825968+00:00, run_after=2023-03-26T16:57:29.825968+00:00
[2023-03-26T16:57:29.839+0000] {processor.py:175} INFO - Processing /home/airflow/.local/lib/python3.7/site-packages/airflow/example_dags/example_task_group_decorator.py took 0.063 seconds
[2023-03-26T16:58:00.485+0000] {processor.py:153} INFO - Started process (PID=972) to work on /home/airflow/.local/lib/python3.7/site-packages/airflow/example_dags/example_task_group_decorator.py
[2023-03-26T16:58:00.486+0000] {processor.py:743} INFO - Processing file /home/airflow/.local/lib/python3.7/site-packages/airflow/example_dags/example_task_group_decorator.py for tasks to queue
[2023-03-26T16:58:00.486+0000] {logging_mixin.py:137} INFO - [2023-03-26T16:58:00.486+0000] {dagbag.py:532} INFO - Filling up the DagBag from /home/airflow/.local/lib/python3.7/site-packages/airflow/example_dags/example_task_group_decorator.py
[2023-03-26T16:58:00.501+0000] {processor.py:753} INFO - DAG(s) dict_keys(['example_task_group_decorator']) retrieved from /home/airflow/.local/lib/python3.7/site-packages/airflow/example_dags/example_task_group_decorator.py
[2023-03-26T16:58:00.519+0000] {logging_mixin.py:137} INFO - [2023-03-26T16:58:00.518+0000] {dag.py:2693} INFO - Sync 1 DAGs
[2023-03-26T16:58:00.533+0000] {logging_mixin.py:137} INFO - [2023-03-26T16:58:00.533+0000] {dag.py:3444} INFO - Setting next_dagrun for example_task_group_decorator to 2023-03-25T16:58:00.533219+00:00, run_after=2023-03-26T16:58:00.533219+00:00
[2023-03-26T16:58:00.548+0000] {processor.py:175} INFO - Processing /home/airflow/.local/lib/python3.7/site-packages/airflow/example_dags/example_task_group_decorator.py took 0.065 seconds
[2023-03-26T16:58:31.217+0000] {processor.py:153} INFO - Started process (PID=1021) to work on /home/airflow/.local/lib/python3.7/site-packages/airflow/example_dags/example_task_group_decorator.py
[2023-03-26T16:58:31.218+0000] {processor.py:743} INFO - Processing file /home/airflow/.local/lib/python3.7/site-packages/airflow/example_dags/example_task_group_decorator.py for tasks to queue
[2023-03-26T16:58:31.218+0000] {logging_mixin.py:137} INFO - [2023-03-26T16:58:31.218+0000] {dagbag.py:532} INFO - Filling up the DagBag from /home/airflow/.local/lib/python3.7/site-packages/airflow/example_dags/example_task_group_decorator.py
[2023-03-26T16:58:31.235+0000] {processor.py:753} INFO - DAG(s) dict_keys(['example_task_group_decorator']) retrieved from /home/airflow/.local/lib/python3.7/site-packages/airflow/example_dags/example_task_group_decorator.py
[2023-03-26T16:58:31.254+0000] {logging_mixin.py:137} INFO - [2023-03-26T16:58:31.254+0000] {dag.py:2693} INFO - Sync 1 DAGs
[2023-03-26T16:58:31.268+0000] {logging_mixin.py:137} INFO - [2023-03-26T16:58:31.268+0000] {dag.py:3444} INFO - Setting next_dagrun for example_task_group_decorator to 2023-03-25T16:58:31.268662+00:00, run_after=2023-03-26T16:58:31.268662+00:00
[2023-03-26T16:58:31.287+0000] {processor.py:175} INFO - Processing /home/airflow/.local/lib/python3.7/site-packages/airflow/example_dags/example_task_group_decorator.py took 0.072 seconds
[2023-03-26T16:59:02.009+0000] {processor.py:153} INFO - Started process (PID=1070) to work on /home/airflow/.local/lib/python3.7/site-packages/airflow/example_dags/example_task_group_decorator.py
[2023-03-26T16:59:02.010+0000] {processor.py:743} INFO - Processing file /home/airflow/.local/lib/python3.7/site-packages/airflow/example_dags/example_task_group_decorator.py for tasks to queue
[2023-03-26T16:59:02.010+0000] {logging_mixin.py:137} INFO - [2023-03-26T16:59:02.010+0000] {dagbag.py:532} INFO - Filling up the DagBag from /home/airflow/.local/lib/python3.7/site-packages/airflow/example_dags/example_task_group_decorator.py
[2023-03-26T16:59:02.026+0000] {processor.py:753} INFO - DAG(s) dict_keys(['example_task_group_decorator']) retrieved from /home/airflow/.local/lib/python3.7/site-packages/airflow/example_dags/example_task_group_decorator.py
[2023-03-26T16:59:02.044+0000] {logging_mixin.py:137} INFO - [2023-03-26T16:59:02.044+0000] {dag.py:2693} INFO - Sync 1 DAGs
[2023-03-26T16:59:02.058+0000] {logging_mixin.py:137} INFO - [2023-03-26T16:59:02.058+0000] {dag.py:3444} INFO - Setting next_dagrun for example_task_group_decorator to 2023-03-25T16:59:02.058054+00:00, run_after=2023-03-26T16:59:02.058054+00:00
[2023-03-26T16:59:02.077+0000] {processor.py:175} INFO - Processing /home/airflow/.local/lib/python3.7/site-packages/airflow/example_dags/example_task_group_decorator.py took 0.069 seconds
[2023-03-26T16:59:32.646+0000] {processor.py:153} INFO - Started process (PID=1119) to work on /home/airflow/.local/lib/python3.7/site-packages/airflow/example_dags/example_task_group_decorator.py
[2023-03-26T16:59:32.647+0000] {processor.py:743} INFO - Processing file /home/airflow/.local/lib/python3.7/site-packages/airflow/example_dags/example_task_group_decorator.py for tasks to queue
[2023-03-26T16:59:32.647+0000] {logging_mixin.py:137} INFO - [2023-03-26T16:59:32.647+0000] {dagbag.py:532} INFO - Filling up the DagBag from /home/airflow/.local/lib/python3.7/site-packages/airflow/example_dags/example_task_group_decorator.py
[2023-03-26T16:59:32.663+0000] {processor.py:753} INFO - DAG(s) dict_keys(['example_task_group_decorator']) retrieved from /home/airflow/.local/lib/python3.7/site-packages/airflow/example_dags/example_task_group_decorator.py
[2023-03-26T16:59:32.680+0000] {logging_mixin.py:137} INFO - [2023-03-26T16:59:32.680+0000] {dag.py:2693} INFO - Sync 1 DAGs
[2023-03-26T16:59:32.695+0000] {logging_mixin.py:137} INFO - [2023-03-26T16:59:32.695+0000] {dag.py:3444} INFO - Setting next_dagrun for example_task_group_decorator to 2023-03-25T16:59:32.694983+00:00, run_after=2023-03-26T16:59:32.694983+00:00
[2023-03-26T16:59:32.708+0000] {processor.py:175} INFO - Processing /home/airflow/.local/lib/python3.7/site-packages/airflow/example_dags/example_task_group_decorator.py took 0.065 seconds
[2023-03-26T17:00:03.342+0000] {processor.py:153} INFO - Started process (PID=1168) to work on /home/airflow/.local/lib/python3.7/site-packages/airflow/example_dags/example_task_group_decorator.py
[2023-03-26T17:00:03.343+0000] {processor.py:743} INFO - Processing file /home/airflow/.local/lib/python3.7/site-packages/airflow/example_dags/example_task_group_decorator.py for tasks to queue
[2023-03-26T17:00:03.343+0000] {logging_mixin.py:137} INFO - [2023-03-26T17:00:03.343+0000] {dagbag.py:532} INFO - Filling up the DagBag from /home/airflow/.local/lib/python3.7/site-packages/airflow/example_dags/example_task_group_decorator.py
[2023-03-26T17:00:03.359+0000] {processor.py:753} INFO - DAG(s) dict_keys(['example_task_group_decorator']) retrieved from /home/airflow/.local/lib/python3.7/site-packages/airflow/example_dags/example_task_group_decorator.py
[2023-03-26T17:00:03.376+0000] {logging_mixin.py:137} INFO - [2023-03-26T17:00:03.376+0000] {dag.py:2693} INFO - Sync 1 DAGs
[2023-03-26T17:00:03.389+0000] {logging_mixin.py:137} INFO - [2023-03-26T17:00:03.389+0000] {dag.py:3444} INFO - Setting next_dagrun for example_task_group_decorator to 2023-03-25T17:00:03.389631+00:00, run_after=2023-03-26T17:00:03.389631+00:00
[2023-03-26T17:00:03.405+0000] {processor.py:175} INFO - Processing /home/airflow/.local/lib/python3.7/site-packages/airflow/example_dags/example_task_group_decorator.py took 0.065 seconds
[2023-03-26T17:00:34.003+0000] {processor.py:153} INFO - Started process (PID=1217) to work on /home/airflow/.local/lib/python3.7/site-packages/airflow/example_dags/example_task_group_decorator.py
[2023-03-26T17:00:34.003+0000] {processor.py:743} INFO - Processing file /home/airflow/.local/lib/python3.7/site-packages/airflow/example_dags/example_task_group_decorator.py for tasks to queue
[2023-03-26T17:00:34.004+0000] {logging_mixin.py:137} INFO - [2023-03-26T17:00:34.004+0000] {dagbag.py:532} INFO - Filling up the DagBag from /home/airflow/.local/lib/python3.7/site-packages/airflow/example_dags/example_task_group_decorator.py
[2023-03-26T17:00:34.020+0000] {processor.py:753} INFO - DAG(s) dict_keys(['example_task_group_decorator']) retrieved from /home/airflow/.local/lib/python3.7/site-packages/airflow/example_dags/example_task_group_decorator.py
[2023-03-26T17:00:34.038+0000] {logging_mixin.py:137} INFO - [2023-03-26T17:00:34.038+0000] {dag.py:2693} INFO - Sync 1 DAGs
[2023-03-26T17:00:34.052+0000] {logging_mixin.py:137} INFO - [2023-03-26T17:00:34.052+0000] {dag.py:3444} INFO - Setting next_dagrun for example_task_group_decorator to 2023-03-25T17:00:34.052441+00:00, run_after=2023-03-26T17:00:34.052441+00:00
[2023-03-26T17:00:34.069+0000] {processor.py:175} INFO - Processing /home/airflow/.local/lib/python3.7/site-packages/airflow/example_dags/example_task_group_decorator.py took 0.068 seconds
