[2023-03-26T16:04:03.728+0000] {processor.py:153} INFO - Started process (PID=74) to work on /home/airflow/.local/lib/python3.7/site-packages/airflow/example_dags/example_skip_dag.py
[2023-03-26T16:04:03.729+0000] {processor.py:743} INFO - Processing file /home/airflow/.local/lib/python3.7/site-packages/airflow/example_dags/example_skip_dag.py for tasks to queue
[2023-03-26T16:04:03.729+0000] {logging_mixin.py:137} INFO - [2023-03-26T16:04:03.729+0000] {dagbag.py:532} INFO - Filling up the DagBag from /home/airflow/.local/lib/python3.7/site-packages/airflow/example_dags/example_skip_dag.py
[2023-03-26T16:04:03.739+0000] {processor.py:753} INFO - DAG(s) dict_keys(['example_skip_dag']) retrieved from /home/airflow/.local/lib/python3.7/site-packages/airflow/example_dags/example_skip_dag.py
[2023-03-26T16:04:03.808+0000] {logging_mixin.py:137} INFO - [2023-03-26T16:04:03.808+0000] {manager.py:504} INFO - Created Permission View: can read on DAG:example_skip_dag
[2023-03-26T16:04:03.815+0000] {logging_mixin.py:137} INFO - [2023-03-26T16:04:03.815+0000] {manager.py:504} INFO - Created Permission View: can edit on DAG:example_skip_dag
[2023-03-26T16:04:03.821+0000] {logging_mixin.py:137} INFO - [2023-03-26T16:04:03.820+0000] {manager.py:504} INFO - Created Permission View: can delete on DAG:example_skip_dag
[2023-03-26T16:04:03.821+0000] {logging_mixin.py:137} INFO - [2023-03-26T16:04:03.821+0000] {dag.py:2693} INFO - Sync 1 DAGs
[2023-03-26T16:04:03.828+0000] {logging_mixin.py:137} INFO - [2023-03-26T16:04:03.828+0000] {dag.py:2714} INFO - Creating ORM DAG for example_skip_dag
[2023-03-26T16:04:03.835+0000] {logging_mixin.py:137} INFO - [2023-03-26T16:04:03.835+0000] {dag.py:3444} INFO - Setting next_dagrun for example_skip_dag to 2023-03-25T16:04:03.835230+00:00, run_after=2023-03-26T16:04:03.835230+00:00
[2023-03-26T16:04:03.849+0000] {processor.py:175} INFO - Processing /home/airflow/.local/lib/python3.7/site-packages/airflow/example_dags/example_skip_dag.py took 0.123 seconds
[2023-03-26T16:04:34.643+0000] {processor.py:153} INFO - Started process (PID=123) to work on /home/airflow/.local/lib/python3.7/site-packages/airflow/example_dags/example_skip_dag.py
[2023-03-26T16:04:34.643+0000] {processor.py:743} INFO - Processing file /home/airflow/.local/lib/python3.7/site-packages/airflow/example_dags/example_skip_dag.py for tasks to queue
[2023-03-26T16:04:34.643+0000] {logging_mixin.py:137} INFO - [2023-03-26T16:04:34.643+0000] {dagbag.py:532} INFO - Filling up the DagBag from /home/airflow/.local/lib/python3.7/site-packages/airflow/example_dags/example_skip_dag.py
[2023-03-26T16:04:34.652+0000] {processor.py:753} INFO - DAG(s) dict_keys(['example_skip_dag']) retrieved from /home/airflow/.local/lib/python3.7/site-packages/airflow/example_dags/example_skip_dag.py
[2023-03-26T16:04:34.669+0000] {logging_mixin.py:137} INFO - [2023-03-26T16:04:34.669+0000] {dag.py:2693} INFO - Sync 1 DAGs
[2023-03-26T16:04:34.684+0000] {logging_mixin.py:137} INFO - [2023-03-26T16:04:34.684+0000] {dag.py:3444} INFO - Setting next_dagrun for example_skip_dag to 2023-03-25T16:04:34.684153+00:00, run_after=2023-03-26T16:04:34.684153+00:00
[2023-03-26T16:04:34.696+0000] {processor.py:175} INFO - Processing /home/airflow/.local/lib/python3.7/site-packages/airflow/example_dags/example_skip_dag.py took 0.056 seconds
[2023-03-26T16:05:05.259+0000] {processor.py:153} INFO - Started process (PID=172) to work on /home/airflow/.local/lib/python3.7/site-packages/airflow/example_dags/example_skip_dag.py
[2023-03-26T16:05:05.259+0000] {processor.py:743} INFO - Processing file /home/airflow/.local/lib/python3.7/site-packages/airflow/example_dags/example_skip_dag.py for tasks to queue
[2023-03-26T16:05:05.260+0000] {logging_mixin.py:137} INFO - [2023-03-26T16:05:05.260+0000] {dagbag.py:532} INFO - Filling up the DagBag from /home/airflow/.local/lib/python3.7/site-packages/airflow/example_dags/example_skip_dag.py
[2023-03-26T16:05:05.267+0000] {processor.py:753} INFO - DAG(s) dict_keys(['example_skip_dag']) retrieved from /home/airflow/.local/lib/python3.7/site-packages/airflow/example_dags/example_skip_dag.py
[2023-03-26T16:05:05.284+0000] {logging_mixin.py:137} INFO - [2023-03-26T16:05:05.284+0000] {dag.py:2693} INFO - Sync 1 DAGs
[2023-03-26T16:05:05.298+0000] {logging_mixin.py:137} INFO - [2023-03-26T16:05:05.298+0000] {dag.py:3444} INFO - Setting next_dagrun for example_skip_dag to 2023-03-25T16:05:05.298026+00:00, run_after=2023-03-26T16:05:05.298026+00:00
[2023-03-26T16:05:05.311+0000] {processor.py:175} INFO - Processing /home/airflow/.local/lib/python3.7/site-packages/airflow/example_dags/example_skip_dag.py took 0.054 seconds
[2023-03-26T16:05:35.841+0000] {processor.py:153} INFO - Started process (PID=220) to work on /home/airflow/.local/lib/python3.7/site-packages/airflow/example_dags/example_skip_dag.py
[2023-03-26T16:05:35.842+0000] {processor.py:743} INFO - Processing file /home/airflow/.local/lib/python3.7/site-packages/airflow/example_dags/example_skip_dag.py for tasks to queue
[2023-03-26T16:05:35.842+0000] {logging_mixin.py:137} INFO - [2023-03-26T16:05:35.842+0000] {dagbag.py:532} INFO - Filling up the DagBag from /home/airflow/.local/lib/python3.7/site-packages/airflow/example_dags/example_skip_dag.py
[2023-03-26T16:05:35.850+0000] {processor.py:753} INFO - DAG(s) dict_keys(['example_skip_dag']) retrieved from /home/airflow/.local/lib/python3.7/site-packages/airflow/example_dags/example_skip_dag.py
[2023-03-26T16:05:35.864+0000] {logging_mixin.py:137} INFO - [2023-03-26T16:05:35.864+0000] {dag.py:2693} INFO - Sync 1 DAGs
[2023-03-26T16:05:35.878+0000] {logging_mixin.py:137} INFO - [2023-03-26T16:05:35.878+0000] {dag.py:3444} INFO - Setting next_dagrun for example_skip_dag to 2023-03-25T16:05:35.877897+00:00, run_after=2023-03-26T16:05:35.877897+00:00
[2023-03-26T16:05:35.890+0000] {processor.py:175} INFO - Processing /home/airflow/.local/lib/python3.7/site-packages/airflow/example_dags/example_skip_dag.py took 0.051 seconds
[2023-03-26T16:06:06.470+0000] {processor.py:153} INFO - Started process (PID=269) to work on /home/airflow/.local/lib/python3.7/site-packages/airflow/example_dags/example_skip_dag.py
[2023-03-26T16:06:06.471+0000] {processor.py:743} INFO - Processing file /home/airflow/.local/lib/python3.7/site-packages/airflow/example_dags/example_skip_dag.py for tasks to queue
[2023-03-26T16:06:06.471+0000] {logging_mixin.py:137} INFO - [2023-03-26T16:06:06.471+0000] {dagbag.py:532} INFO - Filling up the DagBag from /home/airflow/.local/lib/python3.7/site-packages/airflow/example_dags/example_skip_dag.py
[2023-03-26T16:06:06.479+0000] {processor.py:753} INFO - DAG(s) dict_keys(['example_skip_dag']) retrieved from /home/airflow/.local/lib/python3.7/site-packages/airflow/example_dags/example_skip_dag.py
[2023-03-26T16:06:06.494+0000] {logging_mixin.py:137} INFO - [2023-03-26T16:06:06.494+0000] {dag.py:2693} INFO - Sync 1 DAGs
[2023-03-26T16:06:06.508+0000] {logging_mixin.py:137} INFO - [2023-03-26T16:06:06.508+0000] {dag.py:3444} INFO - Setting next_dagrun for example_skip_dag to 2023-03-25T16:06:06.508148+00:00, run_after=2023-03-26T16:06:06.508148+00:00
[2023-03-26T16:06:06.523+0000] {processor.py:175} INFO - Processing /home/airflow/.local/lib/python3.7/site-packages/airflow/example_dags/example_skip_dag.py took 0.055 seconds
[2023-03-26T16:06:37.074+0000] {processor.py:153} INFO - Started process (PID=318) to work on /home/airflow/.local/lib/python3.7/site-packages/airflow/example_dags/example_skip_dag.py
[2023-03-26T16:06:37.075+0000] {processor.py:743} INFO - Processing file /home/airflow/.local/lib/python3.7/site-packages/airflow/example_dags/example_skip_dag.py for tasks to queue
[2023-03-26T16:06:37.075+0000] {logging_mixin.py:137} INFO - [2023-03-26T16:06:37.075+0000] {dagbag.py:532} INFO - Filling up the DagBag from /home/airflow/.local/lib/python3.7/site-packages/airflow/example_dags/example_skip_dag.py
[2023-03-26T16:06:37.082+0000] {processor.py:753} INFO - DAG(s) dict_keys(['example_skip_dag']) retrieved from /home/airflow/.local/lib/python3.7/site-packages/airflow/example_dags/example_skip_dag.py
[2023-03-26T16:06:37.098+0000] {logging_mixin.py:137} INFO - [2023-03-26T16:06:37.098+0000] {dag.py:2693} INFO - Sync 1 DAGs
[2023-03-26T16:06:37.113+0000] {logging_mixin.py:137} INFO - [2023-03-26T16:06:37.113+0000] {dag.py:3444} INFO - Setting next_dagrun for example_skip_dag to 2023-03-25T16:06:37.113112+00:00, run_after=2023-03-26T16:06:37.113112+00:00
[2023-03-26T16:06:37.126+0000] {processor.py:175} INFO - Processing /home/airflow/.local/lib/python3.7/site-packages/airflow/example_dags/example_skip_dag.py took 0.054 seconds
[2023-03-26T16:07:07.713+0000] {processor.py:153} INFO - Started process (PID=367) to work on /home/airflow/.local/lib/python3.7/site-packages/airflow/example_dags/example_skip_dag.py
[2023-03-26T16:07:07.713+0000] {processor.py:743} INFO - Processing file /home/airflow/.local/lib/python3.7/site-packages/airflow/example_dags/example_skip_dag.py for tasks to queue
[2023-03-26T16:07:07.714+0000] {logging_mixin.py:137} INFO - [2023-03-26T16:07:07.714+0000] {dagbag.py:532} INFO - Filling up the DagBag from /home/airflow/.local/lib/python3.7/site-packages/airflow/example_dags/example_skip_dag.py
[2023-03-26T16:07:07.721+0000] {processor.py:753} INFO - DAG(s) dict_keys(['example_skip_dag']) retrieved from /home/airflow/.local/lib/python3.7/site-packages/airflow/example_dags/example_skip_dag.py
[2023-03-26T16:07:07.738+0000] {logging_mixin.py:137} INFO - [2023-03-26T16:07:07.738+0000] {dag.py:2693} INFO - Sync 1 DAGs
[2023-03-26T16:07:07.752+0000] {logging_mixin.py:137} INFO - [2023-03-26T16:07:07.752+0000] {dag.py:3444} INFO - Setting next_dagrun for example_skip_dag to 2023-03-25T16:07:07.752276+00:00, run_after=2023-03-26T16:07:07.752276+00:00
[2023-03-26T16:07:07.768+0000] {processor.py:175} INFO - Processing /home/airflow/.local/lib/python3.7/site-packages/airflow/example_dags/example_skip_dag.py took 0.057 seconds
[2023-03-26T16:07:38.374+0000] {processor.py:153} INFO - Started process (PID=416) to work on /home/airflow/.local/lib/python3.7/site-packages/airflow/example_dags/example_skip_dag.py
[2023-03-26T16:07:38.374+0000] {processor.py:743} INFO - Processing file /home/airflow/.local/lib/python3.7/site-packages/airflow/example_dags/example_skip_dag.py for tasks to queue
[2023-03-26T16:07:38.375+0000] {logging_mixin.py:137} INFO - [2023-03-26T16:07:38.375+0000] {dagbag.py:532} INFO - Filling up the DagBag from /home/airflow/.local/lib/python3.7/site-packages/airflow/example_dags/example_skip_dag.py
[2023-03-26T16:07:38.383+0000] {processor.py:753} INFO - DAG(s) dict_keys(['example_skip_dag']) retrieved from /home/airflow/.local/lib/python3.7/site-packages/airflow/example_dags/example_skip_dag.py
[2023-03-26T16:07:38.397+0000] {logging_mixin.py:137} INFO - [2023-03-26T16:07:38.397+0000] {dag.py:2693} INFO - Sync 1 DAGs
[2023-03-26T16:07:38.411+0000] {logging_mixin.py:137} INFO - [2023-03-26T16:07:38.411+0000] {dag.py:3444} INFO - Setting next_dagrun for example_skip_dag to 2023-03-25T16:07:38.411565+00:00, run_after=2023-03-26T16:07:38.411565+00:00
[2023-03-26T16:07:38.424+0000] {processor.py:175} INFO - Processing /home/airflow/.local/lib/python3.7/site-packages/airflow/example_dags/example_skip_dag.py took 0.052 seconds
[2023-03-26T16:08:08.977+0000] {processor.py:153} INFO - Started process (PID=465) to work on /home/airflow/.local/lib/python3.7/site-packages/airflow/example_dags/example_skip_dag.py
[2023-03-26T16:08:08.978+0000] {processor.py:743} INFO - Processing file /home/airflow/.local/lib/python3.7/site-packages/airflow/example_dags/example_skip_dag.py for tasks to queue
[2023-03-26T16:08:08.978+0000] {logging_mixin.py:137} INFO - [2023-03-26T16:08:08.978+0000] {dagbag.py:532} INFO - Filling up the DagBag from /home/airflow/.local/lib/python3.7/site-packages/airflow/example_dags/example_skip_dag.py
[2023-03-26T16:08:08.986+0000] {processor.py:753} INFO - DAG(s) dict_keys(['example_skip_dag']) retrieved from /home/airflow/.local/lib/python3.7/site-packages/airflow/example_dags/example_skip_dag.py
[2023-03-26T16:08:09.002+0000] {logging_mixin.py:137} INFO - [2023-03-26T16:08:09.002+0000] {dag.py:2693} INFO - Sync 1 DAGs
[2023-03-26T16:08:09.016+0000] {logging_mixin.py:137} INFO - [2023-03-26T16:08:09.016+0000] {dag.py:3444} INFO - Setting next_dagrun for example_skip_dag to 2023-03-25T16:08:09.016657+00:00, run_after=2023-03-26T16:08:09.016657+00:00
[2023-03-26T16:08:09.030+0000] {processor.py:175} INFO - Processing /home/airflow/.local/lib/python3.7/site-packages/airflow/example_dags/example_skip_dag.py took 0.055 seconds
[2023-03-26T16:08:39.670+0000] {processor.py:153} INFO - Started process (PID=514) to work on /home/airflow/.local/lib/python3.7/site-packages/airflow/example_dags/example_skip_dag.py
[2023-03-26T16:08:39.671+0000] {processor.py:743} INFO - Processing file /home/airflow/.local/lib/python3.7/site-packages/airflow/example_dags/example_skip_dag.py for tasks to queue
[2023-03-26T16:08:39.671+0000] {logging_mixin.py:137} INFO - [2023-03-26T16:08:39.671+0000] {dagbag.py:532} INFO - Filling up the DagBag from /home/airflow/.local/lib/python3.7/site-packages/airflow/example_dags/example_skip_dag.py
[2023-03-26T16:08:39.684+0000] {processor.py:753} INFO - DAG(s) dict_keys(['example_skip_dag']) retrieved from /home/airflow/.local/lib/python3.7/site-packages/airflow/example_dags/example_skip_dag.py
[2023-03-26T16:08:39.703+0000] {logging_mixin.py:137} INFO - [2023-03-26T16:08:39.703+0000] {dag.py:2693} INFO - Sync 1 DAGs
[2023-03-26T16:08:39.725+0000] {logging_mixin.py:137} INFO - [2023-03-26T16:08:39.725+0000] {dag.py:3444} INFO - Setting next_dagrun for example_skip_dag to 2023-03-25T16:08:39.724922+00:00, run_after=2023-03-26T16:08:39.724922+00:00
[2023-03-26T16:08:39.740+0000] {processor.py:175} INFO - Processing /home/airflow/.local/lib/python3.7/site-packages/airflow/example_dags/example_skip_dag.py took 0.071 seconds
[2023-03-26T16:13:00.358+0000] {processor.py:153} INFO - Started process (PID=74) to work on /home/airflow/.local/lib/python3.7/site-packages/airflow/example_dags/example_skip_dag.py
[2023-03-26T16:13:00.358+0000] {processor.py:743} INFO - Processing file /home/airflow/.local/lib/python3.7/site-packages/airflow/example_dags/example_skip_dag.py for tasks to queue
[2023-03-26T16:13:00.359+0000] {logging_mixin.py:137} INFO - [2023-03-26T16:13:00.359+0000] {dagbag.py:532} INFO - Filling up the DagBag from /home/airflow/.local/lib/python3.7/site-packages/airflow/example_dags/example_skip_dag.py
[2023-03-26T16:13:00.369+0000] {processor.py:753} INFO - DAG(s) dict_keys(['example_skip_dag']) retrieved from /home/airflow/.local/lib/python3.7/site-packages/airflow/example_dags/example_skip_dag.py
[2023-03-26T16:13:00.377+0000] {logging_mixin.py:137} INFO - [2023-03-26T16:13:00.377+0000] {dag.py:2693} INFO - Sync 1 DAGs
[2023-03-26T16:13:00.392+0000] {logging_mixin.py:137} INFO - [2023-03-26T16:13:00.392+0000] {dag.py:3444} INFO - Setting next_dagrun for example_skip_dag to 2023-03-25T16:13:00.392255+00:00, run_after=2023-03-26T16:13:00.392255+00:00
[2023-03-26T16:13:00.407+0000] {processor.py:175} INFO - Processing /home/airflow/.local/lib/python3.7/site-packages/airflow/example_dags/example_skip_dag.py took 0.051 seconds
[2023-03-26T16:13:30.928+0000] {processor.py:153} INFO - Started process (PID=123) to work on /home/airflow/.local/lib/python3.7/site-packages/airflow/example_dags/example_skip_dag.py
[2023-03-26T16:13:30.928+0000] {processor.py:743} INFO - Processing file /home/airflow/.local/lib/python3.7/site-packages/airflow/example_dags/example_skip_dag.py for tasks to queue
[2023-03-26T16:13:30.929+0000] {logging_mixin.py:137} INFO - [2023-03-26T16:13:30.929+0000] {dagbag.py:532} INFO - Filling up the DagBag from /home/airflow/.local/lib/python3.7/site-packages/airflow/example_dags/example_skip_dag.py
[2023-03-26T16:13:30.936+0000] {processor.py:753} INFO - DAG(s) dict_keys(['example_skip_dag']) retrieved from /home/airflow/.local/lib/python3.7/site-packages/airflow/example_dags/example_skip_dag.py
[2023-03-26T16:13:30.952+0000] {logging_mixin.py:137} INFO - [2023-03-26T16:13:30.952+0000] {dag.py:2693} INFO - Sync 1 DAGs
[2023-03-26T16:13:30.966+0000] {logging_mixin.py:137} INFO - [2023-03-26T16:13:30.966+0000] {dag.py:3444} INFO - Setting next_dagrun for example_skip_dag to 2023-03-25T16:13:30.966690+00:00, run_after=2023-03-26T16:13:30.966690+00:00
[2023-03-26T16:13:30.979+0000] {processor.py:175} INFO - Processing /home/airflow/.local/lib/python3.7/site-packages/airflow/example_dags/example_skip_dag.py took 0.053 seconds
[2023-03-26T16:17:29.215+0000] {processor.py:153} INFO - Started process (PID=74) to work on /home/airflow/.local/lib/python3.7/site-packages/airflow/example_dags/example_skip_dag.py
[2023-03-26T16:17:29.215+0000] {processor.py:743} INFO - Processing file /home/airflow/.local/lib/python3.7/site-packages/airflow/example_dags/example_skip_dag.py for tasks to queue
[2023-03-26T16:17:29.216+0000] {logging_mixin.py:137} INFO - [2023-03-26T16:17:29.216+0000] {dagbag.py:532} INFO - Filling up the DagBag from /home/airflow/.local/lib/python3.7/site-packages/airflow/example_dags/example_skip_dag.py
[2023-03-26T16:17:29.225+0000] {processor.py:753} INFO - DAG(s) dict_keys(['example_skip_dag']) retrieved from /home/airflow/.local/lib/python3.7/site-packages/airflow/example_dags/example_skip_dag.py
[2023-03-26T16:17:29.233+0000] {logging_mixin.py:137} INFO - [2023-03-26T16:17:29.232+0000] {dag.py:2693} INFO - Sync 1 DAGs
[2023-03-26T16:17:29.247+0000] {logging_mixin.py:137} INFO - [2023-03-26T16:17:29.247+0000] {dag.py:3444} INFO - Setting next_dagrun for example_skip_dag to 2023-03-25T16:17:29.247597+00:00, run_after=2023-03-26T16:17:29.247597+00:00
[2023-03-26T16:17:29.262+0000] {processor.py:175} INFO - Processing /home/airflow/.local/lib/python3.7/site-packages/airflow/example_dags/example_skip_dag.py took 0.050 seconds
[2023-03-26T16:17:59.896+0000] {processor.py:153} INFO - Started process (PID=123) to work on /home/airflow/.local/lib/python3.7/site-packages/airflow/example_dags/example_skip_dag.py
[2023-03-26T16:17:59.896+0000] {processor.py:743} INFO - Processing file /home/airflow/.local/lib/python3.7/site-packages/airflow/example_dags/example_skip_dag.py for tasks to queue
[2023-03-26T16:17:59.897+0000] {logging_mixin.py:137} INFO - [2023-03-26T16:17:59.897+0000] {dagbag.py:532} INFO - Filling up the DagBag from /home/airflow/.local/lib/python3.7/site-packages/airflow/example_dags/example_skip_dag.py
[2023-03-26T16:17:59.906+0000] {processor.py:753} INFO - DAG(s) dict_keys(['example_skip_dag']) retrieved from /home/airflow/.local/lib/python3.7/site-packages/airflow/example_dags/example_skip_dag.py
[2023-03-26T16:17:59.929+0000] {logging_mixin.py:137} INFO - [2023-03-26T16:17:59.928+0000] {dag.py:2693} INFO - Sync 1 DAGs
[2023-03-26T16:17:59.956+0000] {logging_mixin.py:137} INFO - [2023-03-26T16:17:59.956+0000] {dag.py:3444} INFO - Setting next_dagrun for example_skip_dag to 2023-03-25T16:17:59.955935+00:00, run_after=2023-03-26T16:17:59.955935+00:00
[2023-03-26T16:18:00.018+0000] {processor.py:175} INFO - Processing /home/airflow/.local/lib/python3.7/site-packages/airflow/example_dags/example_skip_dag.py took 0.125 seconds
[2023-03-26T16:18:30.719+0000] {processor.py:153} INFO - Started process (PID=172) to work on /home/airflow/.local/lib/python3.7/site-packages/airflow/example_dags/example_skip_dag.py
[2023-03-26T16:18:30.720+0000] {processor.py:743} INFO - Processing file /home/airflow/.local/lib/python3.7/site-packages/airflow/example_dags/example_skip_dag.py for tasks to queue
[2023-03-26T16:18:30.720+0000] {logging_mixin.py:137} INFO - [2023-03-26T16:18:30.720+0000] {dagbag.py:532} INFO - Filling up the DagBag from /home/airflow/.local/lib/python3.7/site-packages/airflow/example_dags/example_skip_dag.py
[2023-03-26T16:18:30.728+0000] {processor.py:753} INFO - DAG(s) dict_keys(['example_skip_dag']) retrieved from /home/airflow/.local/lib/python3.7/site-packages/airflow/example_dags/example_skip_dag.py
[2023-03-26T16:18:30.743+0000] {logging_mixin.py:137} INFO - [2023-03-26T16:18:30.743+0000] {dag.py:2693} INFO - Sync 1 DAGs
[2023-03-26T16:18:30.757+0000] {logging_mixin.py:137} INFO - [2023-03-26T16:18:30.757+0000] {dag.py:3444} INFO - Setting next_dagrun for example_skip_dag to 2023-03-25T16:18:30.757286+00:00, run_after=2023-03-26T16:18:30.757286+00:00
[2023-03-26T16:18:30.770+0000] {processor.py:175} INFO - Processing /home/airflow/.local/lib/python3.7/site-packages/airflow/example_dags/example_skip_dag.py took 0.052 seconds
[2023-03-26T16:19:01.343+0000] {processor.py:153} INFO - Started process (PID=221) to work on /home/airflow/.local/lib/python3.7/site-packages/airflow/example_dags/example_skip_dag.py
[2023-03-26T16:19:01.343+0000] {processor.py:743} INFO - Processing file /home/airflow/.local/lib/python3.7/site-packages/airflow/example_dags/example_skip_dag.py for tasks to queue
[2023-03-26T16:19:01.344+0000] {logging_mixin.py:137} INFO - [2023-03-26T16:19:01.344+0000] {dagbag.py:532} INFO - Filling up the DagBag from /home/airflow/.local/lib/python3.7/site-packages/airflow/example_dags/example_skip_dag.py
[2023-03-26T16:19:01.351+0000] {processor.py:753} INFO - DAG(s) dict_keys(['example_skip_dag']) retrieved from /home/airflow/.local/lib/python3.7/site-packages/airflow/example_dags/example_skip_dag.py
[2023-03-26T16:19:01.368+0000] {logging_mixin.py:137} INFO - [2023-03-26T16:19:01.368+0000] {dag.py:2693} INFO - Sync 1 DAGs
[2023-03-26T16:19:01.382+0000] {logging_mixin.py:137} INFO - [2023-03-26T16:19:01.382+0000] {dag.py:3444} INFO - Setting next_dagrun for example_skip_dag to 2023-03-25T16:19:01.382152+00:00, run_after=2023-03-26T16:19:01.382152+00:00
[2023-03-26T16:19:01.398+0000] {processor.py:175} INFO - Processing /home/airflow/.local/lib/python3.7/site-packages/airflow/example_dags/example_skip_dag.py took 0.057 seconds
[2023-03-26T16:19:32.096+0000] {processor.py:153} INFO - Started process (PID=270) to work on /home/airflow/.local/lib/python3.7/site-packages/airflow/example_dags/example_skip_dag.py
[2023-03-26T16:19:32.096+0000] {processor.py:743} INFO - Processing file /home/airflow/.local/lib/python3.7/site-packages/airflow/example_dags/example_skip_dag.py for tasks to queue
[2023-03-26T16:19:32.097+0000] {logging_mixin.py:137} INFO - [2023-03-26T16:19:32.097+0000] {dagbag.py:532} INFO - Filling up the DagBag from /home/airflow/.local/lib/python3.7/site-packages/airflow/example_dags/example_skip_dag.py
[2023-03-26T16:19:32.104+0000] {processor.py:753} INFO - DAG(s) dict_keys(['example_skip_dag']) retrieved from /home/airflow/.local/lib/python3.7/site-packages/airflow/example_dags/example_skip_dag.py
[2023-03-26T16:19:32.121+0000] {logging_mixin.py:137} INFO - [2023-03-26T16:19:32.121+0000] {dag.py:2693} INFO - Sync 1 DAGs
[2023-03-26T16:19:32.135+0000] {logging_mixin.py:137} INFO - [2023-03-26T16:19:32.135+0000] {dag.py:3444} INFO - Setting next_dagrun for example_skip_dag to 2023-03-25T16:19:32.135445+00:00, run_after=2023-03-26T16:19:32.135445+00:00
[2023-03-26T16:19:32.150+0000] {processor.py:175} INFO - Processing /home/airflow/.local/lib/python3.7/site-packages/airflow/example_dags/example_skip_dag.py took 0.055 seconds
[2023-03-26T16:20:02.825+0000] {processor.py:153} INFO - Started process (PID=319) to work on /home/airflow/.local/lib/python3.7/site-packages/airflow/example_dags/example_skip_dag.py
[2023-03-26T16:20:02.825+0000] {processor.py:743} INFO - Processing file /home/airflow/.local/lib/python3.7/site-packages/airflow/example_dags/example_skip_dag.py for tasks to queue
[2023-03-26T16:20:02.825+0000] {logging_mixin.py:137} INFO - [2023-03-26T16:20:02.825+0000] {dagbag.py:532} INFO - Filling up the DagBag from /home/airflow/.local/lib/python3.7/site-packages/airflow/example_dags/example_skip_dag.py
[2023-03-26T16:20:02.833+0000] {processor.py:753} INFO - DAG(s) dict_keys(['example_skip_dag']) retrieved from /home/airflow/.local/lib/python3.7/site-packages/airflow/example_dags/example_skip_dag.py
[2023-03-26T16:20:02.848+0000] {logging_mixin.py:137} INFO - [2023-03-26T16:20:02.848+0000] {dag.py:2693} INFO - Sync 1 DAGs
[2023-03-26T16:20:02.863+0000] {logging_mixin.py:137} INFO - [2023-03-26T16:20:02.863+0000] {dag.py:3444} INFO - Setting next_dagrun for example_skip_dag to 2023-03-25T16:20:02.862978+00:00, run_after=2023-03-26T16:20:02.862978+00:00
[2023-03-26T16:20:02.876+0000] {processor.py:175} INFO - Processing /home/airflow/.local/lib/python3.7/site-packages/airflow/example_dags/example_skip_dag.py took 0.053 seconds
[2023-03-26T16:20:33.423+0000] {processor.py:153} INFO - Started process (PID=368) to work on /home/airflow/.local/lib/python3.7/site-packages/airflow/example_dags/example_skip_dag.py
[2023-03-26T16:20:33.423+0000] {processor.py:743} INFO - Processing file /home/airflow/.local/lib/python3.7/site-packages/airflow/example_dags/example_skip_dag.py for tasks to queue
[2023-03-26T16:20:33.424+0000] {logging_mixin.py:137} INFO - [2023-03-26T16:20:33.424+0000] {dagbag.py:532} INFO - Filling up the DagBag from /home/airflow/.local/lib/python3.7/site-packages/airflow/example_dags/example_skip_dag.py
[2023-03-26T16:20:33.431+0000] {processor.py:753} INFO - DAG(s) dict_keys(['example_skip_dag']) retrieved from /home/airflow/.local/lib/python3.7/site-packages/airflow/example_dags/example_skip_dag.py
[2023-03-26T16:20:33.448+0000] {logging_mixin.py:137} INFO - [2023-03-26T16:20:33.448+0000] {dag.py:2693} INFO - Sync 1 DAGs
[2023-03-26T16:20:33.463+0000] {logging_mixin.py:137} INFO - [2023-03-26T16:20:33.463+0000] {dag.py:3444} INFO - Setting next_dagrun for example_skip_dag to 2023-03-25T16:20:33.463550+00:00, run_after=2023-03-26T16:20:33.463550+00:00
[2023-03-26T16:20:33.477+0000] {processor.py:175} INFO - Processing /home/airflow/.local/lib/python3.7/site-packages/airflow/example_dags/example_skip_dag.py took 0.056 seconds
[2023-03-26T16:21:04.044+0000] {processor.py:153} INFO - Started process (PID=418) to work on /home/airflow/.local/lib/python3.7/site-packages/airflow/example_dags/example_skip_dag.py
[2023-03-26T16:21:04.044+0000] {processor.py:743} INFO - Processing file /home/airflow/.local/lib/python3.7/site-packages/airflow/example_dags/example_skip_dag.py for tasks to queue
[2023-03-26T16:21:04.045+0000] {logging_mixin.py:137} INFO - [2023-03-26T16:21:04.045+0000] {dagbag.py:532} INFO - Filling up the DagBag from /home/airflow/.local/lib/python3.7/site-packages/airflow/example_dags/example_skip_dag.py
[2023-03-26T16:21:04.052+0000] {processor.py:753} INFO - DAG(s) dict_keys(['example_skip_dag']) retrieved from /home/airflow/.local/lib/python3.7/site-packages/airflow/example_dags/example_skip_dag.py
[2023-03-26T16:21:04.068+0000] {logging_mixin.py:137} INFO - [2023-03-26T16:21:04.068+0000] {dag.py:2693} INFO - Sync 1 DAGs
[2023-03-26T16:21:04.083+0000] {logging_mixin.py:137} INFO - [2023-03-26T16:21:04.083+0000] {dag.py:3444} INFO - Setting next_dagrun for example_skip_dag to 2023-03-25T16:21:04.083225+00:00, run_after=2023-03-26T16:21:04.083225+00:00
[2023-03-26T16:21:04.096+0000] {processor.py:175} INFO - Processing /home/airflow/.local/lib/python3.7/site-packages/airflow/example_dags/example_skip_dag.py took 0.054 seconds
[2023-03-26T16:21:34.703+0000] {processor.py:153} INFO - Started process (PID=467) to work on /home/airflow/.local/lib/python3.7/site-packages/airflow/example_dags/example_skip_dag.py
[2023-03-26T16:21:34.704+0000] {processor.py:743} INFO - Processing file /home/airflow/.local/lib/python3.7/site-packages/airflow/example_dags/example_skip_dag.py for tasks to queue
[2023-03-26T16:21:34.704+0000] {logging_mixin.py:137} INFO - [2023-03-26T16:21:34.704+0000] {dagbag.py:532} INFO - Filling up the DagBag from /home/airflow/.local/lib/python3.7/site-packages/airflow/example_dags/example_skip_dag.py
[2023-03-26T16:21:34.712+0000] {processor.py:753} INFO - DAG(s) dict_keys(['example_skip_dag']) retrieved from /home/airflow/.local/lib/python3.7/site-packages/airflow/example_dags/example_skip_dag.py
[2023-03-26T16:21:34.727+0000] {logging_mixin.py:137} INFO - [2023-03-26T16:21:34.727+0000] {dag.py:2693} INFO - Sync 1 DAGs
[2023-03-26T16:21:34.743+0000] {logging_mixin.py:137} INFO - [2023-03-26T16:21:34.743+0000] {dag.py:3444} INFO - Setting next_dagrun for example_skip_dag to 2023-03-25T16:21:34.743300+00:00, run_after=2023-03-26T16:21:34.743300+00:00
[2023-03-26T16:21:34.758+0000] {processor.py:175} INFO - Processing /home/airflow/.local/lib/python3.7/site-packages/airflow/example_dags/example_skip_dag.py took 0.056 seconds
[2023-03-26T16:22:05.334+0000] {processor.py:153} INFO - Started process (PID=516) to work on /home/airflow/.local/lib/python3.7/site-packages/airflow/example_dags/example_skip_dag.py
[2023-03-26T16:22:05.335+0000] {processor.py:743} INFO - Processing file /home/airflow/.local/lib/python3.7/site-packages/airflow/example_dags/example_skip_dag.py for tasks to queue
[2023-03-26T16:22:05.335+0000] {logging_mixin.py:137} INFO - [2023-03-26T16:22:05.335+0000] {dagbag.py:532} INFO - Filling up the DagBag from /home/airflow/.local/lib/python3.7/site-packages/airflow/example_dags/example_skip_dag.py
[2023-03-26T16:22:05.343+0000] {processor.py:753} INFO - DAG(s) dict_keys(['example_skip_dag']) retrieved from /home/airflow/.local/lib/python3.7/site-packages/airflow/example_dags/example_skip_dag.py
[2023-03-26T16:22:05.360+0000] {logging_mixin.py:137} INFO - [2023-03-26T16:22:05.360+0000] {dag.py:2693} INFO - Sync 1 DAGs
[2023-03-26T16:22:05.376+0000] {logging_mixin.py:137} INFO - [2023-03-26T16:22:05.376+0000] {dag.py:3444} INFO - Setting next_dagrun for example_skip_dag to 2023-03-25T16:22:05.375946+00:00, run_after=2023-03-26T16:22:05.375946+00:00
[2023-03-26T16:22:05.392+0000] {processor.py:175} INFO - Processing /home/airflow/.local/lib/python3.7/site-packages/airflow/example_dags/example_skip_dag.py took 0.060 seconds
[2023-03-26T16:22:36.367+0000] {processor.py:153} INFO - Started process (PID=565) to work on /home/airflow/.local/lib/python3.7/site-packages/airflow/example_dags/example_skip_dag.py
[2023-03-26T16:22:36.368+0000] {processor.py:743} INFO - Processing file /home/airflow/.local/lib/python3.7/site-packages/airflow/example_dags/example_skip_dag.py for tasks to queue
[2023-03-26T16:22:36.368+0000] {logging_mixin.py:137} INFO - [2023-03-26T16:22:36.368+0000] {dagbag.py:532} INFO - Filling up the DagBag from /home/airflow/.local/lib/python3.7/site-packages/airflow/example_dags/example_skip_dag.py
[2023-03-26T16:22:36.376+0000] {processor.py:753} INFO - DAG(s) dict_keys(['example_skip_dag']) retrieved from /home/airflow/.local/lib/python3.7/site-packages/airflow/example_dags/example_skip_dag.py
[2023-03-26T16:22:36.394+0000] {logging_mixin.py:137} INFO - [2023-03-26T16:22:36.393+0000] {dag.py:2693} INFO - Sync 1 DAGs
[2023-03-26T16:22:36.409+0000] {logging_mixin.py:137} INFO - [2023-03-26T16:22:36.409+0000] {dag.py:3444} INFO - Setting next_dagrun for example_skip_dag to 2023-03-25T16:22:36.409566+00:00, run_after=2023-03-26T16:22:36.409566+00:00
[2023-03-26T16:22:36.422+0000] {processor.py:175} INFO - Processing /home/airflow/.local/lib/python3.7/site-packages/airflow/example_dags/example_skip_dag.py took 0.057 seconds
[2023-03-26T16:23:07.250+0000] {processor.py:153} INFO - Started process (PID=614) to work on /home/airflow/.local/lib/python3.7/site-packages/airflow/example_dags/example_skip_dag.py
[2023-03-26T16:23:07.251+0000] {processor.py:743} INFO - Processing file /home/airflow/.local/lib/python3.7/site-packages/airflow/example_dags/example_skip_dag.py for tasks to queue
[2023-03-26T16:23:07.251+0000] {logging_mixin.py:137} INFO - [2023-03-26T16:23:07.251+0000] {dagbag.py:532} INFO - Filling up the DagBag from /home/airflow/.local/lib/python3.7/site-packages/airflow/example_dags/example_skip_dag.py
[2023-03-26T16:23:07.258+0000] {processor.py:753} INFO - DAG(s) dict_keys(['example_skip_dag']) retrieved from /home/airflow/.local/lib/python3.7/site-packages/airflow/example_dags/example_skip_dag.py
[2023-03-26T16:23:07.274+0000] {logging_mixin.py:137} INFO - [2023-03-26T16:23:07.274+0000] {dag.py:2693} INFO - Sync 1 DAGs
[2023-03-26T16:23:07.289+0000] {logging_mixin.py:137} INFO - [2023-03-26T16:23:07.288+0000] {dag.py:3444} INFO - Setting next_dagrun for example_skip_dag to 2023-03-25T16:23:07.288783+00:00, run_after=2023-03-26T16:23:07.288783+00:00
[2023-03-26T16:23:07.303+0000] {processor.py:175} INFO - Processing /home/airflow/.local/lib/python3.7/site-packages/airflow/example_dags/example_skip_dag.py took 0.055 seconds
[2023-03-26T16:23:38.081+0000] {processor.py:153} INFO - Started process (PID=663) to work on /home/airflow/.local/lib/python3.7/site-packages/airflow/example_dags/example_skip_dag.py
[2023-03-26T16:23:38.082+0000] {processor.py:743} INFO - Processing file /home/airflow/.local/lib/python3.7/site-packages/airflow/example_dags/example_skip_dag.py for tasks to queue
[2023-03-26T16:23:38.082+0000] {logging_mixin.py:137} INFO - [2023-03-26T16:23:38.082+0000] {dagbag.py:532} INFO - Filling up the DagBag from /home/airflow/.local/lib/python3.7/site-packages/airflow/example_dags/example_skip_dag.py
[2023-03-26T16:23:38.090+0000] {processor.py:753} INFO - DAG(s) dict_keys(['example_skip_dag']) retrieved from /home/airflow/.local/lib/python3.7/site-packages/airflow/example_dags/example_skip_dag.py
[2023-03-26T16:23:38.106+0000] {logging_mixin.py:137} INFO - [2023-03-26T16:23:38.105+0000] {dag.py:2693} INFO - Sync 1 DAGs
[2023-03-26T16:23:38.120+0000] {logging_mixin.py:137} INFO - [2023-03-26T16:23:38.120+0000] {dag.py:3444} INFO - Setting next_dagrun for example_skip_dag to 2023-03-25T16:23:38.120508+00:00, run_after=2023-03-26T16:23:38.120508+00:00
[2023-03-26T16:23:38.135+0000] {processor.py:175} INFO - Processing /home/airflow/.local/lib/python3.7/site-packages/airflow/example_dags/example_skip_dag.py took 0.055 seconds
[2023-03-26T16:24:08.797+0000] {processor.py:153} INFO - Started process (PID=712) to work on /home/airflow/.local/lib/python3.7/site-packages/airflow/example_dags/example_skip_dag.py
[2023-03-26T16:24:08.798+0000] {processor.py:743} INFO - Processing file /home/airflow/.local/lib/python3.7/site-packages/airflow/example_dags/example_skip_dag.py for tasks to queue
[2023-03-26T16:24:08.798+0000] {logging_mixin.py:137} INFO - [2023-03-26T16:24:08.798+0000] {dagbag.py:532} INFO - Filling up the DagBag from /home/airflow/.local/lib/python3.7/site-packages/airflow/example_dags/example_skip_dag.py
[2023-03-26T16:24:08.806+0000] {processor.py:753} INFO - DAG(s) dict_keys(['example_skip_dag']) retrieved from /home/airflow/.local/lib/python3.7/site-packages/airflow/example_dags/example_skip_dag.py
[2023-03-26T16:24:08.823+0000] {logging_mixin.py:137} INFO - [2023-03-26T16:24:08.823+0000] {dag.py:2693} INFO - Sync 1 DAGs
[2023-03-26T16:24:08.839+0000] {logging_mixin.py:137} INFO - [2023-03-26T16:24:08.839+0000] {dag.py:3444} INFO - Setting next_dagrun for example_skip_dag to 2023-03-25T16:24:08.839046+00:00, run_after=2023-03-26T16:24:08.839046+00:00
[2023-03-26T16:24:08.852+0000] {processor.py:175} INFO - Processing /home/airflow/.local/lib/python3.7/site-packages/airflow/example_dags/example_skip_dag.py took 0.057 seconds
[2023-03-26T16:24:39.597+0000] {processor.py:153} INFO - Started process (PID=761) to work on /home/airflow/.local/lib/python3.7/site-packages/airflow/example_dags/example_skip_dag.py
[2023-03-26T16:24:39.597+0000] {processor.py:743} INFO - Processing file /home/airflow/.local/lib/python3.7/site-packages/airflow/example_dags/example_skip_dag.py for tasks to queue
[2023-03-26T16:24:39.598+0000] {logging_mixin.py:137} INFO - [2023-03-26T16:24:39.598+0000] {dagbag.py:532} INFO - Filling up the DagBag from /home/airflow/.local/lib/python3.7/site-packages/airflow/example_dags/example_skip_dag.py
[2023-03-26T16:24:39.605+0000] {processor.py:753} INFO - DAG(s) dict_keys(['example_skip_dag']) retrieved from /home/airflow/.local/lib/python3.7/site-packages/airflow/example_dags/example_skip_dag.py
[2023-03-26T16:24:39.621+0000] {logging_mixin.py:137} INFO - [2023-03-26T16:24:39.621+0000] {dag.py:2693} INFO - Sync 1 DAGs
[2023-03-26T16:24:39.635+0000] {logging_mixin.py:137} INFO - [2023-03-26T16:24:39.635+0000] {dag.py:3444} INFO - Setting next_dagrun for example_skip_dag to 2023-03-25T16:24:39.635569+00:00, run_after=2023-03-26T16:24:39.635569+00:00
[2023-03-26T16:24:39.649+0000] {processor.py:175} INFO - Processing /home/airflow/.local/lib/python3.7/site-packages/airflow/example_dags/example_skip_dag.py took 0.054 seconds
[2023-03-26T16:25:10.264+0000] {processor.py:153} INFO - Started process (PID=810) to work on /home/airflow/.local/lib/python3.7/site-packages/airflow/example_dags/example_skip_dag.py
[2023-03-26T16:25:10.265+0000] {processor.py:743} INFO - Processing file /home/airflow/.local/lib/python3.7/site-packages/airflow/example_dags/example_skip_dag.py for tasks to queue
[2023-03-26T16:25:10.265+0000] {logging_mixin.py:137} INFO - [2023-03-26T16:25:10.265+0000] {dagbag.py:532} INFO - Filling up the DagBag from /home/airflow/.local/lib/python3.7/site-packages/airflow/example_dags/example_skip_dag.py
[2023-03-26T16:25:10.272+0000] {processor.py:753} INFO - DAG(s) dict_keys(['example_skip_dag']) retrieved from /home/airflow/.local/lib/python3.7/site-packages/airflow/example_dags/example_skip_dag.py
[2023-03-26T16:25:10.287+0000] {logging_mixin.py:137} INFO - [2023-03-26T16:25:10.287+0000] {dag.py:2693} INFO - Sync 1 DAGs
[2023-03-26T16:25:10.301+0000] {logging_mixin.py:137} INFO - [2023-03-26T16:25:10.301+0000] {dag.py:3444} INFO - Setting next_dagrun for example_skip_dag to 2023-03-25T16:25:10.301500+00:00, run_after=2023-03-26T16:25:10.301500+00:00
[2023-03-26T16:25:10.314+0000] {processor.py:175} INFO - Processing /home/airflow/.local/lib/python3.7/site-packages/airflow/example_dags/example_skip_dag.py took 0.051 seconds
[2023-03-26T16:25:40.945+0000] {processor.py:153} INFO - Started process (PID=859) to work on /home/airflow/.local/lib/python3.7/site-packages/airflow/example_dags/example_skip_dag.py
[2023-03-26T16:25:40.946+0000] {processor.py:743} INFO - Processing file /home/airflow/.local/lib/python3.7/site-packages/airflow/example_dags/example_skip_dag.py for tasks to queue
[2023-03-26T16:25:40.946+0000] {logging_mixin.py:137} INFO - [2023-03-26T16:25:40.946+0000] {dagbag.py:532} INFO - Filling up the DagBag from /home/airflow/.local/lib/python3.7/site-packages/airflow/example_dags/example_skip_dag.py
[2023-03-26T16:25:40.954+0000] {processor.py:753} INFO - DAG(s) dict_keys(['example_skip_dag']) retrieved from /home/airflow/.local/lib/python3.7/site-packages/airflow/example_dags/example_skip_dag.py
[2023-03-26T16:25:40.969+0000] {logging_mixin.py:137} INFO - [2023-03-26T16:25:40.969+0000] {dag.py:2693} INFO - Sync 1 DAGs
[2023-03-26T16:25:40.983+0000] {logging_mixin.py:137} INFO - [2023-03-26T16:25:40.983+0000] {dag.py:3444} INFO - Setting next_dagrun for example_skip_dag to 2023-03-25T16:25:40.983255+00:00, run_after=2023-03-26T16:25:40.983255+00:00
[2023-03-26T16:25:40.997+0000] {processor.py:175} INFO - Processing /home/airflow/.local/lib/python3.7/site-packages/airflow/example_dags/example_skip_dag.py took 0.054 seconds
[2023-03-26T16:26:33.660+0000] {processor.py:153} INFO - Started process (PID=75) to work on /home/airflow/.local/lib/python3.7/site-packages/airflow/example_dags/example_skip_dag.py
[2023-03-26T16:26:33.661+0000] {processor.py:743} INFO - Processing file /home/airflow/.local/lib/python3.7/site-packages/airflow/example_dags/example_skip_dag.py for tasks to queue
[2023-03-26T16:26:33.662+0000] {logging_mixin.py:137} INFO - [2023-03-26T16:26:33.662+0000] {dagbag.py:532} INFO - Filling up the DagBag from /home/airflow/.local/lib/python3.7/site-packages/airflow/example_dags/example_skip_dag.py
[2023-03-26T16:26:33.671+0000] {processor.py:753} INFO - DAG(s) dict_keys(['example_skip_dag']) retrieved from /home/airflow/.local/lib/python3.7/site-packages/airflow/example_dags/example_skip_dag.py
[2023-03-26T16:26:33.678+0000] {logging_mixin.py:137} INFO - [2023-03-26T16:26:33.678+0000] {dag.py:2693} INFO - Sync 1 DAGs
[2023-03-26T16:26:33.694+0000] {logging_mixin.py:137} INFO - [2023-03-26T16:26:33.694+0000] {dag.py:3444} INFO - Setting next_dagrun for example_skip_dag to 2023-03-25T16:26:33.694070+00:00, run_after=2023-03-26T16:26:33.694070+00:00
[2023-03-26T16:26:33.708+0000] {processor.py:175} INFO - Processing /home/airflow/.local/lib/python3.7/site-packages/airflow/example_dags/example_skip_dag.py took 0.050 seconds
[2023-03-26T16:27:04.258+0000] {processor.py:153} INFO - Started process (PID=125) to work on /home/airflow/.local/lib/python3.7/site-packages/airflow/example_dags/example_skip_dag.py
[2023-03-26T16:27:04.258+0000] {processor.py:743} INFO - Processing file /home/airflow/.local/lib/python3.7/site-packages/airflow/example_dags/example_skip_dag.py for tasks to queue
[2023-03-26T16:27:04.259+0000] {logging_mixin.py:137} INFO - [2023-03-26T16:27:04.259+0000] {dagbag.py:532} INFO - Filling up the DagBag from /home/airflow/.local/lib/python3.7/site-packages/airflow/example_dags/example_skip_dag.py
[2023-03-26T16:27:04.266+0000] {processor.py:753} INFO - DAG(s) dict_keys(['example_skip_dag']) retrieved from /home/airflow/.local/lib/python3.7/site-packages/airflow/example_dags/example_skip_dag.py
[2023-03-26T16:27:04.282+0000] {logging_mixin.py:137} INFO - [2023-03-26T16:27:04.282+0000] {dag.py:2693} INFO - Sync 1 DAGs
[2023-03-26T16:27:04.296+0000] {logging_mixin.py:137} INFO - [2023-03-26T16:27:04.296+0000] {dag.py:3444} INFO - Setting next_dagrun for example_skip_dag to 2023-03-25T16:27:04.296388+00:00, run_after=2023-03-26T16:27:04.296388+00:00
[2023-03-26T16:27:04.310+0000] {processor.py:175} INFO - Processing /home/airflow/.local/lib/python3.7/site-packages/airflow/example_dags/example_skip_dag.py took 0.054 seconds
[2023-03-26T16:27:34.991+0000] {processor.py:153} INFO - Started process (PID=175) to work on /home/airflow/.local/lib/python3.7/site-packages/airflow/example_dags/example_skip_dag.py
[2023-03-26T16:27:34.991+0000] {processor.py:743} INFO - Processing file /home/airflow/.local/lib/python3.7/site-packages/airflow/example_dags/example_skip_dag.py for tasks to queue
[2023-03-26T16:27:34.992+0000] {logging_mixin.py:137} INFO - [2023-03-26T16:27:34.992+0000] {dagbag.py:532} INFO - Filling up the DagBag from /home/airflow/.local/lib/python3.7/site-packages/airflow/example_dags/example_skip_dag.py
[2023-03-26T16:27:34.999+0000] {processor.py:753} INFO - DAG(s) dict_keys(['example_skip_dag']) retrieved from /home/airflow/.local/lib/python3.7/site-packages/airflow/example_dags/example_skip_dag.py
[2023-03-26T16:27:35.016+0000] {logging_mixin.py:137} INFO - [2023-03-26T16:27:35.016+0000] {dag.py:2693} INFO - Sync 1 DAGs
[2023-03-26T16:27:35.030+0000] {logging_mixin.py:137} INFO - [2023-03-26T16:27:35.030+0000] {dag.py:3444} INFO - Setting next_dagrun for example_skip_dag to 2023-03-25T16:27:35.029883+00:00, run_after=2023-03-26T16:27:35.029883+00:00
[2023-03-26T16:27:35.044+0000] {processor.py:175} INFO - Processing /home/airflow/.local/lib/python3.7/site-packages/airflow/example_dags/example_skip_dag.py took 0.055 seconds
[2023-03-26T16:28:05.661+0000] {processor.py:153} INFO - Started process (PID=224) to work on /home/airflow/.local/lib/python3.7/site-packages/airflow/example_dags/example_skip_dag.py
[2023-03-26T16:28:05.661+0000] {processor.py:743} INFO - Processing file /home/airflow/.local/lib/python3.7/site-packages/airflow/example_dags/example_skip_dag.py for tasks to queue
[2023-03-26T16:28:05.662+0000] {logging_mixin.py:137} INFO - [2023-03-26T16:28:05.662+0000] {dagbag.py:532} INFO - Filling up the DagBag from /home/airflow/.local/lib/python3.7/site-packages/airflow/example_dags/example_skip_dag.py
[2023-03-26T16:28:05.670+0000] {processor.py:753} INFO - DAG(s) dict_keys(['example_skip_dag']) retrieved from /home/airflow/.local/lib/python3.7/site-packages/airflow/example_dags/example_skip_dag.py
[2023-03-26T16:28:05.686+0000] {logging_mixin.py:137} INFO - [2023-03-26T16:28:05.686+0000] {dag.py:2693} INFO - Sync 1 DAGs
[2023-03-26T16:28:05.700+0000] {logging_mixin.py:137} INFO - [2023-03-26T16:28:05.700+0000] {dag.py:3444} INFO - Setting next_dagrun for example_skip_dag to 2023-03-25T16:28:05.700354+00:00, run_after=2023-03-26T16:28:05.700354+00:00
[2023-03-26T16:28:05.715+0000] {processor.py:175} INFO - Processing /home/airflow/.local/lib/python3.7/site-packages/airflow/example_dags/example_skip_dag.py took 0.056 seconds
[2023-03-26T16:28:36.275+0000] {processor.py:153} INFO - Started process (PID=273) to work on /home/airflow/.local/lib/python3.7/site-packages/airflow/example_dags/example_skip_dag.py
[2023-03-26T16:28:36.276+0000] {processor.py:743} INFO - Processing file /home/airflow/.local/lib/python3.7/site-packages/airflow/example_dags/example_skip_dag.py for tasks to queue
[2023-03-26T16:28:36.276+0000] {logging_mixin.py:137} INFO - [2023-03-26T16:28:36.276+0000] {dagbag.py:532} INFO - Filling up the DagBag from /home/airflow/.local/lib/python3.7/site-packages/airflow/example_dags/example_skip_dag.py
[2023-03-26T16:28:36.283+0000] {processor.py:753} INFO - DAG(s) dict_keys(['example_skip_dag']) retrieved from /home/airflow/.local/lib/python3.7/site-packages/airflow/example_dags/example_skip_dag.py
[2023-03-26T16:28:36.299+0000] {logging_mixin.py:137} INFO - [2023-03-26T16:28:36.299+0000] {dag.py:2693} INFO - Sync 1 DAGs
[2023-03-26T16:28:36.314+0000] {logging_mixin.py:137} INFO - [2023-03-26T16:28:36.314+0000] {dag.py:3444} INFO - Setting next_dagrun for example_skip_dag to 2023-03-25T16:28:36.314485+00:00, run_after=2023-03-26T16:28:36.314485+00:00
[2023-03-26T16:28:36.328+0000] {processor.py:175} INFO - Processing /home/airflow/.local/lib/python3.7/site-packages/airflow/example_dags/example_skip_dag.py took 0.055 seconds
[2023-03-26T16:48:47.881+0000] {processor.py:153} INFO - Started process (PID=74) to work on /home/airflow/.local/lib/python3.7/site-packages/airflow/example_dags/example_skip_dag.py
[2023-03-26T16:48:47.882+0000] {processor.py:743} INFO - Processing file /home/airflow/.local/lib/python3.7/site-packages/airflow/example_dags/example_skip_dag.py for tasks to queue
[2023-03-26T16:48:47.883+0000] {logging_mixin.py:137} INFO - [2023-03-26T16:48:47.883+0000] {dagbag.py:532} INFO - Filling up the DagBag from /home/airflow/.local/lib/python3.7/site-packages/airflow/example_dags/example_skip_dag.py
[2023-03-26T16:48:47.894+0000] {processor.py:753} INFO - DAG(s) dict_keys(['example_skip_dag']) retrieved from /home/airflow/.local/lib/python3.7/site-packages/airflow/example_dags/example_skip_dag.py
[2023-03-26T16:48:47.904+0000] {logging_mixin.py:137} INFO - [2023-03-26T16:48:47.904+0000] {dag.py:2693} INFO - Sync 1 DAGs
[2023-03-26T16:48:47.919+0000] {logging_mixin.py:137} INFO - [2023-03-26T16:48:47.919+0000] {dag.py:3444} INFO - Setting next_dagrun for example_skip_dag to 2023-03-25T16:48:47.919368+00:00, run_after=2023-03-26T16:48:47.919368+00:00
[2023-03-26T16:48:47.934+0000] {processor.py:175} INFO - Processing /home/airflow/.local/lib/python3.7/site-packages/airflow/example_dags/example_skip_dag.py took 0.055 seconds
[2023-03-26T16:49:18.457+0000] {processor.py:153} INFO - Started process (PID=123) to work on /home/airflow/.local/lib/python3.7/site-packages/airflow/example_dags/example_skip_dag.py
[2023-03-26T16:49:18.458+0000] {processor.py:743} INFO - Processing file /home/airflow/.local/lib/python3.7/site-packages/airflow/example_dags/example_skip_dag.py for tasks to queue
[2023-03-26T16:49:18.458+0000] {logging_mixin.py:137} INFO - [2023-03-26T16:49:18.458+0000] {dagbag.py:532} INFO - Filling up the DagBag from /home/airflow/.local/lib/python3.7/site-packages/airflow/example_dags/example_skip_dag.py
[2023-03-26T16:49:18.465+0000] {processor.py:753} INFO - DAG(s) dict_keys(['example_skip_dag']) retrieved from /home/airflow/.local/lib/python3.7/site-packages/airflow/example_dags/example_skip_dag.py
[2023-03-26T16:49:18.481+0000] {logging_mixin.py:137} INFO - [2023-03-26T16:49:18.481+0000] {dag.py:2693} INFO - Sync 1 DAGs
[2023-03-26T16:49:18.495+0000] {logging_mixin.py:137} INFO - [2023-03-26T16:49:18.495+0000] {dag.py:3444} INFO - Setting next_dagrun for example_skip_dag to 2023-03-25T16:49:18.495279+00:00, run_after=2023-03-26T16:49:18.495279+00:00
[2023-03-26T16:49:18.508+0000] {processor.py:175} INFO - Processing /home/airflow/.local/lib/python3.7/site-packages/airflow/example_dags/example_skip_dag.py took 0.053 seconds
[2023-03-26T16:49:49.013+0000] {processor.py:153} INFO - Started process (PID=172) to work on /home/airflow/.local/lib/python3.7/site-packages/airflow/example_dags/example_skip_dag.py
[2023-03-26T16:49:49.013+0000] {processor.py:743} INFO - Processing file /home/airflow/.local/lib/python3.7/site-packages/airflow/example_dags/example_skip_dag.py for tasks to queue
[2023-03-26T16:49:49.013+0000] {logging_mixin.py:137} INFO - [2023-03-26T16:49:49.013+0000] {dagbag.py:532} INFO - Filling up the DagBag from /home/airflow/.local/lib/python3.7/site-packages/airflow/example_dags/example_skip_dag.py
[2023-03-26T16:49:49.021+0000] {processor.py:753} INFO - DAG(s) dict_keys(['example_skip_dag']) retrieved from /home/airflow/.local/lib/python3.7/site-packages/airflow/example_dags/example_skip_dag.py
[2023-03-26T16:49:49.036+0000] {logging_mixin.py:137} INFO - [2023-03-26T16:49:49.036+0000] {dag.py:2693} INFO - Sync 1 DAGs
[2023-03-26T16:49:49.050+0000] {logging_mixin.py:137} INFO - [2023-03-26T16:49:49.050+0000] {dag.py:3444} INFO - Setting next_dagrun for example_skip_dag to 2023-03-25T16:49:49.049894+00:00, run_after=2023-03-26T16:49:49.049894+00:00
[2023-03-26T16:49:49.062+0000] {processor.py:175} INFO - Processing /home/airflow/.local/lib/python3.7/site-packages/airflow/example_dags/example_skip_dag.py took 0.051 seconds
[2023-03-26T16:50:19.659+0000] {processor.py:153} INFO - Started process (PID=221) to work on /home/airflow/.local/lib/python3.7/site-packages/airflow/example_dags/example_skip_dag.py
[2023-03-26T16:50:19.659+0000] {processor.py:743} INFO - Processing file /home/airflow/.local/lib/python3.7/site-packages/airflow/example_dags/example_skip_dag.py for tasks to queue
[2023-03-26T16:50:19.660+0000] {logging_mixin.py:137} INFO - [2023-03-26T16:50:19.660+0000] {dagbag.py:532} INFO - Filling up the DagBag from /home/airflow/.local/lib/python3.7/site-packages/airflow/example_dags/example_skip_dag.py
[2023-03-26T16:50:19.668+0000] {processor.py:753} INFO - DAG(s) dict_keys(['example_skip_dag']) retrieved from /home/airflow/.local/lib/python3.7/site-packages/airflow/example_dags/example_skip_dag.py
[2023-03-26T16:50:19.684+0000] {logging_mixin.py:137} INFO - [2023-03-26T16:50:19.684+0000] {dag.py:2693} INFO - Sync 1 DAGs
[2023-03-26T16:50:19.698+0000] {logging_mixin.py:137} INFO - [2023-03-26T16:50:19.698+0000] {dag.py:3444} INFO - Setting next_dagrun for example_skip_dag to 2023-03-25T16:50:19.698396+00:00, run_after=2023-03-26T16:50:19.698396+00:00
[2023-03-26T16:50:19.712+0000] {processor.py:175} INFO - Processing /home/airflow/.local/lib/python3.7/site-packages/airflow/example_dags/example_skip_dag.py took 0.056 seconds
[2023-03-26T16:50:50.248+0000] {processor.py:153} INFO - Started process (PID=270) to work on /home/airflow/.local/lib/python3.7/site-packages/airflow/example_dags/example_skip_dag.py
[2023-03-26T16:50:50.248+0000] {processor.py:743} INFO - Processing file /home/airflow/.local/lib/python3.7/site-packages/airflow/example_dags/example_skip_dag.py for tasks to queue
[2023-03-26T16:50:50.248+0000] {logging_mixin.py:137} INFO - [2023-03-26T16:50:50.248+0000] {dagbag.py:532} INFO - Filling up the DagBag from /home/airflow/.local/lib/python3.7/site-packages/airflow/example_dags/example_skip_dag.py
[2023-03-26T16:50:50.256+0000] {processor.py:753} INFO - DAG(s) dict_keys(['example_skip_dag']) retrieved from /home/airflow/.local/lib/python3.7/site-packages/airflow/example_dags/example_skip_dag.py
[2023-03-26T16:50:50.272+0000] {logging_mixin.py:137} INFO - [2023-03-26T16:50:50.272+0000] {dag.py:2693} INFO - Sync 1 DAGs
[2023-03-26T16:50:50.286+0000] {logging_mixin.py:137} INFO - [2023-03-26T16:50:50.286+0000] {dag.py:3444} INFO - Setting next_dagrun for example_skip_dag to 2023-03-25T16:50:50.286002+00:00, run_after=2023-03-26T16:50:50.286002+00:00
[2023-03-26T16:50:50.299+0000] {processor.py:175} INFO - Processing /home/airflow/.local/lib/python3.7/site-packages/airflow/example_dags/example_skip_dag.py took 0.053 seconds
[2023-03-26T16:51:21.030+0000] {processor.py:153} INFO - Started process (PID=319) to work on /home/airflow/.local/lib/python3.7/site-packages/airflow/example_dags/example_skip_dag.py
[2023-03-26T16:51:21.030+0000] {processor.py:743} INFO - Processing file /home/airflow/.local/lib/python3.7/site-packages/airflow/example_dags/example_skip_dag.py for tasks to queue
[2023-03-26T16:51:21.031+0000] {logging_mixin.py:137} INFO - [2023-03-26T16:51:21.031+0000] {dagbag.py:532} INFO - Filling up the DagBag from /home/airflow/.local/lib/python3.7/site-packages/airflow/example_dags/example_skip_dag.py
[2023-03-26T16:51:21.038+0000] {processor.py:753} INFO - DAG(s) dict_keys(['example_skip_dag']) retrieved from /home/airflow/.local/lib/python3.7/site-packages/airflow/example_dags/example_skip_dag.py
[2023-03-26T16:51:21.054+0000] {logging_mixin.py:137} INFO - [2023-03-26T16:51:21.054+0000] {dag.py:2693} INFO - Sync 1 DAGs
[2023-03-26T16:51:21.068+0000] {logging_mixin.py:137} INFO - [2023-03-26T16:51:21.068+0000] {dag.py:3444} INFO - Setting next_dagrun for example_skip_dag to 2023-03-25T16:51:21.068257+00:00, run_after=2023-03-26T16:51:21.068257+00:00
[2023-03-26T16:51:21.082+0000] {processor.py:175} INFO - Processing /home/airflow/.local/lib/python3.7/site-packages/airflow/example_dags/example_skip_dag.py took 0.054 seconds
[2023-03-26T16:51:51.767+0000] {processor.py:153} INFO - Started process (PID=368) to work on /home/airflow/.local/lib/python3.7/site-packages/airflow/example_dags/example_skip_dag.py
[2023-03-26T16:51:51.767+0000] {processor.py:743} INFO - Processing file /home/airflow/.local/lib/python3.7/site-packages/airflow/example_dags/example_skip_dag.py for tasks to queue
[2023-03-26T16:51:51.768+0000] {logging_mixin.py:137} INFO - [2023-03-26T16:51:51.768+0000] {dagbag.py:532} INFO - Filling up the DagBag from /home/airflow/.local/lib/python3.7/site-packages/airflow/example_dags/example_skip_dag.py
[2023-03-26T16:51:51.775+0000] {processor.py:753} INFO - DAG(s) dict_keys(['example_skip_dag']) retrieved from /home/airflow/.local/lib/python3.7/site-packages/airflow/example_dags/example_skip_dag.py
[2023-03-26T16:51:51.790+0000] {logging_mixin.py:137} INFO - [2023-03-26T16:51:51.790+0000] {dag.py:2693} INFO - Sync 1 DAGs
[2023-03-26T16:51:51.803+0000] {logging_mixin.py:137} INFO - [2023-03-26T16:51:51.803+0000] {dag.py:3444} INFO - Setting next_dagrun for example_skip_dag to 2023-03-25T16:51:51.803577+00:00, run_after=2023-03-26T16:51:51.803577+00:00
[2023-03-26T16:51:51.815+0000] {processor.py:175} INFO - Processing /home/airflow/.local/lib/python3.7/site-packages/airflow/example_dags/example_skip_dag.py took 0.050 seconds
[2023-03-26T16:52:22.538+0000] {processor.py:153} INFO - Started process (PID=417) to work on /home/airflow/.local/lib/python3.7/site-packages/airflow/example_dags/example_skip_dag.py
[2023-03-26T16:52:22.538+0000] {processor.py:743} INFO - Processing file /home/airflow/.local/lib/python3.7/site-packages/airflow/example_dags/example_skip_dag.py for tasks to queue
[2023-03-26T16:52:22.539+0000] {logging_mixin.py:137} INFO - [2023-03-26T16:52:22.539+0000] {dagbag.py:532} INFO - Filling up the DagBag from /home/airflow/.local/lib/python3.7/site-packages/airflow/example_dags/example_skip_dag.py
[2023-03-26T16:52:22.546+0000] {processor.py:753} INFO - DAG(s) dict_keys(['example_skip_dag']) retrieved from /home/airflow/.local/lib/python3.7/site-packages/airflow/example_dags/example_skip_dag.py
[2023-03-26T16:52:22.562+0000] {logging_mixin.py:137} INFO - [2023-03-26T16:52:22.562+0000] {dag.py:2693} INFO - Sync 1 DAGs
[2023-03-26T16:52:22.576+0000] {logging_mixin.py:137} INFO - [2023-03-26T16:52:22.576+0000] {dag.py:3444} INFO - Setting next_dagrun for example_skip_dag to 2023-03-25T16:52:22.575863+00:00, run_after=2023-03-26T16:52:22.575863+00:00
[2023-03-26T16:52:22.588+0000] {processor.py:175} INFO - Processing /home/airflow/.local/lib/python3.7/site-packages/airflow/example_dags/example_skip_dag.py took 0.052 seconds
[2023-03-26T16:52:53.066+0000] {processor.py:153} INFO - Started process (PID=466) to work on /home/airflow/.local/lib/python3.7/site-packages/airflow/example_dags/example_skip_dag.py
[2023-03-26T16:52:53.066+0000] {processor.py:743} INFO - Processing file /home/airflow/.local/lib/python3.7/site-packages/airflow/example_dags/example_skip_dag.py for tasks to queue
[2023-03-26T16:52:53.066+0000] {logging_mixin.py:137} INFO - [2023-03-26T16:52:53.066+0000] {dagbag.py:532} INFO - Filling up the DagBag from /home/airflow/.local/lib/python3.7/site-packages/airflow/example_dags/example_skip_dag.py
[2023-03-26T16:52:53.074+0000] {processor.py:753} INFO - DAG(s) dict_keys(['example_skip_dag']) retrieved from /home/airflow/.local/lib/python3.7/site-packages/airflow/example_dags/example_skip_dag.py
[2023-03-26T16:52:53.089+0000] {logging_mixin.py:137} INFO - [2023-03-26T16:52:53.089+0000] {dag.py:2693} INFO - Sync 1 DAGs
[2023-03-26T16:52:53.103+0000] {logging_mixin.py:137} INFO - [2023-03-26T16:52:53.103+0000] {dag.py:3444} INFO - Setting next_dagrun for example_skip_dag to 2023-03-25T16:52:53.103130+00:00, run_after=2023-03-26T16:52:53.103130+00:00
[2023-03-26T16:52:53.115+0000] {processor.py:175} INFO - Processing /home/airflow/.local/lib/python3.7/site-packages/airflow/example_dags/example_skip_dag.py took 0.052 seconds
[2023-03-26T16:53:23.712+0000] {processor.py:153} INFO - Started process (PID=515) to work on /home/airflow/.local/lib/python3.7/site-packages/airflow/example_dags/example_skip_dag.py
[2023-03-26T16:53:23.713+0000] {processor.py:743} INFO - Processing file /home/airflow/.local/lib/python3.7/site-packages/airflow/example_dags/example_skip_dag.py for tasks to queue
[2023-03-26T16:53:23.713+0000] {logging_mixin.py:137} INFO - [2023-03-26T16:53:23.713+0000] {dagbag.py:532} INFO - Filling up the DagBag from /home/airflow/.local/lib/python3.7/site-packages/airflow/example_dags/example_skip_dag.py
[2023-03-26T16:53:23.721+0000] {processor.py:753} INFO - DAG(s) dict_keys(['example_skip_dag']) retrieved from /home/airflow/.local/lib/python3.7/site-packages/airflow/example_dags/example_skip_dag.py
[2023-03-26T16:53:23.738+0000] {logging_mixin.py:137} INFO - [2023-03-26T16:53:23.738+0000] {dag.py:2693} INFO - Sync 1 DAGs
[2023-03-26T16:53:23.753+0000] {logging_mixin.py:137} INFO - [2023-03-26T16:53:23.753+0000] {dag.py:3444} INFO - Setting next_dagrun for example_skip_dag to 2023-03-25T16:53:23.753274+00:00, run_after=2023-03-26T16:53:23.753274+00:00
[2023-03-26T16:53:23.767+0000] {processor.py:175} INFO - Processing /home/airflow/.local/lib/python3.7/site-packages/airflow/example_dags/example_skip_dag.py took 0.056 seconds
[2023-03-26T16:53:54.399+0000] {processor.py:153} INFO - Started process (PID=564) to work on /home/airflow/.local/lib/python3.7/site-packages/airflow/example_dags/example_skip_dag.py
[2023-03-26T16:53:54.400+0000] {processor.py:743} INFO - Processing file /home/airflow/.local/lib/python3.7/site-packages/airflow/example_dags/example_skip_dag.py for tasks to queue
[2023-03-26T16:53:54.400+0000] {logging_mixin.py:137} INFO - [2023-03-26T16:53:54.400+0000] {dagbag.py:532} INFO - Filling up the DagBag from /home/airflow/.local/lib/python3.7/site-packages/airflow/example_dags/example_skip_dag.py
[2023-03-26T16:53:54.408+0000] {processor.py:753} INFO - DAG(s) dict_keys(['example_skip_dag']) retrieved from /home/airflow/.local/lib/python3.7/site-packages/airflow/example_dags/example_skip_dag.py
[2023-03-26T16:53:54.425+0000] {logging_mixin.py:137} INFO - [2023-03-26T16:53:54.425+0000] {dag.py:2693} INFO - Sync 1 DAGs
[2023-03-26T16:53:54.439+0000] {logging_mixin.py:137} INFO - [2023-03-26T16:53:54.439+0000] {dag.py:3444} INFO - Setting next_dagrun for example_skip_dag to 2023-03-25T16:53:54.439614+00:00, run_after=2023-03-26T16:53:54.439614+00:00
[2023-03-26T16:53:54.460+0000] {processor.py:175} INFO - Processing /home/airflow/.local/lib/python3.7/site-packages/airflow/example_dags/example_skip_dag.py took 0.063 seconds
[2023-03-26T16:54:25.184+0000] {processor.py:153} INFO - Started process (PID=613) to work on /home/airflow/.local/lib/python3.7/site-packages/airflow/example_dags/example_skip_dag.py
[2023-03-26T16:54:25.185+0000] {processor.py:743} INFO - Processing file /home/airflow/.local/lib/python3.7/site-packages/airflow/example_dags/example_skip_dag.py for tasks to queue
[2023-03-26T16:54:25.185+0000] {logging_mixin.py:137} INFO - [2023-03-26T16:54:25.185+0000] {dagbag.py:532} INFO - Filling up the DagBag from /home/airflow/.local/lib/python3.7/site-packages/airflow/example_dags/example_skip_dag.py
[2023-03-26T16:54:25.193+0000] {processor.py:753} INFO - DAG(s) dict_keys(['example_skip_dag']) retrieved from /home/airflow/.local/lib/python3.7/site-packages/airflow/example_dags/example_skip_dag.py
[2023-03-26T16:54:25.210+0000] {logging_mixin.py:137} INFO - [2023-03-26T16:54:25.210+0000] {dag.py:2693} INFO - Sync 1 DAGs
[2023-03-26T16:54:25.224+0000] {logging_mixin.py:137} INFO - [2023-03-26T16:54:25.224+0000] {dag.py:3444} INFO - Setting next_dagrun for example_skip_dag to 2023-03-25T16:54:25.224497+00:00, run_after=2023-03-26T16:54:25.224497+00:00
[2023-03-26T16:54:25.238+0000] {processor.py:175} INFO - Processing /home/airflow/.local/lib/python3.7/site-packages/airflow/example_dags/example_skip_dag.py took 0.055 seconds
[2023-03-26T16:54:56.079+0000] {processor.py:153} INFO - Started process (PID=662) to work on /home/airflow/.local/lib/python3.7/site-packages/airflow/example_dags/example_skip_dag.py
[2023-03-26T16:54:56.080+0000] {processor.py:743} INFO - Processing file /home/airflow/.local/lib/python3.7/site-packages/airflow/example_dags/example_skip_dag.py for tasks to queue
[2023-03-26T16:54:56.080+0000] {logging_mixin.py:137} INFO - [2023-03-26T16:54:56.080+0000] {dagbag.py:532} INFO - Filling up the DagBag from /home/airflow/.local/lib/python3.7/site-packages/airflow/example_dags/example_skip_dag.py
[2023-03-26T16:54:56.088+0000] {processor.py:753} INFO - DAG(s) dict_keys(['example_skip_dag']) retrieved from /home/airflow/.local/lib/python3.7/site-packages/airflow/example_dags/example_skip_dag.py
[2023-03-26T16:54:56.103+0000] {logging_mixin.py:137} INFO - [2023-03-26T16:54:56.103+0000] {dag.py:2693} INFO - Sync 1 DAGs
[2023-03-26T16:54:56.117+0000] {logging_mixin.py:137} INFO - [2023-03-26T16:54:56.117+0000] {dag.py:3444} INFO - Setting next_dagrun for example_skip_dag to 2023-03-25T16:54:56.117231+00:00, run_after=2023-03-26T16:54:56.117231+00:00
[2023-03-26T16:54:56.131+0000] {processor.py:175} INFO - Processing /home/airflow/.local/lib/python3.7/site-packages/airflow/example_dags/example_skip_dag.py took 0.053 seconds
[2023-03-26T16:55:26.704+0000] {processor.py:153} INFO - Started process (PID=711) to work on /home/airflow/.local/lib/python3.7/site-packages/airflow/example_dags/example_skip_dag.py
[2023-03-26T16:55:26.705+0000] {processor.py:743} INFO - Processing file /home/airflow/.local/lib/python3.7/site-packages/airflow/example_dags/example_skip_dag.py for tasks to queue
[2023-03-26T16:55:26.705+0000] {logging_mixin.py:137} INFO - [2023-03-26T16:55:26.705+0000] {dagbag.py:532} INFO - Filling up the DagBag from /home/airflow/.local/lib/python3.7/site-packages/airflow/example_dags/example_skip_dag.py
[2023-03-26T16:55:26.714+0000] {processor.py:753} INFO - DAG(s) dict_keys(['example_skip_dag']) retrieved from /home/airflow/.local/lib/python3.7/site-packages/airflow/example_dags/example_skip_dag.py
[2023-03-26T16:55:26.730+0000] {logging_mixin.py:137} INFO - [2023-03-26T16:55:26.729+0000] {dag.py:2693} INFO - Sync 1 DAGs
[2023-03-26T16:55:26.744+0000] {logging_mixin.py:137} INFO - [2023-03-26T16:55:26.744+0000] {dag.py:3444} INFO - Setting next_dagrun for example_skip_dag to 2023-03-25T16:55:26.743879+00:00, run_after=2023-03-26T16:55:26.743879+00:00
[2023-03-26T16:55:26.756+0000] {processor.py:175} INFO - Processing /home/airflow/.local/lib/python3.7/site-packages/airflow/example_dags/example_skip_dag.py took 0.054 seconds
[2023-03-26T16:55:57.259+0000] {processor.py:153} INFO - Started process (PID=760) to work on /home/airflow/.local/lib/python3.7/site-packages/airflow/example_dags/example_skip_dag.py
[2023-03-26T16:55:57.260+0000] {processor.py:743} INFO - Processing file /home/airflow/.local/lib/python3.7/site-packages/airflow/example_dags/example_skip_dag.py for tasks to queue
[2023-03-26T16:55:57.260+0000] {logging_mixin.py:137} INFO - [2023-03-26T16:55:57.260+0000] {dagbag.py:532} INFO - Filling up the DagBag from /home/airflow/.local/lib/python3.7/site-packages/airflow/example_dags/example_skip_dag.py
[2023-03-26T16:55:57.268+0000] {processor.py:753} INFO - DAG(s) dict_keys(['example_skip_dag']) retrieved from /home/airflow/.local/lib/python3.7/site-packages/airflow/example_dags/example_skip_dag.py
[2023-03-26T16:55:57.284+0000] {logging_mixin.py:137} INFO - [2023-03-26T16:55:57.284+0000] {dag.py:2693} INFO - Sync 1 DAGs
[2023-03-26T16:55:57.298+0000] {logging_mixin.py:137} INFO - [2023-03-26T16:55:57.298+0000] {dag.py:3444} INFO - Setting next_dagrun for example_skip_dag to 2023-03-25T16:55:57.298491+00:00, run_after=2023-03-26T16:55:57.298491+00:00
[2023-03-26T16:55:57.312+0000] {processor.py:175} INFO - Processing /home/airflow/.local/lib/python3.7/site-packages/airflow/example_dags/example_skip_dag.py took 0.055 seconds
[2023-03-26T16:56:27.983+0000] {processor.py:153} INFO - Started process (PID=809) to work on /home/airflow/.local/lib/python3.7/site-packages/airflow/example_dags/example_skip_dag.py
[2023-03-26T16:56:27.983+0000] {processor.py:743} INFO - Processing file /home/airflow/.local/lib/python3.7/site-packages/airflow/example_dags/example_skip_dag.py for tasks to queue
[2023-03-26T16:56:27.984+0000] {logging_mixin.py:137} INFO - [2023-03-26T16:56:27.984+0000] {dagbag.py:532} INFO - Filling up the DagBag from /home/airflow/.local/lib/python3.7/site-packages/airflow/example_dags/example_skip_dag.py
[2023-03-26T16:56:27.991+0000] {processor.py:753} INFO - DAG(s) dict_keys(['example_skip_dag']) retrieved from /home/airflow/.local/lib/python3.7/site-packages/airflow/example_dags/example_skip_dag.py
[2023-03-26T16:56:28.007+0000] {logging_mixin.py:137} INFO - [2023-03-26T16:56:28.007+0000] {dag.py:2693} INFO - Sync 1 DAGs
[2023-03-26T16:56:28.021+0000] {logging_mixin.py:137} INFO - [2023-03-26T16:56:28.021+0000] {dag.py:3444} INFO - Setting next_dagrun for example_skip_dag to 2023-03-25T16:56:28.021109+00:00, run_after=2023-03-26T16:56:28.021109+00:00
[2023-03-26T16:56:28.034+0000] {processor.py:175} INFO - Processing /home/airflow/.local/lib/python3.7/site-packages/airflow/example_dags/example_skip_dag.py took 0.053 seconds
[2023-03-26T16:56:58.726+0000] {processor.py:153} INFO - Started process (PID=858) to work on /home/airflow/.local/lib/python3.7/site-packages/airflow/example_dags/example_skip_dag.py
[2023-03-26T16:56:58.727+0000] {processor.py:743} INFO - Processing file /home/airflow/.local/lib/python3.7/site-packages/airflow/example_dags/example_skip_dag.py for tasks to queue
[2023-03-26T16:56:58.727+0000] {logging_mixin.py:137} INFO - [2023-03-26T16:56:58.727+0000] {dagbag.py:532} INFO - Filling up the DagBag from /home/airflow/.local/lib/python3.7/site-packages/airflow/example_dags/example_skip_dag.py
[2023-03-26T16:56:58.735+0000] {processor.py:753} INFO - DAG(s) dict_keys(['example_skip_dag']) retrieved from /home/airflow/.local/lib/python3.7/site-packages/airflow/example_dags/example_skip_dag.py
[2023-03-26T16:56:58.751+0000] {logging_mixin.py:137} INFO - [2023-03-26T16:56:58.751+0000] {dag.py:2693} INFO - Sync 1 DAGs
[2023-03-26T16:56:58.765+0000] {logging_mixin.py:137} INFO - [2023-03-26T16:56:58.765+0000] {dag.py:3444} INFO - Setting next_dagrun for example_skip_dag to 2023-03-25T16:56:58.765134+00:00, run_after=2023-03-26T16:56:58.765134+00:00
[2023-03-26T16:56:58.778+0000] {processor.py:175} INFO - Processing /home/airflow/.local/lib/python3.7/site-packages/airflow/example_dags/example_skip_dag.py took 0.054 seconds
[2023-03-26T16:57:29.245+0000] {processor.py:153} INFO - Started process (PID=907) to work on /home/airflow/.local/lib/python3.7/site-packages/airflow/example_dags/example_skip_dag.py
[2023-03-26T16:57:29.245+0000] {processor.py:743} INFO - Processing file /home/airflow/.local/lib/python3.7/site-packages/airflow/example_dags/example_skip_dag.py for tasks to queue
[2023-03-26T16:57:29.245+0000] {logging_mixin.py:137} INFO - [2023-03-26T16:57:29.245+0000] {dagbag.py:532} INFO - Filling up the DagBag from /home/airflow/.local/lib/python3.7/site-packages/airflow/example_dags/example_skip_dag.py
[2023-03-26T16:57:29.254+0000] {processor.py:753} INFO - DAG(s) dict_keys(['example_skip_dag']) retrieved from /home/airflow/.local/lib/python3.7/site-packages/airflow/example_dags/example_skip_dag.py
[2023-03-26T16:57:29.268+0000] {logging_mixin.py:137} INFO - [2023-03-26T16:57:29.268+0000] {dag.py:2693} INFO - Sync 1 DAGs
[2023-03-26T16:57:29.282+0000] {logging_mixin.py:137} INFO - [2023-03-26T16:57:29.282+0000] {dag.py:3444} INFO - Setting next_dagrun for example_skip_dag to 2023-03-25T16:57:29.282345+00:00, run_after=2023-03-26T16:57:29.282345+00:00
[2023-03-26T16:57:29.296+0000] {processor.py:175} INFO - Processing /home/airflow/.local/lib/python3.7/site-packages/airflow/example_dags/example_skip_dag.py took 0.053 seconds
[2023-03-26T16:57:59.823+0000] {processor.py:153} INFO - Started process (PID=956) to work on /home/airflow/.local/lib/python3.7/site-packages/airflow/example_dags/example_skip_dag.py
[2023-03-26T16:57:59.823+0000] {processor.py:743} INFO - Processing file /home/airflow/.local/lib/python3.7/site-packages/airflow/example_dags/example_skip_dag.py for tasks to queue
[2023-03-26T16:57:59.824+0000] {logging_mixin.py:137} INFO - [2023-03-26T16:57:59.824+0000] {dagbag.py:532} INFO - Filling up the DagBag from /home/airflow/.local/lib/python3.7/site-packages/airflow/example_dags/example_skip_dag.py
[2023-03-26T16:57:59.831+0000] {processor.py:753} INFO - DAG(s) dict_keys(['example_skip_dag']) retrieved from /home/airflow/.local/lib/python3.7/site-packages/airflow/example_dags/example_skip_dag.py
[2023-03-26T16:57:59.846+0000] {logging_mixin.py:137} INFO - [2023-03-26T16:57:59.846+0000] {dag.py:2693} INFO - Sync 1 DAGs
[2023-03-26T16:57:59.860+0000] {logging_mixin.py:137} INFO - [2023-03-26T16:57:59.859+0000] {dag.py:3444} INFO - Setting next_dagrun for example_skip_dag to 2023-03-25T16:57:59.859836+00:00, run_after=2023-03-26T16:57:59.859836+00:00
[2023-03-26T16:57:59.871+0000] {processor.py:175} INFO - Processing /home/airflow/.local/lib/python3.7/site-packages/airflow/example_dags/example_skip_dag.py took 0.051 seconds
[2023-03-26T16:58:30.625+0000] {processor.py:153} INFO - Started process (PID=1005) to work on /home/airflow/.local/lib/python3.7/site-packages/airflow/example_dags/example_skip_dag.py
[2023-03-26T16:58:30.625+0000] {processor.py:743} INFO - Processing file /home/airflow/.local/lib/python3.7/site-packages/airflow/example_dags/example_skip_dag.py for tasks to queue
[2023-03-26T16:58:30.626+0000] {logging_mixin.py:137} INFO - [2023-03-26T16:58:30.626+0000] {dagbag.py:532} INFO - Filling up the DagBag from /home/airflow/.local/lib/python3.7/site-packages/airflow/example_dags/example_skip_dag.py
[2023-03-26T16:58:30.633+0000] {processor.py:753} INFO - DAG(s) dict_keys(['example_skip_dag']) retrieved from /home/airflow/.local/lib/python3.7/site-packages/airflow/example_dags/example_skip_dag.py
[2023-03-26T16:58:30.649+0000] {logging_mixin.py:137} INFO - [2023-03-26T16:58:30.649+0000] {dag.py:2693} INFO - Sync 1 DAGs
[2023-03-26T16:58:30.663+0000] {logging_mixin.py:137} INFO - [2023-03-26T16:58:30.663+0000] {dag.py:3444} INFO - Setting next_dagrun for example_skip_dag to 2023-03-25T16:58:30.662913+00:00, run_after=2023-03-26T16:58:30.662913+00:00
[2023-03-26T16:58:30.675+0000] {processor.py:175} INFO - Processing /home/airflow/.local/lib/python3.7/site-packages/airflow/example_dags/example_skip_dag.py took 0.052 seconds
[2023-03-26T16:59:01.371+0000] {processor.py:153} INFO - Started process (PID=1054) to work on /home/airflow/.local/lib/python3.7/site-packages/airflow/example_dags/example_skip_dag.py
[2023-03-26T16:59:01.371+0000] {processor.py:743} INFO - Processing file /home/airflow/.local/lib/python3.7/site-packages/airflow/example_dags/example_skip_dag.py for tasks to queue
[2023-03-26T16:59:01.372+0000] {logging_mixin.py:137} INFO - [2023-03-26T16:59:01.372+0000] {dagbag.py:532} INFO - Filling up the DagBag from /home/airflow/.local/lib/python3.7/site-packages/airflow/example_dags/example_skip_dag.py
[2023-03-26T16:59:01.379+0000] {processor.py:753} INFO - DAG(s) dict_keys(['example_skip_dag']) retrieved from /home/airflow/.local/lib/python3.7/site-packages/airflow/example_dags/example_skip_dag.py
[2023-03-26T16:59:01.394+0000] {logging_mixin.py:137} INFO - [2023-03-26T16:59:01.394+0000] {dag.py:2693} INFO - Sync 1 DAGs
[2023-03-26T16:59:01.408+0000] {logging_mixin.py:137} INFO - [2023-03-26T16:59:01.408+0000] {dag.py:3444} INFO - Setting next_dagrun for example_skip_dag to 2023-03-25T16:59:01.408346+00:00, run_after=2023-03-26T16:59:01.408346+00:00
[2023-03-26T16:59:01.424+0000] {processor.py:175} INFO - Processing /home/airflow/.local/lib/python3.7/site-packages/airflow/example_dags/example_skip_dag.py took 0.055 seconds
[2023-03-26T16:59:32.090+0000] {processor.py:153} INFO - Started process (PID=1103) to work on /home/airflow/.local/lib/python3.7/site-packages/airflow/example_dags/example_skip_dag.py
[2023-03-26T16:59:32.091+0000] {processor.py:743} INFO - Processing file /home/airflow/.local/lib/python3.7/site-packages/airflow/example_dags/example_skip_dag.py for tasks to queue
[2023-03-26T16:59:32.091+0000] {logging_mixin.py:137} INFO - [2023-03-26T16:59:32.091+0000] {dagbag.py:532} INFO - Filling up the DagBag from /home/airflow/.local/lib/python3.7/site-packages/airflow/example_dags/example_skip_dag.py
[2023-03-26T16:59:32.100+0000] {processor.py:753} INFO - DAG(s) dict_keys(['example_skip_dag']) retrieved from /home/airflow/.local/lib/python3.7/site-packages/airflow/example_dags/example_skip_dag.py
[2023-03-26T16:59:32.116+0000] {logging_mixin.py:137} INFO - [2023-03-26T16:59:32.116+0000] {dag.py:2693} INFO - Sync 1 DAGs
[2023-03-26T16:59:32.131+0000] {logging_mixin.py:137} INFO - [2023-03-26T16:59:32.131+0000] {dag.py:3444} INFO - Setting next_dagrun for example_skip_dag to 2023-03-25T16:59:32.131210+00:00, run_after=2023-03-26T16:59:32.131210+00:00
[2023-03-26T16:59:32.144+0000] {processor.py:175} INFO - Processing /home/airflow/.local/lib/python3.7/site-packages/airflow/example_dags/example_skip_dag.py took 0.056 seconds
[2023-03-26T17:00:02.681+0000] {processor.py:153} INFO - Started process (PID=1152) to work on /home/airflow/.local/lib/python3.7/site-packages/airflow/example_dags/example_skip_dag.py
[2023-03-26T17:00:02.682+0000] {processor.py:743} INFO - Processing file /home/airflow/.local/lib/python3.7/site-packages/airflow/example_dags/example_skip_dag.py for tasks to queue
[2023-03-26T17:00:02.682+0000] {logging_mixin.py:137} INFO - [2023-03-26T17:00:02.682+0000] {dagbag.py:532} INFO - Filling up the DagBag from /home/airflow/.local/lib/python3.7/site-packages/airflow/example_dags/example_skip_dag.py
[2023-03-26T17:00:02.690+0000] {processor.py:753} INFO - DAG(s) dict_keys(['example_skip_dag']) retrieved from /home/airflow/.local/lib/python3.7/site-packages/airflow/example_dags/example_skip_dag.py
[2023-03-26T17:00:02.705+0000] {logging_mixin.py:137} INFO - [2023-03-26T17:00:02.705+0000] {dag.py:2693} INFO - Sync 1 DAGs
[2023-03-26T17:00:02.719+0000] {logging_mixin.py:137} INFO - [2023-03-26T17:00:02.719+0000] {dag.py:3444} INFO - Setting next_dagrun for example_skip_dag to 2023-03-25T17:00:02.719692+00:00, run_after=2023-03-26T17:00:02.719692+00:00
[2023-03-26T17:00:02.732+0000] {processor.py:175} INFO - Processing /home/airflow/.local/lib/python3.7/site-packages/airflow/example_dags/example_skip_dag.py took 0.053 seconds
[2023-03-26T17:00:33.430+0000] {processor.py:153} INFO - Started process (PID=1201) to work on /home/airflow/.local/lib/python3.7/site-packages/airflow/example_dags/example_skip_dag.py
[2023-03-26T17:00:33.430+0000] {processor.py:743} INFO - Processing file /home/airflow/.local/lib/python3.7/site-packages/airflow/example_dags/example_skip_dag.py for tasks to queue
[2023-03-26T17:00:33.430+0000] {logging_mixin.py:137} INFO - [2023-03-26T17:00:33.430+0000] {dagbag.py:532} INFO - Filling up the DagBag from /home/airflow/.local/lib/python3.7/site-packages/airflow/example_dags/example_skip_dag.py
[2023-03-26T17:00:33.438+0000] {processor.py:753} INFO - DAG(s) dict_keys(['example_skip_dag']) retrieved from /home/airflow/.local/lib/python3.7/site-packages/airflow/example_dags/example_skip_dag.py
[2023-03-26T17:00:33.455+0000] {logging_mixin.py:137} INFO - [2023-03-26T17:00:33.455+0000] {dag.py:2693} INFO - Sync 1 DAGs
[2023-03-26T17:00:33.470+0000] {logging_mixin.py:137} INFO - [2023-03-26T17:00:33.470+0000] {dag.py:3444} INFO - Setting next_dagrun for example_skip_dag to 2023-03-25T17:00:33.470327+00:00, run_after=2023-03-26T17:00:33.470327+00:00
[2023-03-26T17:00:33.490+0000] {processor.py:175} INFO - Processing /home/airflow/.local/lib/python3.7/site-packages/airflow/example_dags/example_skip_dag.py took 0.062 seconds
