[2023-03-26T16:04:02.981+0000] {processor.py:153} INFO - Started process (PID=65) to work on /home/airflow/.local/lib/python3.7/site-packages/airflow/example_dags/example_xcom.py
[2023-03-26T16:04:02.982+0000] {processor.py:743} INFO - Processing file /home/airflow/.local/lib/python3.7/site-packages/airflow/example_dags/example_xcom.py for tasks to queue
[2023-03-26T16:04:02.982+0000] {logging_mixin.py:137} INFO - [2023-03-26T16:04:02.982+0000] {dagbag.py:532} INFO - Filling up the DagBag from /home/airflow/.local/lib/python3.7/site-packages/airflow/example_dags/example_xcom.py
[2023-03-26T16:04:02.998+0000] {processor.py:753} INFO - DAG(s) dict_keys(['example_xcom']) retrieved from /home/airflow/.local/lib/python3.7/site-packages/airflow/example_dags/example_xcom.py
[2023-03-26T16:04:03.069+0000] {logging_mixin.py:137} INFO - [2023-03-26T16:04:03.069+0000] {manager.py:504} INFO - Created Permission View: can read on DAG:example_xcom
[2023-03-26T16:04:03.077+0000] {logging_mixin.py:137} INFO - [2023-03-26T16:04:03.077+0000] {manager.py:504} INFO - Created Permission View: can edit on DAG:example_xcom
[2023-03-26T16:04:03.084+0000] {logging_mixin.py:137} INFO - [2023-03-26T16:04:03.084+0000] {manager.py:504} INFO - Created Permission View: can delete on DAG:example_xcom
[2023-03-26T16:04:03.084+0000] {logging_mixin.py:137} INFO - [2023-03-26T16:04:03.084+0000] {dag.py:2693} INFO - Sync 1 DAGs
[2023-03-26T16:04:03.092+0000] {logging_mixin.py:137} INFO - [2023-03-26T16:04:03.092+0000] {dag.py:2714} INFO - Creating ORM DAG for example_xcom
[2023-03-26T16:04:03.099+0000] {logging_mixin.py:137} INFO - [2023-03-26T16:04:03.099+0000] {dag.py:3444} INFO - Setting next_dagrun for example_xcom to 2021-01-01T00:00:00+00:00, run_after=2021-01-01T00:00:00+00:00
[2023-03-26T16:04:03.115+0000] {processor.py:175} INFO - Processing /home/airflow/.local/lib/python3.7/site-packages/airflow/example_dags/example_xcom.py took 0.136 seconds
[2023-03-26T16:04:33.310+0000] {processor.py:153} INFO - Started process (PID=114) to work on /home/airflow/.local/lib/python3.7/site-packages/airflow/example_dags/example_xcom.py
[2023-03-26T16:04:33.311+0000] {processor.py:743} INFO - Processing file /home/airflow/.local/lib/python3.7/site-packages/airflow/example_dags/example_xcom.py for tasks to queue
[2023-03-26T16:04:33.311+0000] {logging_mixin.py:137} INFO - [2023-03-26T16:04:33.311+0000] {dagbag.py:532} INFO - Filling up the DagBag from /home/airflow/.local/lib/python3.7/site-packages/airflow/example_dags/example_xcom.py
[2023-03-26T16:04:33.324+0000] {processor.py:753} INFO - DAG(s) dict_keys(['example_xcom']) retrieved from /home/airflow/.local/lib/python3.7/site-packages/airflow/example_dags/example_xcom.py
[2023-03-26T16:04:33.340+0000] {logging_mixin.py:137} INFO - [2023-03-26T16:04:33.339+0000] {dag.py:2693} INFO - Sync 1 DAGs
[2023-03-26T16:04:33.354+0000] {logging_mixin.py:137} INFO - [2023-03-26T16:04:33.353+0000] {dag.py:3444} INFO - Setting next_dagrun for example_xcom to 2021-01-01T00:00:00+00:00, run_after=2021-01-01T00:00:00+00:00
[2023-03-26T16:04:33.367+0000] {processor.py:175} INFO - Processing /home/airflow/.local/lib/python3.7/site-packages/airflow/example_dags/example_xcom.py took 0.059 seconds
[2023-03-26T16:05:03.933+0000] {processor.py:153} INFO - Started process (PID=163) to work on /home/airflow/.local/lib/python3.7/site-packages/airflow/example_dags/example_xcom.py
[2023-03-26T16:05:03.934+0000] {processor.py:743} INFO - Processing file /home/airflow/.local/lib/python3.7/site-packages/airflow/example_dags/example_xcom.py for tasks to queue
[2023-03-26T16:05:03.934+0000] {logging_mixin.py:137} INFO - [2023-03-26T16:05:03.934+0000] {dagbag.py:532} INFO - Filling up the DagBag from /home/airflow/.local/lib/python3.7/site-packages/airflow/example_dags/example_xcom.py
[2023-03-26T16:05:03.947+0000] {processor.py:753} INFO - DAG(s) dict_keys(['example_xcom']) retrieved from /home/airflow/.local/lib/python3.7/site-packages/airflow/example_dags/example_xcom.py
[2023-03-26T16:05:03.962+0000] {logging_mixin.py:137} INFO - [2023-03-26T16:05:03.962+0000] {dag.py:2693} INFO - Sync 1 DAGs
[2023-03-26T16:05:03.976+0000] {logging_mixin.py:137} INFO - [2023-03-26T16:05:03.976+0000] {dag.py:3444} INFO - Setting next_dagrun for example_xcom to 2021-01-01T00:00:00+00:00, run_after=2021-01-01T00:00:00+00:00
[2023-03-26T16:05:03.990+0000] {processor.py:175} INFO - Processing /home/airflow/.local/lib/python3.7/site-packages/airflow/example_dags/example_xcom.py took 0.058 seconds
[2023-03-26T16:05:34.509+0000] {processor.py:153} INFO - Started process (PID=211) to work on /home/airflow/.local/lib/python3.7/site-packages/airflow/example_dags/example_xcom.py
[2023-03-26T16:05:34.509+0000] {processor.py:743} INFO - Processing file /home/airflow/.local/lib/python3.7/site-packages/airflow/example_dags/example_xcom.py for tasks to queue
[2023-03-26T16:05:34.510+0000] {logging_mixin.py:137} INFO - [2023-03-26T16:05:34.510+0000] {dagbag.py:532} INFO - Filling up the DagBag from /home/airflow/.local/lib/python3.7/site-packages/airflow/example_dags/example_xcom.py
[2023-03-26T16:05:34.523+0000] {processor.py:753} INFO - DAG(s) dict_keys(['example_xcom']) retrieved from /home/airflow/.local/lib/python3.7/site-packages/airflow/example_dags/example_xcom.py
[2023-03-26T16:05:34.540+0000] {logging_mixin.py:137} INFO - [2023-03-26T16:05:34.540+0000] {dag.py:2693} INFO - Sync 1 DAGs
[2023-03-26T16:05:34.554+0000] {logging_mixin.py:137} INFO - [2023-03-26T16:05:34.554+0000] {dag.py:3444} INFO - Setting next_dagrun for example_xcom to 2021-01-01T00:00:00+00:00, run_after=2021-01-01T00:00:00+00:00
[2023-03-26T16:05:34.567+0000] {processor.py:175} INFO - Processing /home/airflow/.local/lib/python3.7/site-packages/airflow/example_dags/example_xcom.py took 0.060 seconds
[2023-03-26T16:06:05.130+0000] {processor.py:153} INFO - Started process (PID=260) to work on /home/airflow/.local/lib/python3.7/site-packages/airflow/example_dags/example_xcom.py
[2023-03-26T16:06:05.131+0000] {processor.py:743} INFO - Processing file /home/airflow/.local/lib/python3.7/site-packages/airflow/example_dags/example_xcom.py for tasks to queue
[2023-03-26T16:06:05.131+0000] {logging_mixin.py:137} INFO - [2023-03-26T16:06:05.131+0000] {dagbag.py:532} INFO - Filling up the DagBag from /home/airflow/.local/lib/python3.7/site-packages/airflow/example_dags/example_xcom.py
[2023-03-26T16:06:05.144+0000] {processor.py:753} INFO - DAG(s) dict_keys(['example_xcom']) retrieved from /home/airflow/.local/lib/python3.7/site-packages/airflow/example_dags/example_xcom.py
[2023-03-26T16:06:05.160+0000] {logging_mixin.py:137} INFO - [2023-03-26T16:06:05.160+0000] {dag.py:2693} INFO - Sync 1 DAGs
[2023-03-26T16:06:05.174+0000] {logging_mixin.py:137} INFO - [2023-03-26T16:06:05.174+0000] {dag.py:3444} INFO - Setting next_dagrun for example_xcom to 2021-01-01T00:00:00+00:00, run_after=2021-01-01T00:00:00+00:00
[2023-03-26T16:06:05.188+0000] {processor.py:175} INFO - Processing /home/airflow/.local/lib/python3.7/site-packages/airflow/example_dags/example_xcom.py took 0.060 seconds
[2023-03-26T16:06:35.734+0000] {processor.py:153} INFO - Started process (PID=309) to work on /home/airflow/.local/lib/python3.7/site-packages/airflow/example_dags/example_xcom.py
[2023-03-26T16:06:35.734+0000] {processor.py:743} INFO - Processing file /home/airflow/.local/lib/python3.7/site-packages/airflow/example_dags/example_xcom.py for tasks to queue
[2023-03-26T16:06:35.735+0000] {logging_mixin.py:137} INFO - [2023-03-26T16:06:35.734+0000] {dagbag.py:532} INFO - Filling up the DagBag from /home/airflow/.local/lib/python3.7/site-packages/airflow/example_dags/example_xcom.py
[2023-03-26T16:06:35.747+0000] {processor.py:753} INFO - DAG(s) dict_keys(['example_xcom']) retrieved from /home/airflow/.local/lib/python3.7/site-packages/airflow/example_dags/example_xcom.py
[2023-03-26T16:06:35.764+0000] {logging_mixin.py:137} INFO - [2023-03-26T16:06:35.764+0000] {dag.py:2693} INFO - Sync 1 DAGs
[2023-03-26T16:06:35.778+0000] {logging_mixin.py:137} INFO - [2023-03-26T16:06:35.778+0000] {dag.py:3444} INFO - Setting next_dagrun for example_xcom to 2021-01-01T00:00:00+00:00, run_after=2021-01-01T00:00:00+00:00
[2023-03-26T16:06:35.792+0000] {processor.py:175} INFO - Processing /home/airflow/.local/lib/python3.7/site-packages/airflow/example_dags/example_xcom.py took 0.060 seconds
[2023-03-26T16:07:06.370+0000] {processor.py:153} INFO - Started process (PID=358) to work on /home/airflow/.local/lib/python3.7/site-packages/airflow/example_dags/example_xcom.py
[2023-03-26T16:07:06.371+0000] {processor.py:743} INFO - Processing file /home/airflow/.local/lib/python3.7/site-packages/airflow/example_dags/example_xcom.py for tasks to queue
[2023-03-26T16:07:06.371+0000] {logging_mixin.py:137} INFO - [2023-03-26T16:07:06.371+0000] {dagbag.py:532} INFO - Filling up the DagBag from /home/airflow/.local/lib/python3.7/site-packages/airflow/example_dags/example_xcom.py
[2023-03-26T16:07:06.385+0000] {processor.py:753} INFO - DAG(s) dict_keys(['example_xcom']) retrieved from /home/airflow/.local/lib/python3.7/site-packages/airflow/example_dags/example_xcom.py
[2023-03-26T16:07:06.402+0000] {logging_mixin.py:137} INFO - [2023-03-26T16:07:06.402+0000] {dag.py:2693} INFO - Sync 1 DAGs
[2023-03-26T16:07:06.416+0000] {logging_mixin.py:137} INFO - [2023-03-26T16:07:06.416+0000] {dag.py:3444} INFO - Setting next_dagrun for example_xcom to 2021-01-01T00:00:00+00:00, run_after=2021-01-01T00:00:00+00:00
[2023-03-26T16:07:06.429+0000] {processor.py:175} INFO - Processing /home/airflow/.local/lib/python3.7/site-packages/airflow/example_dags/example_xcom.py took 0.060 seconds
[2023-03-26T16:07:37.023+0000] {processor.py:153} INFO - Started process (PID=407) to work on /home/airflow/.local/lib/python3.7/site-packages/airflow/example_dags/example_xcom.py
[2023-03-26T16:07:37.024+0000] {processor.py:743} INFO - Processing file /home/airflow/.local/lib/python3.7/site-packages/airflow/example_dags/example_xcom.py for tasks to queue
[2023-03-26T16:07:37.024+0000] {logging_mixin.py:137} INFO - [2023-03-26T16:07:37.024+0000] {dagbag.py:532} INFO - Filling up the DagBag from /home/airflow/.local/lib/python3.7/site-packages/airflow/example_dags/example_xcom.py
[2023-03-26T16:07:37.037+0000] {processor.py:753} INFO - DAG(s) dict_keys(['example_xcom']) retrieved from /home/airflow/.local/lib/python3.7/site-packages/airflow/example_dags/example_xcom.py
[2023-03-26T16:07:37.054+0000] {logging_mixin.py:137} INFO - [2023-03-26T16:07:37.054+0000] {dag.py:2693} INFO - Sync 1 DAGs
[2023-03-26T16:07:37.068+0000] {logging_mixin.py:137} INFO - [2023-03-26T16:07:37.068+0000] {dag.py:3444} INFO - Setting next_dagrun for example_xcom to 2021-01-01T00:00:00+00:00, run_after=2021-01-01T00:00:00+00:00
[2023-03-26T16:07:37.084+0000] {processor.py:175} INFO - Processing /home/airflow/.local/lib/python3.7/site-packages/airflow/example_dags/example_xcom.py took 0.062 seconds
[2023-03-26T16:08:07.641+0000] {processor.py:153} INFO - Started process (PID=456) to work on /home/airflow/.local/lib/python3.7/site-packages/airflow/example_dags/example_xcom.py
[2023-03-26T16:08:07.642+0000] {processor.py:743} INFO - Processing file /home/airflow/.local/lib/python3.7/site-packages/airflow/example_dags/example_xcom.py for tasks to queue
[2023-03-26T16:08:07.642+0000] {logging_mixin.py:137} INFO - [2023-03-26T16:08:07.642+0000] {dagbag.py:532} INFO - Filling up the DagBag from /home/airflow/.local/lib/python3.7/site-packages/airflow/example_dags/example_xcom.py
[2023-03-26T16:08:07.655+0000] {processor.py:753} INFO - DAG(s) dict_keys(['example_xcom']) retrieved from /home/airflow/.local/lib/python3.7/site-packages/airflow/example_dags/example_xcom.py
[2023-03-26T16:08:07.672+0000] {logging_mixin.py:137} INFO - [2023-03-26T16:08:07.672+0000] {dag.py:2693} INFO - Sync 1 DAGs
[2023-03-26T16:08:07.687+0000] {logging_mixin.py:137} INFO - [2023-03-26T16:08:07.686+0000] {dag.py:3444} INFO - Setting next_dagrun for example_xcom to 2021-01-01T00:00:00+00:00, run_after=2021-01-01T00:00:00+00:00
[2023-03-26T16:08:07.700+0000] {processor.py:175} INFO - Processing /home/airflow/.local/lib/python3.7/site-packages/airflow/example_dags/example_xcom.py took 0.060 seconds
[2023-03-26T16:08:38.260+0000] {processor.py:153} INFO - Started process (PID=505) to work on /home/airflow/.local/lib/python3.7/site-packages/airflow/example_dags/example_xcom.py
[2023-03-26T16:08:38.260+0000] {processor.py:743} INFO - Processing file /home/airflow/.local/lib/python3.7/site-packages/airflow/example_dags/example_xcom.py for tasks to queue
[2023-03-26T16:08:38.260+0000] {logging_mixin.py:137} INFO - [2023-03-26T16:08:38.260+0000] {dagbag.py:532} INFO - Filling up the DagBag from /home/airflow/.local/lib/python3.7/site-packages/airflow/example_dags/example_xcom.py
[2023-03-26T16:08:38.274+0000] {processor.py:753} INFO - DAG(s) dict_keys(['example_xcom']) retrieved from /home/airflow/.local/lib/python3.7/site-packages/airflow/example_dags/example_xcom.py
[2023-03-26T16:08:38.293+0000] {logging_mixin.py:137} INFO - [2023-03-26T16:08:38.292+0000] {dag.py:2693} INFO - Sync 1 DAGs
[2023-03-26T16:08:38.308+0000] {logging_mixin.py:137} INFO - [2023-03-26T16:08:38.307+0000] {dag.py:3444} INFO - Setting next_dagrun for example_xcom to 2021-01-01T00:00:00+00:00, run_after=2021-01-01T00:00:00+00:00
[2023-03-26T16:08:38.322+0000] {processor.py:175} INFO - Processing /home/airflow/.local/lib/python3.7/site-packages/airflow/example_dags/example_xcom.py took 0.065 seconds
[2023-03-26T16:12:59.953+0000] {processor.py:153} INFO - Started process (PID=65) to work on /home/airflow/.local/lib/python3.7/site-packages/airflow/example_dags/example_xcom.py
[2023-03-26T16:12:59.954+0000] {processor.py:743} INFO - Processing file /home/airflow/.local/lib/python3.7/site-packages/airflow/example_dags/example_xcom.py for tasks to queue
[2023-03-26T16:12:59.954+0000] {logging_mixin.py:137} INFO - [2023-03-26T16:12:59.954+0000] {dagbag.py:532} INFO - Filling up the DagBag from /home/airflow/.local/lib/python3.7/site-packages/airflow/example_dags/example_xcom.py
[2023-03-26T16:12:59.970+0000] {processor.py:753} INFO - DAG(s) dict_keys(['example_xcom']) retrieved from /home/airflow/.local/lib/python3.7/site-packages/airflow/example_dags/example_xcom.py
[2023-03-26T16:12:59.979+0000] {logging_mixin.py:137} INFO - [2023-03-26T16:12:59.979+0000] {dag.py:2693} INFO - Sync 1 DAGs
[2023-03-26T16:12:59.993+0000] {logging_mixin.py:137} INFO - [2023-03-26T16:12:59.993+0000] {dag.py:3444} INFO - Setting next_dagrun for example_xcom to 2021-01-01T00:00:00+00:00, run_after=2021-01-01T00:00:00+00:00
[2023-03-26T16:13:00.008+0000] {processor.py:175} INFO - Processing /home/airflow/.local/lib/python3.7/site-packages/airflow/example_dags/example_xcom.py took 0.057 seconds
[2023-03-26T16:13:30.578+0000] {processor.py:153} INFO - Started process (PID=114) to work on /home/airflow/.local/lib/python3.7/site-packages/airflow/example_dags/example_xcom.py
[2023-03-26T16:13:30.578+0000] {processor.py:743} INFO - Processing file /home/airflow/.local/lib/python3.7/site-packages/airflow/example_dags/example_xcom.py for tasks to queue
[2023-03-26T16:13:30.578+0000] {logging_mixin.py:137} INFO - [2023-03-26T16:13:30.578+0000] {dagbag.py:532} INFO - Filling up the DagBag from /home/airflow/.local/lib/python3.7/site-packages/airflow/example_dags/example_xcom.py
[2023-03-26T16:13:30.591+0000] {processor.py:753} INFO - DAG(s) dict_keys(['example_xcom']) retrieved from /home/airflow/.local/lib/python3.7/site-packages/airflow/example_dags/example_xcom.py
[2023-03-26T16:13:30.608+0000] {logging_mixin.py:137} INFO - [2023-03-26T16:13:30.608+0000] {dag.py:2693} INFO - Sync 1 DAGs
[2023-03-26T16:13:30.623+0000] {logging_mixin.py:137} INFO - [2023-03-26T16:13:30.623+0000] {dag.py:3444} INFO - Setting next_dagrun for example_xcom to 2021-01-01T00:00:00+00:00, run_after=2021-01-01T00:00:00+00:00
[2023-03-26T16:13:30.638+0000] {processor.py:175} INFO - Processing /home/airflow/.local/lib/python3.7/site-packages/airflow/example_dags/example_xcom.py took 0.062 seconds
[2023-03-26T16:14:01.191+0000] {processor.py:153} INFO - Started process (PID=163) to work on /home/airflow/.local/lib/python3.7/site-packages/airflow/example_dags/example_xcom.py
[2023-03-26T16:14:01.192+0000] {processor.py:743} INFO - Processing file /home/airflow/.local/lib/python3.7/site-packages/airflow/example_dags/example_xcom.py for tasks to queue
[2023-03-26T16:14:01.192+0000] {logging_mixin.py:137} INFO - [2023-03-26T16:14:01.192+0000] {dagbag.py:532} INFO - Filling up the DagBag from /home/airflow/.local/lib/python3.7/site-packages/airflow/example_dags/example_xcom.py
[2023-03-26T16:14:01.212+0000] {processor.py:753} INFO - DAG(s) dict_keys(['example_xcom']) retrieved from /home/airflow/.local/lib/python3.7/site-packages/airflow/example_dags/example_xcom.py
[2023-03-26T16:14:01.234+0000] {logging_mixin.py:137} INFO - [2023-03-26T16:14:01.234+0000] {dag.py:2693} INFO - Sync 1 DAGs
[2023-03-26T16:14:01.384+0000] {logging_mixin.py:137} INFO - [2023-03-26T16:14:01.384+0000] {process_utils.py:256} INFO - Waiting up to 5 seconds for processes to exit...
[2023-03-26T16:17:28.881+0000] {processor.py:153} INFO - Started process (PID=65) to work on /home/airflow/.local/lib/python3.7/site-packages/airflow/example_dags/example_xcom.py
[2023-03-26T16:17:28.882+0000] {processor.py:743} INFO - Processing file /home/airflow/.local/lib/python3.7/site-packages/airflow/example_dags/example_xcom.py for tasks to queue
[2023-03-26T16:17:28.882+0000] {logging_mixin.py:137} INFO - [2023-03-26T16:17:28.882+0000] {dagbag.py:532} INFO - Filling up the DagBag from /home/airflow/.local/lib/python3.7/site-packages/airflow/example_dags/example_xcom.py
[2023-03-26T16:17:28.899+0000] {processor.py:753} INFO - DAG(s) dict_keys(['example_xcom']) retrieved from /home/airflow/.local/lib/python3.7/site-packages/airflow/example_dags/example_xcom.py
[2023-03-26T16:17:28.906+0000] {logging_mixin.py:137} INFO - [2023-03-26T16:17:28.906+0000] {dag.py:2693} INFO - Sync 1 DAGs
[2023-03-26T16:17:28.922+0000] {logging_mixin.py:137} INFO - [2023-03-26T16:17:28.922+0000] {dag.py:3444} INFO - Setting next_dagrun for example_xcom to 2021-01-01T00:00:00+00:00, run_after=2021-01-01T00:00:00+00:00
[2023-03-26T16:17:28.935+0000] {processor.py:175} INFO - Processing /home/airflow/.local/lib/python3.7/site-packages/airflow/example_dags/example_xcom.py took 0.056 seconds
[2023-03-26T16:17:59.486+0000] {processor.py:153} INFO - Started process (PID=114) to work on /home/airflow/.local/lib/python3.7/site-packages/airflow/example_dags/example_xcom.py
[2023-03-26T16:17:59.487+0000] {processor.py:743} INFO - Processing file /home/airflow/.local/lib/python3.7/site-packages/airflow/example_dags/example_xcom.py for tasks to queue
[2023-03-26T16:17:59.487+0000] {logging_mixin.py:137} INFO - [2023-03-26T16:17:59.487+0000] {dagbag.py:532} INFO - Filling up the DagBag from /home/airflow/.local/lib/python3.7/site-packages/airflow/example_dags/example_xcom.py
[2023-03-26T16:17:59.500+0000] {processor.py:753} INFO - DAG(s) dict_keys(['example_xcom']) retrieved from /home/airflow/.local/lib/python3.7/site-packages/airflow/example_dags/example_xcom.py
[2023-03-26T16:17:59.517+0000] {logging_mixin.py:137} INFO - [2023-03-26T16:17:59.517+0000] {dag.py:2693} INFO - Sync 1 DAGs
[2023-03-26T16:17:59.531+0000] {logging_mixin.py:137} INFO - [2023-03-26T16:17:59.531+0000] {dag.py:3444} INFO - Setting next_dagrun for example_xcom to 2021-01-01T00:00:00+00:00, run_after=2021-01-01T00:00:00+00:00
[2023-03-26T16:17:59.545+0000] {processor.py:175} INFO - Processing /home/airflow/.local/lib/python3.7/site-packages/airflow/example_dags/example_xcom.py took 0.060 seconds
[2023-03-26T16:18:30.367+0000] {processor.py:153} INFO - Started process (PID=163) to work on /home/airflow/.local/lib/python3.7/site-packages/airflow/example_dags/example_xcom.py
[2023-03-26T16:18:30.367+0000] {processor.py:743} INFO - Processing file /home/airflow/.local/lib/python3.7/site-packages/airflow/example_dags/example_xcom.py for tasks to queue
[2023-03-26T16:18:30.367+0000] {logging_mixin.py:137} INFO - [2023-03-26T16:18:30.367+0000] {dagbag.py:532} INFO - Filling up the DagBag from /home/airflow/.local/lib/python3.7/site-packages/airflow/example_dags/example_xcom.py
[2023-03-26T16:18:30.380+0000] {processor.py:753} INFO - DAG(s) dict_keys(['example_xcom']) retrieved from /home/airflow/.local/lib/python3.7/site-packages/airflow/example_dags/example_xcom.py
[2023-03-26T16:18:30.398+0000] {logging_mixin.py:137} INFO - [2023-03-26T16:18:30.398+0000] {dag.py:2693} INFO - Sync 1 DAGs
[2023-03-26T16:18:30.412+0000] {logging_mixin.py:137} INFO - [2023-03-26T16:18:30.412+0000] {dag.py:3444} INFO - Setting next_dagrun for example_xcom to 2021-01-01T00:00:00+00:00, run_after=2021-01-01T00:00:00+00:00
[2023-03-26T16:18:30.426+0000] {processor.py:175} INFO - Processing /home/airflow/.local/lib/python3.7/site-packages/airflow/example_dags/example_xcom.py took 0.062 seconds
[2023-03-26T16:19:00.980+0000] {processor.py:153} INFO - Started process (PID=212) to work on /home/airflow/.local/lib/python3.7/site-packages/airflow/example_dags/example_xcom.py
[2023-03-26T16:19:00.981+0000] {processor.py:743} INFO - Processing file /home/airflow/.local/lib/python3.7/site-packages/airflow/example_dags/example_xcom.py for tasks to queue
[2023-03-26T16:19:00.981+0000] {logging_mixin.py:137} INFO - [2023-03-26T16:19:00.981+0000] {dagbag.py:532} INFO - Filling up the DagBag from /home/airflow/.local/lib/python3.7/site-packages/airflow/example_dags/example_xcom.py
[2023-03-26T16:19:00.994+0000] {processor.py:753} INFO - DAG(s) dict_keys(['example_xcom']) retrieved from /home/airflow/.local/lib/python3.7/site-packages/airflow/example_dags/example_xcom.py
[2023-03-26T16:19:01.011+0000] {logging_mixin.py:137} INFO - [2023-03-26T16:19:01.011+0000] {dag.py:2693} INFO - Sync 1 DAGs
[2023-03-26T16:19:01.025+0000] {logging_mixin.py:137} INFO - [2023-03-26T16:19:01.025+0000] {dag.py:3444} INFO - Setting next_dagrun for example_xcom to 2021-01-01T00:00:00+00:00, run_after=2021-01-01T00:00:00+00:00
[2023-03-26T16:19:01.040+0000] {processor.py:175} INFO - Processing /home/airflow/.local/lib/python3.7/site-packages/airflow/example_dags/example_xcom.py took 0.061 seconds
[2023-03-26T16:19:31.751+0000] {processor.py:153} INFO - Started process (PID=261) to work on /home/airflow/.local/lib/python3.7/site-packages/airflow/example_dags/example_xcom.py
[2023-03-26T16:19:31.752+0000] {processor.py:743} INFO - Processing file /home/airflow/.local/lib/python3.7/site-packages/airflow/example_dags/example_xcom.py for tasks to queue
[2023-03-26T16:19:31.752+0000] {logging_mixin.py:137} INFO - [2023-03-26T16:19:31.752+0000] {dagbag.py:532} INFO - Filling up the DagBag from /home/airflow/.local/lib/python3.7/site-packages/airflow/example_dags/example_xcom.py
[2023-03-26T16:19:31.765+0000] {processor.py:753} INFO - DAG(s) dict_keys(['example_xcom']) retrieved from /home/airflow/.local/lib/python3.7/site-packages/airflow/example_dags/example_xcom.py
[2023-03-26T16:19:31.781+0000] {logging_mixin.py:137} INFO - [2023-03-26T16:19:31.781+0000] {dag.py:2693} INFO - Sync 1 DAGs
[2023-03-26T16:19:31.796+0000] {logging_mixin.py:137} INFO - [2023-03-26T16:19:31.795+0000] {dag.py:3444} INFO - Setting next_dagrun for example_xcom to 2021-01-01T00:00:00+00:00, run_after=2021-01-01T00:00:00+00:00
[2023-03-26T16:19:31.810+0000] {processor.py:175} INFO - Processing /home/airflow/.local/lib/python3.7/site-packages/airflow/example_dags/example_xcom.py took 0.060 seconds
[2023-03-26T16:20:02.482+0000] {processor.py:153} INFO - Started process (PID=310) to work on /home/airflow/.local/lib/python3.7/site-packages/airflow/example_dags/example_xcom.py
[2023-03-26T16:20:02.483+0000] {processor.py:743} INFO - Processing file /home/airflow/.local/lib/python3.7/site-packages/airflow/example_dags/example_xcom.py for tasks to queue
[2023-03-26T16:20:02.483+0000] {logging_mixin.py:137} INFO - [2023-03-26T16:20:02.483+0000] {dagbag.py:532} INFO - Filling up the DagBag from /home/airflow/.local/lib/python3.7/site-packages/airflow/example_dags/example_xcom.py
[2023-03-26T16:20:02.496+0000] {processor.py:753} INFO - DAG(s) dict_keys(['example_xcom']) retrieved from /home/airflow/.local/lib/python3.7/site-packages/airflow/example_dags/example_xcom.py
[2023-03-26T16:20:02.512+0000] {logging_mixin.py:137} INFO - [2023-03-26T16:20:02.511+0000] {dag.py:2693} INFO - Sync 1 DAGs
[2023-03-26T16:20:02.525+0000] {logging_mixin.py:137} INFO - [2023-03-26T16:20:02.525+0000] {dag.py:3444} INFO - Setting next_dagrun for example_xcom to 2021-01-01T00:00:00+00:00, run_after=2021-01-01T00:00:00+00:00
[2023-03-26T16:20:02.539+0000] {processor.py:175} INFO - Processing /home/airflow/.local/lib/python3.7/site-packages/airflow/example_dags/example_xcom.py took 0.059 seconds
[2023-03-26T16:20:33.073+0000] {processor.py:153} INFO - Started process (PID=359) to work on /home/airflow/.local/lib/python3.7/site-packages/airflow/example_dags/example_xcom.py
[2023-03-26T16:20:33.073+0000] {processor.py:743} INFO - Processing file /home/airflow/.local/lib/python3.7/site-packages/airflow/example_dags/example_xcom.py for tasks to queue
[2023-03-26T16:20:33.074+0000] {logging_mixin.py:137} INFO - [2023-03-26T16:20:33.074+0000] {dagbag.py:532} INFO - Filling up the DagBag from /home/airflow/.local/lib/python3.7/site-packages/airflow/example_dags/example_xcom.py
[2023-03-26T16:20:33.087+0000] {processor.py:753} INFO - DAG(s) dict_keys(['example_xcom']) retrieved from /home/airflow/.local/lib/python3.7/site-packages/airflow/example_dags/example_xcom.py
[2023-03-26T16:20:33.103+0000] {logging_mixin.py:137} INFO - [2023-03-26T16:20:33.103+0000] {dag.py:2693} INFO - Sync 1 DAGs
[2023-03-26T16:20:33.117+0000] {logging_mixin.py:137} INFO - [2023-03-26T16:20:33.117+0000] {dag.py:3444} INFO - Setting next_dagrun for example_xcom to 2021-01-01T00:00:00+00:00, run_after=2021-01-01T00:00:00+00:00
[2023-03-26T16:20:33.131+0000] {processor.py:175} INFO - Processing /home/airflow/.local/lib/python3.7/site-packages/airflow/example_dags/example_xcom.py took 0.060 seconds
[2023-03-26T16:21:03.695+0000] {processor.py:153} INFO - Started process (PID=409) to work on /home/airflow/.local/lib/python3.7/site-packages/airflow/example_dags/example_xcom.py
[2023-03-26T16:21:03.695+0000] {processor.py:743} INFO - Processing file /home/airflow/.local/lib/python3.7/site-packages/airflow/example_dags/example_xcom.py for tasks to queue
[2023-03-26T16:21:03.696+0000] {logging_mixin.py:137} INFO - [2023-03-26T16:21:03.696+0000] {dagbag.py:532} INFO - Filling up the DagBag from /home/airflow/.local/lib/python3.7/site-packages/airflow/example_dags/example_xcom.py
[2023-03-26T16:21:03.709+0000] {processor.py:753} INFO - DAG(s) dict_keys(['example_xcom']) retrieved from /home/airflow/.local/lib/python3.7/site-packages/airflow/example_dags/example_xcom.py
[2023-03-26T16:21:03.725+0000] {logging_mixin.py:137} INFO - [2023-03-26T16:21:03.725+0000] {dag.py:2693} INFO - Sync 1 DAGs
[2023-03-26T16:21:03.740+0000] {logging_mixin.py:137} INFO - [2023-03-26T16:21:03.740+0000] {dag.py:3444} INFO - Setting next_dagrun for example_xcom to 2021-01-01T00:00:00+00:00, run_after=2021-01-01T00:00:00+00:00
[2023-03-26T16:21:03.754+0000] {processor.py:175} INFO - Processing /home/airflow/.local/lib/python3.7/site-packages/airflow/example_dags/example_xcom.py took 0.061 seconds
[2023-03-26T16:21:34.345+0000] {processor.py:153} INFO - Started process (PID=458) to work on /home/airflow/.local/lib/python3.7/site-packages/airflow/example_dags/example_xcom.py
[2023-03-26T16:21:34.345+0000] {processor.py:743} INFO - Processing file /home/airflow/.local/lib/python3.7/site-packages/airflow/example_dags/example_xcom.py for tasks to queue
[2023-03-26T16:21:34.345+0000] {logging_mixin.py:137} INFO - [2023-03-26T16:21:34.345+0000] {dagbag.py:532} INFO - Filling up the DagBag from /home/airflow/.local/lib/python3.7/site-packages/airflow/example_dags/example_xcom.py
[2023-03-26T16:21:34.359+0000] {processor.py:753} INFO - DAG(s) dict_keys(['example_xcom']) retrieved from /home/airflow/.local/lib/python3.7/site-packages/airflow/example_dags/example_xcom.py
[2023-03-26T16:21:34.375+0000] {logging_mixin.py:137} INFO - [2023-03-26T16:21:34.375+0000] {dag.py:2693} INFO - Sync 1 DAGs
[2023-03-26T16:21:34.391+0000] {logging_mixin.py:137} INFO - [2023-03-26T16:21:34.391+0000] {dag.py:3444} INFO - Setting next_dagrun for example_xcom to 2021-01-01T00:00:00+00:00, run_after=2021-01-01T00:00:00+00:00
[2023-03-26T16:21:34.406+0000] {processor.py:175} INFO - Processing /home/airflow/.local/lib/python3.7/site-packages/airflow/example_dags/example_xcom.py took 0.063 seconds
[2023-03-26T16:22:04.958+0000] {processor.py:153} INFO - Started process (PID=507) to work on /home/airflow/.local/lib/python3.7/site-packages/airflow/example_dags/example_xcom.py
[2023-03-26T16:22:04.958+0000] {processor.py:743} INFO - Processing file /home/airflow/.local/lib/python3.7/site-packages/airflow/example_dags/example_xcom.py for tasks to queue
[2023-03-26T16:22:04.959+0000] {logging_mixin.py:137} INFO - [2023-03-26T16:22:04.959+0000] {dagbag.py:532} INFO - Filling up the DagBag from /home/airflow/.local/lib/python3.7/site-packages/airflow/example_dags/example_xcom.py
[2023-03-26T16:22:04.976+0000] {processor.py:753} INFO - DAG(s) dict_keys(['example_xcom']) retrieved from /home/airflow/.local/lib/python3.7/site-packages/airflow/example_dags/example_xcom.py
[2023-03-26T16:22:04.995+0000] {logging_mixin.py:137} INFO - [2023-03-26T16:22:04.995+0000] {dag.py:2693} INFO - Sync 1 DAGs
[2023-03-26T16:22:05.010+0000] {logging_mixin.py:137} INFO - [2023-03-26T16:22:05.009+0000] {dag.py:3444} INFO - Setting next_dagrun for example_xcom to 2021-01-01T00:00:00+00:00, run_after=2021-01-01T00:00:00+00:00
[2023-03-26T16:22:05.025+0000] {processor.py:175} INFO - Processing /home/airflow/.local/lib/python3.7/site-packages/airflow/example_dags/example_xcom.py took 0.070 seconds
[2023-03-26T16:22:35.950+0000] {processor.py:153} INFO - Started process (PID=556) to work on /home/airflow/.local/lib/python3.7/site-packages/airflow/example_dags/example_xcom.py
[2023-03-26T16:22:35.951+0000] {processor.py:743} INFO - Processing file /home/airflow/.local/lib/python3.7/site-packages/airflow/example_dags/example_xcom.py for tasks to queue
[2023-03-26T16:22:35.951+0000] {logging_mixin.py:137} INFO - [2023-03-26T16:22:35.951+0000] {dagbag.py:532} INFO - Filling up the DagBag from /home/airflow/.local/lib/python3.7/site-packages/airflow/example_dags/example_xcom.py
[2023-03-26T16:22:35.965+0000] {processor.py:753} INFO - DAG(s) dict_keys(['example_xcom']) retrieved from /home/airflow/.local/lib/python3.7/site-packages/airflow/example_dags/example_xcom.py
[2023-03-26T16:22:35.981+0000] {logging_mixin.py:137} INFO - [2023-03-26T16:22:35.981+0000] {dag.py:2693} INFO - Sync 1 DAGs
[2023-03-26T16:22:35.997+0000] {logging_mixin.py:137} INFO - [2023-03-26T16:22:35.997+0000] {dag.py:3444} INFO - Setting next_dagrun for example_xcom to 2021-01-01T00:00:00+00:00, run_after=2021-01-01T00:00:00+00:00
[2023-03-26T16:22:36.011+0000] {processor.py:175} INFO - Processing /home/airflow/.local/lib/python3.7/site-packages/airflow/example_dags/example_xcom.py took 0.063 seconds
[2023-03-26T16:23:06.882+0000] {processor.py:153} INFO - Started process (PID=605) to work on /home/airflow/.local/lib/python3.7/site-packages/airflow/example_dags/example_xcom.py
[2023-03-26T16:23:06.883+0000] {processor.py:743} INFO - Processing file /home/airflow/.local/lib/python3.7/site-packages/airflow/example_dags/example_xcom.py for tasks to queue
[2023-03-26T16:23:06.883+0000] {logging_mixin.py:137} INFO - [2023-03-26T16:23:06.883+0000] {dagbag.py:532} INFO - Filling up the DagBag from /home/airflow/.local/lib/python3.7/site-packages/airflow/example_dags/example_xcom.py
[2023-03-26T16:23:06.896+0000] {processor.py:753} INFO - DAG(s) dict_keys(['example_xcom']) retrieved from /home/airflow/.local/lib/python3.7/site-packages/airflow/example_dags/example_xcom.py
[2023-03-26T16:23:06.915+0000] {logging_mixin.py:137} INFO - [2023-03-26T16:23:06.915+0000] {dag.py:2693} INFO - Sync 1 DAGs
[2023-03-26T16:23:06.930+0000] {logging_mixin.py:137} INFO - [2023-03-26T16:23:06.930+0000] {dag.py:3444} INFO - Setting next_dagrun for example_xcom to 2021-01-01T00:00:00+00:00, run_after=2021-01-01T00:00:00+00:00
[2023-03-26T16:23:06.944+0000] {processor.py:175} INFO - Processing /home/airflow/.local/lib/python3.7/site-packages/airflow/example_dags/example_xcom.py took 0.065 seconds
[2023-03-26T16:23:37.697+0000] {processor.py:153} INFO - Started process (PID=654) to work on /home/airflow/.local/lib/python3.7/site-packages/airflow/example_dags/example_xcom.py
[2023-03-26T16:23:37.697+0000] {processor.py:743} INFO - Processing file /home/airflow/.local/lib/python3.7/site-packages/airflow/example_dags/example_xcom.py for tasks to queue
[2023-03-26T16:23:37.697+0000] {logging_mixin.py:137} INFO - [2023-03-26T16:23:37.697+0000] {dagbag.py:532} INFO - Filling up the DagBag from /home/airflow/.local/lib/python3.7/site-packages/airflow/example_dags/example_xcom.py
[2023-03-26T16:23:37.710+0000] {processor.py:753} INFO - DAG(s) dict_keys(['example_xcom']) retrieved from /home/airflow/.local/lib/python3.7/site-packages/airflow/example_dags/example_xcom.py
[2023-03-26T16:23:37.728+0000] {logging_mixin.py:137} INFO - [2023-03-26T16:23:37.728+0000] {dag.py:2693} INFO - Sync 1 DAGs
[2023-03-26T16:23:37.741+0000] {logging_mixin.py:137} INFO - [2023-03-26T16:23:37.741+0000] {dag.py:3444} INFO - Setting next_dagrun for example_xcom to 2021-01-01T00:00:00+00:00, run_after=2021-01-01T00:00:00+00:00
[2023-03-26T16:23:37.754+0000] {processor.py:175} INFO - Processing /home/airflow/.local/lib/python3.7/site-packages/airflow/example_dags/example_xcom.py took 0.060 seconds
[2023-03-26T16:24:08.407+0000] {processor.py:153} INFO - Started process (PID=703) to work on /home/airflow/.local/lib/python3.7/site-packages/airflow/example_dags/example_xcom.py
[2023-03-26T16:24:08.408+0000] {processor.py:743} INFO - Processing file /home/airflow/.local/lib/python3.7/site-packages/airflow/example_dags/example_xcom.py for tasks to queue
[2023-03-26T16:24:08.408+0000] {logging_mixin.py:137} INFO - [2023-03-26T16:24:08.408+0000] {dagbag.py:532} INFO - Filling up the DagBag from /home/airflow/.local/lib/python3.7/site-packages/airflow/example_dags/example_xcom.py
[2023-03-26T16:24:08.422+0000] {processor.py:753} INFO - DAG(s) dict_keys(['example_xcom']) retrieved from /home/airflow/.local/lib/python3.7/site-packages/airflow/example_dags/example_xcom.py
[2023-03-26T16:24:08.439+0000] {logging_mixin.py:137} INFO - [2023-03-26T16:24:08.439+0000] {dag.py:2693} INFO - Sync 1 DAGs
[2023-03-26T16:24:08.454+0000] {logging_mixin.py:137} INFO - [2023-03-26T16:24:08.454+0000] {dag.py:3444} INFO - Setting next_dagrun for example_xcom to 2021-01-01T00:00:00+00:00, run_after=2021-01-01T00:00:00+00:00
[2023-03-26T16:24:08.467+0000] {processor.py:175} INFO - Processing /home/airflow/.local/lib/python3.7/site-packages/airflow/example_dags/example_xcom.py took 0.062 seconds
[2023-03-26T16:24:39.254+0000] {processor.py:153} INFO - Started process (PID=752) to work on /home/airflow/.local/lib/python3.7/site-packages/airflow/example_dags/example_xcom.py
[2023-03-26T16:24:39.254+0000] {processor.py:743} INFO - Processing file /home/airflow/.local/lib/python3.7/site-packages/airflow/example_dags/example_xcom.py for tasks to queue
[2023-03-26T16:24:39.254+0000] {logging_mixin.py:137} INFO - [2023-03-26T16:24:39.254+0000] {dagbag.py:532} INFO - Filling up the DagBag from /home/airflow/.local/lib/python3.7/site-packages/airflow/example_dags/example_xcom.py
[2023-03-26T16:24:39.267+0000] {processor.py:753} INFO - DAG(s) dict_keys(['example_xcom']) retrieved from /home/airflow/.local/lib/python3.7/site-packages/airflow/example_dags/example_xcom.py
[2023-03-26T16:24:39.285+0000] {logging_mixin.py:137} INFO - [2023-03-26T16:24:39.285+0000] {dag.py:2693} INFO - Sync 1 DAGs
[2023-03-26T16:24:39.299+0000] {logging_mixin.py:137} INFO - [2023-03-26T16:24:39.299+0000] {dag.py:3444} INFO - Setting next_dagrun for example_xcom to 2021-01-01T00:00:00+00:00, run_after=2021-01-01T00:00:00+00:00
[2023-03-26T16:24:39.313+0000] {processor.py:175} INFO - Processing /home/airflow/.local/lib/python3.7/site-packages/airflow/example_dags/example_xcom.py took 0.061 seconds
[2023-03-26T16:25:09.856+0000] {processor.py:153} INFO - Started process (PID=801) to work on /home/airflow/.local/lib/python3.7/site-packages/airflow/example_dags/example_xcom.py
[2023-03-26T16:25:09.857+0000] {processor.py:743} INFO - Processing file /home/airflow/.local/lib/python3.7/site-packages/airflow/example_dags/example_xcom.py for tasks to queue
[2023-03-26T16:25:09.857+0000] {logging_mixin.py:137} INFO - [2023-03-26T16:25:09.857+0000] {dagbag.py:532} INFO - Filling up the DagBag from /home/airflow/.local/lib/python3.7/site-packages/airflow/example_dags/example_xcom.py
[2023-03-26T16:25:09.870+0000] {processor.py:753} INFO - DAG(s) dict_keys(['example_xcom']) retrieved from /home/airflow/.local/lib/python3.7/site-packages/airflow/example_dags/example_xcom.py
[2023-03-26T16:25:09.887+0000] {logging_mixin.py:137} INFO - [2023-03-26T16:25:09.886+0000] {dag.py:2693} INFO - Sync 1 DAGs
[2023-03-26T16:25:09.901+0000] {logging_mixin.py:137} INFO - [2023-03-26T16:25:09.901+0000] {dag.py:3444} INFO - Setting next_dagrun for example_xcom to 2021-01-01T00:00:00+00:00, run_after=2021-01-01T00:00:00+00:00
[2023-03-26T16:25:09.915+0000] {processor.py:175} INFO - Processing /home/airflow/.local/lib/python3.7/site-packages/airflow/example_dags/example_xcom.py took 0.061 seconds
[2023-03-26T16:25:40.596+0000] {processor.py:153} INFO - Started process (PID=850) to work on /home/airflow/.local/lib/python3.7/site-packages/airflow/example_dags/example_xcom.py
[2023-03-26T16:25:40.597+0000] {processor.py:743} INFO - Processing file /home/airflow/.local/lib/python3.7/site-packages/airflow/example_dags/example_xcom.py for tasks to queue
[2023-03-26T16:25:40.597+0000] {logging_mixin.py:137} INFO - [2023-03-26T16:25:40.597+0000] {dagbag.py:532} INFO - Filling up the DagBag from /home/airflow/.local/lib/python3.7/site-packages/airflow/example_dags/example_xcom.py
[2023-03-26T16:25:40.611+0000] {processor.py:753} INFO - DAG(s) dict_keys(['example_xcom']) retrieved from /home/airflow/.local/lib/python3.7/site-packages/airflow/example_dags/example_xcom.py
[2023-03-26T16:25:40.626+0000] {logging_mixin.py:137} INFO - [2023-03-26T16:25:40.626+0000] {dag.py:2693} INFO - Sync 1 DAGs
[2023-03-26T16:25:40.641+0000] {logging_mixin.py:137} INFO - [2023-03-26T16:25:40.641+0000] {dag.py:3444} INFO - Setting next_dagrun for example_xcom to 2021-01-01T00:00:00+00:00, run_after=2021-01-01T00:00:00+00:00
[2023-03-26T16:25:40.654+0000] {processor.py:175} INFO - Processing /home/airflow/.local/lib/python3.7/site-packages/airflow/example_dags/example_xcom.py took 0.059 seconds
[2023-03-26T16:26:33.309+0000] {processor.py:153} INFO - Started process (PID=66) to work on /home/airflow/.local/lib/python3.7/site-packages/airflow/example_dags/example_xcom.py
[2023-03-26T16:26:33.310+0000] {processor.py:743} INFO - Processing file /home/airflow/.local/lib/python3.7/site-packages/airflow/example_dags/example_xcom.py for tasks to queue
[2023-03-26T16:26:33.310+0000] {logging_mixin.py:137} INFO - [2023-03-26T16:26:33.310+0000] {dagbag.py:532} INFO - Filling up the DagBag from /home/airflow/.local/lib/python3.7/site-packages/airflow/example_dags/example_xcom.py
[2023-03-26T16:26:33.327+0000] {processor.py:753} INFO - DAG(s) dict_keys(['example_xcom']) retrieved from /home/airflow/.local/lib/python3.7/site-packages/airflow/example_dags/example_xcom.py
[2023-03-26T16:26:33.335+0000] {logging_mixin.py:137} INFO - [2023-03-26T16:26:33.335+0000] {dag.py:2693} INFO - Sync 1 DAGs
[2023-03-26T16:26:33.351+0000] {logging_mixin.py:137} INFO - [2023-03-26T16:26:33.351+0000] {dag.py:3444} INFO - Setting next_dagrun for example_xcom to 2021-01-01T00:00:00+00:00, run_after=2021-01-01T00:00:00+00:00
[2023-03-26T16:26:33.367+0000] {processor.py:175} INFO - Processing /home/airflow/.local/lib/python3.7/site-packages/airflow/example_dags/example_xcom.py took 0.060 seconds
[2023-03-26T16:27:03.912+0000] {processor.py:153} INFO - Started process (PID=116) to work on /home/airflow/.local/lib/python3.7/site-packages/airflow/example_dags/example_xcom.py
[2023-03-26T16:27:03.913+0000] {processor.py:743} INFO - Processing file /home/airflow/.local/lib/python3.7/site-packages/airflow/example_dags/example_xcom.py for tasks to queue
[2023-03-26T16:27:03.914+0000] {logging_mixin.py:137} INFO - [2023-03-26T16:27:03.914+0000] {dagbag.py:532} INFO - Filling up the DagBag from /home/airflow/.local/lib/python3.7/site-packages/airflow/example_dags/example_xcom.py
[2023-03-26T16:27:03.927+0000] {processor.py:753} INFO - DAG(s) dict_keys(['example_xcom']) retrieved from /home/airflow/.local/lib/python3.7/site-packages/airflow/example_dags/example_xcom.py
[2023-03-26T16:27:03.943+0000] {logging_mixin.py:137} INFO - [2023-03-26T16:27:03.943+0000] {dag.py:2693} INFO - Sync 1 DAGs
[2023-03-26T16:27:03.958+0000] {logging_mixin.py:137} INFO - [2023-03-26T16:27:03.958+0000] {dag.py:3444} INFO - Setting next_dagrun for example_xcom to 2021-01-01T00:00:00+00:00, run_after=2021-01-01T00:00:00+00:00
[2023-03-26T16:27:03.972+0000] {processor.py:175} INFO - Processing /home/airflow/.local/lib/python3.7/site-packages/airflow/example_dags/example_xcom.py took 0.062 seconds
[2023-03-26T16:27:34.639+0000] {processor.py:153} INFO - Started process (PID=166) to work on /home/airflow/.local/lib/python3.7/site-packages/airflow/example_dags/example_xcom.py
[2023-03-26T16:27:34.640+0000] {processor.py:743} INFO - Processing file /home/airflow/.local/lib/python3.7/site-packages/airflow/example_dags/example_xcom.py for tasks to queue
[2023-03-26T16:27:34.640+0000] {logging_mixin.py:137} INFO - [2023-03-26T16:27:34.640+0000] {dagbag.py:532} INFO - Filling up the DagBag from /home/airflow/.local/lib/python3.7/site-packages/airflow/example_dags/example_xcom.py
[2023-03-26T16:27:34.654+0000] {processor.py:753} INFO - DAG(s) dict_keys(['example_xcom']) retrieved from /home/airflow/.local/lib/python3.7/site-packages/airflow/example_dags/example_xcom.py
[2023-03-26T16:27:34.671+0000] {logging_mixin.py:137} INFO - [2023-03-26T16:27:34.671+0000] {dag.py:2693} INFO - Sync 1 DAGs
[2023-03-26T16:27:34.685+0000] {logging_mixin.py:137} INFO - [2023-03-26T16:27:34.685+0000] {dag.py:3444} INFO - Setting next_dagrun for example_xcom to 2021-01-01T00:00:00+00:00, run_after=2021-01-01T00:00:00+00:00
[2023-03-26T16:27:34.698+0000] {processor.py:175} INFO - Processing /home/airflow/.local/lib/python3.7/site-packages/airflow/example_dags/example_xcom.py took 0.060 seconds
[2023-03-26T16:28:05.305+0000] {processor.py:153} INFO - Started process (PID=215) to work on /home/airflow/.local/lib/python3.7/site-packages/airflow/example_dags/example_xcom.py
[2023-03-26T16:28:05.306+0000] {processor.py:743} INFO - Processing file /home/airflow/.local/lib/python3.7/site-packages/airflow/example_dags/example_xcom.py for tasks to queue
[2023-03-26T16:28:05.307+0000] {logging_mixin.py:137} INFO - [2023-03-26T16:28:05.307+0000] {dagbag.py:532} INFO - Filling up the DagBag from /home/airflow/.local/lib/python3.7/site-packages/airflow/example_dags/example_xcom.py
[2023-03-26T16:28:05.320+0000] {processor.py:753} INFO - DAG(s) dict_keys(['example_xcom']) retrieved from /home/airflow/.local/lib/python3.7/site-packages/airflow/example_dags/example_xcom.py
[2023-03-26T16:28:05.337+0000] {logging_mixin.py:137} INFO - [2023-03-26T16:28:05.337+0000] {dag.py:2693} INFO - Sync 1 DAGs
[2023-03-26T16:28:05.351+0000] {logging_mixin.py:137} INFO - [2023-03-26T16:28:05.351+0000] {dag.py:3444} INFO - Setting next_dagrun for example_xcom to 2021-01-01T00:00:00+00:00, run_after=2021-01-01T00:00:00+00:00
[2023-03-26T16:28:05.365+0000] {processor.py:175} INFO - Processing /home/airflow/.local/lib/python3.7/site-packages/airflow/example_dags/example_xcom.py took 0.061 seconds
[2023-03-26T16:28:35.932+0000] {processor.py:153} INFO - Started process (PID=264) to work on /home/airflow/.local/lib/python3.7/site-packages/airflow/example_dags/example_xcom.py
[2023-03-26T16:28:35.932+0000] {processor.py:743} INFO - Processing file /home/airflow/.local/lib/python3.7/site-packages/airflow/example_dags/example_xcom.py for tasks to queue
[2023-03-26T16:28:35.933+0000] {logging_mixin.py:137} INFO - [2023-03-26T16:28:35.933+0000] {dagbag.py:532} INFO - Filling up the DagBag from /home/airflow/.local/lib/python3.7/site-packages/airflow/example_dags/example_xcom.py
[2023-03-26T16:28:35.946+0000] {processor.py:753} INFO - DAG(s) dict_keys(['example_xcom']) retrieved from /home/airflow/.local/lib/python3.7/site-packages/airflow/example_dags/example_xcom.py
[2023-03-26T16:28:35.961+0000] {logging_mixin.py:137} INFO - [2023-03-26T16:28:35.961+0000] {dag.py:2693} INFO - Sync 1 DAGs
[2023-03-26T16:28:35.975+0000] {logging_mixin.py:137} INFO - [2023-03-26T16:28:35.975+0000] {dag.py:3444} INFO - Setting next_dagrun for example_xcom to 2021-01-01T00:00:00+00:00, run_after=2021-01-01T00:00:00+00:00
[2023-03-26T16:28:35.987+0000] {processor.py:175} INFO - Processing /home/airflow/.local/lib/python3.7/site-packages/airflow/example_dags/example_xcom.py took 0.057 seconds
[2023-03-26T16:48:47.542+0000] {processor.py:153} INFO - Started process (PID=65) to work on /home/airflow/.local/lib/python3.7/site-packages/airflow/example_dags/example_xcom.py
[2023-03-26T16:48:47.543+0000] {processor.py:743} INFO - Processing file /home/airflow/.local/lib/python3.7/site-packages/airflow/example_dags/example_xcom.py for tasks to queue
[2023-03-26T16:48:47.543+0000] {logging_mixin.py:137} INFO - [2023-03-26T16:48:47.543+0000] {dagbag.py:532} INFO - Filling up the DagBag from /home/airflow/.local/lib/python3.7/site-packages/airflow/example_dags/example_xcom.py
[2023-03-26T16:48:47.559+0000] {processor.py:753} INFO - DAG(s) dict_keys(['example_xcom']) retrieved from /home/airflow/.local/lib/python3.7/site-packages/airflow/example_dags/example_xcom.py
[2023-03-26T16:48:47.568+0000] {logging_mixin.py:137} INFO - [2023-03-26T16:48:47.568+0000] {dag.py:2693} INFO - Sync 1 DAGs
[2023-03-26T16:48:47.583+0000] {logging_mixin.py:137} INFO - [2023-03-26T16:48:47.583+0000] {dag.py:3444} INFO - Setting next_dagrun for example_xcom to 2021-01-01T00:00:00+00:00, run_after=2021-01-01T00:00:00+00:00
[2023-03-26T16:48:47.598+0000] {processor.py:175} INFO - Processing /home/airflow/.local/lib/python3.7/site-packages/airflow/example_dags/example_xcom.py took 0.058 seconds
[2023-03-26T16:49:18.114+0000] {processor.py:153} INFO - Started process (PID=114) to work on /home/airflow/.local/lib/python3.7/site-packages/airflow/example_dags/example_xcom.py
[2023-03-26T16:49:18.115+0000] {processor.py:743} INFO - Processing file /home/airflow/.local/lib/python3.7/site-packages/airflow/example_dags/example_xcom.py for tasks to queue
[2023-03-26T16:49:18.115+0000] {logging_mixin.py:137} INFO - [2023-03-26T16:49:18.115+0000] {dagbag.py:532} INFO - Filling up the DagBag from /home/airflow/.local/lib/python3.7/site-packages/airflow/example_dags/example_xcom.py
[2023-03-26T16:49:18.128+0000] {processor.py:753} INFO - DAG(s) dict_keys(['example_xcom']) retrieved from /home/airflow/.local/lib/python3.7/site-packages/airflow/example_dags/example_xcom.py
[2023-03-26T16:49:18.144+0000] {logging_mixin.py:137} INFO - [2023-03-26T16:49:18.144+0000] {dag.py:2693} INFO - Sync 1 DAGs
[2023-03-26T16:49:18.158+0000] {logging_mixin.py:137} INFO - [2023-03-26T16:49:18.158+0000] {dag.py:3444} INFO - Setting next_dagrun for example_xcom to 2021-01-01T00:00:00+00:00, run_after=2021-01-01T00:00:00+00:00
[2023-03-26T16:49:18.172+0000] {processor.py:175} INFO - Processing /home/airflow/.local/lib/python3.7/site-packages/airflow/example_dags/example_xcom.py took 0.059 seconds
[2023-03-26T16:49:48.673+0000] {processor.py:153} INFO - Started process (PID=163) to work on /home/airflow/.local/lib/python3.7/site-packages/airflow/example_dags/example_xcom.py
[2023-03-26T16:49:48.674+0000] {processor.py:743} INFO - Processing file /home/airflow/.local/lib/python3.7/site-packages/airflow/example_dags/example_xcom.py for tasks to queue
[2023-03-26T16:49:48.674+0000] {logging_mixin.py:137} INFO - [2023-03-26T16:49:48.674+0000] {dagbag.py:532} INFO - Filling up the DagBag from /home/airflow/.local/lib/python3.7/site-packages/airflow/example_dags/example_xcom.py
[2023-03-26T16:49:48.686+0000] {processor.py:753} INFO - DAG(s) dict_keys(['example_xcom']) retrieved from /home/airflow/.local/lib/python3.7/site-packages/airflow/example_dags/example_xcom.py
[2023-03-26T16:49:48.703+0000] {logging_mixin.py:137} INFO - [2023-03-26T16:49:48.702+0000] {dag.py:2693} INFO - Sync 1 DAGs
[2023-03-26T16:49:48.716+0000] {logging_mixin.py:137} INFO - [2023-03-26T16:49:48.716+0000] {dag.py:3444} INFO - Setting next_dagrun for example_xcom to 2021-01-01T00:00:00+00:00, run_after=2021-01-01T00:00:00+00:00
[2023-03-26T16:49:48.729+0000] {processor.py:175} INFO - Processing /home/airflow/.local/lib/python3.7/site-packages/airflow/example_dags/example_xcom.py took 0.057 seconds
[2023-03-26T16:50:19.317+0000] {processor.py:153} INFO - Started process (PID=212) to work on /home/airflow/.local/lib/python3.7/site-packages/airflow/example_dags/example_xcom.py
[2023-03-26T16:50:19.318+0000] {processor.py:743} INFO - Processing file /home/airflow/.local/lib/python3.7/site-packages/airflow/example_dags/example_xcom.py for tasks to queue
[2023-03-26T16:50:19.318+0000] {logging_mixin.py:137} INFO - [2023-03-26T16:50:19.318+0000] {dagbag.py:532} INFO - Filling up the DagBag from /home/airflow/.local/lib/python3.7/site-packages/airflow/example_dags/example_xcom.py
[2023-03-26T16:50:19.331+0000] {processor.py:753} INFO - DAG(s) dict_keys(['example_xcom']) retrieved from /home/airflow/.local/lib/python3.7/site-packages/airflow/example_dags/example_xcom.py
[2023-03-26T16:50:19.347+0000] {logging_mixin.py:137} INFO - [2023-03-26T16:50:19.347+0000] {dag.py:2693} INFO - Sync 1 DAGs
[2023-03-26T16:50:19.362+0000] {logging_mixin.py:137} INFO - [2023-03-26T16:50:19.361+0000] {dag.py:3444} INFO - Setting next_dagrun for example_xcom to 2021-01-01T00:00:00+00:00, run_after=2021-01-01T00:00:00+00:00
[2023-03-26T16:50:19.374+0000] {processor.py:175} INFO - Processing /home/airflow/.local/lib/python3.7/site-packages/airflow/example_dags/example_xcom.py took 0.059 seconds
[2023-03-26T16:50:49.907+0000] {processor.py:153} INFO - Started process (PID=261) to work on /home/airflow/.local/lib/python3.7/site-packages/airflow/example_dags/example_xcom.py
[2023-03-26T16:50:49.907+0000] {processor.py:743} INFO - Processing file /home/airflow/.local/lib/python3.7/site-packages/airflow/example_dags/example_xcom.py for tasks to queue
[2023-03-26T16:50:49.908+0000] {logging_mixin.py:137} INFO - [2023-03-26T16:50:49.908+0000] {dagbag.py:532} INFO - Filling up the DagBag from /home/airflow/.local/lib/python3.7/site-packages/airflow/example_dags/example_xcom.py
[2023-03-26T16:50:49.921+0000] {processor.py:753} INFO - DAG(s) dict_keys(['example_xcom']) retrieved from /home/airflow/.local/lib/python3.7/site-packages/airflow/example_dags/example_xcom.py
[2023-03-26T16:50:49.937+0000] {logging_mixin.py:137} INFO - [2023-03-26T16:50:49.937+0000] {dag.py:2693} INFO - Sync 1 DAGs
[2023-03-26T16:50:49.952+0000] {logging_mixin.py:137} INFO - [2023-03-26T16:50:49.952+0000] {dag.py:3444} INFO - Setting next_dagrun for example_xcom to 2021-01-01T00:00:00+00:00, run_after=2021-01-01T00:00:00+00:00
[2023-03-26T16:50:49.965+0000] {processor.py:175} INFO - Processing /home/airflow/.local/lib/python3.7/site-packages/airflow/example_dags/example_xcom.py took 0.060 seconds
[2023-03-26T16:51:20.629+0000] {processor.py:153} INFO - Started process (PID=310) to work on /home/airflow/.local/lib/python3.7/site-packages/airflow/example_dags/example_xcom.py
[2023-03-26T16:51:20.630+0000] {processor.py:743} INFO - Processing file /home/airflow/.local/lib/python3.7/site-packages/airflow/example_dags/example_xcom.py for tasks to queue
[2023-03-26T16:51:20.630+0000] {logging_mixin.py:137} INFO - [2023-03-26T16:51:20.630+0000] {dagbag.py:532} INFO - Filling up the DagBag from /home/airflow/.local/lib/python3.7/site-packages/airflow/example_dags/example_xcom.py
[2023-03-26T16:51:20.643+0000] {processor.py:753} INFO - DAG(s) dict_keys(['example_xcom']) retrieved from /home/airflow/.local/lib/python3.7/site-packages/airflow/example_dags/example_xcom.py
[2023-03-26T16:51:20.661+0000] {logging_mixin.py:137} INFO - [2023-03-26T16:51:20.660+0000] {dag.py:2693} INFO - Sync 1 DAGs
[2023-03-26T16:51:20.676+0000] {logging_mixin.py:137} INFO - [2023-03-26T16:51:20.676+0000] {dag.py:3444} INFO - Setting next_dagrun for example_xcom to 2021-01-01T00:00:00+00:00, run_after=2021-01-01T00:00:00+00:00
[2023-03-26T16:51:20.688+0000] {processor.py:175} INFO - Processing /home/airflow/.local/lib/python3.7/site-packages/airflow/example_dags/example_xcom.py took 0.061 seconds
[2023-03-26T16:51:51.417+0000] {processor.py:153} INFO - Started process (PID=359) to work on /home/airflow/.local/lib/python3.7/site-packages/airflow/example_dags/example_xcom.py
[2023-03-26T16:51:51.418+0000] {processor.py:743} INFO - Processing file /home/airflow/.local/lib/python3.7/site-packages/airflow/example_dags/example_xcom.py for tasks to queue
[2023-03-26T16:51:51.419+0000] {logging_mixin.py:137} INFO - [2023-03-26T16:51:51.418+0000] {dagbag.py:532} INFO - Filling up the DagBag from /home/airflow/.local/lib/python3.7/site-packages/airflow/example_dags/example_xcom.py
[2023-03-26T16:51:51.432+0000] {processor.py:753} INFO - DAG(s) dict_keys(['example_xcom']) retrieved from /home/airflow/.local/lib/python3.7/site-packages/airflow/example_dags/example_xcom.py
[2023-03-26T16:51:51.449+0000] {logging_mixin.py:137} INFO - [2023-03-26T16:51:51.448+0000] {dag.py:2693} INFO - Sync 1 DAGs
[2023-03-26T16:51:51.463+0000] {logging_mixin.py:137} INFO - [2023-03-26T16:51:51.462+0000] {dag.py:3444} INFO - Setting next_dagrun for example_xcom to 2021-01-01T00:00:00+00:00, run_after=2021-01-01T00:00:00+00:00
[2023-03-26T16:51:51.477+0000] {processor.py:175} INFO - Processing /home/airflow/.local/lib/python3.7/site-packages/airflow/example_dags/example_xcom.py took 0.061 seconds
[2023-03-26T16:52:22.204+0000] {processor.py:153} INFO - Started process (PID=408) to work on /home/airflow/.local/lib/python3.7/site-packages/airflow/example_dags/example_xcom.py
[2023-03-26T16:52:22.204+0000] {processor.py:743} INFO - Processing file /home/airflow/.local/lib/python3.7/site-packages/airflow/example_dags/example_xcom.py for tasks to queue
[2023-03-26T16:52:22.204+0000] {logging_mixin.py:137} INFO - [2023-03-26T16:52:22.204+0000] {dagbag.py:532} INFO - Filling up the DagBag from /home/airflow/.local/lib/python3.7/site-packages/airflow/example_dags/example_xcom.py
[2023-03-26T16:52:22.217+0000] {processor.py:753} INFO - DAG(s) dict_keys(['example_xcom']) retrieved from /home/airflow/.local/lib/python3.7/site-packages/airflow/example_dags/example_xcom.py
[2023-03-26T16:52:22.233+0000] {logging_mixin.py:137} INFO - [2023-03-26T16:52:22.233+0000] {dag.py:2693} INFO - Sync 1 DAGs
[2023-03-26T16:52:22.247+0000] {logging_mixin.py:137} INFO - [2023-03-26T16:52:22.247+0000] {dag.py:3444} INFO - Setting next_dagrun for example_xcom to 2021-01-01T00:00:00+00:00, run_after=2021-01-01T00:00:00+00:00
[2023-03-26T16:52:22.260+0000] {processor.py:175} INFO - Processing /home/airflow/.local/lib/python3.7/site-packages/airflow/example_dags/example_xcom.py took 0.059 seconds
[2023-03-26T16:52:52.716+0000] {processor.py:153} INFO - Started process (PID=457) to work on /home/airflow/.local/lib/python3.7/site-packages/airflow/example_dags/example_xcom.py
[2023-03-26T16:52:52.717+0000] {processor.py:743} INFO - Processing file /home/airflow/.local/lib/python3.7/site-packages/airflow/example_dags/example_xcom.py for tasks to queue
[2023-03-26T16:52:52.717+0000] {logging_mixin.py:137} INFO - [2023-03-26T16:52:52.717+0000] {dagbag.py:532} INFO - Filling up the DagBag from /home/airflow/.local/lib/python3.7/site-packages/airflow/example_dags/example_xcom.py
[2023-03-26T16:52:52.730+0000] {processor.py:753} INFO - DAG(s) dict_keys(['example_xcom']) retrieved from /home/airflow/.local/lib/python3.7/site-packages/airflow/example_dags/example_xcom.py
[2023-03-26T16:52:52.747+0000] {logging_mixin.py:137} INFO - [2023-03-26T16:52:52.747+0000] {dag.py:2693} INFO - Sync 1 DAGs
[2023-03-26T16:52:52.762+0000] {logging_mixin.py:137} INFO - [2023-03-26T16:52:52.762+0000] {dag.py:3444} INFO - Setting next_dagrun for example_xcom to 2021-01-01T00:00:00+00:00, run_after=2021-01-01T00:00:00+00:00
[2023-03-26T16:52:52.775+0000] {processor.py:175} INFO - Processing /home/airflow/.local/lib/python3.7/site-packages/airflow/example_dags/example_xcom.py took 0.062 seconds
[2023-03-26T16:53:23.318+0000] {processor.py:153} INFO - Started process (PID=506) to work on /home/airflow/.local/lib/python3.7/site-packages/airflow/example_dags/example_xcom.py
[2023-03-26T16:53:23.318+0000] {processor.py:743} INFO - Processing file /home/airflow/.local/lib/python3.7/site-packages/airflow/example_dags/example_xcom.py for tasks to queue
[2023-03-26T16:53:23.318+0000] {logging_mixin.py:137} INFO - [2023-03-26T16:53:23.318+0000] {dagbag.py:532} INFO - Filling up the DagBag from /home/airflow/.local/lib/python3.7/site-packages/airflow/example_dags/example_xcom.py
[2023-03-26T16:53:23.333+0000] {processor.py:753} INFO - DAG(s) dict_keys(['example_xcom']) retrieved from /home/airflow/.local/lib/python3.7/site-packages/airflow/example_dags/example_xcom.py
[2023-03-26T16:53:23.349+0000] {logging_mixin.py:137} INFO - [2023-03-26T16:53:23.348+0000] {dag.py:2693} INFO - Sync 1 DAGs
[2023-03-26T16:53:23.363+0000] {logging_mixin.py:137} INFO - [2023-03-26T16:53:23.363+0000] {dag.py:3444} INFO - Setting next_dagrun for example_xcom to 2021-01-01T00:00:00+00:00, run_after=2021-01-01T00:00:00+00:00
[2023-03-26T16:53:23.378+0000] {processor.py:175} INFO - Processing /home/airflow/.local/lib/python3.7/site-packages/airflow/example_dags/example_xcom.py took 0.062 seconds
[2023-03-26T16:53:53.992+0000] {processor.py:153} INFO - Started process (PID=555) to work on /home/airflow/.local/lib/python3.7/site-packages/airflow/example_dags/example_xcom.py
[2023-03-26T16:53:53.993+0000] {processor.py:743} INFO - Processing file /home/airflow/.local/lib/python3.7/site-packages/airflow/example_dags/example_xcom.py for tasks to queue
[2023-03-26T16:53:53.993+0000] {logging_mixin.py:137} INFO - [2023-03-26T16:53:53.993+0000] {dagbag.py:532} INFO - Filling up the DagBag from /home/airflow/.local/lib/python3.7/site-packages/airflow/example_dags/example_xcom.py
[2023-03-26T16:53:54.007+0000] {processor.py:753} INFO - DAG(s) dict_keys(['example_xcom']) retrieved from /home/airflow/.local/lib/python3.7/site-packages/airflow/example_dags/example_xcom.py
[2023-03-26T16:53:54.025+0000] {logging_mixin.py:137} INFO - [2023-03-26T16:53:54.025+0000] {dag.py:2693} INFO - Sync 1 DAGs
[2023-03-26T16:53:54.040+0000] {logging_mixin.py:137} INFO - [2023-03-26T16:53:54.040+0000] {dag.py:3444} INFO - Setting next_dagrun for example_xcom to 2021-01-01T00:00:00+00:00, run_after=2021-01-01T00:00:00+00:00
[2023-03-26T16:53:54.056+0000] {processor.py:175} INFO - Processing /home/airflow/.local/lib/python3.7/site-packages/airflow/example_dags/example_xcom.py took 0.066 seconds
[2023-03-26T16:54:24.783+0000] {processor.py:153} INFO - Started process (PID=604) to work on /home/airflow/.local/lib/python3.7/site-packages/airflow/example_dags/example_xcom.py
[2023-03-26T16:54:24.783+0000] {processor.py:743} INFO - Processing file /home/airflow/.local/lib/python3.7/site-packages/airflow/example_dags/example_xcom.py for tasks to queue
[2023-03-26T16:54:24.783+0000] {logging_mixin.py:137} INFO - [2023-03-26T16:54:24.783+0000] {dagbag.py:532} INFO - Filling up the DagBag from /home/airflow/.local/lib/python3.7/site-packages/airflow/example_dags/example_xcom.py
[2023-03-26T16:54:24.796+0000] {processor.py:753} INFO - DAG(s) dict_keys(['example_xcom']) retrieved from /home/airflow/.local/lib/python3.7/site-packages/airflow/example_dags/example_xcom.py
[2023-03-26T16:54:24.813+0000] {logging_mixin.py:137} INFO - [2023-03-26T16:54:24.813+0000] {dag.py:2693} INFO - Sync 1 DAGs
[2023-03-26T16:54:24.828+0000] {logging_mixin.py:137} INFO - [2023-03-26T16:54:24.828+0000] {dag.py:3444} INFO - Setting next_dagrun for example_xcom to 2021-01-01T00:00:00+00:00, run_after=2021-01-01T00:00:00+00:00
[2023-03-26T16:54:24.841+0000] {processor.py:175} INFO - Processing /home/airflow/.local/lib/python3.7/site-packages/airflow/example_dags/example_xcom.py took 0.061 seconds
[2023-03-26T16:54:55.732+0000] {processor.py:153} INFO - Started process (PID=653) to work on /home/airflow/.local/lib/python3.7/site-packages/airflow/example_dags/example_xcom.py
[2023-03-26T16:54:55.733+0000] {processor.py:743} INFO - Processing file /home/airflow/.local/lib/python3.7/site-packages/airflow/example_dags/example_xcom.py for tasks to queue
[2023-03-26T16:54:55.733+0000] {logging_mixin.py:137} INFO - [2023-03-26T16:54:55.733+0000] {dagbag.py:532} INFO - Filling up the DagBag from /home/airflow/.local/lib/python3.7/site-packages/airflow/example_dags/example_xcom.py
[2023-03-26T16:54:55.747+0000] {processor.py:753} INFO - DAG(s) dict_keys(['example_xcom']) retrieved from /home/airflow/.local/lib/python3.7/site-packages/airflow/example_dags/example_xcom.py
[2023-03-26T16:54:55.763+0000] {logging_mixin.py:137} INFO - [2023-03-26T16:54:55.763+0000] {dag.py:2693} INFO - Sync 1 DAGs
[2023-03-26T16:54:55.778+0000] {logging_mixin.py:137} INFO - [2023-03-26T16:54:55.777+0000] {dag.py:3444} INFO - Setting next_dagrun for example_xcom to 2021-01-01T00:00:00+00:00, run_after=2021-01-01T00:00:00+00:00
[2023-03-26T16:54:55.791+0000] {processor.py:175} INFO - Processing /home/airflow/.local/lib/python3.7/site-packages/airflow/example_dags/example_xcom.py took 0.060 seconds
[2023-03-26T16:55:26.365+0000] {processor.py:153} INFO - Started process (PID=702) to work on /home/airflow/.local/lib/python3.7/site-packages/airflow/example_dags/example_xcom.py
[2023-03-26T16:55:26.365+0000] {processor.py:743} INFO - Processing file /home/airflow/.local/lib/python3.7/site-packages/airflow/example_dags/example_xcom.py for tasks to queue
[2023-03-26T16:55:26.365+0000] {logging_mixin.py:137} INFO - [2023-03-26T16:55:26.365+0000] {dagbag.py:532} INFO - Filling up the DagBag from /home/airflow/.local/lib/python3.7/site-packages/airflow/example_dags/example_xcom.py
[2023-03-26T16:55:26.378+0000] {processor.py:753} INFO - DAG(s) dict_keys(['example_xcom']) retrieved from /home/airflow/.local/lib/python3.7/site-packages/airflow/example_dags/example_xcom.py
[2023-03-26T16:55:26.397+0000] {logging_mixin.py:137} INFO - [2023-03-26T16:55:26.396+0000] {dag.py:2693} INFO - Sync 1 DAGs
[2023-03-26T16:55:26.410+0000] {logging_mixin.py:137} INFO - [2023-03-26T16:55:26.410+0000] {dag.py:3444} INFO - Setting next_dagrun for example_xcom to 2021-01-01T00:00:00+00:00, run_after=2021-01-01T00:00:00+00:00
[2023-03-26T16:55:26.423+0000] {processor.py:175} INFO - Processing /home/airflow/.local/lib/python3.7/site-packages/airflow/example_dags/example_xcom.py took 0.061 seconds
[2023-03-26T16:55:56.914+0000] {processor.py:153} INFO - Started process (PID=751) to work on /home/airflow/.local/lib/python3.7/site-packages/airflow/example_dags/example_xcom.py
[2023-03-26T16:55:56.914+0000] {processor.py:743} INFO - Processing file /home/airflow/.local/lib/python3.7/site-packages/airflow/example_dags/example_xcom.py for tasks to queue
[2023-03-26T16:55:56.915+0000] {logging_mixin.py:137} INFO - [2023-03-26T16:55:56.915+0000] {dagbag.py:532} INFO - Filling up the DagBag from /home/airflow/.local/lib/python3.7/site-packages/airflow/example_dags/example_xcom.py
[2023-03-26T16:55:56.927+0000] {processor.py:753} INFO - DAG(s) dict_keys(['example_xcom']) retrieved from /home/airflow/.local/lib/python3.7/site-packages/airflow/example_dags/example_xcom.py
[2023-03-26T16:55:56.944+0000] {logging_mixin.py:137} INFO - [2023-03-26T16:55:56.944+0000] {dag.py:2693} INFO - Sync 1 DAGs
[2023-03-26T16:55:56.958+0000] {logging_mixin.py:137} INFO - [2023-03-26T16:55:56.958+0000] {dag.py:3444} INFO - Setting next_dagrun for example_xcom to 2021-01-01T00:00:00+00:00, run_after=2021-01-01T00:00:00+00:00
[2023-03-26T16:55:56.971+0000] {processor.py:175} INFO - Processing /home/airflow/.local/lib/python3.7/site-packages/airflow/example_dags/example_xcom.py took 0.059 seconds
[2023-03-26T16:56:27.597+0000] {processor.py:153} INFO - Started process (PID=800) to work on /home/airflow/.local/lib/python3.7/site-packages/airflow/example_dags/example_xcom.py
[2023-03-26T16:56:27.597+0000] {processor.py:743} INFO - Processing file /home/airflow/.local/lib/python3.7/site-packages/airflow/example_dags/example_xcom.py for tasks to queue
[2023-03-26T16:56:27.598+0000] {logging_mixin.py:137} INFO - [2023-03-26T16:56:27.598+0000] {dagbag.py:532} INFO - Filling up the DagBag from /home/airflow/.local/lib/python3.7/site-packages/airflow/example_dags/example_xcom.py
[2023-03-26T16:56:27.611+0000] {processor.py:753} INFO - DAG(s) dict_keys(['example_xcom']) retrieved from /home/airflow/.local/lib/python3.7/site-packages/airflow/example_dags/example_xcom.py
[2023-03-26T16:56:27.626+0000] {logging_mixin.py:137} INFO - [2023-03-26T16:56:27.626+0000] {dag.py:2693} INFO - Sync 1 DAGs
[2023-03-26T16:56:27.641+0000] {logging_mixin.py:137} INFO - [2023-03-26T16:56:27.640+0000] {dag.py:3444} INFO - Setting next_dagrun for example_xcom to 2021-01-01T00:00:00+00:00, run_after=2021-01-01T00:00:00+00:00
[2023-03-26T16:56:27.654+0000] {processor.py:175} INFO - Processing /home/airflow/.local/lib/python3.7/site-packages/airflow/example_dags/example_xcom.py took 0.059 seconds
[2023-03-26T16:56:58.379+0000] {processor.py:153} INFO - Started process (PID=849) to work on /home/airflow/.local/lib/python3.7/site-packages/airflow/example_dags/example_xcom.py
[2023-03-26T16:56:58.379+0000] {processor.py:743} INFO - Processing file /home/airflow/.local/lib/python3.7/site-packages/airflow/example_dags/example_xcom.py for tasks to queue
[2023-03-26T16:56:58.380+0000] {logging_mixin.py:137} INFO - [2023-03-26T16:56:58.380+0000] {dagbag.py:532} INFO - Filling up the DagBag from /home/airflow/.local/lib/python3.7/site-packages/airflow/example_dags/example_xcom.py
[2023-03-26T16:56:58.392+0000] {processor.py:753} INFO - DAG(s) dict_keys(['example_xcom']) retrieved from /home/airflow/.local/lib/python3.7/site-packages/airflow/example_dags/example_xcom.py
[2023-03-26T16:56:58.409+0000] {logging_mixin.py:137} INFO - [2023-03-26T16:56:58.409+0000] {dag.py:2693} INFO - Sync 1 DAGs
[2023-03-26T16:56:58.423+0000] {logging_mixin.py:137} INFO - [2023-03-26T16:56:58.423+0000] {dag.py:3444} INFO - Setting next_dagrun for example_xcom to 2021-01-01T00:00:00+00:00, run_after=2021-01-01T00:00:00+00:00
[2023-03-26T16:56:58.435+0000] {processor.py:175} INFO - Processing /home/airflow/.local/lib/python3.7/site-packages/airflow/example_dags/example_xcom.py took 0.058 seconds
[2023-03-26T16:57:28.898+0000] {processor.py:153} INFO - Started process (PID=898) to work on /home/airflow/.local/lib/python3.7/site-packages/airflow/example_dags/example_xcom.py
[2023-03-26T16:57:28.899+0000] {processor.py:743} INFO - Processing file /home/airflow/.local/lib/python3.7/site-packages/airflow/example_dags/example_xcom.py for tasks to queue
[2023-03-26T16:57:28.899+0000] {logging_mixin.py:137} INFO - [2023-03-26T16:57:28.899+0000] {dagbag.py:532} INFO - Filling up the DagBag from /home/airflow/.local/lib/python3.7/site-packages/airflow/example_dags/example_xcom.py
[2023-03-26T16:57:28.912+0000] {processor.py:753} INFO - DAG(s) dict_keys(['example_xcom']) retrieved from /home/airflow/.local/lib/python3.7/site-packages/airflow/example_dags/example_xcom.py
[2023-03-26T16:57:28.930+0000] {logging_mixin.py:137} INFO - [2023-03-26T16:57:28.929+0000] {dag.py:2693} INFO - Sync 1 DAGs
[2023-03-26T16:57:28.945+0000] {logging_mixin.py:137} INFO - [2023-03-26T16:57:28.945+0000] {dag.py:3444} INFO - Setting next_dagrun for example_xcom to 2021-01-01T00:00:00+00:00, run_after=2021-01-01T00:00:00+00:00
[2023-03-26T16:57:28.958+0000] {processor.py:175} INFO - Processing /home/airflow/.local/lib/python3.7/site-packages/airflow/example_dags/example_xcom.py took 0.062 seconds
[2023-03-26T16:57:59.474+0000] {processor.py:153} INFO - Started process (PID=947) to work on /home/airflow/.local/lib/python3.7/site-packages/airflow/example_dags/example_xcom.py
[2023-03-26T16:57:59.475+0000] {processor.py:743} INFO - Processing file /home/airflow/.local/lib/python3.7/site-packages/airflow/example_dags/example_xcom.py for tasks to queue
[2023-03-26T16:57:59.475+0000] {logging_mixin.py:137} INFO - [2023-03-26T16:57:59.475+0000] {dagbag.py:532} INFO - Filling up the DagBag from /home/airflow/.local/lib/python3.7/site-packages/airflow/example_dags/example_xcom.py
[2023-03-26T16:57:59.488+0000] {processor.py:753} INFO - DAG(s) dict_keys(['example_xcom']) retrieved from /home/airflow/.local/lib/python3.7/site-packages/airflow/example_dags/example_xcom.py
[2023-03-26T16:57:59.505+0000] {logging_mixin.py:137} INFO - [2023-03-26T16:57:59.505+0000] {dag.py:2693} INFO - Sync 1 DAGs
[2023-03-26T16:57:59.519+0000] {logging_mixin.py:137} INFO - [2023-03-26T16:57:59.519+0000] {dag.py:3444} INFO - Setting next_dagrun for example_xcom to 2021-01-01T00:00:00+00:00, run_after=2021-01-01T00:00:00+00:00
[2023-03-26T16:57:59.532+0000] {processor.py:175} INFO - Processing /home/airflow/.local/lib/python3.7/site-packages/airflow/example_dags/example_xcom.py took 0.060 seconds
[2023-03-26T16:58:30.276+0000] {processor.py:153} INFO - Started process (PID=996) to work on /home/airflow/.local/lib/python3.7/site-packages/airflow/example_dags/example_xcom.py
[2023-03-26T16:58:30.276+0000] {processor.py:743} INFO - Processing file /home/airflow/.local/lib/python3.7/site-packages/airflow/example_dags/example_xcom.py for tasks to queue
[2023-03-26T16:58:30.276+0000] {logging_mixin.py:137} INFO - [2023-03-26T16:58:30.276+0000] {dagbag.py:532} INFO - Filling up the DagBag from /home/airflow/.local/lib/python3.7/site-packages/airflow/example_dags/example_xcom.py
[2023-03-26T16:58:30.289+0000] {processor.py:753} INFO - DAG(s) dict_keys(['example_xcom']) retrieved from /home/airflow/.local/lib/python3.7/site-packages/airflow/example_dags/example_xcom.py
[2023-03-26T16:58:30.306+0000] {logging_mixin.py:137} INFO - [2023-03-26T16:58:30.306+0000] {dag.py:2693} INFO - Sync 1 DAGs
[2023-03-26T16:58:30.321+0000] {logging_mixin.py:137} INFO - [2023-03-26T16:58:30.321+0000] {dag.py:3444} INFO - Setting next_dagrun for example_xcom to 2021-01-01T00:00:00+00:00, run_after=2021-01-01T00:00:00+00:00
[2023-03-26T16:58:30.334+0000] {processor.py:175} INFO - Processing /home/airflow/.local/lib/python3.7/site-packages/airflow/example_dags/example_xcom.py took 0.060 seconds
[2023-03-26T16:59:01.011+0000] {processor.py:153} INFO - Started process (PID=1045) to work on /home/airflow/.local/lib/python3.7/site-packages/airflow/example_dags/example_xcom.py
[2023-03-26T16:59:01.011+0000] {processor.py:743} INFO - Processing file /home/airflow/.local/lib/python3.7/site-packages/airflow/example_dags/example_xcom.py for tasks to queue
[2023-03-26T16:59:01.012+0000] {logging_mixin.py:137} INFO - [2023-03-26T16:59:01.012+0000] {dagbag.py:532} INFO - Filling up the DagBag from /home/airflow/.local/lib/python3.7/site-packages/airflow/example_dags/example_xcom.py
[2023-03-26T16:59:01.025+0000] {processor.py:753} INFO - DAG(s) dict_keys(['example_xcom']) retrieved from /home/airflow/.local/lib/python3.7/site-packages/airflow/example_dags/example_xcom.py
[2023-03-26T16:59:01.042+0000] {logging_mixin.py:137} INFO - [2023-03-26T16:59:01.042+0000] {dag.py:2693} INFO - Sync 1 DAGs
[2023-03-26T16:59:01.055+0000] {logging_mixin.py:137} INFO - [2023-03-26T16:59:01.055+0000] {dag.py:3444} INFO - Setting next_dagrun for example_xcom to 2021-01-01T00:00:00+00:00, run_after=2021-01-01T00:00:00+00:00
[2023-03-26T16:59:01.067+0000] {processor.py:175} INFO - Processing /home/airflow/.local/lib/python3.7/site-packages/airflow/example_dags/example_xcom.py took 0.058 seconds
[2023-03-26T16:59:31.734+0000] {processor.py:153} INFO - Started process (PID=1094) to work on /home/airflow/.local/lib/python3.7/site-packages/airflow/example_dags/example_xcom.py
[2023-03-26T16:59:31.735+0000] {processor.py:743} INFO - Processing file /home/airflow/.local/lib/python3.7/site-packages/airflow/example_dags/example_xcom.py for tasks to queue
[2023-03-26T16:59:31.735+0000] {logging_mixin.py:137} INFO - [2023-03-26T16:59:31.735+0000] {dagbag.py:532} INFO - Filling up the DagBag from /home/airflow/.local/lib/python3.7/site-packages/airflow/example_dags/example_xcom.py
[2023-03-26T16:59:31.749+0000] {processor.py:753} INFO - DAG(s) dict_keys(['example_xcom']) retrieved from /home/airflow/.local/lib/python3.7/site-packages/airflow/example_dags/example_xcom.py
[2023-03-26T16:59:31.766+0000] {logging_mixin.py:137} INFO - [2023-03-26T16:59:31.766+0000] {dag.py:2693} INFO - Sync 1 DAGs
[2023-03-26T16:59:31.781+0000] {logging_mixin.py:137} INFO - [2023-03-26T16:59:31.781+0000] {dag.py:3444} INFO - Setting next_dagrun for example_xcom to 2021-01-01T00:00:00+00:00, run_after=2021-01-01T00:00:00+00:00
[2023-03-26T16:59:31.793+0000] {processor.py:175} INFO - Processing /home/airflow/.local/lib/python3.7/site-packages/airflow/example_dags/example_xcom.py took 0.061 seconds
[2023-03-26T17:00:02.334+0000] {processor.py:153} INFO - Started process (PID=1143) to work on /home/airflow/.local/lib/python3.7/site-packages/airflow/example_dags/example_xcom.py
[2023-03-26T17:00:02.335+0000] {processor.py:743} INFO - Processing file /home/airflow/.local/lib/python3.7/site-packages/airflow/example_dags/example_xcom.py for tasks to queue
[2023-03-26T17:00:02.335+0000] {logging_mixin.py:137} INFO - [2023-03-26T17:00:02.335+0000] {dagbag.py:532} INFO - Filling up the DagBag from /home/airflow/.local/lib/python3.7/site-packages/airflow/example_dags/example_xcom.py
[2023-03-26T17:00:02.348+0000] {processor.py:753} INFO - DAG(s) dict_keys(['example_xcom']) retrieved from /home/airflow/.local/lib/python3.7/site-packages/airflow/example_dags/example_xcom.py
[2023-03-26T17:00:02.364+0000] {logging_mixin.py:137} INFO - [2023-03-26T17:00:02.364+0000] {dag.py:2693} INFO - Sync 1 DAGs
[2023-03-26T17:00:02.378+0000] {logging_mixin.py:137} INFO - [2023-03-26T17:00:02.378+0000] {dag.py:3444} INFO - Setting next_dagrun for example_xcom to 2021-01-01T00:00:00+00:00, run_after=2021-01-01T00:00:00+00:00
[2023-03-26T17:00:02.393+0000] {processor.py:175} INFO - Processing /home/airflow/.local/lib/python3.7/site-packages/airflow/example_dags/example_xcom.py took 0.061 seconds
[2023-03-26T17:00:33.074+0000] {processor.py:153} INFO - Started process (PID=1192) to work on /home/airflow/.local/lib/python3.7/site-packages/airflow/example_dags/example_xcom.py
[2023-03-26T17:00:33.074+0000] {processor.py:743} INFO - Processing file /home/airflow/.local/lib/python3.7/site-packages/airflow/example_dags/example_xcom.py for tasks to queue
[2023-03-26T17:00:33.074+0000] {logging_mixin.py:137} INFO - [2023-03-26T17:00:33.074+0000] {dagbag.py:532} INFO - Filling up the DagBag from /home/airflow/.local/lib/python3.7/site-packages/airflow/example_dags/example_xcom.py
[2023-03-26T17:00:33.089+0000] {processor.py:753} INFO - DAG(s) dict_keys(['example_xcom']) retrieved from /home/airflow/.local/lib/python3.7/site-packages/airflow/example_dags/example_xcom.py
[2023-03-26T17:00:33.106+0000] {logging_mixin.py:137} INFO - [2023-03-26T17:00:33.106+0000] {dag.py:2693} INFO - Sync 1 DAGs
[2023-03-26T17:00:33.120+0000] {logging_mixin.py:137} INFO - [2023-03-26T17:00:33.120+0000] {dag.py:3444} INFO - Setting next_dagrun for example_xcom to 2021-01-01T00:00:00+00:00, run_after=2021-01-01T00:00:00+00:00
[2023-03-26T17:00:33.134+0000] {processor.py:175} INFO - Processing /home/airflow/.local/lib/python3.7/site-packages/airflow/example_dags/example_xcom.py took 0.062 seconds
