[2023-03-26T16:04:04.130+0000] {processor.py:153} INFO - Started process (PID=79) to work on /home/airflow/.local/lib/python3.7/site-packages/airflow/example_dags/example_short_circuit_decorator.py
[2023-03-26T16:04:04.130+0000] {processor.py:743} INFO - Processing file /home/airflow/.local/lib/python3.7/site-packages/airflow/example_dags/example_short_circuit_decorator.py for tasks to queue
[2023-03-26T16:04:04.131+0000] {logging_mixin.py:137} INFO - [2023-03-26T16:04:04.131+0000] {dagbag.py:532} INFO - Filling up the DagBag from /home/airflow/.local/lib/python3.7/site-packages/airflow/example_dags/example_short_circuit_decorator.py
[2023-03-26T16:04:04.148+0000] {processor.py:753} INFO - DAG(s) dict_keys(['example_short_circuit_decorator']) retrieved from /home/airflow/.local/lib/python3.7/site-packages/airflow/example_dags/example_short_circuit_decorator.py
[2023-03-26T16:04:04.225+0000] {logging_mixin.py:137} INFO - [2023-03-26T16:04:04.225+0000] {manager.py:504} INFO - Created Permission View: can read on DAG:example_short_circuit_decorator
[2023-03-26T16:04:04.234+0000] {logging_mixin.py:137} INFO - [2023-03-26T16:04:04.234+0000] {manager.py:504} INFO - Created Permission View: can edit on DAG:example_short_circuit_decorator
[2023-03-26T16:04:04.241+0000] {logging_mixin.py:137} INFO - [2023-03-26T16:04:04.241+0000] {manager.py:504} INFO - Created Permission View: can delete on DAG:example_short_circuit_decorator
[2023-03-26T16:04:04.241+0000] {logging_mixin.py:137} INFO - [2023-03-26T16:04:04.241+0000] {dag.py:2693} INFO - Sync 1 DAGs
[2023-03-26T16:04:04.248+0000] {logging_mixin.py:137} INFO - [2023-03-26T16:04:04.248+0000] {dag.py:2714} INFO - Creating ORM DAG for example_short_circuit_decorator
[2023-03-26T16:04:04.256+0000] {logging_mixin.py:137} INFO - [2023-03-26T16:04:04.255+0000] {dag.py:3444} INFO - Setting next_dagrun for example_short_circuit_decorator to 2023-03-25T16:04:04.255778+00:00, run_after=2023-03-26T16:04:04.255778+00:00
[2023-03-26T16:04:04.271+0000] {processor.py:175} INFO - Processing /home/airflow/.local/lib/python3.7/site-packages/airflow/example_dags/example_short_circuit_decorator.py took 0.143 seconds
[2023-03-26T16:04:34.783+0000] {processor.py:153} INFO - Started process (PID=128) to work on /home/airflow/.local/lib/python3.7/site-packages/airflow/example_dags/example_short_circuit_decorator.py
[2023-03-26T16:04:34.783+0000] {processor.py:743} INFO - Processing file /home/airflow/.local/lib/python3.7/site-packages/airflow/example_dags/example_short_circuit_decorator.py for tasks to queue
[2023-03-26T16:04:34.784+0000] {logging_mixin.py:137} INFO - [2023-03-26T16:04:34.783+0000] {dagbag.py:532} INFO - Filling up the DagBag from /home/airflow/.local/lib/python3.7/site-packages/airflow/example_dags/example_short_circuit_decorator.py
[2023-03-26T16:04:34.797+0000] {processor.py:753} INFO - DAG(s) dict_keys(['example_short_circuit_decorator']) retrieved from /home/airflow/.local/lib/python3.7/site-packages/airflow/example_dags/example_short_circuit_decorator.py
[2023-03-26T16:04:34.813+0000] {logging_mixin.py:137} INFO - [2023-03-26T16:04:34.813+0000] {dag.py:2693} INFO - Sync 1 DAGs
[2023-03-26T16:04:34.828+0000] {logging_mixin.py:137} INFO - [2023-03-26T16:04:34.827+0000] {dag.py:3444} INFO - Setting next_dagrun for example_short_circuit_decorator to 2023-03-25T16:04:34.827840+00:00, run_after=2023-03-26T16:04:34.827840+00:00
[2023-03-26T16:04:34.842+0000] {processor.py:175} INFO - Processing /home/airflow/.local/lib/python3.7/site-packages/airflow/example_dags/example_short_circuit_decorator.py took 0.061 seconds
[2023-03-26T16:05:05.395+0000] {processor.py:153} INFO - Started process (PID=177) to work on /home/airflow/.local/lib/python3.7/site-packages/airflow/example_dags/example_short_circuit_decorator.py
[2023-03-26T16:05:05.395+0000] {processor.py:743} INFO - Processing file /home/airflow/.local/lib/python3.7/site-packages/airflow/example_dags/example_short_circuit_decorator.py for tasks to queue
[2023-03-26T16:05:05.396+0000] {logging_mixin.py:137} INFO - [2023-03-26T16:05:05.396+0000] {dagbag.py:532} INFO - Filling up the DagBag from /home/airflow/.local/lib/python3.7/site-packages/airflow/example_dags/example_short_circuit_decorator.py
[2023-03-26T16:05:05.409+0000] {processor.py:753} INFO - DAG(s) dict_keys(['example_short_circuit_decorator']) retrieved from /home/airflow/.local/lib/python3.7/site-packages/airflow/example_dags/example_short_circuit_decorator.py
[2023-03-26T16:05:05.425+0000] {logging_mixin.py:137} INFO - [2023-03-26T16:05:05.425+0000] {dag.py:2693} INFO - Sync 1 DAGs
[2023-03-26T16:05:05.439+0000] {logging_mixin.py:137} INFO - [2023-03-26T16:05:05.438+0000] {dag.py:3444} INFO - Setting next_dagrun for example_short_circuit_decorator to 2023-03-25T16:05:05.438769+00:00, run_after=2023-03-26T16:05:05.438769+00:00
[2023-03-26T16:05:05.451+0000] {processor.py:175} INFO - Processing /home/airflow/.local/lib/python3.7/site-packages/airflow/example_dags/example_short_circuit_decorator.py took 0.058 seconds
[2023-03-26T16:05:35.984+0000] {processor.py:153} INFO - Started process (PID=225) to work on /home/airflow/.local/lib/python3.7/site-packages/airflow/example_dags/example_short_circuit_decorator.py
[2023-03-26T16:05:35.984+0000] {processor.py:743} INFO - Processing file /home/airflow/.local/lib/python3.7/site-packages/airflow/example_dags/example_short_circuit_decorator.py for tasks to queue
[2023-03-26T16:05:35.984+0000] {logging_mixin.py:137} INFO - [2023-03-26T16:05:35.984+0000] {dagbag.py:532} INFO - Filling up the DagBag from /home/airflow/.local/lib/python3.7/site-packages/airflow/example_dags/example_short_circuit_decorator.py
[2023-03-26T16:05:35.998+0000] {processor.py:753} INFO - DAG(s) dict_keys(['example_short_circuit_decorator']) retrieved from /home/airflow/.local/lib/python3.7/site-packages/airflow/example_dags/example_short_circuit_decorator.py
[2023-03-26T16:05:36.014+0000] {logging_mixin.py:137} INFO - [2023-03-26T16:05:36.014+0000] {dag.py:2693} INFO - Sync 1 DAGs
[2023-03-26T16:05:36.027+0000] {logging_mixin.py:137} INFO - [2023-03-26T16:05:36.027+0000] {dag.py:3444} INFO - Setting next_dagrun for example_short_circuit_decorator to 2023-03-25T16:05:36.027349+00:00, run_after=2023-03-26T16:05:36.027349+00:00
[2023-03-26T16:05:36.041+0000] {processor.py:175} INFO - Processing /home/airflow/.local/lib/python3.7/site-packages/airflow/example_dags/example_short_circuit_decorator.py took 0.059 seconds
[2023-03-26T16:06:06.618+0000] {processor.py:153} INFO - Started process (PID=274) to work on /home/airflow/.local/lib/python3.7/site-packages/airflow/example_dags/example_short_circuit_decorator.py
[2023-03-26T16:06:06.618+0000] {processor.py:743} INFO - Processing file /home/airflow/.local/lib/python3.7/site-packages/airflow/example_dags/example_short_circuit_decorator.py for tasks to queue
[2023-03-26T16:06:06.619+0000] {logging_mixin.py:137} INFO - [2023-03-26T16:06:06.618+0000] {dagbag.py:532} INFO - Filling up the DagBag from /home/airflow/.local/lib/python3.7/site-packages/airflow/example_dags/example_short_circuit_decorator.py
[2023-03-26T16:06:06.632+0000] {processor.py:753} INFO - DAG(s) dict_keys(['example_short_circuit_decorator']) retrieved from /home/airflow/.local/lib/python3.7/site-packages/airflow/example_dags/example_short_circuit_decorator.py
[2023-03-26T16:06:06.648+0000] {logging_mixin.py:137} INFO - [2023-03-26T16:06:06.648+0000] {dag.py:2693} INFO - Sync 1 DAGs
[2023-03-26T16:06:06.663+0000] {logging_mixin.py:137} INFO - [2023-03-26T16:06:06.663+0000] {dag.py:3444} INFO - Setting next_dagrun for example_short_circuit_decorator to 2023-03-25T16:06:06.663089+00:00, run_after=2023-03-26T16:06:06.663089+00:00
[2023-03-26T16:06:06.676+0000] {processor.py:175} INFO - Processing /home/airflow/.local/lib/python3.7/site-packages/airflow/example_dags/example_short_circuit_decorator.py took 0.061 seconds
[2023-03-26T16:06:37.215+0000] {processor.py:153} INFO - Started process (PID=323) to work on /home/airflow/.local/lib/python3.7/site-packages/airflow/example_dags/example_short_circuit_decorator.py
[2023-03-26T16:06:37.215+0000] {processor.py:743} INFO - Processing file /home/airflow/.local/lib/python3.7/site-packages/airflow/example_dags/example_short_circuit_decorator.py for tasks to queue
[2023-03-26T16:06:37.215+0000] {logging_mixin.py:137} INFO - [2023-03-26T16:06:37.215+0000] {dagbag.py:532} INFO - Filling up the DagBag from /home/airflow/.local/lib/python3.7/site-packages/airflow/example_dags/example_short_circuit_decorator.py
[2023-03-26T16:06:37.229+0000] {processor.py:753} INFO - DAG(s) dict_keys(['example_short_circuit_decorator']) retrieved from /home/airflow/.local/lib/python3.7/site-packages/airflow/example_dags/example_short_circuit_decorator.py
[2023-03-26T16:06:37.247+0000] {logging_mixin.py:137} INFO - [2023-03-26T16:06:37.247+0000] {dag.py:2693} INFO - Sync 1 DAGs
[2023-03-26T16:06:37.260+0000] {logging_mixin.py:137} INFO - [2023-03-26T16:06:37.260+0000] {dag.py:3444} INFO - Setting next_dagrun for example_short_circuit_decorator to 2023-03-25T16:06:37.260634+00:00, run_after=2023-03-26T16:06:37.260634+00:00
[2023-03-26T16:06:37.273+0000] {processor.py:175} INFO - Processing /home/airflow/.local/lib/python3.7/site-packages/airflow/example_dags/example_short_circuit_decorator.py took 0.060 seconds
[2023-03-26T16:07:07.855+0000] {processor.py:153} INFO - Started process (PID=372) to work on /home/airflow/.local/lib/python3.7/site-packages/airflow/example_dags/example_short_circuit_decorator.py
[2023-03-26T16:07:07.855+0000] {processor.py:743} INFO - Processing file /home/airflow/.local/lib/python3.7/site-packages/airflow/example_dags/example_short_circuit_decorator.py for tasks to queue
[2023-03-26T16:07:07.856+0000] {logging_mixin.py:137} INFO - [2023-03-26T16:07:07.856+0000] {dagbag.py:532} INFO - Filling up the DagBag from /home/airflow/.local/lib/python3.7/site-packages/airflow/example_dags/example_short_circuit_decorator.py
[2023-03-26T16:07:07.870+0000] {processor.py:753} INFO - DAG(s) dict_keys(['example_short_circuit_decorator']) retrieved from /home/airflow/.local/lib/python3.7/site-packages/airflow/example_dags/example_short_circuit_decorator.py
[2023-03-26T16:07:07.886+0000] {logging_mixin.py:137} INFO - [2023-03-26T16:07:07.886+0000] {dag.py:2693} INFO - Sync 1 DAGs
[2023-03-26T16:07:07.900+0000] {logging_mixin.py:137} INFO - [2023-03-26T16:07:07.900+0000] {dag.py:3444} INFO - Setting next_dagrun for example_short_circuit_decorator to 2023-03-25T16:07:07.900006+00:00, run_after=2023-03-26T16:07:07.900006+00:00
[2023-03-26T16:07:07.912+0000] {processor.py:175} INFO - Processing /home/airflow/.local/lib/python3.7/site-packages/airflow/example_dags/example_short_circuit_decorator.py took 0.059 seconds
[2023-03-26T16:07:38.521+0000] {processor.py:153} INFO - Started process (PID=421) to work on /home/airflow/.local/lib/python3.7/site-packages/airflow/example_dags/example_short_circuit_decorator.py
[2023-03-26T16:07:38.522+0000] {processor.py:743} INFO - Processing file /home/airflow/.local/lib/python3.7/site-packages/airflow/example_dags/example_short_circuit_decorator.py for tasks to queue
[2023-03-26T16:07:38.522+0000] {logging_mixin.py:137} INFO - [2023-03-26T16:07:38.522+0000] {dagbag.py:532} INFO - Filling up the DagBag from /home/airflow/.local/lib/python3.7/site-packages/airflow/example_dags/example_short_circuit_decorator.py
[2023-03-26T16:07:38.537+0000] {processor.py:753} INFO - DAG(s) dict_keys(['example_short_circuit_decorator']) retrieved from /home/airflow/.local/lib/python3.7/site-packages/airflow/example_dags/example_short_circuit_decorator.py
[2023-03-26T16:07:38.555+0000] {logging_mixin.py:137} INFO - [2023-03-26T16:07:38.555+0000] {dag.py:2693} INFO - Sync 1 DAGs
[2023-03-26T16:07:38.569+0000] {logging_mixin.py:137} INFO - [2023-03-26T16:07:38.569+0000] {dag.py:3444} INFO - Setting next_dagrun for example_short_circuit_decorator to 2023-03-25T16:07:38.569727+00:00, run_after=2023-03-26T16:07:38.569727+00:00
[2023-03-26T16:07:38.584+0000] {processor.py:175} INFO - Processing /home/airflow/.local/lib/python3.7/site-packages/airflow/example_dags/example_short_circuit_decorator.py took 0.064 seconds
[2023-03-26T16:08:09.119+0000] {processor.py:153} INFO - Started process (PID=470) to work on /home/airflow/.local/lib/python3.7/site-packages/airflow/example_dags/example_short_circuit_decorator.py
[2023-03-26T16:08:09.120+0000] {processor.py:743} INFO - Processing file /home/airflow/.local/lib/python3.7/site-packages/airflow/example_dags/example_short_circuit_decorator.py for tasks to queue
[2023-03-26T16:08:09.120+0000] {logging_mixin.py:137} INFO - [2023-03-26T16:08:09.120+0000] {dagbag.py:532} INFO - Filling up the DagBag from /home/airflow/.local/lib/python3.7/site-packages/airflow/example_dags/example_short_circuit_decorator.py
[2023-03-26T16:08:09.134+0000] {processor.py:753} INFO - DAG(s) dict_keys(['example_short_circuit_decorator']) retrieved from /home/airflow/.local/lib/python3.7/site-packages/airflow/example_dags/example_short_circuit_decorator.py
[2023-03-26T16:08:09.151+0000] {logging_mixin.py:137} INFO - [2023-03-26T16:08:09.151+0000] {dag.py:2693} INFO - Sync 1 DAGs
[2023-03-26T16:08:09.166+0000] {logging_mixin.py:137} INFO - [2023-03-26T16:08:09.165+0000] {dag.py:3444} INFO - Setting next_dagrun for example_short_circuit_decorator to 2023-03-25T16:08:09.165818+00:00, run_after=2023-03-26T16:08:09.165818+00:00
[2023-03-26T16:08:09.180+0000] {processor.py:175} INFO - Processing /home/airflow/.local/lib/python3.7/site-packages/airflow/example_dags/example_short_circuit_decorator.py took 0.063 seconds
[2023-03-26T16:08:39.852+0000] {processor.py:153} INFO - Started process (PID=519) to work on /home/airflow/.local/lib/python3.7/site-packages/airflow/example_dags/example_short_circuit_decorator.py
[2023-03-26T16:08:39.852+0000] {processor.py:743} INFO - Processing file /home/airflow/.local/lib/python3.7/site-packages/airflow/example_dags/example_short_circuit_decorator.py for tasks to queue
[2023-03-26T16:08:39.853+0000] {logging_mixin.py:137} INFO - [2023-03-26T16:08:39.853+0000] {dagbag.py:532} INFO - Filling up the DagBag from /home/airflow/.local/lib/python3.7/site-packages/airflow/example_dags/example_short_circuit_decorator.py
[2023-03-26T16:08:39.870+0000] {processor.py:753} INFO - DAG(s) dict_keys(['example_short_circuit_decorator']) retrieved from /home/airflow/.local/lib/python3.7/site-packages/airflow/example_dags/example_short_circuit_decorator.py
[2023-03-26T16:08:39.888+0000] {logging_mixin.py:137} INFO - [2023-03-26T16:08:39.888+0000] {dag.py:2693} INFO - Sync 1 DAGs
[2023-03-26T16:08:39.903+0000] {logging_mixin.py:137} INFO - [2023-03-26T16:08:39.903+0000] {dag.py:3444} INFO - Setting next_dagrun for example_short_circuit_decorator to 2023-03-25T16:08:39.902923+00:00, run_after=2023-03-26T16:08:39.902923+00:00
[2023-03-26T16:08:40.047+0000] {logging_mixin.py:137} INFO - [2023-03-26T16:08:40.047+0000] {process_utils.py:256} INFO - Waiting up to 5 seconds for processes to exit...
[2023-03-26T16:13:00.510+0000] {processor.py:153} INFO - Started process (PID=79) to work on /home/airflow/.local/lib/python3.7/site-packages/airflow/example_dags/example_short_circuit_decorator.py
[2023-03-26T16:13:00.512+0000] {processor.py:743} INFO - Processing file /home/airflow/.local/lib/python3.7/site-packages/airflow/example_dags/example_short_circuit_decorator.py for tasks to queue
[2023-03-26T16:13:00.512+0000] {logging_mixin.py:137} INFO - [2023-03-26T16:13:00.512+0000] {dagbag.py:532} INFO - Filling up the DagBag from /home/airflow/.local/lib/python3.7/site-packages/airflow/example_dags/example_short_circuit_decorator.py
[2023-03-26T16:13:00.530+0000] {processor.py:753} INFO - DAG(s) dict_keys(['example_short_circuit_decorator']) retrieved from /home/airflow/.local/lib/python3.7/site-packages/airflow/example_dags/example_short_circuit_decorator.py
[2023-03-26T16:13:00.540+0000] {logging_mixin.py:137} INFO - [2023-03-26T16:13:00.540+0000] {dag.py:2693} INFO - Sync 1 DAGs
[2023-03-26T16:13:00.556+0000] {logging_mixin.py:137} INFO - [2023-03-26T16:13:00.555+0000] {dag.py:3444} INFO - Setting next_dagrun for example_short_circuit_decorator to 2023-03-25T16:13:00.555737+00:00, run_after=2023-03-26T16:13:00.555737+00:00
[2023-03-26T16:13:00.573+0000] {processor.py:175} INFO - Processing /home/airflow/.local/lib/python3.7/site-packages/airflow/example_dags/example_short_circuit_decorator.py took 0.065 seconds
[2023-03-26T16:13:31.099+0000] {processor.py:153} INFO - Started process (PID=128) to work on /home/airflow/.local/lib/python3.7/site-packages/airflow/example_dags/example_short_circuit_decorator.py
[2023-03-26T16:13:31.100+0000] {processor.py:743} INFO - Processing file /home/airflow/.local/lib/python3.7/site-packages/airflow/example_dags/example_short_circuit_decorator.py for tasks to queue
[2023-03-26T16:13:31.100+0000] {logging_mixin.py:137} INFO - [2023-03-26T16:13:31.100+0000] {dagbag.py:532} INFO - Filling up the DagBag from /home/airflow/.local/lib/python3.7/site-packages/airflow/example_dags/example_short_circuit_decorator.py
[2023-03-26T16:13:31.115+0000] {processor.py:753} INFO - DAG(s) dict_keys(['example_short_circuit_decorator']) retrieved from /home/airflow/.local/lib/python3.7/site-packages/airflow/example_dags/example_short_circuit_decorator.py
[2023-03-26T16:13:31.131+0000] {logging_mixin.py:137} INFO - [2023-03-26T16:13:31.131+0000] {dag.py:2693} INFO - Sync 1 DAGs
[2023-03-26T16:13:31.146+0000] {logging_mixin.py:137} INFO - [2023-03-26T16:13:31.146+0000] {dag.py:3444} INFO - Setting next_dagrun for example_short_circuit_decorator to 2023-03-25T16:13:31.145959+00:00, run_after=2023-03-26T16:13:31.145959+00:00
[2023-03-26T16:13:31.160+0000] {processor.py:175} INFO - Processing /home/airflow/.local/lib/python3.7/site-packages/airflow/example_dags/example_short_circuit_decorator.py took 0.063 seconds
[2023-03-26T16:17:29.401+0000] {processor.py:153} INFO - Started process (PID=79) to work on /home/airflow/.local/lib/python3.7/site-packages/airflow/example_dags/example_short_circuit_decorator.py
[2023-03-26T16:17:29.402+0000] {processor.py:743} INFO - Processing file /home/airflow/.local/lib/python3.7/site-packages/airflow/example_dags/example_short_circuit_decorator.py for tasks to queue
[2023-03-26T16:17:29.403+0000] {logging_mixin.py:137} INFO - [2023-03-26T16:17:29.403+0000] {dagbag.py:532} INFO - Filling up the DagBag from /home/airflow/.local/lib/python3.7/site-packages/airflow/example_dags/example_short_circuit_decorator.py
[2023-03-26T16:17:29.419+0000] {processor.py:753} INFO - DAG(s) dict_keys(['example_short_circuit_decorator']) retrieved from /home/airflow/.local/lib/python3.7/site-packages/airflow/example_dags/example_short_circuit_decorator.py
[2023-03-26T16:17:29.429+0000] {logging_mixin.py:137} INFO - [2023-03-26T16:17:29.428+0000] {dag.py:2693} INFO - Sync 1 DAGs
[2023-03-26T16:17:29.443+0000] {logging_mixin.py:137} INFO - [2023-03-26T16:17:29.443+0000] {dag.py:3444} INFO - Setting next_dagrun for example_short_circuit_decorator to 2023-03-25T16:17:29.443449+00:00, run_after=2023-03-26T16:17:29.443449+00:00
[2023-03-26T16:17:29.460+0000] {processor.py:175} INFO - Processing /home/airflow/.local/lib/python3.7/site-packages/airflow/example_dags/example_short_circuit_decorator.py took 0.061 seconds
[2023-03-26T16:18:00.263+0000] {processor.py:153} INFO - Started process (PID=128) to work on /home/airflow/.local/lib/python3.7/site-packages/airflow/example_dags/example_short_circuit_decorator.py
[2023-03-26T16:18:00.263+0000] {processor.py:743} INFO - Processing file /home/airflow/.local/lib/python3.7/site-packages/airflow/example_dags/example_short_circuit_decorator.py for tasks to queue
[2023-03-26T16:18:00.264+0000] {logging_mixin.py:137} INFO - [2023-03-26T16:18:00.264+0000] {dagbag.py:532} INFO - Filling up the DagBag from /home/airflow/.local/lib/python3.7/site-packages/airflow/example_dags/example_short_circuit_decorator.py
[2023-03-26T16:18:00.278+0000] {processor.py:753} INFO - DAG(s) dict_keys(['example_short_circuit_decorator']) retrieved from /home/airflow/.local/lib/python3.7/site-packages/airflow/example_dags/example_short_circuit_decorator.py
[2023-03-26T16:18:00.294+0000] {logging_mixin.py:137} INFO - [2023-03-26T16:18:00.294+0000] {dag.py:2693} INFO - Sync 1 DAGs
[2023-03-26T16:18:00.308+0000] {logging_mixin.py:137} INFO - [2023-03-26T16:18:00.308+0000] {dag.py:3444} INFO - Setting next_dagrun for example_short_circuit_decorator to 2023-03-25T16:18:00.307943+00:00, run_after=2023-03-26T16:18:00.307943+00:00
[2023-03-26T16:18:00.320+0000] {processor.py:175} INFO - Processing /home/airflow/.local/lib/python3.7/site-packages/airflow/example_dags/example_short_circuit_decorator.py took 0.059 seconds
[2023-03-26T16:18:30.863+0000] {processor.py:153} INFO - Started process (PID=177) to work on /home/airflow/.local/lib/python3.7/site-packages/airflow/example_dags/example_short_circuit_decorator.py
[2023-03-26T16:18:30.863+0000] {processor.py:743} INFO - Processing file /home/airflow/.local/lib/python3.7/site-packages/airflow/example_dags/example_short_circuit_decorator.py for tasks to queue
[2023-03-26T16:18:30.863+0000] {logging_mixin.py:137} INFO - [2023-03-26T16:18:30.863+0000] {dagbag.py:532} INFO - Filling up the DagBag from /home/airflow/.local/lib/python3.7/site-packages/airflow/example_dags/example_short_circuit_decorator.py
[2023-03-26T16:18:30.878+0000] {processor.py:753} INFO - DAG(s) dict_keys(['example_short_circuit_decorator']) retrieved from /home/airflow/.local/lib/python3.7/site-packages/airflow/example_dags/example_short_circuit_decorator.py
[2023-03-26T16:18:30.896+0000] {logging_mixin.py:137} INFO - [2023-03-26T16:18:30.896+0000] {dag.py:2693} INFO - Sync 1 DAGs
[2023-03-26T16:18:30.912+0000] {logging_mixin.py:137} INFO - [2023-03-26T16:18:30.912+0000] {dag.py:3444} INFO - Setting next_dagrun for example_short_circuit_decorator to 2023-03-25T16:18:30.912418+00:00, run_after=2023-03-26T16:18:30.912418+00:00
[2023-03-26T16:18:30.928+0000] {processor.py:175} INFO - Processing /home/airflow/.local/lib/python3.7/site-packages/airflow/example_dags/example_short_circuit_decorator.py took 0.067 seconds
[2023-03-26T16:19:01.547+0000] {processor.py:153} INFO - Started process (PID=226) to work on /home/airflow/.local/lib/python3.7/site-packages/airflow/example_dags/example_short_circuit_decorator.py
[2023-03-26T16:19:01.548+0000] {processor.py:743} INFO - Processing file /home/airflow/.local/lib/python3.7/site-packages/airflow/example_dags/example_short_circuit_decorator.py for tasks to queue
[2023-03-26T16:19:01.548+0000] {logging_mixin.py:137} INFO - [2023-03-26T16:19:01.548+0000] {dagbag.py:532} INFO - Filling up the DagBag from /home/airflow/.local/lib/python3.7/site-packages/airflow/example_dags/example_short_circuit_decorator.py
[2023-03-26T16:19:01.562+0000] {processor.py:753} INFO - DAG(s) dict_keys(['example_short_circuit_decorator']) retrieved from /home/airflow/.local/lib/python3.7/site-packages/airflow/example_dags/example_short_circuit_decorator.py
[2023-03-26T16:19:01.578+0000] {logging_mixin.py:137} INFO - [2023-03-26T16:19:01.578+0000] {dag.py:2693} INFO - Sync 1 DAGs
[2023-03-26T16:19:01.591+0000] {logging_mixin.py:137} INFO - [2023-03-26T16:19:01.591+0000] {dag.py:3444} INFO - Setting next_dagrun for example_short_circuit_decorator to 2023-03-25T16:19:01.591394+00:00, run_after=2023-03-26T16:19:01.591394+00:00
[2023-03-26T16:19:01.608+0000] {processor.py:175} INFO - Processing /home/airflow/.local/lib/python3.7/site-packages/airflow/example_dags/example_short_circuit_decorator.py took 0.063 seconds
[2023-03-26T16:19:32.289+0000] {processor.py:153} INFO - Started process (PID=275) to work on /home/airflow/.local/lib/python3.7/site-packages/airflow/example_dags/example_short_circuit_decorator.py
[2023-03-26T16:19:32.290+0000] {processor.py:743} INFO - Processing file /home/airflow/.local/lib/python3.7/site-packages/airflow/example_dags/example_short_circuit_decorator.py for tasks to queue
[2023-03-26T16:19:32.290+0000] {logging_mixin.py:137} INFO - [2023-03-26T16:19:32.290+0000] {dagbag.py:532} INFO - Filling up the DagBag from /home/airflow/.local/lib/python3.7/site-packages/airflow/example_dags/example_short_circuit_decorator.py
[2023-03-26T16:19:32.303+0000] {processor.py:753} INFO - DAG(s) dict_keys(['example_short_circuit_decorator']) retrieved from /home/airflow/.local/lib/python3.7/site-packages/airflow/example_dags/example_short_circuit_decorator.py
[2023-03-26T16:19:32.320+0000] {logging_mixin.py:137} INFO - [2023-03-26T16:19:32.320+0000] {dag.py:2693} INFO - Sync 1 DAGs
[2023-03-26T16:19:32.335+0000] {logging_mixin.py:137} INFO - [2023-03-26T16:19:32.335+0000] {dag.py:3444} INFO - Setting next_dagrun for example_short_circuit_decorator to 2023-03-25T16:19:32.335074+00:00, run_after=2023-03-26T16:19:32.335074+00:00
[2023-03-26T16:19:32.348+0000] {processor.py:175} INFO - Processing /home/airflow/.local/lib/python3.7/site-packages/airflow/example_dags/example_short_circuit_decorator.py took 0.061 seconds
[2023-03-26T16:20:02.960+0000] {processor.py:153} INFO - Started process (PID=324) to work on /home/airflow/.local/lib/python3.7/site-packages/airflow/example_dags/example_short_circuit_decorator.py
[2023-03-26T16:20:02.960+0000] {processor.py:743} INFO - Processing file /home/airflow/.local/lib/python3.7/site-packages/airflow/example_dags/example_short_circuit_decorator.py for tasks to queue
[2023-03-26T16:20:02.961+0000] {logging_mixin.py:137} INFO - [2023-03-26T16:20:02.961+0000] {dagbag.py:532} INFO - Filling up the DagBag from /home/airflow/.local/lib/python3.7/site-packages/airflow/example_dags/example_short_circuit_decorator.py
[2023-03-26T16:20:02.975+0000] {processor.py:753} INFO - DAG(s) dict_keys(['example_short_circuit_decorator']) retrieved from /home/airflow/.local/lib/python3.7/site-packages/airflow/example_dags/example_short_circuit_decorator.py
[2023-03-26T16:20:02.991+0000] {logging_mixin.py:137} INFO - [2023-03-26T16:20:02.991+0000] {dag.py:2693} INFO - Sync 1 DAGs
[2023-03-26T16:20:03.004+0000] {logging_mixin.py:137} INFO - [2023-03-26T16:20:03.004+0000] {dag.py:3444} INFO - Setting next_dagrun for example_short_circuit_decorator to 2023-03-25T16:20:03.004541+00:00, run_after=2023-03-26T16:20:03.004541+00:00
[2023-03-26T16:20:03.017+0000] {processor.py:175} INFO - Processing /home/airflow/.local/lib/python3.7/site-packages/airflow/example_dags/example_short_circuit_decorator.py took 0.059 seconds
[2023-03-26T16:20:33.563+0000] {processor.py:153} INFO - Started process (PID=373) to work on /home/airflow/.local/lib/python3.7/site-packages/airflow/example_dags/example_short_circuit_decorator.py
[2023-03-26T16:20:33.564+0000] {processor.py:743} INFO - Processing file /home/airflow/.local/lib/python3.7/site-packages/airflow/example_dags/example_short_circuit_decorator.py for tasks to queue
[2023-03-26T16:20:33.564+0000] {logging_mixin.py:137} INFO - [2023-03-26T16:20:33.564+0000] {dagbag.py:532} INFO - Filling up the DagBag from /home/airflow/.local/lib/python3.7/site-packages/airflow/example_dags/example_short_circuit_decorator.py
[2023-03-26T16:20:33.578+0000] {processor.py:753} INFO - DAG(s) dict_keys(['example_short_circuit_decorator']) retrieved from /home/airflow/.local/lib/python3.7/site-packages/airflow/example_dags/example_short_circuit_decorator.py
[2023-03-26T16:20:33.595+0000] {logging_mixin.py:137} INFO - [2023-03-26T16:20:33.595+0000] {dag.py:2693} INFO - Sync 1 DAGs
[2023-03-26T16:20:33.610+0000] {logging_mixin.py:137} INFO - [2023-03-26T16:20:33.610+0000] {dag.py:3444} INFO - Setting next_dagrun for example_short_circuit_decorator to 2023-03-25T16:20:33.610169+00:00, run_after=2023-03-26T16:20:33.610169+00:00
[2023-03-26T16:20:33.624+0000] {processor.py:175} INFO - Processing /home/airflow/.local/lib/python3.7/site-packages/airflow/example_dags/example_short_circuit_decorator.py took 0.062 seconds
[2023-03-26T16:21:04.180+0000] {processor.py:153} INFO - Started process (PID=423) to work on /home/airflow/.local/lib/python3.7/site-packages/airflow/example_dags/example_short_circuit_decorator.py
[2023-03-26T16:21:04.181+0000] {processor.py:743} INFO - Processing file /home/airflow/.local/lib/python3.7/site-packages/airflow/example_dags/example_short_circuit_decorator.py for tasks to queue
[2023-03-26T16:21:04.181+0000] {logging_mixin.py:137} INFO - [2023-03-26T16:21:04.181+0000] {dagbag.py:532} INFO - Filling up the DagBag from /home/airflow/.local/lib/python3.7/site-packages/airflow/example_dags/example_short_circuit_decorator.py
[2023-03-26T16:21:04.195+0000] {processor.py:753} INFO - DAG(s) dict_keys(['example_short_circuit_decorator']) retrieved from /home/airflow/.local/lib/python3.7/site-packages/airflow/example_dags/example_short_circuit_decorator.py
[2023-03-26T16:21:04.211+0000] {logging_mixin.py:137} INFO - [2023-03-26T16:21:04.211+0000] {dag.py:2693} INFO - Sync 1 DAGs
[2023-03-26T16:21:04.225+0000] {logging_mixin.py:137} INFO - [2023-03-26T16:21:04.225+0000] {dag.py:3444} INFO - Setting next_dagrun for example_short_circuit_decorator to 2023-03-25T16:21:04.225618+00:00, run_after=2023-03-26T16:21:04.225618+00:00
[2023-03-26T16:21:04.237+0000] {processor.py:175} INFO - Processing /home/airflow/.local/lib/python3.7/site-packages/airflow/example_dags/example_short_circuit_decorator.py took 0.059 seconds
[2023-03-26T16:21:34.859+0000] {processor.py:153} INFO - Started process (PID=472) to work on /home/airflow/.local/lib/python3.7/site-packages/airflow/example_dags/example_short_circuit_decorator.py
[2023-03-26T16:21:34.859+0000] {processor.py:743} INFO - Processing file /home/airflow/.local/lib/python3.7/site-packages/airflow/example_dags/example_short_circuit_decorator.py for tasks to queue
[2023-03-26T16:21:34.860+0000] {logging_mixin.py:137} INFO - [2023-03-26T16:21:34.860+0000] {dagbag.py:532} INFO - Filling up the DagBag from /home/airflow/.local/lib/python3.7/site-packages/airflow/example_dags/example_short_circuit_decorator.py
[2023-03-26T16:21:34.873+0000] {processor.py:753} INFO - DAG(s) dict_keys(['example_short_circuit_decorator']) retrieved from /home/airflow/.local/lib/python3.7/site-packages/airflow/example_dags/example_short_circuit_decorator.py
[2023-03-26T16:21:34.892+0000] {logging_mixin.py:137} INFO - [2023-03-26T16:21:34.892+0000] {dag.py:2693} INFO - Sync 1 DAGs
[2023-03-26T16:21:34.907+0000] {logging_mixin.py:137} INFO - [2023-03-26T16:21:34.907+0000] {dag.py:3444} INFO - Setting next_dagrun for example_short_circuit_decorator to 2023-03-25T16:21:34.907212+00:00, run_after=2023-03-26T16:21:34.907212+00:00
[2023-03-26T16:21:34.919+0000] {processor.py:175} INFO - Processing /home/airflow/.local/lib/python3.7/site-packages/airflow/example_dags/example_short_circuit_decorator.py took 0.063 seconds
[2023-03-26T16:22:05.613+0000] {processor.py:153} INFO - Started process (PID=521) to work on /home/airflow/.local/lib/python3.7/site-packages/airflow/example_dags/example_short_circuit_decorator.py
[2023-03-26T16:22:05.614+0000] {processor.py:743} INFO - Processing file /home/airflow/.local/lib/python3.7/site-packages/airflow/example_dags/example_short_circuit_decorator.py for tasks to queue
[2023-03-26T16:22:05.614+0000] {logging_mixin.py:137} INFO - [2023-03-26T16:22:05.614+0000] {dagbag.py:532} INFO - Filling up the DagBag from /home/airflow/.local/lib/python3.7/site-packages/airflow/example_dags/example_short_circuit_decorator.py
[2023-03-26T16:22:05.628+0000] {processor.py:753} INFO - DAG(s) dict_keys(['example_short_circuit_decorator']) retrieved from /home/airflow/.local/lib/python3.7/site-packages/airflow/example_dags/example_short_circuit_decorator.py
[2023-03-26T16:22:05.647+0000] {logging_mixin.py:137} INFO - [2023-03-26T16:22:05.646+0000] {dag.py:2693} INFO - Sync 1 DAGs
[2023-03-26T16:22:05.661+0000] {logging_mixin.py:137} INFO - [2023-03-26T16:22:05.661+0000] {dag.py:3444} INFO - Setting next_dagrun for example_short_circuit_decorator to 2023-03-25T16:22:05.661185+00:00, run_after=2023-03-26T16:22:05.661185+00:00
[2023-03-26T16:22:05.678+0000] {processor.py:175} INFO - Processing /home/airflow/.local/lib/python3.7/site-packages/airflow/example_dags/example_short_circuit_decorator.py took 0.067 seconds
[2023-03-26T16:22:36.587+0000] {processor.py:153} INFO - Started process (PID=570) to work on /home/airflow/.local/lib/python3.7/site-packages/airflow/example_dags/example_short_circuit_decorator.py
[2023-03-26T16:22:36.587+0000] {processor.py:743} INFO - Processing file /home/airflow/.local/lib/python3.7/site-packages/airflow/example_dags/example_short_circuit_decorator.py for tasks to queue
[2023-03-26T16:22:36.588+0000] {logging_mixin.py:137} INFO - [2023-03-26T16:22:36.588+0000] {dagbag.py:532} INFO - Filling up the DagBag from /home/airflow/.local/lib/python3.7/site-packages/airflow/example_dags/example_short_circuit_decorator.py
[2023-03-26T16:22:36.603+0000] {processor.py:753} INFO - DAG(s) dict_keys(['example_short_circuit_decorator']) retrieved from /home/airflow/.local/lib/python3.7/site-packages/airflow/example_dags/example_short_circuit_decorator.py
[2023-03-26T16:22:36.620+0000] {logging_mixin.py:137} INFO - [2023-03-26T16:22:36.620+0000] {dag.py:2693} INFO - Sync 1 DAGs
[2023-03-26T16:22:36.635+0000] {logging_mixin.py:137} INFO - [2023-03-26T16:22:36.635+0000] {dag.py:3444} INFO - Setting next_dagrun for example_short_circuit_decorator to 2023-03-25T16:22:36.634897+00:00, run_after=2023-03-26T16:22:36.634897+00:00
[2023-03-26T16:22:36.650+0000] {processor.py:175} INFO - Processing /home/airflow/.local/lib/python3.7/site-packages/airflow/example_dags/example_short_circuit_decorator.py took 0.066 seconds
[2023-03-26T16:23:07.456+0000] {processor.py:153} INFO - Started process (PID=619) to work on /home/airflow/.local/lib/python3.7/site-packages/airflow/example_dags/example_short_circuit_decorator.py
[2023-03-26T16:23:07.456+0000] {processor.py:743} INFO - Processing file /home/airflow/.local/lib/python3.7/site-packages/airflow/example_dags/example_short_circuit_decorator.py for tasks to queue
[2023-03-26T16:23:07.457+0000] {logging_mixin.py:137} INFO - [2023-03-26T16:23:07.456+0000] {dagbag.py:532} INFO - Filling up the DagBag from /home/airflow/.local/lib/python3.7/site-packages/airflow/example_dags/example_short_circuit_decorator.py
[2023-03-26T16:23:07.476+0000] {processor.py:753} INFO - DAG(s) dict_keys(['example_short_circuit_decorator']) retrieved from /home/airflow/.local/lib/python3.7/site-packages/airflow/example_dags/example_short_circuit_decorator.py
[2023-03-26T16:23:07.504+0000] {logging_mixin.py:137} INFO - [2023-03-26T16:23:07.504+0000] {dag.py:2693} INFO - Sync 1 DAGs
[2023-03-26T16:23:07.531+0000] {logging_mixin.py:137} INFO - [2023-03-26T16:23:07.531+0000] {dag.py:3444} INFO - Setting next_dagrun for example_short_circuit_decorator to 2023-03-25T16:23:07.531512+00:00, run_after=2023-03-26T16:23:07.531512+00:00
[2023-03-26T16:23:07.554+0000] {processor.py:175} INFO - Processing /home/airflow/.local/lib/python3.7/site-packages/airflow/example_dags/example_short_circuit_decorator.py took 0.100 seconds
[2023-03-26T16:23:38.221+0000] {processor.py:153} INFO - Started process (PID=668) to work on /home/airflow/.local/lib/python3.7/site-packages/airflow/example_dags/example_short_circuit_decorator.py
[2023-03-26T16:23:38.222+0000] {processor.py:743} INFO - Processing file /home/airflow/.local/lib/python3.7/site-packages/airflow/example_dags/example_short_circuit_decorator.py for tasks to queue
[2023-03-26T16:23:38.222+0000] {logging_mixin.py:137} INFO - [2023-03-26T16:23:38.222+0000] {dagbag.py:532} INFO - Filling up the DagBag from /home/airflow/.local/lib/python3.7/site-packages/airflow/example_dags/example_short_circuit_decorator.py
[2023-03-26T16:23:38.235+0000] {processor.py:753} INFO - DAG(s) dict_keys(['example_short_circuit_decorator']) retrieved from /home/airflow/.local/lib/python3.7/site-packages/airflow/example_dags/example_short_circuit_decorator.py
[2023-03-26T16:23:38.253+0000] {logging_mixin.py:137} INFO - [2023-03-26T16:23:38.253+0000] {dag.py:2693} INFO - Sync 1 DAGs
[2023-03-26T16:23:38.268+0000] {logging_mixin.py:137} INFO - [2023-03-26T16:23:38.268+0000] {dag.py:3444} INFO - Setting next_dagrun for example_short_circuit_decorator to 2023-03-25T16:23:38.268011+00:00, run_after=2023-03-26T16:23:38.268011+00:00
[2023-03-26T16:23:38.282+0000] {processor.py:175} INFO - Processing /home/airflow/.local/lib/python3.7/site-packages/airflow/example_dags/example_short_circuit_decorator.py took 0.063 seconds
[2023-03-26T16:24:08.938+0000] {processor.py:153} INFO - Started process (PID=717) to work on /home/airflow/.local/lib/python3.7/site-packages/airflow/example_dags/example_short_circuit_decorator.py
[2023-03-26T16:24:08.938+0000] {processor.py:743} INFO - Processing file /home/airflow/.local/lib/python3.7/site-packages/airflow/example_dags/example_short_circuit_decorator.py for tasks to queue
[2023-03-26T16:24:08.938+0000] {logging_mixin.py:137} INFO - [2023-03-26T16:24:08.938+0000] {dagbag.py:532} INFO - Filling up the DagBag from /home/airflow/.local/lib/python3.7/site-packages/airflow/example_dags/example_short_circuit_decorator.py
[2023-03-26T16:24:08.953+0000] {processor.py:753} INFO - DAG(s) dict_keys(['example_short_circuit_decorator']) retrieved from /home/airflow/.local/lib/python3.7/site-packages/airflow/example_dags/example_short_circuit_decorator.py
[2023-03-26T16:24:08.971+0000] {logging_mixin.py:137} INFO - [2023-03-26T16:24:08.970+0000] {dag.py:2693} INFO - Sync 1 DAGs
[2023-03-26T16:24:08.985+0000] {logging_mixin.py:137} INFO - [2023-03-26T16:24:08.985+0000] {dag.py:3444} INFO - Setting next_dagrun for example_short_circuit_decorator to 2023-03-25T16:24:08.985039+00:00, run_after=2023-03-26T16:24:08.985039+00:00
[2023-03-26T16:24:09.000+0000] {processor.py:175} INFO - Processing /home/airflow/.local/lib/python3.7/site-packages/airflow/example_dags/example_short_circuit_decorator.py took 0.064 seconds
[2023-03-26T16:24:39.740+0000] {processor.py:153} INFO - Started process (PID=766) to work on /home/airflow/.local/lib/python3.7/site-packages/airflow/example_dags/example_short_circuit_decorator.py
[2023-03-26T16:24:39.741+0000] {processor.py:743} INFO - Processing file /home/airflow/.local/lib/python3.7/site-packages/airflow/example_dags/example_short_circuit_decorator.py for tasks to queue
[2023-03-26T16:24:39.741+0000] {logging_mixin.py:137} INFO - [2023-03-26T16:24:39.741+0000] {dagbag.py:532} INFO - Filling up the DagBag from /home/airflow/.local/lib/python3.7/site-packages/airflow/example_dags/example_short_circuit_decorator.py
[2023-03-26T16:24:39.755+0000] {processor.py:753} INFO - DAG(s) dict_keys(['example_short_circuit_decorator']) retrieved from /home/airflow/.local/lib/python3.7/site-packages/airflow/example_dags/example_short_circuit_decorator.py
[2023-03-26T16:24:39.771+0000] {logging_mixin.py:137} INFO - [2023-03-26T16:24:39.771+0000] {dag.py:2693} INFO - Sync 1 DAGs
[2023-03-26T16:24:39.786+0000] {logging_mixin.py:137} INFO - [2023-03-26T16:24:39.786+0000] {dag.py:3444} INFO - Setting next_dagrun for example_short_circuit_decorator to 2023-03-25T16:24:39.786268+00:00, run_after=2023-03-26T16:24:39.786268+00:00
[2023-03-26T16:24:39.801+0000] {processor.py:175} INFO - Processing /home/airflow/.local/lib/python3.7/site-packages/airflow/example_dags/example_short_circuit_decorator.py took 0.062 seconds
[2023-03-26T16:25:10.453+0000] {processor.py:153} INFO - Started process (PID=815) to work on /home/airflow/.local/lib/python3.7/site-packages/airflow/example_dags/example_short_circuit_decorator.py
[2023-03-26T16:25:10.453+0000] {processor.py:743} INFO - Processing file /home/airflow/.local/lib/python3.7/site-packages/airflow/example_dags/example_short_circuit_decorator.py for tasks to queue
[2023-03-26T16:25:10.453+0000] {logging_mixin.py:137} INFO - [2023-03-26T16:25:10.453+0000] {dagbag.py:532} INFO - Filling up the DagBag from /home/airflow/.local/lib/python3.7/site-packages/airflow/example_dags/example_short_circuit_decorator.py
[2023-03-26T16:25:10.467+0000] {processor.py:753} INFO - DAG(s) dict_keys(['example_short_circuit_decorator']) retrieved from /home/airflow/.local/lib/python3.7/site-packages/airflow/example_dags/example_short_circuit_decorator.py
[2023-03-26T16:25:10.483+0000] {logging_mixin.py:137} INFO - [2023-03-26T16:25:10.483+0000] {dag.py:2693} INFO - Sync 1 DAGs
[2023-03-26T16:25:10.497+0000] {logging_mixin.py:137} INFO - [2023-03-26T16:25:10.497+0000] {dag.py:3444} INFO - Setting next_dagrun for example_short_circuit_decorator to 2023-03-25T16:25:10.497716+00:00, run_after=2023-03-26T16:25:10.497716+00:00
[2023-03-26T16:25:10.511+0000] {processor.py:175} INFO - Processing /home/airflow/.local/lib/python3.7/site-packages/airflow/example_dags/example_short_circuit_decorator.py took 0.061 seconds
[2023-03-26T16:25:41.085+0000] {processor.py:153} INFO - Started process (PID=864) to work on /home/airflow/.local/lib/python3.7/site-packages/airflow/example_dags/example_short_circuit_decorator.py
[2023-03-26T16:25:41.086+0000] {processor.py:743} INFO - Processing file /home/airflow/.local/lib/python3.7/site-packages/airflow/example_dags/example_short_circuit_decorator.py for tasks to queue
[2023-03-26T16:25:41.086+0000] {logging_mixin.py:137} INFO - [2023-03-26T16:25:41.086+0000] {dagbag.py:532} INFO - Filling up the DagBag from /home/airflow/.local/lib/python3.7/site-packages/airflow/example_dags/example_short_circuit_decorator.py
[2023-03-26T16:25:41.100+0000] {processor.py:753} INFO - DAG(s) dict_keys(['example_short_circuit_decorator']) retrieved from /home/airflow/.local/lib/python3.7/site-packages/airflow/example_dags/example_short_circuit_decorator.py
[2023-03-26T16:25:41.116+0000] {logging_mixin.py:137} INFO - [2023-03-26T16:25:41.116+0000] {dag.py:2693} INFO - Sync 1 DAGs
[2023-03-26T16:25:41.130+0000] {logging_mixin.py:137} INFO - [2023-03-26T16:25:41.130+0000] {dag.py:3444} INFO - Setting next_dagrun for example_short_circuit_decorator to 2023-03-25T16:25:41.129990+00:00, run_after=2023-03-26T16:25:41.129990+00:00
[2023-03-26T16:25:41.143+0000] {processor.py:175} INFO - Processing /home/airflow/.local/lib/python3.7/site-packages/airflow/example_dags/example_short_circuit_decorator.py took 0.060 seconds
[2023-03-26T16:26:33.793+0000] {processor.py:153} INFO - Started process (PID=80) to work on /home/airflow/.local/lib/python3.7/site-packages/airflow/example_dags/example_short_circuit_decorator.py
[2023-03-26T16:26:33.794+0000] {processor.py:743} INFO - Processing file /home/airflow/.local/lib/python3.7/site-packages/airflow/example_dags/example_short_circuit_decorator.py for tasks to queue
[2023-03-26T16:26:33.794+0000] {logging_mixin.py:137} INFO - [2023-03-26T16:26:33.794+0000] {dagbag.py:532} INFO - Filling up the DagBag from /home/airflow/.local/lib/python3.7/site-packages/airflow/example_dags/example_short_circuit_decorator.py
[2023-03-26T16:26:33.812+0000] {processor.py:753} INFO - DAG(s) dict_keys(['example_short_circuit_decorator']) retrieved from /home/airflow/.local/lib/python3.7/site-packages/airflow/example_dags/example_short_circuit_decorator.py
[2023-03-26T16:26:33.821+0000] {logging_mixin.py:137} INFO - [2023-03-26T16:26:33.821+0000] {dag.py:2693} INFO - Sync 1 DAGs
[2023-03-26T16:26:33.838+0000] {logging_mixin.py:137} INFO - [2023-03-26T16:26:33.837+0000] {dag.py:3444} INFO - Setting next_dagrun for example_short_circuit_decorator to 2023-03-25T16:26:33.837760+00:00, run_after=2023-03-26T16:26:33.837760+00:00
[2023-03-26T16:26:33.854+0000] {processor.py:175} INFO - Processing /home/airflow/.local/lib/python3.7/site-packages/airflow/example_dags/example_short_circuit_decorator.py took 0.062 seconds
[2023-03-26T16:27:04.436+0000] {processor.py:153} INFO - Started process (PID=130) to work on /home/airflow/.local/lib/python3.7/site-packages/airflow/example_dags/example_short_circuit_decorator.py
[2023-03-26T16:27:04.436+0000] {processor.py:743} INFO - Processing file /home/airflow/.local/lib/python3.7/site-packages/airflow/example_dags/example_short_circuit_decorator.py for tasks to queue
[2023-03-26T16:27:04.437+0000] {logging_mixin.py:137} INFO - [2023-03-26T16:27:04.437+0000] {dagbag.py:532} INFO - Filling up the DagBag from /home/airflow/.local/lib/python3.7/site-packages/airflow/example_dags/example_short_circuit_decorator.py
[2023-03-26T16:27:04.451+0000] {processor.py:753} INFO - DAG(s) dict_keys(['example_short_circuit_decorator']) retrieved from /home/airflow/.local/lib/python3.7/site-packages/airflow/example_dags/example_short_circuit_decorator.py
[2023-03-26T16:27:04.467+0000] {logging_mixin.py:137} INFO - [2023-03-26T16:27:04.467+0000] {dag.py:2693} INFO - Sync 1 DAGs
[2023-03-26T16:27:04.482+0000] {logging_mixin.py:137} INFO - [2023-03-26T16:27:04.481+0000] {dag.py:3444} INFO - Setting next_dagrun for example_short_circuit_decorator to 2023-03-25T16:27:04.481800+00:00, run_after=2023-03-26T16:27:04.481800+00:00
[2023-03-26T16:27:04.494+0000] {processor.py:175} INFO - Processing /home/airflow/.local/lib/python3.7/site-packages/airflow/example_dags/example_short_circuit_decorator.py took 0.060 seconds
[2023-03-26T16:27:35.243+0000] {processor.py:153} INFO - Started process (PID=180) to work on /home/airflow/.local/lib/python3.7/site-packages/airflow/example_dags/example_short_circuit_decorator.py
[2023-03-26T16:27:35.244+0000] {processor.py:743} INFO - Processing file /home/airflow/.local/lib/python3.7/site-packages/airflow/example_dags/example_short_circuit_decorator.py for tasks to queue
[2023-03-26T16:27:35.244+0000] {logging_mixin.py:137} INFO - [2023-03-26T16:27:35.244+0000] {dagbag.py:532} INFO - Filling up the DagBag from /home/airflow/.local/lib/python3.7/site-packages/airflow/example_dags/example_short_circuit_decorator.py
[2023-03-26T16:27:35.258+0000] {processor.py:753} INFO - DAG(s) dict_keys(['example_short_circuit_decorator']) retrieved from /home/airflow/.local/lib/python3.7/site-packages/airflow/example_dags/example_short_circuit_decorator.py
[2023-03-26T16:27:35.274+0000] {logging_mixin.py:137} INFO - [2023-03-26T16:27:35.273+0000] {dag.py:2693} INFO - Sync 1 DAGs
[2023-03-26T16:27:35.287+0000] {logging_mixin.py:137} INFO - [2023-03-26T16:27:35.287+0000] {dag.py:3444} INFO - Setting next_dagrun for example_short_circuit_decorator to 2023-03-25T16:27:35.287560+00:00, run_after=2023-03-26T16:27:35.287560+00:00
[2023-03-26T16:27:35.300+0000] {processor.py:175} INFO - Processing /home/airflow/.local/lib/python3.7/site-packages/airflow/example_dags/example_short_circuit_decorator.py took 0.060 seconds
[2023-03-26T16:28:05.803+0000] {processor.py:153} INFO - Started process (PID=229) to work on /home/airflow/.local/lib/python3.7/site-packages/airflow/example_dags/example_short_circuit_decorator.py
[2023-03-26T16:28:05.803+0000] {processor.py:743} INFO - Processing file /home/airflow/.local/lib/python3.7/site-packages/airflow/example_dags/example_short_circuit_decorator.py for tasks to queue
[2023-03-26T16:28:05.804+0000] {logging_mixin.py:137} INFO - [2023-03-26T16:28:05.804+0000] {dagbag.py:532} INFO - Filling up the DagBag from /home/airflow/.local/lib/python3.7/site-packages/airflow/example_dags/example_short_circuit_decorator.py
[2023-03-26T16:28:05.818+0000] {processor.py:753} INFO - DAG(s) dict_keys(['example_short_circuit_decorator']) retrieved from /home/airflow/.local/lib/python3.7/site-packages/airflow/example_dags/example_short_circuit_decorator.py
[2023-03-26T16:28:05.836+0000] {logging_mixin.py:137} INFO - [2023-03-26T16:28:05.836+0000] {dag.py:2693} INFO - Sync 1 DAGs
[2023-03-26T16:28:05.850+0000] {logging_mixin.py:137} INFO - [2023-03-26T16:28:05.850+0000] {dag.py:3444} INFO - Setting next_dagrun for example_short_circuit_decorator to 2023-03-25T16:28:05.850035+00:00, run_after=2023-03-26T16:28:05.850035+00:00
[2023-03-26T16:28:05.864+0000] {processor.py:175} INFO - Processing /home/airflow/.local/lib/python3.7/site-packages/airflow/example_dags/example_short_circuit_decorator.py took 0.063 seconds
[2023-03-26T16:28:36.467+0000] {processor.py:153} INFO - Started process (PID=278) to work on /home/airflow/.local/lib/python3.7/site-packages/airflow/example_dags/example_short_circuit_decorator.py
[2023-03-26T16:28:36.468+0000] {processor.py:743} INFO - Processing file /home/airflow/.local/lib/python3.7/site-packages/airflow/example_dags/example_short_circuit_decorator.py for tasks to queue
[2023-03-26T16:28:36.468+0000] {logging_mixin.py:137} INFO - [2023-03-26T16:28:36.468+0000] {dagbag.py:532} INFO - Filling up the DagBag from /home/airflow/.local/lib/python3.7/site-packages/airflow/example_dags/example_short_circuit_decorator.py
[2023-03-26T16:28:36.482+0000] {processor.py:753} INFO - DAG(s) dict_keys(['example_short_circuit_decorator']) retrieved from /home/airflow/.local/lib/python3.7/site-packages/airflow/example_dags/example_short_circuit_decorator.py
[2023-03-26T16:28:36.498+0000] {logging_mixin.py:137} INFO - [2023-03-26T16:28:36.498+0000] {dag.py:2693} INFO - Sync 1 DAGs
[2023-03-26T16:28:36.513+0000] {logging_mixin.py:137} INFO - [2023-03-26T16:28:36.513+0000] {dag.py:3444} INFO - Setting next_dagrun for example_short_circuit_decorator to 2023-03-25T16:28:36.513048+00:00, run_after=2023-03-26T16:28:36.513048+00:00
[2023-03-26T16:28:36.527+0000] {processor.py:175} INFO - Processing /home/airflow/.local/lib/python3.7/site-packages/airflow/example_dags/example_short_circuit_decorator.py took 0.061 seconds
[2023-03-26T16:48:48.030+0000] {processor.py:153} INFO - Started process (PID=79) to work on /home/airflow/.local/lib/python3.7/site-packages/airflow/example_dags/example_short_circuit_decorator.py
[2023-03-26T16:48:48.031+0000] {processor.py:743} INFO - Processing file /home/airflow/.local/lib/python3.7/site-packages/airflow/example_dags/example_short_circuit_decorator.py for tasks to queue
[2023-03-26T16:48:48.031+0000] {logging_mixin.py:137} INFO - [2023-03-26T16:48:48.031+0000] {dagbag.py:532} INFO - Filling up the DagBag from /home/airflow/.local/lib/python3.7/site-packages/airflow/example_dags/example_short_circuit_decorator.py
[2023-03-26T16:48:48.048+0000] {processor.py:753} INFO - DAG(s) dict_keys(['example_short_circuit_decorator']) retrieved from /home/airflow/.local/lib/python3.7/site-packages/airflow/example_dags/example_short_circuit_decorator.py
[2023-03-26T16:48:48.057+0000] {logging_mixin.py:137} INFO - [2023-03-26T16:48:48.057+0000] {dag.py:2693} INFO - Sync 1 DAGs
[2023-03-26T16:48:48.074+0000] {logging_mixin.py:137} INFO - [2023-03-26T16:48:48.074+0000] {dag.py:3444} INFO - Setting next_dagrun for example_short_circuit_decorator to 2023-03-25T16:48:48.074034+00:00, run_after=2023-03-26T16:48:48.074034+00:00
[2023-03-26T16:48:48.090+0000] {processor.py:175} INFO - Processing /home/airflow/.local/lib/python3.7/site-packages/airflow/example_dags/example_short_circuit_decorator.py took 0.062 seconds
[2023-03-26T16:49:18.629+0000] {processor.py:153} INFO - Started process (PID=128) to work on /home/airflow/.local/lib/python3.7/site-packages/airflow/example_dags/example_short_circuit_decorator.py
[2023-03-26T16:49:18.630+0000] {processor.py:743} INFO - Processing file /home/airflow/.local/lib/python3.7/site-packages/airflow/example_dags/example_short_circuit_decorator.py for tasks to queue
[2023-03-26T16:49:18.630+0000] {logging_mixin.py:137} INFO - [2023-03-26T16:49:18.630+0000] {dagbag.py:532} INFO - Filling up the DagBag from /home/airflow/.local/lib/python3.7/site-packages/airflow/example_dags/example_short_circuit_decorator.py
[2023-03-26T16:49:18.645+0000] {processor.py:753} INFO - DAG(s) dict_keys(['example_short_circuit_decorator']) retrieved from /home/airflow/.local/lib/python3.7/site-packages/airflow/example_dags/example_short_circuit_decorator.py
[2023-03-26T16:49:18.660+0000] {logging_mixin.py:137} INFO - [2023-03-26T16:49:18.660+0000] {dag.py:2693} INFO - Sync 1 DAGs
[2023-03-26T16:49:18.675+0000] {logging_mixin.py:137} INFO - [2023-03-26T16:49:18.675+0000] {dag.py:3444} INFO - Setting next_dagrun for example_short_circuit_decorator to 2023-03-25T16:49:18.675112+00:00, run_after=2023-03-26T16:49:18.675112+00:00
[2023-03-26T16:49:18.689+0000] {processor.py:175} INFO - Processing /home/airflow/.local/lib/python3.7/site-packages/airflow/example_dags/example_short_circuit_decorator.py took 0.061 seconds
[2023-03-26T16:49:49.199+0000] {processor.py:153} INFO - Started process (PID=177) to work on /home/airflow/.local/lib/python3.7/site-packages/airflow/example_dags/example_short_circuit_decorator.py
[2023-03-26T16:49:49.200+0000] {processor.py:743} INFO - Processing file /home/airflow/.local/lib/python3.7/site-packages/airflow/example_dags/example_short_circuit_decorator.py for tasks to queue
[2023-03-26T16:49:49.200+0000] {logging_mixin.py:137} INFO - [2023-03-26T16:49:49.200+0000] {dagbag.py:532} INFO - Filling up the DagBag from /home/airflow/.local/lib/python3.7/site-packages/airflow/example_dags/example_short_circuit_decorator.py
[2023-03-26T16:49:49.214+0000] {processor.py:753} INFO - DAG(s) dict_keys(['example_short_circuit_decorator']) retrieved from /home/airflow/.local/lib/python3.7/site-packages/airflow/example_dags/example_short_circuit_decorator.py
[2023-03-26T16:49:49.231+0000] {logging_mixin.py:137} INFO - [2023-03-26T16:49:49.231+0000] {dag.py:2693} INFO - Sync 1 DAGs
[2023-03-26T16:49:49.244+0000] {logging_mixin.py:137} INFO - [2023-03-26T16:49:49.244+0000] {dag.py:3444} INFO - Setting next_dagrun for example_short_circuit_decorator to 2023-03-25T16:49:49.244344+00:00, run_after=2023-03-26T16:49:49.244344+00:00
[2023-03-26T16:49:49.257+0000] {processor.py:175} INFO - Processing /home/airflow/.local/lib/python3.7/site-packages/airflow/example_dags/example_short_circuit_decorator.py took 0.060 seconds
[2023-03-26T16:50:19.796+0000] {processor.py:153} INFO - Started process (PID=226) to work on /home/airflow/.local/lib/python3.7/site-packages/airflow/example_dags/example_short_circuit_decorator.py
[2023-03-26T16:50:19.796+0000] {processor.py:743} INFO - Processing file /home/airflow/.local/lib/python3.7/site-packages/airflow/example_dags/example_short_circuit_decorator.py for tasks to queue
[2023-03-26T16:50:19.797+0000] {logging_mixin.py:137} INFO - [2023-03-26T16:50:19.797+0000] {dagbag.py:532} INFO - Filling up the DagBag from /home/airflow/.local/lib/python3.7/site-packages/airflow/example_dags/example_short_circuit_decorator.py
[2023-03-26T16:50:19.811+0000] {processor.py:753} INFO - DAG(s) dict_keys(['example_short_circuit_decorator']) retrieved from /home/airflow/.local/lib/python3.7/site-packages/airflow/example_dags/example_short_circuit_decorator.py
[2023-03-26T16:50:19.827+0000] {logging_mixin.py:137} INFO - [2023-03-26T16:50:19.827+0000] {dag.py:2693} INFO - Sync 1 DAGs
[2023-03-26T16:50:19.841+0000] {logging_mixin.py:137} INFO - [2023-03-26T16:50:19.841+0000] {dag.py:3444} INFO - Setting next_dagrun for example_short_circuit_decorator to 2023-03-25T16:50:19.840888+00:00, run_after=2023-03-26T16:50:19.840888+00:00
[2023-03-26T16:50:19.856+0000] {processor.py:175} INFO - Processing /home/airflow/.local/lib/python3.7/site-packages/airflow/example_dags/example_short_circuit_decorator.py took 0.062 seconds
[2023-03-26T16:50:50.436+0000] {processor.py:153} INFO - Started process (PID=275) to work on /home/airflow/.local/lib/python3.7/site-packages/airflow/example_dags/example_short_circuit_decorator.py
[2023-03-26T16:50:50.436+0000] {processor.py:743} INFO - Processing file /home/airflow/.local/lib/python3.7/site-packages/airflow/example_dags/example_short_circuit_decorator.py for tasks to queue
[2023-03-26T16:50:50.437+0000] {logging_mixin.py:137} INFO - [2023-03-26T16:50:50.437+0000] {dagbag.py:532} INFO - Filling up the DagBag from /home/airflow/.local/lib/python3.7/site-packages/airflow/example_dags/example_short_circuit_decorator.py
[2023-03-26T16:50:50.451+0000] {processor.py:753} INFO - DAG(s) dict_keys(['example_short_circuit_decorator']) retrieved from /home/airflow/.local/lib/python3.7/site-packages/airflow/example_dags/example_short_circuit_decorator.py
[2023-03-26T16:50:50.466+0000] {logging_mixin.py:137} INFO - [2023-03-26T16:50:50.466+0000] {dag.py:2693} INFO - Sync 1 DAGs
[2023-03-26T16:50:50.481+0000] {logging_mixin.py:137} INFO - [2023-03-26T16:50:50.481+0000] {dag.py:3444} INFO - Setting next_dagrun for example_short_circuit_decorator to 2023-03-25T16:50:50.481191+00:00, run_after=2023-03-26T16:50:50.481191+00:00
[2023-03-26T16:50:50.493+0000] {processor.py:175} INFO - Processing /home/airflow/.local/lib/python3.7/site-packages/airflow/example_dags/example_short_circuit_decorator.py took 0.060 seconds
[2023-03-26T16:51:21.286+0000] {processor.py:153} INFO - Started process (PID=324) to work on /home/airflow/.local/lib/python3.7/site-packages/airflow/example_dags/example_short_circuit_decorator.py
[2023-03-26T16:51:21.286+0000] {processor.py:743} INFO - Processing file /home/airflow/.local/lib/python3.7/site-packages/airflow/example_dags/example_short_circuit_decorator.py for tasks to queue
[2023-03-26T16:51:21.287+0000] {logging_mixin.py:137} INFO - [2023-03-26T16:51:21.287+0000] {dagbag.py:532} INFO - Filling up the DagBag from /home/airflow/.local/lib/python3.7/site-packages/airflow/example_dags/example_short_circuit_decorator.py
[2023-03-26T16:51:21.300+0000] {processor.py:753} INFO - DAG(s) dict_keys(['example_short_circuit_decorator']) retrieved from /home/airflow/.local/lib/python3.7/site-packages/airflow/example_dags/example_short_circuit_decorator.py
[2023-03-26T16:51:21.316+0000] {logging_mixin.py:137} INFO - [2023-03-26T16:51:21.316+0000] {dag.py:2693} INFO - Sync 1 DAGs
[2023-03-26T16:51:21.330+0000] {logging_mixin.py:137} INFO - [2023-03-26T16:51:21.330+0000] {dag.py:3444} INFO - Setting next_dagrun for example_short_circuit_decorator to 2023-03-25T16:51:21.330482+00:00, run_after=2023-03-26T16:51:21.330482+00:00
[2023-03-26T16:51:21.343+0000] {processor.py:175} INFO - Processing /home/airflow/.local/lib/python3.7/site-packages/airflow/example_dags/example_short_circuit_decorator.py took 0.059 seconds
[2023-03-26T16:51:52.023+0000] {processor.py:153} INFO - Started process (PID=373) to work on /home/airflow/.local/lib/python3.7/site-packages/airflow/example_dags/example_short_circuit_decorator.py
[2023-03-26T16:51:52.024+0000] {processor.py:743} INFO - Processing file /home/airflow/.local/lib/python3.7/site-packages/airflow/example_dags/example_short_circuit_decorator.py for tasks to queue
[2023-03-26T16:51:52.024+0000] {logging_mixin.py:137} INFO - [2023-03-26T16:51:52.024+0000] {dagbag.py:532} INFO - Filling up the DagBag from /home/airflow/.local/lib/python3.7/site-packages/airflow/example_dags/example_short_circuit_decorator.py
[2023-03-26T16:51:52.038+0000] {processor.py:753} INFO - DAG(s) dict_keys(['example_short_circuit_decorator']) retrieved from /home/airflow/.local/lib/python3.7/site-packages/airflow/example_dags/example_short_circuit_decorator.py
[2023-03-26T16:51:52.055+0000] {logging_mixin.py:137} INFO - [2023-03-26T16:51:52.055+0000] {dag.py:2693} INFO - Sync 1 DAGs
[2023-03-26T16:51:52.068+0000] {logging_mixin.py:137} INFO - [2023-03-26T16:51:52.068+0000] {dag.py:3444} INFO - Setting next_dagrun for example_short_circuit_decorator to 2023-03-25T16:51:52.068481+00:00, run_after=2023-03-26T16:51:52.068481+00:00
[2023-03-26T16:51:52.083+0000] {processor.py:175} INFO - Processing /home/airflow/.local/lib/python3.7/site-packages/airflow/example_dags/example_short_circuit_decorator.py took 0.062 seconds
[2023-03-26T16:52:22.678+0000] {processor.py:153} INFO - Started process (PID=422) to work on /home/airflow/.local/lib/python3.7/site-packages/airflow/example_dags/example_short_circuit_decorator.py
[2023-03-26T16:52:22.679+0000] {processor.py:743} INFO - Processing file /home/airflow/.local/lib/python3.7/site-packages/airflow/example_dags/example_short_circuit_decorator.py for tasks to queue
[2023-03-26T16:52:22.679+0000] {logging_mixin.py:137} INFO - [2023-03-26T16:52:22.679+0000] {dagbag.py:532} INFO - Filling up the DagBag from /home/airflow/.local/lib/python3.7/site-packages/airflow/example_dags/example_short_circuit_decorator.py
[2023-03-26T16:52:22.693+0000] {processor.py:753} INFO - DAG(s) dict_keys(['example_short_circuit_decorator']) retrieved from /home/airflow/.local/lib/python3.7/site-packages/airflow/example_dags/example_short_circuit_decorator.py
[2023-03-26T16:52:22.709+0000] {logging_mixin.py:137} INFO - [2023-03-26T16:52:22.709+0000] {dag.py:2693} INFO - Sync 1 DAGs
[2023-03-26T16:52:22.724+0000] {logging_mixin.py:137} INFO - [2023-03-26T16:52:22.723+0000] {dag.py:3444} INFO - Setting next_dagrun for example_short_circuit_decorator to 2023-03-25T16:52:22.723811+00:00, run_after=2023-03-26T16:52:22.723811+00:00
[2023-03-26T16:52:22.736+0000] {processor.py:175} INFO - Processing /home/airflow/.local/lib/python3.7/site-packages/airflow/example_dags/example_short_circuit_decorator.py took 0.059 seconds
[2023-03-26T16:52:53.200+0000] {processor.py:153} INFO - Started process (PID=471) to work on /home/airflow/.local/lib/python3.7/site-packages/airflow/example_dags/example_short_circuit_decorator.py
[2023-03-26T16:52:53.201+0000] {processor.py:743} INFO - Processing file /home/airflow/.local/lib/python3.7/site-packages/airflow/example_dags/example_short_circuit_decorator.py for tasks to queue
[2023-03-26T16:52:53.201+0000] {logging_mixin.py:137} INFO - [2023-03-26T16:52:53.201+0000] {dagbag.py:532} INFO - Filling up the DagBag from /home/airflow/.local/lib/python3.7/site-packages/airflow/example_dags/example_short_circuit_decorator.py
[2023-03-26T16:52:53.215+0000] {processor.py:753} INFO - DAG(s) dict_keys(['example_short_circuit_decorator']) retrieved from /home/airflow/.local/lib/python3.7/site-packages/airflow/example_dags/example_short_circuit_decorator.py
[2023-03-26T16:52:53.231+0000] {logging_mixin.py:137} INFO - [2023-03-26T16:52:53.231+0000] {dag.py:2693} INFO - Sync 1 DAGs
[2023-03-26T16:52:53.246+0000] {logging_mixin.py:137} INFO - [2023-03-26T16:52:53.245+0000] {dag.py:3444} INFO - Setting next_dagrun for example_short_circuit_decorator to 2023-03-25T16:52:53.245750+00:00, run_after=2023-03-26T16:52:53.245750+00:00
[2023-03-26T16:52:53.259+0000] {processor.py:175} INFO - Processing /home/airflow/.local/lib/python3.7/site-packages/airflow/example_dags/example_short_circuit_decorator.py took 0.061 seconds
[2023-03-26T16:53:23.857+0000] {processor.py:153} INFO - Started process (PID=520) to work on /home/airflow/.local/lib/python3.7/site-packages/airflow/example_dags/example_short_circuit_decorator.py
[2023-03-26T16:53:23.858+0000] {processor.py:743} INFO - Processing file /home/airflow/.local/lib/python3.7/site-packages/airflow/example_dags/example_short_circuit_decorator.py for tasks to queue
[2023-03-26T16:53:23.858+0000] {logging_mixin.py:137} INFO - [2023-03-26T16:53:23.858+0000] {dagbag.py:532} INFO - Filling up the DagBag from /home/airflow/.local/lib/python3.7/site-packages/airflow/example_dags/example_short_circuit_decorator.py
[2023-03-26T16:53:23.872+0000] {processor.py:753} INFO - DAG(s) dict_keys(['example_short_circuit_decorator']) retrieved from /home/airflow/.local/lib/python3.7/site-packages/airflow/example_dags/example_short_circuit_decorator.py
[2023-03-26T16:53:23.889+0000] {logging_mixin.py:137} INFO - [2023-03-26T16:53:23.888+0000] {dag.py:2693} INFO - Sync 1 DAGs
[2023-03-26T16:53:23.902+0000] {logging_mixin.py:137} INFO - [2023-03-26T16:53:23.902+0000] {dag.py:3444} INFO - Setting next_dagrun for example_short_circuit_decorator to 2023-03-25T16:53:23.902292+00:00, run_after=2023-03-26T16:53:23.902292+00:00
[2023-03-26T16:53:23.916+0000] {processor.py:175} INFO - Processing /home/airflow/.local/lib/python3.7/site-packages/airflow/example_dags/example_short_circuit_decorator.py took 0.060 seconds
[2023-03-26T16:53:54.610+0000] {processor.py:153} INFO - Started process (PID=569) to work on /home/airflow/.local/lib/python3.7/site-packages/airflow/example_dags/example_short_circuit_decorator.py
[2023-03-26T16:53:54.611+0000] {processor.py:743} INFO - Processing file /home/airflow/.local/lib/python3.7/site-packages/airflow/example_dags/example_short_circuit_decorator.py for tasks to queue
[2023-03-26T16:53:54.611+0000] {logging_mixin.py:137} INFO - [2023-03-26T16:53:54.611+0000] {dagbag.py:532} INFO - Filling up the DagBag from /home/airflow/.local/lib/python3.7/site-packages/airflow/example_dags/example_short_circuit_decorator.py
[2023-03-26T16:53:54.626+0000] {processor.py:753} INFO - DAG(s) dict_keys(['example_short_circuit_decorator']) retrieved from /home/airflow/.local/lib/python3.7/site-packages/airflow/example_dags/example_short_circuit_decorator.py
[2023-03-26T16:53:54.644+0000] {logging_mixin.py:137} INFO - [2023-03-26T16:53:54.644+0000] {dag.py:2693} INFO - Sync 1 DAGs
[2023-03-26T16:53:54.662+0000] {logging_mixin.py:137} INFO - [2023-03-26T16:53:54.662+0000] {dag.py:3444} INFO - Setting next_dagrun for example_short_circuit_decorator to 2023-03-25T16:53:54.662622+00:00, run_after=2023-03-26T16:53:54.662622+00:00
[2023-03-26T16:53:54.678+0000] {processor.py:175} INFO - Processing /home/airflow/.local/lib/python3.7/site-packages/airflow/example_dags/example_short_circuit_decorator.py took 0.070 seconds
[2023-03-26T16:54:25.385+0000] {processor.py:153} INFO - Started process (PID=618) to work on /home/airflow/.local/lib/python3.7/site-packages/airflow/example_dags/example_short_circuit_decorator.py
[2023-03-26T16:54:25.385+0000] {processor.py:743} INFO - Processing file /home/airflow/.local/lib/python3.7/site-packages/airflow/example_dags/example_short_circuit_decorator.py for tasks to queue
[2023-03-26T16:54:25.385+0000] {logging_mixin.py:137} INFO - [2023-03-26T16:54:25.385+0000] {dagbag.py:532} INFO - Filling up the DagBag from /home/airflow/.local/lib/python3.7/site-packages/airflow/example_dags/example_short_circuit_decorator.py
[2023-03-26T16:54:25.399+0000] {processor.py:753} INFO - DAG(s) dict_keys(['example_short_circuit_decorator']) retrieved from /home/airflow/.local/lib/python3.7/site-packages/airflow/example_dags/example_short_circuit_decorator.py
[2023-03-26T16:54:25.418+0000] {logging_mixin.py:137} INFO - [2023-03-26T16:54:25.417+0000] {dag.py:2693} INFO - Sync 1 DAGs
[2023-03-26T16:54:25.433+0000] {logging_mixin.py:137} INFO - [2023-03-26T16:54:25.432+0000] {dag.py:3444} INFO - Setting next_dagrun for example_short_circuit_decorator to 2023-03-25T16:54:25.432814+00:00, run_after=2023-03-26T16:54:25.432814+00:00
[2023-03-26T16:54:25.445+0000] {processor.py:175} INFO - Processing /home/airflow/.local/lib/python3.7/site-packages/airflow/example_dags/example_short_circuit_decorator.py took 0.062 seconds
[2023-03-26T16:54:56.216+0000] {processor.py:153} INFO - Started process (PID=667) to work on /home/airflow/.local/lib/python3.7/site-packages/airflow/example_dags/example_short_circuit_decorator.py
[2023-03-26T16:54:56.217+0000] {processor.py:743} INFO - Processing file /home/airflow/.local/lib/python3.7/site-packages/airflow/example_dags/example_short_circuit_decorator.py for tasks to queue
[2023-03-26T16:54:56.217+0000] {logging_mixin.py:137} INFO - [2023-03-26T16:54:56.217+0000] {dagbag.py:532} INFO - Filling up the DagBag from /home/airflow/.local/lib/python3.7/site-packages/airflow/example_dags/example_short_circuit_decorator.py
[2023-03-26T16:54:56.231+0000] {processor.py:753} INFO - DAG(s) dict_keys(['example_short_circuit_decorator']) retrieved from /home/airflow/.local/lib/python3.7/site-packages/airflow/example_dags/example_short_circuit_decorator.py
[2023-03-26T16:54:56.287+0000] {logging_mixin.py:137} INFO - [2023-03-26T16:54:56.287+0000] {dag.py:2693} INFO - Sync 1 DAGs
[2023-03-26T16:54:56.302+0000] {logging_mixin.py:137} INFO - [2023-03-26T16:54:56.302+0000] {dag.py:3444} INFO - Setting next_dagrun for example_short_circuit_decorator to 2023-03-25T16:54:56.301875+00:00, run_after=2023-03-26T16:54:56.301875+00:00
[2023-03-26T16:54:56.315+0000] {processor.py:175} INFO - Processing /home/airflow/.local/lib/python3.7/site-packages/airflow/example_dags/example_short_circuit_decorator.py took 0.101 seconds
[2023-03-26T16:55:26.845+0000] {processor.py:153} INFO - Started process (PID=716) to work on /home/airflow/.local/lib/python3.7/site-packages/airflow/example_dags/example_short_circuit_decorator.py
[2023-03-26T16:55:26.845+0000] {processor.py:743} INFO - Processing file /home/airflow/.local/lib/python3.7/site-packages/airflow/example_dags/example_short_circuit_decorator.py for tasks to queue
[2023-03-26T16:55:26.846+0000] {logging_mixin.py:137} INFO - [2023-03-26T16:55:26.846+0000] {dagbag.py:532} INFO - Filling up the DagBag from /home/airflow/.local/lib/python3.7/site-packages/airflow/example_dags/example_short_circuit_decorator.py
[2023-03-26T16:55:26.860+0000] {processor.py:753} INFO - DAG(s) dict_keys(['example_short_circuit_decorator']) retrieved from /home/airflow/.local/lib/python3.7/site-packages/airflow/example_dags/example_short_circuit_decorator.py
[2023-03-26T16:55:26.876+0000] {logging_mixin.py:137} INFO - [2023-03-26T16:55:26.876+0000] {dag.py:2693} INFO - Sync 1 DAGs
[2023-03-26T16:55:26.890+0000] {logging_mixin.py:137} INFO - [2023-03-26T16:55:26.890+0000] {dag.py:3444} INFO - Setting next_dagrun for example_short_circuit_decorator to 2023-03-25T16:55:26.889904+00:00, run_after=2023-03-26T16:55:26.889904+00:00
[2023-03-26T16:55:26.904+0000] {processor.py:175} INFO - Processing /home/airflow/.local/lib/python3.7/site-packages/airflow/example_dags/example_short_circuit_decorator.py took 0.061 seconds
[2023-03-26T16:55:57.398+0000] {processor.py:153} INFO - Started process (PID=765) to work on /home/airflow/.local/lib/python3.7/site-packages/airflow/example_dags/example_short_circuit_decorator.py
[2023-03-26T16:55:57.398+0000] {processor.py:743} INFO - Processing file /home/airflow/.local/lib/python3.7/site-packages/airflow/example_dags/example_short_circuit_decorator.py for tasks to queue
[2023-03-26T16:55:57.399+0000] {logging_mixin.py:137} INFO - [2023-03-26T16:55:57.399+0000] {dagbag.py:532} INFO - Filling up the DagBag from /home/airflow/.local/lib/python3.7/site-packages/airflow/example_dags/example_short_circuit_decorator.py
[2023-03-26T16:55:57.413+0000] {processor.py:753} INFO - DAG(s) dict_keys(['example_short_circuit_decorator']) retrieved from /home/airflow/.local/lib/python3.7/site-packages/airflow/example_dags/example_short_circuit_decorator.py
[2023-03-26T16:55:57.429+0000] {logging_mixin.py:137} INFO - [2023-03-26T16:55:57.429+0000] {dag.py:2693} INFO - Sync 1 DAGs
[2023-03-26T16:55:57.444+0000] {logging_mixin.py:137} INFO - [2023-03-26T16:55:57.444+0000] {dag.py:3444} INFO - Setting next_dagrun for example_short_circuit_decorator to 2023-03-25T16:55:57.444628+00:00, run_after=2023-03-26T16:55:57.444628+00:00
[2023-03-26T16:55:57.458+0000] {processor.py:175} INFO - Processing /home/airflow/.local/lib/python3.7/site-packages/airflow/example_dags/example_short_circuit_decorator.py took 0.062 seconds
[2023-03-26T16:56:28.235+0000] {processor.py:153} INFO - Started process (PID=814) to work on /home/airflow/.local/lib/python3.7/site-packages/airflow/example_dags/example_short_circuit_decorator.py
[2023-03-26T16:56:28.236+0000] {processor.py:743} INFO - Processing file /home/airflow/.local/lib/python3.7/site-packages/airflow/example_dags/example_short_circuit_decorator.py for tasks to queue
[2023-03-26T16:56:28.236+0000] {logging_mixin.py:137} INFO - [2023-03-26T16:56:28.236+0000] {dagbag.py:532} INFO - Filling up the DagBag from /home/airflow/.local/lib/python3.7/site-packages/airflow/example_dags/example_short_circuit_decorator.py
[2023-03-26T16:56:28.250+0000] {processor.py:753} INFO - DAG(s) dict_keys(['example_short_circuit_decorator']) retrieved from /home/airflow/.local/lib/python3.7/site-packages/airflow/example_dags/example_short_circuit_decorator.py
[2023-03-26T16:56:28.266+0000] {logging_mixin.py:137} INFO - [2023-03-26T16:56:28.266+0000] {dag.py:2693} INFO - Sync 1 DAGs
[2023-03-26T16:56:28.280+0000] {logging_mixin.py:137} INFO - [2023-03-26T16:56:28.280+0000] {dag.py:3444} INFO - Setting next_dagrun for example_short_circuit_decorator to 2023-03-25T16:56:28.280056+00:00, run_after=2023-03-26T16:56:28.280056+00:00
[2023-03-26T16:56:28.293+0000] {processor.py:175} INFO - Processing /home/airflow/.local/lib/python3.7/site-packages/airflow/example_dags/example_short_circuit_decorator.py took 0.060 seconds
[2023-03-26T16:56:58.868+0000] {processor.py:153} INFO - Started process (PID=863) to work on /home/airflow/.local/lib/python3.7/site-packages/airflow/example_dags/example_short_circuit_decorator.py
[2023-03-26T16:56:58.869+0000] {processor.py:743} INFO - Processing file /home/airflow/.local/lib/python3.7/site-packages/airflow/example_dags/example_short_circuit_decorator.py for tasks to queue
[2023-03-26T16:56:58.869+0000] {logging_mixin.py:137} INFO - [2023-03-26T16:56:58.869+0000] {dagbag.py:532} INFO - Filling up the DagBag from /home/airflow/.local/lib/python3.7/site-packages/airflow/example_dags/example_short_circuit_decorator.py
[2023-03-26T16:56:58.883+0000] {processor.py:753} INFO - DAG(s) dict_keys(['example_short_circuit_decorator']) retrieved from /home/airflow/.local/lib/python3.7/site-packages/airflow/example_dags/example_short_circuit_decorator.py
[2023-03-26T16:56:58.900+0000] {logging_mixin.py:137} INFO - [2023-03-26T16:56:58.900+0000] {dag.py:2693} INFO - Sync 1 DAGs
[2023-03-26T16:56:58.913+0000] {logging_mixin.py:137} INFO - [2023-03-26T16:56:58.913+0000] {dag.py:3444} INFO - Setting next_dagrun for example_short_circuit_decorator to 2023-03-25T16:56:58.913534+00:00, run_after=2023-03-26T16:56:58.913534+00:00
[2023-03-26T16:56:58.927+0000] {processor.py:175} INFO - Processing /home/airflow/.local/lib/python3.7/site-packages/airflow/example_dags/example_short_circuit_decorator.py took 0.060 seconds
[2023-03-26T16:57:29.380+0000] {processor.py:153} INFO - Started process (PID=912) to work on /home/airflow/.local/lib/python3.7/site-packages/airflow/example_dags/example_short_circuit_decorator.py
[2023-03-26T16:57:29.381+0000] {processor.py:743} INFO - Processing file /home/airflow/.local/lib/python3.7/site-packages/airflow/example_dags/example_short_circuit_decorator.py for tasks to queue
[2023-03-26T16:57:29.381+0000] {logging_mixin.py:137} INFO - [2023-03-26T16:57:29.381+0000] {dagbag.py:532} INFO - Filling up the DagBag from /home/airflow/.local/lib/python3.7/site-packages/airflow/example_dags/example_short_circuit_decorator.py
[2023-03-26T16:57:29.395+0000] {processor.py:753} INFO - DAG(s) dict_keys(['example_short_circuit_decorator']) retrieved from /home/airflow/.local/lib/python3.7/site-packages/airflow/example_dags/example_short_circuit_decorator.py
[2023-03-26T16:57:29.411+0000] {logging_mixin.py:137} INFO - [2023-03-26T16:57:29.411+0000] {dag.py:2693} INFO - Sync 1 DAGs
[2023-03-26T16:57:29.426+0000] {logging_mixin.py:137} INFO - [2023-03-26T16:57:29.425+0000] {dag.py:3444} INFO - Setting next_dagrun for example_short_circuit_decorator to 2023-03-25T16:57:29.425758+00:00, run_after=2023-03-26T16:57:29.425758+00:00
[2023-03-26T16:57:29.439+0000] {processor.py:175} INFO - Processing /home/airflow/.local/lib/python3.7/site-packages/airflow/example_dags/example_short_circuit_decorator.py took 0.061 seconds
[2023-03-26T16:58:00.076+0000] {processor.py:153} INFO - Started process (PID=961) to work on /home/airflow/.local/lib/python3.7/site-packages/airflow/example_dags/example_short_circuit_decorator.py
[2023-03-26T16:58:00.076+0000] {processor.py:743} INFO - Processing file /home/airflow/.local/lib/python3.7/site-packages/airflow/example_dags/example_short_circuit_decorator.py for tasks to queue
[2023-03-26T16:58:00.076+0000] {logging_mixin.py:137} INFO - [2023-03-26T16:58:00.076+0000] {dagbag.py:532} INFO - Filling up the DagBag from /home/airflow/.local/lib/python3.7/site-packages/airflow/example_dags/example_short_circuit_decorator.py
[2023-03-26T16:58:00.091+0000] {processor.py:753} INFO - DAG(s) dict_keys(['example_short_circuit_decorator']) retrieved from /home/airflow/.local/lib/python3.7/site-packages/airflow/example_dags/example_short_circuit_decorator.py
[2023-03-26T16:58:00.108+0000] {logging_mixin.py:137} INFO - [2023-03-26T16:58:00.108+0000] {dag.py:2693} INFO - Sync 1 DAGs
[2023-03-26T16:58:00.121+0000] {logging_mixin.py:137} INFO - [2023-03-26T16:58:00.121+0000] {dag.py:3444} INFO - Setting next_dagrun for example_short_circuit_decorator to 2023-03-25T16:58:00.121583+00:00, run_after=2023-03-26T16:58:00.121583+00:00
[2023-03-26T16:58:00.134+0000] {processor.py:175} INFO - Processing /home/airflow/.local/lib/python3.7/site-packages/airflow/example_dags/example_short_circuit_decorator.py took 0.060 seconds
[2023-03-26T16:58:30.815+0000] {processor.py:153} INFO - Started process (PID=1010) to work on /home/airflow/.local/lib/python3.7/site-packages/airflow/example_dags/example_short_circuit_decorator.py
[2023-03-26T16:58:30.816+0000] {processor.py:743} INFO - Processing file /home/airflow/.local/lib/python3.7/site-packages/airflow/example_dags/example_short_circuit_decorator.py for tasks to queue
[2023-03-26T16:58:30.816+0000] {logging_mixin.py:137} INFO - [2023-03-26T16:58:30.816+0000] {dagbag.py:532} INFO - Filling up the DagBag from /home/airflow/.local/lib/python3.7/site-packages/airflow/example_dags/example_short_circuit_decorator.py
[2023-03-26T16:58:30.829+0000] {processor.py:753} INFO - DAG(s) dict_keys(['example_short_circuit_decorator']) retrieved from /home/airflow/.local/lib/python3.7/site-packages/airflow/example_dags/example_short_circuit_decorator.py
[2023-03-26T16:58:30.846+0000] {logging_mixin.py:137} INFO - [2023-03-26T16:58:30.846+0000] {dag.py:2693} INFO - Sync 1 DAGs
[2023-03-26T16:58:30.859+0000] {logging_mixin.py:137} INFO - [2023-03-26T16:58:30.859+0000] {dag.py:3444} INFO - Setting next_dagrun for example_short_circuit_decorator to 2023-03-25T16:58:30.859617+00:00, run_after=2023-03-26T16:58:30.859617+00:00
[2023-03-26T16:58:30.873+0000] {processor.py:175} INFO - Processing /home/airflow/.local/lib/python3.7/site-packages/airflow/example_dags/example_short_circuit_decorator.py took 0.060 seconds
[2023-03-26T16:59:01.579+0000] {processor.py:153} INFO - Started process (PID=1059) to work on /home/airflow/.local/lib/python3.7/site-packages/airflow/example_dags/example_short_circuit_decorator.py
[2023-03-26T16:59:01.579+0000] {processor.py:743} INFO - Processing file /home/airflow/.local/lib/python3.7/site-packages/airflow/example_dags/example_short_circuit_decorator.py for tasks to queue
[2023-03-26T16:59:01.579+0000] {logging_mixin.py:137} INFO - [2023-03-26T16:59:01.579+0000] {dagbag.py:532} INFO - Filling up the DagBag from /home/airflow/.local/lib/python3.7/site-packages/airflow/example_dags/example_short_circuit_decorator.py
[2023-03-26T16:59:01.594+0000] {processor.py:753} INFO - DAG(s) dict_keys(['example_short_circuit_decorator']) retrieved from /home/airflow/.local/lib/python3.7/site-packages/airflow/example_dags/example_short_circuit_decorator.py
[2023-03-26T16:59:01.609+0000] {logging_mixin.py:137} INFO - [2023-03-26T16:59:01.609+0000] {dag.py:2693} INFO - Sync 1 DAGs
[2023-03-26T16:59:01.623+0000] {logging_mixin.py:137} INFO - [2023-03-26T16:59:01.623+0000] {dag.py:3444} INFO - Setting next_dagrun for example_short_circuit_decorator to 2023-03-25T16:59:01.623414+00:00, run_after=2023-03-26T16:59:01.623414+00:00
[2023-03-26T16:59:01.637+0000] {processor.py:175} INFO - Processing /home/airflow/.local/lib/python3.7/site-packages/airflow/example_dags/example_short_circuit_decorator.py took 0.060 seconds
[2023-03-26T16:59:32.236+0000] {processor.py:153} INFO - Started process (PID=1108) to work on /home/airflow/.local/lib/python3.7/site-packages/airflow/example_dags/example_short_circuit_decorator.py
[2023-03-26T16:59:32.237+0000] {processor.py:743} INFO - Processing file /home/airflow/.local/lib/python3.7/site-packages/airflow/example_dags/example_short_circuit_decorator.py for tasks to queue
[2023-03-26T16:59:32.237+0000] {logging_mixin.py:137} INFO - [2023-03-26T16:59:32.237+0000] {dagbag.py:532} INFO - Filling up the DagBag from /home/airflow/.local/lib/python3.7/site-packages/airflow/example_dags/example_short_circuit_decorator.py
[2023-03-26T16:59:32.252+0000] {processor.py:753} INFO - DAG(s) dict_keys(['example_short_circuit_decorator']) retrieved from /home/airflow/.local/lib/python3.7/site-packages/airflow/example_dags/example_short_circuit_decorator.py
[2023-03-26T16:59:32.269+0000] {logging_mixin.py:137} INFO - [2023-03-26T16:59:32.269+0000] {dag.py:2693} INFO - Sync 1 DAGs
[2023-03-26T16:59:32.286+0000] {logging_mixin.py:137} INFO - [2023-03-26T16:59:32.286+0000] {dag.py:3444} INFO - Setting next_dagrun for example_short_circuit_decorator to 2023-03-25T16:59:32.285943+00:00, run_after=2023-03-26T16:59:32.285943+00:00
[2023-03-26T16:59:32.298+0000] {processor.py:175} INFO - Processing /home/airflow/.local/lib/python3.7/site-packages/airflow/example_dags/example_short_circuit_decorator.py took 0.064 seconds
[2023-03-26T17:00:02.934+0000] {processor.py:153} INFO - Started process (PID=1157) to work on /home/airflow/.local/lib/python3.7/site-packages/airflow/example_dags/example_short_circuit_decorator.py
[2023-03-26T17:00:02.934+0000] {processor.py:743} INFO - Processing file /home/airflow/.local/lib/python3.7/site-packages/airflow/example_dags/example_short_circuit_decorator.py for tasks to queue
[2023-03-26T17:00:02.935+0000] {logging_mixin.py:137} INFO - [2023-03-26T17:00:02.935+0000] {dagbag.py:532} INFO - Filling up the DagBag from /home/airflow/.local/lib/python3.7/site-packages/airflow/example_dags/example_short_circuit_decorator.py
[2023-03-26T17:00:02.949+0000] {processor.py:753} INFO - DAG(s) dict_keys(['example_short_circuit_decorator']) retrieved from /home/airflow/.local/lib/python3.7/site-packages/airflow/example_dags/example_short_circuit_decorator.py
[2023-03-26T17:00:02.965+0000] {logging_mixin.py:137} INFO - [2023-03-26T17:00:02.965+0000] {dag.py:2693} INFO - Sync 1 DAGs
[2023-03-26T17:00:02.979+0000] {logging_mixin.py:137} INFO - [2023-03-26T17:00:02.979+0000] {dag.py:3444} INFO - Setting next_dagrun for example_short_circuit_decorator to 2023-03-25T17:00:02.978889+00:00, run_after=2023-03-26T17:00:02.978889+00:00
[2023-03-26T17:00:02.994+0000] {processor.py:175} INFO - Processing /home/airflow/.local/lib/python3.7/site-packages/airflow/example_dags/example_short_circuit_decorator.py took 0.062 seconds
[2023-03-26T17:00:33.637+0000] {processor.py:153} INFO - Started process (PID=1206) to work on /home/airflow/.local/lib/python3.7/site-packages/airflow/example_dags/example_short_circuit_decorator.py
[2023-03-26T17:00:33.637+0000] {processor.py:743} INFO - Processing file /home/airflow/.local/lib/python3.7/site-packages/airflow/example_dags/example_short_circuit_decorator.py for tasks to queue
[2023-03-26T17:00:33.637+0000] {logging_mixin.py:137} INFO - [2023-03-26T17:00:33.637+0000] {dagbag.py:532} INFO - Filling up the DagBag from /home/airflow/.local/lib/python3.7/site-packages/airflow/example_dags/example_short_circuit_decorator.py
[2023-03-26T17:00:33.652+0000] {processor.py:753} INFO - DAG(s) dict_keys(['example_short_circuit_decorator']) retrieved from /home/airflow/.local/lib/python3.7/site-packages/airflow/example_dags/example_short_circuit_decorator.py
[2023-03-26T17:00:33.668+0000] {logging_mixin.py:137} INFO - [2023-03-26T17:00:33.668+0000] {dag.py:2693} INFO - Sync 1 DAGs
[2023-03-26T17:00:33.682+0000] {logging_mixin.py:137} INFO - [2023-03-26T17:00:33.682+0000] {dag.py:3444} INFO - Setting next_dagrun for example_short_circuit_decorator to 2023-03-25T17:00:33.682098+00:00, run_after=2023-03-26T17:00:33.682098+00:00
[2023-03-26T17:00:33.694+0000] {processor.py:175} INFO - Processing /home/airflow/.local/lib/python3.7/site-packages/airflow/example_dags/example_short_circuit_decorator.py took 0.059 seconds
