[2023-03-26T16:04:02.843+0000] {processor.py:153} INFO - Started process (PID=64) to work on /home/airflow/.local/lib/python3.7/site-packages/airflow/example_dags/example_short_circuit_operator.py
[2023-03-26T16:04:02.843+0000] {processor.py:743} INFO - Processing file /home/airflow/.local/lib/python3.7/site-packages/airflow/example_dags/example_short_circuit_operator.py for tasks to queue
[2023-03-26T16:04:02.844+0000] {logging_mixin.py:137} INFO - [2023-03-26T16:04:02.844+0000] {dagbag.py:532} INFO - Filling up the DagBag from /home/airflow/.local/lib/python3.7/site-packages/airflow/example_dags/example_short_circuit_operator.py
[2023-03-26T16:04:02.855+0000] {processor.py:753} INFO - DAG(s) dict_keys(['example_short_circuit_operator']) retrieved from /home/airflow/.local/lib/python3.7/site-packages/airflow/example_dags/example_short_circuit_operator.py
[2023-03-26T16:04:02.927+0000] {logging_mixin.py:137} INFO - [2023-03-26T16:04:02.927+0000] {manager.py:504} INFO - Created Permission View: can read on DAG:example_short_circuit_operator
[2023-03-26T16:04:02.936+0000] {logging_mixin.py:137} INFO - [2023-03-26T16:04:02.935+0000] {manager.py:504} INFO - Created Permission View: can edit on DAG:example_short_circuit_operator
[2023-03-26T16:04:02.942+0000] {logging_mixin.py:137} INFO - [2023-03-26T16:04:02.942+0000] {manager.py:504} INFO - Created Permission View: can delete on DAG:example_short_circuit_operator
[2023-03-26T16:04:02.942+0000] {logging_mixin.py:137} INFO - [2023-03-26T16:04:02.942+0000] {dag.py:2693} INFO - Sync 1 DAGs
[2023-03-26T16:04:02.950+0000] {logging_mixin.py:137} INFO - [2023-03-26T16:04:02.950+0000] {dag.py:2714} INFO - Creating ORM DAG for example_short_circuit_operator
[2023-03-26T16:04:02.956+0000] {logging_mixin.py:137} INFO - [2023-03-26T16:04:02.956+0000] {dag.py:3444} INFO - Setting next_dagrun for example_short_circuit_operator to 2023-03-25T16:04:02.956439+00:00, run_after=2023-03-26T16:04:02.956439+00:00
[2023-03-26T16:04:02.971+0000] {processor.py:175} INFO - Processing /home/airflow/.local/lib/python3.7/site-packages/airflow/example_dags/example_short_circuit_operator.py took 0.130 seconds
[2023-03-26T16:04:33.275+0000] {processor.py:153} INFO - Started process (PID=113) to work on /home/airflow/.local/lib/python3.7/site-packages/airflow/example_dags/example_short_circuit_operator.py
[2023-03-26T16:04:33.276+0000] {processor.py:743} INFO - Processing file /home/airflow/.local/lib/python3.7/site-packages/airflow/example_dags/example_short_circuit_operator.py for tasks to queue
[2023-03-26T16:04:33.276+0000] {logging_mixin.py:137} INFO - [2023-03-26T16:04:33.276+0000] {dagbag.py:532} INFO - Filling up the DagBag from /home/airflow/.local/lib/python3.7/site-packages/airflow/example_dags/example_short_circuit_operator.py
[2023-03-26T16:04:33.285+0000] {processor.py:753} INFO - DAG(s) dict_keys(['example_short_circuit_operator']) retrieved from /home/airflow/.local/lib/python3.7/site-packages/airflow/example_dags/example_short_circuit_operator.py
[2023-03-26T16:04:33.302+0000] {logging_mixin.py:137} INFO - [2023-03-26T16:04:33.302+0000] {dag.py:2693} INFO - Sync 1 DAGs
[2023-03-26T16:04:33.317+0000] {logging_mixin.py:137} INFO - [2023-03-26T16:04:33.317+0000] {dag.py:3444} INFO - Setting next_dagrun for example_short_circuit_operator to 2023-03-25T16:04:33.316931+00:00, run_after=2023-03-26T16:04:33.316931+00:00
[2023-03-26T16:04:33.332+0000] {processor.py:175} INFO - Processing /home/airflow/.local/lib/python3.7/site-packages/airflow/example_dags/example_short_circuit_operator.py took 0.058 seconds
[2023-03-26T16:05:03.892+0000] {processor.py:153} INFO - Started process (PID=162) to work on /home/airflow/.local/lib/python3.7/site-packages/airflow/example_dags/example_short_circuit_operator.py
[2023-03-26T16:05:03.893+0000] {processor.py:743} INFO - Processing file /home/airflow/.local/lib/python3.7/site-packages/airflow/example_dags/example_short_circuit_operator.py for tasks to queue
[2023-03-26T16:05:03.893+0000] {logging_mixin.py:137} INFO - [2023-03-26T16:05:03.893+0000] {dagbag.py:532} INFO - Filling up the DagBag from /home/airflow/.local/lib/python3.7/site-packages/airflow/example_dags/example_short_circuit_operator.py
[2023-03-26T16:05:03.902+0000] {processor.py:753} INFO - DAG(s) dict_keys(['example_short_circuit_operator']) retrieved from /home/airflow/.local/lib/python3.7/site-packages/airflow/example_dags/example_short_circuit_operator.py
[2023-03-26T16:05:03.919+0000] {logging_mixin.py:137} INFO - [2023-03-26T16:05:03.918+0000] {dag.py:2693} INFO - Sync 1 DAGs
[2023-03-26T16:05:03.932+0000] {logging_mixin.py:137} INFO - [2023-03-26T16:05:03.932+0000] {dag.py:3444} INFO - Setting next_dagrun for example_short_circuit_operator to 2023-03-25T16:05:03.932708+00:00, run_after=2023-03-26T16:05:03.932708+00:00
[2023-03-26T16:05:03.947+0000] {processor.py:175} INFO - Processing /home/airflow/.local/lib/python3.7/site-packages/airflow/example_dags/example_short_circuit_operator.py took 0.056 seconds
[2023-03-26T16:05:34.469+0000] {processor.py:153} INFO - Started process (PID=210) to work on /home/airflow/.local/lib/python3.7/site-packages/airflow/example_dags/example_short_circuit_operator.py
[2023-03-26T16:05:34.469+0000] {processor.py:743} INFO - Processing file /home/airflow/.local/lib/python3.7/site-packages/airflow/example_dags/example_short_circuit_operator.py for tasks to queue
[2023-03-26T16:05:34.470+0000] {logging_mixin.py:137} INFO - [2023-03-26T16:05:34.470+0000] {dagbag.py:532} INFO - Filling up the DagBag from /home/airflow/.local/lib/python3.7/site-packages/airflow/example_dags/example_short_circuit_operator.py
[2023-03-26T16:05:34.479+0000] {processor.py:753} INFO - DAG(s) dict_keys(['example_short_circuit_operator']) retrieved from /home/airflow/.local/lib/python3.7/site-packages/airflow/example_dags/example_short_circuit_operator.py
[2023-03-26T16:05:34.498+0000] {logging_mixin.py:137} INFO - [2023-03-26T16:05:34.498+0000] {dag.py:2693} INFO - Sync 1 DAGs
[2023-03-26T16:05:34.512+0000] {logging_mixin.py:137} INFO - [2023-03-26T16:05:34.512+0000] {dag.py:3444} INFO - Setting next_dagrun for example_short_circuit_operator to 2023-03-25T16:05:34.512409+00:00, run_after=2023-03-26T16:05:34.512409+00:00
[2023-03-26T16:05:34.526+0000] {processor.py:175} INFO - Processing /home/airflow/.local/lib/python3.7/site-packages/airflow/example_dags/example_short_circuit_operator.py took 0.059 seconds
[2023-03-26T16:06:05.095+0000] {processor.py:153} INFO - Started process (PID=259) to work on /home/airflow/.local/lib/python3.7/site-packages/airflow/example_dags/example_short_circuit_operator.py
[2023-03-26T16:06:05.096+0000] {processor.py:743} INFO - Processing file /home/airflow/.local/lib/python3.7/site-packages/airflow/example_dags/example_short_circuit_operator.py for tasks to queue
[2023-03-26T16:06:05.096+0000] {logging_mixin.py:137} INFO - [2023-03-26T16:06:05.096+0000] {dagbag.py:532} INFO - Filling up the DagBag from /home/airflow/.local/lib/python3.7/site-packages/airflow/example_dags/example_short_circuit_operator.py
[2023-03-26T16:06:05.105+0000] {processor.py:753} INFO - DAG(s) dict_keys(['example_short_circuit_operator']) retrieved from /home/airflow/.local/lib/python3.7/site-packages/airflow/example_dags/example_short_circuit_operator.py
[2023-03-26T16:06:05.122+0000] {logging_mixin.py:137} INFO - [2023-03-26T16:06:05.122+0000] {dag.py:2693} INFO - Sync 1 DAGs
[2023-03-26T16:06:05.136+0000] {logging_mixin.py:137} INFO - [2023-03-26T16:06:05.136+0000] {dag.py:3444} INFO - Setting next_dagrun for example_short_circuit_operator to 2023-03-25T16:06:05.135946+00:00, run_after=2023-03-26T16:06:05.135946+00:00
[2023-03-26T16:06:05.150+0000] {processor.py:175} INFO - Processing /home/airflow/.local/lib/python3.7/site-packages/airflow/example_dags/example_short_circuit_operator.py took 0.057 seconds
[2023-03-26T16:06:35.696+0000] {processor.py:153} INFO - Started process (PID=308) to work on /home/airflow/.local/lib/python3.7/site-packages/airflow/example_dags/example_short_circuit_operator.py
[2023-03-26T16:06:35.697+0000] {processor.py:743} INFO - Processing file /home/airflow/.local/lib/python3.7/site-packages/airflow/example_dags/example_short_circuit_operator.py for tasks to queue
[2023-03-26T16:06:35.697+0000] {logging_mixin.py:137} INFO - [2023-03-26T16:06:35.697+0000] {dagbag.py:532} INFO - Filling up the DagBag from /home/airflow/.local/lib/python3.7/site-packages/airflow/example_dags/example_short_circuit_operator.py
[2023-03-26T16:06:35.706+0000] {processor.py:753} INFO - DAG(s) dict_keys(['example_short_circuit_operator']) retrieved from /home/airflow/.local/lib/python3.7/site-packages/airflow/example_dags/example_short_circuit_operator.py
[2023-03-26T16:06:35.725+0000] {logging_mixin.py:137} INFO - [2023-03-26T16:06:35.725+0000] {dag.py:2693} INFO - Sync 1 DAGs
[2023-03-26T16:06:35.740+0000] {logging_mixin.py:137} INFO - [2023-03-26T16:06:35.740+0000] {dag.py:3444} INFO - Setting next_dagrun for example_short_circuit_operator to 2023-03-25T16:06:35.740027+00:00, run_after=2023-03-26T16:06:35.740027+00:00
[2023-03-26T16:06:35.754+0000] {processor.py:175} INFO - Processing /home/airflow/.local/lib/python3.7/site-packages/airflow/example_dags/example_short_circuit_operator.py took 0.060 seconds
[2023-03-26T16:07:06.331+0000] {processor.py:153} INFO - Started process (PID=357) to work on /home/airflow/.local/lib/python3.7/site-packages/airflow/example_dags/example_short_circuit_operator.py
[2023-03-26T16:07:06.332+0000] {processor.py:743} INFO - Processing file /home/airflow/.local/lib/python3.7/site-packages/airflow/example_dags/example_short_circuit_operator.py for tasks to queue
[2023-03-26T16:07:06.332+0000] {logging_mixin.py:137} INFO - [2023-03-26T16:07:06.332+0000] {dagbag.py:532} INFO - Filling up the DagBag from /home/airflow/.local/lib/python3.7/site-packages/airflow/example_dags/example_short_circuit_operator.py
[2023-03-26T16:07:06.341+0000] {processor.py:753} INFO - DAG(s) dict_keys(['example_short_circuit_operator']) retrieved from /home/airflow/.local/lib/python3.7/site-packages/airflow/example_dags/example_short_circuit_operator.py
[2023-03-26T16:07:06.360+0000] {logging_mixin.py:137} INFO - [2023-03-26T16:07:06.360+0000] {dag.py:2693} INFO - Sync 1 DAGs
[2023-03-26T16:07:06.374+0000] {logging_mixin.py:137} INFO - [2023-03-26T16:07:06.374+0000] {dag.py:3444} INFO - Setting next_dagrun for example_short_circuit_operator to 2023-03-25T16:07:06.374013+00:00, run_after=2023-03-26T16:07:06.374013+00:00
[2023-03-26T16:07:06.388+0000] {processor.py:175} INFO - Processing /home/airflow/.local/lib/python3.7/site-packages/airflow/example_dags/example_short_circuit_operator.py took 0.059 seconds
[2023-03-26T16:07:36.985+0000] {processor.py:153} INFO - Started process (PID=406) to work on /home/airflow/.local/lib/python3.7/site-packages/airflow/example_dags/example_short_circuit_operator.py
[2023-03-26T16:07:36.985+0000] {processor.py:743} INFO - Processing file /home/airflow/.local/lib/python3.7/site-packages/airflow/example_dags/example_short_circuit_operator.py for tasks to queue
[2023-03-26T16:07:36.985+0000] {logging_mixin.py:137} INFO - [2023-03-26T16:07:36.985+0000] {dagbag.py:532} INFO - Filling up the DagBag from /home/airflow/.local/lib/python3.7/site-packages/airflow/example_dags/example_short_circuit_operator.py
[2023-03-26T16:07:36.995+0000] {processor.py:753} INFO - DAG(s) dict_keys(['example_short_circuit_operator']) retrieved from /home/airflow/.local/lib/python3.7/site-packages/airflow/example_dags/example_short_circuit_operator.py
[2023-03-26T16:07:37.014+0000] {logging_mixin.py:137} INFO - [2023-03-26T16:07:37.014+0000] {dag.py:2693} INFO - Sync 1 DAGs
[2023-03-26T16:07:37.030+0000] {logging_mixin.py:137} INFO - [2023-03-26T16:07:37.030+0000] {dag.py:3444} INFO - Setting next_dagrun for example_short_circuit_operator to 2023-03-25T16:07:37.030309+00:00, run_after=2023-03-26T16:07:37.030309+00:00
[2023-03-26T16:07:37.045+0000] {processor.py:175} INFO - Processing /home/airflow/.local/lib/python3.7/site-packages/airflow/example_dags/example_short_circuit_operator.py took 0.062 seconds
[2023-03-26T16:08:07.599+0000] {processor.py:153} INFO - Started process (PID=455) to work on /home/airflow/.local/lib/python3.7/site-packages/airflow/example_dags/example_short_circuit_operator.py
[2023-03-26T16:08:07.600+0000] {processor.py:743} INFO - Processing file /home/airflow/.local/lib/python3.7/site-packages/airflow/example_dags/example_short_circuit_operator.py for tasks to queue
[2023-03-26T16:08:07.600+0000] {logging_mixin.py:137} INFO - [2023-03-26T16:08:07.600+0000] {dagbag.py:532} INFO - Filling up the DagBag from /home/airflow/.local/lib/python3.7/site-packages/airflow/example_dags/example_short_circuit_operator.py
[2023-03-26T16:08:07.610+0000] {processor.py:753} INFO - DAG(s) dict_keys(['example_short_circuit_operator']) retrieved from /home/airflow/.local/lib/python3.7/site-packages/airflow/example_dags/example_short_circuit_operator.py
[2023-03-26T16:08:07.627+0000] {logging_mixin.py:137} INFO - [2023-03-26T16:08:07.627+0000] {dag.py:2693} INFO - Sync 1 DAGs
[2023-03-26T16:08:07.642+0000] {logging_mixin.py:137} INFO - [2023-03-26T16:08:07.642+0000] {dag.py:3444} INFO - Setting next_dagrun for example_short_circuit_operator to 2023-03-25T16:08:07.642503+00:00, run_after=2023-03-26T16:08:07.642503+00:00
[2023-03-26T16:08:07.657+0000] {processor.py:175} INFO - Processing /home/airflow/.local/lib/python3.7/site-packages/airflow/example_dags/example_short_circuit_operator.py took 0.059 seconds
[2023-03-26T16:08:38.220+0000] {processor.py:153} INFO - Started process (PID=504) to work on /home/airflow/.local/lib/python3.7/site-packages/airflow/example_dags/example_short_circuit_operator.py
[2023-03-26T16:08:38.220+0000] {processor.py:743} INFO - Processing file /home/airflow/.local/lib/python3.7/site-packages/airflow/example_dags/example_short_circuit_operator.py for tasks to queue
[2023-03-26T16:08:38.220+0000] {logging_mixin.py:137} INFO - [2023-03-26T16:08:38.220+0000] {dagbag.py:532} INFO - Filling up the DagBag from /home/airflow/.local/lib/python3.7/site-packages/airflow/example_dags/example_short_circuit_operator.py
[2023-03-26T16:08:38.229+0000] {processor.py:753} INFO - DAG(s) dict_keys(['example_short_circuit_operator']) retrieved from /home/airflow/.local/lib/python3.7/site-packages/airflow/example_dags/example_short_circuit_operator.py
[2023-03-26T16:08:38.249+0000] {logging_mixin.py:137} INFO - [2023-03-26T16:08:38.249+0000] {dag.py:2693} INFO - Sync 1 DAGs
[2023-03-26T16:08:38.266+0000] {logging_mixin.py:137} INFO - [2023-03-26T16:08:38.266+0000] {dag.py:3444} INFO - Setting next_dagrun for example_short_circuit_operator to 2023-03-25T16:08:38.265938+00:00, run_after=2023-03-26T16:08:38.265938+00:00
[2023-03-26T16:08:38.281+0000] {processor.py:175} INFO - Processing /home/airflow/.local/lib/python3.7/site-packages/airflow/example_dags/example_short_circuit_operator.py took 0.063 seconds
[2023-03-26T16:12:59.947+0000] {processor.py:153} INFO - Started process (PID=64) to work on /home/airflow/.local/lib/python3.7/site-packages/airflow/example_dags/example_short_circuit_operator.py
[2023-03-26T16:12:59.948+0000] {processor.py:743} INFO - Processing file /home/airflow/.local/lib/python3.7/site-packages/airflow/example_dags/example_short_circuit_operator.py for tasks to queue
[2023-03-26T16:12:59.948+0000] {logging_mixin.py:137} INFO - [2023-03-26T16:12:59.948+0000] {dagbag.py:532} INFO - Filling up the DagBag from /home/airflow/.local/lib/python3.7/site-packages/airflow/example_dags/example_short_circuit_operator.py
[2023-03-26T16:12:59.960+0000] {processor.py:753} INFO - DAG(s) dict_keys(['example_short_circuit_operator']) retrieved from /home/airflow/.local/lib/python3.7/site-packages/airflow/example_dags/example_short_circuit_operator.py
[2023-03-26T16:12:59.968+0000] {logging_mixin.py:137} INFO - [2023-03-26T16:12:59.968+0000] {dag.py:2693} INFO - Sync 1 DAGs
[2023-03-26T16:12:59.983+0000] {logging_mixin.py:137} INFO - [2023-03-26T16:12:59.983+0000] {dag.py:3444} INFO - Setting next_dagrun for example_short_circuit_operator to 2023-03-25T16:12:59.982947+00:00, run_after=2023-03-26T16:12:59.982947+00:00
[2023-03-26T16:12:59.998+0000] {processor.py:175} INFO - Processing /home/airflow/.local/lib/python3.7/site-packages/airflow/example_dags/example_short_circuit_operator.py took 0.053 seconds
[2023-03-26T16:13:30.541+0000] {processor.py:153} INFO - Started process (PID=113) to work on /home/airflow/.local/lib/python3.7/site-packages/airflow/example_dags/example_short_circuit_operator.py
[2023-03-26T16:13:30.542+0000] {processor.py:743} INFO - Processing file /home/airflow/.local/lib/python3.7/site-packages/airflow/example_dags/example_short_circuit_operator.py for tasks to queue
[2023-03-26T16:13:30.542+0000] {logging_mixin.py:137} INFO - [2023-03-26T16:13:30.542+0000] {dagbag.py:532} INFO - Filling up the DagBag from /home/airflow/.local/lib/python3.7/site-packages/airflow/example_dags/example_short_circuit_operator.py
[2023-03-26T16:13:30.550+0000] {processor.py:753} INFO - DAG(s) dict_keys(['example_short_circuit_operator']) retrieved from /home/airflow/.local/lib/python3.7/site-packages/airflow/example_dags/example_short_circuit_operator.py
[2023-03-26T16:13:30.569+0000] {logging_mixin.py:137} INFO - [2023-03-26T16:13:30.569+0000] {dag.py:2693} INFO - Sync 1 DAGs
[2023-03-26T16:13:30.583+0000] {logging_mixin.py:137} INFO - [2023-03-26T16:13:30.583+0000] {dag.py:3444} INFO - Setting next_dagrun for example_short_circuit_operator to 2023-03-25T16:13:30.583285+00:00, run_after=2023-03-26T16:13:30.583285+00:00
[2023-03-26T16:13:30.597+0000] {processor.py:175} INFO - Processing /home/airflow/.local/lib/python3.7/site-packages/airflow/example_dags/example_short_circuit_operator.py took 0.058 seconds
[2023-03-26T16:14:01.146+0000] {processor.py:153} INFO - Started process (PID=162) to work on /home/airflow/.local/lib/python3.7/site-packages/airflow/example_dags/example_short_circuit_operator.py
[2023-03-26T16:14:01.146+0000] {processor.py:743} INFO - Processing file /home/airflow/.local/lib/python3.7/site-packages/airflow/example_dags/example_short_circuit_operator.py for tasks to queue
[2023-03-26T16:14:01.147+0000] {logging_mixin.py:137} INFO - [2023-03-26T16:14:01.147+0000] {dagbag.py:532} INFO - Filling up the DagBag from /home/airflow/.local/lib/python3.7/site-packages/airflow/example_dags/example_short_circuit_operator.py
[2023-03-26T16:14:01.160+0000] {processor.py:753} INFO - DAG(s) dict_keys(['example_short_circuit_operator']) retrieved from /home/airflow/.local/lib/python3.7/site-packages/airflow/example_dags/example_short_circuit_operator.py
[2023-03-26T16:14:01.183+0000] {logging_mixin.py:137} INFO - [2023-03-26T16:14:01.183+0000] {dag.py:2693} INFO - Sync 1 DAGs
[2023-03-26T16:14:01.201+0000] {logging_mixin.py:137} INFO - [2023-03-26T16:14:01.201+0000] {dag.py:3444} INFO - Setting next_dagrun for example_short_circuit_operator to 2023-03-25T16:14:01.201370+00:00, run_after=2023-03-26T16:14:01.201370+00:00
[2023-03-26T16:14:01.218+0000] {processor.py:175} INFO - Processing /home/airflow/.local/lib/python3.7/site-packages/airflow/example_dags/example_short_circuit_operator.py took 0.076 seconds
[2023-03-26T16:17:28.868+0000] {processor.py:153} INFO - Started process (PID=64) to work on /home/airflow/.local/lib/python3.7/site-packages/airflow/example_dags/example_short_circuit_operator.py
[2023-03-26T16:17:28.868+0000] {processor.py:743} INFO - Processing file /home/airflow/.local/lib/python3.7/site-packages/airflow/example_dags/example_short_circuit_operator.py for tasks to queue
[2023-03-26T16:17:28.869+0000] {logging_mixin.py:137} INFO - [2023-03-26T16:17:28.869+0000] {dagbag.py:532} INFO - Filling up the DagBag from /home/airflow/.local/lib/python3.7/site-packages/airflow/example_dags/example_short_circuit_operator.py
[2023-03-26T16:17:28.882+0000] {processor.py:753} INFO - DAG(s) dict_keys(['example_short_circuit_operator']) retrieved from /home/airflow/.local/lib/python3.7/site-packages/airflow/example_dags/example_short_circuit_operator.py
[2023-03-26T16:17:28.890+0000] {logging_mixin.py:137} INFO - [2023-03-26T16:17:28.890+0000] {dag.py:2693} INFO - Sync 1 DAGs
[2023-03-26T16:17:28.905+0000] {logging_mixin.py:137} INFO - [2023-03-26T16:17:28.905+0000] {dag.py:3444} INFO - Setting next_dagrun for example_short_circuit_operator to 2023-03-25T16:17:28.904925+00:00, run_after=2023-03-26T16:17:28.904925+00:00
[2023-03-26T16:17:28.918+0000] {processor.py:175} INFO - Processing /home/airflow/.local/lib/python3.7/site-packages/airflow/example_dags/example_short_circuit_operator.py took 0.052 seconds
[2023-03-26T16:17:59.451+0000] {processor.py:153} INFO - Started process (PID=113) to work on /home/airflow/.local/lib/python3.7/site-packages/airflow/example_dags/example_short_circuit_operator.py
[2023-03-26T16:17:59.452+0000] {processor.py:743} INFO - Processing file /home/airflow/.local/lib/python3.7/site-packages/airflow/example_dags/example_short_circuit_operator.py for tasks to queue
[2023-03-26T16:17:59.452+0000] {logging_mixin.py:137} INFO - [2023-03-26T16:17:59.452+0000] {dagbag.py:532} INFO - Filling up the DagBag from /home/airflow/.local/lib/python3.7/site-packages/airflow/example_dags/example_short_circuit_operator.py
[2023-03-26T16:17:59.462+0000] {processor.py:753} INFO - DAG(s) dict_keys(['example_short_circuit_operator']) retrieved from /home/airflow/.local/lib/python3.7/site-packages/airflow/example_dags/example_short_circuit_operator.py
[2023-03-26T16:17:59.480+0000] {logging_mixin.py:137} INFO - [2023-03-26T16:17:59.480+0000] {dag.py:2693} INFO - Sync 1 DAGs
[2023-03-26T16:17:59.495+0000] {logging_mixin.py:137} INFO - [2023-03-26T16:17:59.495+0000] {dag.py:3444} INFO - Setting next_dagrun for example_short_circuit_operator to 2023-03-25T16:17:59.494943+00:00, run_after=2023-03-26T16:17:59.494943+00:00
[2023-03-26T16:17:59.508+0000] {processor.py:175} INFO - Processing /home/airflow/.local/lib/python3.7/site-packages/airflow/example_dags/example_short_circuit_operator.py took 0.059 seconds
[2023-03-26T16:18:30.332+0000] {processor.py:153} INFO - Started process (PID=162) to work on /home/airflow/.local/lib/python3.7/site-packages/airflow/example_dags/example_short_circuit_operator.py
[2023-03-26T16:18:30.333+0000] {processor.py:743} INFO - Processing file /home/airflow/.local/lib/python3.7/site-packages/airflow/example_dags/example_short_circuit_operator.py for tasks to queue
[2023-03-26T16:18:30.333+0000] {logging_mixin.py:137} INFO - [2023-03-26T16:18:30.333+0000] {dagbag.py:532} INFO - Filling up the DagBag from /home/airflow/.local/lib/python3.7/site-packages/airflow/example_dags/example_short_circuit_operator.py
[2023-03-26T16:18:30.342+0000] {processor.py:753} INFO - DAG(s) dict_keys(['example_short_circuit_operator']) retrieved from /home/airflow/.local/lib/python3.7/site-packages/airflow/example_dags/example_short_circuit_operator.py
[2023-03-26T16:18:30.360+0000] {logging_mixin.py:137} INFO - [2023-03-26T16:18:30.360+0000] {dag.py:2693} INFO - Sync 1 DAGs
[2023-03-26T16:18:30.375+0000] {logging_mixin.py:137} INFO - [2023-03-26T16:18:30.374+0000] {dag.py:3444} INFO - Setting next_dagrun for example_short_circuit_operator to 2023-03-25T16:18:30.374785+00:00, run_after=2023-03-26T16:18:30.374785+00:00
[2023-03-26T16:18:30.390+0000] {processor.py:175} INFO - Processing /home/airflow/.local/lib/python3.7/site-packages/airflow/example_dags/example_short_circuit_operator.py took 0.059 seconds
[2023-03-26T16:19:00.946+0000] {processor.py:153} INFO - Started process (PID=211) to work on /home/airflow/.local/lib/python3.7/site-packages/airflow/example_dags/example_short_circuit_operator.py
[2023-03-26T16:19:00.946+0000] {processor.py:743} INFO - Processing file /home/airflow/.local/lib/python3.7/site-packages/airflow/example_dags/example_short_circuit_operator.py for tasks to queue
[2023-03-26T16:19:00.947+0000] {logging_mixin.py:137} INFO - [2023-03-26T16:19:00.947+0000] {dagbag.py:532} INFO - Filling up the DagBag from /home/airflow/.local/lib/python3.7/site-packages/airflow/example_dags/example_short_circuit_operator.py
[2023-03-26T16:19:00.956+0000] {processor.py:753} INFO - DAG(s) dict_keys(['example_short_circuit_operator']) retrieved from /home/airflow/.local/lib/python3.7/site-packages/airflow/example_dags/example_short_circuit_operator.py
[2023-03-26T16:19:00.972+0000] {logging_mixin.py:137} INFO - [2023-03-26T16:19:00.972+0000] {dag.py:2693} INFO - Sync 1 DAGs
[2023-03-26T16:19:00.987+0000] {logging_mixin.py:137} INFO - [2023-03-26T16:19:00.987+0000] {dag.py:3444} INFO - Setting next_dagrun for example_short_circuit_operator to 2023-03-25T16:19:00.987296+00:00, run_after=2023-03-26T16:19:00.987296+00:00
[2023-03-26T16:19:01.001+0000] {processor.py:175} INFO - Processing /home/airflow/.local/lib/python3.7/site-packages/airflow/example_dags/example_short_circuit_operator.py took 0.057 seconds
[2023-03-26T16:19:31.714+0000] {processor.py:153} INFO - Started process (PID=260) to work on /home/airflow/.local/lib/python3.7/site-packages/airflow/example_dags/example_short_circuit_operator.py
[2023-03-26T16:19:31.715+0000] {processor.py:743} INFO - Processing file /home/airflow/.local/lib/python3.7/site-packages/airflow/example_dags/example_short_circuit_operator.py for tasks to queue
[2023-03-26T16:19:31.715+0000] {logging_mixin.py:137} INFO - [2023-03-26T16:19:31.715+0000] {dagbag.py:532} INFO - Filling up the DagBag from /home/airflow/.local/lib/python3.7/site-packages/airflow/example_dags/example_short_circuit_operator.py
[2023-03-26T16:19:31.724+0000] {processor.py:753} INFO - DAG(s) dict_keys(['example_short_circuit_operator']) retrieved from /home/airflow/.local/lib/python3.7/site-packages/airflow/example_dags/example_short_circuit_operator.py
[2023-03-26T16:19:31.741+0000] {logging_mixin.py:137} INFO - [2023-03-26T16:19:31.740+0000] {dag.py:2693} INFO - Sync 1 DAGs
[2023-03-26T16:19:31.755+0000] {logging_mixin.py:137} INFO - [2023-03-26T16:19:31.755+0000] {dag.py:3444} INFO - Setting next_dagrun for example_short_circuit_operator to 2023-03-25T16:19:31.755314+00:00, run_after=2023-03-26T16:19:31.755314+00:00
[2023-03-26T16:19:31.769+0000] {processor.py:175} INFO - Processing /home/airflow/.local/lib/python3.7/site-packages/airflow/example_dags/example_short_circuit_operator.py took 0.057 seconds
[2023-03-26T16:20:02.444+0000] {processor.py:153} INFO - Started process (PID=309) to work on /home/airflow/.local/lib/python3.7/site-packages/airflow/example_dags/example_short_circuit_operator.py
[2023-03-26T16:20:02.445+0000] {processor.py:743} INFO - Processing file /home/airflow/.local/lib/python3.7/site-packages/airflow/example_dags/example_short_circuit_operator.py for tasks to queue
[2023-03-26T16:20:02.445+0000] {logging_mixin.py:137} INFO - [2023-03-26T16:20:02.445+0000] {dagbag.py:532} INFO - Filling up the DagBag from /home/airflow/.local/lib/python3.7/site-packages/airflow/example_dags/example_short_circuit_operator.py
[2023-03-26T16:20:02.454+0000] {processor.py:753} INFO - DAG(s) dict_keys(['example_short_circuit_operator']) retrieved from /home/airflow/.local/lib/python3.7/site-packages/airflow/example_dags/example_short_circuit_operator.py
[2023-03-26T16:20:02.472+0000] {logging_mixin.py:137} INFO - [2023-03-26T16:20:02.472+0000] {dag.py:2693} INFO - Sync 1 DAGs
[2023-03-26T16:20:02.486+0000] {logging_mixin.py:137} INFO - [2023-03-26T16:20:02.486+0000] {dag.py:3444} INFO - Setting next_dagrun for example_short_circuit_operator to 2023-03-25T16:20:02.486597+00:00, run_after=2023-03-26T16:20:02.486597+00:00
[2023-03-26T16:20:02.498+0000] {processor.py:175} INFO - Processing /home/airflow/.local/lib/python3.7/site-packages/airflow/example_dags/example_short_circuit_operator.py took 0.056 seconds
[2023-03-26T16:20:33.035+0000] {processor.py:153} INFO - Started process (PID=358) to work on /home/airflow/.local/lib/python3.7/site-packages/airflow/example_dags/example_short_circuit_operator.py
[2023-03-26T16:20:33.035+0000] {processor.py:743} INFO - Processing file /home/airflow/.local/lib/python3.7/site-packages/airflow/example_dags/example_short_circuit_operator.py for tasks to queue
[2023-03-26T16:20:33.036+0000] {logging_mixin.py:137} INFO - [2023-03-26T16:20:33.036+0000] {dagbag.py:532} INFO - Filling up the DagBag from /home/airflow/.local/lib/python3.7/site-packages/airflow/example_dags/example_short_circuit_operator.py
[2023-03-26T16:20:33.044+0000] {processor.py:753} INFO - DAG(s) dict_keys(['example_short_circuit_operator']) retrieved from /home/airflow/.local/lib/python3.7/site-packages/airflow/example_dags/example_short_circuit_operator.py
[2023-03-26T16:20:33.062+0000] {logging_mixin.py:137} INFO - [2023-03-26T16:20:33.062+0000] {dag.py:2693} INFO - Sync 1 DAGs
[2023-03-26T16:20:33.077+0000] {logging_mixin.py:137} INFO - [2023-03-26T16:20:33.077+0000] {dag.py:3444} INFO - Setting next_dagrun for example_short_circuit_operator to 2023-03-25T16:20:33.076980+00:00, run_after=2023-03-26T16:20:33.076980+00:00
[2023-03-26T16:20:33.092+0000] {processor.py:175} INFO - Processing /home/airflow/.local/lib/python3.7/site-packages/airflow/example_dags/example_short_circuit_operator.py took 0.059 seconds
[2023-03-26T16:21:03.653+0000] {processor.py:153} INFO - Started process (PID=408) to work on /home/airflow/.local/lib/python3.7/site-packages/airflow/example_dags/example_short_circuit_operator.py
[2023-03-26T16:21:03.654+0000] {processor.py:743} INFO - Processing file /home/airflow/.local/lib/python3.7/site-packages/airflow/example_dags/example_short_circuit_operator.py for tasks to queue
[2023-03-26T16:21:03.654+0000] {logging_mixin.py:137} INFO - [2023-03-26T16:21:03.654+0000] {dagbag.py:532} INFO - Filling up the DagBag from /home/airflow/.local/lib/python3.7/site-packages/airflow/example_dags/example_short_circuit_operator.py
[2023-03-26T16:21:03.667+0000] {processor.py:753} INFO - DAG(s) dict_keys(['example_short_circuit_operator']) retrieved from /home/airflow/.local/lib/python3.7/site-packages/airflow/example_dags/example_short_circuit_operator.py
[2023-03-26T16:21:03.684+0000] {logging_mixin.py:137} INFO - [2023-03-26T16:21:03.684+0000] {dag.py:2693} INFO - Sync 1 DAGs
[2023-03-26T16:21:03.699+0000] {logging_mixin.py:137} INFO - [2023-03-26T16:21:03.699+0000] {dag.py:3444} INFO - Setting next_dagrun for example_short_circuit_operator to 2023-03-25T16:21:03.699056+00:00, run_after=2023-03-26T16:21:03.699056+00:00
[2023-03-26T16:21:03.713+0000] {processor.py:175} INFO - Processing /home/airflow/.local/lib/python3.7/site-packages/airflow/example_dags/example_short_circuit_operator.py took 0.062 seconds
[2023-03-26T16:21:34.293+0000] {processor.py:153} INFO - Started process (PID=457) to work on /home/airflow/.local/lib/python3.7/site-packages/airflow/example_dags/example_short_circuit_operator.py
[2023-03-26T16:21:34.294+0000] {processor.py:743} INFO - Processing file /home/airflow/.local/lib/python3.7/site-packages/airflow/example_dags/example_short_circuit_operator.py for tasks to queue
[2023-03-26T16:21:34.294+0000] {logging_mixin.py:137} INFO - [2023-03-26T16:21:34.294+0000] {dagbag.py:532} INFO - Filling up the DagBag from /home/airflow/.local/lib/python3.7/site-packages/airflow/example_dags/example_short_circuit_operator.py
[2023-03-26T16:21:34.303+0000] {processor.py:753} INFO - DAG(s) dict_keys(['example_short_circuit_operator']) retrieved from /home/airflow/.local/lib/python3.7/site-packages/airflow/example_dags/example_short_circuit_operator.py
[2023-03-26T16:21:34.321+0000] {logging_mixin.py:137} INFO - [2023-03-26T16:21:34.321+0000] {dag.py:2693} INFO - Sync 1 DAGs
[2023-03-26T16:21:34.336+0000] {logging_mixin.py:137} INFO - [2023-03-26T16:21:34.336+0000] {dag.py:3444} INFO - Setting next_dagrun for example_short_circuit_operator to 2023-03-25T16:21:34.336325+00:00, run_after=2023-03-26T16:21:34.336325+00:00
[2023-03-26T16:21:34.352+0000] {processor.py:175} INFO - Processing /home/airflow/.local/lib/python3.7/site-packages/airflow/example_dags/example_short_circuit_operator.py took 0.061 seconds
[2023-03-26T16:22:04.875+0000] {processor.py:153} INFO - Started process (PID=506) to work on /home/airflow/.local/lib/python3.7/site-packages/airflow/example_dags/example_short_circuit_operator.py
[2023-03-26T16:22:04.875+0000] {processor.py:743} INFO - Processing file /home/airflow/.local/lib/python3.7/site-packages/airflow/example_dags/example_short_circuit_operator.py for tasks to queue
[2023-03-26T16:22:04.876+0000] {logging_mixin.py:137} INFO - [2023-03-26T16:22:04.876+0000] {dagbag.py:532} INFO - Filling up the DagBag from /home/airflow/.local/lib/python3.7/site-packages/airflow/example_dags/example_short_circuit_operator.py
[2023-03-26T16:22:04.885+0000] {processor.py:753} INFO - DAG(s) dict_keys(['example_short_circuit_operator']) retrieved from /home/airflow/.local/lib/python3.7/site-packages/airflow/example_dags/example_short_circuit_operator.py
[2023-03-26T16:22:04.907+0000] {logging_mixin.py:137} INFO - [2023-03-26T16:22:04.907+0000] {dag.py:2693} INFO - Sync 1 DAGs
[2023-03-26T16:22:04.924+0000] {logging_mixin.py:137} INFO - [2023-03-26T16:22:04.924+0000] {dag.py:3444} INFO - Setting next_dagrun for example_short_circuit_operator to 2023-03-25T16:22:04.923947+00:00, run_after=2023-03-26T16:22:04.923947+00:00
[2023-03-26T16:22:04.938+0000] {processor.py:175} INFO - Processing /home/airflow/.local/lib/python3.7/site-packages/airflow/example_dags/example_short_circuit_operator.py took 0.065 seconds
[2023-03-26T16:22:35.919+0000] {processor.py:153} INFO - Started process (PID=555) to work on /home/airflow/.local/lib/python3.7/site-packages/airflow/example_dags/example_short_circuit_operator.py
[2023-03-26T16:22:35.920+0000] {processor.py:743} INFO - Processing file /home/airflow/.local/lib/python3.7/site-packages/airflow/example_dags/example_short_circuit_operator.py for tasks to queue
[2023-03-26T16:22:35.921+0000] {logging_mixin.py:137} INFO - [2023-03-26T16:22:35.921+0000] {dagbag.py:532} INFO - Filling up the DagBag from /home/airflow/.local/lib/python3.7/site-packages/airflow/example_dags/example_short_circuit_operator.py
[2023-03-26T16:22:35.930+0000] {processor.py:753} INFO - DAG(s) dict_keys(['example_short_circuit_operator']) retrieved from /home/airflow/.local/lib/python3.7/site-packages/airflow/example_dags/example_short_circuit_operator.py
[2023-03-26T16:22:35.949+0000] {logging_mixin.py:137} INFO - [2023-03-26T16:22:35.948+0000] {dag.py:2693} INFO - Sync 1 DAGs
[2023-03-26T16:22:35.963+0000] {logging_mixin.py:137} INFO - [2023-03-26T16:22:35.963+0000] {dag.py:3444} INFO - Setting next_dagrun for example_short_circuit_operator to 2023-03-25T16:22:35.962887+00:00, run_after=2023-03-26T16:22:35.962887+00:00
[2023-03-26T16:22:35.978+0000] {processor.py:175} INFO - Processing /home/airflow/.local/lib/python3.7/site-packages/airflow/example_dags/example_short_circuit_operator.py took 0.061 seconds
[2023-03-26T16:23:06.842+0000] {processor.py:153} INFO - Started process (PID=604) to work on /home/airflow/.local/lib/python3.7/site-packages/airflow/example_dags/example_short_circuit_operator.py
[2023-03-26T16:23:06.843+0000] {processor.py:743} INFO - Processing file /home/airflow/.local/lib/python3.7/site-packages/airflow/example_dags/example_short_circuit_operator.py for tasks to queue
[2023-03-26T16:23:06.843+0000] {logging_mixin.py:137} INFO - [2023-03-26T16:23:06.843+0000] {dagbag.py:532} INFO - Filling up the DagBag from /home/airflow/.local/lib/python3.7/site-packages/airflow/example_dags/example_short_circuit_operator.py
[2023-03-26T16:23:06.852+0000] {processor.py:753} INFO - DAG(s) dict_keys(['example_short_circuit_operator']) retrieved from /home/airflow/.local/lib/python3.7/site-packages/airflow/example_dags/example_short_circuit_operator.py
[2023-03-26T16:23:06.869+0000] {logging_mixin.py:137} INFO - [2023-03-26T16:23:06.869+0000] {dag.py:2693} INFO - Sync 1 DAGs
[2023-03-26T16:23:06.884+0000] {logging_mixin.py:137} INFO - [2023-03-26T16:23:06.884+0000] {dag.py:3444} INFO - Setting next_dagrun for example_short_circuit_operator to 2023-03-25T16:23:06.884621+00:00, run_after=2023-03-26T16:23:06.884621+00:00
[2023-03-26T16:23:06.899+0000] {processor.py:175} INFO - Processing /home/airflow/.local/lib/python3.7/site-packages/airflow/example_dags/example_short_circuit_operator.py took 0.059 seconds
[2023-03-26T16:23:37.661+0000] {processor.py:153} INFO - Started process (PID=653) to work on /home/airflow/.local/lib/python3.7/site-packages/airflow/example_dags/example_short_circuit_operator.py
[2023-03-26T16:23:37.662+0000] {processor.py:743} INFO - Processing file /home/airflow/.local/lib/python3.7/site-packages/airflow/example_dags/example_short_circuit_operator.py for tasks to queue
[2023-03-26T16:23:37.662+0000] {logging_mixin.py:137} INFO - [2023-03-26T16:23:37.662+0000] {dagbag.py:532} INFO - Filling up the DagBag from /home/airflow/.local/lib/python3.7/site-packages/airflow/example_dags/example_short_circuit_operator.py
[2023-03-26T16:23:37.671+0000] {processor.py:753} INFO - DAG(s) dict_keys(['example_short_circuit_operator']) retrieved from /home/airflow/.local/lib/python3.7/site-packages/airflow/example_dags/example_short_circuit_operator.py
[2023-03-26T16:23:37.689+0000] {logging_mixin.py:137} INFO - [2023-03-26T16:23:37.689+0000] {dag.py:2693} INFO - Sync 1 DAGs
[2023-03-26T16:23:37.704+0000] {logging_mixin.py:137} INFO - [2023-03-26T16:23:37.704+0000] {dag.py:3444} INFO - Setting next_dagrun for example_short_circuit_operator to 2023-03-25T16:23:37.704160+00:00, run_after=2023-03-26T16:23:37.704160+00:00
[2023-03-26T16:23:37.718+0000] {processor.py:175} INFO - Processing /home/airflow/.local/lib/python3.7/site-packages/airflow/example_dags/example_short_circuit_operator.py took 0.058 seconds
[2023-03-26T16:24:08.366+0000] {processor.py:153} INFO - Started process (PID=702) to work on /home/airflow/.local/lib/python3.7/site-packages/airflow/example_dags/example_short_circuit_operator.py
[2023-03-26T16:24:08.366+0000] {processor.py:743} INFO - Processing file /home/airflow/.local/lib/python3.7/site-packages/airflow/example_dags/example_short_circuit_operator.py for tasks to queue
[2023-03-26T16:24:08.367+0000] {logging_mixin.py:137} INFO - [2023-03-26T16:24:08.367+0000] {dagbag.py:532} INFO - Filling up the DagBag from /home/airflow/.local/lib/python3.7/site-packages/airflow/example_dags/example_short_circuit_operator.py
[2023-03-26T16:24:08.376+0000] {processor.py:753} INFO - DAG(s) dict_keys(['example_short_circuit_operator']) retrieved from /home/airflow/.local/lib/python3.7/site-packages/airflow/example_dags/example_short_circuit_operator.py
[2023-03-26T16:24:08.395+0000] {logging_mixin.py:137} INFO - [2023-03-26T16:24:08.395+0000] {dag.py:2693} INFO - Sync 1 DAGs
[2023-03-26T16:24:08.410+0000] {logging_mixin.py:137} INFO - [2023-03-26T16:24:08.410+0000] {dag.py:3444} INFO - Setting next_dagrun for example_short_circuit_operator to 2023-03-25T16:24:08.410569+00:00, run_after=2023-03-26T16:24:08.410569+00:00
[2023-03-26T16:24:08.425+0000] {processor.py:175} INFO - Processing /home/airflow/.local/lib/python3.7/site-packages/airflow/example_dags/example_short_circuit_operator.py took 0.061 seconds
[2023-03-26T16:24:39.216+0000] {processor.py:153} INFO - Started process (PID=751) to work on /home/airflow/.local/lib/python3.7/site-packages/airflow/example_dags/example_short_circuit_operator.py
[2023-03-26T16:24:39.216+0000] {processor.py:743} INFO - Processing file /home/airflow/.local/lib/python3.7/site-packages/airflow/example_dags/example_short_circuit_operator.py for tasks to queue
[2023-03-26T16:24:39.216+0000] {logging_mixin.py:137} INFO - [2023-03-26T16:24:39.216+0000] {dagbag.py:532} INFO - Filling up the DagBag from /home/airflow/.local/lib/python3.7/site-packages/airflow/example_dags/example_short_circuit_operator.py
[2023-03-26T16:24:39.226+0000] {processor.py:753} INFO - DAG(s) dict_keys(['example_short_circuit_operator']) retrieved from /home/airflow/.local/lib/python3.7/site-packages/airflow/example_dags/example_short_circuit_operator.py
[2023-03-26T16:24:39.242+0000] {logging_mixin.py:137} INFO - [2023-03-26T16:24:39.242+0000] {dag.py:2693} INFO - Sync 1 DAGs
[2023-03-26T16:24:39.256+0000] {logging_mixin.py:137} INFO - [2023-03-26T16:24:39.256+0000] {dag.py:3444} INFO - Setting next_dagrun for example_short_circuit_operator to 2023-03-25T16:24:39.256648+00:00, run_after=2023-03-26T16:24:39.256648+00:00
[2023-03-26T16:24:39.270+0000] {processor.py:175} INFO - Processing /home/airflow/.local/lib/python3.7/site-packages/airflow/example_dags/example_short_circuit_operator.py took 0.057 seconds
[2023-03-26T16:25:09.815+0000] {processor.py:153} INFO - Started process (PID=800) to work on /home/airflow/.local/lib/python3.7/site-packages/airflow/example_dags/example_short_circuit_operator.py
[2023-03-26T16:25:09.815+0000] {processor.py:743} INFO - Processing file /home/airflow/.local/lib/python3.7/site-packages/airflow/example_dags/example_short_circuit_operator.py for tasks to queue
[2023-03-26T16:25:09.816+0000] {logging_mixin.py:137} INFO - [2023-03-26T16:25:09.816+0000] {dagbag.py:532} INFO - Filling up the DagBag from /home/airflow/.local/lib/python3.7/site-packages/airflow/example_dags/example_short_circuit_operator.py
[2023-03-26T16:25:09.826+0000] {processor.py:753} INFO - DAG(s) dict_keys(['example_short_circuit_operator']) retrieved from /home/airflow/.local/lib/python3.7/site-packages/airflow/example_dags/example_short_circuit_operator.py
[2023-03-26T16:25:09.846+0000] {logging_mixin.py:137} INFO - [2023-03-26T16:25:09.845+0000] {dag.py:2693} INFO - Sync 1 DAGs
[2023-03-26T16:25:09.861+0000] {logging_mixin.py:137} INFO - [2023-03-26T16:25:09.861+0000] {dag.py:3444} INFO - Setting next_dagrun for example_short_circuit_operator to 2023-03-25T16:25:09.861207+00:00, run_after=2023-03-26T16:25:09.861207+00:00
[2023-03-26T16:25:09.875+0000] {processor.py:175} INFO - Processing /home/airflow/.local/lib/python3.7/site-packages/airflow/example_dags/example_short_circuit_operator.py took 0.062 seconds
[2023-03-26T16:25:40.558+0000] {processor.py:153} INFO - Started process (PID=849) to work on /home/airflow/.local/lib/python3.7/site-packages/airflow/example_dags/example_short_circuit_operator.py
[2023-03-26T16:25:40.558+0000] {processor.py:743} INFO - Processing file /home/airflow/.local/lib/python3.7/site-packages/airflow/example_dags/example_short_circuit_operator.py for tasks to queue
[2023-03-26T16:25:40.558+0000] {logging_mixin.py:137} INFO - [2023-03-26T16:25:40.558+0000] {dagbag.py:532} INFO - Filling up the DagBag from /home/airflow/.local/lib/python3.7/site-packages/airflow/example_dags/example_short_circuit_operator.py
[2023-03-26T16:25:40.568+0000] {processor.py:753} INFO - DAG(s) dict_keys(['example_short_circuit_operator']) retrieved from /home/airflow/.local/lib/python3.7/site-packages/airflow/example_dags/example_short_circuit_operator.py
[2023-03-26T16:25:40.586+0000] {logging_mixin.py:137} INFO - [2023-03-26T16:25:40.586+0000] {dag.py:2693} INFO - Sync 1 DAGs
[2023-03-26T16:25:40.600+0000] {logging_mixin.py:137} INFO - [2023-03-26T16:25:40.600+0000] {dag.py:3444} INFO - Setting next_dagrun for example_short_circuit_operator to 2023-03-25T16:25:40.600635+00:00, run_after=2023-03-26T16:25:40.600635+00:00
[2023-03-26T16:25:40.614+0000] {processor.py:175} INFO - Processing /home/airflow/.local/lib/python3.7/site-packages/airflow/example_dags/example_short_circuit_operator.py took 0.058 seconds
[2023-03-26T16:26:33.286+0000] {processor.py:153} INFO - Started process (PID=65) to work on /home/airflow/.local/lib/python3.7/site-packages/airflow/example_dags/example_short_circuit_operator.py
[2023-03-26T16:26:33.287+0000] {processor.py:743} INFO - Processing file /home/airflow/.local/lib/python3.7/site-packages/airflow/example_dags/example_short_circuit_operator.py for tasks to queue
[2023-03-26T16:26:33.288+0000] {logging_mixin.py:137} INFO - [2023-03-26T16:26:33.288+0000] {dagbag.py:532} INFO - Filling up the DagBag from /home/airflow/.local/lib/python3.7/site-packages/airflow/example_dags/example_short_circuit_operator.py
[2023-03-26T16:26:33.300+0000] {processor.py:753} INFO - DAG(s) dict_keys(['example_short_circuit_operator']) retrieved from /home/airflow/.local/lib/python3.7/site-packages/airflow/example_dags/example_short_circuit_operator.py
[2023-03-26T16:26:33.308+0000] {logging_mixin.py:137} INFO - [2023-03-26T16:26:33.307+0000] {dag.py:2693} INFO - Sync 1 DAGs
[2023-03-26T16:26:33.323+0000] {logging_mixin.py:137} INFO - [2023-03-26T16:26:33.323+0000] {dag.py:3444} INFO - Setting next_dagrun for example_short_circuit_operator to 2023-03-25T16:26:33.323166+00:00, run_after=2023-03-26T16:26:33.323166+00:00
[2023-03-26T16:26:33.339+0000] {processor.py:175} INFO - Processing /home/airflow/.local/lib/python3.7/site-packages/airflow/example_dags/example_short_circuit_operator.py took 0.055 seconds
[2023-03-26T16:27:03.847+0000] {processor.py:153} INFO - Started process (PID=115) to work on /home/airflow/.local/lib/python3.7/site-packages/airflow/example_dags/example_short_circuit_operator.py
[2023-03-26T16:27:03.848+0000] {processor.py:743} INFO - Processing file /home/airflow/.local/lib/python3.7/site-packages/airflow/example_dags/example_short_circuit_operator.py for tasks to queue
[2023-03-26T16:27:03.848+0000] {logging_mixin.py:137} INFO - [2023-03-26T16:27:03.848+0000] {dagbag.py:532} INFO - Filling up the DagBag from /home/airflow/.local/lib/python3.7/site-packages/airflow/example_dags/example_short_circuit_operator.py
[2023-03-26T16:27:03.857+0000] {processor.py:753} INFO - DAG(s) dict_keys(['example_short_circuit_operator']) retrieved from /home/airflow/.local/lib/python3.7/site-packages/airflow/example_dags/example_short_circuit_operator.py
[2023-03-26T16:27:03.875+0000] {logging_mixin.py:137} INFO - [2023-03-26T16:27:03.874+0000] {dag.py:2693} INFO - Sync 1 DAGs
[2023-03-26T16:27:03.889+0000] {logging_mixin.py:137} INFO - [2023-03-26T16:27:03.889+0000] {dag.py:3444} INFO - Setting next_dagrun for example_short_circuit_operator to 2023-03-25T16:27:03.888951+00:00, run_after=2023-03-26T16:27:03.888951+00:00
[2023-03-26T16:27:03.902+0000] {processor.py:175} INFO - Processing /home/airflow/.local/lib/python3.7/site-packages/airflow/example_dags/example_short_circuit_operator.py took 0.056 seconds
[2023-03-26T16:27:34.569+0000] {processor.py:153} INFO - Started process (PID=165) to work on /home/airflow/.local/lib/python3.7/site-packages/airflow/example_dags/example_short_circuit_operator.py
[2023-03-26T16:27:34.570+0000] {processor.py:743} INFO - Processing file /home/airflow/.local/lib/python3.7/site-packages/airflow/example_dags/example_short_circuit_operator.py for tasks to queue
[2023-03-26T16:27:34.570+0000] {logging_mixin.py:137} INFO - [2023-03-26T16:27:34.570+0000] {dagbag.py:532} INFO - Filling up the DagBag from /home/airflow/.local/lib/python3.7/site-packages/airflow/example_dags/example_short_circuit_operator.py
[2023-03-26T16:27:34.579+0000] {processor.py:753} INFO - DAG(s) dict_keys(['example_short_circuit_operator']) retrieved from /home/airflow/.local/lib/python3.7/site-packages/airflow/example_dags/example_short_circuit_operator.py
[2023-03-26T16:27:34.598+0000] {logging_mixin.py:137} INFO - [2023-03-26T16:27:34.598+0000] {dag.py:2693} INFO - Sync 1 DAGs
[2023-03-26T16:27:34.612+0000] {logging_mixin.py:137} INFO - [2023-03-26T16:27:34.612+0000] {dag.py:3444} INFO - Setting next_dagrun for example_short_circuit_operator to 2023-03-25T16:27:34.612058+00:00, run_after=2023-03-26T16:27:34.612058+00:00
[2023-03-26T16:27:34.628+0000] {processor.py:175} INFO - Processing /home/airflow/.local/lib/python3.7/site-packages/airflow/example_dags/example_short_circuit_operator.py took 0.060 seconds
[2023-03-26T16:28:05.268+0000] {processor.py:153} INFO - Started process (PID=214) to work on /home/airflow/.local/lib/python3.7/site-packages/airflow/example_dags/example_short_circuit_operator.py
[2023-03-26T16:28:05.269+0000] {processor.py:743} INFO - Processing file /home/airflow/.local/lib/python3.7/site-packages/airflow/example_dags/example_short_circuit_operator.py for tasks to queue
[2023-03-26T16:28:05.270+0000] {logging_mixin.py:137} INFO - [2023-03-26T16:28:05.270+0000] {dagbag.py:532} INFO - Filling up the DagBag from /home/airflow/.local/lib/python3.7/site-packages/airflow/example_dags/example_short_circuit_operator.py
[2023-03-26T16:28:05.279+0000] {processor.py:753} INFO - DAG(s) dict_keys(['example_short_circuit_operator']) retrieved from /home/airflow/.local/lib/python3.7/site-packages/airflow/example_dags/example_short_circuit_operator.py
[2023-03-26T16:28:05.297+0000] {logging_mixin.py:137} INFO - [2023-03-26T16:28:05.297+0000] {dag.py:2693} INFO - Sync 1 DAGs
[2023-03-26T16:28:05.311+0000] {logging_mixin.py:137} INFO - [2023-03-26T16:28:05.311+0000] {dag.py:3444} INFO - Setting next_dagrun for example_short_circuit_operator to 2023-03-25T16:28:05.311657+00:00, run_after=2023-03-26T16:28:05.311657+00:00
[2023-03-26T16:28:05.327+0000] {processor.py:175} INFO - Processing /home/airflow/.local/lib/python3.7/site-packages/airflow/example_dags/example_short_circuit_operator.py took 0.060 seconds
[2023-03-26T16:28:35.883+0000] {processor.py:153} INFO - Started process (PID=263) to work on /home/airflow/.local/lib/python3.7/site-packages/airflow/example_dags/example_short_circuit_operator.py
[2023-03-26T16:28:35.883+0000] {processor.py:743} INFO - Processing file /home/airflow/.local/lib/python3.7/site-packages/airflow/example_dags/example_short_circuit_operator.py for tasks to queue
[2023-03-26T16:28:35.884+0000] {logging_mixin.py:137} INFO - [2023-03-26T16:28:35.883+0000] {dagbag.py:532} INFO - Filling up the DagBag from /home/airflow/.local/lib/python3.7/site-packages/airflow/example_dags/example_short_circuit_operator.py
[2023-03-26T16:28:35.892+0000] {processor.py:753} INFO - DAG(s) dict_keys(['example_short_circuit_operator']) retrieved from /home/airflow/.local/lib/python3.7/site-packages/airflow/example_dags/example_short_circuit_operator.py
[2023-03-26T16:28:35.910+0000] {logging_mixin.py:137} INFO - [2023-03-26T16:28:35.910+0000] {dag.py:2693} INFO - Sync 1 DAGs
[2023-03-26T16:28:35.924+0000] {logging_mixin.py:137} INFO - [2023-03-26T16:28:35.924+0000] {dag.py:3444} INFO - Setting next_dagrun for example_short_circuit_operator to 2023-03-25T16:28:35.923951+00:00, run_after=2023-03-26T16:28:35.923951+00:00
[2023-03-26T16:28:35.938+0000] {processor.py:175} INFO - Processing /home/airflow/.local/lib/python3.7/site-packages/airflow/example_dags/example_short_circuit_operator.py took 0.057 seconds
[2023-03-26T16:48:47.533+0000] {processor.py:153} INFO - Started process (PID=64) to work on /home/airflow/.local/lib/python3.7/site-packages/airflow/example_dags/example_short_circuit_operator.py
[2023-03-26T16:48:47.534+0000] {processor.py:743} INFO - Processing file /home/airflow/.local/lib/python3.7/site-packages/airflow/example_dags/example_short_circuit_operator.py for tasks to queue
[2023-03-26T16:48:47.534+0000] {logging_mixin.py:137} INFO - [2023-03-26T16:48:47.534+0000] {dagbag.py:532} INFO - Filling up the DagBag from /home/airflow/.local/lib/python3.7/site-packages/airflow/example_dags/example_short_circuit_operator.py
[2023-03-26T16:48:47.546+0000] {processor.py:753} INFO - DAG(s) dict_keys(['example_short_circuit_operator']) retrieved from /home/airflow/.local/lib/python3.7/site-packages/airflow/example_dags/example_short_circuit_operator.py
[2023-03-26T16:48:47.556+0000] {logging_mixin.py:137} INFO - [2023-03-26T16:48:47.556+0000] {dag.py:2693} INFO - Sync 1 DAGs
[2023-03-26T16:48:47.571+0000] {logging_mixin.py:137} INFO - [2023-03-26T16:48:47.570+0000] {dag.py:3444} INFO - Setting next_dagrun for example_short_circuit_operator to 2023-03-25T16:48:47.570838+00:00, run_after=2023-03-26T16:48:47.570838+00:00
[2023-03-26T16:48:47.585+0000] {processor.py:175} INFO - Processing /home/airflow/.local/lib/python3.7/site-packages/airflow/example_dags/example_short_circuit_operator.py took 0.054 seconds
[2023-03-26T16:49:18.074+0000] {processor.py:153} INFO - Started process (PID=113) to work on /home/airflow/.local/lib/python3.7/site-packages/airflow/example_dags/example_short_circuit_operator.py
[2023-03-26T16:49:18.076+0000] {processor.py:743} INFO - Processing file /home/airflow/.local/lib/python3.7/site-packages/airflow/example_dags/example_short_circuit_operator.py for tasks to queue
[2023-03-26T16:49:18.076+0000] {logging_mixin.py:137} INFO - [2023-03-26T16:49:18.076+0000] {dagbag.py:532} INFO - Filling up the DagBag from /home/airflow/.local/lib/python3.7/site-packages/airflow/example_dags/example_short_circuit_operator.py
[2023-03-26T16:49:18.085+0000] {processor.py:753} INFO - DAG(s) dict_keys(['example_short_circuit_operator']) retrieved from /home/airflow/.local/lib/python3.7/site-packages/airflow/example_dags/example_short_circuit_operator.py
[2023-03-26T16:49:18.103+0000] {logging_mixin.py:137} INFO - [2023-03-26T16:49:18.103+0000] {dag.py:2693} INFO - Sync 1 DAGs
[2023-03-26T16:49:18.118+0000] {logging_mixin.py:137} INFO - [2023-03-26T16:49:18.118+0000] {dag.py:3444} INFO - Setting next_dagrun for example_short_circuit_operator to 2023-03-25T16:49:18.117922+00:00, run_after=2023-03-26T16:49:18.117922+00:00
[2023-03-26T16:49:18.133+0000] {processor.py:175} INFO - Processing /home/airflow/.local/lib/python3.7/site-packages/airflow/example_dags/example_short_circuit_operator.py took 0.061 seconds
[2023-03-26T16:49:48.633+0000] {processor.py:153} INFO - Started process (PID=162) to work on /home/airflow/.local/lib/python3.7/site-packages/airflow/example_dags/example_short_circuit_operator.py
[2023-03-26T16:49:48.634+0000] {processor.py:743} INFO - Processing file /home/airflow/.local/lib/python3.7/site-packages/airflow/example_dags/example_short_circuit_operator.py for tasks to queue
[2023-03-26T16:49:48.634+0000] {logging_mixin.py:137} INFO - [2023-03-26T16:49:48.634+0000] {dagbag.py:532} INFO - Filling up the DagBag from /home/airflow/.local/lib/python3.7/site-packages/airflow/example_dags/example_short_circuit_operator.py
[2023-03-26T16:49:48.643+0000] {processor.py:753} INFO - DAG(s) dict_keys(['example_short_circuit_operator']) retrieved from /home/airflow/.local/lib/python3.7/site-packages/airflow/example_dags/example_short_circuit_operator.py
[2023-03-26T16:49:48.660+0000] {logging_mixin.py:137} INFO - [2023-03-26T16:49:48.660+0000] {dag.py:2693} INFO - Sync 1 DAGs
[2023-03-26T16:49:48.675+0000] {logging_mixin.py:137} INFO - [2023-03-26T16:49:48.674+0000] {dag.py:3444} INFO - Setting next_dagrun for example_short_circuit_operator to 2023-03-25T16:49:48.674792+00:00, run_after=2023-03-26T16:49:48.674792+00:00
[2023-03-26T16:49:48.687+0000] {processor.py:175} INFO - Processing /home/airflow/.local/lib/python3.7/site-packages/airflow/example_dags/example_short_circuit_operator.py took 0.056 seconds
[2023-03-26T16:50:19.280+0000] {processor.py:153} INFO - Started process (PID=211) to work on /home/airflow/.local/lib/python3.7/site-packages/airflow/example_dags/example_short_circuit_operator.py
[2023-03-26T16:50:19.280+0000] {processor.py:743} INFO - Processing file /home/airflow/.local/lib/python3.7/site-packages/airflow/example_dags/example_short_circuit_operator.py for tasks to queue
[2023-03-26T16:50:19.281+0000] {logging_mixin.py:137} INFO - [2023-03-26T16:50:19.281+0000] {dagbag.py:532} INFO - Filling up the DagBag from /home/airflow/.local/lib/python3.7/site-packages/airflow/example_dags/example_short_circuit_operator.py
[2023-03-26T16:50:19.290+0000] {processor.py:753} INFO - DAG(s) dict_keys(['example_short_circuit_operator']) retrieved from /home/airflow/.local/lib/python3.7/site-packages/airflow/example_dags/example_short_circuit_operator.py
[2023-03-26T16:50:19.308+0000] {logging_mixin.py:137} INFO - [2023-03-26T16:50:19.308+0000] {dag.py:2693} INFO - Sync 1 DAGs
[2023-03-26T16:50:19.322+0000] {logging_mixin.py:137} INFO - [2023-03-26T16:50:19.322+0000] {dag.py:3444} INFO - Setting next_dagrun for example_short_circuit_operator to 2023-03-25T16:50:19.322586+00:00, run_after=2023-03-26T16:50:19.322586+00:00
[2023-03-26T16:50:19.334+0000] {processor.py:175} INFO - Processing /home/airflow/.local/lib/python3.7/site-packages/airflow/example_dags/example_short_circuit_operator.py took 0.056 seconds
[2023-03-26T16:50:49.867+0000] {processor.py:153} INFO - Started process (PID=260) to work on /home/airflow/.local/lib/python3.7/site-packages/airflow/example_dags/example_short_circuit_operator.py
[2023-03-26T16:50:49.868+0000] {processor.py:743} INFO - Processing file /home/airflow/.local/lib/python3.7/site-packages/airflow/example_dags/example_short_circuit_operator.py for tasks to queue
[2023-03-26T16:50:49.868+0000] {logging_mixin.py:137} INFO - [2023-03-26T16:50:49.868+0000] {dagbag.py:532} INFO - Filling up the DagBag from /home/airflow/.local/lib/python3.7/site-packages/airflow/example_dags/example_short_circuit_operator.py
[2023-03-26T16:50:49.877+0000] {processor.py:753} INFO - DAG(s) dict_keys(['example_short_circuit_operator']) retrieved from /home/airflow/.local/lib/python3.7/site-packages/airflow/example_dags/example_short_circuit_operator.py
[2023-03-26T16:50:49.894+0000] {logging_mixin.py:137} INFO - [2023-03-26T16:50:49.894+0000] {dag.py:2693} INFO - Sync 1 DAGs
[2023-03-26T16:50:49.908+0000] {logging_mixin.py:137} INFO - [2023-03-26T16:50:49.908+0000] {dag.py:3444} INFO - Setting next_dagrun for example_short_circuit_operator to 2023-03-25T16:50:49.908502+00:00, run_after=2023-03-26T16:50:49.908502+00:00
[2023-03-26T16:50:49.925+0000] {processor.py:175} INFO - Processing /home/airflow/.local/lib/python3.7/site-packages/airflow/example_dags/example_short_circuit_operator.py took 0.060 seconds
[2023-03-26T16:51:20.591+0000] {processor.py:153} INFO - Started process (PID=309) to work on /home/airflow/.local/lib/python3.7/site-packages/airflow/example_dags/example_short_circuit_operator.py
[2023-03-26T16:51:20.592+0000] {processor.py:743} INFO - Processing file /home/airflow/.local/lib/python3.7/site-packages/airflow/example_dags/example_short_circuit_operator.py for tasks to queue
[2023-03-26T16:51:20.592+0000] {logging_mixin.py:137} INFO - [2023-03-26T16:51:20.592+0000] {dagbag.py:532} INFO - Filling up the DagBag from /home/airflow/.local/lib/python3.7/site-packages/airflow/example_dags/example_short_circuit_operator.py
[2023-03-26T16:51:20.601+0000] {processor.py:753} INFO - DAG(s) dict_keys(['example_short_circuit_operator']) retrieved from /home/airflow/.local/lib/python3.7/site-packages/airflow/example_dags/example_short_circuit_operator.py
[2023-03-26T16:51:20.620+0000] {logging_mixin.py:137} INFO - [2023-03-26T16:51:20.619+0000] {dag.py:2693} INFO - Sync 1 DAGs
[2023-03-26T16:51:20.635+0000] {logging_mixin.py:137} INFO - [2023-03-26T16:51:20.635+0000] {dag.py:3444} INFO - Setting next_dagrun for example_short_circuit_operator to 2023-03-25T16:51:20.635309+00:00, run_after=2023-03-26T16:51:20.635309+00:00
[2023-03-26T16:51:20.648+0000] {processor.py:175} INFO - Processing /home/airflow/.local/lib/python3.7/site-packages/airflow/example_dags/example_short_circuit_operator.py took 0.059 seconds
[2023-03-26T16:51:51.381+0000] {processor.py:153} INFO - Started process (PID=358) to work on /home/airflow/.local/lib/python3.7/site-packages/airflow/example_dags/example_short_circuit_operator.py
[2023-03-26T16:51:51.382+0000] {processor.py:743} INFO - Processing file /home/airflow/.local/lib/python3.7/site-packages/airflow/example_dags/example_short_circuit_operator.py for tasks to queue
[2023-03-26T16:51:51.382+0000] {logging_mixin.py:137} INFO - [2023-03-26T16:51:51.382+0000] {dagbag.py:532} INFO - Filling up the DagBag from /home/airflow/.local/lib/python3.7/site-packages/airflow/example_dags/example_short_circuit_operator.py
[2023-03-26T16:51:51.391+0000] {processor.py:753} INFO - DAG(s) dict_keys(['example_short_circuit_operator']) retrieved from /home/airflow/.local/lib/python3.7/site-packages/airflow/example_dags/example_short_circuit_operator.py
[2023-03-26T16:51:51.409+0000] {logging_mixin.py:137} INFO - [2023-03-26T16:51:51.409+0000] {dag.py:2693} INFO - Sync 1 DAGs
[2023-03-26T16:51:51.422+0000] {logging_mixin.py:137} INFO - [2023-03-26T16:51:51.422+0000] {dag.py:3444} INFO - Setting next_dagrun for example_short_circuit_operator to 2023-03-25T16:51:51.422610+00:00, run_after=2023-03-26T16:51:51.422610+00:00
[2023-03-26T16:51:51.436+0000] {processor.py:175} INFO - Processing /home/airflow/.local/lib/python3.7/site-packages/airflow/example_dags/example_short_circuit_operator.py took 0.057 seconds
[2023-03-26T16:52:22.165+0000] {processor.py:153} INFO - Started process (PID=407) to work on /home/airflow/.local/lib/python3.7/site-packages/airflow/example_dags/example_short_circuit_operator.py
[2023-03-26T16:52:22.165+0000] {processor.py:743} INFO - Processing file /home/airflow/.local/lib/python3.7/site-packages/airflow/example_dags/example_short_circuit_operator.py for tasks to queue
[2023-03-26T16:52:22.165+0000] {logging_mixin.py:137} INFO - [2023-03-26T16:52:22.165+0000] {dagbag.py:532} INFO - Filling up the DagBag from /home/airflow/.local/lib/python3.7/site-packages/airflow/example_dags/example_short_circuit_operator.py
[2023-03-26T16:52:22.174+0000] {processor.py:753} INFO - DAG(s) dict_keys(['example_short_circuit_operator']) retrieved from /home/airflow/.local/lib/python3.7/site-packages/airflow/example_dags/example_short_circuit_operator.py
[2023-03-26T16:52:22.191+0000] {logging_mixin.py:137} INFO - [2023-03-26T16:52:22.191+0000] {dag.py:2693} INFO - Sync 1 DAGs
[2023-03-26T16:52:22.205+0000] {logging_mixin.py:137} INFO - [2023-03-26T16:52:22.205+0000] {dag.py:3444} INFO - Setting next_dagrun for example_short_circuit_operator to 2023-03-25T16:52:22.205224+00:00, run_after=2023-03-26T16:52:22.205224+00:00
[2023-03-26T16:52:22.220+0000] {processor.py:175} INFO - Processing /home/airflow/.local/lib/python3.7/site-packages/airflow/example_dags/example_short_circuit_operator.py took 0.057 seconds
[2023-03-26T16:52:52.675+0000] {processor.py:153} INFO - Started process (PID=456) to work on /home/airflow/.local/lib/python3.7/site-packages/airflow/example_dags/example_short_circuit_operator.py
[2023-03-26T16:52:52.676+0000] {processor.py:743} INFO - Processing file /home/airflow/.local/lib/python3.7/site-packages/airflow/example_dags/example_short_circuit_operator.py for tasks to queue
[2023-03-26T16:52:52.677+0000] {logging_mixin.py:137} INFO - [2023-03-26T16:52:52.676+0000] {dagbag.py:532} INFO - Filling up the DagBag from /home/airflow/.local/lib/python3.7/site-packages/airflow/example_dags/example_short_circuit_operator.py
[2023-03-26T16:52:52.685+0000] {processor.py:753} INFO - DAG(s) dict_keys(['example_short_circuit_operator']) retrieved from /home/airflow/.local/lib/python3.7/site-packages/airflow/example_dags/example_short_circuit_operator.py
[2023-03-26T16:52:52.703+0000] {logging_mixin.py:137} INFO - [2023-03-26T16:52:52.702+0000] {dag.py:2693} INFO - Sync 1 DAGs
[2023-03-26T16:52:52.721+0000] {logging_mixin.py:137} INFO - [2023-03-26T16:52:52.721+0000] {dag.py:3444} INFO - Setting next_dagrun for example_short_circuit_operator to 2023-03-25T16:52:52.721629+00:00, run_after=2023-03-26T16:52:52.721629+00:00
[2023-03-26T16:52:52.736+0000] {processor.py:175} INFO - Processing /home/airflow/.local/lib/python3.7/site-packages/airflow/example_dags/example_short_circuit_operator.py took 0.062 seconds
[2023-03-26T16:53:23.272+0000] {processor.py:153} INFO - Started process (PID=505) to work on /home/airflow/.local/lib/python3.7/site-packages/airflow/example_dags/example_short_circuit_operator.py
[2023-03-26T16:53:23.272+0000] {processor.py:743} INFO - Processing file /home/airflow/.local/lib/python3.7/site-packages/airflow/example_dags/example_short_circuit_operator.py for tasks to queue
[2023-03-26T16:53:23.273+0000] {logging_mixin.py:137} INFO - [2023-03-26T16:53:23.273+0000] {dagbag.py:532} INFO - Filling up the DagBag from /home/airflow/.local/lib/python3.7/site-packages/airflow/example_dags/example_short_circuit_operator.py
[2023-03-26T16:53:23.282+0000] {processor.py:753} INFO - DAG(s) dict_keys(['example_short_circuit_operator']) retrieved from /home/airflow/.local/lib/python3.7/site-packages/airflow/example_dags/example_short_circuit_operator.py
[2023-03-26T16:53:23.300+0000] {logging_mixin.py:137} INFO - [2023-03-26T16:53:23.300+0000] {dag.py:2693} INFO - Sync 1 DAGs
[2023-03-26T16:53:23.316+0000] {logging_mixin.py:137} INFO - [2023-03-26T16:53:23.316+0000] {dag.py:3444} INFO - Setting next_dagrun for example_short_circuit_operator to 2023-03-25T16:53:23.315995+00:00, run_after=2023-03-26T16:53:23.315995+00:00
[2023-03-26T16:53:23.330+0000] {processor.py:175} INFO - Processing /home/airflow/.local/lib/python3.7/site-packages/airflow/example_dags/example_short_circuit_operator.py took 0.060 seconds
[2023-03-26T16:53:53.949+0000] {processor.py:153} INFO - Started process (PID=554) to work on /home/airflow/.local/lib/python3.7/site-packages/airflow/example_dags/example_short_circuit_operator.py
[2023-03-26T16:53:53.950+0000] {processor.py:743} INFO - Processing file /home/airflow/.local/lib/python3.7/site-packages/airflow/example_dags/example_short_circuit_operator.py for tasks to queue
[2023-03-26T16:53:53.950+0000] {logging_mixin.py:137} INFO - [2023-03-26T16:53:53.950+0000] {dagbag.py:532} INFO - Filling up the DagBag from /home/airflow/.local/lib/python3.7/site-packages/airflow/example_dags/example_short_circuit_operator.py
[2023-03-26T16:53:53.960+0000] {processor.py:753} INFO - DAG(s) dict_keys(['example_short_circuit_operator']) retrieved from /home/airflow/.local/lib/python3.7/site-packages/airflow/example_dags/example_short_circuit_operator.py
[2023-03-26T16:53:53.978+0000] {logging_mixin.py:137} INFO - [2023-03-26T16:53:53.978+0000] {dag.py:2693} INFO - Sync 1 DAGs
[2023-03-26T16:53:53.993+0000] {logging_mixin.py:137} INFO - [2023-03-26T16:53:53.993+0000] {dag.py:3444} INFO - Setting next_dagrun for example_short_circuit_operator to 2023-03-25T16:53:53.993038+00:00, run_after=2023-03-26T16:53:53.993038+00:00
[2023-03-26T16:53:54.008+0000] {processor.py:175} INFO - Processing /home/airflow/.local/lib/python3.7/site-packages/airflow/example_dags/example_short_circuit_operator.py took 0.060 seconds
[2023-03-26T16:54:24.741+0000] {processor.py:153} INFO - Started process (PID=603) to work on /home/airflow/.local/lib/python3.7/site-packages/airflow/example_dags/example_short_circuit_operator.py
[2023-03-26T16:54:24.741+0000] {processor.py:743} INFO - Processing file /home/airflow/.local/lib/python3.7/site-packages/airflow/example_dags/example_short_circuit_operator.py for tasks to queue
[2023-03-26T16:54:24.742+0000] {logging_mixin.py:137} INFO - [2023-03-26T16:54:24.742+0000] {dagbag.py:532} INFO - Filling up the DagBag from /home/airflow/.local/lib/python3.7/site-packages/airflow/example_dags/example_short_circuit_operator.py
[2023-03-26T16:54:24.751+0000] {processor.py:753} INFO - DAG(s) dict_keys(['example_short_circuit_operator']) retrieved from /home/airflow/.local/lib/python3.7/site-packages/airflow/example_dags/example_short_circuit_operator.py
[2023-03-26T16:54:24.768+0000] {logging_mixin.py:137} INFO - [2023-03-26T16:54:24.768+0000] {dag.py:2693} INFO - Sync 1 DAGs
[2023-03-26T16:54:24.783+0000] {logging_mixin.py:137} INFO - [2023-03-26T16:54:24.783+0000] {dag.py:3444} INFO - Setting next_dagrun for example_short_circuit_operator to 2023-03-25T16:54:24.782993+00:00, run_after=2023-03-26T16:54:24.782993+00:00
[2023-03-26T16:54:24.798+0000] {processor.py:175} INFO - Processing /home/airflow/.local/lib/python3.7/site-packages/airflow/example_dags/example_short_circuit_operator.py took 0.059 seconds
[2023-03-26T16:54:55.692+0000] {processor.py:153} INFO - Started process (PID=652) to work on /home/airflow/.local/lib/python3.7/site-packages/airflow/example_dags/example_short_circuit_operator.py
[2023-03-26T16:54:55.693+0000] {processor.py:743} INFO - Processing file /home/airflow/.local/lib/python3.7/site-packages/airflow/example_dags/example_short_circuit_operator.py for tasks to queue
[2023-03-26T16:54:55.694+0000] {logging_mixin.py:137} INFO - [2023-03-26T16:54:55.693+0000] {dagbag.py:532} INFO - Filling up the DagBag from /home/airflow/.local/lib/python3.7/site-packages/airflow/example_dags/example_short_circuit_operator.py
[2023-03-26T16:54:55.703+0000] {processor.py:753} INFO - DAG(s) dict_keys(['example_short_circuit_operator']) retrieved from /home/airflow/.local/lib/python3.7/site-packages/airflow/example_dags/example_short_circuit_operator.py
[2023-03-26T16:54:55.719+0000] {logging_mixin.py:137} INFO - [2023-03-26T16:54:55.719+0000] {dag.py:2693} INFO - Sync 1 DAGs
[2023-03-26T16:54:55.735+0000] {logging_mixin.py:137} INFO - [2023-03-26T16:54:55.735+0000] {dag.py:3444} INFO - Setting next_dagrun for example_short_circuit_operator to 2023-03-25T16:54:55.735510+00:00, run_after=2023-03-26T16:54:55.735510+00:00
[2023-03-26T16:54:55.749+0000] {processor.py:175} INFO - Processing /home/airflow/.local/lib/python3.7/site-packages/airflow/example_dags/example_short_circuit_operator.py took 0.059 seconds
[2023-03-26T16:55:26.327+0000] {processor.py:153} INFO - Started process (PID=701) to work on /home/airflow/.local/lib/python3.7/site-packages/airflow/example_dags/example_short_circuit_operator.py
[2023-03-26T16:55:26.327+0000] {processor.py:743} INFO - Processing file /home/airflow/.local/lib/python3.7/site-packages/airflow/example_dags/example_short_circuit_operator.py for tasks to queue
[2023-03-26T16:55:26.327+0000] {logging_mixin.py:137} INFO - [2023-03-26T16:55:26.327+0000] {dagbag.py:532} INFO - Filling up the DagBag from /home/airflow/.local/lib/python3.7/site-packages/airflow/example_dags/example_short_circuit_operator.py
[2023-03-26T16:55:26.336+0000] {processor.py:753} INFO - DAG(s) dict_keys(['example_short_circuit_operator']) retrieved from /home/airflow/.local/lib/python3.7/site-packages/airflow/example_dags/example_short_circuit_operator.py
[2023-03-26T16:55:26.354+0000] {logging_mixin.py:137} INFO - [2023-03-26T16:55:26.354+0000] {dag.py:2693} INFO - Sync 1 DAGs
[2023-03-26T16:55:26.368+0000] {logging_mixin.py:137} INFO - [2023-03-26T16:55:26.368+0000] {dag.py:3444} INFO - Setting next_dagrun for example_short_circuit_operator to 2023-03-25T16:55:26.368515+00:00, run_after=2023-03-26T16:55:26.368515+00:00
[2023-03-26T16:55:26.384+0000] {processor.py:175} INFO - Processing /home/airflow/.local/lib/python3.7/site-packages/airflow/example_dags/example_short_circuit_operator.py took 0.060 seconds
[2023-03-26T16:55:56.873+0000] {processor.py:153} INFO - Started process (PID=750) to work on /home/airflow/.local/lib/python3.7/site-packages/airflow/example_dags/example_short_circuit_operator.py
[2023-03-26T16:55:56.873+0000] {processor.py:743} INFO - Processing file /home/airflow/.local/lib/python3.7/site-packages/airflow/example_dags/example_short_circuit_operator.py for tasks to queue
[2023-03-26T16:55:56.874+0000] {logging_mixin.py:137} INFO - [2023-03-26T16:55:56.874+0000] {dagbag.py:532} INFO - Filling up the DagBag from /home/airflow/.local/lib/python3.7/site-packages/airflow/example_dags/example_short_circuit_operator.py
[2023-03-26T16:55:56.883+0000] {processor.py:753} INFO - DAG(s) dict_keys(['example_short_circuit_operator']) retrieved from /home/airflow/.local/lib/python3.7/site-packages/airflow/example_dags/example_short_circuit_operator.py
[2023-03-26T16:55:56.900+0000] {logging_mixin.py:137} INFO - [2023-03-26T16:55:56.900+0000] {dag.py:2693} INFO - Sync 1 DAGs
[2023-03-26T16:55:56.914+0000] {logging_mixin.py:137} INFO - [2023-03-26T16:55:56.914+0000] {dag.py:3444} INFO - Setting next_dagrun for example_short_circuit_operator to 2023-03-25T16:55:56.914325+00:00, run_after=2023-03-26T16:55:56.914325+00:00
[2023-03-26T16:55:56.926+0000] {processor.py:175} INFO - Processing /home/airflow/.local/lib/python3.7/site-packages/airflow/example_dags/example_short_circuit_operator.py took 0.056 seconds
[2023-03-26T16:56:27.559+0000] {processor.py:153} INFO - Started process (PID=799) to work on /home/airflow/.local/lib/python3.7/site-packages/airflow/example_dags/example_short_circuit_operator.py
[2023-03-26T16:56:27.560+0000] {processor.py:743} INFO - Processing file /home/airflow/.local/lib/python3.7/site-packages/airflow/example_dags/example_short_circuit_operator.py for tasks to queue
[2023-03-26T16:56:27.560+0000] {logging_mixin.py:137} INFO - [2023-03-26T16:56:27.560+0000] {dagbag.py:532} INFO - Filling up the DagBag from /home/airflow/.local/lib/python3.7/site-packages/airflow/example_dags/example_short_circuit_operator.py
[2023-03-26T16:56:27.568+0000] {processor.py:753} INFO - DAG(s) dict_keys(['example_short_circuit_operator']) retrieved from /home/airflow/.local/lib/python3.7/site-packages/airflow/example_dags/example_short_circuit_operator.py
[2023-03-26T16:56:27.585+0000] {logging_mixin.py:137} INFO - [2023-03-26T16:56:27.585+0000] {dag.py:2693} INFO - Sync 1 DAGs
[2023-03-26T16:56:27.600+0000] {logging_mixin.py:137} INFO - [2023-03-26T16:56:27.600+0000] {dag.py:3444} INFO - Setting next_dagrun for example_short_circuit_operator to 2023-03-25T16:56:27.600384+00:00, run_after=2023-03-26T16:56:27.600384+00:00
[2023-03-26T16:56:27.614+0000] {processor.py:175} INFO - Processing /home/airflow/.local/lib/python3.7/site-packages/airflow/example_dags/example_short_circuit_operator.py took 0.057 seconds
[2023-03-26T16:56:58.340+0000] {processor.py:153} INFO - Started process (PID=848) to work on /home/airflow/.local/lib/python3.7/site-packages/airflow/example_dags/example_short_circuit_operator.py
[2023-03-26T16:56:58.341+0000] {processor.py:743} INFO - Processing file /home/airflow/.local/lib/python3.7/site-packages/airflow/example_dags/example_short_circuit_operator.py for tasks to queue
[2023-03-26T16:56:58.341+0000] {logging_mixin.py:137} INFO - [2023-03-26T16:56:58.341+0000] {dagbag.py:532} INFO - Filling up the DagBag from /home/airflow/.local/lib/python3.7/site-packages/airflow/example_dags/example_short_circuit_operator.py
[2023-03-26T16:56:58.350+0000] {processor.py:753} INFO - DAG(s) dict_keys(['example_short_circuit_operator']) retrieved from /home/airflow/.local/lib/python3.7/site-packages/airflow/example_dags/example_short_circuit_operator.py
[2023-03-26T16:56:58.369+0000] {logging_mixin.py:137} INFO - [2023-03-26T16:56:58.369+0000] {dag.py:2693} INFO - Sync 1 DAGs
[2023-03-26T16:56:58.384+0000] {logging_mixin.py:137} INFO - [2023-03-26T16:56:58.383+0000] {dag.py:3444} INFO - Setting next_dagrun for example_short_circuit_operator to 2023-03-25T16:56:58.383823+00:00, run_after=2023-03-26T16:56:58.383823+00:00
[2023-03-26T16:56:58.398+0000] {processor.py:175} INFO - Processing /home/airflow/.local/lib/python3.7/site-packages/airflow/example_dags/example_short_circuit_operator.py took 0.060 seconds
[2023-03-26T16:57:28.858+0000] {processor.py:153} INFO - Started process (PID=897) to work on /home/airflow/.local/lib/python3.7/site-packages/airflow/example_dags/example_short_circuit_operator.py
[2023-03-26T16:57:28.858+0000] {processor.py:743} INFO - Processing file /home/airflow/.local/lib/python3.7/site-packages/airflow/example_dags/example_short_circuit_operator.py for tasks to queue
[2023-03-26T16:57:28.859+0000] {logging_mixin.py:137} INFO - [2023-03-26T16:57:28.859+0000] {dagbag.py:532} INFO - Filling up the DagBag from /home/airflow/.local/lib/python3.7/site-packages/airflow/example_dags/example_short_circuit_operator.py
[2023-03-26T16:57:28.867+0000] {processor.py:753} INFO - DAG(s) dict_keys(['example_short_circuit_operator']) retrieved from /home/airflow/.local/lib/python3.7/site-packages/airflow/example_dags/example_short_circuit_operator.py
[2023-03-26T16:57:28.885+0000] {logging_mixin.py:137} INFO - [2023-03-26T16:57:28.885+0000] {dag.py:2693} INFO - Sync 1 DAGs
[2023-03-26T16:57:28.900+0000] {logging_mixin.py:137} INFO - [2023-03-26T16:57:28.900+0000] {dag.py:3444} INFO - Setting next_dagrun for example_short_circuit_operator to 2023-03-25T16:57:28.899961+00:00, run_after=2023-03-26T16:57:28.899961+00:00
[2023-03-26T16:57:28.915+0000] {processor.py:175} INFO - Processing /home/airflow/.local/lib/python3.7/site-packages/airflow/example_dags/example_short_circuit_operator.py took 0.058 seconds
[2023-03-26T16:57:59.439+0000] {processor.py:153} INFO - Started process (PID=946) to work on /home/airflow/.local/lib/python3.7/site-packages/airflow/example_dags/example_short_circuit_operator.py
[2023-03-26T16:57:59.440+0000] {processor.py:743} INFO - Processing file /home/airflow/.local/lib/python3.7/site-packages/airflow/example_dags/example_short_circuit_operator.py for tasks to queue
[2023-03-26T16:57:59.440+0000] {logging_mixin.py:137} INFO - [2023-03-26T16:57:59.440+0000] {dagbag.py:532} INFO - Filling up the DagBag from /home/airflow/.local/lib/python3.7/site-packages/airflow/example_dags/example_short_circuit_operator.py
[2023-03-26T16:57:59.449+0000] {processor.py:753} INFO - DAG(s) dict_keys(['example_short_circuit_operator']) retrieved from /home/airflow/.local/lib/python3.7/site-packages/airflow/example_dags/example_short_circuit_operator.py
[2023-03-26T16:57:59.467+0000] {logging_mixin.py:137} INFO - [2023-03-26T16:57:59.467+0000] {dag.py:2693} INFO - Sync 1 DAGs
[2023-03-26T16:57:59.482+0000] {logging_mixin.py:137} INFO - [2023-03-26T16:57:59.482+0000] {dag.py:3444} INFO - Setting next_dagrun for example_short_circuit_operator to 2023-03-25T16:57:59.481920+00:00, run_after=2023-03-26T16:57:59.481920+00:00
[2023-03-26T16:57:59.496+0000] {processor.py:175} INFO - Processing /home/airflow/.local/lib/python3.7/site-packages/airflow/example_dags/example_short_circuit_operator.py took 0.059 seconds
[2023-03-26T16:58:30.239+0000] {processor.py:153} INFO - Started process (PID=995) to work on /home/airflow/.local/lib/python3.7/site-packages/airflow/example_dags/example_short_circuit_operator.py
[2023-03-26T16:58:30.240+0000] {processor.py:743} INFO - Processing file /home/airflow/.local/lib/python3.7/site-packages/airflow/example_dags/example_short_circuit_operator.py for tasks to queue
[2023-03-26T16:58:30.240+0000] {logging_mixin.py:137} INFO - [2023-03-26T16:58:30.240+0000] {dagbag.py:532} INFO - Filling up the DagBag from /home/airflow/.local/lib/python3.7/site-packages/airflow/example_dags/example_short_circuit_operator.py
[2023-03-26T16:58:30.249+0000] {processor.py:753} INFO - DAG(s) dict_keys(['example_short_circuit_operator']) retrieved from /home/airflow/.local/lib/python3.7/site-packages/airflow/example_dags/example_short_circuit_operator.py
[2023-03-26T16:58:30.267+0000] {logging_mixin.py:137} INFO - [2023-03-26T16:58:30.267+0000] {dag.py:2693} INFO - Sync 1 DAGs
[2023-03-26T16:58:30.283+0000] {logging_mixin.py:137} INFO - [2023-03-26T16:58:30.282+0000] {dag.py:3444} INFO - Setting next_dagrun for example_short_circuit_operator to 2023-03-25T16:58:30.282759+00:00, run_after=2023-03-26T16:58:30.282759+00:00
[2023-03-26T16:58:30.297+0000] {processor.py:175} INFO - Processing /home/airflow/.local/lib/python3.7/site-packages/airflow/example_dags/example_short_circuit_operator.py took 0.060 seconds
[2023-03-26T16:59:00.969+0000] {processor.py:153} INFO - Started process (PID=1044) to work on /home/airflow/.local/lib/python3.7/site-packages/airflow/example_dags/example_short_circuit_operator.py
[2023-03-26T16:59:00.970+0000] {processor.py:743} INFO - Processing file /home/airflow/.local/lib/python3.7/site-packages/airflow/example_dags/example_short_circuit_operator.py for tasks to queue
[2023-03-26T16:59:00.970+0000] {logging_mixin.py:137} INFO - [2023-03-26T16:59:00.970+0000] {dagbag.py:532} INFO - Filling up the DagBag from /home/airflow/.local/lib/python3.7/site-packages/airflow/example_dags/example_short_circuit_operator.py
[2023-03-26T16:59:00.979+0000] {processor.py:753} INFO - DAG(s) dict_keys(['example_short_circuit_operator']) retrieved from /home/airflow/.local/lib/python3.7/site-packages/airflow/example_dags/example_short_circuit_operator.py
[2023-03-26T16:59:00.998+0000] {logging_mixin.py:137} INFO - [2023-03-26T16:59:00.998+0000] {dag.py:2693} INFO - Sync 1 DAGs
[2023-03-26T16:59:01.012+0000] {logging_mixin.py:137} INFO - [2023-03-26T16:59:01.011+0000] {dag.py:3444} INFO - Setting next_dagrun for example_short_circuit_operator to 2023-03-25T16:59:01.011727+00:00, run_after=2023-03-26T16:59:01.011727+00:00
[2023-03-26T16:59:01.026+0000] {processor.py:175} INFO - Processing /home/airflow/.local/lib/python3.7/site-packages/airflow/example_dags/example_short_circuit_operator.py took 0.059 seconds
[2023-03-26T16:59:31.697+0000] {processor.py:153} INFO - Started process (PID=1093) to work on /home/airflow/.local/lib/python3.7/site-packages/airflow/example_dags/example_short_circuit_operator.py
[2023-03-26T16:59:31.698+0000] {processor.py:743} INFO - Processing file /home/airflow/.local/lib/python3.7/site-packages/airflow/example_dags/example_short_circuit_operator.py for tasks to queue
[2023-03-26T16:59:31.698+0000] {logging_mixin.py:137} INFO - [2023-03-26T16:59:31.698+0000] {dagbag.py:532} INFO - Filling up the DagBag from /home/airflow/.local/lib/python3.7/site-packages/airflow/example_dags/example_short_circuit_operator.py
[2023-03-26T16:59:31.707+0000] {processor.py:753} INFO - DAG(s) dict_keys(['example_short_circuit_operator']) retrieved from /home/airflow/.local/lib/python3.7/site-packages/airflow/example_dags/example_short_circuit_operator.py
[2023-03-26T16:59:31.725+0000] {logging_mixin.py:137} INFO - [2023-03-26T16:59:31.725+0000] {dag.py:2693} INFO - Sync 1 DAGs
[2023-03-26T16:59:31.739+0000] {logging_mixin.py:137} INFO - [2023-03-26T16:59:31.739+0000] {dag.py:3444} INFO - Setting next_dagrun for example_short_circuit_operator to 2023-03-25T16:59:31.739050+00:00, run_after=2023-03-26T16:59:31.739050+00:00
[2023-03-26T16:59:31.752+0000] {processor.py:175} INFO - Processing /home/airflow/.local/lib/python3.7/site-packages/airflow/example_dags/example_short_circuit_operator.py took 0.057 seconds
[2023-03-26T17:00:02.297+0000] {processor.py:153} INFO - Started process (PID=1142) to work on /home/airflow/.local/lib/python3.7/site-packages/airflow/example_dags/example_short_circuit_operator.py
[2023-03-26T17:00:02.297+0000] {processor.py:743} INFO - Processing file /home/airflow/.local/lib/python3.7/site-packages/airflow/example_dags/example_short_circuit_operator.py for tasks to queue
[2023-03-26T17:00:02.298+0000] {logging_mixin.py:137} INFO - [2023-03-26T17:00:02.298+0000] {dagbag.py:532} INFO - Filling up the DagBag from /home/airflow/.local/lib/python3.7/site-packages/airflow/example_dags/example_short_circuit_operator.py
[2023-03-26T17:00:02.307+0000] {processor.py:753} INFO - DAG(s) dict_keys(['example_short_circuit_operator']) retrieved from /home/airflow/.local/lib/python3.7/site-packages/airflow/example_dags/example_short_circuit_operator.py
[2023-03-26T17:00:02.326+0000] {logging_mixin.py:137} INFO - [2023-03-26T17:00:02.325+0000] {dag.py:2693} INFO - Sync 1 DAGs
[2023-03-26T17:00:02.340+0000] {logging_mixin.py:137} INFO - [2023-03-26T17:00:02.339+0000] {dag.py:3444} INFO - Setting next_dagrun for example_short_circuit_operator to 2023-03-25T17:00:02.339765+00:00, run_after=2023-03-26T17:00:02.339765+00:00
[2023-03-26T17:00:02.352+0000] {processor.py:175} INFO - Processing /home/airflow/.local/lib/python3.7/site-packages/airflow/example_dags/example_short_circuit_operator.py took 0.058 seconds
[2023-03-26T17:00:33.034+0000] {processor.py:153} INFO - Started process (PID=1191) to work on /home/airflow/.local/lib/python3.7/site-packages/airflow/example_dags/example_short_circuit_operator.py
[2023-03-26T17:00:33.034+0000] {processor.py:743} INFO - Processing file /home/airflow/.local/lib/python3.7/site-packages/airflow/example_dags/example_short_circuit_operator.py for tasks to queue
[2023-03-26T17:00:33.035+0000] {logging_mixin.py:137} INFO - [2023-03-26T17:00:33.035+0000] {dagbag.py:532} INFO - Filling up the DagBag from /home/airflow/.local/lib/python3.7/site-packages/airflow/example_dags/example_short_circuit_operator.py
[2023-03-26T17:00:33.044+0000] {processor.py:753} INFO - DAG(s) dict_keys(['example_short_circuit_operator']) retrieved from /home/airflow/.local/lib/python3.7/site-packages/airflow/example_dags/example_short_circuit_operator.py
[2023-03-26T17:00:33.063+0000] {logging_mixin.py:137} INFO - [2023-03-26T17:00:33.063+0000] {dag.py:2693} INFO - Sync 1 DAGs
[2023-03-26T17:00:33.078+0000] {logging_mixin.py:137} INFO - [2023-03-26T17:00:33.077+0000] {dag.py:3444} INFO - Setting next_dagrun for example_short_circuit_operator to 2023-03-25T17:00:33.077831+00:00, run_after=2023-03-26T17:00:33.077831+00:00
[2023-03-26T17:00:33.092+0000] {processor.py:175} INFO - Processing /home/airflow/.local/lib/python3.7/site-packages/airflow/example_dags/example_short_circuit_operator.py took 0.060 seconds
