[2023-03-26T16:04:05.012+0000] {processor.py:153} INFO - Started process (PID=88) to work on /home/airflow/.local/lib/python3.7/site-packages/airflow/example_dags/example_bash_operator.py
[2023-03-26T16:04:05.013+0000] {processor.py:743} INFO - Processing file /home/airflow/.local/lib/python3.7/site-packages/airflow/example_dags/example_bash_operator.py for tasks to queue
[2023-03-26T16:04:05.013+0000] {logging_mixin.py:137} INFO - [2023-03-26T16:04:05.013+0000] {dagbag.py:532} INFO - Filling up the DagBag from /home/airflow/.local/lib/python3.7/site-packages/airflow/example_dags/example_bash_operator.py
[2023-03-26T16:04:05.031+0000] {processor.py:753} INFO - DAG(s) dict_keys(['example_bash_operator']) retrieved from /home/airflow/.local/lib/python3.7/site-packages/airflow/example_dags/example_bash_operator.py
[2023-03-26T16:04:05.120+0000] {logging_mixin.py:137} INFO - [2023-03-26T16:04:05.120+0000] {manager.py:504} INFO - Created Permission View: can read on DAG:example_bash_operator
[2023-03-26T16:04:05.128+0000] {logging_mixin.py:137} INFO - [2023-03-26T16:04:05.128+0000] {manager.py:504} INFO - Created Permission View: can edit on DAG:example_bash_operator
[2023-03-26T16:04:05.134+0000] {logging_mixin.py:137} INFO - [2023-03-26T16:04:05.134+0000] {manager.py:504} INFO - Created Permission View: can delete on DAG:example_bash_operator
[2023-03-26T16:04:05.134+0000] {logging_mixin.py:137} INFO - [2023-03-26T16:04:05.134+0000] {dag.py:2693} INFO - Sync 1 DAGs
[2023-03-26T16:04:05.142+0000] {logging_mixin.py:137} INFO - [2023-03-26T16:04:05.142+0000] {dag.py:2714} INFO - Creating ORM DAG for example_bash_operator
[2023-03-26T16:04:05.161+0000] {logging_mixin.py:137} INFO - [2023-03-26T16:04:05.161+0000] {dag.py:3444} INFO - Setting next_dagrun for example_bash_operator to 2023-03-25T00:00:00+00:00, run_after=2023-03-26T00:00:00+00:00
[2023-03-26T16:04:05.181+0000] {processor.py:175} INFO - Processing /home/airflow/.local/lib/python3.7/site-packages/airflow/example_dags/example_bash_operator.py took 0.171 seconds
[2023-03-26T16:04:36.107+0000] {processor.py:153} INFO - Started process (PID=137) to work on /home/airflow/.local/lib/python3.7/site-packages/airflow/example_dags/example_bash_operator.py
[2023-03-26T16:04:36.107+0000] {processor.py:743} INFO - Processing file /home/airflow/.local/lib/python3.7/site-packages/airflow/example_dags/example_bash_operator.py for tasks to queue
[2023-03-26T16:04:36.107+0000] {logging_mixin.py:137} INFO - [2023-03-26T16:04:36.107+0000] {dagbag.py:532} INFO - Filling up the DagBag from /home/airflow/.local/lib/python3.7/site-packages/airflow/example_dags/example_bash_operator.py
[2023-03-26T16:04:36.120+0000] {processor.py:753} INFO - DAG(s) dict_keys(['example_bash_operator']) retrieved from /home/airflow/.local/lib/python3.7/site-packages/airflow/example_dags/example_bash_operator.py
[2023-03-26T16:04:36.144+0000] {logging_mixin.py:137} INFO - [2023-03-26T16:04:36.144+0000] {dag.py:2693} INFO - Sync 1 DAGs
[2023-03-26T16:04:36.160+0000] {logging_mixin.py:137} INFO - [2023-03-26T16:04:36.160+0000] {dag.py:3444} INFO - Setting next_dagrun for example_bash_operator to 2023-03-25T00:00:00+00:00, run_after=2023-03-26T00:00:00+00:00
[2023-03-26T16:04:36.176+0000] {processor.py:175} INFO - Processing /home/airflow/.local/lib/python3.7/site-packages/airflow/example_dags/example_bash_operator.py took 0.071 seconds
[2023-03-26T16:05:06.712+0000] {processor.py:153} INFO - Started process (PID=186) to work on /home/airflow/.local/lib/python3.7/site-packages/airflow/example_dags/example_bash_operator.py
[2023-03-26T16:05:06.722+0000] {processor.py:743} INFO - Processing file /home/airflow/.local/lib/python3.7/site-packages/airflow/example_dags/example_bash_operator.py for tasks to queue
[2023-03-26T16:05:06.722+0000] {logging_mixin.py:137} INFO - [2023-03-26T16:05:06.722+0000] {dagbag.py:532} INFO - Filling up the DagBag from /home/airflow/.local/lib/python3.7/site-packages/airflow/example_dags/example_bash_operator.py
[2023-03-26T16:05:06.734+0000] {processor.py:753} INFO - DAG(s) dict_keys(['example_bash_operator']) retrieved from /home/airflow/.local/lib/python3.7/site-packages/airflow/example_dags/example_bash_operator.py
[2023-03-26T16:05:06.756+0000] {logging_mixin.py:137} INFO - [2023-03-26T16:05:06.756+0000] {dag.py:2693} INFO - Sync 1 DAGs
[2023-03-26T16:05:06.770+0000] {logging_mixin.py:137} INFO - [2023-03-26T16:05:06.770+0000] {dag.py:3444} INFO - Setting next_dagrun for example_bash_operator to 2023-03-25T00:00:00+00:00, run_after=2023-03-26T00:00:00+00:00
[2023-03-26T16:05:06.785+0000] {processor.py:175} INFO - Processing /home/airflow/.local/lib/python3.7/site-packages/airflow/example_dags/example_bash_operator.py took 0.074 seconds
[2023-03-26T16:05:37.303+0000] {processor.py:153} INFO - Started process (PID=234) to work on /home/airflow/.local/lib/python3.7/site-packages/airflow/example_dags/example_bash_operator.py
[2023-03-26T16:05:37.303+0000] {processor.py:743} INFO - Processing file /home/airflow/.local/lib/python3.7/site-packages/airflow/example_dags/example_bash_operator.py for tasks to queue
[2023-03-26T16:05:37.303+0000] {logging_mixin.py:137} INFO - [2023-03-26T16:05:37.303+0000] {dagbag.py:532} INFO - Filling up the DagBag from /home/airflow/.local/lib/python3.7/site-packages/airflow/example_dags/example_bash_operator.py
[2023-03-26T16:05:37.315+0000] {processor.py:753} INFO - DAG(s) dict_keys(['example_bash_operator']) retrieved from /home/airflow/.local/lib/python3.7/site-packages/airflow/example_dags/example_bash_operator.py
[2023-03-26T16:05:37.339+0000] {logging_mixin.py:137} INFO - [2023-03-26T16:05:37.338+0000] {dag.py:2693} INFO - Sync 1 DAGs
[2023-03-26T16:05:37.353+0000] {logging_mixin.py:137} INFO - [2023-03-26T16:05:37.353+0000] {dag.py:3444} INFO - Setting next_dagrun for example_bash_operator to 2023-03-25T00:00:00+00:00, run_after=2023-03-26T00:00:00+00:00
[2023-03-26T16:05:37.367+0000] {processor.py:175} INFO - Processing /home/airflow/.local/lib/python3.7/site-packages/airflow/example_dags/example_bash_operator.py took 0.066 seconds
[2023-03-26T16:06:07.937+0000] {processor.py:153} INFO - Started process (PID=283) to work on /home/airflow/.local/lib/python3.7/site-packages/airflow/example_dags/example_bash_operator.py
[2023-03-26T16:06:07.946+0000] {processor.py:743} INFO - Processing file /home/airflow/.local/lib/python3.7/site-packages/airflow/example_dags/example_bash_operator.py for tasks to queue
[2023-03-26T16:06:07.947+0000] {logging_mixin.py:137} INFO - [2023-03-26T16:06:07.947+0000] {dagbag.py:532} INFO - Filling up the DagBag from /home/airflow/.local/lib/python3.7/site-packages/airflow/example_dags/example_bash_operator.py
[2023-03-26T16:06:07.958+0000] {processor.py:753} INFO - DAG(s) dict_keys(['example_bash_operator']) retrieved from /home/airflow/.local/lib/python3.7/site-packages/airflow/example_dags/example_bash_operator.py
[2023-03-26T16:06:07.981+0000] {logging_mixin.py:137} INFO - [2023-03-26T16:06:07.981+0000] {dag.py:2693} INFO - Sync 1 DAGs
[2023-03-26T16:06:07.995+0000] {logging_mixin.py:137} INFO - [2023-03-26T16:06:07.995+0000] {dag.py:3444} INFO - Setting next_dagrun for example_bash_operator to 2023-03-25T00:00:00+00:00, run_after=2023-03-26T00:00:00+00:00
[2023-03-26T16:06:08.010+0000] {processor.py:175} INFO - Processing /home/airflow/.local/lib/python3.7/site-packages/airflow/example_dags/example_bash_operator.py took 0.075 seconds
[2023-03-26T16:06:38.540+0000] {processor.py:153} INFO - Started process (PID=332) to work on /home/airflow/.local/lib/python3.7/site-packages/airflow/example_dags/example_bash_operator.py
[2023-03-26T16:06:38.541+0000] {processor.py:743} INFO - Processing file /home/airflow/.local/lib/python3.7/site-packages/airflow/example_dags/example_bash_operator.py for tasks to queue
[2023-03-26T16:06:38.541+0000] {logging_mixin.py:137} INFO - [2023-03-26T16:06:38.541+0000] {dagbag.py:532} INFO - Filling up the DagBag from /home/airflow/.local/lib/python3.7/site-packages/airflow/example_dags/example_bash_operator.py
[2023-03-26T16:06:38.555+0000] {processor.py:753} INFO - DAG(s) dict_keys(['example_bash_operator']) retrieved from /home/airflow/.local/lib/python3.7/site-packages/airflow/example_dags/example_bash_operator.py
[2023-03-26T16:06:38.580+0000] {logging_mixin.py:137} INFO - [2023-03-26T16:06:38.580+0000] {dag.py:2693} INFO - Sync 1 DAGs
[2023-03-26T16:06:38.596+0000] {logging_mixin.py:137} INFO - [2023-03-26T16:06:38.596+0000] {dag.py:3444} INFO - Setting next_dagrun for example_bash_operator to 2023-03-25T00:00:00+00:00, run_after=2023-03-26T00:00:00+00:00
[2023-03-26T16:06:38.610+0000] {processor.py:175} INFO - Processing /home/airflow/.local/lib/python3.7/site-packages/airflow/example_dags/example_bash_operator.py took 0.072 seconds
[2023-03-26T16:07:09.207+0000] {processor.py:153} INFO - Started process (PID=381) to work on /home/airflow/.local/lib/python3.7/site-packages/airflow/example_dags/example_bash_operator.py
[2023-03-26T16:07:09.208+0000] {processor.py:743} INFO - Processing file /home/airflow/.local/lib/python3.7/site-packages/airflow/example_dags/example_bash_operator.py for tasks to queue
[2023-03-26T16:07:09.209+0000] {logging_mixin.py:137} INFO - [2023-03-26T16:07:09.208+0000] {dagbag.py:532} INFO - Filling up the DagBag from /home/airflow/.local/lib/python3.7/site-packages/airflow/example_dags/example_bash_operator.py
[2023-03-26T16:07:09.222+0000] {processor.py:753} INFO - DAG(s) dict_keys(['example_bash_operator']) retrieved from /home/airflow/.local/lib/python3.7/site-packages/airflow/example_dags/example_bash_operator.py
[2023-03-26T16:07:09.245+0000] {logging_mixin.py:137} INFO - [2023-03-26T16:07:09.245+0000] {dag.py:2693} INFO - Sync 1 DAGs
[2023-03-26T16:07:09.259+0000] {logging_mixin.py:137} INFO - [2023-03-26T16:07:09.259+0000] {dag.py:3444} INFO - Setting next_dagrun for example_bash_operator to 2023-03-25T00:00:00+00:00, run_after=2023-03-26T00:00:00+00:00
[2023-03-26T16:07:09.273+0000] {processor.py:175} INFO - Processing /home/airflow/.local/lib/python3.7/site-packages/airflow/example_dags/example_bash_operator.py took 0.068 seconds
[2023-03-26T16:07:39.837+0000] {processor.py:153} INFO - Started process (PID=430) to work on /home/airflow/.local/lib/python3.7/site-packages/airflow/example_dags/example_bash_operator.py
[2023-03-26T16:07:39.837+0000] {processor.py:743} INFO - Processing file /home/airflow/.local/lib/python3.7/site-packages/airflow/example_dags/example_bash_operator.py for tasks to queue
[2023-03-26T16:07:39.838+0000] {logging_mixin.py:137} INFO - [2023-03-26T16:07:39.838+0000] {dagbag.py:532} INFO - Filling up the DagBag from /home/airflow/.local/lib/python3.7/site-packages/airflow/example_dags/example_bash_operator.py
[2023-03-26T16:07:39.851+0000] {processor.py:753} INFO - DAG(s) dict_keys(['example_bash_operator']) retrieved from /home/airflow/.local/lib/python3.7/site-packages/airflow/example_dags/example_bash_operator.py
[2023-03-26T16:07:39.877+0000] {logging_mixin.py:137} INFO - [2023-03-26T16:07:39.877+0000] {dag.py:2693} INFO - Sync 1 DAGs
[2023-03-26T16:07:39.891+0000] {logging_mixin.py:137} INFO - [2023-03-26T16:07:39.891+0000] {dag.py:3444} INFO - Setting next_dagrun for example_bash_operator to 2023-03-25T00:00:00+00:00, run_after=2023-03-26T00:00:00+00:00
[2023-03-26T16:07:39.908+0000] {processor.py:175} INFO - Processing /home/airflow/.local/lib/python3.7/site-packages/airflow/example_dags/example_bash_operator.py took 0.073 seconds
[2023-03-26T16:08:10.444+0000] {processor.py:153} INFO - Started process (PID=479) to work on /home/airflow/.local/lib/python3.7/site-packages/airflow/example_dags/example_bash_operator.py
[2023-03-26T16:08:10.454+0000] {processor.py:743} INFO - Processing file /home/airflow/.local/lib/python3.7/site-packages/airflow/example_dags/example_bash_operator.py for tasks to queue
[2023-03-26T16:08:10.454+0000] {logging_mixin.py:137} INFO - [2023-03-26T16:08:10.454+0000] {dagbag.py:532} INFO - Filling up the DagBag from /home/airflow/.local/lib/python3.7/site-packages/airflow/example_dags/example_bash_operator.py
[2023-03-26T16:08:10.466+0000] {processor.py:753} INFO - DAG(s) dict_keys(['example_bash_operator']) retrieved from /home/airflow/.local/lib/python3.7/site-packages/airflow/example_dags/example_bash_operator.py
[2023-03-26T16:08:10.488+0000] {logging_mixin.py:137} INFO - [2023-03-26T16:08:10.488+0000] {dag.py:2693} INFO - Sync 1 DAGs
[2023-03-26T16:08:10.503+0000] {logging_mixin.py:137} INFO - [2023-03-26T16:08:10.503+0000] {dag.py:3444} INFO - Setting next_dagrun for example_bash_operator to 2023-03-25T00:00:00+00:00, run_after=2023-03-26T00:00:00+00:00
[2023-03-26T16:08:10.517+0000] {processor.py:175} INFO - Processing /home/airflow/.local/lib/python3.7/site-packages/airflow/example_dags/example_bash_operator.py took 0.075 seconds
[2023-03-26T16:13:00.820+0000] {processor.py:153} INFO - Started process (PID=88) to work on /home/airflow/.local/lib/python3.7/site-packages/airflow/example_dags/example_bash_operator.py
[2023-03-26T16:13:00.820+0000] {processor.py:743} INFO - Processing file /home/airflow/.local/lib/python3.7/site-packages/airflow/example_dags/example_bash_operator.py for tasks to queue
[2023-03-26T16:13:00.821+0000] {logging_mixin.py:137} INFO - [2023-03-26T16:13:00.821+0000] {dagbag.py:532} INFO - Filling up the DagBag from /home/airflow/.local/lib/python3.7/site-packages/airflow/example_dags/example_bash_operator.py
[2023-03-26T16:13:00.836+0000] {processor.py:753} INFO - DAG(s) dict_keys(['example_bash_operator']) retrieved from /home/airflow/.local/lib/python3.7/site-packages/airflow/example_dags/example_bash_operator.py
[2023-03-26T16:13:00.844+0000] {logging_mixin.py:137} INFO - [2023-03-26T16:13:00.844+0000] {dag.py:2693} INFO - Sync 1 DAGs
[2023-03-26T16:13:00.859+0000] {logging_mixin.py:137} INFO - [2023-03-26T16:13:00.859+0000] {dag.py:3444} INFO - Setting next_dagrun for example_bash_operator to 2023-03-25T00:00:00+00:00, run_after=2023-03-26T00:00:00+00:00
[2023-03-26T16:13:00.875+0000] {processor.py:175} INFO - Processing /home/airflow/.local/lib/python3.7/site-packages/airflow/example_dags/example_bash_operator.py took 0.058 seconds
[2023-03-26T16:13:31.404+0000] {processor.py:153} INFO - Started process (PID=137) to work on /home/airflow/.local/lib/python3.7/site-packages/airflow/example_dags/example_bash_operator.py
[2023-03-26T16:13:31.405+0000] {processor.py:743} INFO - Processing file /home/airflow/.local/lib/python3.7/site-packages/airflow/example_dags/example_bash_operator.py for tasks to queue
[2023-03-26T16:13:31.405+0000] {logging_mixin.py:137} INFO - [2023-03-26T16:13:31.405+0000] {dagbag.py:532} INFO - Filling up the DagBag from /home/airflow/.local/lib/python3.7/site-packages/airflow/example_dags/example_bash_operator.py
[2023-03-26T16:13:31.417+0000] {processor.py:753} INFO - DAG(s) dict_keys(['example_bash_operator']) retrieved from /home/airflow/.local/lib/python3.7/site-packages/airflow/example_dags/example_bash_operator.py
[2023-03-26T16:13:31.439+0000] {logging_mixin.py:137} INFO - [2023-03-26T16:13:31.439+0000] {dag.py:2693} INFO - Sync 1 DAGs
[2023-03-26T16:13:31.454+0000] {logging_mixin.py:137} INFO - [2023-03-26T16:13:31.454+0000] {dag.py:3444} INFO - Setting next_dagrun for example_bash_operator to 2023-03-25T00:00:00+00:00, run_after=2023-03-26T00:00:00+00:00
[2023-03-26T16:13:31.468+0000] {processor.py:175} INFO - Processing /home/airflow/.local/lib/python3.7/site-packages/airflow/example_dags/example_bash_operator.py took 0.066 seconds
[2023-03-26T16:17:29.738+0000] {processor.py:153} INFO - Started process (PID=88) to work on /home/airflow/.local/lib/python3.7/site-packages/airflow/example_dags/example_bash_operator.py
[2023-03-26T16:17:29.738+0000] {processor.py:743} INFO - Processing file /home/airflow/.local/lib/python3.7/site-packages/airflow/example_dags/example_bash_operator.py for tasks to queue
[2023-03-26T16:17:29.739+0000] {logging_mixin.py:137} INFO - [2023-03-26T16:17:29.739+0000] {dagbag.py:532} INFO - Filling up the DagBag from /home/airflow/.local/lib/python3.7/site-packages/airflow/example_dags/example_bash_operator.py
[2023-03-26T16:17:29.754+0000] {processor.py:753} INFO - DAG(s) dict_keys(['example_bash_operator']) retrieved from /home/airflow/.local/lib/python3.7/site-packages/airflow/example_dags/example_bash_operator.py
[2023-03-26T16:17:29.762+0000] {logging_mixin.py:137} INFO - [2023-03-26T16:17:29.762+0000] {dag.py:2693} INFO - Sync 1 DAGs
[2023-03-26T16:17:29.778+0000] {logging_mixin.py:137} INFO - [2023-03-26T16:17:29.778+0000] {dag.py:3444} INFO - Setting next_dagrun for example_bash_operator to 2023-03-25T00:00:00+00:00, run_after=2023-03-26T00:00:00+00:00
[2023-03-26T16:17:29.791+0000] {processor.py:175} INFO - Processing /home/airflow/.local/lib/python3.7/site-packages/airflow/example_dags/example_bash_operator.py took 0.056 seconds
[2023-03-26T16:18:00.630+0000] {processor.py:153} INFO - Started process (PID=137) to work on /home/airflow/.local/lib/python3.7/site-packages/airflow/example_dags/example_bash_operator.py
[2023-03-26T16:18:00.631+0000] {processor.py:743} INFO - Processing file /home/airflow/.local/lib/python3.7/site-packages/airflow/example_dags/example_bash_operator.py for tasks to queue
[2023-03-26T16:18:00.631+0000] {logging_mixin.py:137} INFO - [2023-03-26T16:18:00.631+0000] {dagbag.py:532} INFO - Filling up the DagBag from /home/airflow/.local/lib/python3.7/site-packages/airflow/example_dags/example_bash_operator.py
[2023-03-26T16:18:00.644+0000] {processor.py:753} INFO - DAG(s) dict_keys(['example_bash_operator']) retrieved from /home/airflow/.local/lib/python3.7/site-packages/airflow/example_dags/example_bash_operator.py
[2023-03-26T16:18:00.668+0000] {logging_mixin.py:137} INFO - [2023-03-26T16:18:00.668+0000] {dag.py:2693} INFO - Sync 1 DAGs
[2023-03-26T16:18:00.683+0000] {logging_mixin.py:137} INFO - [2023-03-26T16:18:00.683+0000] {dag.py:3444} INFO - Setting next_dagrun for example_bash_operator to 2023-03-25T00:00:00+00:00, run_after=2023-03-26T00:00:00+00:00
[2023-03-26T16:18:00.697+0000] {processor.py:175} INFO - Processing /home/airflow/.local/lib/python3.7/site-packages/airflow/example_dags/example_bash_operator.py took 0.069 seconds
[2023-03-26T16:18:31.214+0000] {processor.py:153} INFO - Started process (PID=186) to work on /home/airflow/.local/lib/python3.7/site-packages/airflow/example_dags/example_bash_operator.py
[2023-03-26T16:18:31.214+0000] {processor.py:743} INFO - Processing file /home/airflow/.local/lib/python3.7/site-packages/airflow/example_dags/example_bash_operator.py for tasks to queue
[2023-03-26T16:18:31.214+0000] {logging_mixin.py:137} INFO - [2023-03-26T16:18:31.214+0000] {dagbag.py:532} INFO - Filling up the DagBag from /home/airflow/.local/lib/python3.7/site-packages/airflow/example_dags/example_bash_operator.py
[2023-03-26T16:18:31.227+0000] {processor.py:753} INFO - DAG(s) dict_keys(['example_bash_operator']) retrieved from /home/airflow/.local/lib/python3.7/site-packages/airflow/example_dags/example_bash_operator.py
[2023-03-26T16:18:31.253+0000] {logging_mixin.py:137} INFO - [2023-03-26T16:18:31.252+0000] {dag.py:2693} INFO - Sync 1 DAGs
[2023-03-26T16:18:31.269+0000] {logging_mixin.py:137} INFO - [2023-03-26T16:18:31.269+0000] {dag.py:3444} INFO - Setting next_dagrun for example_bash_operator to 2023-03-25T00:00:00+00:00, run_after=2023-03-26T00:00:00+00:00
[2023-03-26T16:18:31.282+0000] {processor.py:175} INFO - Processing /home/airflow/.local/lib/python3.7/site-packages/airflow/example_dags/example_bash_operator.py took 0.071 seconds
[2023-03-26T16:19:01.965+0000] {processor.py:153} INFO - Started process (PID=235) to work on /home/airflow/.local/lib/python3.7/site-packages/airflow/example_dags/example_bash_operator.py
[2023-03-26T16:19:01.966+0000] {processor.py:743} INFO - Processing file /home/airflow/.local/lib/python3.7/site-packages/airflow/example_dags/example_bash_operator.py for tasks to queue
[2023-03-26T16:19:01.966+0000] {logging_mixin.py:137} INFO - [2023-03-26T16:19:01.966+0000] {dagbag.py:532} INFO - Filling up the DagBag from /home/airflow/.local/lib/python3.7/site-packages/airflow/example_dags/example_bash_operator.py
[2023-03-26T16:19:01.978+0000] {processor.py:753} INFO - DAG(s) dict_keys(['example_bash_operator']) retrieved from /home/airflow/.local/lib/python3.7/site-packages/airflow/example_dags/example_bash_operator.py
[2023-03-26T16:19:02.001+0000] {logging_mixin.py:137} INFO - [2023-03-26T16:19:02.001+0000] {dag.py:2693} INFO - Sync 1 DAGs
[2023-03-26T16:19:02.016+0000] {logging_mixin.py:137} INFO - [2023-03-26T16:19:02.016+0000] {dag.py:3444} INFO - Setting next_dagrun for example_bash_operator to 2023-03-25T00:00:00+00:00, run_after=2023-03-26T00:00:00+00:00
[2023-03-26T16:19:02.032+0000] {processor.py:175} INFO - Processing /home/airflow/.local/lib/python3.7/site-packages/airflow/example_dags/example_bash_operator.py took 0.068 seconds
[2023-03-26T16:19:32.692+0000] {processor.py:153} INFO - Started process (PID=284) to work on /home/airflow/.local/lib/python3.7/site-packages/airflow/example_dags/example_bash_operator.py
[2023-03-26T16:19:32.692+0000] {processor.py:743} INFO - Processing file /home/airflow/.local/lib/python3.7/site-packages/airflow/example_dags/example_bash_operator.py for tasks to queue
[2023-03-26T16:19:32.692+0000] {logging_mixin.py:137} INFO - [2023-03-26T16:19:32.692+0000] {dagbag.py:532} INFO - Filling up the DagBag from /home/airflow/.local/lib/python3.7/site-packages/airflow/example_dags/example_bash_operator.py
[2023-03-26T16:19:32.704+0000] {processor.py:753} INFO - DAG(s) dict_keys(['example_bash_operator']) retrieved from /home/airflow/.local/lib/python3.7/site-packages/airflow/example_dags/example_bash_operator.py
[2023-03-26T16:19:32.727+0000] {logging_mixin.py:137} INFO - [2023-03-26T16:19:32.726+0000] {dag.py:2693} INFO - Sync 1 DAGs
[2023-03-26T16:19:32.742+0000] {logging_mixin.py:137} INFO - [2023-03-26T16:19:32.742+0000] {dag.py:3444} INFO - Setting next_dagrun for example_bash_operator to 2023-03-25T00:00:00+00:00, run_after=2023-03-26T00:00:00+00:00
[2023-03-26T16:19:32.754+0000] {processor.py:175} INFO - Processing /home/airflow/.local/lib/python3.7/site-packages/airflow/example_dags/example_bash_operator.py took 0.064 seconds
[2023-03-26T16:20:03.287+0000] {processor.py:153} INFO - Started process (PID=333) to work on /home/airflow/.local/lib/python3.7/site-packages/airflow/example_dags/example_bash_operator.py
[2023-03-26T16:20:03.288+0000] {processor.py:743} INFO - Processing file /home/airflow/.local/lib/python3.7/site-packages/airflow/example_dags/example_bash_operator.py for tasks to queue
[2023-03-26T16:20:03.288+0000] {logging_mixin.py:137} INFO - [2023-03-26T16:20:03.288+0000] {dagbag.py:532} INFO - Filling up the DagBag from /home/airflow/.local/lib/python3.7/site-packages/airflow/example_dags/example_bash_operator.py
[2023-03-26T16:20:03.301+0000] {processor.py:753} INFO - DAG(s) dict_keys(['example_bash_operator']) retrieved from /home/airflow/.local/lib/python3.7/site-packages/airflow/example_dags/example_bash_operator.py
[2023-03-26T16:20:03.326+0000] {logging_mixin.py:137} INFO - [2023-03-26T16:20:03.325+0000] {dag.py:2693} INFO - Sync 1 DAGs
[2023-03-26T16:20:03.340+0000] {logging_mixin.py:137} INFO - [2023-03-26T16:20:03.340+0000] {dag.py:3444} INFO - Setting next_dagrun for example_bash_operator to 2023-03-25T00:00:00+00:00, run_after=2023-03-26T00:00:00+00:00
[2023-03-26T16:20:03.352+0000] {processor.py:175} INFO - Processing /home/airflow/.local/lib/python3.7/site-packages/airflow/example_dags/example_bash_operator.py took 0.067 seconds
[2023-03-26T16:20:33.891+0000] {processor.py:153} INFO - Started process (PID=382) to work on /home/airflow/.local/lib/python3.7/site-packages/airflow/example_dags/example_bash_operator.py
[2023-03-26T16:20:33.891+0000] {processor.py:743} INFO - Processing file /home/airflow/.local/lib/python3.7/site-packages/airflow/example_dags/example_bash_operator.py for tasks to queue
[2023-03-26T16:20:33.891+0000] {logging_mixin.py:137} INFO - [2023-03-26T16:20:33.891+0000] {dagbag.py:532} INFO - Filling up the DagBag from /home/airflow/.local/lib/python3.7/site-packages/airflow/example_dags/example_bash_operator.py
[2023-03-26T16:20:33.904+0000] {processor.py:753} INFO - DAG(s) dict_keys(['example_bash_operator']) retrieved from /home/airflow/.local/lib/python3.7/site-packages/airflow/example_dags/example_bash_operator.py
[2023-03-26T16:20:33.928+0000] {logging_mixin.py:137} INFO - [2023-03-26T16:20:33.928+0000] {dag.py:2693} INFO - Sync 1 DAGs
[2023-03-26T16:20:33.943+0000] {logging_mixin.py:137} INFO - [2023-03-26T16:20:33.943+0000] {dag.py:3444} INFO - Setting next_dagrun for example_bash_operator to 2023-03-25T00:00:00+00:00, run_after=2023-03-26T00:00:00+00:00
[2023-03-26T16:20:33.957+0000] {processor.py:175} INFO - Processing /home/airflow/.local/lib/python3.7/site-packages/airflow/example_dags/example_bash_operator.py took 0.068 seconds
[2023-03-26T16:21:04.504+0000] {processor.py:153} INFO - Started process (PID=432) to work on /home/airflow/.local/lib/python3.7/site-packages/airflow/example_dags/example_bash_operator.py
[2023-03-26T16:21:04.505+0000] {processor.py:743} INFO - Processing file /home/airflow/.local/lib/python3.7/site-packages/airflow/example_dags/example_bash_operator.py for tasks to queue
[2023-03-26T16:21:04.505+0000] {logging_mixin.py:137} INFO - [2023-03-26T16:21:04.505+0000] {dagbag.py:532} INFO - Filling up the DagBag from /home/airflow/.local/lib/python3.7/site-packages/airflow/example_dags/example_bash_operator.py
[2023-03-26T16:21:04.517+0000] {processor.py:753} INFO - DAG(s) dict_keys(['example_bash_operator']) retrieved from /home/airflow/.local/lib/python3.7/site-packages/airflow/example_dags/example_bash_operator.py
[2023-03-26T16:21:04.541+0000] {logging_mixin.py:137} INFO - [2023-03-26T16:21:04.540+0000] {dag.py:2693} INFO - Sync 1 DAGs
[2023-03-26T16:21:04.558+0000] {logging_mixin.py:137} INFO - [2023-03-26T16:21:04.558+0000] {dag.py:3444} INFO - Setting next_dagrun for example_bash_operator to 2023-03-25T00:00:00+00:00, run_after=2023-03-26T00:00:00+00:00
[2023-03-26T16:21:04.573+0000] {processor.py:175} INFO - Processing /home/airflow/.local/lib/python3.7/site-packages/airflow/example_dags/example_bash_operator.py took 0.070 seconds
[2023-03-26T16:21:35.176+0000] {processor.py:153} INFO - Started process (PID=481) to work on /home/airflow/.local/lib/python3.7/site-packages/airflow/example_dags/example_bash_operator.py
[2023-03-26T16:21:35.176+0000] {processor.py:743} INFO - Processing file /home/airflow/.local/lib/python3.7/site-packages/airflow/example_dags/example_bash_operator.py for tasks to queue
[2023-03-26T16:21:35.176+0000] {logging_mixin.py:137} INFO - [2023-03-26T16:21:35.176+0000] {dagbag.py:532} INFO - Filling up the DagBag from /home/airflow/.local/lib/python3.7/site-packages/airflow/example_dags/example_bash_operator.py
[2023-03-26T16:21:35.188+0000] {processor.py:753} INFO - DAG(s) dict_keys(['example_bash_operator']) retrieved from /home/airflow/.local/lib/python3.7/site-packages/airflow/example_dags/example_bash_operator.py
[2023-03-26T16:21:35.212+0000] {logging_mixin.py:137} INFO - [2023-03-26T16:21:35.212+0000] {dag.py:2693} INFO - Sync 1 DAGs
[2023-03-26T16:21:35.226+0000] {logging_mixin.py:137} INFO - [2023-03-26T16:21:35.226+0000] {dag.py:3444} INFO - Setting next_dagrun for example_bash_operator to 2023-03-25T00:00:00+00:00, run_after=2023-03-26T00:00:00+00:00
[2023-03-26T16:21:35.239+0000] {processor.py:175} INFO - Processing /home/airflow/.local/lib/python3.7/site-packages/airflow/example_dags/example_bash_operator.py took 0.065 seconds
[2023-03-26T16:22:06.093+0000] {processor.py:153} INFO - Started process (PID=530) to work on /home/airflow/.local/lib/python3.7/site-packages/airflow/example_dags/example_bash_operator.py
[2023-03-26T16:22:06.094+0000] {processor.py:743} INFO - Processing file /home/airflow/.local/lib/python3.7/site-packages/airflow/example_dags/example_bash_operator.py for tasks to queue
[2023-03-26T16:22:06.094+0000] {logging_mixin.py:137} INFO - [2023-03-26T16:22:06.094+0000] {dagbag.py:532} INFO - Filling up the DagBag from /home/airflow/.local/lib/python3.7/site-packages/airflow/example_dags/example_bash_operator.py
[2023-03-26T16:22:06.106+0000] {processor.py:753} INFO - DAG(s) dict_keys(['example_bash_operator']) retrieved from /home/airflow/.local/lib/python3.7/site-packages/airflow/example_dags/example_bash_operator.py
[2023-03-26T16:22:06.133+0000] {logging_mixin.py:137} INFO - [2023-03-26T16:22:06.133+0000] {dag.py:2693} INFO - Sync 1 DAGs
[2023-03-26T16:22:06.149+0000] {logging_mixin.py:137} INFO - [2023-03-26T16:22:06.149+0000] {dag.py:3444} INFO - Setting next_dagrun for example_bash_operator to 2023-03-25T00:00:00+00:00, run_after=2023-03-26T00:00:00+00:00
[2023-03-26T16:22:06.164+0000] {processor.py:175} INFO - Processing /home/airflow/.local/lib/python3.7/site-packages/airflow/example_dags/example_bash_operator.py took 0.073 seconds
[2023-03-26T16:22:36.948+0000] {processor.py:153} INFO - Started process (PID=579) to work on /home/airflow/.local/lib/python3.7/site-packages/airflow/example_dags/example_bash_operator.py
[2023-03-26T16:22:36.949+0000] {processor.py:743} INFO - Processing file /home/airflow/.local/lib/python3.7/site-packages/airflow/example_dags/example_bash_operator.py for tasks to queue
[2023-03-26T16:22:36.949+0000] {logging_mixin.py:137} INFO - [2023-03-26T16:22:36.949+0000] {dagbag.py:532} INFO - Filling up the DagBag from /home/airflow/.local/lib/python3.7/site-packages/airflow/example_dags/example_bash_operator.py
[2023-03-26T16:22:36.961+0000] {processor.py:753} INFO - DAG(s) dict_keys(['example_bash_operator']) retrieved from /home/airflow/.local/lib/python3.7/site-packages/airflow/example_dags/example_bash_operator.py
[2023-03-26T16:22:36.985+0000] {logging_mixin.py:137} INFO - [2023-03-26T16:22:36.984+0000] {dag.py:2693} INFO - Sync 1 DAGs
[2023-03-26T16:22:37.000+0000] {logging_mixin.py:137} INFO - [2023-03-26T16:22:37.000+0000] {dag.py:3444} INFO - Setting next_dagrun for example_bash_operator to 2023-03-25T00:00:00+00:00, run_after=2023-03-26T00:00:00+00:00
[2023-03-26T16:22:37.015+0000] {processor.py:175} INFO - Processing /home/airflow/.local/lib/python3.7/site-packages/airflow/example_dags/example_bash_operator.py took 0.068 seconds
[2023-03-26T16:23:07.857+0000] {processor.py:153} INFO - Started process (PID=628) to work on /home/airflow/.local/lib/python3.7/site-packages/airflow/example_dags/example_bash_operator.py
[2023-03-26T16:23:07.857+0000] {processor.py:743} INFO - Processing file /home/airflow/.local/lib/python3.7/site-packages/airflow/example_dags/example_bash_operator.py for tasks to queue
[2023-03-26T16:23:07.858+0000] {logging_mixin.py:137} INFO - [2023-03-26T16:23:07.858+0000] {dagbag.py:532} INFO - Filling up the DagBag from /home/airflow/.local/lib/python3.7/site-packages/airflow/example_dags/example_bash_operator.py
[2023-03-26T16:23:07.870+0000] {processor.py:753} INFO - DAG(s) dict_keys(['example_bash_operator']) retrieved from /home/airflow/.local/lib/python3.7/site-packages/airflow/example_dags/example_bash_operator.py
[2023-03-26T16:23:07.894+0000] {logging_mixin.py:137} INFO - [2023-03-26T16:23:07.894+0000] {dag.py:2693} INFO - Sync 1 DAGs
[2023-03-26T16:23:07.909+0000] {logging_mixin.py:137} INFO - [2023-03-26T16:23:07.909+0000] {dag.py:3444} INFO - Setting next_dagrun for example_bash_operator to 2023-03-25T00:00:00+00:00, run_after=2023-03-26T00:00:00+00:00
[2023-03-26T16:23:07.924+0000] {processor.py:175} INFO - Processing /home/airflow/.local/lib/python3.7/site-packages/airflow/example_dags/example_bash_operator.py took 0.069 seconds
[2023-03-26T16:23:38.569+0000] {processor.py:153} INFO - Started process (PID=677) to work on /home/airflow/.local/lib/python3.7/site-packages/airflow/example_dags/example_bash_operator.py
[2023-03-26T16:23:38.570+0000] {processor.py:743} INFO - Processing file /home/airflow/.local/lib/python3.7/site-packages/airflow/example_dags/example_bash_operator.py for tasks to queue
[2023-03-26T16:23:38.570+0000] {logging_mixin.py:137} INFO - [2023-03-26T16:23:38.570+0000] {dagbag.py:532} INFO - Filling up the DagBag from /home/airflow/.local/lib/python3.7/site-packages/airflow/example_dags/example_bash_operator.py
[2023-03-26T16:23:38.583+0000] {processor.py:753} INFO - DAG(s) dict_keys(['example_bash_operator']) retrieved from /home/airflow/.local/lib/python3.7/site-packages/airflow/example_dags/example_bash_operator.py
[2023-03-26T16:23:38.608+0000] {logging_mixin.py:137} INFO - [2023-03-26T16:23:38.608+0000] {dag.py:2693} INFO - Sync 1 DAGs
[2023-03-26T16:23:38.624+0000] {logging_mixin.py:137} INFO - [2023-03-26T16:23:38.624+0000] {dag.py:3444} INFO - Setting next_dagrun for example_bash_operator to 2023-03-25T00:00:00+00:00, run_after=2023-03-26T00:00:00+00:00
[2023-03-26T16:23:38.637+0000] {processor.py:175} INFO - Processing /home/airflow/.local/lib/python3.7/site-packages/airflow/example_dags/example_bash_operator.py took 0.069 seconds
[2023-03-26T16:24:09.324+0000] {processor.py:153} INFO - Started process (PID=726) to work on /home/airflow/.local/lib/python3.7/site-packages/airflow/example_dags/example_bash_operator.py
[2023-03-26T16:24:09.325+0000] {processor.py:743} INFO - Processing file /home/airflow/.local/lib/python3.7/site-packages/airflow/example_dags/example_bash_operator.py for tasks to queue
[2023-03-26T16:24:09.326+0000] {logging_mixin.py:137} INFO - [2023-03-26T16:24:09.326+0000] {dagbag.py:532} INFO - Filling up the DagBag from /home/airflow/.local/lib/python3.7/site-packages/airflow/example_dags/example_bash_operator.py
[2023-03-26T16:24:09.340+0000] {processor.py:753} INFO - DAG(s) dict_keys(['example_bash_operator']) retrieved from /home/airflow/.local/lib/python3.7/site-packages/airflow/example_dags/example_bash_operator.py
[2023-03-26T16:24:09.364+0000] {logging_mixin.py:137} INFO - [2023-03-26T16:24:09.364+0000] {dag.py:2693} INFO - Sync 1 DAGs
[2023-03-26T16:24:09.379+0000] {logging_mixin.py:137} INFO - [2023-03-26T16:24:09.379+0000] {dag.py:3444} INFO - Setting next_dagrun for example_bash_operator to 2023-03-25T00:00:00+00:00, run_after=2023-03-26T00:00:00+00:00
[2023-03-26T16:24:09.393+0000] {processor.py:175} INFO - Processing /home/airflow/.local/lib/python3.7/site-packages/airflow/example_dags/example_bash_operator.py took 0.071 seconds
[2023-03-26T16:24:40.114+0000] {processor.py:153} INFO - Started process (PID=775) to work on /home/airflow/.local/lib/python3.7/site-packages/airflow/example_dags/example_bash_operator.py
[2023-03-26T16:24:40.114+0000] {processor.py:743} INFO - Processing file /home/airflow/.local/lib/python3.7/site-packages/airflow/example_dags/example_bash_operator.py for tasks to queue
[2023-03-26T16:24:40.115+0000] {logging_mixin.py:137} INFO - [2023-03-26T16:24:40.115+0000] {dagbag.py:532} INFO - Filling up the DagBag from /home/airflow/.local/lib/python3.7/site-packages/airflow/example_dags/example_bash_operator.py
[2023-03-26T16:24:40.126+0000] {processor.py:753} INFO - DAG(s) dict_keys(['example_bash_operator']) retrieved from /home/airflow/.local/lib/python3.7/site-packages/airflow/example_dags/example_bash_operator.py
[2023-03-26T16:24:40.148+0000] {logging_mixin.py:137} INFO - [2023-03-26T16:24:40.148+0000] {dag.py:2693} INFO - Sync 1 DAGs
[2023-03-26T16:24:40.163+0000] {logging_mixin.py:137} INFO - [2023-03-26T16:24:40.163+0000] {dag.py:3444} INFO - Setting next_dagrun for example_bash_operator to 2023-03-25T00:00:00+00:00, run_after=2023-03-26T00:00:00+00:00
[2023-03-26T16:24:40.176+0000] {processor.py:175} INFO - Processing /home/airflow/.local/lib/python3.7/site-packages/airflow/example_dags/example_bash_operator.py took 0.064 seconds
[2023-03-26T16:25:10.788+0000] {processor.py:153} INFO - Started process (PID=824) to work on /home/airflow/.local/lib/python3.7/site-packages/airflow/example_dags/example_bash_operator.py
[2023-03-26T16:25:10.789+0000] {processor.py:743} INFO - Processing file /home/airflow/.local/lib/python3.7/site-packages/airflow/example_dags/example_bash_operator.py for tasks to queue
[2023-03-26T16:25:10.789+0000] {logging_mixin.py:137} INFO - [2023-03-26T16:25:10.789+0000] {dagbag.py:532} INFO - Filling up the DagBag from /home/airflow/.local/lib/python3.7/site-packages/airflow/example_dags/example_bash_operator.py
[2023-03-26T16:25:10.802+0000] {processor.py:753} INFO - DAG(s) dict_keys(['example_bash_operator']) retrieved from /home/airflow/.local/lib/python3.7/site-packages/airflow/example_dags/example_bash_operator.py
[2023-03-26T16:25:10.825+0000] {logging_mixin.py:137} INFO - [2023-03-26T16:25:10.825+0000] {dag.py:2693} INFO - Sync 1 DAGs
[2023-03-26T16:25:10.842+0000] {logging_mixin.py:137} INFO - [2023-03-26T16:25:10.841+0000] {dag.py:3444} INFO - Setting next_dagrun for example_bash_operator to 2023-03-25T00:00:00+00:00, run_after=2023-03-26T00:00:00+00:00
[2023-03-26T16:25:10.855+0000] {processor.py:175} INFO - Processing /home/airflow/.local/lib/python3.7/site-packages/airflow/example_dags/example_bash_operator.py took 0.068 seconds
[2023-03-26T16:25:41.403+0000] {processor.py:153} INFO - Started process (PID=873) to work on /home/airflow/.local/lib/python3.7/site-packages/airflow/example_dags/example_bash_operator.py
[2023-03-26T16:25:41.404+0000] {processor.py:743} INFO - Processing file /home/airflow/.local/lib/python3.7/site-packages/airflow/example_dags/example_bash_operator.py for tasks to queue
[2023-03-26T16:25:41.404+0000] {logging_mixin.py:137} INFO - [2023-03-26T16:25:41.404+0000] {dagbag.py:532} INFO - Filling up the DagBag from /home/airflow/.local/lib/python3.7/site-packages/airflow/example_dags/example_bash_operator.py
[2023-03-26T16:25:41.415+0000] {processor.py:753} INFO - DAG(s) dict_keys(['example_bash_operator']) retrieved from /home/airflow/.local/lib/python3.7/site-packages/airflow/example_dags/example_bash_operator.py
[2023-03-26T16:25:41.439+0000] {logging_mixin.py:137} INFO - [2023-03-26T16:25:41.439+0000] {dag.py:2693} INFO - Sync 1 DAGs
[2023-03-26T16:25:41.453+0000] {logging_mixin.py:137} INFO - [2023-03-26T16:25:41.453+0000] {dag.py:3444} INFO - Setting next_dagrun for example_bash_operator to 2023-03-25T00:00:00+00:00, run_after=2023-03-26T00:00:00+00:00
[2023-03-26T16:25:41.466+0000] {processor.py:175} INFO - Processing /home/airflow/.local/lib/python3.7/site-packages/airflow/example_dags/example_bash_operator.py took 0.065 seconds
[2023-03-26T16:26:34.126+0000] {processor.py:153} INFO - Started process (PID=89) to work on /home/airflow/.local/lib/python3.7/site-packages/airflow/example_dags/example_bash_operator.py
[2023-03-26T16:26:34.127+0000] {processor.py:743} INFO - Processing file /home/airflow/.local/lib/python3.7/site-packages/airflow/example_dags/example_bash_operator.py for tasks to queue
[2023-03-26T16:26:34.128+0000] {logging_mixin.py:137} INFO - [2023-03-26T16:26:34.127+0000] {dagbag.py:532} INFO - Filling up the DagBag from /home/airflow/.local/lib/python3.7/site-packages/airflow/example_dags/example_bash_operator.py
[2023-03-26T16:26:34.143+0000] {processor.py:753} INFO - DAG(s) dict_keys(['example_bash_operator']) retrieved from /home/airflow/.local/lib/python3.7/site-packages/airflow/example_dags/example_bash_operator.py
[2023-03-26T16:26:34.152+0000] {logging_mixin.py:137} INFO - [2023-03-26T16:26:34.152+0000] {dag.py:2693} INFO - Sync 1 DAGs
[2023-03-26T16:26:34.169+0000] {logging_mixin.py:137} INFO - [2023-03-26T16:26:34.168+0000] {dag.py:3444} INFO - Setting next_dagrun for example_bash_operator to 2023-03-25T00:00:00+00:00, run_after=2023-03-26T00:00:00+00:00
[2023-03-26T16:26:34.184+0000] {processor.py:175} INFO - Processing /home/airflow/.local/lib/python3.7/site-packages/airflow/example_dags/example_bash_operator.py took 0.059 seconds
[2023-03-26T16:27:04.807+0000] {processor.py:153} INFO - Started process (PID=139) to work on /home/airflow/.local/lib/python3.7/site-packages/airflow/example_dags/example_bash_operator.py
[2023-03-26T16:27:04.808+0000] {processor.py:743} INFO - Processing file /home/airflow/.local/lib/python3.7/site-packages/airflow/example_dags/example_bash_operator.py for tasks to queue
[2023-03-26T16:27:04.808+0000] {logging_mixin.py:137} INFO - [2023-03-26T16:27:04.808+0000] {dagbag.py:532} INFO - Filling up the DagBag from /home/airflow/.local/lib/python3.7/site-packages/airflow/example_dags/example_bash_operator.py
[2023-03-26T16:27:04.820+0000] {processor.py:753} INFO - DAG(s) dict_keys(['example_bash_operator']) retrieved from /home/airflow/.local/lib/python3.7/site-packages/airflow/example_dags/example_bash_operator.py
[2023-03-26T16:27:04.843+0000] {logging_mixin.py:137} INFO - [2023-03-26T16:27:04.843+0000] {dag.py:2693} INFO - Sync 1 DAGs
[2023-03-26T16:27:04.858+0000] {logging_mixin.py:137} INFO - [2023-03-26T16:27:04.858+0000] {dag.py:3444} INFO - Setting next_dagrun for example_bash_operator to 2023-03-25T00:00:00+00:00, run_after=2023-03-26T00:00:00+00:00
[2023-03-26T16:27:04.873+0000] {processor.py:175} INFO - Processing /home/airflow/.local/lib/python3.7/site-packages/airflow/example_dags/example_bash_operator.py took 0.068 seconds
[2023-03-26T16:27:35.574+0000] {processor.py:153} INFO - Started process (PID=189) to work on /home/airflow/.local/lib/python3.7/site-packages/airflow/example_dags/example_bash_operator.py
[2023-03-26T16:27:35.574+0000] {processor.py:743} INFO - Processing file /home/airflow/.local/lib/python3.7/site-packages/airflow/example_dags/example_bash_operator.py for tasks to queue
[2023-03-26T16:27:35.575+0000] {logging_mixin.py:137} INFO - [2023-03-26T16:27:35.575+0000] {dagbag.py:532} INFO - Filling up the DagBag from /home/airflow/.local/lib/python3.7/site-packages/airflow/example_dags/example_bash_operator.py
[2023-03-26T16:27:35.587+0000] {processor.py:753} INFO - DAG(s) dict_keys(['example_bash_operator']) retrieved from /home/airflow/.local/lib/python3.7/site-packages/airflow/example_dags/example_bash_operator.py
[2023-03-26T16:27:35.609+0000] {logging_mixin.py:137} INFO - [2023-03-26T16:27:35.609+0000] {dag.py:2693} INFO - Sync 1 DAGs
[2023-03-26T16:27:35.624+0000] {logging_mixin.py:137} INFO - [2023-03-26T16:27:35.624+0000] {dag.py:3444} INFO - Setting next_dagrun for example_bash_operator to 2023-03-25T00:00:00+00:00, run_after=2023-03-26T00:00:00+00:00
[2023-03-26T16:27:35.636+0000] {processor.py:175} INFO - Processing /home/airflow/.local/lib/python3.7/site-packages/airflow/example_dags/example_bash_operator.py took 0.064 seconds
[2023-03-26T16:28:06.129+0000] {processor.py:153} INFO - Started process (PID=238) to work on /home/airflow/.local/lib/python3.7/site-packages/airflow/example_dags/example_bash_operator.py
[2023-03-26T16:28:06.130+0000] {processor.py:743} INFO - Processing file /home/airflow/.local/lib/python3.7/site-packages/airflow/example_dags/example_bash_operator.py for tasks to queue
[2023-03-26T16:28:06.130+0000] {logging_mixin.py:137} INFO - [2023-03-26T16:28:06.130+0000] {dagbag.py:532} INFO - Filling up the DagBag from /home/airflow/.local/lib/python3.7/site-packages/airflow/example_dags/example_bash_operator.py
[2023-03-26T16:28:06.143+0000] {processor.py:753} INFO - DAG(s) dict_keys(['example_bash_operator']) retrieved from /home/airflow/.local/lib/python3.7/site-packages/airflow/example_dags/example_bash_operator.py
[2023-03-26T16:28:06.166+0000] {logging_mixin.py:137} INFO - [2023-03-26T16:28:06.166+0000] {dag.py:2693} INFO - Sync 1 DAGs
[2023-03-26T16:28:06.181+0000] {logging_mixin.py:137} INFO - [2023-03-26T16:28:06.181+0000] {dag.py:3444} INFO - Setting next_dagrun for example_bash_operator to 2023-03-25T00:00:00+00:00, run_after=2023-03-26T00:00:00+00:00
[2023-03-26T16:28:06.195+0000] {processor.py:175} INFO - Processing /home/airflow/.local/lib/python3.7/site-packages/airflow/example_dags/example_bash_operator.py took 0.068 seconds
[2023-03-26T16:28:36.809+0000] {processor.py:153} INFO - Started process (PID=287) to work on /home/airflow/.local/lib/python3.7/site-packages/airflow/example_dags/example_bash_operator.py
[2023-03-26T16:28:36.810+0000] {processor.py:743} INFO - Processing file /home/airflow/.local/lib/python3.7/site-packages/airflow/example_dags/example_bash_operator.py for tasks to queue
[2023-03-26T16:28:36.810+0000] {logging_mixin.py:137} INFO - [2023-03-26T16:28:36.810+0000] {dagbag.py:532} INFO - Filling up the DagBag from /home/airflow/.local/lib/python3.7/site-packages/airflow/example_dags/example_bash_operator.py
[2023-03-26T16:28:36.823+0000] {processor.py:753} INFO - DAG(s) dict_keys(['example_bash_operator']) retrieved from /home/airflow/.local/lib/python3.7/site-packages/airflow/example_dags/example_bash_operator.py
[2023-03-26T16:28:36.847+0000] {logging_mixin.py:137} INFO - [2023-03-26T16:28:36.846+0000] {dag.py:2693} INFO - Sync 1 DAGs
[2023-03-26T16:28:36.862+0000] {logging_mixin.py:137} INFO - [2023-03-26T16:28:36.862+0000] {dag.py:3444} INFO - Setting next_dagrun for example_bash_operator to 2023-03-25T00:00:00+00:00, run_after=2023-03-26T00:00:00+00:00
[2023-03-26T16:28:36.874+0000] {processor.py:175} INFO - Processing /home/airflow/.local/lib/python3.7/site-packages/airflow/example_dags/example_bash_operator.py took 0.067 seconds
[2023-03-26T16:48:48.361+0000] {processor.py:153} INFO - Started process (PID=88) to work on /home/airflow/.local/lib/python3.7/site-packages/airflow/example_dags/example_bash_operator.py
[2023-03-26T16:48:48.362+0000] {processor.py:743} INFO - Processing file /home/airflow/.local/lib/python3.7/site-packages/airflow/example_dags/example_bash_operator.py for tasks to queue
[2023-03-26T16:48:48.363+0000] {logging_mixin.py:137} INFO - [2023-03-26T16:48:48.362+0000] {dagbag.py:532} INFO - Filling up the DagBag from /home/airflow/.local/lib/python3.7/site-packages/airflow/example_dags/example_bash_operator.py
[2023-03-26T16:48:48.378+0000] {processor.py:753} INFO - DAG(s) dict_keys(['example_bash_operator']) retrieved from /home/airflow/.local/lib/python3.7/site-packages/airflow/example_dags/example_bash_operator.py
[2023-03-26T16:48:48.387+0000] {logging_mixin.py:137} INFO - [2023-03-26T16:48:48.387+0000] {dag.py:2693} INFO - Sync 1 DAGs
[2023-03-26T16:48:48.403+0000] {logging_mixin.py:137} INFO - [2023-03-26T16:48:48.403+0000] {dag.py:3444} INFO - Setting next_dagrun for example_bash_operator to 2023-03-25T00:00:00+00:00, run_after=2023-03-26T00:00:00+00:00
[2023-03-26T16:48:48.418+0000] {processor.py:175} INFO - Processing /home/airflow/.local/lib/python3.7/site-packages/airflow/example_dags/example_bash_operator.py took 0.059 seconds
[2023-03-26T16:49:18.924+0000] {processor.py:153} INFO - Started process (PID=137) to work on /home/airflow/.local/lib/python3.7/site-packages/airflow/example_dags/example_bash_operator.py
[2023-03-26T16:49:18.925+0000] {processor.py:743} INFO - Processing file /home/airflow/.local/lib/python3.7/site-packages/airflow/example_dags/example_bash_operator.py for tasks to queue
[2023-03-26T16:49:18.925+0000] {logging_mixin.py:137} INFO - [2023-03-26T16:49:18.925+0000] {dagbag.py:532} INFO - Filling up the DagBag from /home/airflow/.local/lib/python3.7/site-packages/airflow/example_dags/example_bash_operator.py
[2023-03-26T16:49:18.937+0000] {processor.py:753} INFO - DAG(s) dict_keys(['example_bash_operator']) retrieved from /home/airflow/.local/lib/python3.7/site-packages/airflow/example_dags/example_bash_operator.py
[2023-03-26T16:49:18.961+0000] {logging_mixin.py:137} INFO - [2023-03-26T16:49:18.961+0000] {dag.py:2693} INFO - Sync 1 DAGs
[2023-03-26T16:49:18.976+0000] {logging_mixin.py:137} INFO - [2023-03-26T16:49:18.976+0000] {dag.py:3444} INFO - Setting next_dagrun for example_bash_operator to 2023-03-25T00:00:00+00:00, run_after=2023-03-26T00:00:00+00:00
[2023-03-26T16:49:18.988+0000] {processor.py:175} INFO - Processing /home/airflow/.local/lib/python3.7/site-packages/airflow/example_dags/example_bash_operator.py took 0.066 seconds
[2023-03-26T16:49:49.526+0000] {processor.py:153} INFO - Started process (PID=186) to work on /home/airflow/.local/lib/python3.7/site-packages/airflow/example_dags/example_bash_operator.py
[2023-03-26T16:49:49.526+0000] {processor.py:743} INFO - Processing file /home/airflow/.local/lib/python3.7/site-packages/airflow/example_dags/example_bash_operator.py for tasks to queue
[2023-03-26T16:49:49.526+0000] {logging_mixin.py:137} INFO - [2023-03-26T16:49:49.526+0000] {dagbag.py:532} INFO - Filling up the DagBag from /home/airflow/.local/lib/python3.7/site-packages/airflow/example_dags/example_bash_operator.py
[2023-03-26T16:49:49.538+0000] {processor.py:753} INFO - DAG(s) dict_keys(['example_bash_operator']) retrieved from /home/airflow/.local/lib/python3.7/site-packages/airflow/example_dags/example_bash_operator.py
[2023-03-26T16:49:49.562+0000] {logging_mixin.py:137} INFO - [2023-03-26T16:49:49.562+0000] {dag.py:2693} INFO - Sync 1 DAGs
[2023-03-26T16:49:49.576+0000] {logging_mixin.py:137} INFO - [2023-03-26T16:49:49.576+0000] {dag.py:3444} INFO - Setting next_dagrun for example_bash_operator to 2023-03-25T00:00:00+00:00, run_after=2023-03-26T00:00:00+00:00
[2023-03-26T16:49:49.588+0000] {processor.py:175} INFO - Processing /home/airflow/.local/lib/python3.7/site-packages/airflow/example_dags/example_bash_operator.py took 0.064 seconds
[2023-03-26T16:50:20.119+0000] {processor.py:153} INFO - Started process (PID=235) to work on /home/airflow/.local/lib/python3.7/site-packages/airflow/example_dags/example_bash_operator.py
[2023-03-26T16:50:20.120+0000] {processor.py:743} INFO - Processing file /home/airflow/.local/lib/python3.7/site-packages/airflow/example_dags/example_bash_operator.py for tasks to queue
[2023-03-26T16:50:20.120+0000] {logging_mixin.py:137} INFO - [2023-03-26T16:50:20.120+0000] {dagbag.py:532} INFO - Filling up the DagBag from /home/airflow/.local/lib/python3.7/site-packages/airflow/example_dags/example_bash_operator.py
[2023-03-26T16:50:20.133+0000] {processor.py:753} INFO - DAG(s) dict_keys(['example_bash_operator']) retrieved from /home/airflow/.local/lib/python3.7/site-packages/airflow/example_dags/example_bash_operator.py
[2023-03-26T16:50:20.156+0000] {logging_mixin.py:137} INFO - [2023-03-26T16:50:20.156+0000] {dag.py:2693} INFO - Sync 1 DAGs
[2023-03-26T16:50:20.171+0000] {logging_mixin.py:137} INFO - [2023-03-26T16:50:20.171+0000] {dag.py:3444} INFO - Setting next_dagrun for example_bash_operator to 2023-03-25T00:00:00+00:00, run_after=2023-03-26T00:00:00+00:00
[2023-03-26T16:50:20.185+0000] {processor.py:175} INFO - Processing /home/airflow/.local/lib/python3.7/site-packages/airflow/example_dags/example_bash_operator.py took 0.068 seconds
[2023-03-26T16:50:50.771+0000] {processor.py:153} INFO - Started process (PID=284) to work on /home/airflow/.local/lib/python3.7/site-packages/airflow/example_dags/example_bash_operator.py
[2023-03-26T16:50:50.771+0000] {processor.py:743} INFO - Processing file /home/airflow/.local/lib/python3.7/site-packages/airflow/example_dags/example_bash_operator.py for tasks to queue
[2023-03-26T16:50:50.772+0000] {logging_mixin.py:137} INFO - [2023-03-26T16:50:50.772+0000] {dagbag.py:532} INFO - Filling up the DagBag from /home/airflow/.local/lib/python3.7/site-packages/airflow/example_dags/example_bash_operator.py
[2023-03-26T16:50:50.784+0000] {processor.py:753} INFO - DAG(s) dict_keys(['example_bash_operator']) retrieved from /home/airflow/.local/lib/python3.7/site-packages/airflow/example_dags/example_bash_operator.py
[2023-03-26T16:50:50.808+0000] {logging_mixin.py:137} INFO - [2023-03-26T16:50:50.807+0000] {dag.py:2693} INFO - Sync 1 DAGs
[2023-03-26T16:50:50.824+0000] {logging_mixin.py:137} INFO - [2023-03-26T16:50:50.824+0000] {dag.py:3444} INFO - Setting next_dagrun for example_bash_operator to 2023-03-25T00:00:00+00:00, run_after=2023-03-26T00:00:00+00:00
[2023-03-26T16:50:50.836+0000] {processor.py:175} INFO - Processing /home/airflow/.local/lib/python3.7/site-packages/airflow/example_dags/example_bash_operator.py took 0.068 seconds
[2023-03-26T16:51:21.612+0000] {processor.py:153} INFO - Started process (PID=333) to work on /home/airflow/.local/lib/python3.7/site-packages/airflow/example_dags/example_bash_operator.py
[2023-03-26T16:51:21.613+0000] {processor.py:743} INFO - Processing file /home/airflow/.local/lib/python3.7/site-packages/airflow/example_dags/example_bash_operator.py for tasks to queue
[2023-03-26T16:51:21.613+0000] {logging_mixin.py:137} INFO - [2023-03-26T16:51:21.613+0000] {dagbag.py:532} INFO - Filling up the DagBag from /home/airflow/.local/lib/python3.7/site-packages/airflow/example_dags/example_bash_operator.py
[2023-03-26T16:51:21.625+0000] {processor.py:753} INFO - DAG(s) dict_keys(['example_bash_operator']) retrieved from /home/airflow/.local/lib/python3.7/site-packages/airflow/example_dags/example_bash_operator.py
[2023-03-26T16:51:21.648+0000] {logging_mixin.py:137} INFO - [2023-03-26T16:51:21.648+0000] {dag.py:2693} INFO - Sync 1 DAGs
[2023-03-26T16:51:21.663+0000] {logging_mixin.py:137} INFO - [2023-03-26T16:51:21.663+0000] {dag.py:3444} INFO - Setting next_dagrun for example_bash_operator to 2023-03-25T00:00:00+00:00, run_after=2023-03-26T00:00:00+00:00
[2023-03-26T16:51:21.675+0000] {processor.py:175} INFO - Processing /home/airflow/.local/lib/python3.7/site-packages/airflow/example_dags/example_bash_operator.py took 0.065 seconds
[2023-03-26T16:51:52.349+0000] {processor.py:153} INFO - Started process (PID=382) to work on /home/airflow/.local/lib/python3.7/site-packages/airflow/example_dags/example_bash_operator.py
[2023-03-26T16:51:52.350+0000] {processor.py:743} INFO - Processing file /home/airflow/.local/lib/python3.7/site-packages/airflow/example_dags/example_bash_operator.py for tasks to queue
[2023-03-26T16:51:52.350+0000] {logging_mixin.py:137} INFO - [2023-03-26T16:51:52.350+0000] {dagbag.py:532} INFO - Filling up the DagBag from /home/airflow/.local/lib/python3.7/site-packages/airflow/example_dags/example_bash_operator.py
[2023-03-26T16:51:52.361+0000] {processor.py:753} INFO - DAG(s) dict_keys(['example_bash_operator']) retrieved from /home/airflow/.local/lib/python3.7/site-packages/airflow/example_dags/example_bash_operator.py
[2023-03-26T16:51:52.385+0000] {logging_mixin.py:137} INFO - [2023-03-26T16:51:52.385+0000] {dag.py:2693} INFO - Sync 1 DAGs
[2023-03-26T16:51:52.400+0000] {logging_mixin.py:137} INFO - [2023-03-26T16:51:52.400+0000] {dag.py:3444} INFO - Setting next_dagrun for example_bash_operator to 2023-03-25T00:00:00+00:00, run_after=2023-03-26T00:00:00+00:00
[2023-03-26T16:51:52.412+0000] {processor.py:175} INFO - Processing /home/airflow/.local/lib/python3.7/site-packages/airflow/example_dags/example_bash_operator.py took 0.065 seconds
[2023-03-26T16:52:22.985+0000] {processor.py:153} INFO - Started process (PID=431) to work on /home/airflow/.local/lib/python3.7/site-packages/airflow/example_dags/example_bash_operator.py
[2023-03-26T16:52:22.985+0000] {processor.py:743} INFO - Processing file /home/airflow/.local/lib/python3.7/site-packages/airflow/example_dags/example_bash_operator.py for tasks to queue
[2023-03-26T16:52:22.986+0000] {logging_mixin.py:137} INFO - [2023-03-26T16:52:22.986+0000] {dagbag.py:532} INFO - Filling up the DagBag from /home/airflow/.local/lib/python3.7/site-packages/airflow/example_dags/example_bash_operator.py
[2023-03-26T16:52:22.998+0000] {processor.py:753} INFO - DAG(s) dict_keys(['example_bash_operator']) retrieved from /home/airflow/.local/lib/python3.7/site-packages/airflow/example_dags/example_bash_operator.py
[2023-03-26T16:52:23.021+0000] {logging_mixin.py:137} INFO - [2023-03-26T16:52:23.021+0000] {dag.py:2693} INFO - Sync 1 DAGs
[2023-03-26T16:52:23.036+0000] {logging_mixin.py:137} INFO - [2023-03-26T16:52:23.036+0000] {dag.py:3444} INFO - Setting next_dagrun for example_bash_operator to 2023-03-25T00:00:00+00:00, run_after=2023-03-26T00:00:00+00:00
[2023-03-26T16:52:23.049+0000] {processor.py:175} INFO - Processing /home/airflow/.local/lib/python3.7/site-packages/airflow/example_dags/example_bash_operator.py took 0.066 seconds
[2023-03-26T16:52:53.518+0000] {processor.py:153} INFO - Started process (PID=480) to work on /home/airflow/.local/lib/python3.7/site-packages/airflow/example_dags/example_bash_operator.py
[2023-03-26T16:52:53.518+0000] {processor.py:743} INFO - Processing file /home/airflow/.local/lib/python3.7/site-packages/airflow/example_dags/example_bash_operator.py for tasks to queue
[2023-03-26T16:52:53.519+0000] {logging_mixin.py:137} INFO - [2023-03-26T16:52:53.519+0000] {dagbag.py:532} INFO - Filling up the DagBag from /home/airflow/.local/lib/python3.7/site-packages/airflow/example_dags/example_bash_operator.py
[2023-03-26T16:52:53.531+0000] {processor.py:753} INFO - DAG(s) dict_keys(['example_bash_operator']) retrieved from /home/airflow/.local/lib/python3.7/site-packages/airflow/example_dags/example_bash_operator.py
[2023-03-26T16:52:53.557+0000] {logging_mixin.py:137} INFO - [2023-03-26T16:52:53.557+0000] {dag.py:2693} INFO - Sync 1 DAGs
[2023-03-26T16:52:53.573+0000] {logging_mixin.py:137} INFO - [2023-03-26T16:52:53.573+0000] {dag.py:3444} INFO - Setting next_dagrun for example_bash_operator to 2023-03-25T00:00:00+00:00, run_after=2023-03-26T00:00:00+00:00
[2023-03-26T16:52:53.586+0000] {processor.py:175} INFO - Processing /home/airflow/.local/lib/python3.7/site-packages/airflow/example_dags/example_bash_operator.py took 0.070 seconds
[2023-03-26T16:53:24.189+0000] {processor.py:153} INFO - Started process (PID=529) to work on /home/airflow/.local/lib/python3.7/site-packages/airflow/example_dags/example_bash_operator.py
[2023-03-26T16:53:24.189+0000] {processor.py:743} INFO - Processing file /home/airflow/.local/lib/python3.7/site-packages/airflow/example_dags/example_bash_operator.py for tasks to queue
[2023-03-26T16:53:24.190+0000] {logging_mixin.py:137} INFO - [2023-03-26T16:53:24.189+0000] {dagbag.py:532} INFO - Filling up the DagBag from /home/airflow/.local/lib/python3.7/site-packages/airflow/example_dags/example_bash_operator.py
[2023-03-26T16:53:24.202+0000] {processor.py:753} INFO - DAG(s) dict_keys(['example_bash_operator']) retrieved from /home/airflow/.local/lib/python3.7/site-packages/airflow/example_dags/example_bash_operator.py
[2023-03-26T16:53:24.224+0000] {logging_mixin.py:137} INFO - [2023-03-26T16:53:24.224+0000] {dag.py:2693} INFO - Sync 1 DAGs
[2023-03-26T16:53:24.238+0000] {logging_mixin.py:137} INFO - [2023-03-26T16:53:24.238+0000] {dag.py:3444} INFO - Setting next_dagrun for example_bash_operator to 2023-03-25T00:00:00+00:00, run_after=2023-03-26T00:00:00+00:00
[2023-03-26T16:53:24.251+0000] {processor.py:175} INFO - Processing /home/airflow/.local/lib/python3.7/site-packages/airflow/example_dags/example_bash_operator.py took 0.064 seconds
[2023-03-26T16:53:54.966+0000] {processor.py:153} INFO - Started process (PID=578) to work on /home/airflow/.local/lib/python3.7/site-packages/airflow/example_dags/example_bash_operator.py
[2023-03-26T16:53:54.967+0000] {processor.py:743} INFO - Processing file /home/airflow/.local/lib/python3.7/site-packages/airflow/example_dags/example_bash_operator.py for tasks to queue
[2023-03-26T16:53:54.967+0000] {logging_mixin.py:137} INFO - [2023-03-26T16:53:54.967+0000] {dagbag.py:532} INFO - Filling up the DagBag from /home/airflow/.local/lib/python3.7/site-packages/airflow/example_dags/example_bash_operator.py
[2023-03-26T16:53:54.980+0000] {processor.py:753} INFO - DAG(s) dict_keys(['example_bash_operator']) retrieved from /home/airflow/.local/lib/python3.7/site-packages/airflow/example_dags/example_bash_operator.py
[2023-03-26T16:53:55.005+0000] {logging_mixin.py:137} INFO - [2023-03-26T16:53:55.005+0000] {dag.py:2693} INFO - Sync 1 DAGs
[2023-03-26T16:53:55.027+0000] {logging_mixin.py:137} INFO - [2023-03-26T16:53:55.027+0000] {dag.py:3444} INFO - Setting next_dagrun for example_bash_operator to 2023-03-25T00:00:00+00:00, run_after=2023-03-26T00:00:00+00:00
[2023-03-26T16:53:55.043+0000] {processor.py:175} INFO - Processing /home/airflow/.local/lib/python3.7/site-packages/airflow/example_dags/example_bash_operator.py took 0.079 seconds
[2023-03-26T16:54:25.774+0000] {processor.py:153} INFO - Started process (PID=627) to work on /home/airflow/.local/lib/python3.7/site-packages/airflow/example_dags/example_bash_operator.py
[2023-03-26T16:54:25.774+0000] {processor.py:743} INFO - Processing file /home/airflow/.local/lib/python3.7/site-packages/airflow/example_dags/example_bash_operator.py for tasks to queue
[2023-03-26T16:54:25.775+0000] {logging_mixin.py:137} INFO - [2023-03-26T16:54:25.774+0000] {dagbag.py:532} INFO - Filling up the DagBag from /home/airflow/.local/lib/python3.7/site-packages/airflow/example_dags/example_bash_operator.py
[2023-03-26T16:54:25.787+0000] {processor.py:753} INFO - DAG(s) dict_keys(['example_bash_operator']) retrieved from /home/airflow/.local/lib/python3.7/site-packages/airflow/example_dags/example_bash_operator.py
[2023-03-26T16:54:25.813+0000] {logging_mixin.py:137} INFO - [2023-03-26T16:54:25.813+0000] {dag.py:2693} INFO - Sync 1 DAGs
[2023-03-26T16:54:25.828+0000] {logging_mixin.py:137} INFO - [2023-03-26T16:54:25.828+0000] {dag.py:3444} INFO - Setting next_dagrun for example_bash_operator to 2023-03-25T00:00:00+00:00, run_after=2023-03-26T00:00:00+00:00
[2023-03-26T16:54:25.844+0000] {processor.py:175} INFO - Processing /home/airflow/.local/lib/python3.7/site-packages/airflow/example_dags/example_bash_operator.py took 0.073 seconds
[2023-03-26T16:54:56.556+0000] {processor.py:153} INFO - Started process (PID=676) to work on /home/airflow/.local/lib/python3.7/site-packages/airflow/example_dags/example_bash_operator.py
[2023-03-26T16:54:56.557+0000] {processor.py:743} INFO - Processing file /home/airflow/.local/lib/python3.7/site-packages/airflow/example_dags/example_bash_operator.py for tasks to queue
[2023-03-26T16:54:56.557+0000] {logging_mixin.py:137} INFO - [2023-03-26T16:54:56.557+0000] {dagbag.py:532} INFO - Filling up the DagBag from /home/airflow/.local/lib/python3.7/site-packages/airflow/example_dags/example_bash_operator.py
[2023-03-26T16:54:56.569+0000] {processor.py:753} INFO - DAG(s) dict_keys(['example_bash_operator']) retrieved from /home/airflow/.local/lib/python3.7/site-packages/airflow/example_dags/example_bash_operator.py
[2023-03-26T16:54:56.595+0000] {logging_mixin.py:137} INFO - [2023-03-26T16:54:56.594+0000] {dag.py:2693} INFO - Sync 1 DAGs
[2023-03-26T16:54:56.610+0000] {logging_mixin.py:137} INFO - [2023-03-26T16:54:56.610+0000] {dag.py:3444} INFO - Setting next_dagrun for example_bash_operator to 2023-03-25T00:00:00+00:00, run_after=2023-03-26T00:00:00+00:00
[2023-03-26T16:54:56.623+0000] {processor.py:175} INFO - Processing /home/airflow/.local/lib/python3.7/site-packages/airflow/example_dags/example_bash_operator.py took 0.069 seconds
[2023-03-26T16:55:27.158+0000] {processor.py:153} INFO - Started process (PID=725) to work on /home/airflow/.local/lib/python3.7/site-packages/airflow/example_dags/example_bash_operator.py
[2023-03-26T16:55:27.159+0000] {processor.py:743} INFO - Processing file /home/airflow/.local/lib/python3.7/site-packages/airflow/example_dags/example_bash_operator.py for tasks to queue
[2023-03-26T16:55:27.159+0000] {logging_mixin.py:137} INFO - [2023-03-26T16:55:27.159+0000] {dagbag.py:532} INFO - Filling up the DagBag from /home/airflow/.local/lib/python3.7/site-packages/airflow/example_dags/example_bash_operator.py
[2023-03-26T16:55:27.171+0000] {processor.py:753} INFO - DAG(s) dict_keys(['example_bash_operator']) retrieved from /home/airflow/.local/lib/python3.7/site-packages/airflow/example_dags/example_bash_operator.py
[2023-03-26T16:55:27.197+0000] {logging_mixin.py:137} INFO - [2023-03-26T16:55:27.197+0000] {dag.py:2693} INFO - Sync 1 DAGs
[2023-03-26T16:55:27.211+0000] {logging_mixin.py:137} INFO - [2023-03-26T16:55:27.211+0000] {dag.py:3444} INFO - Setting next_dagrun for example_bash_operator to 2023-03-25T00:00:00+00:00, run_after=2023-03-26T00:00:00+00:00
[2023-03-26T16:55:27.223+0000] {processor.py:175} INFO - Processing /home/airflow/.local/lib/python3.7/site-packages/airflow/example_dags/example_bash_operator.py took 0.067 seconds
[2023-03-26T16:55:57.794+0000] {processor.py:153} INFO - Started process (PID=774) to work on /home/airflow/.local/lib/python3.7/site-packages/airflow/example_dags/example_bash_operator.py
[2023-03-26T16:55:57.795+0000] {processor.py:743} INFO - Processing file /home/airflow/.local/lib/python3.7/site-packages/airflow/example_dags/example_bash_operator.py for tasks to queue
[2023-03-26T16:55:57.795+0000] {logging_mixin.py:137} INFO - [2023-03-26T16:55:57.795+0000] {dagbag.py:532} INFO - Filling up the DagBag from /home/airflow/.local/lib/python3.7/site-packages/airflow/example_dags/example_bash_operator.py
[2023-03-26T16:55:57.807+0000] {processor.py:753} INFO - DAG(s) dict_keys(['example_bash_operator']) retrieved from /home/airflow/.local/lib/python3.7/site-packages/airflow/example_dags/example_bash_operator.py
[2023-03-26T16:55:57.831+0000] {logging_mixin.py:137} INFO - [2023-03-26T16:55:57.831+0000] {dag.py:2693} INFO - Sync 1 DAGs
[2023-03-26T16:55:57.846+0000] {logging_mixin.py:137} INFO - [2023-03-26T16:55:57.846+0000] {dag.py:3444} INFO - Setting next_dagrun for example_bash_operator to 2023-03-25T00:00:00+00:00, run_after=2023-03-26T00:00:00+00:00
[2023-03-26T16:55:57.858+0000] {processor.py:175} INFO - Processing /home/airflow/.local/lib/python3.7/site-packages/airflow/example_dags/example_bash_operator.py took 0.066 seconds
[2023-03-26T16:56:28.568+0000] {processor.py:153} INFO - Started process (PID=823) to work on /home/airflow/.local/lib/python3.7/site-packages/airflow/example_dags/example_bash_operator.py
[2023-03-26T16:56:28.569+0000] {processor.py:743} INFO - Processing file /home/airflow/.local/lib/python3.7/site-packages/airflow/example_dags/example_bash_operator.py for tasks to queue
[2023-03-26T16:56:28.569+0000] {logging_mixin.py:137} INFO - [2023-03-26T16:56:28.569+0000] {dagbag.py:532} INFO - Filling up the DagBag from /home/airflow/.local/lib/python3.7/site-packages/airflow/example_dags/example_bash_operator.py
[2023-03-26T16:56:28.583+0000] {processor.py:753} INFO - DAG(s) dict_keys(['example_bash_operator']) retrieved from /home/airflow/.local/lib/python3.7/site-packages/airflow/example_dags/example_bash_operator.py
[2023-03-26T16:56:28.607+0000] {logging_mixin.py:137} INFO - [2023-03-26T16:56:28.607+0000] {dag.py:2693} INFO - Sync 1 DAGs
[2023-03-26T16:56:28.623+0000] {logging_mixin.py:137} INFO - [2023-03-26T16:56:28.623+0000] {dag.py:3444} INFO - Setting next_dagrun for example_bash_operator to 2023-03-25T00:00:00+00:00, run_after=2023-03-26T00:00:00+00:00
[2023-03-26T16:56:28.635+0000] {processor.py:175} INFO - Processing /home/airflow/.local/lib/python3.7/site-packages/airflow/example_dags/example_bash_operator.py took 0.069 seconds
[2023-03-26T16:56:59.184+0000] {processor.py:153} INFO - Started process (PID=872) to work on /home/airflow/.local/lib/python3.7/site-packages/airflow/example_dags/example_bash_operator.py
[2023-03-26T16:56:59.184+0000] {processor.py:743} INFO - Processing file /home/airflow/.local/lib/python3.7/site-packages/airflow/example_dags/example_bash_operator.py for tasks to queue
[2023-03-26T16:56:59.185+0000] {logging_mixin.py:137} INFO - [2023-03-26T16:56:59.185+0000] {dagbag.py:532} INFO - Filling up the DagBag from /home/airflow/.local/lib/python3.7/site-packages/airflow/example_dags/example_bash_operator.py
[2023-03-26T16:56:59.197+0000] {processor.py:753} INFO - DAG(s) dict_keys(['example_bash_operator']) retrieved from /home/airflow/.local/lib/python3.7/site-packages/airflow/example_dags/example_bash_operator.py
[2023-03-26T16:56:59.220+0000] {logging_mixin.py:137} INFO - [2023-03-26T16:56:59.220+0000] {dag.py:2693} INFO - Sync 1 DAGs
[2023-03-26T16:56:59.235+0000] {logging_mixin.py:137} INFO - [2023-03-26T16:56:59.235+0000] {dag.py:3444} INFO - Setting next_dagrun for example_bash_operator to 2023-03-25T00:00:00+00:00, run_after=2023-03-26T00:00:00+00:00
[2023-03-26T16:56:59.248+0000] {processor.py:175} INFO - Processing /home/airflow/.local/lib/python3.7/site-packages/airflow/example_dags/example_bash_operator.py took 0.066 seconds
[2023-03-26T16:57:29.702+0000] {processor.py:153} INFO - Started process (PID=921) to work on /home/airflow/.local/lib/python3.7/site-packages/airflow/example_dags/example_bash_operator.py
[2023-03-26T16:57:29.702+0000] {processor.py:743} INFO - Processing file /home/airflow/.local/lib/python3.7/site-packages/airflow/example_dags/example_bash_operator.py for tasks to queue
[2023-03-26T16:57:29.703+0000] {logging_mixin.py:137} INFO - [2023-03-26T16:57:29.703+0000] {dagbag.py:532} INFO - Filling up the DagBag from /home/airflow/.local/lib/python3.7/site-packages/airflow/example_dags/example_bash_operator.py
[2023-03-26T16:57:29.717+0000] {processor.py:753} INFO - DAG(s) dict_keys(['example_bash_operator']) retrieved from /home/airflow/.local/lib/python3.7/site-packages/airflow/example_dags/example_bash_operator.py
[2023-03-26T16:57:29.739+0000] {logging_mixin.py:137} INFO - [2023-03-26T16:57:29.739+0000] {dag.py:2693} INFO - Sync 1 DAGs
[2023-03-26T16:57:29.754+0000] {logging_mixin.py:137} INFO - [2023-03-26T16:57:29.754+0000] {dag.py:3444} INFO - Setting next_dagrun for example_bash_operator to 2023-03-25T00:00:00+00:00, run_after=2023-03-26T00:00:00+00:00
[2023-03-26T16:57:29.766+0000] {processor.py:175} INFO - Processing /home/airflow/.local/lib/python3.7/site-packages/airflow/example_dags/example_bash_operator.py took 0.066 seconds
[2023-03-26T16:58:00.411+0000] {processor.py:153} INFO - Started process (PID=970) to work on /home/airflow/.local/lib/python3.7/site-packages/airflow/example_dags/example_bash_operator.py
[2023-03-26T16:58:00.411+0000] {processor.py:743} INFO - Processing file /home/airflow/.local/lib/python3.7/site-packages/airflow/example_dags/example_bash_operator.py for tasks to queue
[2023-03-26T16:58:00.412+0000] {logging_mixin.py:137} INFO - [2023-03-26T16:58:00.411+0000] {dagbag.py:532} INFO - Filling up the DagBag from /home/airflow/.local/lib/python3.7/site-packages/airflow/example_dags/example_bash_operator.py
[2023-03-26T16:58:00.423+0000] {processor.py:753} INFO - DAG(s) dict_keys(['example_bash_operator']) retrieved from /home/airflow/.local/lib/python3.7/site-packages/airflow/example_dags/example_bash_operator.py
[2023-03-26T16:58:00.445+0000] {logging_mixin.py:137} INFO - [2023-03-26T16:58:00.445+0000] {dag.py:2693} INFO - Sync 1 DAGs
[2023-03-26T16:58:00.460+0000] {logging_mixin.py:137} INFO - [2023-03-26T16:58:00.460+0000] {dag.py:3444} INFO - Setting next_dagrun for example_bash_operator to 2023-03-25T00:00:00+00:00, run_after=2023-03-26T00:00:00+00:00
[2023-03-26T16:58:00.472+0000] {processor.py:175} INFO - Processing /home/airflow/.local/lib/python3.7/site-packages/airflow/example_dags/example_bash_operator.py took 0.063 seconds
[2023-03-26T16:58:31.135+0000] {processor.py:153} INFO - Started process (PID=1019) to work on /home/airflow/.local/lib/python3.7/site-packages/airflow/example_dags/example_bash_operator.py
[2023-03-26T16:58:31.136+0000] {processor.py:743} INFO - Processing file /home/airflow/.local/lib/python3.7/site-packages/airflow/example_dags/example_bash_operator.py for tasks to queue
[2023-03-26T16:58:31.136+0000] {logging_mixin.py:137} INFO - [2023-03-26T16:58:31.136+0000] {dagbag.py:532} INFO - Filling up the DagBag from /home/airflow/.local/lib/python3.7/site-packages/airflow/example_dags/example_bash_operator.py
[2023-03-26T16:58:31.148+0000] {processor.py:753} INFO - DAG(s) dict_keys(['example_bash_operator']) retrieved from /home/airflow/.local/lib/python3.7/site-packages/airflow/example_dags/example_bash_operator.py
[2023-03-26T16:58:31.172+0000] {logging_mixin.py:137} INFO - [2023-03-26T16:58:31.172+0000] {dag.py:2693} INFO - Sync 1 DAGs
[2023-03-26T16:58:31.189+0000] {logging_mixin.py:137} INFO - [2023-03-26T16:58:31.189+0000] {dag.py:3444} INFO - Setting next_dagrun for example_bash_operator to 2023-03-25T00:00:00+00:00, run_after=2023-03-26T00:00:00+00:00
[2023-03-26T16:58:31.204+0000] {processor.py:175} INFO - Processing /home/airflow/.local/lib/python3.7/site-packages/airflow/example_dags/example_bash_operator.py took 0.071 seconds
[2023-03-26T16:59:01.928+0000] {processor.py:153} INFO - Started process (PID=1068) to work on /home/airflow/.local/lib/python3.7/site-packages/airflow/example_dags/example_bash_operator.py
[2023-03-26T16:59:01.928+0000] {processor.py:743} INFO - Processing file /home/airflow/.local/lib/python3.7/site-packages/airflow/example_dags/example_bash_operator.py for tasks to queue
[2023-03-26T16:59:01.929+0000] {logging_mixin.py:137} INFO - [2023-03-26T16:59:01.929+0000] {dagbag.py:532} INFO - Filling up the DagBag from /home/airflow/.local/lib/python3.7/site-packages/airflow/example_dags/example_bash_operator.py
[2023-03-26T16:59:01.940+0000] {processor.py:753} INFO - DAG(s) dict_keys(['example_bash_operator']) retrieved from /home/airflow/.local/lib/python3.7/site-packages/airflow/example_dags/example_bash_operator.py
[2023-03-26T16:59:01.964+0000] {logging_mixin.py:137} INFO - [2023-03-26T16:59:01.964+0000] {dag.py:2693} INFO - Sync 1 DAGs
[2023-03-26T16:59:01.979+0000] {logging_mixin.py:137} INFO - [2023-03-26T16:59:01.979+0000] {dag.py:3444} INFO - Setting next_dagrun for example_bash_operator to 2023-03-25T00:00:00+00:00, run_after=2023-03-26T00:00:00+00:00
[2023-03-26T16:59:01.996+0000] {processor.py:175} INFO - Processing /home/airflow/.local/lib/python3.7/site-packages/airflow/example_dags/example_bash_operator.py took 0.070 seconds
[2023-03-26T16:59:32.568+0000] {processor.py:153} INFO - Started process (PID=1117) to work on /home/airflow/.local/lib/python3.7/site-packages/airflow/example_dags/example_bash_operator.py
[2023-03-26T16:59:32.568+0000] {processor.py:743} INFO - Processing file /home/airflow/.local/lib/python3.7/site-packages/airflow/example_dags/example_bash_operator.py for tasks to queue
[2023-03-26T16:59:32.569+0000] {logging_mixin.py:137} INFO - [2023-03-26T16:59:32.568+0000] {dagbag.py:532} INFO - Filling up the DagBag from /home/airflow/.local/lib/python3.7/site-packages/airflow/example_dags/example_bash_operator.py
[2023-03-26T16:59:32.581+0000] {processor.py:753} INFO - DAG(s) dict_keys(['example_bash_operator']) retrieved from /home/airflow/.local/lib/python3.7/site-packages/airflow/example_dags/example_bash_operator.py
[2023-03-26T16:59:32.604+0000] {logging_mixin.py:137} INFO - [2023-03-26T16:59:32.604+0000] {dag.py:2693} INFO - Sync 1 DAGs
[2023-03-26T16:59:32.620+0000] {logging_mixin.py:137} INFO - [2023-03-26T16:59:32.620+0000] {dag.py:3444} INFO - Setting next_dagrun for example_bash_operator to 2023-03-25T00:00:00+00:00, run_after=2023-03-26T00:00:00+00:00
[2023-03-26T16:59:32.633+0000] {processor.py:175} INFO - Processing /home/airflow/.local/lib/python3.7/site-packages/airflow/example_dags/example_bash_operator.py took 0.067 seconds
[2023-03-26T17:00:03.264+0000] {processor.py:153} INFO - Started process (PID=1166) to work on /home/airflow/.local/lib/python3.7/site-packages/airflow/example_dags/example_bash_operator.py
[2023-03-26T17:00:03.264+0000] {processor.py:743} INFO - Processing file /home/airflow/.local/lib/python3.7/site-packages/airflow/example_dags/example_bash_operator.py for tasks to queue
[2023-03-26T17:00:03.264+0000] {logging_mixin.py:137} INFO - [2023-03-26T17:00:03.264+0000] {dagbag.py:532} INFO - Filling up the DagBag from /home/airflow/.local/lib/python3.7/site-packages/airflow/example_dags/example_bash_operator.py
[2023-03-26T17:00:03.278+0000] {processor.py:753} INFO - DAG(s) dict_keys(['example_bash_operator']) retrieved from /home/airflow/.local/lib/python3.7/site-packages/airflow/example_dags/example_bash_operator.py
[2023-03-26T17:00:03.302+0000] {logging_mixin.py:137} INFO - [2023-03-26T17:00:03.302+0000] {dag.py:2693} INFO - Sync 1 DAGs
[2023-03-26T17:00:03.318+0000] {logging_mixin.py:137} INFO - [2023-03-26T17:00:03.318+0000] {dag.py:3444} INFO - Setting next_dagrun for example_bash_operator to 2023-03-25T00:00:00+00:00, run_after=2023-03-26T00:00:00+00:00
[2023-03-26T17:00:03.329+0000] {processor.py:175} INFO - Processing /home/airflow/.local/lib/python3.7/site-packages/airflow/example_dags/example_bash_operator.py took 0.068 seconds
[2023-03-26T17:00:33.927+0000] {processor.py:153} INFO - Started process (PID=1215) to work on /home/airflow/.local/lib/python3.7/site-packages/airflow/example_dags/example_bash_operator.py
[2023-03-26T17:00:33.927+0000] {processor.py:743} INFO - Processing file /home/airflow/.local/lib/python3.7/site-packages/airflow/example_dags/example_bash_operator.py for tasks to queue
[2023-03-26T17:00:33.927+0000] {logging_mixin.py:137} INFO - [2023-03-26T17:00:33.927+0000] {dagbag.py:532} INFO - Filling up the DagBag from /home/airflow/.local/lib/python3.7/site-packages/airflow/example_dags/example_bash_operator.py
[2023-03-26T17:00:33.940+0000] {processor.py:753} INFO - DAG(s) dict_keys(['example_bash_operator']) retrieved from /home/airflow/.local/lib/python3.7/site-packages/airflow/example_dags/example_bash_operator.py
[2023-03-26T17:00:33.964+0000] {logging_mixin.py:137} INFO - [2023-03-26T17:00:33.964+0000] {dag.py:2693} INFO - Sync 1 DAGs
[2023-03-26T17:00:33.979+0000] {logging_mixin.py:137} INFO - [2023-03-26T17:00:33.979+0000] {dag.py:3444} INFO - Setting next_dagrun for example_bash_operator to 2023-03-25T00:00:00+00:00, run_after=2023-03-26T00:00:00+00:00
[2023-03-26T17:00:33.991+0000] {processor.py:175} INFO - Processing /home/airflow/.local/lib/python3.7/site-packages/airflow/example_dags/example_bash_operator.py took 0.067 seconds
