[2023-03-26T16:04:03.145+0000] {processor.py:153} INFO - Started process (PID=68) to work on /home/airflow/.local/lib/python3.7/site-packages/airflow/example_dags/example_branch_labels.py
[2023-03-26T16:04:03.146+0000] {processor.py:743} INFO - Processing file /home/airflow/.local/lib/python3.7/site-packages/airflow/example_dags/example_branch_labels.py for tasks to queue
[2023-03-26T16:04:03.146+0000] {logging_mixin.py:137} INFO - [2023-03-26T16:04:03.146+0000] {dagbag.py:532} INFO - Filling up the DagBag from /home/airflow/.local/lib/python3.7/site-packages/airflow/example_dags/example_branch_labels.py
[2023-03-26T16:04:03.156+0000] {processor.py:753} INFO - DAG(s) dict_keys(['example_branch_labels']) retrieved from /home/airflow/.local/lib/python3.7/site-packages/airflow/example_dags/example_branch_labels.py
[2023-03-26T16:04:03.224+0000] {logging_mixin.py:137} INFO - [2023-03-26T16:04:03.224+0000] {manager.py:504} INFO - Created Permission View: can read on DAG:example_branch_labels
[2023-03-26T16:04:03.231+0000] {logging_mixin.py:137} INFO - [2023-03-26T16:04:03.231+0000] {manager.py:504} INFO - Created Permission View: can edit on DAG:example_branch_labels
[2023-03-26T16:04:03.238+0000] {logging_mixin.py:137} INFO - [2023-03-26T16:04:03.238+0000] {manager.py:504} INFO - Created Permission View: can delete on DAG:example_branch_labels
[2023-03-26T16:04:03.238+0000] {logging_mixin.py:137} INFO - [2023-03-26T16:04:03.238+0000] {dag.py:2693} INFO - Sync 1 DAGs
[2023-03-26T16:04:03.246+0000] {logging_mixin.py:137} INFO - [2023-03-26T16:04:03.245+0000] {dag.py:2714} INFO - Creating ORM DAG for example_branch_labels
[2023-03-26T16:04:03.252+0000] {logging_mixin.py:137} INFO - [2023-03-26T16:04:03.252+0000] {dag.py:3444} INFO - Setting next_dagrun for example_branch_labels to 2023-03-25T00:00:00+00:00, run_after=2023-03-26T00:00:00+00:00
[2023-03-26T16:04:03.265+0000] {processor.py:175} INFO - Processing /home/airflow/.local/lib/python3.7/site-packages/airflow/example_dags/example_branch_labels.py took 0.122 seconds
[2023-03-26T16:04:33.416+0000] {processor.py:153} INFO - Started process (PID=117) to work on /home/airflow/.local/lib/python3.7/site-packages/airflow/example_dags/example_branch_labels.py
[2023-03-26T16:04:33.417+0000] {processor.py:743} INFO - Processing file /home/airflow/.local/lib/python3.7/site-packages/airflow/example_dags/example_branch_labels.py for tasks to queue
[2023-03-26T16:04:33.417+0000] {logging_mixin.py:137} INFO - [2023-03-26T16:04:33.417+0000] {dagbag.py:532} INFO - Filling up the DagBag from /home/airflow/.local/lib/python3.7/site-packages/airflow/example_dags/example_branch_labels.py
[2023-03-26T16:04:33.425+0000] {processor.py:753} INFO - DAG(s) dict_keys(['example_branch_labels']) retrieved from /home/airflow/.local/lib/python3.7/site-packages/airflow/example_dags/example_branch_labels.py
[2023-03-26T16:04:33.440+0000] {logging_mixin.py:137} INFO - [2023-03-26T16:04:33.440+0000] {dag.py:2693} INFO - Sync 1 DAGs
[2023-03-26T16:04:33.455+0000] {logging_mixin.py:137} INFO - [2023-03-26T16:04:33.455+0000] {dag.py:3444} INFO - Setting next_dagrun for example_branch_labels to 2023-03-25T00:00:00+00:00, run_after=2023-03-26T00:00:00+00:00
[2023-03-26T16:04:33.467+0000] {processor.py:175} INFO - Processing /home/airflow/.local/lib/python3.7/site-packages/airflow/example_dags/example_branch_labels.py took 0.053 seconds
[2023-03-26T16:05:04.032+0000] {processor.py:153} INFO - Started process (PID=166) to work on /home/airflow/.local/lib/python3.7/site-packages/airflow/example_dags/example_branch_labels.py
[2023-03-26T16:05:04.032+0000] {processor.py:743} INFO - Processing file /home/airflow/.local/lib/python3.7/site-packages/airflow/example_dags/example_branch_labels.py for tasks to queue
[2023-03-26T16:05:04.033+0000] {logging_mixin.py:137} INFO - [2023-03-26T16:05:04.033+0000] {dagbag.py:532} INFO - Filling up the DagBag from /home/airflow/.local/lib/python3.7/site-packages/airflow/example_dags/example_branch_labels.py
[2023-03-26T16:05:04.041+0000] {processor.py:753} INFO - DAG(s) dict_keys(['example_branch_labels']) retrieved from /home/airflow/.local/lib/python3.7/site-packages/airflow/example_dags/example_branch_labels.py
[2023-03-26T16:05:04.057+0000] {logging_mixin.py:137} INFO - [2023-03-26T16:05:04.057+0000] {dag.py:2693} INFO - Sync 1 DAGs
[2023-03-26T16:05:04.072+0000] {logging_mixin.py:137} INFO - [2023-03-26T16:05:04.072+0000] {dag.py:3444} INFO - Setting next_dagrun for example_branch_labels to 2023-03-25T00:00:00+00:00, run_after=2023-03-26T00:00:00+00:00
[2023-03-26T16:05:04.086+0000] {processor.py:175} INFO - Processing /home/airflow/.local/lib/python3.7/site-packages/airflow/example_dags/example_branch_labels.py took 0.056 seconds
[2023-03-26T16:05:34.611+0000] {processor.py:153} INFO - Started process (PID=214) to work on /home/airflow/.local/lib/python3.7/site-packages/airflow/example_dags/example_branch_labels.py
[2023-03-26T16:05:34.611+0000] {processor.py:743} INFO - Processing file /home/airflow/.local/lib/python3.7/site-packages/airflow/example_dags/example_branch_labels.py for tasks to queue
[2023-03-26T16:05:34.612+0000] {logging_mixin.py:137} INFO - [2023-03-26T16:05:34.612+0000] {dagbag.py:532} INFO - Filling up the DagBag from /home/airflow/.local/lib/python3.7/site-packages/airflow/example_dags/example_branch_labels.py
[2023-03-26T16:05:34.620+0000] {processor.py:753} INFO - DAG(s) dict_keys(['example_branch_labels']) retrieved from /home/airflow/.local/lib/python3.7/site-packages/airflow/example_dags/example_branch_labels.py
[2023-03-26T16:05:34.636+0000] {logging_mixin.py:137} INFO - [2023-03-26T16:05:34.636+0000] {dag.py:2693} INFO - Sync 1 DAGs
[2023-03-26T16:05:34.652+0000] {logging_mixin.py:137} INFO - [2023-03-26T16:05:34.652+0000] {dag.py:3444} INFO - Setting next_dagrun for example_branch_labels to 2023-03-25T00:00:00+00:00, run_after=2023-03-26T00:00:00+00:00
[2023-03-26T16:05:34.666+0000] {processor.py:175} INFO - Processing /home/airflow/.local/lib/python3.7/site-packages/airflow/example_dags/example_branch_labels.py took 0.057 seconds
[2023-03-26T16:06:05.236+0000] {processor.py:153} INFO - Started process (PID=263) to work on /home/airflow/.local/lib/python3.7/site-packages/airflow/example_dags/example_branch_labels.py
[2023-03-26T16:06:05.237+0000] {processor.py:743} INFO - Processing file /home/airflow/.local/lib/python3.7/site-packages/airflow/example_dags/example_branch_labels.py for tasks to queue
[2023-03-26T16:06:05.237+0000] {logging_mixin.py:137} INFO - [2023-03-26T16:06:05.237+0000] {dagbag.py:532} INFO - Filling up the DagBag from /home/airflow/.local/lib/python3.7/site-packages/airflow/example_dags/example_branch_labels.py
[2023-03-26T16:06:05.245+0000] {processor.py:753} INFO - DAG(s) dict_keys(['example_branch_labels']) retrieved from /home/airflow/.local/lib/python3.7/site-packages/airflow/example_dags/example_branch_labels.py
[2023-03-26T16:06:05.261+0000] {logging_mixin.py:137} INFO - [2023-03-26T16:06:05.261+0000] {dag.py:2693} INFO - Sync 1 DAGs
[2023-03-26T16:06:05.276+0000] {logging_mixin.py:137} INFO - [2023-03-26T16:06:05.276+0000] {dag.py:3444} INFO - Setting next_dagrun for example_branch_labels to 2023-03-25T00:00:00+00:00, run_after=2023-03-26T00:00:00+00:00
[2023-03-26T16:06:05.288+0000] {processor.py:175} INFO - Processing /home/airflow/.local/lib/python3.7/site-packages/airflow/example_dags/example_branch_labels.py took 0.054 seconds
[2023-03-26T16:06:35.841+0000] {processor.py:153} INFO - Started process (PID=312) to work on /home/airflow/.local/lib/python3.7/site-packages/airflow/example_dags/example_branch_labels.py
[2023-03-26T16:06:35.841+0000] {processor.py:743} INFO - Processing file /home/airflow/.local/lib/python3.7/site-packages/airflow/example_dags/example_branch_labels.py for tasks to queue
[2023-03-26T16:06:35.841+0000] {logging_mixin.py:137} INFO - [2023-03-26T16:06:35.841+0000] {dagbag.py:532} INFO - Filling up the DagBag from /home/airflow/.local/lib/python3.7/site-packages/airflow/example_dags/example_branch_labels.py
[2023-03-26T16:06:35.850+0000] {processor.py:753} INFO - DAG(s) dict_keys(['example_branch_labels']) retrieved from /home/airflow/.local/lib/python3.7/site-packages/airflow/example_dags/example_branch_labels.py
[2023-03-26T16:06:35.867+0000] {logging_mixin.py:137} INFO - [2023-03-26T16:06:35.866+0000] {dag.py:2693} INFO - Sync 1 DAGs
[2023-03-26T16:06:35.882+0000] {logging_mixin.py:137} INFO - [2023-03-26T16:06:35.882+0000] {dag.py:3444} INFO - Setting next_dagrun for example_branch_labels to 2023-03-25T00:00:00+00:00, run_after=2023-03-26T00:00:00+00:00
[2023-03-26T16:06:35.896+0000] {processor.py:175} INFO - Processing /home/airflow/.local/lib/python3.7/site-packages/airflow/example_dags/example_branch_labels.py took 0.057 seconds
[2023-03-26T16:07:06.475+0000] {processor.py:153} INFO - Started process (PID=361) to work on /home/airflow/.local/lib/python3.7/site-packages/airflow/example_dags/example_branch_labels.py
[2023-03-26T16:07:06.476+0000] {processor.py:743} INFO - Processing file /home/airflow/.local/lib/python3.7/site-packages/airflow/example_dags/example_branch_labels.py for tasks to queue
[2023-03-26T16:07:06.476+0000] {logging_mixin.py:137} INFO - [2023-03-26T16:07:06.476+0000] {dagbag.py:532} INFO - Filling up the DagBag from /home/airflow/.local/lib/python3.7/site-packages/airflow/example_dags/example_branch_labels.py
[2023-03-26T16:07:06.484+0000] {processor.py:753} INFO - DAG(s) dict_keys(['example_branch_labels']) retrieved from /home/airflow/.local/lib/python3.7/site-packages/airflow/example_dags/example_branch_labels.py
[2023-03-26T16:07:06.501+0000] {logging_mixin.py:137} INFO - [2023-03-26T16:07:06.501+0000] {dag.py:2693} INFO - Sync 1 DAGs
[2023-03-26T16:07:06.516+0000] {logging_mixin.py:137} INFO - [2023-03-26T16:07:06.516+0000] {dag.py:3444} INFO - Setting next_dagrun for example_branch_labels to 2023-03-25T00:00:00+00:00, run_after=2023-03-26T00:00:00+00:00
[2023-03-26T16:07:06.529+0000] {processor.py:175} INFO - Processing /home/airflow/.local/lib/python3.7/site-packages/airflow/example_dags/example_branch_labels.py took 0.055 seconds
[2023-03-26T16:07:37.136+0000] {processor.py:153} INFO - Started process (PID=410) to work on /home/airflow/.local/lib/python3.7/site-packages/airflow/example_dags/example_branch_labels.py
[2023-03-26T16:07:37.136+0000] {processor.py:743} INFO - Processing file /home/airflow/.local/lib/python3.7/site-packages/airflow/example_dags/example_branch_labels.py for tasks to queue
[2023-03-26T16:07:37.137+0000] {logging_mixin.py:137} INFO - [2023-03-26T16:07:37.137+0000] {dagbag.py:532} INFO - Filling up the DagBag from /home/airflow/.local/lib/python3.7/site-packages/airflow/example_dags/example_branch_labels.py
[2023-03-26T16:07:37.145+0000] {processor.py:753} INFO - DAG(s) dict_keys(['example_branch_labels']) retrieved from /home/airflow/.local/lib/python3.7/site-packages/airflow/example_dags/example_branch_labels.py
[2023-03-26T16:07:37.162+0000] {logging_mixin.py:137} INFO - [2023-03-26T16:07:37.162+0000] {dag.py:2693} INFO - Sync 1 DAGs
[2023-03-26T16:07:37.177+0000] {logging_mixin.py:137} INFO - [2023-03-26T16:07:37.177+0000] {dag.py:3444} INFO - Setting next_dagrun for example_branch_labels to 2023-03-25T00:00:00+00:00, run_after=2023-03-26T00:00:00+00:00
[2023-03-26T16:07:37.192+0000] {processor.py:175} INFO - Processing /home/airflow/.local/lib/python3.7/site-packages/airflow/example_dags/example_branch_labels.py took 0.058 seconds
[2023-03-26T16:08:07.745+0000] {processor.py:153} INFO - Started process (PID=459) to work on /home/airflow/.local/lib/python3.7/site-packages/airflow/example_dags/example_branch_labels.py
[2023-03-26T16:08:07.747+0000] {processor.py:743} INFO - Processing file /home/airflow/.local/lib/python3.7/site-packages/airflow/example_dags/example_branch_labels.py for tasks to queue
[2023-03-26T16:08:07.747+0000] {logging_mixin.py:137} INFO - [2023-03-26T16:08:07.747+0000] {dagbag.py:532} INFO - Filling up the DagBag from /home/airflow/.local/lib/python3.7/site-packages/airflow/example_dags/example_branch_labels.py
[2023-03-26T16:08:07.755+0000] {processor.py:753} INFO - DAG(s) dict_keys(['example_branch_labels']) retrieved from /home/airflow/.local/lib/python3.7/site-packages/airflow/example_dags/example_branch_labels.py
[2023-03-26T16:08:07.772+0000] {logging_mixin.py:137} INFO - [2023-03-26T16:08:07.771+0000] {dag.py:2693} INFO - Sync 1 DAGs
[2023-03-26T16:08:07.787+0000] {logging_mixin.py:137} INFO - [2023-03-26T16:08:07.787+0000] {dag.py:3444} INFO - Setting next_dagrun for example_branch_labels to 2023-03-25T00:00:00+00:00, run_after=2023-03-26T00:00:00+00:00
[2023-03-26T16:08:07.801+0000] {processor.py:175} INFO - Processing /home/airflow/.local/lib/python3.7/site-packages/airflow/example_dags/example_branch_labels.py took 0.058 seconds
[2023-03-26T16:08:38.375+0000] {processor.py:153} INFO - Started process (PID=508) to work on /home/airflow/.local/lib/python3.7/site-packages/airflow/example_dags/example_branch_labels.py
[2023-03-26T16:08:38.376+0000] {processor.py:743} INFO - Processing file /home/airflow/.local/lib/python3.7/site-packages/airflow/example_dags/example_branch_labels.py for tasks to queue
[2023-03-26T16:08:38.376+0000] {logging_mixin.py:137} INFO - [2023-03-26T16:08:38.376+0000] {dagbag.py:532} INFO - Filling up the DagBag from /home/airflow/.local/lib/python3.7/site-packages/airflow/example_dags/example_branch_labels.py
[2023-03-26T16:08:38.384+0000] {processor.py:753} INFO - DAG(s) dict_keys(['example_branch_labels']) retrieved from /home/airflow/.local/lib/python3.7/site-packages/airflow/example_dags/example_branch_labels.py
[2023-03-26T16:08:38.402+0000] {logging_mixin.py:137} INFO - [2023-03-26T16:08:38.402+0000] {dag.py:2693} INFO - Sync 1 DAGs
[2023-03-26T16:08:38.418+0000] {logging_mixin.py:137} INFO - [2023-03-26T16:08:38.418+0000] {dag.py:3444} INFO - Setting next_dagrun for example_branch_labels to 2023-03-25T00:00:00+00:00, run_after=2023-03-26T00:00:00+00:00
[2023-03-26T16:08:38.434+0000] {processor.py:175} INFO - Processing /home/airflow/.local/lib/python3.7/site-packages/airflow/example_dags/example_branch_labels.py took 0.061 seconds
[2023-03-26T16:13:00.084+0000] {processor.py:153} INFO - Started process (PID=68) to work on /home/airflow/.local/lib/python3.7/site-packages/airflow/example_dags/example_branch_labels.py
[2023-03-26T16:13:00.085+0000] {processor.py:743} INFO - Processing file /home/airflow/.local/lib/python3.7/site-packages/airflow/example_dags/example_branch_labels.py for tasks to queue
[2023-03-26T16:13:00.086+0000] {logging_mixin.py:137} INFO - [2023-03-26T16:13:00.085+0000] {dagbag.py:532} INFO - Filling up the DagBag from /home/airflow/.local/lib/python3.7/site-packages/airflow/example_dags/example_branch_labels.py
[2023-03-26T16:13:00.097+0000] {processor.py:753} INFO - DAG(s) dict_keys(['example_branch_labels']) retrieved from /home/airflow/.local/lib/python3.7/site-packages/airflow/example_dags/example_branch_labels.py
[2023-03-26T16:13:00.105+0000] {logging_mixin.py:137} INFO - [2023-03-26T16:13:00.105+0000] {dag.py:2693} INFO - Sync 1 DAGs
[2023-03-26T16:13:00.123+0000] {logging_mixin.py:137} INFO - [2023-03-26T16:13:00.122+0000] {dag.py:3444} INFO - Setting next_dagrun for example_branch_labels to 2023-03-25T00:00:00+00:00, run_after=2023-03-26T00:00:00+00:00
[2023-03-26T16:13:00.138+0000] {processor.py:175} INFO - Processing /home/airflow/.local/lib/python3.7/site-packages/airflow/example_dags/example_branch_labels.py took 0.055 seconds
[2023-03-26T16:13:30.688+0000] {processor.py:153} INFO - Started process (PID=117) to work on /home/airflow/.local/lib/python3.7/site-packages/airflow/example_dags/example_branch_labels.py
[2023-03-26T16:13:30.688+0000] {processor.py:743} INFO - Processing file /home/airflow/.local/lib/python3.7/site-packages/airflow/example_dags/example_branch_labels.py for tasks to queue
[2023-03-26T16:13:30.689+0000] {logging_mixin.py:137} INFO - [2023-03-26T16:13:30.688+0000] {dagbag.py:532} INFO - Filling up the DagBag from /home/airflow/.local/lib/python3.7/site-packages/airflow/example_dags/example_branch_labels.py
[2023-03-26T16:13:30.696+0000] {processor.py:753} INFO - DAG(s) dict_keys(['example_branch_labels']) retrieved from /home/airflow/.local/lib/python3.7/site-packages/airflow/example_dags/example_branch_labels.py
[2023-03-26T16:13:30.713+0000] {logging_mixin.py:137} INFO - [2023-03-26T16:13:30.712+0000] {dag.py:2693} INFO - Sync 1 DAGs
[2023-03-26T16:13:30.728+0000] {logging_mixin.py:137} INFO - [2023-03-26T16:13:30.728+0000] {dag.py:3444} INFO - Setting next_dagrun for example_branch_labels to 2023-03-25T00:00:00+00:00, run_after=2023-03-26T00:00:00+00:00
[2023-03-26T16:13:30.740+0000] {processor.py:175} INFO - Processing /home/airflow/.local/lib/python3.7/site-packages/airflow/example_dags/example_branch_labels.py took 0.054 seconds
[2023-03-26T16:17:29.000+0000] {processor.py:153} INFO - Started process (PID=68) to work on /home/airflow/.local/lib/python3.7/site-packages/airflow/example_dags/example_branch_labels.py
[2023-03-26T16:17:29.001+0000] {processor.py:743} INFO - Processing file /home/airflow/.local/lib/python3.7/site-packages/airflow/example_dags/example_branch_labels.py for tasks to queue
[2023-03-26T16:17:29.002+0000] {logging_mixin.py:137} INFO - [2023-03-26T16:17:29.002+0000] {dagbag.py:532} INFO - Filling up the DagBag from /home/airflow/.local/lib/python3.7/site-packages/airflow/example_dags/example_branch_labels.py
[2023-03-26T16:17:29.012+0000] {processor.py:753} INFO - DAG(s) dict_keys(['example_branch_labels']) retrieved from /home/airflow/.local/lib/python3.7/site-packages/airflow/example_dags/example_branch_labels.py
[2023-03-26T16:17:29.020+0000] {logging_mixin.py:137} INFO - [2023-03-26T16:17:29.020+0000] {dag.py:2693} INFO - Sync 1 DAGs
[2023-03-26T16:17:29.039+0000] {logging_mixin.py:137} INFO - [2023-03-26T16:17:29.039+0000] {dag.py:3444} INFO - Setting next_dagrun for example_branch_labels to 2023-03-25T00:00:00+00:00, run_after=2023-03-26T00:00:00+00:00
[2023-03-26T16:17:29.053+0000] {processor.py:175} INFO - Processing /home/airflow/.local/lib/python3.7/site-packages/airflow/example_dags/example_branch_labels.py took 0.054 seconds
[2023-03-26T16:17:59.599+0000] {processor.py:153} INFO - Started process (PID=117) to work on /home/airflow/.local/lib/python3.7/site-packages/airflow/example_dags/example_branch_labels.py
[2023-03-26T16:17:59.600+0000] {processor.py:743} INFO - Processing file /home/airflow/.local/lib/python3.7/site-packages/airflow/example_dags/example_branch_labels.py for tasks to queue
[2023-03-26T16:17:59.600+0000] {logging_mixin.py:137} INFO - [2023-03-26T16:17:59.600+0000] {dagbag.py:532} INFO - Filling up the DagBag from /home/airflow/.local/lib/python3.7/site-packages/airflow/example_dags/example_branch_labels.py
[2023-03-26T16:17:59.608+0000] {processor.py:753} INFO - DAG(s) dict_keys(['example_branch_labels']) retrieved from /home/airflow/.local/lib/python3.7/site-packages/airflow/example_dags/example_branch_labels.py
[2023-03-26T16:17:59.625+0000] {logging_mixin.py:137} INFO - [2023-03-26T16:17:59.625+0000] {dag.py:2693} INFO - Sync 1 DAGs
[2023-03-26T16:17:59.642+0000] {logging_mixin.py:137} INFO - [2023-03-26T16:17:59.642+0000] {dag.py:3444} INFO - Setting next_dagrun for example_branch_labels to 2023-03-25T00:00:00+00:00, run_after=2023-03-26T00:00:00+00:00
[2023-03-26T16:17:59.655+0000] {processor.py:175} INFO - Processing /home/airflow/.local/lib/python3.7/site-packages/airflow/example_dags/example_branch_labels.py took 0.059 seconds
[2023-03-26T16:18:30.480+0000] {processor.py:153} INFO - Started process (PID=166) to work on /home/airflow/.local/lib/python3.7/site-packages/airflow/example_dags/example_branch_labels.py
[2023-03-26T16:18:30.480+0000] {processor.py:743} INFO - Processing file /home/airflow/.local/lib/python3.7/site-packages/airflow/example_dags/example_branch_labels.py for tasks to queue
[2023-03-26T16:18:30.480+0000] {logging_mixin.py:137} INFO - [2023-03-26T16:18:30.480+0000] {dagbag.py:532} INFO - Filling up the DagBag from /home/airflow/.local/lib/python3.7/site-packages/airflow/example_dags/example_branch_labels.py
[2023-03-26T16:18:30.488+0000] {processor.py:753} INFO - DAG(s) dict_keys(['example_branch_labels']) retrieved from /home/airflow/.local/lib/python3.7/site-packages/airflow/example_dags/example_branch_labels.py
[2023-03-26T16:18:30.505+0000] {logging_mixin.py:137} INFO - [2023-03-26T16:18:30.504+0000] {dag.py:2693} INFO - Sync 1 DAGs
[2023-03-26T16:18:30.520+0000] {logging_mixin.py:137} INFO - [2023-03-26T16:18:30.520+0000] {dag.py:3444} INFO - Setting next_dagrun for example_branch_labels to 2023-03-25T00:00:00+00:00, run_after=2023-03-26T00:00:00+00:00
[2023-03-26T16:18:30.533+0000] {processor.py:175} INFO - Processing /home/airflow/.local/lib/python3.7/site-packages/airflow/example_dags/example_branch_labels.py took 0.056 seconds
[2023-03-26T16:19:01.089+0000] {processor.py:153} INFO - Started process (PID=215) to work on /home/airflow/.local/lib/python3.7/site-packages/airflow/example_dags/example_branch_labels.py
[2023-03-26T16:19:01.090+0000] {processor.py:743} INFO - Processing file /home/airflow/.local/lib/python3.7/site-packages/airflow/example_dags/example_branch_labels.py for tasks to queue
[2023-03-26T16:19:01.090+0000] {logging_mixin.py:137} INFO - [2023-03-26T16:19:01.090+0000] {dagbag.py:532} INFO - Filling up the DagBag from /home/airflow/.local/lib/python3.7/site-packages/airflow/example_dags/example_branch_labels.py
[2023-03-26T16:19:01.099+0000] {processor.py:753} INFO - DAG(s) dict_keys(['example_branch_labels']) retrieved from /home/airflow/.local/lib/python3.7/site-packages/airflow/example_dags/example_branch_labels.py
[2023-03-26T16:19:01.115+0000] {logging_mixin.py:137} INFO - [2023-03-26T16:19:01.115+0000] {dag.py:2693} INFO - Sync 1 DAGs
[2023-03-26T16:19:01.129+0000] {logging_mixin.py:137} INFO - [2023-03-26T16:19:01.129+0000] {dag.py:3444} INFO - Setting next_dagrun for example_branch_labels to 2023-03-25T00:00:00+00:00, run_after=2023-03-26T00:00:00+00:00
[2023-03-26T16:19:01.145+0000] {processor.py:175} INFO - Processing /home/airflow/.local/lib/python3.7/site-packages/airflow/example_dags/example_branch_labels.py took 0.058 seconds
[2023-03-26T16:19:31.857+0000] {processor.py:153} INFO - Started process (PID=264) to work on /home/airflow/.local/lib/python3.7/site-packages/airflow/example_dags/example_branch_labels.py
[2023-03-26T16:19:31.857+0000] {processor.py:743} INFO - Processing file /home/airflow/.local/lib/python3.7/site-packages/airflow/example_dags/example_branch_labels.py for tasks to queue
[2023-03-26T16:19:31.858+0000] {logging_mixin.py:137} INFO - [2023-03-26T16:19:31.858+0000] {dagbag.py:532} INFO - Filling up the DagBag from /home/airflow/.local/lib/python3.7/site-packages/airflow/example_dags/example_branch_labels.py
[2023-03-26T16:19:31.865+0000] {processor.py:753} INFO - DAG(s) dict_keys(['example_branch_labels']) retrieved from /home/airflow/.local/lib/python3.7/site-packages/airflow/example_dags/example_branch_labels.py
[2023-03-26T16:19:31.880+0000] {logging_mixin.py:137} INFO - [2023-03-26T16:19:31.880+0000] {dag.py:2693} INFO - Sync 1 DAGs
[2023-03-26T16:19:31.895+0000] {logging_mixin.py:137} INFO - [2023-03-26T16:19:31.895+0000] {dag.py:3444} INFO - Setting next_dagrun for example_branch_labels to 2023-03-25T00:00:00+00:00, run_after=2023-03-26T00:00:00+00:00
[2023-03-26T16:19:31.909+0000] {processor.py:175} INFO - Processing /home/airflow/.local/lib/python3.7/site-packages/airflow/example_dags/example_branch_labels.py took 0.055 seconds
[2023-03-26T16:20:02.585+0000] {processor.py:153} INFO - Started process (PID=313) to work on /home/airflow/.local/lib/python3.7/site-packages/airflow/example_dags/example_branch_labels.py
[2023-03-26T16:20:02.586+0000] {processor.py:743} INFO - Processing file /home/airflow/.local/lib/python3.7/site-packages/airflow/example_dags/example_branch_labels.py for tasks to queue
[2023-03-26T16:20:02.586+0000] {logging_mixin.py:137} INFO - [2023-03-26T16:20:02.586+0000] {dagbag.py:532} INFO - Filling up the DagBag from /home/airflow/.local/lib/python3.7/site-packages/airflow/example_dags/example_branch_labels.py
[2023-03-26T16:20:02.594+0000] {processor.py:753} INFO - DAG(s) dict_keys(['example_branch_labels']) retrieved from /home/airflow/.local/lib/python3.7/site-packages/airflow/example_dags/example_branch_labels.py
[2023-03-26T16:20:02.609+0000] {logging_mixin.py:137} INFO - [2023-03-26T16:20:02.609+0000] {dag.py:2693} INFO - Sync 1 DAGs
[2023-03-26T16:20:02.624+0000] {logging_mixin.py:137} INFO - [2023-03-26T16:20:02.623+0000] {dag.py:3444} INFO - Setting next_dagrun for example_branch_labels to 2023-03-25T00:00:00+00:00, run_after=2023-03-26T00:00:00+00:00
[2023-03-26T16:20:02.637+0000] {processor.py:175} INFO - Processing /home/airflow/.local/lib/python3.7/site-packages/airflow/example_dags/example_branch_labels.py took 0.054 seconds
[2023-03-26T16:20:33.184+0000] {processor.py:153} INFO - Started process (PID=362) to work on /home/airflow/.local/lib/python3.7/site-packages/airflow/example_dags/example_branch_labels.py
[2023-03-26T16:20:33.184+0000] {processor.py:743} INFO - Processing file /home/airflow/.local/lib/python3.7/site-packages/airflow/example_dags/example_branch_labels.py for tasks to queue
[2023-03-26T16:20:33.185+0000] {logging_mixin.py:137} INFO - [2023-03-26T16:20:33.184+0000] {dagbag.py:532} INFO - Filling up the DagBag from /home/airflow/.local/lib/python3.7/site-packages/airflow/example_dags/example_branch_labels.py
[2023-03-26T16:20:33.192+0000] {processor.py:753} INFO - DAG(s) dict_keys(['example_branch_labels']) retrieved from /home/airflow/.local/lib/python3.7/site-packages/airflow/example_dags/example_branch_labels.py
[2023-03-26T16:20:33.207+0000] {logging_mixin.py:137} INFO - [2023-03-26T16:20:33.207+0000] {dag.py:2693} INFO - Sync 1 DAGs
[2023-03-26T16:20:33.222+0000] {logging_mixin.py:137} INFO - [2023-03-26T16:20:33.222+0000] {dag.py:3444} INFO - Setting next_dagrun for example_branch_labels to 2023-03-25T00:00:00+00:00, run_after=2023-03-26T00:00:00+00:00
[2023-03-26T16:20:33.235+0000] {processor.py:175} INFO - Processing /home/airflow/.local/lib/python3.7/site-packages/airflow/example_dags/example_branch_labels.py took 0.053 seconds
[2023-03-26T16:21:03.800+0000] {processor.py:153} INFO - Started process (PID=412) to work on /home/airflow/.local/lib/python3.7/site-packages/airflow/example_dags/example_branch_labels.py
[2023-03-26T16:21:03.801+0000] {processor.py:743} INFO - Processing file /home/airflow/.local/lib/python3.7/site-packages/airflow/example_dags/example_branch_labels.py for tasks to queue
[2023-03-26T16:21:03.801+0000] {logging_mixin.py:137} INFO - [2023-03-26T16:21:03.801+0000] {dagbag.py:532} INFO - Filling up the DagBag from /home/airflow/.local/lib/python3.7/site-packages/airflow/example_dags/example_branch_labels.py
[2023-03-26T16:21:03.810+0000] {processor.py:753} INFO - DAG(s) dict_keys(['example_branch_labels']) retrieved from /home/airflow/.local/lib/python3.7/site-packages/airflow/example_dags/example_branch_labels.py
[2023-03-26T16:21:03.826+0000] {logging_mixin.py:137} INFO - [2023-03-26T16:21:03.826+0000] {dag.py:2693} INFO - Sync 1 DAGs
[2023-03-26T16:21:03.840+0000] {logging_mixin.py:137} INFO - [2023-03-26T16:21:03.840+0000] {dag.py:3444} INFO - Setting next_dagrun for example_branch_labels to 2023-03-25T00:00:00+00:00, run_after=2023-03-26T00:00:00+00:00
[2023-03-26T16:21:03.853+0000] {processor.py:175} INFO - Processing /home/airflow/.local/lib/python3.7/site-packages/airflow/example_dags/example_branch_labels.py took 0.054 seconds
[2023-03-26T16:21:34.442+0000] {processor.py:153} INFO - Started process (PID=461) to work on /home/airflow/.local/lib/python3.7/site-packages/airflow/example_dags/example_branch_labels.py
[2023-03-26T16:21:34.442+0000] {processor.py:743} INFO - Processing file /home/airflow/.local/lib/python3.7/site-packages/airflow/example_dags/example_branch_labels.py for tasks to queue
[2023-03-26T16:21:34.443+0000] {logging_mixin.py:137} INFO - [2023-03-26T16:21:34.443+0000] {dagbag.py:532} INFO - Filling up the DagBag from /home/airflow/.local/lib/python3.7/site-packages/airflow/example_dags/example_branch_labels.py
[2023-03-26T16:21:34.451+0000] {processor.py:753} INFO - DAG(s) dict_keys(['example_branch_labels']) retrieved from /home/airflow/.local/lib/python3.7/site-packages/airflow/example_dags/example_branch_labels.py
[2023-03-26T16:21:34.467+0000] {logging_mixin.py:137} INFO - [2023-03-26T16:21:34.467+0000] {dag.py:2693} INFO - Sync 1 DAGs
[2023-03-26T16:21:34.482+0000] {logging_mixin.py:137} INFO - [2023-03-26T16:21:34.482+0000] {dag.py:3444} INFO - Setting next_dagrun for example_branch_labels to 2023-03-25T00:00:00+00:00, run_after=2023-03-26T00:00:00+00:00
[2023-03-26T16:21:34.497+0000] {processor.py:175} INFO - Processing /home/airflow/.local/lib/python3.7/site-packages/airflow/example_dags/example_branch_labels.py took 0.057 seconds
[2023-03-26T16:22:05.052+0000] {processor.py:153} INFO - Started process (PID=510) to work on /home/airflow/.local/lib/python3.7/site-packages/airflow/example_dags/example_branch_labels.py
[2023-03-26T16:22:05.053+0000] {processor.py:743} INFO - Processing file /home/airflow/.local/lib/python3.7/site-packages/airflow/example_dags/example_branch_labels.py for tasks to queue
[2023-03-26T16:22:05.053+0000] {logging_mixin.py:137} INFO - [2023-03-26T16:22:05.053+0000] {dagbag.py:532} INFO - Filling up the DagBag from /home/airflow/.local/lib/python3.7/site-packages/airflow/example_dags/example_branch_labels.py
[2023-03-26T16:22:05.062+0000] {processor.py:753} INFO - DAG(s) dict_keys(['example_branch_labels']) retrieved from /home/airflow/.local/lib/python3.7/site-packages/airflow/example_dags/example_branch_labels.py
[2023-03-26T16:22:05.080+0000] {logging_mixin.py:137} INFO - [2023-03-26T16:22:05.080+0000] {dag.py:2693} INFO - Sync 1 DAGs
[2023-03-26T16:22:05.098+0000] {logging_mixin.py:137} INFO - [2023-03-26T16:22:05.098+0000] {dag.py:3444} INFO - Setting next_dagrun for example_branch_labels to 2023-03-25T00:00:00+00:00, run_after=2023-03-26T00:00:00+00:00
[2023-03-26T16:22:05.114+0000] {processor.py:175} INFO - Processing /home/airflow/.local/lib/python3.7/site-packages/airflow/example_dags/example_branch_labels.py took 0.063 seconds
[2023-03-26T16:22:36.079+0000] {processor.py:153} INFO - Started process (PID=559) to work on /home/airflow/.local/lib/python3.7/site-packages/airflow/example_dags/example_branch_labels.py
[2023-03-26T16:22:36.082+0000] {processor.py:743} INFO - Processing file /home/airflow/.local/lib/python3.7/site-packages/airflow/example_dags/example_branch_labels.py for tasks to queue
[2023-03-26T16:22:36.082+0000] {logging_mixin.py:137} INFO - [2023-03-26T16:22:36.082+0000] {dagbag.py:532} INFO - Filling up the DagBag from /home/airflow/.local/lib/python3.7/site-packages/airflow/example_dags/example_branch_labels.py
[2023-03-26T16:22:36.096+0000] {processor.py:753} INFO - DAG(s) dict_keys(['example_branch_labels']) retrieved from /home/airflow/.local/lib/python3.7/site-packages/airflow/example_dags/example_branch_labels.py
[2023-03-26T16:22:36.117+0000] {logging_mixin.py:137} INFO - [2023-03-26T16:22:36.117+0000] {dag.py:2693} INFO - Sync 1 DAGs
[2023-03-26T16:22:36.140+0000] {logging_mixin.py:137} INFO - [2023-03-26T16:22:36.139+0000] {dag.py:3444} INFO - Setting next_dagrun for example_branch_labels to 2023-03-25T00:00:00+00:00, run_after=2023-03-26T00:00:00+00:00
[2023-03-26T16:22:36.156+0000] {processor.py:175} INFO - Processing /home/airflow/.local/lib/python3.7/site-packages/airflow/example_dags/example_branch_labels.py took 0.080 seconds
[2023-03-26T16:23:06.990+0000] {processor.py:153} INFO - Started process (PID=608) to work on /home/airflow/.local/lib/python3.7/site-packages/airflow/example_dags/example_branch_labels.py
[2023-03-26T16:23:06.990+0000] {processor.py:743} INFO - Processing file /home/airflow/.local/lib/python3.7/site-packages/airflow/example_dags/example_branch_labels.py for tasks to queue
[2023-03-26T16:23:06.990+0000] {logging_mixin.py:137} INFO - [2023-03-26T16:23:06.990+0000] {dagbag.py:532} INFO - Filling up the DagBag from /home/airflow/.local/lib/python3.7/site-packages/airflow/example_dags/example_branch_labels.py
[2023-03-26T16:23:06.998+0000] {processor.py:753} INFO - DAG(s) dict_keys(['example_branch_labels']) retrieved from /home/airflow/.local/lib/python3.7/site-packages/airflow/example_dags/example_branch_labels.py
[2023-03-26T16:23:07.016+0000] {logging_mixin.py:137} INFO - [2023-03-26T16:23:07.016+0000] {dag.py:2693} INFO - Sync 1 DAGs
[2023-03-26T16:23:07.032+0000] {logging_mixin.py:137} INFO - [2023-03-26T16:23:07.032+0000] {dag.py:3444} INFO - Setting next_dagrun for example_branch_labels to 2023-03-25T00:00:00+00:00, run_after=2023-03-26T00:00:00+00:00
[2023-03-26T16:23:07.047+0000] {processor.py:175} INFO - Processing /home/airflow/.local/lib/python3.7/site-packages/airflow/example_dags/example_branch_labels.py took 0.059 seconds
[2023-03-26T16:23:37.847+0000] {processor.py:153} INFO - Started process (PID=657) to work on /home/airflow/.local/lib/python3.7/site-packages/airflow/example_dags/example_branch_labels.py
[2023-03-26T16:23:37.848+0000] {processor.py:743} INFO - Processing file /home/airflow/.local/lib/python3.7/site-packages/airflow/example_dags/example_branch_labels.py for tasks to queue
[2023-03-26T16:23:37.848+0000] {logging_mixin.py:137} INFO - [2023-03-26T16:23:37.848+0000] {dagbag.py:532} INFO - Filling up the DagBag from /home/airflow/.local/lib/python3.7/site-packages/airflow/example_dags/example_branch_labels.py
[2023-03-26T16:23:37.857+0000] {processor.py:753} INFO - DAG(s) dict_keys(['example_branch_labels']) retrieved from /home/airflow/.local/lib/python3.7/site-packages/airflow/example_dags/example_branch_labels.py
[2023-03-26T16:23:37.872+0000] {logging_mixin.py:137} INFO - [2023-03-26T16:23:37.872+0000] {dag.py:2693} INFO - Sync 1 DAGs
[2023-03-26T16:23:37.887+0000] {logging_mixin.py:137} INFO - [2023-03-26T16:23:37.887+0000] {dag.py:3444} INFO - Setting next_dagrun for example_branch_labels to 2023-03-25T00:00:00+00:00, run_after=2023-03-26T00:00:00+00:00
[2023-03-26T16:23:37.900+0000] {processor.py:175} INFO - Processing /home/airflow/.local/lib/python3.7/site-packages/airflow/example_dags/example_branch_labels.py took 0.055 seconds
[2023-03-26T16:24:08.516+0000] {processor.py:153} INFO - Started process (PID=706) to work on /home/airflow/.local/lib/python3.7/site-packages/airflow/example_dags/example_branch_labels.py
[2023-03-26T16:24:08.517+0000] {processor.py:743} INFO - Processing file /home/airflow/.local/lib/python3.7/site-packages/airflow/example_dags/example_branch_labels.py for tasks to queue
[2023-03-26T16:24:08.517+0000] {logging_mixin.py:137} INFO - [2023-03-26T16:24:08.517+0000] {dagbag.py:532} INFO - Filling up the DagBag from /home/airflow/.local/lib/python3.7/site-packages/airflow/example_dags/example_branch_labels.py
[2023-03-26T16:24:08.525+0000] {processor.py:753} INFO - DAG(s) dict_keys(['example_branch_labels']) retrieved from /home/airflow/.local/lib/python3.7/site-packages/airflow/example_dags/example_branch_labels.py
[2023-03-26T16:24:08.544+0000] {logging_mixin.py:137} INFO - [2023-03-26T16:24:08.544+0000] {dag.py:2693} INFO - Sync 1 DAGs
[2023-03-26T16:24:08.561+0000] {logging_mixin.py:137} INFO - [2023-03-26T16:24:08.560+0000] {dag.py:3444} INFO - Setting next_dagrun for example_branch_labels to 2023-03-25T00:00:00+00:00, run_after=2023-03-26T00:00:00+00:00
[2023-03-26T16:24:08.575+0000] {processor.py:175} INFO - Processing /home/airflow/.local/lib/python3.7/site-packages/airflow/example_dags/example_branch_labels.py took 0.061 seconds
[2023-03-26T16:24:39.358+0000] {processor.py:153} INFO - Started process (PID=755) to work on /home/airflow/.local/lib/python3.7/site-packages/airflow/example_dags/example_branch_labels.py
[2023-03-26T16:24:39.358+0000] {processor.py:743} INFO - Processing file /home/airflow/.local/lib/python3.7/site-packages/airflow/example_dags/example_branch_labels.py for tasks to queue
[2023-03-26T16:24:39.359+0000] {logging_mixin.py:137} INFO - [2023-03-26T16:24:39.359+0000] {dagbag.py:532} INFO - Filling up the DagBag from /home/airflow/.local/lib/python3.7/site-packages/airflow/example_dags/example_branch_labels.py
[2023-03-26T16:24:39.367+0000] {processor.py:753} INFO - DAG(s) dict_keys(['example_branch_labels']) retrieved from /home/airflow/.local/lib/python3.7/site-packages/airflow/example_dags/example_branch_labels.py
[2023-03-26T16:24:39.382+0000] {logging_mixin.py:137} INFO - [2023-03-26T16:24:39.382+0000] {dag.py:2693} INFO - Sync 1 DAGs
[2023-03-26T16:24:39.397+0000] {logging_mixin.py:137} INFO - [2023-03-26T16:24:39.397+0000] {dag.py:3444} INFO - Setting next_dagrun for example_branch_labels to 2023-03-25T00:00:00+00:00, run_after=2023-03-26T00:00:00+00:00
[2023-03-26T16:24:39.410+0000] {processor.py:175} INFO - Processing /home/airflow/.local/lib/python3.7/site-packages/airflow/example_dags/example_branch_labels.py took 0.054 seconds
[2023-03-26T16:25:09.961+0000] {processor.py:153} INFO - Started process (PID=804) to work on /home/airflow/.local/lib/python3.7/site-packages/airflow/example_dags/example_branch_labels.py
[2023-03-26T16:25:09.961+0000] {processor.py:743} INFO - Processing file /home/airflow/.local/lib/python3.7/site-packages/airflow/example_dags/example_branch_labels.py for tasks to queue
[2023-03-26T16:25:09.961+0000] {logging_mixin.py:137} INFO - [2023-03-26T16:25:09.961+0000] {dagbag.py:532} INFO - Filling up the DagBag from /home/airflow/.local/lib/python3.7/site-packages/airflow/example_dags/example_branch_labels.py
[2023-03-26T16:25:09.969+0000] {processor.py:753} INFO - DAG(s) dict_keys(['example_branch_labels']) retrieved from /home/airflow/.local/lib/python3.7/site-packages/airflow/example_dags/example_branch_labels.py
[2023-03-26T16:25:09.987+0000] {logging_mixin.py:137} INFO - [2023-03-26T16:25:09.987+0000] {dag.py:2693} INFO - Sync 1 DAGs
[2023-03-26T16:25:10.003+0000] {logging_mixin.py:137} INFO - [2023-03-26T16:25:10.003+0000] {dag.py:3444} INFO - Setting next_dagrun for example_branch_labels to 2023-03-25T00:00:00+00:00, run_after=2023-03-26T00:00:00+00:00
[2023-03-26T16:25:10.017+0000] {processor.py:175} INFO - Processing /home/airflow/.local/lib/python3.7/site-packages/airflow/example_dags/example_branch_labels.py took 0.058 seconds
[2023-03-26T16:25:40.703+0000] {processor.py:153} INFO - Started process (PID=853) to work on /home/airflow/.local/lib/python3.7/site-packages/airflow/example_dags/example_branch_labels.py
[2023-03-26T16:25:40.704+0000] {processor.py:743} INFO - Processing file /home/airflow/.local/lib/python3.7/site-packages/airflow/example_dags/example_branch_labels.py for tasks to queue
[2023-03-26T16:25:40.704+0000] {logging_mixin.py:137} INFO - [2023-03-26T16:25:40.704+0000] {dagbag.py:532} INFO - Filling up the DagBag from /home/airflow/.local/lib/python3.7/site-packages/airflow/example_dags/example_branch_labels.py
[2023-03-26T16:25:40.712+0000] {processor.py:753} INFO - DAG(s) dict_keys(['example_branch_labels']) retrieved from /home/airflow/.local/lib/python3.7/site-packages/airflow/example_dags/example_branch_labels.py
[2023-03-26T16:25:40.730+0000] {logging_mixin.py:137} INFO - [2023-03-26T16:25:40.730+0000] {dag.py:2693} INFO - Sync 1 DAGs
[2023-03-26T16:25:40.746+0000] {logging_mixin.py:137} INFO - [2023-03-26T16:25:40.746+0000] {dag.py:3444} INFO - Setting next_dagrun for example_branch_labels to 2023-03-25T00:00:00+00:00, run_after=2023-03-26T00:00:00+00:00
[2023-03-26T16:25:40.759+0000] {processor.py:175} INFO - Processing /home/airflow/.local/lib/python3.7/site-packages/airflow/example_dags/example_branch_labels.py took 0.058 seconds
[2023-03-26T16:26:33.425+0000] {processor.py:153} INFO - Started process (PID=69) to work on /home/airflow/.local/lib/python3.7/site-packages/airflow/example_dags/example_branch_labels.py
[2023-03-26T16:26:33.426+0000] {processor.py:743} INFO - Processing file /home/airflow/.local/lib/python3.7/site-packages/airflow/example_dags/example_branch_labels.py for tasks to queue
[2023-03-26T16:26:33.427+0000] {logging_mixin.py:137} INFO - [2023-03-26T16:26:33.427+0000] {dagbag.py:532} INFO - Filling up the DagBag from /home/airflow/.local/lib/python3.7/site-packages/airflow/example_dags/example_branch_labels.py
[2023-03-26T16:26:33.438+0000] {processor.py:753} INFO - DAG(s) dict_keys(['example_branch_labels']) retrieved from /home/airflow/.local/lib/python3.7/site-packages/airflow/example_dags/example_branch_labels.py
[2023-03-26T16:26:33.447+0000] {logging_mixin.py:137} INFO - [2023-03-26T16:26:33.447+0000] {dag.py:2693} INFO - Sync 1 DAGs
[2023-03-26T16:26:33.464+0000] {logging_mixin.py:137} INFO - [2023-03-26T16:26:33.464+0000] {dag.py:3444} INFO - Setting next_dagrun for example_branch_labels to 2023-03-25T00:00:00+00:00, run_after=2023-03-26T00:00:00+00:00
[2023-03-26T16:26:33.481+0000] {processor.py:175} INFO - Processing /home/airflow/.local/lib/python3.7/site-packages/airflow/example_dags/example_branch_labels.py took 0.057 seconds
[2023-03-26T16:27:04.031+0000] {processor.py:153} INFO - Started process (PID=119) to work on /home/airflow/.local/lib/python3.7/site-packages/airflow/example_dags/example_branch_labels.py
[2023-03-26T16:27:04.032+0000] {processor.py:743} INFO - Processing file /home/airflow/.local/lib/python3.7/site-packages/airflow/example_dags/example_branch_labels.py for tasks to queue
[2023-03-26T16:27:04.032+0000] {logging_mixin.py:137} INFO - [2023-03-26T16:27:04.032+0000] {dagbag.py:532} INFO - Filling up the DagBag from /home/airflow/.local/lib/python3.7/site-packages/airflow/example_dags/example_branch_labels.py
[2023-03-26T16:27:04.041+0000] {processor.py:753} INFO - DAG(s) dict_keys(['example_branch_labels']) retrieved from /home/airflow/.local/lib/python3.7/site-packages/airflow/example_dags/example_branch_labels.py
[2023-03-26T16:27:04.059+0000] {logging_mixin.py:137} INFO - [2023-03-26T16:27:04.058+0000] {dag.py:2693} INFO - Sync 1 DAGs
[2023-03-26T16:27:04.074+0000] {logging_mixin.py:137} INFO - [2023-03-26T16:27:04.073+0000] {dag.py:3444} INFO - Setting next_dagrun for example_branch_labels to 2023-03-25T00:00:00+00:00, run_after=2023-03-26T00:00:00+00:00
[2023-03-26T16:27:04.087+0000] {processor.py:175} INFO - Processing /home/airflow/.local/lib/python3.7/site-packages/airflow/example_dags/example_branch_labels.py took 0.058 seconds
[2023-03-26T16:27:34.748+0000] {processor.py:153} INFO - Started process (PID=169) to work on /home/airflow/.local/lib/python3.7/site-packages/airflow/example_dags/example_branch_labels.py
[2023-03-26T16:27:34.749+0000] {processor.py:743} INFO - Processing file /home/airflow/.local/lib/python3.7/site-packages/airflow/example_dags/example_branch_labels.py for tasks to queue
[2023-03-26T16:27:34.749+0000] {logging_mixin.py:137} INFO - [2023-03-26T16:27:34.749+0000] {dagbag.py:532} INFO - Filling up the DagBag from /home/airflow/.local/lib/python3.7/site-packages/airflow/example_dags/example_branch_labels.py
[2023-03-26T16:27:34.757+0000] {processor.py:753} INFO - DAG(s) dict_keys(['example_branch_labels']) retrieved from /home/airflow/.local/lib/python3.7/site-packages/airflow/example_dags/example_branch_labels.py
[2023-03-26T16:27:34.772+0000] {logging_mixin.py:137} INFO - [2023-03-26T16:27:34.772+0000] {dag.py:2693} INFO - Sync 1 DAGs
[2023-03-26T16:27:34.787+0000] {logging_mixin.py:137} INFO - [2023-03-26T16:27:34.787+0000] {dag.py:3444} INFO - Setting next_dagrun for example_branch_labels to 2023-03-25T00:00:00+00:00, run_after=2023-03-26T00:00:00+00:00
[2023-03-26T16:27:34.800+0000] {processor.py:175} INFO - Processing /home/airflow/.local/lib/python3.7/site-packages/airflow/example_dags/example_branch_labels.py took 0.054 seconds
[2023-03-26T16:28:05.413+0000] {processor.py:153} INFO - Started process (PID=218) to work on /home/airflow/.local/lib/python3.7/site-packages/airflow/example_dags/example_branch_labels.py
[2023-03-26T16:28:05.414+0000] {processor.py:743} INFO - Processing file /home/airflow/.local/lib/python3.7/site-packages/airflow/example_dags/example_branch_labels.py for tasks to queue
[2023-03-26T16:28:05.414+0000] {logging_mixin.py:137} INFO - [2023-03-26T16:28:05.414+0000] {dagbag.py:532} INFO - Filling up the DagBag from /home/airflow/.local/lib/python3.7/site-packages/airflow/example_dags/example_branch_labels.py
[2023-03-26T16:28:05.422+0000] {processor.py:753} INFO - DAG(s) dict_keys(['example_branch_labels']) retrieved from /home/airflow/.local/lib/python3.7/site-packages/airflow/example_dags/example_branch_labels.py
[2023-03-26T16:28:05.439+0000] {logging_mixin.py:137} INFO - [2023-03-26T16:28:05.438+0000] {dag.py:2693} INFO - Sync 1 DAGs
[2023-03-26T16:28:05.453+0000] {logging_mixin.py:137} INFO - [2023-03-26T16:28:05.453+0000] {dag.py:3444} INFO - Setting next_dagrun for example_branch_labels to 2023-03-25T00:00:00+00:00, run_after=2023-03-26T00:00:00+00:00
[2023-03-26T16:28:05.466+0000] {processor.py:175} INFO - Processing /home/airflow/.local/lib/python3.7/site-packages/airflow/example_dags/example_branch_labels.py took 0.055 seconds
[2023-03-26T16:28:36.020+0000] {processor.py:153} INFO - Started process (PID=267) to work on /home/airflow/.local/lib/python3.7/site-packages/airflow/example_dags/example_branch_labels.py
[2023-03-26T16:28:36.021+0000] {processor.py:743} INFO - Processing file /home/airflow/.local/lib/python3.7/site-packages/airflow/example_dags/example_branch_labels.py for tasks to queue
[2023-03-26T16:28:36.021+0000] {logging_mixin.py:137} INFO - [2023-03-26T16:28:36.021+0000] {dagbag.py:532} INFO - Filling up the DagBag from /home/airflow/.local/lib/python3.7/site-packages/airflow/example_dags/example_branch_labels.py
[2023-03-26T16:28:36.029+0000] {processor.py:753} INFO - DAG(s) dict_keys(['example_branch_labels']) retrieved from /home/airflow/.local/lib/python3.7/site-packages/airflow/example_dags/example_branch_labels.py
[2023-03-26T16:28:36.046+0000] {logging_mixin.py:137} INFO - [2023-03-26T16:28:36.046+0000] {dag.py:2693} INFO - Sync 1 DAGs
[2023-03-26T16:28:36.061+0000] {logging_mixin.py:137} INFO - [2023-03-26T16:28:36.061+0000] {dag.py:3444} INFO - Setting next_dagrun for example_branch_labels to 2023-03-25T00:00:00+00:00, run_after=2023-03-26T00:00:00+00:00
[2023-03-26T16:28:36.074+0000] {processor.py:175} INFO - Processing /home/airflow/.local/lib/python3.7/site-packages/airflow/example_dags/example_branch_labels.py took 0.055 seconds
[2023-03-26T16:48:47.669+0000] {processor.py:153} INFO - Started process (PID=68) to work on /home/airflow/.local/lib/python3.7/site-packages/airflow/example_dags/example_branch_labels.py
[2023-03-26T16:48:47.669+0000] {processor.py:743} INFO - Processing file /home/airflow/.local/lib/python3.7/site-packages/airflow/example_dags/example_branch_labels.py for tasks to queue
[2023-03-26T16:48:47.670+0000] {logging_mixin.py:137} INFO - [2023-03-26T16:48:47.670+0000] {dagbag.py:532} INFO - Filling up the DagBag from /home/airflow/.local/lib/python3.7/site-packages/airflow/example_dags/example_branch_labels.py
[2023-03-26T16:48:47.682+0000] {processor.py:753} INFO - DAG(s) dict_keys(['example_branch_labels']) retrieved from /home/airflow/.local/lib/python3.7/site-packages/airflow/example_dags/example_branch_labels.py
[2023-03-26T16:48:47.691+0000] {logging_mixin.py:137} INFO - [2023-03-26T16:48:47.691+0000] {dag.py:2693} INFO - Sync 1 DAGs
[2023-03-26T16:48:47.708+0000] {logging_mixin.py:137} INFO - [2023-03-26T16:48:47.708+0000] {dag.py:3444} INFO - Setting next_dagrun for example_branch_labels to 2023-03-25T00:00:00+00:00, run_after=2023-03-26T00:00:00+00:00
[2023-03-26T16:48:47.720+0000] {processor.py:175} INFO - Processing /home/airflow/.local/lib/python3.7/site-packages/airflow/example_dags/example_branch_labels.py took 0.053 seconds
[2023-03-26T16:49:18.223+0000] {processor.py:153} INFO - Started process (PID=117) to work on /home/airflow/.local/lib/python3.7/site-packages/airflow/example_dags/example_branch_labels.py
[2023-03-26T16:49:18.223+0000] {processor.py:743} INFO - Processing file /home/airflow/.local/lib/python3.7/site-packages/airflow/example_dags/example_branch_labels.py for tasks to queue
[2023-03-26T16:49:18.224+0000] {logging_mixin.py:137} INFO - [2023-03-26T16:49:18.224+0000] {dagbag.py:532} INFO - Filling up the DagBag from /home/airflow/.local/lib/python3.7/site-packages/airflow/example_dags/example_branch_labels.py
[2023-03-26T16:49:18.232+0000] {processor.py:753} INFO - DAG(s) dict_keys(['example_branch_labels']) retrieved from /home/airflow/.local/lib/python3.7/site-packages/airflow/example_dags/example_branch_labels.py
[2023-03-26T16:49:18.248+0000] {logging_mixin.py:137} INFO - [2023-03-26T16:49:18.248+0000] {dag.py:2693} INFO - Sync 1 DAGs
[2023-03-26T16:49:18.263+0000] {logging_mixin.py:137} INFO - [2023-03-26T16:49:18.263+0000] {dag.py:3444} INFO - Setting next_dagrun for example_branch_labels to 2023-03-25T00:00:00+00:00, run_after=2023-03-26T00:00:00+00:00
[2023-03-26T16:49:18.276+0000] {processor.py:175} INFO - Processing /home/airflow/.local/lib/python3.7/site-packages/airflow/example_dags/example_branch_labels.py took 0.055 seconds
[2023-03-26T16:49:48.770+0000] {processor.py:153} INFO - Started process (PID=166) to work on /home/airflow/.local/lib/python3.7/site-packages/airflow/example_dags/example_branch_labels.py
[2023-03-26T16:49:48.770+0000] {processor.py:743} INFO - Processing file /home/airflow/.local/lib/python3.7/site-packages/airflow/example_dags/example_branch_labels.py for tasks to queue
[2023-03-26T16:49:48.771+0000] {logging_mixin.py:137} INFO - [2023-03-26T16:49:48.771+0000] {dagbag.py:532} INFO - Filling up the DagBag from /home/airflow/.local/lib/python3.7/site-packages/airflow/example_dags/example_branch_labels.py
[2023-03-26T16:49:48.779+0000] {processor.py:753} INFO - DAG(s) dict_keys(['example_branch_labels']) retrieved from /home/airflow/.local/lib/python3.7/site-packages/airflow/example_dags/example_branch_labels.py
[2023-03-26T16:49:48.794+0000] {logging_mixin.py:137} INFO - [2023-03-26T16:49:48.794+0000] {dag.py:2693} INFO - Sync 1 DAGs
[2023-03-26T16:49:48.808+0000] {logging_mixin.py:137} INFO - [2023-03-26T16:49:48.808+0000] {dag.py:3444} INFO - Setting next_dagrun for example_branch_labels to 2023-03-25T00:00:00+00:00, run_after=2023-03-26T00:00:00+00:00
[2023-03-26T16:49:48.822+0000] {processor.py:175} INFO - Processing /home/airflow/.local/lib/python3.7/site-packages/airflow/example_dags/example_branch_labels.py took 0.054 seconds
[2023-03-26T16:50:19.421+0000] {processor.py:153} INFO - Started process (PID=215) to work on /home/airflow/.local/lib/python3.7/site-packages/airflow/example_dags/example_branch_labels.py
[2023-03-26T16:50:19.422+0000] {processor.py:743} INFO - Processing file /home/airflow/.local/lib/python3.7/site-packages/airflow/example_dags/example_branch_labels.py for tasks to queue
[2023-03-26T16:50:19.422+0000] {logging_mixin.py:137} INFO - [2023-03-26T16:50:19.422+0000] {dagbag.py:532} INFO - Filling up the DagBag from /home/airflow/.local/lib/python3.7/site-packages/airflow/example_dags/example_branch_labels.py
[2023-03-26T16:50:19.430+0000] {processor.py:753} INFO - DAG(s) dict_keys(['example_branch_labels']) retrieved from /home/airflow/.local/lib/python3.7/site-packages/airflow/example_dags/example_branch_labels.py
[2023-03-26T16:50:19.446+0000] {logging_mixin.py:137} INFO - [2023-03-26T16:50:19.446+0000] {dag.py:2693} INFO - Sync 1 DAGs
[2023-03-26T16:50:19.461+0000] {logging_mixin.py:137} INFO - [2023-03-26T16:50:19.461+0000] {dag.py:3444} INFO - Setting next_dagrun for example_branch_labels to 2023-03-25T00:00:00+00:00, run_after=2023-03-26T00:00:00+00:00
[2023-03-26T16:50:19.474+0000] {processor.py:175} INFO - Processing /home/airflow/.local/lib/python3.7/site-packages/airflow/example_dags/example_branch_labels.py took 0.055 seconds
[2023-03-26T16:50:50.009+0000] {processor.py:153} INFO - Started process (PID=264) to work on /home/airflow/.local/lib/python3.7/site-packages/airflow/example_dags/example_branch_labels.py
[2023-03-26T16:50:50.009+0000] {processor.py:743} INFO - Processing file /home/airflow/.local/lib/python3.7/site-packages/airflow/example_dags/example_branch_labels.py for tasks to queue
[2023-03-26T16:50:50.009+0000] {logging_mixin.py:137} INFO - [2023-03-26T16:50:50.009+0000] {dagbag.py:532} INFO - Filling up the DagBag from /home/airflow/.local/lib/python3.7/site-packages/airflow/example_dags/example_branch_labels.py
[2023-03-26T16:50:50.018+0000] {processor.py:753} INFO - DAG(s) dict_keys(['example_branch_labels']) retrieved from /home/airflow/.local/lib/python3.7/site-packages/airflow/example_dags/example_branch_labels.py
[2023-03-26T16:50:50.033+0000] {logging_mixin.py:137} INFO - [2023-03-26T16:50:50.033+0000] {dag.py:2693} INFO - Sync 1 DAGs
[2023-03-26T16:50:50.048+0000] {logging_mixin.py:137} INFO - [2023-03-26T16:50:50.048+0000] {dag.py:3444} INFO - Setting next_dagrun for example_branch_labels to 2023-03-25T00:00:00+00:00, run_after=2023-03-26T00:00:00+00:00
[2023-03-26T16:50:50.061+0000] {processor.py:175} INFO - Processing /home/airflow/.local/lib/python3.7/site-packages/airflow/example_dags/example_branch_labels.py took 0.054 seconds
[2023-03-26T16:51:20.789+0000] {processor.py:153} INFO - Started process (PID=313) to work on /home/airflow/.local/lib/python3.7/site-packages/airflow/example_dags/example_branch_labels.py
[2023-03-26T16:51:20.791+0000] {processor.py:743} INFO - Processing file /home/airflow/.local/lib/python3.7/site-packages/airflow/example_dags/example_branch_labels.py for tasks to queue
[2023-03-26T16:51:20.791+0000] {logging_mixin.py:137} INFO - [2023-03-26T16:51:20.791+0000] {dagbag.py:532} INFO - Filling up the DagBag from /home/airflow/.local/lib/python3.7/site-packages/airflow/example_dags/example_branch_labels.py
[2023-03-26T16:51:20.799+0000] {processor.py:753} INFO - DAG(s) dict_keys(['example_branch_labels']) retrieved from /home/airflow/.local/lib/python3.7/site-packages/airflow/example_dags/example_branch_labels.py
[2023-03-26T16:51:20.817+0000] {logging_mixin.py:137} INFO - [2023-03-26T16:51:20.817+0000] {dag.py:2693} INFO - Sync 1 DAGs
[2023-03-26T16:51:20.832+0000] {logging_mixin.py:137} INFO - [2023-03-26T16:51:20.832+0000] {dag.py:3444} INFO - Setting next_dagrun for example_branch_labels to 2023-03-25T00:00:00+00:00, run_after=2023-03-26T00:00:00+00:00
[2023-03-26T16:51:20.844+0000] {processor.py:175} INFO - Processing /home/airflow/.local/lib/python3.7/site-packages/airflow/example_dags/example_branch_labels.py took 0.057 seconds
[2023-03-26T16:51:51.522+0000] {processor.py:153} INFO - Started process (PID=362) to work on /home/airflow/.local/lib/python3.7/site-packages/airflow/example_dags/example_branch_labels.py
[2023-03-26T16:51:51.523+0000] {processor.py:743} INFO - Processing file /home/airflow/.local/lib/python3.7/site-packages/airflow/example_dags/example_branch_labels.py for tasks to queue
[2023-03-26T16:51:51.523+0000] {logging_mixin.py:137} INFO - [2023-03-26T16:51:51.523+0000] {dagbag.py:532} INFO - Filling up the DagBag from /home/airflow/.local/lib/python3.7/site-packages/airflow/example_dags/example_branch_labels.py
[2023-03-26T16:51:51.531+0000] {processor.py:753} INFO - DAG(s) dict_keys(['example_branch_labels']) retrieved from /home/airflow/.local/lib/python3.7/site-packages/airflow/example_dags/example_branch_labels.py
[2023-03-26T16:51:51.547+0000] {logging_mixin.py:137} INFO - [2023-03-26T16:51:51.547+0000] {dag.py:2693} INFO - Sync 1 DAGs
[2023-03-26T16:51:51.562+0000] {logging_mixin.py:137} INFO - [2023-03-26T16:51:51.562+0000] {dag.py:3444} INFO - Setting next_dagrun for example_branch_labels to 2023-03-25T00:00:00+00:00, run_after=2023-03-26T00:00:00+00:00
[2023-03-26T16:51:51.575+0000] {processor.py:175} INFO - Processing /home/airflow/.local/lib/python3.7/site-packages/airflow/example_dags/example_branch_labels.py took 0.054 seconds
[2023-03-26T16:52:22.304+0000] {processor.py:153} INFO - Started process (PID=411) to work on /home/airflow/.local/lib/python3.7/site-packages/airflow/example_dags/example_branch_labels.py
[2023-03-26T16:52:22.305+0000] {processor.py:743} INFO - Processing file /home/airflow/.local/lib/python3.7/site-packages/airflow/example_dags/example_branch_labels.py for tasks to queue
[2023-03-26T16:52:22.305+0000] {logging_mixin.py:137} INFO - [2023-03-26T16:52:22.305+0000] {dagbag.py:532} INFO - Filling up the DagBag from /home/airflow/.local/lib/python3.7/site-packages/airflow/example_dags/example_branch_labels.py
[2023-03-26T16:52:22.313+0000] {processor.py:753} INFO - DAG(s) dict_keys(['example_branch_labels']) retrieved from /home/airflow/.local/lib/python3.7/site-packages/airflow/example_dags/example_branch_labels.py
[2023-03-26T16:52:22.329+0000] {logging_mixin.py:137} INFO - [2023-03-26T16:52:22.328+0000] {dag.py:2693} INFO - Sync 1 DAGs
[2023-03-26T16:52:22.344+0000] {logging_mixin.py:137} INFO - [2023-03-26T16:52:22.344+0000] {dag.py:3444} INFO - Setting next_dagrun for example_branch_labels to 2023-03-25T00:00:00+00:00, run_after=2023-03-26T00:00:00+00:00
[2023-03-26T16:52:22.357+0000] {processor.py:175} INFO - Processing /home/airflow/.local/lib/python3.7/site-packages/airflow/example_dags/example_branch_labels.py took 0.054 seconds
[2023-03-26T16:52:52.826+0000] {processor.py:153} INFO - Started process (PID=460) to work on /home/airflow/.local/lib/python3.7/site-packages/airflow/example_dags/example_branch_labels.py
[2023-03-26T16:52:52.826+0000] {processor.py:743} INFO - Processing file /home/airflow/.local/lib/python3.7/site-packages/airflow/example_dags/example_branch_labels.py for tasks to queue
[2023-03-26T16:52:52.827+0000] {logging_mixin.py:137} INFO - [2023-03-26T16:52:52.827+0000] {dagbag.py:532} INFO - Filling up the DagBag from /home/airflow/.local/lib/python3.7/site-packages/airflow/example_dags/example_branch_labels.py
[2023-03-26T16:52:52.835+0000] {processor.py:753} INFO - DAG(s) dict_keys(['example_branch_labels']) retrieved from /home/airflow/.local/lib/python3.7/site-packages/airflow/example_dags/example_branch_labels.py
[2023-03-26T16:52:52.853+0000] {logging_mixin.py:137} INFO - [2023-03-26T16:52:52.853+0000] {dag.py:2693} INFO - Sync 1 DAGs
[2023-03-26T16:52:52.869+0000] {logging_mixin.py:137} INFO - [2023-03-26T16:52:52.869+0000] {dag.py:3444} INFO - Setting next_dagrun for example_branch_labels to 2023-03-25T00:00:00+00:00, run_after=2023-03-26T00:00:00+00:00
[2023-03-26T16:52:52.882+0000] {processor.py:175} INFO - Processing /home/airflow/.local/lib/python3.7/site-packages/airflow/example_dags/example_branch_labels.py took 0.058 seconds
[2023-03-26T16:53:23.422+0000] {processor.py:153} INFO - Started process (PID=509) to work on /home/airflow/.local/lib/python3.7/site-packages/airflow/example_dags/example_branch_labels.py
[2023-03-26T16:53:23.424+0000] {processor.py:743} INFO - Processing file /home/airflow/.local/lib/python3.7/site-packages/airflow/example_dags/example_branch_labels.py for tasks to queue
[2023-03-26T16:53:23.424+0000] {logging_mixin.py:137} INFO - [2023-03-26T16:53:23.424+0000] {dagbag.py:532} INFO - Filling up the DagBag from /home/airflow/.local/lib/python3.7/site-packages/airflow/example_dags/example_branch_labels.py
[2023-03-26T16:53:23.436+0000] {processor.py:753} INFO - DAG(s) dict_keys(['example_branch_labels']) retrieved from /home/airflow/.local/lib/python3.7/site-packages/airflow/example_dags/example_branch_labels.py
[2023-03-26T16:53:23.457+0000] {logging_mixin.py:137} INFO - [2023-03-26T16:53:23.457+0000] {dag.py:2693} INFO - Sync 1 DAGs
[2023-03-26T16:53:23.480+0000] {logging_mixin.py:137} INFO - [2023-03-26T16:53:23.480+0000] {dag.py:3444} INFO - Setting next_dagrun for example_branch_labels to 2023-03-25T00:00:00+00:00, run_after=2023-03-26T00:00:00+00:00
[2023-03-26T16:53:23.497+0000] {processor.py:175} INFO - Processing /home/airflow/.local/lib/python3.7/site-packages/airflow/example_dags/example_branch_labels.py took 0.078 seconds
[2023-03-26T16:53:54.098+0000] {processor.py:153} INFO - Started process (PID=558) to work on /home/airflow/.local/lib/python3.7/site-packages/airflow/example_dags/example_branch_labels.py
[2023-03-26T16:53:54.098+0000] {processor.py:743} INFO - Processing file /home/airflow/.local/lib/python3.7/site-packages/airflow/example_dags/example_branch_labels.py for tasks to queue
[2023-03-26T16:53:54.098+0000] {logging_mixin.py:137} INFO - [2023-03-26T16:53:54.098+0000] {dagbag.py:532} INFO - Filling up the DagBag from /home/airflow/.local/lib/python3.7/site-packages/airflow/example_dags/example_branch_labels.py
[2023-03-26T16:53:54.107+0000] {processor.py:753} INFO - DAG(s) dict_keys(['example_branch_labels']) retrieved from /home/airflow/.local/lib/python3.7/site-packages/airflow/example_dags/example_branch_labels.py
[2023-03-26T16:53:54.125+0000] {logging_mixin.py:137} INFO - [2023-03-26T16:53:54.125+0000] {dag.py:2693} INFO - Sync 1 DAGs
[2023-03-26T16:53:54.141+0000] {logging_mixin.py:137} INFO - [2023-03-26T16:53:54.140+0000] {dag.py:3444} INFO - Setting next_dagrun for example_branch_labels to 2023-03-25T00:00:00+00:00, run_after=2023-03-26T00:00:00+00:00
[2023-03-26T16:53:54.153+0000] {processor.py:175} INFO - Processing /home/airflow/.local/lib/python3.7/site-packages/airflow/example_dags/example_branch_labels.py took 0.057 seconds
[2023-03-26T16:54:24.921+0000] {processor.py:153} INFO - Started process (PID=607) to work on /home/airflow/.local/lib/python3.7/site-packages/airflow/example_dags/example_branch_labels.py
[2023-03-26T16:54:24.922+0000] {processor.py:743} INFO - Processing file /home/airflow/.local/lib/python3.7/site-packages/airflow/example_dags/example_branch_labels.py for tasks to queue
[2023-03-26T16:54:24.922+0000] {logging_mixin.py:137} INFO - [2023-03-26T16:54:24.922+0000] {dagbag.py:532} INFO - Filling up the DagBag from /home/airflow/.local/lib/python3.7/site-packages/airflow/example_dags/example_branch_labels.py
[2023-03-26T16:54:24.931+0000] {processor.py:753} INFO - DAG(s) dict_keys(['example_branch_labels']) retrieved from /home/airflow/.local/lib/python3.7/site-packages/airflow/example_dags/example_branch_labels.py
[2023-03-26T16:54:24.949+0000] {logging_mixin.py:137} INFO - [2023-03-26T16:54:24.949+0000] {dag.py:2693} INFO - Sync 1 DAGs
[2023-03-26T16:54:24.964+0000] {logging_mixin.py:137} INFO - [2023-03-26T16:54:24.963+0000] {dag.py:3444} INFO - Setting next_dagrun for example_branch_labels to 2023-03-25T00:00:00+00:00, run_after=2023-03-26T00:00:00+00:00
[2023-03-26T16:54:24.980+0000] {processor.py:175} INFO - Processing /home/airflow/.local/lib/python3.7/site-packages/airflow/example_dags/example_branch_labels.py took 0.061 seconds
[2023-03-26T16:54:55.835+0000] {processor.py:153} INFO - Started process (PID=656) to work on /home/airflow/.local/lib/python3.7/site-packages/airflow/example_dags/example_branch_labels.py
[2023-03-26T16:54:55.835+0000] {processor.py:743} INFO - Processing file /home/airflow/.local/lib/python3.7/site-packages/airflow/example_dags/example_branch_labels.py for tasks to queue
[2023-03-26T16:54:55.835+0000] {logging_mixin.py:137} INFO - [2023-03-26T16:54:55.835+0000] {dagbag.py:532} INFO - Filling up the DagBag from /home/airflow/.local/lib/python3.7/site-packages/airflow/example_dags/example_branch_labels.py
[2023-03-26T16:54:55.843+0000] {processor.py:753} INFO - DAG(s) dict_keys(['example_branch_labels']) retrieved from /home/airflow/.local/lib/python3.7/site-packages/airflow/example_dags/example_branch_labels.py
[2023-03-26T16:54:55.860+0000] {logging_mixin.py:137} INFO - [2023-03-26T16:54:55.859+0000] {dag.py:2693} INFO - Sync 1 DAGs
[2023-03-26T16:54:55.875+0000] {logging_mixin.py:137} INFO - [2023-03-26T16:54:55.875+0000] {dag.py:3444} INFO - Setting next_dagrun for example_branch_labels to 2023-03-25T00:00:00+00:00, run_after=2023-03-26T00:00:00+00:00
[2023-03-26T16:54:55.887+0000] {processor.py:175} INFO - Processing /home/airflow/.local/lib/python3.7/site-packages/airflow/example_dags/example_branch_labels.py took 0.054 seconds
[2023-03-26T16:55:26.469+0000] {processor.py:153} INFO - Started process (PID=705) to work on /home/airflow/.local/lib/python3.7/site-packages/airflow/example_dags/example_branch_labels.py
[2023-03-26T16:55:26.470+0000] {processor.py:743} INFO - Processing file /home/airflow/.local/lib/python3.7/site-packages/airflow/example_dags/example_branch_labels.py for tasks to queue
[2023-03-26T16:55:26.470+0000] {logging_mixin.py:137} INFO - [2023-03-26T16:55:26.470+0000] {dagbag.py:532} INFO - Filling up the DagBag from /home/airflow/.local/lib/python3.7/site-packages/airflow/example_dags/example_branch_labels.py
[2023-03-26T16:55:26.478+0000] {processor.py:753} INFO - DAG(s) dict_keys(['example_branch_labels']) retrieved from /home/airflow/.local/lib/python3.7/site-packages/airflow/example_dags/example_branch_labels.py
[2023-03-26T16:55:26.494+0000] {logging_mixin.py:137} INFO - [2023-03-26T16:55:26.494+0000] {dag.py:2693} INFO - Sync 1 DAGs
[2023-03-26T16:55:26.508+0000] {logging_mixin.py:137} INFO - [2023-03-26T16:55:26.508+0000] {dag.py:3444} INFO - Setting next_dagrun for example_branch_labels to 2023-03-25T00:00:00+00:00, run_after=2023-03-26T00:00:00+00:00
[2023-03-26T16:55:26.520+0000] {processor.py:175} INFO - Processing /home/airflow/.local/lib/python3.7/site-packages/airflow/example_dags/example_branch_labels.py took 0.053 seconds
[2023-03-26T16:55:57.015+0000] {processor.py:153} INFO - Started process (PID=754) to work on /home/airflow/.local/lib/python3.7/site-packages/airflow/example_dags/example_branch_labels.py
[2023-03-26T16:55:57.015+0000] {processor.py:743} INFO - Processing file /home/airflow/.local/lib/python3.7/site-packages/airflow/example_dags/example_branch_labels.py for tasks to queue
[2023-03-26T16:55:57.016+0000] {logging_mixin.py:137} INFO - [2023-03-26T16:55:57.015+0000] {dagbag.py:532} INFO - Filling up the DagBag from /home/airflow/.local/lib/python3.7/site-packages/airflow/example_dags/example_branch_labels.py
[2023-03-26T16:55:57.024+0000] {processor.py:753} INFO - DAG(s) dict_keys(['example_branch_labels']) retrieved from /home/airflow/.local/lib/python3.7/site-packages/airflow/example_dags/example_branch_labels.py
[2023-03-26T16:55:57.041+0000] {logging_mixin.py:137} INFO - [2023-03-26T16:55:57.041+0000] {dag.py:2693} INFO - Sync 1 DAGs
[2023-03-26T16:55:57.056+0000] {logging_mixin.py:137} INFO - [2023-03-26T16:55:57.056+0000] {dag.py:3444} INFO - Setting next_dagrun for example_branch_labels to 2023-03-25T00:00:00+00:00, run_after=2023-03-26T00:00:00+00:00
[2023-03-26T16:55:57.068+0000] {processor.py:175} INFO - Processing /home/airflow/.local/lib/python3.7/site-packages/airflow/example_dags/example_branch_labels.py took 0.055 seconds
[2023-03-26T16:56:27.700+0000] {processor.py:153} INFO - Started process (PID=803) to work on /home/airflow/.local/lib/python3.7/site-packages/airflow/example_dags/example_branch_labels.py
[2023-03-26T16:56:27.701+0000] {processor.py:743} INFO - Processing file /home/airflow/.local/lib/python3.7/site-packages/airflow/example_dags/example_branch_labels.py for tasks to queue
[2023-03-26T16:56:27.701+0000] {logging_mixin.py:137} INFO - [2023-03-26T16:56:27.701+0000] {dagbag.py:532} INFO - Filling up the DagBag from /home/airflow/.local/lib/python3.7/site-packages/airflow/example_dags/example_branch_labels.py
[2023-03-26T16:56:27.709+0000] {processor.py:753} INFO - DAG(s) dict_keys(['example_branch_labels']) retrieved from /home/airflow/.local/lib/python3.7/site-packages/airflow/example_dags/example_branch_labels.py
[2023-03-26T16:56:27.725+0000] {logging_mixin.py:137} INFO - [2023-03-26T16:56:27.725+0000] {dag.py:2693} INFO - Sync 1 DAGs
[2023-03-26T16:56:27.741+0000] {logging_mixin.py:137} INFO - [2023-03-26T16:56:27.741+0000] {dag.py:3444} INFO - Setting next_dagrun for example_branch_labels to 2023-03-25T00:00:00+00:00, run_after=2023-03-26T00:00:00+00:00
[2023-03-26T16:56:27.754+0000] {processor.py:175} INFO - Processing /home/airflow/.local/lib/python3.7/site-packages/airflow/example_dags/example_branch_labels.py took 0.056 seconds
[2023-03-26T16:56:58.482+0000] {processor.py:153} INFO - Started process (PID=852) to work on /home/airflow/.local/lib/python3.7/site-packages/airflow/example_dags/example_branch_labels.py
[2023-03-26T16:56:58.483+0000] {processor.py:743} INFO - Processing file /home/airflow/.local/lib/python3.7/site-packages/airflow/example_dags/example_branch_labels.py for tasks to queue
[2023-03-26T16:56:58.483+0000] {logging_mixin.py:137} INFO - [2023-03-26T16:56:58.483+0000] {dagbag.py:532} INFO - Filling up the DagBag from /home/airflow/.local/lib/python3.7/site-packages/airflow/example_dags/example_branch_labels.py
[2023-03-26T16:56:58.491+0000] {processor.py:753} INFO - DAG(s) dict_keys(['example_branch_labels']) retrieved from /home/airflow/.local/lib/python3.7/site-packages/airflow/example_dags/example_branch_labels.py
[2023-03-26T16:56:58.508+0000] {logging_mixin.py:137} INFO - [2023-03-26T16:56:58.508+0000] {dag.py:2693} INFO - Sync 1 DAGs
[2023-03-26T16:56:58.523+0000] {logging_mixin.py:137} INFO - [2023-03-26T16:56:58.523+0000] {dag.py:3444} INFO - Setting next_dagrun for example_branch_labels to 2023-03-25T00:00:00+00:00, run_after=2023-03-26T00:00:00+00:00
[2023-03-26T16:56:58.537+0000] {processor.py:175} INFO - Processing /home/airflow/.local/lib/python3.7/site-packages/airflow/example_dags/example_branch_labels.py took 0.056 seconds
[2023-03-26T16:57:29.002+0000] {processor.py:153} INFO - Started process (PID=901) to work on /home/airflow/.local/lib/python3.7/site-packages/airflow/example_dags/example_branch_labels.py
[2023-03-26T16:57:29.002+0000] {processor.py:743} INFO - Processing file /home/airflow/.local/lib/python3.7/site-packages/airflow/example_dags/example_branch_labels.py for tasks to queue
[2023-03-26T16:57:29.003+0000] {logging_mixin.py:137} INFO - [2023-03-26T16:57:29.003+0000] {dagbag.py:532} INFO - Filling up the DagBag from /home/airflow/.local/lib/python3.7/site-packages/airflow/example_dags/example_branch_labels.py
[2023-03-26T16:57:29.011+0000] {processor.py:753} INFO - DAG(s) dict_keys(['example_branch_labels']) retrieved from /home/airflow/.local/lib/python3.7/site-packages/airflow/example_dags/example_branch_labels.py
[2023-03-26T16:57:29.027+0000] {logging_mixin.py:137} INFO - [2023-03-26T16:57:29.027+0000] {dag.py:2693} INFO - Sync 1 DAGs
[2023-03-26T16:57:29.042+0000] {logging_mixin.py:137} INFO - [2023-03-26T16:57:29.042+0000] {dag.py:3444} INFO - Setting next_dagrun for example_branch_labels to 2023-03-25T00:00:00+00:00, run_after=2023-03-26T00:00:00+00:00
[2023-03-26T16:57:29.054+0000] {processor.py:175} INFO - Processing /home/airflow/.local/lib/python3.7/site-packages/airflow/example_dags/example_branch_labels.py took 0.054 seconds
[2023-03-26T16:57:59.579+0000] {processor.py:153} INFO - Started process (PID=950) to work on /home/airflow/.local/lib/python3.7/site-packages/airflow/example_dags/example_branch_labels.py
[2023-03-26T16:57:59.580+0000] {processor.py:743} INFO - Processing file /home/airflow/.local/lib/python3.7/site-packages/airflow/example_dags/example_branch_labels.py for tasks to queue
[2023-03-26T16:57:59.580+0000] {logging_mixin.py:137} INFO - [2023-03-26T16:57:59.580+0000] {dagbag.py:532} INFO - Filling up the DagBag from /home/airflow/.local/lib/python3.7/site-packages/airflow/example_dags/example_branch_labels.py
[2023-03-26T16:57:59.588+0000] {processor.py:753} INFO - DAG(s) dict_keys(['example_branch_labels']) retrieved from /home/airflow/.local/lib/python3.7/site-packages/airflow/example_dags/example_branch_labels.py
[2023-03-26T16:57:59.604+0000] {logging_mixin.py:137} INFO - [2023-03-26T16:57:59.604+0000] {dag.py:2693} INFO - Sync 1 DAGs
[2023-03-26T16:57:59.618+0000] {logging_mixin.py:137} INFO - [2023-03-26T16:57:59.618+0000] {dag.py:3444} INFO - Setting next_dagrun for example_branch_labels to 2023-03-25T00:00:00+00:00, run_after=2023-03-26T00:00:00+00:00
[2023-03-26T16:57:59.630+0000] {processor.py:175} INFO - Processing /home/airflow/.local/lib/python3.7/site-packages/airflow/example_dags/example_branch_labels.py took 0.052 seconds
[2023-03-26T16:58:30.383+0000] {processor.py:153} INFO - Started process (PID=999) to work on /home/airflow/.local/lib/python3.7/site-packages/airflow/example_dags/example_branch_labels.py
[2023-03-26T16:58:30.383+0000] {processor.py:743} INFO - Processing file /home/airflow/.local/lib/python3.7/site-packages/airflow/example_dags/example_branch_labels.py for tasks to queue
[2023-03-26T16:58:30.384+0000] {logging_mixin.py:137} INFO - [2023-03-26T16:58:30.384+0000] {dagbag.py:532} INFO - Filling up the DagBag from /home/airflow/.local/lib/python3.7/site-packages/airflow/example_dags/example_branch_labels.py
[2023-03-26T16:58:30.392+0000] {processor.py:753} INFO - DAG(s) dict_keys(['example_branch_labels']) retrieved from /home/airflow/.local/lib/python3.7/site-packages/airflow/example_dags/example_branch_labels.py
[2023-03-26T16:58:30.408+0000] {logging_mixin.py:137} INFO - [2023-03-26T16:58:30.408+0000] {dag.py:2693} INFO - Sync 1 DAGs
[2023-03-26T16:58:30.423+0000] {logging_mixin.py:137} INFO - [2023-03-26T16:58:30.423+0000] {dag.py:3444} INFO - Setting next_dagrun for example_branch_labels to 2023-03-25T00:00:00+00:00, run_after=2023-03-26T00:00:00+00:00
[2023-03-26T16:58:30.434+0000] {processor.py:175} INFO - Processing /home/airflow/.local/lib/python3.7/site-packages/airflow/example_dags/example_branch_labels.py took 0.054 seconds
[2023-03-26T16:59:01.113+0000] {processor.py:153} INFO - Started process (PID=1048) to work on /home/airflow/.local/lib/python3.7/site-packages/airflow/example_dags/example_branch_labels.py
[2023-03-26T16:59:01.114+0000] {processor.py:743} INFO - Processing file /home/airflow/.local/lib/python3.7/site-packages/airflow/example_dags/example_branch_labels.py for tasks to queue
[2023-03-26T16:59:01.114+0000] {logging_mixin.py:137} INFO - [2023-03-26T16:59:01.114+0000] {dagbag.py:532} INFO - Filling up the DagBag from /home/airflow/.local/lib/python3.7/site-packages/airflow/example_dags/example_branch_labels.py
[2023-03-26T16:59:01.123+0000] {processor.py:753} INFO - DAG(s) dict_keys(['example_branch_labels']) retrieved from /home/airflow/.local/lib/python3.7/site-packages/airflow/example_dags/example_branch_labels.py
[2023-03-26T16:59:01.138+0000] {logging_mixin.py:137} INFO - [2023-03-26T16:59:01.138+0000] {dag.py:2693} INFO - Sync 1 DAGs
[2023-03-26T16:59:01.154+0000] {logging_mixin.py:137} INFO - [2023-03-26T16:59:01.153+0000] {dag.py:3444} INFO - Setting next_dagrun for example_branch_labels to 2023-03-25T00:00:00+00:00, run_after=2023-03-26T00:00:00+00:00
[2023-03-26T16:59:01.169+0000] {processor.py:175} INFO - Processing /home/airflow/.local/lib/python3.7/site-packages/airflow/example_dags/example_branch_labels.py took 0.057 seconds
[2023-03-26T16:59:31.843+0000] {processor.py:153} INFO - Started process (PID=1097) to work on /home/airflow/.local/lib/python3.7/site-packages/airflow/example_dags/example_branch_labels.py
[2023-03-26T16:59:31.843+0000] {processor.py:743} INFO - Processing file /home/airflow/.local/lib/python3.7/site-packages/airflow/example_dags/example_branch_labels.py for tasks to queue
[2023-03-26T16:59:31.844+0000] {logging_mixin.py:137} INFO - [2023-03-26T16:59:31.843+0000] {dagbag.py:532} INFO - Filling up the DagBag from /home/airflow/.local/lib/python3.7/site-packages/airflow/example_dags/example_branch_labels.py
[2023-03-26T16:59:31.852+0000] {processor.py:753} INFO - DAG(s) dict_keys(['example_branch_labels']) retrieved from /home/airflow/.local/lib/python3.7/site-packages/airflow/example_dags/example_branch_labels.py
[2023-03-26T16:59:31.869+0000] {logging_mixin.py:137} INFO - [2023-03-26T16:59:31.869+0000] {dag.py:2693} INFO - Sync 1 DAGs
[2023-03-26T16:59:31.884+0000] {logging_mixin.py:137} INFO - [2023-03-26T16:59:31.884+0000] {dag.py:3444} INFO - Setting next_dagrun for example_branch_labels to 2023-03-25T00:00:00+00:00, run_after=2023-03-26T00:00:00+00:00
[2023-03-26T16:59:31.897+0000] {processor.py:175} INFO - Processing /home/airflow/.local/lib/python3.7/site-packages/airflow/example_dags/example_branch_labels.py took 0.056 seconds
[2023-03-26T17:00:02.437+0000] {processor.py:153} INFO - Started process (PID=1146) to work on /home/airflow/.local/lib/python3.7/site-packages/airflow/example_dags/example_branch_labels.py
[2023-03-26T17:00:02.438+0000] {processor.py:743} INFO - Processing file /home/airflow/.local/lib/python3.7/site-packages/airflow/example_dags/example_branch_labels.py for tasks to queue
[2023-03-26T17:00:02.438+0000] {logging_mixin.py:137} INFO - [2023-03-26T17:00:02.438+0000] {dagbag.py:532} INFO - Filling up the DagBag from /home/airflow/.local/lib/python3.7/site-packages/airflow/example_dags/example_branch_labels.py
[2023-03-26T17:00:02.447+0000] {processor.py:753} INFO - DAG(s) dict_keys(['example_branch_labels']) retrieved from /home/airflow/.local/lib/python3.7/site-packages/airflow/example_dags/example_branch_labels.py
[2023-03-26T17:00:02.462+0000] {logging_mixin.py:137} INFO - [2023-03-26T17:00:02.462+0000] {dag.py:2693} INFO - Sync 1 DAGs
[2023-03-26T17:00:02.477+0000] {logging_mixin.py:137} INFO - [2023-03-26T17:00:02.477+0000] {dag.py:3444} INFO - Setting next_dagrun for example_branch_labels to 2023-03-25T00:00:00+00:00, run_after=2023-03-26T00:00:00+00:00
[2023-03-26T17:00:02.489+0000] {processor.py:175} INFO - Processing /home/airflow/.local/lib/python3.7/site-packages/airflow/example_dags/example_branch_labels.py took 0.054 seconds
[2023-03-26T17:00:33.183+0000] {processor.py:153} INFO - Started process (PID=1195) to work on /home/airflow/.local/lib/python3.7/site-packages/airflow/example_dags/example_branch_labels.py
[2023-03-26T17:00:33.183+0000] {processor.py:743} INFO - Processing file /home/airflow/.local/lib/python3.7/site-packages/airflow/example_dags/example_branch_labels.py for tasks to queue
[2023-03-26T17:00:33.183+0000] {logging_mixin.py:137} INFO - [2023-03-26T17:00:33.183+0000] {dagbag.py:532} INFO - Filling up the DagBag from /home/airflow/.local/lib/python3.7/site-packages/airflow/example_dags/example_branch_labels.py
[2023-03-26T17:00:33.192+0000] {processor.py:753} INFO - DAG(s) dict_keys(['example_branch_labels']) retrieved from /home/airflow/.local/lib/python3.7/site-packages/airflow/example_dags/example_branch_labels.py
[2023-03-26T17:00:33.209+0000] {logging_mixin.py:137} INFO - [2023-03-26T17:00:33.209+0000] {dag.py:2693} INFO - Sync 1 DAGs
[2023-03-26T17:00:33.224+0000] {logging_mixin.py:137} INFO - [2023-03-26T17:00:33.224+0000] {dag.py:3444} INFO - Setting next_dagrun for example_branch_labels to 2023-03-25T00:00:00+00:00, run_after=2023-03-26T00:00:00+00:00
[2023-03-26T17:00:33.236+0000] {processor.py:175} INFO - Processing /home/airflow/.local/lib/python3.7/site-packages/airflow/example_dags/example_branch_labels.py took 0.056 seconds
