[2023-03-26T16:04:04.719+0000] {processor.py:153} INFO - Started process (PID=85) to work on /home/airflow/.local/lib/python3.7/site-packages/airflow/example_dags/example_branch_operator.py
[2023-03-26T16:04:04.720+0000] {processor.py:743} INFO - Processing file /home/airflow/.local/lib/python3.7/site-packages/airflow/example_dags/example_branch_operator.py for tasks to queue
[2023-03-26T16:04:04.720+0000] {logging_mixin.py:137} INFO - [2023-03-26T16:04:04.720+0000] {dagbag.py:532} INFO - Filling up the DagBag from /home/airflow/.local/lib/python3.7/site-packages/airflow/example_dags/example_branch_operator.py
[2023-03-26T16:04:04.733+0000] {processor.py:753} INFO - DAG(s) dict_keys(['example_branch_operator']) retrieved from /home/airflow/.local/lib/python3.7/site-packages/airflow/example_dags/example_branch_operator.py
[2023-03-26T16:04:04.816+0000] {logging_mixin.py:137} INFO - [2023-03-26T16:04:04.816+0000] {manager.py:504} INFO - Created Permission View: can read on DAG:example_branch_operator
[2023-03-26T16:04:04.824+0000] {logging_mixin.py:137} INFO - [2023-03-26T16:04:04.824+0000] {manager.py:504} INFO - Created Permission View: can edit on DAG:example_branch_operator
[2023-03-26T16:04:04.830+0000] {logging_mixin.py:137} INFO - [2023-03-26T16:04:04.830+0000] {manager.py:504} INFO - Created Permission View: can delete on DAG:example_branch_operator
[2023-03-26T16:04:04.830+0000] {logging_mixin.py:137} INFO - [2023-03-26T16:04:04.830+0000] {dag.py:2693} INFO - Sync 1 DAGs
[2023-03-26T16:04:04.837+0000] {logging_mixin.py:137} INFO - [2023-03-26T16:04:04.837+0000] {dag.py:2714} INFO - Creating ORM DAG for example_branch_operator
[2023-03-26T16:04:04.844+0000] {logging_mixin.py:137} INFO - [2023-03-26T16:04:04.844+0000] {dag.py:3444} INFO - Setting next_dagrun for example_branch_operator to 2023-03-25T00:00:00+00:00, run_after=2023-03-26T00:00:00+00:00
[2023-03-26T16:04:04.863+0000] {processor.py:175} INFO - Processing /home/airflow/.local/lib/python3.7/site-packages/airflow/example_dags/example_branch_operator.py took 0.146 seconds
[2023-03-26T16:04:34.989+0000] {processor.py:153} INFO - Started process (PID=134) to work on /home/airflow/.local/lib/python3.7/site-packages/airflow/example_dags/example_branch_operator.py
[2023-03-26T16:04:34.989+0000] {processor.py:743} INFO - Processing file /home/airflow/.local/lib/python3.7/site-packages/airflow/example_dags/example_branch_operator.py for tasks to queue
[2023-03-26T16:04:34.989+0000] {logging_mixin.py:137} INFO - [2023-03-26T16:04:34.989+0000] {dagbag.py:532} INFO - Filling up the DagBag from /home/airflow/.local/lib/python3.7/site-packages/airflow/example_dags/example_branch_operator.py
[2023-03-26T16:04:34.999+0000] {processor.py:753} INFO - DAG(s) dict_keys(['example_branch_operator']) retrieved from /home/airflow/.local/lib/python3.7/site-packages/airflow/example_dags/example_branch_operator.py
[2023-03-26T16:04:35.015+0000] {logging_mixin.py:137} INFO - [2023-03-26T16:04:35.015+0000] {dag.py:2693} INFO - Sync 1 DAGs
[2023-03-26T16:04:35.030+0000] {logging_mixin.py:137} INFO - [2023-03-26T16:04:35.030+0000] {dag.py:3444} INFO - Setting next_dagrun for example_branch_operator to 2023-03-25T00:00:00+00:00, run_after=2023-03-26T00:00:00+00:00
[2023-03-26T16:04:35.046+0000] {processor.py:175} INFO - Processing /home/airflow/.local/lib/python3.7/site-packages/airflow/example_dags/example_branch_operator.py took 0.059 seconds
[2023-03-26T16:05:05.597+0000] {processor.py:153} INFO - Started process (PID=183) to work on /home/airflow/.local/lib/python3.7/site-packages/airflow/example_dags/example_branch_operator.py
[2023-03-26T16:05:05.597+0000] {processor.py:743} INFO - Processing file /home/airflow/.local/lib/python3.7/site-packages/airflow/example_dags/example_branch_operator.py for tasks to queue
[2023-03-26T16:05:05.598+0000] {logging_mixin.py:137} INFO - [2023-03-26T16:05:05.598+0000] {dagbag.py:532} INFO - Filling up the DagBag from /home/airflow/.local/lib/python3.7/site-packages/airflow/example_dags/example_branch_operator.py
[2023-03-26T16:05:05.607+0000] {processor.py:753} INFO - DAG(s) dict_keys(['example_branch_operator']) retrieved from /home/airflow/.local/lib/python3.7/site-packages/airflow/example_dags/example_branch_operator.py
[2023-03-26T16:05:05.624+0000] {logging_mixin.py:137} INFO - [2023-03-26T16:05:05.624+0000] {dag.py:2693} INFO - Sync 1 DAGs
[2023-03-26T16:05:05.638+0000] {logging_mixin.py:137} INFO - [2023-03-26T16:05:05.638+0000] {dag.py:3444} INFO - Setting next_dagrun for example_branch_operator to 2023-03-25T00:00:00+00:00, run_after=2023-03-26T00:00:00+00:00
[2023-03-26T16:05:05.652+0000] {processor.py:175} INFO - Processing /home/airflow/.local/lib/python3.7/site-packages/airflow/example_dags/example_branch_operator.py took 0.057 seconds
[2023-03-26T16:05:36.188+0000] {processor.py:153} INFO - Started process (PID=231) to work on /home/airflow/.local/lib/python3.7/site-packages/airflow/example_dags/example_branch_operator.py
[2023-03-26T16:05:36.188+0000] {processor.py:743} INFO - Processing file /home/airflow/.local/lib/python3.7/site-packages/airflow/example_dags/example_branch_operator.py for tasks to queue
[2023-03-26T16:05:36.188+0000] {logging_mixin.py:137} INFO - [2023-03-26T16:05:36.188+0000] {dagbag.py:532} INFO - Filling up the DagBag from /home/airflow/.local/lib/python3.7/site-packages/airflow/example_dags/example_branch_operator.py
[2023-03-26T16:05:36.198+0000] {processor.py:753} INFO - DAG(s) dict_keys(['example_branch_operator']) retrieved from /home/airflow/.local/lib/python3.7/site-packages/airflow/example_dags/example_branch_operator.py
[2023-03-26T16:05:36.214+0000] {logging_mixin.py:137} INFO - [2023-03-26T16:05:36.214+0000] {dag.py:2693} INFO - Sync 1 DAGs
[2023-03-26T16:05:36.228+0000] {logging_mixin.py:137} INFO - [2023-03-26T16:05:36.228+0000] {dag.py:3444} INFO - Setting next_dagrun for example_branch_operator to 2023-03-25T00:00:00+00:00, run_after=2023-03-26T00:00:00+00:00
[2023-03-26T16:05:36.242+0000] {processor.py:175} INFO - Processing /home/airflow/.local/lib/python3.7/site-packages/airflow/example_dags/example_branch_operator.py took 0.056 seconds
[2023-03-26T16:06:06.820+0000] {processor.py:153} INFO - Started process (PID=280) to work on /home/airflow/.local/lib/python3.7/site-packages/airflow/example_dags/example_branch_operator.py
[2023-03-26T16:06:06.820+0000] {processor.py:743} INFO - Processing file /home/airflow/.local/lib/python3.7/site-packages/airflow/example_dags/example_branch_operator.py for tasks to queue
[2023-03-26T16:06:06.821+0000] {logging_mixin.py:137} INFO - [2023-03-26T16:06:06.821+0000] {dagbag.py:532} INFO - Filling up the DagBag from /home/airflow/.local/lib/python3.7/site-packages/airflow/example_dags/example_branch_operator.py
[2023-03-26T16:06:06.829+0000] {processor.py:753} INFO - DAG(s) dict_keys(['example_branch_operator']) retrieved from /home/airflow/.local/lib/python3.7/site-packages/airflow/example_dags/example_branch_operator.py
[2023-03-26T16:06:06.846+0000] {logging_mixin.py:137} INFO - [2023-03-26T16:06:06.846+0000] {dag.py:2693} INFO - Sync 1 DAGs
[2023-03-26T16:06:06.861+0000] {logging_mixin.py:137} INFO - [2023-03-26T16:06:06.861+0000] {dag.py:3444} INFO - Setting next_dagrun for example_branch_operator to 2023-03-25T00:00:00+00:00, run_after=2023-03-26T00:00:00+00:00
[2023-03-26T16:06:06.873+0000] {processor.py:175} INFO - Processing /home/airflow/.local/lib/python3.7/site-packages/airflow/example_dags/example_branch_operator.py took 0.055 seconds
[2023-03-26T16:06:37.420+0000] {processor.py:153} INFO - Started process (PID=329) to work on /home/airflow/.local/lib/python3.7/site-packages/airflow/example_dags/example_branch_operator.py
[2023-03-26T16:06:37.421+0000] {processor.py:743} INFO - Processing file /home/airflow/.local/lib/python3.7/site-packages/airflow/example_dags/example_branch_operator.py for tasks to queue
[2023-03-26T16:06:37.421+0000] {logging_mixin.py:137} INFO - [2023-03-26T16:06:37.421+0000] {dagbag.py:532} INFO - Filling up the DagBag from /home/airflow/.local/lib/python3.7/site-packages/airflow/example_dags/example_branch_operator.py
[2023-03-26T16:06:37.430+0000] {processor.py:753} INFO - DAG(s) dict_keys(['example_branch_operator']) retrieved from /home/airflow/.local/lib/python3.7/site-packages/airflow/example_dags/example_branch_operator.py
[2023-03-26T16:06:37.445+0000] {logging_mixin.py:137} INFO - [2023-03-26T16:06:37.445+0000] {dag.py:2693} INFO - Sync 1 DAGs
[2023-03-26T16:06:37.460+0000] {logging_mixin.py:137} INFO - [2023-03-26T16:06:37.460+0000] {dag.py:3444} INFO - Setting next_dagrun for example_branch_operator to 2023-03-25T00:00:00+00:00, run_after=2023-03-26T00:00:00+00:00
[2023-03-26T16:06:37.474+0000] {processor.py:175} INFO - Processing /home/airflow/.local/lib/python3.7/site-packages/airflow/example_dags/example_branch_operator.py took 0.056 seconds
[2023-03-26T16:07:08.060+0000] {processor.py:153} INFO - Started process (PID=378) to work on /home/airflow/.local/lib/python3.7/site-packages/airflow/example_dags/example_branch_operator.py
[2023-03-26T16:07:08.061+0000] {processor.py:743} INFO - Processing file /home/airflow/.local/lib/python3.7/site-packages/airflow/example_dags/example_branch_operator.py for tasks to queue
[2023-03-26T16:07:08.061+0000] {logging_mixin.py:137} INFO - [2023-03-26T16:07:08.061+0000] {dagbag.py:532} INFO - Filling up the DagBag from /home/airflow/.local/lib/python3.7/site-packages/airflow/example_dags/example_branch_operator.py
[2023-03-26T16:07:08.070+0000] {processor.py:753} INFO - DAG(s) dict_keys(['example_branch_operator']) retrieved from /home/airflow/.local/lib/python3.7/site-packages/airflow/example_dags/example_branch_operator.py
[2023-03-26T16:07:08.086+0000] {logging_mixin.py:137} INFO - [2023-03-26T16:07:08.086+0000] {dag.py:2693} INFO - Sync 1 DAGs
[2023-03-26T16:07:08.100+0000] {logging_mixin.py:137} INFO - [2023-03-26T16:07:08.100+0000] {dag.py:3444} INFO - Setting next_dagrun for example_branch_operator to 2023-03-25T00:00:00+00:00, run_after=2023-03-26T00:00:00+00:00
[2023-03-26T16:07:08.115+0000] {processor.py:175} INFO - Processing /home/airflow/.local/lib/python3.7/site-packages/airflow/example_dags/example_branch_operator.py took 0.057 seconds
[2023-03-26T16:07:38.738+0000] {processor.py:153} INFO - Started process (PID=427) to work on /home/airflow/.local/lib/python3.7/site-packages/airflow/example_dags/example_branch_operator.py
[2023-03-26T16:07:38.738+0000] {processor.py:743} INFO - Processing file /home/airflow/.local/lib/python3.7/site-packages/airflow/example_dags/example_branch_operator.py for tasks to queue
[2023-03-26T16:07:38.739+0000] {logging_mixin.py:137} INFO - [2023-03-26T16:07:38.739+0000] {dagbag.py:532} INFO - Filling up the DagBag from /home/airflow/.local/lib/python3.7/site-packages/airflow/example_dags/example_branch_operator.py
[2023-03-26T16:07:38.748+0000] {processor.py:753} INFO - DAG(s) dict_keys(['example_branch_operator']) retrieved from /home/airflow/.local/lib/python3.7/site-packages/airflow/example_dags/example_branch_operator.py
[2023-03-26T16:07:38.766+0000] {logging_mixin.py:137} INFO - [2023-03-26T16:07:38.766+0000] {dag.py:2693} INFO - Sync 1 DAGs
[2023-03-26T16:07:38.781+0000] {logging_mixin.py:137} INFO - [2023-03-26T16:07:38.781+0000] {dag.py:3444} INFO - Setting next_dagrun for example_branch_operator to 2023-03-25T00:00:00+00:00, run_after=2023-03-26T00:00:00+00:00
[2023-03-26T16:07:38.794+0000] {processor.py:175} INFO - Processing /home/airflow/.local/lib/python3.7/site-packages/airflow/example_dags/example_branch_operator.py took 0.058 seconds
[2023-03-26T16:08:09.330+0000] {processor.py:153} INFO - Started process (PID=476) to work on /home/airflow/.local/lib/python3.7/site-packages/airflow/example_dags/example_branch_operator.py
[2023-03-26T16:08:09.330+0000] {processor.py:743} INFO - Processing file /home/airflow/.local/lib/python3.7/site-packages/airflow/example_dags/example_branch_operator.py for tasks to queue
[2023-03-26T16:08:09.331+0000] {logging_mixin.py:137} INFO - [2023-03-26T16:08:09.331+0000] {dagbag.py:532} INFO - Filling up the DagBag from /home/airflow/.local/lib/python3.7/site-packages/airflow/example_dags/example_branch_operator.py
[2023-03-26T16:08:09.339+0000] {processor.py:753} INFO - DAG(s) dict_keys(['example_branch_operator']) retrieved from /home/airflow/.local/lib/python3.7/site-packages/airflow/example_dags/example_branch_operator.py
[2023-03-26T16:08:09.357+0000] {logging_mixin.py:137} INFO - [2023-03-26T16:08:09.357+0000] {dag.py:2693} INFO - Sync 1 DAGs
[2023-03-26T16:08:09.372+0000] {logging_mixin.py:137} INFO - [2023-03-26T16:08:09.372+0000] {dag.py:3444} INFO - Setting next_dagrun for example_branch_operator to 2023-03-25T00:00:00+00:00, run_after=2023-03-26T00:00:00+00:00
[2023-03-26T16:08:09.384+0000] {processor.py:175} INFO - Processing /home/airflow/.local/lib/python3.7/site-packages/airflow/example_dags/example_branch_operator.py took 0.056 seconds
[2023-03-26T16:13:00.722+0000] {processor.py:153} INFO - Started process (PID=85) to work on /home/airflow/.local/lib/python3.7/site-packages/airflow/example_dags/example_branch_operator.py
[2023-03-26T16:13:00.723+0000] {processor.py:743} INFO - Processing file /home/airflow/.local/lib/python3.7/site-packages/airflow/example_dags/example_branch_operator.py for tasks to queue
[2023-03-26T16:13:00.723+0000] {logging_mixin.py:137} INFO - [2023-03-26T16:13:00.723+0000] {dagbag.py:532} INFO - Filling up the DagBag from /home/airflow/.local/lib/python3.7/site-packages/airflow/example_dags/example_branch_operator.py
[2023-03-26T16:13:00.736+0000] {processor.py:753} INFO - DAG(s) dict_keys(['example_branch_operator']) retrieved from /home/airflow/.local/lib/python3.7/site-packages/airflow/example_dags/example_branch_operator.py
[2023-03-26T16:13:00.745+0000] {logging_mixin.py:137} INFO - [2023-03-26T16:13:00.745+0000] {dag.py:2693} INFO - Sync 1 DAGs
[2023-03-26T16:13:00.762+0000] {logging_mixin.py:137} INFO - [2023-03-26T16:13:00.761+0000] {dag.py:3444} INFO - Setting next_dagrun for example_branch_operator to 2023-03-25T00:00:00+00:00, run_after=2023-03-26T00:00:00+00:00
[2023-03-26T16:13:00.776+0000] {processor.py:175} INFO - Processing /home/airflow/.local/lib/python3.7/site-packages/airflow/example_dags/example_branch_operator.py took 0.056 seconds
[2023-03-26T16:13:31.325+0000] {processor.py:153} INFO - Started process (PID=134) to work on /home/airflow/.local/lib/python3.7/site-packages/airflow/example_dags/example_branch_operator.py
[2023-03-26T16:13:31.325+0000] {processor.py:743} INFO - Processing file /home/airflow/.local/lib/python3.7/site-packages/airflow/example_dags/example_branch_operator.py for tasks to queue
[2023-03-26T16:13:31.326+0000] {logging_mixin.py:137} INFO - [2023-03-26T16:13:31.325+0000] {dagbag.py:532} INFO - Filling up the DagBag from /home/airflow/.local/lib/python3.7/site-packages/airflow/example_dags/example_branch_operator.py
[2023-03-26T16:13:31.335+0000] {processor.py:753} INFO - DAG(s) dict_keys(['example_branch_operator']) retrieved from /home/airflow/.local/lib/python3.7/site-packages/airflow/example_dags/example_branch_operator.py
[2023-03-26T16:13:31.352+0000] {logging_mixin.py:137} INFO - [2023-03-26T16:13:31.352+0000] {dag.py:2693} INFO - Sync 1 DAGs
[2023-03-26T16:13:31.368+0000] {logging_mixin.py:137} INFO - [2023-03-26T16:13:31.367+0000] {dag.py:3444} INFO - Setting next_dagrun for example_branch_operator to 2023-03-25T00:00:00+00:00, run_after=2023-03-26T00:00:00+00:00
[2023-03-26T16:13:31.381+0000] {processor.py:175} INFO - Processing /home/airflow/.local/lib/python3.7/site-packages/airflow/example_dags/example_branch_operator.py took 0.058 seconds
[2023-03-26T16:17:29.614+0000] {processor.py:153} INFO - Started process (PID=85) to work on /home/airflow/.local/lib/python3.7/site-packages/airflow/example_dags/example_branch_operator.py
[2023-03-26T16:17:29.615+0000] {processor.py:743} INFO - Processing file /home/airflow/.local/lib/python3.7/site-packages/airflow/example_dags/example_branch_operator.py for tasks to queue
[2023-03-26T16:17:29.615+0000] {logging_mixin.py:137} INFO - [2023-03-26T16:17:29.615+0000] {dagbag.py:532} INFO - Filling up the DagBag from /home/airflow/.local/lib/python3.7/site-packages/airflow/example_dags/example_branch_operator.py
[2023-03-26T16:17:29.628+0000] {processor.py:753} INFO - DAG(s) dict_keys(['example_branch_operator']) retrieved from /home/airflow/.local/lib/python3.7/site-packages/airflow/example_dags/example_branch_operator.py
[2023-03-26T16:17:29.637+0000] {logging_mixin.py:137} INFO - [2023-03-26T16:17:29.637+0000] {dag.py:2693} INFO - Sync 1 DAGs
[2023-03-26T16:17:29.654+0000] {logging_mixin.py:137} INFO - [2023-03-26T16:17:29.654+0000] {dag.py:3444} INFO - Setting next_dagrun for example_branch_operator to 2023-03-25T00:00:00+00:00, run_after=2023-03-26T00:00:00+00:00
[2023-03-26T16:17:29.669+0000] {processor.py:175} INFO - Processing /home/airflow/.local/lib/python3.7/site-packages/airflow/example_dags/example_branch_operator.py took 0.057 seconds
[2023-03-26T16:18:00.532+0000] {processor.py:153} INFO - Started process (PID=134) to work on /home/airflow/.local/lib/python3.7/site-packages/airflow/example_dags/example_branch_operator.py
[2023-03-26T16:18:00.533+0000] {processor.py:743} INFO - Processing file /home/airflow/.local/lib/python3.7/site-packages/airflow/example_dags/example_branch_operator.py for tasks to queue
[2023-03-26T16:18:00.533+0000] {logging_mixin.py:137} INFO - [2023-03-26T16:18:00.533+0000] {dagbag.py:532} INFO - Filling up the DagBag from /home/airflow/.local/lib/python3.7/site-packages/airflow/example_dags/example_branch_operator.py
[2023-03-26T16:18:00.543+0000] {processor.py:753} INFO - DAG(s) dict_keys(['example_branch_operator']) retrieved from /home/airflow/.local/lib/python3.7/site-packages/airflow/example_dags/example_branch_operator.py
[2023-03-26T16:18:00.561+0000] {logging_mixin.py:137} INFO - [2023-03-26T16:18:00.561+0000] {dag.py:2693} INFO - Sync 1 DAGs
[2023-03-26T16:18:00.577+0000] {logging_mixin.py:137} INFO - [2023-03-26T16:18:00.577+0000] {dag.py:3444} INFO - Setting next_dagrun for example_branch_operator to 2023-03-25T00:00:00+00:00, run_after=2023-03-26T00:00:00+00:00
[2023-03-26T16:18:00.592+0000] {processor.py:175} INFO - Processing /home/airflow/.local/lib/python3.7/site-packages/airflow/example_dags/example_branch_operator.py took 0.062 seconds
[2023-03-26T16:18:31.093+0000] {processor.py:153} INFO - Started process (PID=183) to work on /home/airflow/.local/lib/python3.7/site-packages/airflow/example_dags/example_branch_operator.py
[2023-03-26T16:18:31.094+0000] {processor.py:743} INFO - Processing file /home/airflow/.local/lib/python3.7/site-packages/airflow/example_dags/example_branch_operator.py for tasks to queue
[2023-03-26T16:18:31.094+0000] {logging_mixin.py:137} INFO - [2023-03-26T16:18:31.094+0000] {dagbag.py:532} INFO - Filling up the DagBag from /home/airflow/.local/lib/python3.7/site-packages/airflow/example_dags/example_branch_operator.py
[2023-03-26T16:18:31.104+0000] {processor.py:753} INFO - DAG(s) dict_keys(['example_branch_operator']) retrieved from /home/airflow/.local/lib/python3.7/site-packages/airflow/example_dags/example_branch_operator.py
[2023-03-26T16:18:31.122+0000] {logging_mixin.py:137} INFO - [2023-03-26T16:18:31.122+0000] {dag.py:2693} INFO - Sync 1 DAGs
[2023-03-26T16:18:31.138+0000] {logging_mixin.py:137} INFO - [2023-03-26T16:18:31.138+0000] {dag.py:3444} INFO - Setting next_dagrun for example_branch_operator to 2023-03-25T00:00:00+00:00, run_after=2023-03-26T00:00:00+00:00
[2023-03-26T16:18:31.153+0000] {processor.py:175} INFO - Processing /home/airflow/.local/lib/python3.7/site-packages/airflow/example_dags/example_branch_operator.py took 0.062 seconds
[2023-03-26T16:19:01.821+0000] {processor.py:153} INFO - Started process (PID=232) to work on /home/airflow/.local/lib/python3.7/site-packages/airflow/example_dags/example_branch_operator.py
[2023-03-26T16:19:01.822+0000] {processor.py:743} INFO - Processing file /home/airflow/.local/lib/python3.7/site-packages/airflow/example_dags/example_branch_operator.py for tasks to queue
[2023-03-26T16:19:01.822+0000] {logging_mixin.py:137} INFO - [2023-03-26T16:19:01.822+0000] {dagbag.py:532} INFO - Filling up the DagBag from /home/airflow/.local/lib/python3.7/site-packages/airflow/example_dags/example_branch_operator.py
[2023-03-26T16:19:01.832+0000] {processor.py:753} INFO - DAG(s) dict_keys(['example_branch_operator']) retrieved from /home/airflow/.local/lib/python3.7/site-packages/airflow/example_dags/example_branch_operator.py
[2023-03-26T16:19:01.849+0000] {logging_mixin.py:137} INFO - [2023-03-26T16:19:01.849+0000] {dag.py:2693} INFO - Sync 1 DAGs
[2023-03-26T16:19:01.865+0000] {logging_mixin.py:137} INFO - [2023-03-26T16:19:01.865+0000] {dag.py:3444} INFO - Setting next_dagrun for example_branch_operator to 2023-03-25T00:00:00+00:00, run_after=2023-03-26T00:00:00+00:00
[2023-03-26T16:19:01.884+0000] {processor.py:175} INFO - Processing /home/airflow/.local/lib/python3.7/site-packages/airflow/example_dags/example_branch_operator.py took 0.065 seconds
[2023-03-26T16:19:32.559+0000] {processor.py:153} INFO - Started process (PID=281) to work on /home/airflow/.local/lib/python3.7/site-packages/airflow/example_dags/example_branch_operator.py
[2023-03-26T16:19:32.559+0000] {processor.py:743} INFO - Processing file /home/airflow/.local/lib/python3.7/site-packages/airflow/example_dags/example_branch_operator.py for tasks to queue
[2023-03-26T16:19:32.560+0000] {logging_mixin.py:137} INFO - [2023-03-26T16:19:32.560+0000] {dagbag.py:532} INFO - Filling up the DagBag from /home/airflow/.local/lib/python3.7/site-packages/airflow/example_dags/example_branch_operator.py
[2023-03-26T16:19:32.569+0000] {processor.py:753} INFO - DAG(s) dict_keys(['example_branch_operator']) retrieved from /home/airflow/.local/lib/python3.7/site-packages/airflow/example_dags/example_branch_operator.py
[2023-03-26T16:19:32.585+0000] {logging_mixin.py:137} INFO - [2023-03-26T16:19:32.585+0000] {dag.py:2693} INFO - Sync 1 DAGs
[2023-03-26T16:19:32.600+0000] {logging_mixin.py:137} INFO - [2023-03-26T16:19:32.600+0000] {dag.py:3444} INFO - Setting next_dagrun for example_branch_operator to 2023-03-25T00:00:00+00:00, run_after=2023-03-26T00:00:00+00:00
[2023-03-26T16:19:32.613+0000] {processor.py:175} INFO - Processing /home/airflow/.local/lib/python3.7/site-packages/airflow/example_dags/example_branch_operator.py took 0.056 seconds
[2023-03-26T16:20:03.168+0000] {processor.py:153} INFO - Started process (PID=330) to work on /home/airflow/.local/lib/python3.7/site-packages/airflow/example_dags/example_branch_operator.py
[2023-03-26T16:20:03.169+0000] {processor.py:743} INFO - Processing file /home/airflow/.local/lib/python3.7/site-packages/airflow/example_dags/example_branch_operator.py for tasks to queue
[2023-03-26T16:20:03.169+0000] {logging_mixin.py:137} INFO - [2023-03-26T16:20:03.169+0000] {dagbag.py:532} INFO - Filling up the DagBag from /home/airflow/.local/lib/python3.7/site-packages/airflow/example_dags/example_branch_operator.py
[2023-03-26T16:20:03.178+0000] {processor.py:753} INFO - DAG(s) dict_keys(['example_branch_operator']) retrieved from /home/airflow/.local/lib/python3.7/site-packages/airflow/example_dags/example_branch_operator.py
[2023-03-26T16:20:03.194+0000] {logging_mixin.py:137} INFO - [2023-03-26T16:20:03.194+0000] {dag.py:2693} INFO - Sync 1 DAGs
[2023-03-26T16:20:03.209+0000] {logging_mixin.py:137} INFO - [2023-03-26T16:20:03.209+0000] {dag.py:3444} INFO - Setting next_dagrun for example_branch_operator to 2023-03-25T00:00:00+00:00, run_after=2023-03-26T00:00:00+00:00
[2023-03-26T16:20:03.223+0000] {processor.py:175} INFO - Processing /home/airflow/.local/lib/python3.7/site-packages/airflow/example_dags/example_branch_operator.py took 0.057 seconds
[2023-03-26T16:20:33.774+0000] {processor.py:153} INFO - Started process (PID=379) to work on /home/airflow/.local/lib/python3.7/site-packages/airflow/example_dags/example_branch_operator.py
[2023-03-26T16:20:33.775+0000] {processor.py:743} INFO - Processing file /home/airflow/.local/lib/python3.7/site-packages/airflow/example_dags/example_branch_operator.py for tasks to queue
[2023-03-26T16:20:33.775+0000] {logging_mixin.py:137} INFO - [2023-03-26T16:20:33.775+0000] {dagbag.py:532} INFO - Filling up the DagBag from /home/airflow/.local/lib/python3.7/site-packages/airflow/example_dags/example_branch_operator.py
[2023-03-26T16:20:33.784+0000] {processor.py:753} INFO - DAG(s) dict_keys(['example_branch_operator']) retrieved from /home/airflow/.local/lib/python3.7/site-packages/airflow/example_dags/example_branch_operator.py
[2023-03-26T16:20:33.801+0000] {logging_mixin.py:137} INFO - [2023-03-26T16:20:33.801+0000] {dag.py:2693} INFO - Sync 1 DAGs
[2023-03-26T16:20:33.816+0000] {logging_mixin.py:137} INFO - [2023-03-26T16:20:33.816+0000] {dag.py:3444} INFO - Setting next_dagrun for example_branch_operator to 2023-03-25T00:00:00+00:00, run_after=2023-03-26T00:00:00+00:00
[2023-03-26T16:20:33.831+0000] {processor.py:175} INFO - Processing /home/airflow/.local/lib/python3.7/site-packages/airflow/example_dags/example_branch_operator.py took 0.058 seconds
[2023-03-26T16:21:04.388+0000] {processor.py:153} INFO - Started process (PID=429) to work on /home/airflow/.local/lib/python3.7/site-packages/airflow/example_dags/example_branch_operator.py
[2023-03-26T16:21:04.389+0000] {processor.py:743} INFO - Processing file /home/airflow/.local/lib/python3.7/site-packages/airflow/example_dags/example_branch_operator.py for tasks to queue
[2023-03-26T16:21:04.390+0000] {logging_mixin.py:137} INFO - [2023-03-26T16:21:04.390+0000] {dagbag.py:532} INFO - Filling up the DagBag from /home/airflow/.local/lib/python3.7/site-packages/airflow/example_dags/example_branch_operator.py
[2023-03-26T16:21:04.400+0000] {processor.py:753} INFO - DAG(s) dict_keys(['example_branch_operator']) retrieved from /home/airflow/.local/lib/python3.7/site-packages/airflow/example_dags/example_branch_operator.py
[2023-03-26T16:21:04.418+0000] {logging_mixin.py:137} INFO - [2023-03-26T16:21:04.418+0000] {dag.py:2693} INFO - Sync 1 DAGs
[2023-03-26T16:21:04.433+0000] {logging_mixin.py:137} INFO - [2023-03-26T16:21:04.433+0000] {dag.py:3444} INFO - Setting next_dagrun for example_branch_operator to 2023-03-25T00:00:00+00:00, run_after=2023-03-26T00:00:00+00:00
[2023-03-26T16:21:04.448+0000] {processor.py:175} INFO - Processing /home/airflow/.local/lib/python3.7/site-packages/airflow/example_dags/example_branch_operator.py took 0.061 seconds
[2023-03-26T16:21:35.068+0000] {processor.py:153} INFO - Started process (PID=478) to work on /home/airflow/.local/lib/python3.7/site-packages/airflow/example_dags/example_branch_operator.py
[2023-03-26T16:21:35.068+0000] {processor.py:743} INFO - Processing file /home/airflow/.local/lib/python3.7/site-packages/airflow/example_dags/example_branch_operator.py for tasks to queue
[2023-03-26T16:21:35.069+0000] {logging_mixin.py:137} INFO - [2023-03-26T16:21:35.069+0000] {dagbag.py:532} INFO - Filling up the DagBag from /home/airflow/.local/lib/python3.7/site-packages/airflow/example_dags/example_branch_operator.py
[2023-03-26T16:21:35.078+0000] {processor.py:753} INFO - DAG(s) dict_keys(['example_branch_operator']) retrieved from /home/airflow/.local/lib/python3.7/site-packages/airflow/example_dags/example_branch_operator.py
[2023-03-26T16:21:35.094+0000] {logging_mixin.py:137} INFO - [2023-03-26T16:21:35.094+0000] {dag.py:2693} INFO - Sync 1 DAGs
[2023-03-26T16:21:35.109+0000] {logging_mixin.py:137} INFO - [2023-03-26T16:21:35.109+0000] {dag.py:3444} INFO - Setting next_dagrun for example_branch_operator to 2023-03-25T00:00:00+00:00, run_after=2023-03-26T00:00:00+00:00
[2023-03-26T16:21:35.123+0000] {processor.py:175} INFO - Processing /home/airflow/.local/lib/python3.7/site-packages/airflow/example_dags/example_branch_operator.py took 0.057 seconds
[2023-03-26T16:22:05.954+0000] {processor.py:153} INFO - Started process (PID=527) to work on /home/airflow/.local/lib/python3.7/site-packages/airflow/example_dags/example_branch_operator.py
[2023-03-26T16:22:05.955+0000] {processor.py:743} INFO - Processing file /home/airflow/.local/lib/python3.7/site-packages/airflow/example_dags/example_branch_operator.py for tasks to queue
[2023-03-26T16:22:05.956+0000] {logging_mixin.py:137} INFO - [2023-03-26T16:22:05.956+0000] {dagbag.py:532} INFO - Filling up the DagBag from /home/airflow/.local/lib/python3.7/site-packages/airflow/example_dags/example_branch_operator.py
[2023-03-26T16:22:05.966+0000] {processor.py:753} INFO - DAG(s) dict_keys(['example_branch_operator']) retrieved from /home/airflow/.local/lib/python3.7/site-packages/airflow/example_dags/example_branch_operator.py
[2023-03-26T16:22:05.985+0000] {logging_mixin.py:137} INFO - [2023-03-26T16:22:05.985+0000] {dag.py:2693} INFO - Sync 1 DAGs
[2023-03-26T16:22:06.002+0000] {logging_mixin.py:137} INFO - [2023-03-26T16:22:06.002+0000] {dag.py:3444} INFO - Setting next_dagrun for example_branch_operator to 2023-03-25T00:00:00+00:00, run_after=2023-03-26T00:00:00+00:00
[2023-03-26T16:22:06.017+0000] {processor.py:175} INFO - Processing /home/airflow/.local/lib/python3.7/site-packages/airflow/example_dags/example_branch_operator.py took 0.065 seconds
[2023-03-26T16:22:36.816+0000] {processor.py:153} INFO - Started process (PID=576) to work on /home/airflow/.local/lib/python3.7/site-packages/airflow/example_dags/example_branch_operator.py
[2023-03-26T16:22:36.816+0000] {processor.py:743} INFO - Processing file /home/airflow/.local/lib/python3.7/site-packages/airflow/example_dags/example_branch_operator.py for tasks to queue
[2023-03-26T16:22:36.817+0000] {logging_mixin.py:137} INFO - [2023-03-26T16:22:36.817+0000] {dagbag.py:532} INFO - Filling up the DagBag from /home/airflow/.local/lib/python3.7/site-packages/airflow/example_dags/example_branch_operator.py
[2023-03-26T16:22:36.827+0000] {processor.py:753} INFO - DAG(s) dict_keys(['example_branch_operator']) retrieved from /home/airflow/.local/lib/python3.7/site-packages/airflow/example_dags/example_branch_operator.py
[2023-03-26T16:22:36.845+0000] {logging_mixin.py:137} INFO - [2023-03-26T16:22:36.845+0000] {dag.py:2693} INFO - Sync 1 DAGs
[2023-03-26T16:22:36.861+0000] {logging_mixin.py:137} INFO - [2023-03-26T16:22:36.860+0000] {dag.py:3444} INFO - Setting next_dagrun for example_branch_operator to 2023-03-25T00:00:00+00:00, run_after=2023-03-26T00:00:00+00:00
[2023-03-26T16:22:36.876+0000] {processor.py:175} INFO - Processing /home/airflow/.local/lib/python3.7/site-packages/airflow/example_dags/example_branch_operator.py took 0.062 seconds
[2023-03-26T16:23:07.728+0000] {processor.py:153} INFO - Started process (PID=625) to work on /home/airflow/.local/lib/python3.7/site-packages/airflow/example_dags/example_branch_operator.py
[2023-03-26T16:23:07.729+0000] {processor.py:743} INFO - Processing file /home/airflow/.local/lib/python3.7/site-packages/airflow/example_dags/example_branch_operator.py for tasks to queue
[2023-03-26T16:23:07.729+0000] {logging_mixin.py:137} INFO - [2023-03-26T16:23:07.729+0000] {dagbag.py:532} INFO - Filling up the DagBag from /home/airflow/.local/lib/python3.7/site-packages/airflow/example_dags/example_branch_operator.py
[2023-03-26T16:23:07.740+0000] {processor.py:753} INFO - DAG(s) dict_keys(['example_branch_operator']) retrieved from /home/airflow/.local/lib/python3.7/site-packages/airflow/example_dags/example_branch_operator.py
[2023-03-26T16:23:07.761+0000] {logging_mixin.py:137} INFO - [2023-03-26T16:23:07.761+0000] {dag.py:2693} INFO - Sync 1 DAGs
[2023-03-26T16:23:07.780+0000] {logging_mixin.py:137} INFO - [2023-03-26T16:23:07.780+0000] {dag.py:3444} INFO - Setting next_dagrun for example_branch_operator to 2023-03-25T00:00:00+00:00, run_after=2023-03-26T00:00:00+00:00
[2023-03-26T16:23:07.793+0000] {processor.py:175} INFO - Processing /home/airflow/.local/lib/python3.7/site-packages/airflow/example_dags/example_branch_operator.py took 0.068 seconds
[2023-03-26T16:23:38.440+0000] {processor.py:153} INFO - Started process (PID=674) to work on /home/airflow/.local/lib/python3.7/site-packages/airflow/example_dags/example_branch_operator.py
[2023-03-26T16:23:38.441+0000] {processor.py:743} INFO - Processing file /home/airflow/.local/lib/python3.7/site-packages/airflow/example_dags/example_branch_operator.py for tasks to queue
[2023-03-26T16:23:38.441+0000] {logging_mixin.py:137} INFO - [2023-03-26T16:23:38.441+0000] {dagbag.py:532} INFO - Filling up the DagBag from /home/airflow/.local/lib/python3.7/site-packages/airflow/example_dags/example_branch_operator.py
[2023-03-26T16:23:38.451+0000] {processor.py:753} INFO - DAG(s) dict_keys(['example_branch_operator']) retrieved from /home/airflow/.local/lib/python3.7/site-packages/airflow/example_dags/example_branch_operator.py
[2023-03-26T16:23:38.469+0000] {logging_mixin.py:137} INFO - [2023-03-26T16:23:38.469+0000] {dag.py:2693} INFO - Sync 1 DAGs
[2023-03-26T16:23:38.485+0000] {logging_mixin.py:137} INFO - [2023-03-26T16:23:38.485+0000] {dag.py:3444} INFO - Setting next_dagrun for example_branch_operator to 2023-03-25T00:00:00+00:00, run_after=2023-03-26T00:00:00+00:00
[2023-03-26T16:23:38.499+0000] {processor.py:175} INFO - Processing /home/airflow/.local/lib/python3.7/site-packages/airflow/example_dags/example_branch_operator.py took 0.060 seconds
[2023-03-26T16:24:09.152+0000] {processor.py:153} INFO - Started process (PID=723) to work on /home/airflow/.local/lib/python3.7/site-packages/airflow/example_dags/example_branch_operator.py
[2023-03-26T16:24:09.153+0000] {processor.py:743} INFO - Processing file /home/airflow/.local/lib/python3.7/site-packages/airflow/example_dags/example_branch_operator.py for tasks to queue
[2023-03-26T16:24:09.153+0000] {logging_mixin.py:137} INFO - [2023-03-26T16:24:09.153+0000] {dagbag.py:532} INFO - Filling up the DagBag from /home/airflow/.local/lib/python3.7/site-packages/airflow/example_dags/example_branch_operator.py
[2023-03-26T16:24:09.164+0000] {processor.py:753} INFO - DAG(s) dict_keys(['example_branch_operator']) retrieved from /home/airflow/.local/lib/python3.7/site-packages/airflow/example_dags/example_branch_operator.py
[2023-03-26T16:24:09.183+0000] {logging_mixin.py:137} INFO - [2023-03-26T16:24:09.183+0000] {dag.py:2693} INFO - Sync 1 DAGs
[2023-03-26T16:24:09.197+0000] {logging_mixin.py:137} INFO - [2023-03-26T16:24:09.197+0000] {dag.py:3444} INFO - Setting next_dagrun for example_branch_operator to 2023-03-25T00:00:00+00:00, run_after=2023-03-26T00:00:00+00:00
[2023-03-26T16:24:09.209+0000] {processor.py:175} INFO - Processing /home/airflow/.local/lib/python3.7/site-packages/airflow/example_dags/example_branch_operator.py took 0.059 seconds
[2023-03-26T16:24:40.027+0000] {processor.py:153} INFO - Started process (PID=772) to work on /home/airflow/.local/lib/python3.7/site-packages/airflow/example_dags/example_branch_operator.py
[2023-03-26T16:24:40.027+0000] {processor.py:743} INFO - Processing file /home/airflow/.local/lib/python3.7/site-packages/airflow/example_dags/example_branch_operator.py for tasks to queue
[2023-03-26T16:24:40.028+0000] {logging_mixin.py:137} INFO - [2023-03-26T16:24:40.028+0000] {dagbag.py:532} INFO - Filling up the DagBag from /home/airflow/.local/lib/python3.7/site-packages/airflow/example_dags/example_branch_operator.py
[2023-03-26T16:24:40.038+0000] {processor.py:753} INFO - DAG(s) dict_keys(['example_branch_operator']) retrieved from /home/airflow/.local/lib/python3.7/site-packages/airflow/example_dags/example_branch_operator.py
[2023-03-26T16:24:40.055+0000] {logging_mixin.py:137} INFO - [2023-03-26T16:24:40.055+0000] {dag.py:2693} INFO - Sync 1 DAGs
[2023-03-26T16:24:40.070+0000] {logging_mixin.py:137} INFO - [2023-03-26T16:24:40.070+0000] {dag.py:3444} INFO - Setting next_dagrun for example_branch_operator to 2023-03-25T00:00:00+00:00, run_after=2023-03-26T00:00:00+00:00
[2023-03-26T16:24:40.084+0000] {processor.py:175} INFO - Processing /home/airflow/.local/lib/python3.7/site-packages/airflow/example_dags/example_branch_operator.py took 0.059 seconds
[2023-03-26T16:25:10.669+0000] {processor.py:153} INFO - Started process (PID=821) to work on /home/airflow/.local/lib/python3.7/site-packages/airflow/example_dags/example_branch_operator.py
[2023-03-26T16:25:10.669+0000] {processor.py:743} INFO - Processing file /home/airflow/.local/lib/python3.7/site-packages/airflow/example_dags/example_branch_operator.py for tasks to queue
[2023-03-26T16:25:10.670+0000] {logging_mixin.py:137} INFO - [2023-03-26T16:25:10.670+0000] {dagbag.py:532} INFO - Filling up the DagBag from /home/airflow/.local/lib/python3.7/site-packages/airflow/example_dags/example_branch_operator.py
[2023-03-26T16:25:10.680+0000] {processor.py:753} INFO - DAG(s) dict_keys(['example_branch_operator']) retrieved from /home/airflow/.local/lib/python3.7/site-packages/airflow/example_dags/example_branch_operator.py
[2023-03-26T16:25:10.697+0000] {logging_mixin.py:137} INFO - [2023-03-26T16:25:10.697+0000] {dag.py:2693} INFO - Sync 1 DAGs
[2023-03-26T16:25:10.712+0000] {logging_mixin.py:137} INFO - [2023-03-26T16:25:10.712+0000] {dag.py:3444} INFO - Setting next_dagrun for example_branch_operator to 2023-03-25T00:00:00+00:00, run_after=2023-03-26T00:00:00+00:00
[2023-03-26T16:25:10.726+0000] {processor.py:175} INFO - Processing /home/airflow/.local/lib/python3.7/site-packages/airflow/example_dags/example_branch_operator.py took 0.060 seconds
[2023-03-26T16:25:41.294+0000] {processor.py:153} INFO - Started process (PID=870) to work on /home/airflow/.local/lib/python3.7/site-packages/airflow/example_dags/example_branch_operator.py
[2023-03-26T16:25:41.294+0000] {processor.py:743} INFO - Processing file /home/airflow/.local/lib/python3.7/site-packages/airflow/example_dags/example_branch_operator.py for tasks to queue
[2023-03-26T16:25:41.294+0000] {logging_mixin.py:137} INFO - [2023-03-26T16:25:41.294+0000] {dagbag.py:532} INFO - Filling up the DagBag from /home/airflow/.local/lib/python3.7/site-packages/airflow/example_dags/example_branch_operator.py
[2023-03-26T16:25:41.304+0000] {processor.py:753} INFO - DAG(s) dict_keys(['example_branch_operator']) retrieved from /home/airflow/.local/lib/python3.7/site-packages/airflow/example_dags/example_branch_operator.py
[2023-03-26T16:25:41.321+0000] {logging_mixin.py:137} INFO - [2023-03-26T16:25:41.320+0000] {dag.py:2693} INFO - Sync 1 DAGs
[2023-03-26T16:25:41.335+0000] {logging_mixin.py:137} INFO - [2023-03-26T16:25:41.335+0000] {dag.py:3444} INFO - Setting next_dagrun for example_branch_operator to 2023-03-25T00:00:00+00:00, run_after=2023-03-26T00:00:00+00:00
[2023-03-26T16:25:41.350+0000] {processor.py:175} INFO - Processing /home/airflow/.local/lib/python3.7/site-packages/airflow/example_dags/example_branch_operator.py took 0.058 seconds
[2023-03-26T16:26:34.006+0000] {processor.py:153} INFO - Started process (PID=86) to work on /home/airflow/.local/lib/python3.7/site-packages/airflow/example_dags/example_branch_operator.py
[2023-03-26T16:26:34.007+0000] {processor.py:743} INFO - Processing file /home/airflow/.local/lib/python3.7/site-packages/airflow/example_dags/example_branch_operator.py for tasks to queue
[2023-03-26T16:26:34.008+0000] {logging_mixin.py:137} INFO - [2023-03-26T16:26:34.007+0000] {dagbag.py:532} INFO - Filling up the DagBag from /home/airflow/.local/lib/python3.7/site-packages/airflow/example_dags/example_branch_operator.py
[2023-03-26T16:26:34.020+0000] {processor.py:753} INFO - DAG(s) dict_keys(['example_branch_operator']) retrieved from /home/airflow/.local/lib/python3.7/site-packages/airflow/example_dags/example_branch_operator.py
[2023-03-26T16:26:34.030+0000] {logging_mixin.py:137} INFO - [2023-03-26T16:26:34.030+0000] {dag.py:2693} INFO - Sync 1 DAGs
[2023-03-26T16:26:34.046+0000] {logging_mixin.py:137} INFO - [2023-03-26T16:26:34.046+0000] {dag.py:3444} INFO - Setting next_dagrun for example_branch_operator to 2023-03-25T00:00:00+00:00, run_after=2023-03-26T00:00:00+00:00
[2023-03-26T16:26:34.061+0000] {processor.py:175} INFO - Processing /home/airflow/.local/lib/python3.7/site-packages/airflow/example_dags/example_branch_operator.py took 0.056 seconds
[2023-03-26T16:27:04.665+0000] {processor.py:153} INFO - Started process (PID=136) to work on /home/airflow/.local/lib/python3.7/site-packages/airflow/example_dags/example_branch_operator.py
[2023-03-26T16:27:04.666+0000] {processor.py:743} INFO - Processing file /home/airflow/.local/lib/python3.7/site-packages/airflow/example_dags/example_branch_operator.py for tasks to queue
[2023-03-26T16:27:04.666+0000] {logging_mixin.py:137} INFO - [2023-03-26T16:27:04.666+0000] {dagbag.py:532} INFO - Filling up the DagBag from /home/airflow/.local/lib/python3.7/site-packages/airflow/example_dags/example_branch_operator.py
[2023-03-26T16:27:04.676+0000] {processor.py:753} INFO - DAG(s) dict_keys(['example_branch_operator']) retrieved from /home/airflow/.local/lib/python3.7/site-packages/airflow/example_dags/example_branch_operator.py
[2023-03-26T16:27:04.693+0000] {logging_mixin.py:137} INFO - [2023-03-26T16:27:04.693+0000] {dag.py:2693} INFO - Sync 1 DAGs
[2023-03-26T16:27:04.708+0000] {logging_mixin.py:137} INFO - [2023-03-26T16:27:04.707+0000] {dag.py:3444} INFO - Setting next_dagrun for example_branch_operator to 2023-03-25T00:00:00+00:00, run_after=2023-03-26T00:00:00+00:00
[2023-03-26T16:27:04.721+0000] {processor.py:175} INFO - Processing /home/airflow/.local/lib/python3.7/site-packages/airflow/example_dags/example_branch_operator.py took 0.058 seconds
[2023-03-26T16:27:35.445+0000] {processor.py:153} INFO - Started process (PID=186) to work on /home/airflow/.local/lib/python3.7/site-packages/airflow/example_dags/example_branch_operator.py
[2023-03-26T16:27:35.446+0000] {processor.py:743} INFO - Processing file /home/airflow/.local/lib/python3.7/site-packages/airflow/example_dags/example_branch_operator.py for tasks to queue
[2023-03-26T16:27:35.446+0000] {logging_mixin.py:137} INFO - [2023-03-26T16:27:35.446+0000] {dagbag.py:532} INFO - Filling up the DagBag from /home/airflow/.local/lib/python3.7/site-packages/airflow/example_dags/example_branch_operator.py
[2023-03-26T16:27:35.455+0000] {processor.py:753} INFO - DAG(s) dict_keys(['example_branch_operator']) retrieved from /home/airflow/.local/lib/python3.7/site-packages/airflow/example_dags/example_branch_operator.py
[2023-03-26T16:27:35.472+0000] {logging_mixin.py:137} INFO - [2023-03-26T16:27:35.472+0000] {dag.py:2693} INFO - Sync 1 DAGs
[2023-03-26T16:27:35.486+0000] {logging_mixin.py:137} INFO - [2023-03-26T16:27:35.486+0000] {dag.py:3444} INFO - Setting next_dagrun for example_branch_operator to 2023-03-25T00:00:00+00:00, run_after=2023-03-26T00:00:00+00:00
[2023-03-26T16:27:35.499+0000] {processor.py:175} INFO - Processing /home/airflow/.local/lib/python3.7/site-packages/airflow/example_dags/example_branch_operator.py took 0.056 seconds
[2023-03-26T16:28:06.016+0000] {processor.py:153} INFO - Started process (PID=235) to work on /home/airflow/.local/lib/python3.7/site-packages/airflow/example_dags/example_branch_operator.py
[2023-03-26T16:28:06.017+0000] {processor.py:743} INFO - Processing file /home/airflow/.local/lib/python3.7/site-packages/airflow/example_dags/example_branch_operator.py for tasks to queue
[2023-03-26T16:28:06.018+0000] {logging_mixin.py:137} INFO - [2023-03-26T16:28:06.017+0000] {dagbag.py:532} INFO - Filling up the DagBag from /home/airflow/.local/lib/python3.7/site-packages/airflow/example_dags/example_branch_operator.py
[2023-03-26T16:28:06.027+0000] {processor.py:753} INFO - DAG(s) dict_keys(['example_branch_operator']) retrieved from /home/airflow/.local/lib/python3.7/site-packages/airflow/example_dags/example_branch_operator.py
[2023-03-26T16:28:06.044+0000] {logging_mixin.py:137} INFO - [2023-03-26T16:28:06.043+0000] {dag.py:2693} INFO - Sync 1 DAGs
[2023-03-26T16:28:06.058+0000] {logging_mixin.py:137} INFO - [2023-03-26T16:28:06.058+0000] {dag.py:3444} INFO - Setting next_dagrun for example_branch_operator to 2023-03-25T00:00:00+00:00, run_after=2023-03-26T00:00:00+00:00
[2023-03-26T16:28:06.071+0000] {processor.py:175} INFO - Processing /home/airflow/.local/lib/python3.7/site-packages/airflow/example_dags/example_branch_operator.py took 0.056 seconds
[2023-03-26T16:28:36.680+0000] {processor.py:153} INFO - Started process (PID=284) to work on /home/airflow/.local/lib/python3.7/site-packages/airflow/example_dags/example_branch_operator.py
[2023-03-26T16:28:36.681+0000] {processor.py:743} INFO - Processing file /home/airflow/.local/lib/python3.7/site-packages/airflow/example_dags/example_branch_operator.py for tasks to queue
[2023-03-26T16:28:36.681+0000] {logging_mixin.py:137} INFO - [2023-03-26T16:28:36.681+0000] {dagbag.py:532} INFO - Filling up the DagBag from /home/airflow/.local/lib/python3.7/site-packages/airflow/example_dags/example_branch_operator.py
[2023-03-26T16:28:36.691+0000] {processor.py:753} INFO - DAG(s) dict_keys(['example_branch_operator']) retrieved from /home/airflow/.local/lib/python3.7/site-packages/airflow/example_dags/example_branch_operator.py
[2023-03-26T16:28:36.708+0000] {logging_mixin.py:137} INFO - [2023-03-26T16:28:36.707+0000] {dag.py:2693} INFO - Sync 1 DAGs
[2023-03-26T16:28:36.723+0000] {logging_mixin.py:137} INFO - [2023-03-26T16:28:36.722+0000] {dag.py:3444} INFO - Setting next_dagrun for example_branch_operator to 2023-03-25T00:00:00+00:00, run_after=2023-03-26T00:00:00+00:00
[2023-03-26T16:28:36.736+0000] {processor.py:175} INFO - Processing /home/airflow/.local/lib/python3.7/site-packages/airflow/example_dags/example_branch_operator.py took 0.057 seconds
[2023-03-26T16:48:48.247+0000] {processor.py:153} INFO - Started process (PID=85) to work on /home/airflow/.local/lib/python3.7/site-packages/airflow/example_dags/example_branch_operator.py
[2023-03-26T16:48:48.248+0000] {processor.py:743} INFO - Processing file /home/airflow/.local/lib/python3.7/site-packages/airflow/example_dags/example_branch_operator.py for tasks to queue
[2023-03-26T16:48:48.248+0000] {logging_mixin.py:137} INFO - [2023-03-26T16:48:48.248+0000] {dagbag.py:532} INFO - Filling up the DagBag from /home/airflow/.local/lib/python3.7/site-packages/airflow/example_dags/example_branch_operator.py
[2023-03-26T16:48:48.261+0000] {processor.py:753} INFO - DAG(s) dict_keys(['example_branch_operator']) retrieved from /home/airflow/.local/lib/python3.7/site-packages/airflow/example_dags/example_branch_operator.py
[2023-03-26T16:48:48.270+0000] {logging_mixin.py:137} INFO - [2023-03-26T16:48:48.270+0000] {dag.py:2693} INFO - Sync 1 DAGs
[2023-03-26T16:48:48.287+0000] {logging_mixin.py:137} INFO - [2023-03-26T16:48:48.286+0000] {dag.py:3444} INFO - Setting next_dagrun for example_branch_operator to 2023-03-25T00:00:00+00:00, run_after=2023-03-26T00:00:00+00:00
[2023-03-26T16:48:48.303+0000] {processor.py:175} INFO - Processing /home/airflow/.local/lib/python3.7/site-packages/airflow/example_dags/example_branch_operator.py took 0.058 seconds
[2023-03-26T16:49:18.845+0000] {processor.py:153} INFO - Started process (PID=134) to work on /home/airflow/.local/lib/python3.7/site-packages/airflow/example_dags/example_branch_operator.py
[2023-03-26T16:49:18.846+0000] {processor.py:743} INFO - Processing file /home/airflow/.local/lib/python3.7/site-packages/airflow/example_dags/example_branch_operator.py for tasks to queue
[2023-03-26T16:49:18.846+0000] {logging_mixin.py:137} INFO - [2023-03-26T16:49:18.846+0000] {dagbag.py:532} INFO - Filling up the DagBag from /home/airflow/.local/lib/python3.7/site-packages/airflow/example_dags/example_branch_operator.py
[2023-03-26T16:49:18.856+0000] {processor.py:753} INFO - DAG(s) dict_keys(['example_branch_operator']) retrieved from /home/airflow/.local/lib/python3.7/site-packages/airflow/example_dags/example_branch_operator.py
[2023-03-26T16:49:18.871+0000] {logging_mixin.py:137} INFO - [2023-03-26T16:49:18.871+0000] {dag.py:2693} INFO - Sync 1 DAGs
[2023-03-26T16:49:18.886+0000] {logging_mixin.py:137} INFO - [2023-03-26T16:49:18.886+0000] {dag.py:3444} INFO - Setting next_dagrun for example_branch_operator to 2023-03-25T00:00:00+00:00, run_after=2023-03-26T00:00:00+00:00
[2023-03-26T16:49:18.899+0000] {processor.py:175} INFO - Processing /home/airflow/.local/lib/python3.7/site-packages/airflow/example_dags/example_branch_operator.py took 0.055 seconds
[2023-03-26T16:49:49.408+0000] {processor.py:153} INFO - Started process (PID=183) to work on /home/airflow/.local/lib/python3.7/site-packages/airflow/example_dags/example_branch_operator.py
[2023-03-26T16:49:49.409+0000] {processor.py:743} INFO - Processing file /home/airflow/.local/lib/python3.7/site-packages/airflow/example_dags/example_branch_operator.py for tasks to queue
[2023-03-26T16:49:49.409+0000] {logging_mixin.py:137} INFO - [2023-03-26T16:49:49.409+0000] {dagbag.py:532} INFO - Filling up the DagBag from /home/airflow/.local/lib/python3.7/site-packages/airflow/example_dags/example_branch_operator.py
[2023-03-26T16:49:49.418+0000] {processor.py:753} INFO - DAG(s) dict_keys(['example_branch_operator']) retrieved from /home/airflow/.local/lib/python3.7/site-packages/airflow/example_dags/example_branch_operator.py
[2023-03-26T16:49:49.434+0000] {logging_mixin.py:137} INFO - [2023-03-26T16:49:49.434+0000] {dag.py:2693} INFO - Sync 1 DAGs
[2023-03-26T16:49:49.449+0000] {logging_mixin.py:137} INFO - [2023-03-26T16:49:49.449+0000] {dag.py:3444} INFO - Setting next_dagrun for example_branch_operator to 2023-03-25T00:00:00+00:00, run_after=2023-03-26T00:00:00+00:00
[2023-03-26T16:49:49.463+0000] {processor.py:175} INFO - Processing /home/airflow/.local/lib/python3.7/site-packages/airflow/example_dags/example_branch_operator.py took 0.057 seconds
[2023-03-26T16:50:20.002+0000] {processor.py:153} INFO - Started process (PID=232) to work on /home/airflow/.local/lib/python3.7/site-packages/airflow/example_dags/example_branch_operator.py
[2023-03-26T16:50:20.003+0000] {processor.py:743} INFO - Processing file /home/airflow/.local/lib/python3.7/site-packages/airflow/example_dags/example_branch_operator.py for tasks to queue
[2023-03-26T16:50:20.004+0000] {logging_mixin.py:137} INFO - [2023-03-26T16:50:20.004+0000] {dagbag.py:532} INFO - Filling up the DagBag from /home/airflow/.local/lib/python3.7/site-packages/airflow/example_dags/example_branch_operator.py
[2023-03-26T16:50:20.013+0000] {processor.py:753} INFO - DAG(s) dict_keys(['example_branch_operator']) retrieved from /home/airflow/.local/lib/python3.7/site-packages/airflow/example_dags/example_branch_operator.py
[2023-03-26T16:50:20.030+0000] {logging_mixin.py:137} INFO - [2023-03-26T16:50:20.030+0000] {dag.py:2693} INFO - Sync 1 DAGs
[2023-03-26T16:50:20.045+0000] {logging_mixin.py:137} INFO - [2023-03-26T16:50:20.045+0000] {dag.py:3444} INFO - Setting next_dagrun for example_branch_operator to 2023-03-25T00:00:00+00:00, run_after=2023-03-26T00:00:00+00:00
[2023-03-26T16:50:20.058+0000] {processor.py:175} INFO - Processing /home/airflow/.local/lib/python3.7/site-packages/airflow/example_dags/example_branch_operator.py took 0.058 seconds
[2023-03-26T16:50:50.639+0000] {processor.py:153} INFO - Started process (PID=281) to work on /home/airflow/.local/lib/python3.7/site-packages/airflow/example_dags/example_branch_operator.py
[2023-03-26T16:50:50.640+0000] {processor.py:743} INFO - Processing file /home/airflow/.local/lib/python3.7/site-packages/airflow/example_dags/example_branch_operator.py for tasks to queue
[2023-03-26T16:50:50.641+0000] {logging_mixin.py:137} INFO - [2023-03-26T16:50:50.641+0000] {dagbag.py:532} INFO - Filling up the DagBag from /home/airflow/.local/lib/python3.7/site-packages/airflow/example_dags/example_branch_operator.py
[2023-03-26T16:50:50.650+0000] {processor.py:753} INFO - DAG(s) dict_keys(['example_branch_operator']) retrieved from /home/airflow/.local/lib/python3.7/site-packages/airflow/example_dags/example_branch_operator.py
[2023-03-26T16:50:50.668+0000] {logging_mixin.py:137} INFO - [2023-03-26T16:50:50.668+0000] {dag.py:2693} INFO - Sync 1 DAGs
[2023-03-26T16:50:50.683+0000] {logging_mixin.py:137} INFO - [2023-03-26T16:50:50.683+0000] {dag.py:3444} INFO - Setting next_dagrun for example_branch_operator to 2023-03-25T00:00:00+00:00, run_after=2023-03-26T00:00:00+00:00
[2023-03-26T16:50:50.698+0000] {processor.py:175} INFO - Processing /home/airflow/.local/lib/python3.7/site-packages/airflow/example_dags/example_branch_operator.py took 0.060 seconds
[2023-03-26T16:51:21.486+0000] {processor.py:153} INFO - Started process (PID=330) to work on /home/airflow/.local/lib/python3.7/site-packages/airflow/example_dags/example_branch_operator.py
[2023-03-26T16:51:21.486+0000] {processor.py:743} INFO - Processing file /home/airflow/.local/lib/python3.7/site-packages/airflow/example_dags/example_branch_operator.py for tasks to queue
[2023-03-26T16:51:21.487+0000] {logging_mixin.py:137} INFO - [2023-03-26T16:51:21.486+0000] {dagbag.py:532} INFO - Filling up the DagBag from /home/airflow/.local/lib/python3.7/site-packages/airflow/example_dags/example_branch_operator.py
[2023-03-26T16:51:21.496+0000] {processor.py:753} INFO - DAG(s) dict_keys(['example_branch_operator']) retrieved from /home/airflow/.local/lib/python3.7/site-packages/airflow/example_dags/example_branch_operator.py
[2023-03-26T16:51:21.513+0000] {logging_mixin.py:137} INFO - [2023-03-26T16:51:21.512+0000] {dag.py:2693} INFO - Sync 1 DAGs
[2023-03-26T16:51:21.527+0000] {logging_mixin.py:137} INFO - [2023-03-26T16:51:21.527+0000] {dag.py:3444} INFO - Setting next_dagrun for example_branch_operator to 2023-03-25T00:00:00+00:00, run_after=2023-03-26T00:00:00+00:00
[2023-03-26T16:51:21.541+0000] {processor.py:175} INFO - Processing /home/airflow/.local/lib/python3.7/site-packages/airflow/example_dags/example_branch_operator.py took 0.057 seconds
[2023-03-26T16:51:52.226+0000] {processor.py:153} INFO - Started process (PID=379) to work on /home/airflow/.local/lib/python3.7/site-packages/airflow/example_dags/example_branch_operator.py
[2023-03-26T16:51:52.227+0000] {processor.py:743} INFO - Processing file /home/airflow/.local/lib/python3.7/site-packages/airflow/example_dags/example_branch_operator.py for tasks to queue
[2023-03-26T16:51:52.227+0000] {logging_mixin.py:137} INFO - [2023-03-26T16:51:52.227+0000] {dagbag.py:532} INFO - Filling up the DagBag from /home/airflow/.local/lib/python3.7/site-packages/airflow/example_dags/example_branch_operator.py
[2023-03-26T16:51:52.237+0000] {processor.py:753} INFO - DAG(s) dict_keys(['example_branch_operator']) retrieved from /home/airflow/.local/lib/python3.7/site-packages/airflow/example_dags/example_branch_operator.py
[2023-03-26T16:51:52.254+0000] {logging_mixin.py:137} INFO - [2023-03-26T16:51:52.254+0000] {dag.py:2693} INFO - Sync 1 DAGs
[2023-03-26T16:51:52.269+0000] {logging_mixin.py:137} INFO - [2023-03-26T16:51:52.268+0000] {dag.py:3444} INFO - Setting next_dagrun for example_branch_operator to 2023-03-25T00:00:00+00:00, run_after=2023-03-26T00:00:00+00:00
[2023-03-26T16:51:52.281+0000] {processor.py:175} INFO - Processing /home/airflow/.local/lib/python3.7/site-packages/airflow/example_dags/example_branch_operator.py took 0.057 seconds
[2023-03-26T16:52:22.885+0000] {processor.py:153} INFO - Started process (PID=428) to work on /home/airflow/.local/lib/python3.7/site-packages/airflow/example_dags/example_branch_operator.py
[2023-03-26T16:52:22.886+0000] {processor.py:743} INFO - Processing file /home/airflow/.local/lib/python3.7/site-packages/airflow/example_dags/example_branch_operator.py for tasks to queue
[2023-03-26T16:52:22.886+0000] {logging_mixin.py:137} INFO - [2023-03-26T16:52:22.886+0000] {dagbag.py:532} INFO - Filling up the DagBag from /home/airflow/.local/lib/python3.7/site-packages/airflow/example_dags/example_branch_operator.py
[2023-03-26T16:52:22.895+0000] {processor.py:753} INFO - DAG(s) dict_keys(['example_branch_operator']) retrieved from /home/airflow/.local/lib/python3.7/site-packages/airflow/example_dags/example_branch_operator.py
[2023-03-26T16:52:22.912+0000] {logging_mixin.py:137} INFO - [2023-03-26T16:52:22.911+0000] {dag.py:2693} INFO - Sync 1 DAGs
[2023-03-26T16:52:22.926+0000] {logging_mixin.py:137} INFO - [2023-03-26T16:52:22.926+0000] {dag.py:3444} INFO - Setting next_dagrun for example_branch_operator to 2023-03-25T00:00:00+00:00, run_after=2023-03-26T00:00:00+00:00
[2023-03-26T16:52:22.940+0000] {processor.py:175} INFO - Processing /home/airflow/.local/lib/python3.7/site-packages/airflow/example_dags/example_branch_operator.py took 0.057 seconds
[2023-03-26T16:52:53.409+0000] {processor.py:153} INFO - Started process (PID=477) to work on /home/airflow/.local/lib/python3.7/site-packages/airflow/example_dags/example_branch_operator.py
[2023-03-26T16:52:53.410+0000] {processor.py:743} INFO - Processing file /home/airflow/.local/lib/python3.7/site-packages/airflow/example_dags/example_branch_operator.py for tasks to queue
[2023-03-26T16:52:53.410+0000] {logging_mixin.py:137} INFO - [2023-03-26T16:52:53.410+0000] {dagbag.py:532} INFO - Filling up the DagBag from /home/airflow/.local/lib/python3.7/site-packages/airflow/example_dags/example_branch_operator.py
[2023-03-26T16:52:53.419+0000] {processor.py:753} INFO - DAG(s) dict_keys(['example_branch_operator']) retrieved from /home/airflow/.local/lib/python3.7/site-packages/airflow/example_dags/example_branch_operator.py
[2023-03-26T16:52:53.436+0000] {logging_mixin.py:137} INFO - [2023-03-26T16:52:53.436+0000] {dag.py:2693} INFO - Sync 1 DAGs
[2023-03-26T16:52:53.451+0000] {logging_mixin.py:137} INFO - [2023-03-26T16:52:53.451+0000] {dag.py:3444} INFO - Setting next_dagrun for example_branch_operator to 2023-03-25T00:00:00+00:00, run_after=2023-03-26T00:00:00+00:00
[2023-03-26T16:52:53.462+0000] {processor.py:175} INFO - Processing /home/airflow/.local/lib/python3.7/site-packages/airflow/example_dags/example_branch_operator.py took 0.055 seconds
[2023-03-26T16:53:24.070+0000] {processor.py:153} INFO - Started process (PID=526) to work on /home/airflow/.local/lib/python3.7/site-packages/airflow/example_dags/example_branch_operator.py
[2023-03-26T16:53:24.070+0000] {processor.py:743} INFO - Processing file /home/airflow/.local/lib/python3.7/site-packages/airflow/example_dags/example_branch_operator.py for tasks to queue
[2023-03-26T16:53:24.071+0000] {logging_mixin.py:137} INFO - [2023-03-26T16:53:24.071+0000] {dagbag.py:532} INFO - Filling up the DagBag from /home/airflow/.local/lib/python3.7/site-packages/airflow/example_dags/example_branch_operator.py
[2023-03-26T16:53:24.081+0000] {processor.py:753} INFO - DAG(s) dict_keys(['example_branch_operator']) retrieved from /home/airflow/.local/lib/python3.7/site-packages/airflow/example_dags/example_branch_operator.py
[2023-03-26T16:53:24.099+0000] {logging_mixin.py:137} INFO - [2023-03-26T16:53:24.098+0000] {dag.py:2693} INFO - Sync 1 DAGs
[2023-03-26T16:53:24.114+0000] {logging_mixin.py:137} INFO - [2023-03-26T16:53:24.114+0000] {dag.py:3444} INFO - Setting next_dagrun for example_branch_operator to 2023-03-25T00:00:00+00:00, run_after=2023-03-26T00:00:00+00:00
[2023-03-26T16:53:24.127+0000] {processor.py:175} INFO - Processing /home/airflow/.local/lib/python3.7/site-packages/airflow/example_dags/example_branch_operator.py took 0.060 seconds
[2023-03-26T16:53:54.849+0000] {processor.py:153} INFO - Started process (PID=575) to work on /home/airflow/.local/lib/python3.7/site-packages/airflow/example_dags/example_branch_operator.py
[2023-03-26T16:53:54.849+0000] {processor.py:743} INFO - Processing file /home/airflow/.local/lib/python3.7/site-packages/airflow/example_dags/example_branch_operator.py for tasks to queue
[2023-03-26T16:53:54.850+0000] {logging_mixin.py:137} INFO - [2023-03-26T16:53:54.850+0000] {dagbag.py:532} INFO - Filling up the DagBag from /home/airflow/.local/lib/python3.7/site-packages/airflow/example_dags/example_branch_operator.py
[2023-03-26T16:53:54.859+0000] {processor.py:753} INFO - DAG(s) dict_keys(['example_branch_operator']) retrieved from /home/airflow/.local/lib/python3.7/site-packages/airflow/example_dags/example_branch_operator.py
[2023-03-26T16:53:54.878+0000] {logging_mixin.py:137} INFO - [2023-03-26T16:53:54.877+0000] {dag.py:2693} INFO - Sync 1 DAGs
[2023-03-26T16:53:54.893+0000] {logging_mixin.py:137} INFO - [2023-03-26T16:53:54.893+0000] {dag.py:3444} INFO - Setting next_dagrun for example_branch_operator to 2023-03-25T00:00:00+00:00, run_after=2023-03-26T00:00:00+00:00
[2023-03-26T16:53:54.906+0000] {processor.py:175} INFO - Processing /home/airflow/.local/lib/python3.7/site-packages/airflow/example_dags/example_branch_operator.py took 0.060 seconds
[2023-03-26T16:54:25.606+0000] {processor.py:153} INFO - Started process (PID=624) to work on /home/airflow/.local/lib/python3.7/site-packages/airflow/example_dags/example_branch_operator.py
[2023-03-26T16:54:25.606+0000] {processor.py:743} INFO - Processing file /home/airflow/.local/lib/python3.7/site-packages/airflow/example_dags/example_branch_operator.py for tasks to queue
[2023-03-26T16:54:25.607+0000] {logging_mixin.py:137} INFO - [2023-03-26T16:54:25.607+0000] {dagbag.py:532} INFO - Filling up the DagBag from /home/airflow/.local/lib/python3.7/site-packages/airflow/example_dags/example_branch_operator.py
[2023-03-26T16:54:25.616+0000] {processor.py:753} INFO - DAG(s) dict_keys(['example_branch_operator']) retrieved from /home/airflow/.local/lib/python3.7/site-packages/airflow/example_dags/example_branch_operator.py
[2023-03-26T16:54:25.634+0000] {logging_mixin.py:137} INFO - [2023-03-26T16:54:25.634+0000] {dag.py:2693} INFO - Sync 1 DAGs
[2023-03-26T16:54:25.650+0000] {logging_mixin.py:137} INFO - [2023-03-26T16:54:25.649+0000] {dag.py:3444} INFO - Setting next_dagrun for example_branch_operator to 2023-03-25T00:00:00+00:00, run_after=2023-03-26T00:00:00+00:00
[2023-03-26T16:54:25.664+0000] {processor.py:175} INFO - Processing /home/airflow/.local/lib/python3.7/site-packages/airflow/example_dags/example_branch_operator.py took 0.060 seconds
[2023-03-26T16:54:56.468+0000] {processor.py:153} INFO - Started process (PID=673) to work on /home/airflow/.local/lib/python3.7/site-packages/airflow/example_dags/example_branch_operator.py
[2023-03-26T16:54:56.469+0000] {processor.py:743} INFO - Processing file /home/airflow/.local/lib/python3.7/site-packages/airflow/example_dags/example_branch_operator.py for tasks to queue
[2023-03-26T16:54:56.469+0000] {logging_mixin.py:137} INFO - [2023-03-26T16:54:56.469+0000] {dagbag.py:532} INFO - Filling up the DagBag from /home/airflow/.local/lib/python3.7/site-packages/airflow/example_dags/example_branch_operator.py
[2023-03-26T16:54:56.480+0000] {processor.py:753} INFO - DAG(s) dict_keys(['example_branch_operator']) retrieved from /home/airflow/.local/lib/python3.7/site-packages/airflow/example_dags/example_branch_operator.py
[2023-03-26T16:54:56.497+0000] {logging_mixin.py:137} INFO - [2023-03-26T16:54:56.496+0000] {dag.py:2693} INFO - Sync 1 DAGs
[2023-03-26T16:54:56.512+0000] {logging_mixin.py:137} INFO - [2023-03-26T16:54:56.512+0000] {dag.py:3444} INFO - Setting next_dagrun for example_branch_operator to 2023-03-25T00:00:00+00:00, run_after=2023-03-26T00:00:00+00:00
[2023-03-26T16:54:56.524+0000] {processor.py:175} INFO - Processing /home/airflow/.local/lib/python3.7/site-packages/airflow/example_dags/example_branch_operator.py took 0.058 seconds
[2023-03-26T16:55:27.050+0000] {processor.py:153} INFO - Started process (PID=722) to work on /home/airflow/.local/lib/python3.7/site-packages/airflow/example_dags/example_branch_operator.py
[2023-03-26T16:55:27.050+0000] {processor.py:743} INFO - Processing file /home/airflow/.local/lib/python3.7/site-packages/airflow/example_dags/example_branch_operator.py for tasks to queue
[2023-03-26T16:55:27.051+0000] {logging_mixin.py:137} INFO - [2023-03-26T16:55:27.051+0000] {dagbag.py:532} INFO - Filling up the DagBag from /home/airflow/.local/lib/python3.7/site-packages/airflow/example_dags/example_branch_operator.py
[2023-03-26T16:55:27.060+0000] {processor.py:753} INFO - DAG(s) dict_keys(['example_branch_operator']) retrieved from /home/airflow/.local/lib/python3.7/site-packages/airflow/example_dags/example_branch_operator.py
[2023-03-26T16:55:27.076+0000] {logging_mixin.py:137} INFO - [2023-03-26T16:55:27.076+0000] {dag.py:2693} INFO - Sync 1 DAGs
[2023-03-26T16:55:27.091+0000] {logging_mixin.py:137} INFO - [2023-03-26T16:55:27.091+0000] {dag.py:3444} INFO - Setting next_dagrun for example_branch_operator to 2023-03-25T00:00:00+00:00, run_after=2023-03-26T00:00:00+00:00
[2023-03-26T16:55:27.105+0000] {processor.py:175} INFO - Processing /home/airflow/.local/lib/python3.7/site-packages/airflow/example_dags/example_branch_operator.py took 0.057 seconds
[2023-03-26T16:55:57.674+0000] {processor.py:153} INFO - Started process (PID=771) to work on /home/airflow/.local/lib/python3.7/site-packages/airflow/example_dags/example_branch_operator.py
[2023-03-26T16:55:57.675+0000] {processor.py:743} INFO - Processing file /home/airflow/.local/lib/python3.7/site-packages/airflow/example_dags/example_branch_operator.py for tasks to queue
[2023-03-26T16:55:57.675+0000] {logging_mixin.py:137} INFO - [2023-03-26T16:55:57.675+0000] {dagbag.py:532} INFO - Filling up the DagBag from /home/airflow/.local/lib/python3.7/site-packages/airflow/example_dags/example_branch_operator.py
[2023-03-26T16:55:57.685+0000] {processor.py:753} INFO - DAG(s) dict_keys(['example_branch_operator']) retrieved from /home/airflow/.local/lib/python3.7/site-packages/airflow/example_dags/example_branch_operator.py
[2023-03-26T16:55:57.701+0000] {logging_mixin.py:137} INFO - [2023-03-26T16:55:57.701+0000] {dag.py:2693} INFO - Sync 1 DAGs
[2023-03-26T16:55:57.715+0000] {logging_mixin.py:137} INFO - [2023-03-26T16:55:57.715+0000] {dag.py:3444} INFO - Setting next_dagrun for example_branch_operator to 2023-03-25T00:00:00+00:00, run_after=2023-03-26T00:00:00+00:00
[2023-03-26T16:55:57.729+0000] {processor.py:175} INFO - Processing /home/airflow/.local/lib/python3.7/site-packages/airflow/example_dags/example_branch_operator.py took 0.057 seconds
[2023-03-26T16:56:28.440+0000] {processor.py:153} INFO - Started process (PID=820) to work on /home/airflow/.local/lib/python3.7/site-packages/airflow/example_dags/example_branch_operator.py
[2023-03-26T16:56:28.441+0000] {processor.py:743} INFO - Processing file /home/airflow/.local/lib/python3.7/site-packages/airflow/example_dags/example_branch_operator.py for tasks to queue
[2023-03-26T16:56:28.441+0000] {logging_mixin.py:137} INFO - [2023-03-26T16:56:28.441+0000] {dagbag.py:532} INFO - Filling up the DagBag from /home/airflow/.local/lib/python3.7/site-packages/airflow/example_dags/example_branch_operator.py
[2023-03-26T16:56:28.451+0000] {processor.py:753} INFO - DAG(s) dict_keys(['example_branch_operator']) retrieved from /home/airflow/.local/lib/python3.7/site-packages/airflow/example_dags/example_branch_operator.py
[2023-03-26T16:56:28.468+0000] {logging_mixin.py:137} INFO - [2023-03-26T16:56:28.468+0000] {dag.py:2693} INFO - Sync 1 DAGs
[2023-03-26T16:56:28.483+0000] {logging_mixin.py:137} INFO - [2023-03-26T16:56:28.483+0000] {dag.py:3444} INFO - Setting next_dagrun for example_branch_operator to 2023-03-25T00:00:00+00:00, run_after=2023-03-26T00:00:00+00:00
[2023-03-26T16:56:28.496+0000] {processor.py:175} INFO - Processing /home/airflow/.local/lib/python3.7/site-packages/airflow/example_dags/example_branch_operator.py took 0.058 seconds
[2023-03-26T16:56:59.074+0000] {processor.py:153} INFO - Started process (PID=869) to work on /home/airflow/.local/lib/python3.7/site-packages/airflow/example_dags/example_branch_operator.py
[2023-03-26T16:56:59.074+0000] {processor.py:743} INFO - Processing file /home/airflow/.local/lib/python3.7/site-packages/airflow/example_dags/example_branch_operator.py for tasks to queue
[2023-03-26T16:56:59.075+0000] {logging_mixin.py:137} INFO - [2023-03-26T16:56:59.074+0000] {dagbag.py:532} INFO - Filling up the DagBag from /home/airflow/.local/lib/python3.7/site-packages/airflow/example_dags/example_branch_operator.py
[2023-03-26T16:56:59.084+0000] {processor.py:753} INFO - DAG(s) dict_keys(['example_branch_operator']) retrieved from /home/airflow/.local/lib/python3.7/site-packages/airflow/example_dags/example_branch_operator.py
[2023-03-26T16:56:59.102+0000] {logging_mixin.py:137} INFO - [2023-03-26T16:56:59.102+0000] {dag.py:2693} INFO - Sync 1 DAGs
[2023-03-26T16:56:59.116+0000] {logging_mixin.py:137} INFO - [2023-03-26T16:56:59.116+0000] {dag.py:3444} INFO - Setting next_dagrun for example_branch_operator to 2023-03-25T00:00:00+00:00, run_after=2023-03-26T00:00:00+00:00
[2023-03-26T16:56:59.128+0000] {processor.py:175} INFO - Processing /home/airflow/.local/lib/python3.7/site-packages/airflow/example_dags/example_branch_operator.py took 0.056 seconds
[2023-03-26T16:57:29.587+0000] {processor.py:153} INFO - Started process (PID=918) to work on /home/airflow/.local/lib/python3.7/site-packages/airflow/example_dags/example_branch_operator.py
[2023-03-26T16:57:29.588+0000] {processor.py:743} INFO - Processing file /home/airflow/.local/lib/python3.7/site-packages/airflow/example_dags/example_branch_operator.py for tasks to queue
[2023-03-26T16:57:29.588+0000] {logging_mixin.py:137} INFO - [2023-03-26T16:57:29.588+0000] {dagbag.py:532} INFO - Filling up the DagBag from /home/airflow/.local/lib/python3.7/site-packages/airflow/example_dags/example_branch_operator.py
[2023-03-26T16:57:29.598+0000] {processor.py:753} INFO - DAG(s) dict_keys(['example_branch_operator']) retrieved from /home/airflow/.local/lib/python3.7/site-packages/airflow/example_dags/example_branch_operator.py
[2023-03-26T16:57:29.614+0000] {logging_mixin.py:137} INFO - [2023-03-26T16:57:29.614+0000] {dag.py:2693} INFO - Sync 1 DAGs
[2023-03-26T16:57:29.630+0000] {logging_mixin.py:137} INFO - [2023-03-26T16:57:29.630+0000] {dag.py:3444} INFO - Setting next_dagrun for example_branch_operator to 2023-03-25T00:00:00+00:00, run_after=2023-03-26T00:00:00+00:00
[2023-03-26T16:57:29.643+0000] {processor.py:175} INFO - Processing /home/airflow/.local/lib/python3.7/site-packages/airflow/example_dags/example_branch_operator.py took 0.058 seconds
[2023-03-26T16:58:00.283+0000] {processor.py:153} INFO - Started process (PID=967) to work on /home/airflow/.local/lib/python3.7/site-packages/airflow/example_dags/example_branch_operator.py
[2023-03-26T16:58:00.283+0000] {processor.py:743} INFO - Processing file /home/airflow/.local/lib/python3.7/site-packages/airflow/example_dags/example_branch_operator.py for tasks to queue
[2023-03-26T16:58:00.284+0000] {logging_mixin.py:137} INFO - [2023-03-26T16:58:00.283+0000] {dagbag.py:532} INFO - Filling up the DagBag from /home/airflow/.local/lib/python3.7/site-packages/airflow/example_dags/example_branch_operator.py
[2023-03-26T16:58:00.293+0000] {processor.py:753} INFO - DAG(s) dict_keys(['example_branch_operator']) retrieved from /home/airflow/.local/lib/python3.7/site-packages/airflow/example_dags/example_branch_operator.py
[2023-03-26T16:58:00.309+0000] {logging_mixin.py:137} INFO - [2023-03-26T16:58:00.309+0000] {dag.py:2693} INFO - Sync 1 DAGs
[2023-03-26T16:58:00.324+0000] {logging_mixin.py:137} INFO - [2023-03-26T16:58:00.323+0000] {dag.py:3444} INFO - Setting next_dagrun for example_branch_operator to 2023-03-25T00:00:00+00:00, run_after=2023-03-26T00:00:00+00:00
[2023-03-26T16:58:00.337+0000] {processor.py:175} INFO - Processing /home/airflow/.local/lib/python3.7/site-packages/airflow/example_dags/example_branch_operator.py took 0.056 seconds
[2023-03-26T16:58:31.023+0000] {processor.py:153} INFO - Started process (PID=1016) to work on /home/airflow/.local/lib/python3.7/site-packages/airflow/example_dags/example_branch_operator.py
[2023-03-26T16:58:31.024+0000] {processor.py:743} INFO - Processing file /home/airflow/.local/lib/python3.7/site-packages/airflow/example_dags/example_branch_operator.py for tasks to queue
[2023-03-26T16:58:31.024+0000] {logging_mixin.py:137} INFO - [2023-03-26T16:58:31.024+0000] {dagbag.py:532} INFO - Filling up the DagBag from /home/airflow/.local/lib/python3.7/site-packages/airflow/example_dags/example_branch_operator.py
[2023-03-26T16:58:31.033+0000] {processor.py:753} INFO - DAG(s) dict_keys(['example_branch_operator']) retrieved from /home/airflow/.local/lib/python3.7/site-packages/airflow/example_dags/example_branch_operator.py
[2023-03-26T16:58:31.050+0000] {logging_mixin.py:137} INFO - [2023-03-26T16:58:31.050+0000] {dag.py:2693} INFO - Sync 1 DAGs
[2023-03-26T16:58:31.065+0000] {logging_mixin.py:137} INFO - [2023-03-26T16:58:31.065+0000] {dag.py:3444} INFO - Setting next_dagrun for example_branch_operator to 2023-03-25T00:00:00+00:00, run_after=2023-03-26T00:00:00+00:00
[2023-03-26T16:58:31.076+0000] {processor.py:175} INFO - Processing /home/airflow/.local/lib/python3.7/site-packages/airflow/example_dags/example_branch_operator.py took 0.055 seconds
[2023-03-26T16:59:01.793+0000] {processor.py:153} INFO - Started process (PID=1065) to work on /home/airflow/.local/lib/python3.7/site-packages/airflow/example_dags/example_branch_operator.py
[2023-03-26T16:59:01.793+0000] {processor.py:743} INFO - Processing file /home/airflow/.local/lib/python3.7/site-packages/airflow/example_dags/example_branch_operator.py for tasks to queue
[2023-03-26T16:59:01.794+0000] {logging_mixin.py:137} INFO - [2023-03-26T16:59:01.793+0000] {dagbag.py:532} INFO - Filling up the DagBag from /home/airflow/.local/lib/python3.7/site-packages/airflow/example_dags/example_branch_operator.py
[2023-03-26T16:59:01.805+0000] {processor.py:753} INFO - DAG(s) dict_keys(['example_branch_operator']) retrieved from /home/airflow/.local/lib/python3.7/site-packages/airflow/example_dags/example_branch_operator.py
[2023-03-26T16:59:01.822+0000] {logging_mixin.py:137} INFO - [2023-03-26T16:59:01.822+0000] {dag.py:2693} INFO - Sync 1 DAGs
[2023-03-26T16:59:01.836+0000] {logging_mixin.py:137} INFO - [2023-03-26T16:59:01.836+0000] {dag.py:3444} INFO - Setting next_dagrun for example_branch_operator to 2023-03-25T00:00:00+00:00, run_after=2023-03-26T00:00:00+00:00
[2023-03-26T16:59:01.850+0000] {processor.py:175} INFO - Processing /home/airflow/.local/lib/python3.7/site-packages/airflow/example_dags/example_branch_operator.py took 0.060 seconds
[2023-03-26T16:59:32.457+0000] {processor.py:153} INFO - Started process (PID=1114) to work on /home/airflow/.local/lib/python3.7/site-packages/airflow/example_dags/example_branch_operator.py
[2023-03-26T16:59:32.458+0000] {processor.py:743} INFO - Processing file /home/airflow/.local/lib/python3.7/site-packages/airflow/example_dags/example_branch_operator.py for tasks to queue
[2023-03-26T16:59:32.458+0000] {logging_mixin.py:137} INFO - [2023-03-26T16:59:32.458+0000] {dagbag.py:532} INFO - Filling up the DagBag from /home/airflow/.local/lib/python3.7/site-packages/airflow/example_dags/example_branch_operator.py
[2023-03-26T16:59:32.469+0000] {processor.py:753} INFO - DAG(s) dict_keys(['example_branch_operator']) retrieved from /home/airflow/.local/lib/python3.7/site-packages/airflow/example_dags/example_branch_operator.py
[2023-03-26T16:59:32.485+0000] {logging_mixin.py:137} INFO - [2023-03-26T16:59:32.485+0000] {dag.py:2693} INFO - Sync 1 DAGs
[2023-03-26T16:59:32.500+0000] {logging_mixin.py:137} INFO - [2023-03-26T16:59:32.500+0000] {dag.py:3444} INFO - Setting next_dagrun for example_branch_operator to 2023-03-25T00:00:00+00:00, run_after=2023-03-26T00:00:00+00:00
[2023-03-26T16:59:32.514+0000] {processor.py:175} INFO - Processing /home/airflow/.local/lib/python3.7/site-packages/airflow/example_dags/example_branch_operator.py took 0.059 seconds
[2023-03-26T17:00:03.138+0000] {processor.py:153} INFO - Started process (PID=1163) to work on /home/airflow/.local/lib/python3.7/site-packages/airflow/example_dags/example_branch_operator.py
[2023-03-26T17:00:03.139+0000] {processor.py:743} INFO - Processing file /home/airflow/.local/lib/python3.7/site-packages/airflow/example_dags/example_branch_operator.py for tasks to queue
[2023-03-26T17:00:03.139+0000] {logging_mixin.py:137} INFO - [2023-03-26T17:00:03.139+0000] {dagbag.py:532} INFO - Filling up the DagBag from /home/airflow/.local/lib/python3.7/site-packages/airflow/example_dags/example_branch_operator.py
[2023-03-26T17:00:03.148+0000] {processor.py:753} INFO - DAG(s) dict_keys(['example_branch_operator']) retrieved from /home/airflow/.local/lib/python3.7/site-packages/airflow/example_dags/example_branch_operator.py
[2023-03-26T17:00:03.166+0000] {logging_mixin.py:137} INFO - [2023-03-26T17:00:03.166+0000] {dag.py:2693} INFO - Sync 1 DAGs
[2023-03-26T17:00:03.181+0000] {logging_mixin.py:137} INFO - [2023-03-26T17:00:03.181+0000] {dag.py:3444} INFO - Setting next_dagrun for example_branch_operator to 2023-03-25T00:00:00+00:00, run_after=2023-03-26T00:00:00+00:00
[2023-03-26T17:00:03.194+0000] {processor.py:175} INFO - Processing /home/airflow/.local/lib/python3.7/site-packages/airflow/example_dags/example_branch_operator.py took 0.057 seconds
[2023-03-26T17:00:33.848+0000] {processor.py:153} INFO - Started process (PID=1212) to work on /home/airflow/.local/lib/python3.7/site-packages/airflow/example_dags/example_branch_operator.py
[2023-03-26T17:00:33.848+0000] {processor.py:743} INFO - Processing file /home/airflow/.local/lib/python3.7/site-packages/airflow/example_dags/example_branch_operator.py for tasks to queue
[2023-03-26T17:00:33.849+0000] {logging_mixin.py:137} INFO - [2023-03-26T17:00:33.849+0000] {dagbag.py:532} INFO - Filling up the DagBag from /home/airflow/.local/lib/python3.7/site-packages/airflow/example_dags/example_branch_operator.py
[2023-03-26T17:00:33.858+0000] {processor.py:753} INFO - DAG(s) dict_keys(['example_branch_operator']) retrieved from /home/airflow/.local/lib/python3.7/site-packages/airflow/example_dags/example_branch_operator.py
[2023-03-26T17:00:33.876+0000] {logging_mixin.py:137} INFO - [2023-03-26T17:00:33.876+0000] {dag.py:2693} INFO - Sync 1 DAGs
[2023-03-26T17:00:33.891+0000] {logging_mixin.py:137} INFO - [2023-03-26T17:00:33.891+0000] {dag.py:3444} INFO - Setting next_dagrun for example_branch_operator to 2023-03-25T00:00:00+00:00, run_after=2023-03-26T00:00:00+00:00
[2023-03-26T17:00:33.909+0000] {processor.py:175} INFO - Processing /home/airflow/.local/lib/python3.7/site-packages/airflow/example_dags/example_branch_operator.py took 0.063 seconds
