[2023-03-26T16:04:04.576+0000] {processor.py:153} INFO - Started process (PID=84) to work on /home/airflow/.local/lib/python3.7/site-packages/airflow/example_dags/example_sla_dag.py
[2023-03-26T16:04:04.576+0000] {processor.py:743} INFO - Processing file /home/airflow/.local/lib/python3.7/site-packages/airflow/example_dags/example_sla_dag.py for tasks to queue
[2023-03-26T16:04:04.576+0000] {logging_mixin.py:137} INFO - [2023-03-26T16:04:04.576+0000] {dagbag.py:532} INFO - Filling up the DagBag from /home/airflow/.local/lib/python3.7/site-packages/airflow/example_dags/example_sla_dag.py
[2023-03-26T16:04:04.592+0000] {processor.py:753} INFO - DAG(s) dict_keys(['example_sla_dag']) retrieved from /home/airflow/.local/lib/python3.7/site-packages/airflow/example_dags/example_sla_dag.py
[2023-03-26T16:04:04.663+0000] {logging_mixin.py:137} INFO - [2023-03-26T16:04:04.663+0000] {manager.py:504} INFO - Created Permission View: can read on DAG:example_sla_dag
[2023-03-26T16:04:04.670+0000] {logging_mixin.py:137} INFO - [2023-03-26T16:04:04.670+0000] {manager.py:504} INFO - Created Permission View: can edit on DAG:example_sla_dag
[2023-03-26T16:04:04.677+0000] {logging_mixin.py:137} INFO - [2023-03-26T16:04:04.677+0000] {manager.py:504} INFO - Created Permission View: can delete on DAG:example_sla_dag
[2023-03-26T16:04:04.677+0000] {logging_mixin.py:137} INFO - [2023-03-26T16:04:04.677+0000] {dag.py:2693} INFO - Sync 1 DAGs
[2023-03-26T16:04:04.685+0000] {logging_mixin.py:137} INFO - [2023-03-26T16:04:04.685+0000] {dag.py:2714} INFO - Creating ORM DAG for example_sla_dag
[2023-03-26T16:04:04.695+0000] {logging_mixin.py:137} INFO - [2023-03-26T16:04:04.695+0000] {dag.py:3444} INFO - Setting next_dagrun for example_sla_dag to 2023-03-26T16:02:00+00:00, run_after=2023-03-26T16:04:00+00:00
[2023-03-26T16:04:04.708+0000] {processor.py:175} INFO - Processing /home/airflow/.local/lib/python3.7/site-packages/airflow/example_dags/example_sla_dag.py took 0.134 seconds
[2023-03-26T16:04:34.963+0000] {processor.py:153} INFO - Started process (PID=133) to work on /home/airflow/.local/lib/python3.7/site-packages/airflow/example_dags/example_sla_dag.py
[2023-03-26T16:04:34.963+0000] {processor.py:743} INFO - Processing file /home/airflow/.local/lib/python3.7/site-packages/airflow/example_dags/example_sla_dag.py for tasks to queue
[2023-03-26T16:04:34.963+0000] {logging_mixin.py:137} INFO - [2023-03-26T16:04:34.963+0000] {dagbag.py:532} INFO - Filling up the DagBag from /home/airflow/.local/lib/python3.7/site-packages/airflow/example_dags/example_sla_dag.py
[2023-03-26T16:04:34.977+0000] {processor.py:753} INFO - DAG(s) dict_keys(['example_sla_dag']) retrieved from /home/airflow/.local/lib/python3.7/site-packages/airflow/example_dags/example_sla_dag.py
[2023-03-26T16:04:34.991+0000] {logging_mixin.py:137} INFO - [2023-03-26T16:04:34.991+0000] {dag.py:2693} INFO - Sync 1 DAGs
[2023-03-26T16:04:35.007+0000] {logging_mixin.py:137} INFO - [2023-03-26T16:04:35.007+0000] {dag.py:3444} INFO - Setting next_dagrun for example_sla_dag to 2023-03-26T16:02:00+00:00, run_after=2023-03-26T16:04:00+00:00
[2023-03-26T16:04:35.019+0000] {processor.py:175} INFO - Processing /home/airflow/.local/lib/python3.7/site-packages/airflow/example_dags/example_sla_dag.py took 0.058 seconds
[2023-03-26T16:05:05.571+0000] {processor.py:153} INFO - Started process (PID=182) to work on /home/airflow/.local/lib/python3.7/site-packages/airflow/example_dags/example_sla_dag.py
[2023-03-26T16:05:05.572+0000] {processor.py:743} INFO - Processing file /home/airflow/.local/lib/python3.7/site-packages/airflow/example_dags/example_sla_dag.py for tasks to queue
[2023-03-26T16:05:05.572+0000] {logging_mixin.py:137} INFO - [2023-03-26T16:05:05.572+0000] {dagbag.py:532} INFO - Filling up the DagBag from /home/airflow/.local/lib/python3.7/site-packages/airflow/example_dags/example_sla_dag.py
[2023-03-26T16:05:05.585+0000] {processor.py:753} INFO - DAG(s) dict_keys(['example_sla_dag']) retrieved from /home/airflow/.local/lib/python3.7/site-packages/airflow/example_dags/example_sla_dag.py
[2023-03-26T16:05:05.599+0000] {logging_mixin.py:137} INFO - [2023-03-26T16:05:05.599+0000] {dag.py:2693} INFO - Sync 1 DAGs
[2023-03-26T16:05:05.615+0000] {logging_mixin.py:137} INFO - [2023-03-26T16:05:05.615+0000] {dag.py:3444} INFO - Setting next_dagrun for example_sla_dag to 2023-03-26T16:02:00+00:00, run_after=2023-03-26T16:04:00+00:00
[2023-03-26T16:05:05.627+0000] {processor.py:175} INFO - Processing /home/airflow/.local/lib/python3.7/site-packages/airflow/example_dags/example_sla_dag.py took 0.057 seconds
[2023-03-26T16:05:36.152+0000] {processor.py:153} INFO - Started process (PID=230) to work on /home/airflow/.local/lib/python3.7/site-packages/airflow/example_dags/example_sla_dag.py
[2023-03-26T16:05:36.152+0000] {processor.py:743} INFO - Processing file /home/airflow/.local/lib/python3.7/site-packages/airflow/example_dags/example_sla_dag.py for tasks to queue
[2023-03-26T16:05:36.153+0000] {logging_mixin.py:137} INFO - [2023-03-26T16:05:36.153+0000] {dagbag.py:532} INFO - Filling up the DagBag from /home/airflow/.local/lib/python3.7/site-packages/airflow/example_dags/example_sla_dag.py
[2023-03-26T16:05:36.166+0000] {processor.py:753} INFO - DAG(s) dict_keys(['example_sla_dag']) retrieved from /home/airflow/.local/lib/python3.7/site-packages/airflow/example_dags/example_sla_dag.py
[2023-03-26T16:05:36.180+0000] {logging_mixin.py:137} INFO - [2023-03-26T16:05:36.180+0000] {dag.py:2693} INFO - Sync 1 DAGs
[2023-03-26T16:05:36.195+0000] {logging_mixin.py:137} INFO - [2023-03-26T16:05:36.195+0000] {dag.py:3444} INFO - Setting next_dagrun for example_sla_dag to 2023-03-26T16:02:00+00:00, run_after=2023-03-26T16:04:00+00:00
[2023-03-26T16:05:36.208+0000] {processor.py:175} INFO - Processing /home/airflow/.local/lib/python3.7/site-packages/airflow/example_dags/example_sla_dag.py took 0.058 seconds
[2023-03-26T16:06:06.793+0000] {processor.py:153} INFO - Started process (PID=279) to work on /home/airflow/.local/lib/python3.7/site-packages/airflow/example_dags/example_sla_dag.py
[2023-03-26T16:06:06.794+0000] {processor.py:743} INFO - Processing file /home/airflow/.local/lib/python3.7/site-packages/airflow/example_dags/example_sla_dag.py for tasks to queue
[2023-03-26T16:06:06.795+0000] {logging_mixin.py:137} INFO - [2023-03-26T16:06:06.794+0000] {dagbag.py:532} INFO - Filling up the DagBag from /home/airflow/.local/lib/python3.7/site-packages/airflow/example_dags/example_sla_dag.py
[2023-03-26T16:06:06.807+0000] {processor.py:753} INFO - DAG(s) dict_keys(['example_sla_dag']) retrieved from /home/airflow/.local/lib/python3.7/site-packages/airflow/example_dags/example_sla_dag.py
[2023-03-26T16:06:06.822+0000] {logging_mixin.py:137} INFO - [2023-03-26T16:06:06.821+0000] {dag.py:2693} INFO - Sync 1 DAGs
[2023-03-26T16:06:06.837+0000] {logging_mixin.py:137} INFO - [2023-03-26T16:06:06.837+0000] {dag.py:3444} INFO - Setting next_dagrun for example_sla_dag to 2023-03-26T16:04:00+00:00, run_after=2023-03-26T16:06:00+00:00
[2023-03-26T16:06:06.850+0000] {processor.py:175} INFO - Processing /home/airflow/.local/lib/python3.7/site-packages/airflow/example_dags/example_sla_dag.py took 0.059 seconds
[2023-03-26T16:06:37.389+0000] {processor.py:153} INFO - Started process (PID=328) to work on /home/airflow/.local/lib/python3.7/site-packages/airflow/example_dags/example_sla_dag.py
[2023-03-26T16:06:37.390+0000] {processor.py:743} INFO - Processing file /home/airflow/.local/lib/python3.7/site-packages/airflow/example_dags/example_sla_dag.py for tasks to queue
[2023-03-26T16:06:37.390+0000] {logging_mixin.py:137} INFO - [2023-03-26T16:06:37.390+0000] {dagbag.py:532} INFO - Filling up the DagBag from /home/airflow/.local/lib/python3.7/site-packages/airflow/example_dags/example_sla_dag.py
[2023-03-26T16:06:37.403+0000] {processor.py:753} INFO - DAG(s) dict_keys(['example_sla_dag']) retrieved from /home/airflow/.local/lib/python3.7/site-packages/airflow/example_dags/example_sla_dag.py
[2023-03-26T16:06:37.419+0000] {logging_mixin.py:137} INFO - [2023-03-26T16:06:37.419+0000] {dag.py:2693} INFO - Sync 1 DAGs
[2023-03-26T16:06:37.435+0000] {logging_mixin.py:137} INFO - [2023-03-26T16:06:37.435+0000] {dag.py:3444} INFO - Setting next_dagrun for example_sla_dag to 2023-03-26T16:04:00+00:00, run_after=2023-03-26T16:06:00+00:00
[2023-03-26T16:06:37.448+0000] {processor.py:175} INFO - Processing /home/airflow/.local/lib/python3.7/site-packages/airflow/example_dags/example_sla_dag.py took 0.060 seconds
[2023-03-26T16:07:08.028+0000] {processor.py:153} INFO - Started process (PID=377) to work on /home/airflow/.local/lib/python3.7/site-packages/airflow/example_dags/example_sla_dag.py
[2023-03-26T16:07:08.029+0000] {processor.py:743} INFO - Processing file /home/airflow/.local/lib/python3.7/site-packages/airflow/example_dags/example_sla_dag.py for tasks to queue
[2023-03-26T16:07:08.030+0000] {logging_mixin.py:137} INFO - [2023-03-26T16:07:08.030+0000] {dagbag.py:532} INFO - Filling up the DagBag from /home/airflow/.local/lib/python3.7/site-packages/airflow/example_dags/example_sla_dag.py
[2023-03-26T16:07:08.043+0000] {processor.py:753} INFO - DAG(s) dict_keys(['example_sla_dag']) retrieved from /home/airflow/.local/lib/python3.7/site-packages/airflow/example_dags/example_sla_dag.py
[2023-03-26T16:07:08.057+0000] {logging_mixin.py:137} INFO - [2023-03-26T16:07:08.057+0000] {dag.py:2693} INFO - Sync 1 DAGs
[2023-03-26T16:07:08.072+0000] {logging_mixin.py:137} INFO - [2023-03-26T16:07:08.072+0000] {dag.py:3444} INFO - Setting next_dagrun for example_sla_dag to 2023-03-26T16:04:00+00:00, run_after=2023-03-26T16:06:00+00:00
[2023-03-26T16:07:08.084+0000] {processor.py:175} INFO - Processing /home/airflow/.local/lib/python3.7/site-packages/airflow/example_dags/example_sla_dag.py took 0.058 seconds
[2023-03-26T16:07:38.692+0000] {processor.py:153} INFO - Started process (PID=426) to work on /home/airflow/.local/lib/python3.7/site-packages/airflow/example_dags/example_sla_dag.py
[2023-03-26T16:07:38.692+0000] {processor.py:743} INFO - Processing file /home/airflow/.local/lib/python3.7/site-packages/airflow/example_dags/example_sla_dag.py for tasks to queue
[2023-03-26T16:07:38.692+0000] {logging_mixin.py:137} INFO - [2023-03-26T16:07:38.692+0000] {dagbag.py:532} INFO - Filling up the DagBag from /home/airflow/.local/lib/python3.7/site-packages/airflow/example_dags/example_sla_dag.py
[2023-03-26T16:07:38.706+0000] {processor.py:753} INFO - DAG(s) dict_keys(['example_sla_dag']) retrieved from /home/airflow/.local/lib/python3.7/site-packages/airflow/example_dags/example_sla_dag.py
[2023-03-26T16:07:38.720+0000] {logging_mixin.py:137} INFO - [2023-03-26T16:07:38.720+0000] {dag.py:2693} INFO - Sync 1 DAGs
[2023-03-26T16:07:38.736+0000] {logging_mixin.py:137} INFO - [2023-03-26T16:07:38.736+0000] {dag.py:3444} INFO - Setting next_dagrun for example_sla_dag to 2023-03-26T16:04:00+00:00, run_after=2023-03-26T16:06:00+00:00
[2023-03-26T16:07:38.749+0000] {processor.py:175} INFO - Processing /home/airflow/.local/lib/python3.7/site-packages/airflow/example_dags/example_sla_dag.py took 0.060 seconds
[2023-03-26T16:08:09.299+0000] {processor.py:153} INFO - Started process (PID=475) to work on /home/airflow/.local/lib/python3.7/site-packages/airflow/example_dags/example_sla_dag.py
[2023-03-26T16:08:09.300+0000] {processor.py:743} INFO - Processing file /home/airflow/.local/lib/python3.7/site-packages/airflow/example_dags/example_sla_dag.py for tasks to queue
[2023-03-26T16:08:09.300+0000] {logging_mixin.py:137} INFO - [2023-03-26T16:08:09.300+0000] {dagbag.py:532} INFO - Filling up the DagBag from /home/airflow/.local/lib/python3.7/site-packages/airflow/example_dags/example_sla_dag.py
[2023-03-26T16:08:09.313+0000] {processor.py:753} INFO - DAG(s) dict_keys(['example_sla_dag']) retrieved from /home/airflow/.local/lib/python3.7/site-packages/airflow/example_dags/example_sla_dag.py
[2023-03-26T16:08:09.328+0000] {logging_mixin.py:137} INFO - [2023-03-26T16:08:09.328+0000] {dag.py:2693} INFO - Sync 1 DAGs
[2023-03-26T16:08:09.344+0000] {logging_mixin.py:137} INFO - [2023-03-26T16:08:09.344+0000] {dag.py:3444} INFO - Setting next_dagrun for example_sla_dag to 2023-03-26T16:06:00+00:00, run_after=2023-03-26T16:08:00+00:00
[2023-03-26T16:08:09.356+0000] {processor.py:175} INFO - Processing /home/airflow/.local/lib/python3.7/site-packages/airflow/example_dags/example_sla_dag.py took 0.058 seconds
[2023-03-26T16:13:00.681+0000] {processor.py:153} INFO - Started process (PID=84) to work on /home/airflow/.local/lib/python3.7/site-packages/airflow/example_dags/example_sla_dag.py
[2023-03-26T16:13:00.681+0000] {processor.py:743} INFO - Processing file /home/airflow/.local/lib/python3.7/site-packages/airflow/example_dags/example_sla_dag.py for tasks to queue
[2023-03-26T16:13:00.682+0000] {logging_mixin.py:137} INFO - [2023-03-26T16:13:00.682+0000] {dagbag.py:532} INFO - Filling up the DagBag from /home/airflow/.local/lib/python3.7/site-packages/airflow/example_dags/example_sla_dag.py
[2023-03-26T16:13:00.698+0000] {processor.py:753} INFO - DAG(s) dict_keys(['example_sla_dag']) retrieved from /home/airflow/.local/lib/python3.7/site-packages/airflow/example_dags/example_sla_dag.py
[2023-03-26T16:13:00.706+0000] {logging_mixin.py:137} INFO - [2023-03-26T16:13:00.706+0000] {dag.py:2693} INFO - Sync 1 DAGs
[2023-03-26T16:13:00.723+0000] {logging_mixin.py:137} INFO - [2023-03-26T16:13:00.723+0000] {dag.py:3444} INFO - Setting next_dagrun for example_sla_dag to 2023-03-26T16:10:00+00:00, run_after=2023-03-26T16:12:00+00:00
[2023-03-26T16:13:00.737+0000] {processor.py:175} INFO - Processing /home/airflow/.local/lib/python3.7/site-packages/airflow/example_dags/example_sla_dag.py took 0.059 seconds
[2023-03-26T16:13:31.253+0000] {processor.py:153} INFO - Started process (PID=133) to work on /home/airflow/.local/lib/python3.7/site-packages/airflow/example_dags/example_sla_dag.py
[2023-03-26T16:13:31.253+0000] {processor.py:743} INFO - Processing file /home/airflow/.local/lib/python3.7/site-packages/airflow/example_dags/example_sla_dag.py for tasks to queue
[2023-03-26T16:13:31.254+0000] {logging_mixin.py:137} INFO - [2023-03-26T16:13:31.254+0000] {dagbag.py:532} INFO - Filling up the DagBag from /home/airflow/.local/lib/python3.7/site-packages/airflow/example_dags/example_sla_dag.py
[2023-03-26T16:13:31.266+0000] {processor.py:753} INFO - DAG(s) dict_keys(['example_sla_dag']) retrieved from /home/airflow/.local/lib/python3.7/site-packages/airflow/example_dags/example_sla_dag.py
[2023-03-26T16:13:31.283+0000] {logging_mixin.py:137} INFO - [2023-03-26T16:13:31.283+0000] {dag.py:2693} INFO - Sync 1 DAGs
[2023-03-26T16:13:31.301+0000] {logging_mixin.py:137} INFO - [2023-03-26T16:13:31.300+0000] {dag.py:3444} INFO - Setting next_dagrun for example_sla_dag to 2023-03-26T16:10:00+00:00, run_after=2023-03-26T16:12:00+00:00
[2023-03-26T16:13:31.314+0000] {processor.py:175} INFO - Processing /home/airflow/.local/lib/python3.7/site-packages/airflow/example_dags/example_sla_dag.py took 0.063 seconds
[2023-03-26T16:17:29.591+0000] {processor.py:153} INFO - Started process (PID=84) to work on /home/airflow/.local/lib/python3.7/site-packages/airflow/example_dags/example_sla_dag.py
[2023-03-26T16:17:29.592+0000] {processor.py:743} INFO - Processing file /home/airflow/.local/lib/python3.7/site-packages/airflow/example_dags/example_sla_dag.py for tasks to queue
[2023-03-26T16:17:29.592+0000] {logging_mixin.py:137} INFO - [2023-03-26T16:17:29.592+0000] {dagbag.py:532} INFO - Filling up the DagBag from /home/airflow/.local/lib/python3.7/site-packages/airflow/example_dags/example_sla_dag.py
[2023-03-26T16:17:29.609+0000] {processor.py:753} INFO - DAG(s) dict_keys(['example_sla_dag']) retrieved from /home/airflow/.local/lib/python3.7/site-packages/airflow/example_dags/example_sla_dag.py
[2023-03-26T16:17:29.618+0000] {logging_mixin.py:137} INFO - [2023-03-26T16:17:29.618+0000] {dag.py:2693} INFO - Sync 1 DAGs
[2023-03-26T16:17:29.637+0000] {logging_mixin.py:137} INFO - [2023-03-26T16:17:29.637+0000] {dag.py:3444} INFO - Setting next_dagrun for example_sla_dag to 2023-03-26T16:14:00+00:00, run_after=2023-03-26T16:16:00+00:00
[2023-03-26T16:17:29.653+0000] {processor.py:175} INFO - Processing /home/airflow/.local/lib/python3.7/site-packages/airflow/example_dags/example_sla_dag.py took 0.064 seconds
[2023-03-26T16:18:00.462+0000] {processor.py:153} INFO - Started process (PID=133) to work on /home/airflow/.local/lib/python3.7/site-packages/airflow/example_dags/example_sla_dag.py
[2023-03-26T16:18:00.462+0000] {processor.py:743} INFO - Processing file /home/airflow/.local/lib/python3.7/site-packages/airflow/example_dags/example_sla_dag.py for tasks to queue
[2023-03-26T16:18:00.463+0000] {logging_mixin.py:137} INFO - [2023-03-26T16:18:00.463+0000] {dagbag.py:532} INFO - Filling up the DagBag from /home/airflow/.local/lib/python3.7/site-packages/airflow/example_dags/example_sla_dag.py
[2023-03-26T16:18:00.475+0000] {processor.py:753} INFO - DAG(s) dict_keys(['example_sla_dag']) retrieved from /home/airflow/.local/lib/python3.7/site-packages/airflow/example_dags/example_sla_dag.py
[2023-03-26T16:18:00.491+0000] {logging_mixin.py:137} INFO - [2023-03-26T16:18:00.490+0000] {dag.py:2693} INFO - Sync 1 DAGs
[2023-03-26T16:18:00.506+0000] {logging_mixin.py:137} INFO - [2023-03-26T16:18:00.506+0000] {dag.py:3444} INFO - Setting next_dagrun for example_sla_dag to 2023-03-26T16:16:00+00:00, run_after=2023-03-26T16:18:00+00:00
[2023-03-26T16:18:00.519+0000] {processor.py:175} INFO - Processing /home/airflow/.local/lib/python3.7/site-packages/airflow/example_dags/example_sla_dag.py took 0.059 seconds
[2023-03-26T16:18:31.059+0000] {processor.py:153} INFO - Started process (PID=182) to work on /home/airflow/.local/lib/python3.7/site-packages/airflow/example_dags/example_sla_dag.py
[2023-03-26T16:18:31.060+0000] {processor.py:743} INFO - Processing file /home/airflow/.local/lib/python3.7/site-packages/airflow/example_dags/example_sla_dag.py for tasks to queue
[2023-03-26T16:18:31.060+0000] {logging_mixin.py:137} INFO - [2023-03-26T16:18:31.060+0000] {dagbag.py:532} INFO - Filling up the DagBag from /home/airflow/.local/lib/python3.7/site-packages/airflow/example_dags/example_sla_dag.py
[2023-03-26T16:18:31.074+0000] {processor.py:753} INFO - DAG(s) dict_keys(['example_sla_dag']) retrieved from /home/airflow/.local/lib/python3.7/site-packages/airflow/example_dags/example_sla_dag.py
[2023-03-26T16:18:31.090+0000] {logging_mixin.py:137} INFO - [2023-03-26T16:18:31.089+0000] {dag.py:2693} INFO - Sync 1 DAGs
[2023-03-26T16:18:31.106+0000] {logging_mixin.py:137} INFO - [2023-03-26T16:18:31.106+0000] {dag.py:3444} INFO - Setting next_dagrun for example_sla_dag to 2023-03-26T16:16:00+00:00, run_after=2023-03-26T16:18:00+00:00
[2023-03-26T16:18:31.120+0000] {processor.py:175} INFO - Processing /home/airflow/.local/lib/python3.7/site-packages/airflow/example_dags/example_sla_dag.py took 0.062 seconds
[2023-03-26T16:19:01.750+0000] {processor.py:153} INFO - Started process (PID=231) to work on /home/airflow/.local/lib/python3.7/site-packages/airflow/example_dags/example_sla_dag.py
[2023-03-26T16:19:01.750+0000] {processor.py:743} INFO - Processing file /home/airflow/.local/lib/python3.7/site-packages/airflow/example_dags/example_sla_dag.py for tasks to queue
[2023-03-26T16:19:01.751+0000] {logging_mixin.py:137} INFO - [2023-03-26T16:19:01.751+0000] {dagbag.py:532} INFO - Filling up the DagBag from /home/airflow/.local/lib/python3.7/site-packages/airflow/example_dags/example_sla_dag.py
[2023-03-26T16:19:01.763+0000] {processor.py:753} INFO - DAG(s) dict_keys(['example_sla_dag']) retrieved from /home/airflow/.local/lib/python3.7/site-packages/airflow/example_dags/example_sla_dag.py
[2023-03-26T16:19:01.779+0000] {logging_mixin.py:137} INFO - [2023-03-26T16:19:01.779+0000] {dag.py:2693} INFO - Sync 1 DAGs
[2023-03-26T16:19:01.794+0000] {logging_mixin.py:137} INFO - [2023-03-26T16:19:01.794+0000] {dag.py:3444} INFO - Setting next_dagrun for example_sla_dag to 2023-03-26T16:16:00+00:00, run_after=2023-03-26T16:18:00+00:00
[2023-03-26T16:19:01.811+0000] {processor.py:175} INFO - Processing /home/airflow/.local/lib/python3.7/site-packages/airflow/example_dags/example_sla_dag.py took 0.063 seconds
[2023-03-26T16:19:32.488+0000] {processor.py:153} INFO - Started process (PID=280) to work on /home/airflow/.local/lib/python3.7/site-packages/airflow/example_dags/example_sla_dag.py
[2023-03-26T16:19:32.488+0000] {processor.py:743} INFO - Processing file /home/airflow/.local/lib/python3.7/site-packages/airflow/example_dags/example_sla_dag.py for tasks to queue
[2023-03-26T16:19:32.489+0000] {logging_mixin.py:137} INFO - [2023-03-26T16:19:32.489+0000] {dagbag.py:532} INFO - Filling up the DagBag from /home/airflow/.local/lib/python3.7/site-packages/airflow/example_dags/example_sla_dag.py
[2023-03-26T16:19:32.502+0000] {processor.py:753} INFO - DAG(s) dict_keys(['example_sla_dag']) retrieved from /home/airflow/.local/lib/python3.7/site-packages/airflow/example_dags/example_sla_dag.py
[2023-03-26T16:19:32.519+0000] {logging_mixin.py:137} INFO - [2023-03-26T16:19:32.519+0000] {dag.py:2693} INFO - Sync 1 DAGs
[2023-03-26T16:19:32.536+0000] {logging_mixin.py:137} INFO - [2023-03-26T16:19:32.536+0000] {dag.py:3444} INFO - Setting next_dagrun for example_sla_dag to 2023-03-26T16:16:00+00:00, run_after=2023-03-26T16:18:00+00:00
[2023-03-26T16:19:32.550+0000] {processor.py:175} INFO - Processing /home/airflow/.local/lib/python3.7/site-packages/airflow/example_dags/example_sla_dag.py took 0.064 seconds
[2023-03-26T16:20:03.143+0000] {processor.py:153} INFO - Started process (PID=329) to work on /home/airflow/.local/lib/python3.7/site-packages/airflow/example_dags/example_sla_dag.py
[2023-03-26T16:20:03.145+0000] {processor.py:743} INFO - Processing file /home/airflow/.local/lib/python3.7/site-packages/airflow/example_dags/example_sla_dag.py for tasks to queue
[2023-03-26T16:20:03.145+0000] {logging_mixin.py:137} INFO - [2023-03-26T16:20:03.145+0000] {dagbag.py:532} INFO - Filling up the DagBag from /home/airflow/.local/lib/python3.7/site-packages/airflow/example_dags/example_sla_dag.py
[2023-03-26T16:20:03.158+0000] {processor.py:753} INFO - DAG(s) dict_keys(['example_sla_dag']) retrieved from /home/airflow/.local/lib/python3.7/site-packages/airflow/example_dags/example_sla_dag.py
[2023-03-26T16:20:03.174+0000] {logging_mixin.py:137} INFO - [2023-03-26T16:20:03.174+0000] {dag.py:2693} INFO - Sync 1 DAGs
[2023-03-26T16:20:03.190+0000] {logging_mixin.py:137} INFO - [2023-03-26T16:20:03.190+0000] {dag.py:3444} INFO - Setting next_dagrun for example_sla_dag to 2023-03-26T16:18:00+00:00, run_after=2023-03-26T16:20:00+00:00
[2023-03-26T16:20:03.203+0000] {processor.py:175} INFO - Processing /home/airflow/.local/lib/python3.7/site-packages/airflow/example_dags/example_sla_dag.py took 0.062 seconds
[2023-03-26T16:20:33.750+0000] {processor.py:153} INFO - Started process (PID=378) to work on /home/airflow/.local/lib/python3.7/site-packages/airflow/example_dags/example_sla_dag.py
[2023-03-26T16:20:33.750+0000] {processor.py:743} INFO - Processing file /home/airflow/.local/lib/python3.7/site-packages/airflow/example_dags/example_sla_dag.py for tasks to queue
[2023-03-26T16:20:33.750+0000] {logging_mixin.py:137} INFO - [2023-03-26T16:20:33.750+0000] {dagbag.py:532} INFO - Filling up the DagBag from /home/airflow/.local/lib/python3.7/site-packages/airflow/example_dags/example_sla_dag.py
[2023-03-26T16:20:33.763+0000] {processor.py:753} INFO - DAG(s) dict_keys(['example_sla_dag']) retrieved from /home/airflow/.local/lib/python3.7/site-packages/airflow/example_dags/example_sla_dag.py
[2023-03-26T16:20:33.779+0000] {logging_mixin.py:137} INFO - [2023-03-26T16:20:33.779+0000] {dag.py:2693} INFO - Sync 1 DAGs
[2023-03-26T16:20:33.794+0000] {logging_mixin.py:137} INFO - [2023-03-26T16:20:33.794+0000] {dag.py:3444} INFO - Setting next_dagrun for example_sla_dag to 2023-03-26T16:18:00+00:00, run_after=2023-03-26T16:20:00+00:00
[2023-03-26T16:20:33.807+0000] {processor.py:175} INFO - Processing /home/airflow/.local/lib/python3.7/site-packages/airflow/example_dags/example_sla_dag.py took 0.059 seconds
[2023-03-26T16:21:04.361+0000] {processor.py:153} INFO - Started process (PID=428) to work on /home/airflow/.local/lib/python3.7/site-packages/airflow/example_dags/example_sla_dag.py
[2023-03-26T16:21:04.362+0000] {processor.py:743} INFO - Processing file /home/airflow/.local/lib/python3.7/site-packages/airflow/example_dags/example_sla_dag.py for tasks to queue
[2023-03-26T16:21:04.362+0000] {logging_mixin.py:137} INFO - [2023-03-26T16:21:04.362+0000] {dagbag.py:532} INFO - Filling up the DagBag from /home/airflow/.local/lib/python3.7/site-packages/airflow/example_dags/example_sla_dag.py
[2023-03-26T16:21:04.375+0000] {processor.py:753} INFO - DAG(s) dict_keys(['example_sla_dag']) retrieved from /home/airflow/.local/lib/python3.7/site-packages/airflow/example_dags/example_sla_dag.py
[2023-03-26T16:21:04.390+0000] {logging_mixin.py:137} INFO - [2023-03-26T16:21:04.390+0000] {dag.py:2693} INFO - Sync 1 DAGs
[2023-03-26T16:21:04.406+0000] {logging_mixin.py:137} INFO - [2023-03-26T16:21:04.406+0000] {dag.py:3444} INFO - Setting next_dagrun for example_sla_dag to 2023-03-26T16:18:00+00:00, run_after=2023-03-26T16:20:00+00:00
[2023-03-26T16:21:04.420+0000] {processor.py:175} INFO - Processing /home/airflow/.local/lib/python3.7/site-packages/airflow/example_dags/example_sla_dag.py took 0.061 seconds
[2023-03-26T16:21:35.036+0000] {processor.py:153} INFO - Started process (PID=477) to work on /home/airflow/.local/lib/python3.7/site-packages/airflow/example_dags/example_sla_dag.py
[2023-03-26T16:21:35.036+0000] {processor.py:743} INFO - Processing file /home/airflow/.local/lib/python3.7/site-packages/airflow/example_dags/example_sla_dag.py for tasks to queue
[2023-03-26T16:21:35.036+0000] {logging_mixin.py:137} INFO - [2023-03-26T16:21:35.036+0000] {dagbag.py:532} INFO - Filling up the DagBag from /home/airflow/.local/lib/python3.7/site-packages/airflow/example_dags/example_sla_dag.py
[2023-03-26T16:21:35.049+0000] {processor.py:753} INFO - DAG(s) dict_keys(['example_sla_dag']) retrieved from /home/airflow/.local/lib/python3.7/site-packages/airflow/example_dags/example_sla_dag.py
[2023-03-26T16:21:35.065+0000] {logging_mixin.py:137} INFO - [2023-03-26T16:21:35.065+0000] {dag.py:2693} INFO - Sync 1 DAGs
[2023-03-26T16:21:35.081+0000] {logging_mixin.py:137} INFO - [2023-03-26T16:21:35.081+0000] {dag.py:3444} INFO - Setting next_dagrun for example_sla_dag to 2023-03-26T16:18:00+00:00, run_after=2023-03-26T16:20:00+00:00
[2023-03-26T16:21:35.094+0000] {processor.py:175} INFO - Processing /home/airflow/.local/lib/python3.7/site-packages/airflow/example_dags/example_sla_dag.py took 0.061 seconds
[2023-03-26T16:22:05.881+0000] {processor.py:153} INFO - Started process (PID=526) to work on /home/airflow/.local/lib/python3.7/site-packages/airflow/example_dags/example_sla_dag.py
[2023-03-26T16:22:05.881+0000] {processor.py:743} INFO - Processing file /home/airflow/.local/lib/python3.7/site-packages/airflow/example_dags/example_sla_dag.py for tasks to queue
[2023-03-26T16:22:05.882+0000] {logging_mixin.py:137} INFO - [2023-03-26T16:22:05.882+0000] {dagbag.py:532} INFO - Filling up the DagBag from /home/airflow/.local/lib/python3.7/site-packages/airflow/example_dags/example_sla_dag.py
[2023-03-26T16:22:05.895+0000] {processor.py:753} INFO - DAG(s) dict_keys(['example_sla_dag']) retrieved from /home/airflow/.local/lib/python3.7/site-packages/airflow/example_dags/example_sla_dag.py
[2023-03-26T16:22:05.912+0000] {logging_mixin.py:137} INFO - [2023-03-26T16:22:05.911+0000] {dag.py:2693} INFO - Sync 1 DAGs
[2023-03-26T16:22:05.928+0000] {logging_mixin.py:137} INFO - [2023-03-26T16:22:05.928+0000] {dag.py:3444} INFO - Setting next_dagrun for example_sla_dag to 2023-03-26T16:20:00+00:00, run_after=2023-03-26T16:22:00+00:00
[2023-03-26T16:22:05.944+0000] {processor.py:175} INFO - Processing /home/airflow/.local/lib/python3.7/site-packages/airflow/example_dags/example_sla_dag.py took 0.065 seconds
[2023-03-26T16:22:36.798+0000] {processor.py:153} INFO - Started process (PID=575) to work on /home/airflow/.local/lib/python3.7/site-packages/airflow/example_dags/example_sla_dag.py
[2023-03-26T16:22:36.798+0000] {processor.py:743} INFO - Processing file /home/airflow/.local/lib/python3.7/site-packages/airflow/example_dags/example_sla_dag.py for tasks to queue
[2023-03-26T16:22:36.799+0000] {logging_mixin.py:137} INFO - [2023-03-26T16:22:36.799+0000] {dagbag.py:532} INFO - Filling up the DagBag from /home/airflow/.local/lib/python3.7/site-packages/airflow/example_dags/example_sla_dag.py
[2023-03-26T16:22:36.813+0000] {processor.py:753} INFO - DAG(s) dict_keys(['example_sla_dag']) retrieved from /home/airflow/.local/lib/python3.7/site-packages/airflow/example_dags/example_sla_dag.py
[2023-03-26T16:22:36.829+0000] {logging_mixin.py:137} INFO - [2023-03-26T16:22:36.829+0000] {dag.py:2693} INFO - Sync 1 DAGs
[2023-03-26T16:22:36.845+0000] {logging_mixin.py:137} INFO - [2023-03-26T16:22:36.845+0000] {dag.py:3444} INFO - Setting next_dagrun for example_sla_dag to 2023-03-26T16:20:00+00:00, run_after=2023-03-26T16:22:00+00:00
[2023-03-26T16:22:36.861+0000] {processor.py:175} INFO - Processing /home/airflow/.local/lib/python3.7/site-packages/airflow/example_dags/example_sla_dag.py took 0.065 seconds
[2023-03-26T16:23:07.705+0000] {processor.py:153} INFO - Started process (PID=624) to work on /home/airflow/.local/lib/python3.7/site-packages/airflow/example_dags/example_sla_dag.py
[2023-03-26T16:23:07.706+0000] {processor.py:743} INFO - Processing file /home/airflow/.local/lib/python3.7/site-packages/airflow/example_dags/example_sla_dag.py for tasks to queue
[2023-03-26T16:23:07.706+0000] {logging_mixin.py:137} INFO - [2023-03-26T16:23:07.706+0000] {dagbag.py:532} INFO - Filling up the DagBag from /home/airflow/.local/lib/python3.7/site-packages/airflow/example_dags/example_sla_dag.py
[2023-03-26T16:23:07.720+0000] {processor.py:753} INFO - DAG(s) dict_keys(['example_sla_dag']) retrieved from /home/airflow/.local/lib/python3.7/site-packages/airflow/example_dags/example_sla_dag.py
[2023-03-26T16:23:07.737+0000] {logging_mixin.py:137} INFO - [2023-03-26T16:23:07.737+0000] {dag.py:2693} INFO - Sync 1 DAGs
[2023-03-26T16:23:07.755+0000] {logging_mixin.py:137} INFO - [2023-03-26T16:23:07.755+0000] {dag.py:3444} INFO - Setting next_dagrun for example_sla_dag to 2023-03-26T16:20:00+00:00, run_after=2023-03-26T16:22:00+00:00
[2023-03-26T16:23:07.769+0000] {processor.py:175} INFO - Processing /home/airflow/.local/lib/python3.7/site-packages/airflow/example_dags/example_sla_dag.py took 0.066 seconds
[2023-03-26T16:23:38.417+0000] {processor.py:153} INFO - Started process (PID=673) to work on /home/airflow/.local/lib/python3.7/site-packages/airflow/example_dags/example_sla_dag.py
[2023-03-26T16:23:38.417+0000] {processor.py:743} INFO - Processing file /home/airflow/.local/lib/python3.7/site-packages/airflow/example_dags/example_sla_dag.py for tasks to queue
[2023-03-26T16:23:38.417+0000] {logging_mixin.py:137} INFO - [2023-03-26T16:23:38.417+0000] {dagbag.py:532} INFO - Filling up the DagBag from /home/airflow/.local/lib/python3.7/site-packages/airflow/example_dags/example_sla_dag.py
[2023-03-26T16:23:38.431+0000] {processor.py:753} INFO - DAG(s) dict_keys(['example_sla_dag']) retrieved from /home/airflow/.local/lib/python3.7/site-packages/airflow/example_dags/example_sla_dag.py
[2023-03-26T16:23:38.453+0000] {logging_mixin.py:137} INFO - [2023-03-26T16:23:38.453+0000] {dag.py:2693} INFO - Sync 1 DAGs
[2023-03-26T16:23:38.469+0000] {logging_mixin.py:137} INFO - [2023-03-26T16:23:38.469+0000] {dag.py:3444} INFO - Setting next_dagrun for example_sla_dag to 2023-03-26T16:20:00+00:00, run_after=2023-03-26T16:22:00+00:00
[2023-03-26T16:23:38.484+0000] {processor.py:175} INFO - Processing /home/airflow/.local/lib/python3.7/site-packages/airflow/example_dags/example_sla_dag.py took 0.069 seconds
[2023-03-26T16:24:09.126+0000] {processor.py:153} INFO - Started process (PID=722) to work on /home/airflow/.local/lib/python3.7/site-packages/airflow/example_dags/example_sla_dag.py
[2023-03-26T16:24:09.127+0000] {processor.py:743} INFO - Processing file /home/airflow/.local/lib/python3.7/site-packages/airflow/example_dags/example_sla_dag.py for tasks to queue
[2023-03-26T16:24:09.127+0000] {logging_mixin.py:137} INFO - [2023-03-26T16:24:09.127+0000] {dagbag.py:532} INFO - Filling up the DagBag from /home/airflow/.local/lib/python3.7/site-packages/airflow/example_dags/example_sla_dag.py
[2023-03-26T16:24:09.141+0000] {processor.py:753} INFO - DAG(s) dict_keys(['example_sla_dag']) retrieved from /home/airflow/.local/lib/python3.7/site-packages/airflow/example_dags/example_sla_dag.py
[2023-03-26T16:24:09.156+0000] {logging_mixin.py:137} INFO - [2023-03-26T16:24:09.156+0000] {dag.py:2693} INFO - Sync 1 DAGs
[2023-03-26T16:24:09.171+0000] {logging_mixin.py:137} INFO - [2023-03-26T16:24:09.171+0000] {dag.py:3444} INFO - Setting next_dagrun for example_sla_dag to 2023-03-26T16:22:00+00:00, run_after=2023-03-26T16:24:00+00:00
[2023-03-26T16:24:09.185+0000] {processor.py:175} INFO - Processing /home/airflow/.local/lib/python3.7/site-packages/airflow/example_dags/example_sla_dag.py took 0.061 seconds
[2023-03-26T16:24:39.973+0000] {processor.py:153} INFO - Started process (PID=771) to work on /home/airflow/.local/lib/python3.7/site-packages/airflow/example_dags/example_sla_dag.py
[2023-03-26T16:24:39.974+0000] {processor.py:743} INFO - Processing file /home/airflow/.local/lib/python3.7/site-packages/airflow/example_dags/example_sla_dag.py for tasks to queue
[2023-03-26T16:24:39.974+0000] {logging_mixin.py:137} INFO - [2023-03-26T16:24:39.974+0000] {dagbag.py:532} INFO - Filling up the DagBag from /home/airflow/.local/lib/python3.7/site-packages/airflow/example_dags/example_sla_dag.py
[2023-03-26T16:24:39.988+0000] {processor.py:753} INFO - DAG(s) dict_keys(['example_sla_dag']) retrieved from /home/airflow/.local/lib/python3.7/site-packages/airflow/example_dags/example_sla_dag.py
[2023-03-26T16:24:40.004+0000] {logging_mixin.py:137} INFO - [2023-03-26T16:24:40.004+0000] {dag.py:2693} INFO - Sync 1 DAGs
[2023-03-26T16:24:40.020+0000] {logging_mixin.py:137} INFO - [2023-03-26T16:24:40.020+0000] {dag.py:3444} INFO - Setting next_dagrun for example_sla_dag to 2023-03-26T16:22:00+00:00, run_after=2023-03-26T16:24:00+00:00
[2023-03-26T16:24:40.034+0000] {processor.py:175} INFO - Processing /home/airflow/.local/lib/python3.7/site-packages/airflow/example_dags/example_sla_dag.py took 0.063 seconds
[2023-03-26T16:25:10.647+0000] {processor.py:153} INFO - Started process (PID=820) to work on /home/airflow/.local/lib/python3.7/site-packages/airflow/example_dags/example_sla_dag.py
[2023-03-26T16:25:10.648+0000] {processor.py:743} INFO - Processing file /home/airflow/.local/lib/python3.7/site-packages/airflow/example_dags/example_sla_dag.py for tasks to queue
[2023-03-26T16:25:10.648+0000] {logging_mixin.py:137} INFO - [2023-03-26T16:25:10.648+0000] {dagbag.py:532} INFO - Filling up the DagBag from /home/airflow/.local/lib/python3.7/site-packages/airflow/example_dags/example_sla_dag.py
[2023-03-26T16:25:10.662+0000] {processor.py:753} INFO - DAG(s) dict_keys(['example_sla_dag']) retrieved from /home/airflow/.local/lib/python3.7/site-packages/airflow/example_dags/example_sla_dag.py
[2023-03-26T16:25:10.676+0000] {logging_mixin.py:137} INFO - [2023-03-26T16:25:10.676+0000] {dag.py:2693} INFO - Sync 1 DAGs
[2023-03-26T16:25:10.693+0000] {logging_mixin.py:137} INFO - [2023-03-26T16:25:10.693+0000] {dag.py:3444} INFO - Setting next_dagrun for example_sla_dag to 2023-03-26T16:22:00+00:00, run_after=2023-03-26T16:24:00+00:00
[2023-03-26T16:25:10.706+0000] {processor.py:175} INFO - Processing /home/airflow/.local/lib/python3.7/site-packages/airflow/example_dags/example_sla_dag.py took 0.061 seconds
[2023-03-26T16:25:41.265+0000] {processor.py:153} INFO - Started process (PID=869) to work on /home/airflow/.local/lib/python3.7/site-packages/airflow/example_dags/example_sla_dag.py
[2023-03-26T16:25:41.265+0000] {processor.py:743} INFO - Processing file /home/airflow/.local/lib/python3.7/site-packages/airflow/example_dags/example_sla_dag.py for tasks to queue
[2023-03-26T16:25:41.266+0000] {logging_mixin.py:137} INFO - [2023-03-26T16:25:41.266+0000] {dagbag.py:532} INFO - Filling up the DagBag from /home/airflow/.local/lib/python3.7/site-packages/airflow/example_dags/example_sla_dag.py
[2023-03-26T16:25:41.278+0000] {processor.py:753} INFO - DAG(s) dict_keys(['example_sla_dag']) retrieved from /home/airflow/.local/lib/python3.7/site-packages/airflow/example_dags/example_sla_dag.py
[2023-03-26T16:25:41.293+0000] {logging_mixin.py:137} INFO - [2023-03-26T16:25:41.293+0000] {dag.py:2693} INFO - Sync 1 DAGs
[2023-03-26T16:25:41.309+0000] {logging_mixin.py:137} INFO - [2023-03-26T16:25:41.308+0000] {dag.py:3444} INFO - Setting next_dagrun for example_sla_dag to 2023-03-26T16:22:00+00:00, run_after=2023-03-26T16:24:00+00:00
[2023-03-26T16:25:41.321+0000] {processor.py:175} INFO - Processing /home/airflow/.local/lib/python3.7/site-packages/airflow/example_dags/example_sla_dag.py took 0.058 seconds
[2023-03-26T16:26:33.981+0000] {processor.py:153} INFO - Started process (PID=85) to work on /home/airflow/.local/lib/python3.7/site-packages/airflow/example_dags/example_sla_dag.py
[2023-03-26T16:26:33.981+0000] {processor.py:743} INFO - Processing file /home/airflow/.local/lib/python3.7/site-packages/airflow/example_dags/example_sla_dag.py for tasks to queue
[2023-03-26T16:26:33.982+0000] {logging_mixin.py:137} INFO - [2023-03-26T16:26:33.982+0000] {dagbag.py:532} INFO - Filling up the DagBag from /home/airflow/.local/lib/python3.7/site-packages/airflow/example_dags/example_sla_dag.py
[2023-03-26T16:26:33.997+0000] {processor.py:753} INFO - DAG(s) dict_keys(['example_sla_dag']) retrieved from /home/airflow/.local/lib/python3.7/site-packages/airflow/example_dags/example_sla_dag.py
[2023-03-26T16:26:34.006+0000] {logging_mixin.py:137} INFO - [2023-03-26T16:26:34.006+0000] {dag.py:2693} INFO - Sync 1 DAGs
[2023-03-26T16:26:34.026+0000] {logging_mixin.py:137} INFO - [2023-03-26T16:26:34.026+0000] {dag.py:3444} INFO - Setting next_dagrun for example_sla_dag to 2023-03-26T16:24:00+00:00, run_after=2023-03-26T16:26:00+00:00
[2023-03-26T16:26:34.041+0000] {processor.py:175} INFO - Processing /home/airflow/.local/lib/python3.7/site-packages/airflow/example_dags/example_sla_dag.py took 0.063 seconds
[2023-03-26T16:27:04.663+0000] {processor.py:153} INFO - Started process (PID=135) to work on /home/airflow/.local/lib/python3.7/site-packages/airflow/example_dags/example_sla_dag.py
[2023-03-26T16:27:04.663+0000] {processor.py:743} INFO - Processing file /home/airflow/.local/lib/python3.7/site-packages/airflow/example_dags/example_sla_dag.py for tasks to queue
[2023-03-26T16:27:04.664+0000] {logging_mixin.py:137} INFO - [2023-03-26T16:27:04.664+0000] {dagbag.py:532} INFO - Filling up the DagBag from /home/airflow/.local/lib/python3.7/site-packages/airflow/example_dags/example_sla_dag.py
[2023-03-26T16:27:04.677+0000] {processor.py:753} INFO - DAG(s) dict_keys(['example_sla_dag']) retrieved from /home/airflow/.local/lib/python3.7/site-packages/airflow/example_dags/example_sla_dag.py
[2023-03-26T16:27:04.692+0000] {logging_mixin.py:137} INFO - [2023-03-26T16:27:04.692+0000] {dag.py:2693} INFO - Sync 1 DAGs
[2023-03-26T16:27:04.708+0000] {logging_mixin.py:137} INFO - [2023-03-26T16:27:04.708+0000] {dag.py:3444} INFO - Setting next_dagrun for example_sla_dag to 2023-03-26T16:24:00+00:00, run_after=2023-03-26T16:26:00+00:00
[2023-03-26T16:27:04.723+0000] {processor.py:175} INFO - Processing /home/airflow/.local/lib/python3.7/site-packages/airflow/example_dags/example_sla_dag.py took 0.062 seconds
[2023-03-26T16:27:35.436+0000] {processor.py:153} INFO - Started process (PID=185) to work on /home/airflow/.local/lib/python3.7/site-packages/airflow/example_dags/example_sla_dag.py
[2023-03-26T16:27:35.436+0000] {processor.py:743} INFO - Processing file /home/airflow/.local/lib/python3.7/site-packages/airflow/example_dags/example_sla_dag.py for tasks to queue
[2023-03-26T16:27:35.437+0000] {logging_mixin.py:137} INFO - [2023-03-26T16:27:35.436+0000] {dagbag.py:532} INFO - Filling up the DagBag from /home/airflow/.local/lib/python3.7/site-packages/airflow/example_dags/example_sla_dag.py
[2023-03-26T16:27:35.450+0000] {processor.py:753} INFO - DAG(s) dict_keys(['example_sla_dag']) retrieved from /home/airflow/.local/lib/python3.7/site-packages/airflow/example_dags/example_sla_dag.py
[2023-03-26T16:27:35.466+0000] {logging_mixin.py:137} INFO - [2023-03-26T16:27:35.466+0000] {dag.py:2693} INFO - Sync 1 DAGs
[2023-03-26T16:27:35.481+0000] {logging_mixin.py:137} INFO - [2023-03-26T16:27:35.480+0000] {dag.py:3444} INFO - Setting next_dagrun for example_sla_dag to 2023-03-26T16:24:00+00:00, run_after=2023-03-26T16:26:00+00:00
[2023-03-26T16:27:35.494+0000] {processor.py:175} INFO - Processing /home/airflow/.local/lib/python3.7/site-packages/airflow/example_dags/example_sla_dag.py took 0.060 seconds
[2023-03-26T16:28:05.986+0000] {processor.py:153} INFO - Started process (PID=234) to work on /home/airflow/.local/lib/python3.7/site-packages/airflow/example_dags/example_sla_dag.py
[2023-03-26T16:28:05.987+0000] {processor.py:743} INFO - Processing file /home/airflow/.local/lib/python3.7/site-packages/airflow/example_dags/example_sla_dag.py for tasks to queue
[2023-03-26T16:28:05.987+0000] {logging_mixin.py:137} INFO - [2023-03-26T16:28:05.987+0000] {dagbag.py:532} INFO - Filling up the DagBag from /home/airflow/.local/lib/python3.7/site-packages/airflow/example_dags/example_sla_dag.py
[2023-03-26T16:28:06.000+0000] {processor.py:753} INFO - DAG(s) dict_keys(['example_sla_dag']) retrieved from /home/airflow/.local/lib/python3.7/site-packages/airflow/example_dags/example_sla_dag.py
[2023-03-26T16:28:06.017+0000] {logging_mixin.py:137} INFO - [2023-03-26T16:28:06.017+0000] {dag.py:2693} INFO - Sync 1 DAGs
[2023-03-26T16:28:06.033+0000] {logging_mixin.py:137} INFO - [2023-03-26T16:28:06.033+0000] {dag.py:3444} INFO - Setting next_dagrun for example_sla_dag to 2023-03-26T16:26:00+00:00, run_after=2023-03-26T16:28:00+00:00
[2023-03-26T16:28:06.048+0000] {processor.py:175} INFO - Processing /home/airflow/.local/lib/python3.7/site-packages/airflow/example_dags/example_sla_dag.py took 0.063 seconds
[2023-03-26T16:28:36.658+0000] {processor.py:153} INFO - Started process (PID=283) to work on /home/airflow/.local/lib/python3.7/site-packages/airflow/example_dags/example_sla_dag.py
[2023-03-26T16:28:36.658+0000] {processor.py:743} INFO - Processing file /home/airflow/.local/lib/python3.7/site-packages/airflow/example_dags/example_sla_dag.py for tasks to queue
[2023-03-26T16:28:36.658+0000] {logging_mixin.py:137} INFO - [2023-03-26T16:28:36.658+0000] {dagbag.py:532} INFO - Filling up the DagBag from /home/airflow/.local/lib/python3.7/site-packages/airflow/example_dags/example_sla_dag.py
[2023-03-26T16:28:36.672+0000] {processor.py:753} INFO - DAG(s) dict_keys(['example_sla_dag']) retrieved from /home/airflow/.local/lib/python3.7/site-packages/airflow/example_dags/example_sla_dag.py
[2023-03-26T16:28:36.689+0000] {logging_mixin.py:137} INFO - [2023-03-26T16:28:36.688+0000] {dag.py:2693} INFO - Sync 1 DAGs
[2023-03-26T16:28:36.706+0000] {logging_mixin.py:137} INFO - [2023-03-26T16:28:36.706+0000] {dag.py:3444} INFO - Setting next_dagrun for example_sla_dag to 2023-03-26T16:26:00+00:00, run_after=2023-03-26T16:28:00+00:00
[2023-03-26T16:28:36.720+0000] {processor.py:175} INFO - Processing /home/airflow/.local/lib/python3.7/site-packages/airflow/example_dags/example_sla_dag.py took 0.064 seconds
[2023-03-26T16:48:48.211+0000] {processor.py:153} INFO - Started process (PID=84) to work on /home/airflow/.local/lib/python3.7/site-packages/airflow/example_dags/example_sla_dag.py
[2023-03-26T16:48:48.212+0000] {processor.py:743} INFO - Processing file /home/airflow/.local/lib/python3.7/site-packages/airflow/example_dags/example_sla_dag.py for tasks to queue
[2023-03-26T16:48:48.212+0000] {logging_mixin.py:137} INFO - [2023-03-26T16:48:48.212+0000] {dagbag.py:532} INFO - Filling up the DagBag from /home/airflow/.local/lib/python3.7/site-packages/airflow/example_dags/example_sla_dag.py
[2023-03-26T16:48:48.227+0000] {processor.py:753} INFO - DAG(s) dict_keys(['example_sla_dag']) retrieved from /home/airflow/.local/lib/python3.7/site-packages/airflow/example_dags/example_sla_dag.py
[2023-03-26T16:48:48.236+0000] {logging_mixin.py:137} INFO - [2023-03-26T16:48:48.236+0000] {dag.py:2693} INFO - Sync 1 DAGs
[2023-03-26T16:48:48.260+0000] {logging_mixin.py:137} INFO - [2023-03-26T16:48:48.259+0000] {dag.py:3444} INFO - Setting next_dagrun for example_sla_dag to 2023-03-26T16:46:00+00:00, run_after=2023-03-26T16:48:00+00:00
[2023-03-26T16:48:48.274+0000] {processor.py:175} INFO - Processing /home/airflow/.local/lib/python3.7/site-packages/airflow/example_dags/example_sla_dag.py took 0.066 seconds
[2023-03-26T16:49:18.777+0000] {processor.py:153} INFO - Started process (PID=133) to work on /home/airflow/.local/lib/python3.7/site-packages/airflow/example_dags/example_sla_dag.py
[2023-03-26T16:49:18.778+0000] {processor.py:743} INFO - Processing file /home/airflow/.local/lib/python3.7/site-packages/airflow/example_dags/example_sla_dag.py for tasks to queue
[2023-03-26T16:49:18.778+0000] {logging_mixin.py:137} INFO - [2023-03-26T16:49:18.778+0000] {dagbag.py:532} INFO - Filling up the DagBag from /home/airflow/.local/lib/python3.7/site-packages/airflow/example_dags/example_sla_dag.py
[2023-03-26T16:49:18.791+0000] {processor.py:753} INFO - DAG(s) dict_keys(['example_sla_dag']) retrieved from /home/airflow/.local/lib/python3.7/site-packages/airflow/example_dags/example_sla_dag.py
[2023-03-26T16:49:18.807+0000] {logging_mixin.py:137} INFO - [2023-03-26T16:49:18.806+0000] {dag.py:2693} INFO - Sync 1 DAGs
[2023-03-26T16:49:18.822+0000] {logging_mixin.py:137} INFO - [2023-03-26T16:49:18.822+0000] {dag.py:3444} INFO - Setting next_dagrun for example_sla_dag to 2023-03-26T16:46:00+00:00, run_after=2023-03-26T16:48:00+00:00
[2023-03-26T16:49:18.834+0000] {processor.py:175} INFO - Processing /home/airflow/.local/lib/python3.7/site-packages/airflow/example_dags/example_sla_dag.py took 0.059 seconds
[2023-03-26T16:49:49.386+0000] {processor.py:153} INFO - Started process (PID=182) to work on /home/airflow/.local/lib/python3.7/site-packages/airflow/example_dags/example_sla_dag.py
[2023-03-26T16:49:49.386+0000] {processor.py:743} INFO - Processing file /home/airflow/.local/lib/python3.7/site-packages/airflow/example_dags/example_sla_dag.py for tasks to queue
[2023-03-26T16:49:49.387+0000] {logging_mixin.py:137} INFO - [2023-03-26T16:49:49.387+0000] {dagbag.py:532} INFO - Filling up the DagBag from /home/airflow/.local/lib/python3.7/site-packages/airflow/example_dags/example_sla_dag.py
[2023-03-26T16:49:49.399+0000] {processor.py:753} INFO - DAG(s) dict_keys(['example_sla_dag']) retrieved from /home/airflow/.local/lib/python3.7/site-packages/airflow/example_dags/example_sla_dag.py
[2023-03-26T16:49:49.415+0000] {logging_mixin.py:137} INFO - [2023-03-26T16:49:49.415+0000] {dag.py:2693} INFO - Sync 1 DAGs
[2023-03-26T16:49:49.430+0000] {logging_mixin.py:137} INFO - [2023-03-26T16:49:49.430+0000] {dag.py:3444} INFO - Setting next_dagrun for example_sla_dag to 2023-03-26T16:46:00+00:00, run_after=2023-03-26T16:48:00+00:00
[2023-03-26T16:49:49.444+0000] {processor.py:175} INFO - Processing /home/airflow/.local/lib/python3.7/site-packages/airflow/example_dags/example_sla_dag.py took 0.060 seconds
[2023-03-26T16:50:19.977+0000] {processor.py:153} INFO - Started process (PID=231) to work on /home/airflow/.local/lib/python3.7/site-packages/airflow/example_dags/example_sla_dag.py
[2023-03-26T16:50:19.978+0000] {processor.py:743} INFO - Processing file /home/airflow/.local/lib/python3.7/site-packages/airflow/example_dags/example_sla_dag.py for tasks to queue
[2023-03-26T16:50:19.978+0000] {logging_mixin.py:137} INFO - [2023-03-26T16:50:19.978+0000] {dagbag.py:532} INFO - Filling up the DagBag from /home/airflow/.local/lib/python3.7/site-packages/airflow/example_dags/example_sla_dag.py
[2023-03-26T16:50:19.992+0000] {processor.py:753} INFO - DAG(s) dict_keys(['example_sla_dag']) retrieved from /home/airflow/.local/lib/python3.7/site-packages/airflow/example_dags/example_sla_dag.py
[2023-03-26T16:50:20.008+0000] {logging_mixin.py:137} INFO - [2023-03-26T16:50:20.007+0000] {dag.py:2693} INFO - Sync 1 DAGs
[2023-03-26T16:50:20.024+0000] {logging_mixin.py:137} INFO - [2023-03-26T16:50:20.024+0000] {dag.py:3444} INFO - Setting next_dagrun for example_sla_dag to 2023-03-26T16:48:00+00:00, run_after=2023-03-26T16:50:00+00:00
[2023-03-26T16:50:20.039+0000] {processor.py:175} INFO - Processing /home/airflow/.local/lib/python3.7/site-packages/airflow/example_dags/example_sla_dag.py took 0.064 seconds
[2023-03-26T16:50:50.629+0000] {processor.py:153} INFO - Started process (PID=280) to work on /home/airflow/.local/lib/python3.7/site-packages/airflow/example_dags/example_sla_dag.py
[2023-03-26T16:50:50.630+0000] {processor.py:743} INFO - Processing file /home/airflow/.local/lib/python3.7/site-packages/airflow/example_dags/example_sla_dag.py for tasks to queue
[2023-03-26T16:50:50.631+0000] {logging_mixin.py:137} INFO - [2023-03-26T16:50:50.631+0000] {dagbag.py:532} INFO - Filling up the DagBag from /home/airflow/.local/lib/python3.7/site-packages/airflow/example_dags/example_sla_dag.py
[2023-03-26T16:50:50.644+0000] {processor.py:753} INFO - DAG(s) dict_keys(['example_sla_dag']) retrieved from /home/airflow/.local/lib/python3.7/site-packages/airflow/example_dags/example_sla_dag.py
[2023-03-26T16:50:50.660+0000] {logging_mixin.py:137} INFO - [2023-03-26T16:50:50.660+0000] {dag.py:2693} INFO - Sync 1 DAGs
[2023-03-26T16:50:50.676+0000] {logging_mixin.py:137} INFO - [2023-03-26T16:50:50.676+0000] {dag.py:3444} INFO - Setting next_dagrun for example_sla_dag to 2023-03-26T16:48:00+00:00, run_after=2023-03-26T16:50:00+00:00
[2023-03-26T16:50:50.689+0000] {processor.py:175} INFO - Processing /home/airflow/.local/lib/python3.7/site-packages/airflow/example_dags/example_sla_dag.py took 0.062 seconds
[2023-03-26T16:51:21.475+0000] {processor.py:153} INFO - Started process (PID=329) to work on /home/airflow/.local/lib/python3.7/site-packages/airflow/example_dags/example_sla_dag.py
[2023-03-26T16:51:21.475+0000] {processor.py:743} INFO - Processing file /home/airflow/.local/lib/python3.7/site-packages/airflow/example_dags/example_sla_dag.py for tasks to queue
[2023-03-26T16:51:21.476+0000] {logging_mixin.py:137} INFO - [2023-03-26T16:51:21.476+0000] {dagbag.py:532} INFO - Filling up the DagBag from /home/airflow/.local/lib/python3.7/site-packages/airflow/example_dags/example_sla_dag.py
[2023-03-26T16:51:21.489+0000] {processor.py:753} INFO - DAG(s) dict_keys(['example_sla_dag']) retrieved from /home/airflow/.local/lib/python3.7/site-packages/airflow/example_dags/example_sla_dag.py
[2023-03-26T16:51:21.503+0000] {logging_mixin.py:137} INFO - [2023-03-26T16:51:21.503+0000] {dag.py:2693} INFO - Sync 1 DAGs
[2023-03-26T16:51:21.518+0000] {logging_mixin.py:137} INFO - [2023-03-26T16:51:21.517+0000] {dag.py:3444} INFO - Setting next_dagrun for example_sla_dag to 2023-03-26T16:48:00+00:00, run_after=2023-03-26T16:50:00+00:00
[2023-03-26T16:51:21.531+0000] {processor.py:175} INFO - Processing /home/airflow/.local/lib/python3.7/site-packages/airflow/example_dags/example_sla_dag.py took 0.058 seconds
[2023-03-26T16:51:52.216+0000] {processor.py:153} INFO - Started process (PID=378) to work on /home/airflow/.local/lib/python3.7/site-packages/airflow/example_dags/example_sla_dag.py
[2023-03-26T16:51:52.217+0000] {processor.py:743} INFO - Processing file /home/airflow/.local/lib/python3.7/site-packages/airflow/example_dags/example_sla_dag.py for tasks to queue
[2023-03-26T16:51:52.217+0000] {logging_mixin.py:137} INFO - [2023-03-26T16:51:52.217+0000] {dagbag.py:532} INFO - Filling up the DagBag from /home/airflow/.local/lib/python3.7/site-packages/airflow/example_dags/example_sla_dag.py
[2023-03-26T16:51:52.230+0000] {processor.py:753} INFO - DAG(s) dict_keys(['example_sla_dag']) retrieved from /home/airflow/.local/lib/python3.7/site-packages/airflow/example_dags/example_sla_dag.py
[2023-03-26T16:51:52.245+0000] {logging_mixin.py:137} INFO - [2023-03-26T16:51:52.245+0000] {dag.py:2693} INFO - Sync 1 DAGs
[2023-03-26T16:51:52.260+0000] {logging_mixin.py:137} INFO - [2023-03-26T16:51:52.260+0000] {dag.py:3444} INFO - Setting next_dagrun for example_sla_dag to 2023-03-26T16:48:00+00:00, run_after=2023-03-26T16:50:00+00:00
[2023-03-26T16:51:52.273+0000] {processor.py:175} INFO - Processing /home/airflow/.local/lib/python3.7/site-packages/airflow/example_dags/example_sla_dag.py took 0.059 seconds
[2023-03-26T16:52:22.847+0000] {processor.py:153} INFO - Started process (PID=427) to work on /home/airflow/.local/lib/python3.7/site-packages/airflow/example_dags/example_sla_dag.py
[2023-03-26T16:52:22.847+0000] {processor.py:743} INFO - Processing file /home/airflow/.local/lib/python3.7/site-packages/airflow/example_dags/example_sla_dag.py for tasks to queue
[2023-03-26T16:52:22.848+0000] {logging_mixin.py:137} INFO - [2023-03-26T16:52:22.848+0000] {dagbag.py:532} INFO - Filling up the DagBag from /home/airflow/.local/lib/python3.7/site-packages/airflow/example_dags/example_sla_dag.py
[2023-03-26T16:52:22.861+0000] {processor.py:753} INFO - DAG(s) dict_keys(['example_sla_dag']) retrieved from /home/airflow/.local/lib/python3.7/site-packages/airflow/example_dags/example_sla_dag.py
[2023-03-26T16:52:22.876+0000] {logging_mixin.py:137} INFO - [2023-03-26T16:52:22.876+0000] {dag.py:2693} INFO - Sync 1 DAGs
[2023-03-26T16:52:22.892+0000] {logging_mixin.py:137} INFO - [2023-03-26T16:52:22.892+0000] {dag.py:3444} INFO - Setting next_dagrun for example_sla_dag to 2023-03-26T16:50:00+00:00, run_after=2023-03-26T16:52:00+00:00
[2023-03-26T16:52:22.905+0000] {processor.py:175} INFO - Processing /home/airflow/.local/lib/python3.7/site-packages/airflow/example_dags/example_sla_dag.py took 0.059 seconds
[2023-03-26T16:52:53.379+0000] {processor.py:153} INFO - Started process (PID=476) to work on /home/airflow/.local/lib/python3.7/site-packages/airflow/example_dags/example_sla_dag.py
[2023-03-26T16:52:53.380+0000] {processor.py:743} INFO - Processing file /home/airflow/.local/lib/python3.7/site-packages/airflow/example_dags/example_sla_dag.py for tasks to queue
[2023-03-26T16:52:53.380+0000] {logging_mixin.py:137} INFO - [2023-03-26T16:52:53.380+0000] {dagbag.py:532} INFO - Filling up the DagBag from /home/airflow/.local/lib/python3.7/site-packages/airflow/example_dags/example_sla_dag.py
[2023-03-26T16:52:53.394+0000] {processor.py:753} INFO - DAG(s) dict_keys(['example_sla_dag']) retrieved from /home/airflow/.local/lib/python3.7/site-packages/airflow/example_dags/example_sla_dag.py
[2023-03-26T16:52:53.408+0000] {logging_mixin.py:137} INFO - [2023-03-26T16:52:53.408+0000] {dag.py:2693} INFO - Sync 1 DAGs
[2023-03-26T16:52:53.424+0000] {logging_mixin.py:137} INFO - [2023-03-26T16:52:53.424+0000] {dag.py:3444} INFO - Setting next_dagrun for example_sla_dag to 2023-03-26T16:50:00+00:00, run_after=2023-03-26T16:52:00+00:00
[2023-03-26T16:52:53.435+0000] {processor.py:175} INFO - Processing /home/airflow/.local/lib/python3.7/site-packages/airflow/example_dags/example_sla_dag.py took 0.057 seconds
[2023-03-26T16:53:24.041+0000] {processor.py:153} INFO - Started process (PID=525) to work on /home/airflow/.local/lib/python3.7/site-packages/airflow/example_dags/example_sla_dag.py
[2023-03-26T16:53:24.041+0000] {processor.py:743} INFO - Processing file /home/airflow/.local/lib/python3.7/site-packages/airflow/example_dags/example_sla_dag.py for tasks to queue
[2023-03-26T16:53:24.042+0000] {logging_mixin.py:137} INFO - [2023-03-26T16:53:24.042+0000] {dagbag.py:532} INFO - Filling up the DagBag from /home/airflow/.local/lib/python3.7/site-packages/airflow/example_dags/example_sla_dag.py
[2023-03-26T16:53:24.055+0000] {processor.py:753} INFO - DAG(s) dict_keys(['example_sla_dag']) retrieved from /home/airflow/.local/lib/python3.7/site-packages/airflow/example_dags/example_sla_dag.py
[2023-03-26T16:53:24.073+0000] {logging_mixin.py:137} INFO - [2023-03-26T16:53:24.072+0000] {dag.py:2693} INFO - Sync 1 DAGs
[2023-03-26T16:53:24.089+0000] {logging_mixin.py:137} INFO - [2023-03-26T16:53:24.089+0000] {dag.py:3444} INFO - Setting next_dagrun for example_sla_dag to 2023-03-26T16:50:00+00:00, run_after=2023-03-26T16:52:00+00:00
[2023-03-26T16:53:24.104+0000] {processor.py:175} INFO - Processing /home/airflow/.local/lib/python3.7/site-packages/airflow/example_dags/example_sla_dag.py took 0.065 seconds
[2023-03-26T16:53:54.820+0000] {processor.py:153} INFO - Started process (PID=574) to work on /home/airflow/.local/lib/python3.7/site-packages/airflow/example_dags/example_sla_dag.py
[2023-03-26T16:53:54.821+0000] {processor.py:743} INFO - Processing file /home/airflow/.local/lib/python3.7/site-packages/airflow/example_dags/example_sla_dag.py for tasks to queue
[2023-03-26T16:53:54.821+0000] {logging_mixin.py:137} INFO - [2023-03-26T16:53:54.821+0000] {dagbag.py:532} INFO - Filling up the DagBag from /home/airflow/.local/lib/python3.7/site-packages/airflow/example_dags/example_sla_dag.py
[2023-03-26T16:53:54.835+0000] {processor.py:753} INFO - DAG(s) dict_keys(['example_sla_dag']) retrieved from /home/airflow/.local/lib/python3.7/site-packages/airflow/example_dags/example_sla_dag.py
[2023-03-26T16:53:54.851+0000] {logging_mixin.py:137} INFO - [2023-03-26T16:53:54.851+0000] {dag.py:2693} INFO - Sync 1 DAGs
[2023-03-26T16:53:54.868+0000] {logging_mixin.py:137} INFO - [2023-03-26T16:53:54.867+0000] {dag.py:3444} INFO - Setting next_dagrun for example_sla_dag to 2023-03-26T16:50:00+00:00, run_after=2023-03-26T16:52:00+00:00
[2023-03-26T16:53:54.881+0000] {processor.py:175} INFO - Processing /home/airflow/.local/lib/python3.7/site-packages/airflow/example_dags/example_sla_dag.py took 0.063 seconds
[2023-03-26T16:54:25.594+0000] {processor.py:153} INFO - Started process (PID=623) to work on /home/airflow/.local/lib/python3.7/site-packages/airflow/example_dags/example_sla_dag.py
[2023-03-26T16:54:25.594+0000] {processor.py:743} INFO - Processing file /home/airflow/.local/lib/python3.7/site-packages/airflow/example_dags/example_sla_dag.py for tasks to queue
[2023-03-26T16:54:25.595+0000] {logging_mixin.py:137} INFO - [2023-03-26T16:54:25.595+0000] {dagbag.py:532} INFO - Filling up the DagBag from /home/airflow/.local/lib/python3.7/site-packages/airflow/example_dags/example_sla_dag.py
[2023-03-26T16:54:25.608+0000] {processor.py:753} INFO - DAG(s) dict_keys(['example_sla_dag']) retrieved from /home/airflow/.local/lib/python3.7/site-packages/airflow/example_dags/example_sla_dag.py
[2023-03-26T16:54:25.625+0000] {logging_mixin.py:137} INFO - [2023-03-26T16:54:25.625+0000] {dag.py:2693} INFO - Sync 1 DAGs
[2023-03-26T16:54:25.643+0000] {logging_mixin.py:137} INFO - [2023-03-26T16:54:25.642+0000] {dag.py:3444} INFO - Setting next_dagrun for example_sla_dag to 2023-03-26T16:52:00+00:00, run_after=2023-03-26T16:54:00+00:00
[2023-03-26T16:54:25.657+0000] {processor.py:175} INFO - Processing /home/airflow/.local/lib/python3.7/site-packages/airflow/example_dags/example_sla_dag.py took 0.065 seconds
[2023-03-26T16:54:56.414+0000] {processor.py:153} INFO - Started process (PID=672) to work on /home/airflow/.local/lib/python3.7/site-packages/airflow/example_dags/example_sla_dag.py
[2023-03-26T16:54:56.415+0000] {processor.py:743} INFO - Processing file /home/airflow/.local/lib/python3.7/site-packages/airflow/example_dags/example_sla_dag.py for tasks to queue
[2023-03-26T16:54:56.415+0000] {logging_mixin.py:137} INFO - [2023-03-26T16:54:56.415+0000] {dagbag.py:532} INFO - Filling up the DagBag from /home/airflow/.local/lib/python3.7/site-packages/airflow/example_dags/example_sla_dag.py
[2023-03-26T16:54:56.428+0000] {processor.py:753} INFO - DAG(s) dict_keys(['example_sla_dag']) retrieved from /home/airflow/.local/lib/python3.7/site-packages/airflow/example_dags/example_sla_dag.py
[2023-03-26T16:54:56.444+0000] {logging_mixin.py:137} INFO - [2023-03-26T16:54:56.444+0000] {dag.py:2693} INFO - Sync 1 DAGs
[2023-03-26T16:54:56.460+0000] {logging_mixin.py:137} INFO - [2023-03-26T16:54:56.460+0000] {dag.py:3444} INFO - Setting next_dagrun for example_sla_dag to 2023-03-26T16:52:00+00:00, run_after=2023-03-26T16:54:00+00:00
[2023-03-26T16:54:56.472+0000] {processor.py:175} INFO - Processing /home/airflow/.local/lib/python3.7/site-packages/airflow/example_dags/example_sla_dag.py took 0.061 seconds
[2023-03-26T16:55:27.019+0000] {processor.py:153} INFO - Started process (PID=721) to work on /home/airflow/.local/lib/python3.7/site-packages/airflow/example_dags/example_sla_dag.py
[2023-03-26T16:55:27.020+0000] {processor.py:743} INFO - Processing file /home/airflow/.local/lib/python3.7/site-packages/airflow/example_dags/example_sla_dag.py for tasks to queue
[2023-03-26T16:55:27.020+0000] {logging_mixin.py:137} INFO - [2023-03-26T16:55:27.020+0000] {dagbag.py:532} INFO - Filling up the DagBag from /home/airflow/.local/lib/python3.7/site-packages/airflow/example_dags/example_sla_dag.py
[2023-03-26T16:55:27.033+0000] {processor.py:753} INFO - DAG(s) dict_keys(['example_sla_dag']) retrieved from /home/airflow/.local/lib/python3.7/site-packages/airflow/example_dags/example_sla_dag.py
[2023-03-26T16:55:27.048+0000] {logging_mixin.py:137} INFO - [2023-03-26T16:55:27.048+0000] {dag.py:2693} INFO - Sync 1 DAGs
[2023-03-26T16:55:27.063+0000] {logging_mixin.py:137} INFO - [2023-03-26T16:55:27.063+0000] {dag.py:3444} INFO - Setting next_dagrun for example_sla_dag to 2023-03-26T16:52:00+00:00, run_after=2023-03-26T16:54:00+00:00
[2023-03-26T16:55:27.075+0000] {processor.py:175} INFO - Processing /home/airflow/.local/lib/python3.7/site-packages/airflow/example_dags/example_sla_dag.py took 0.058 seconds
[2023-03-26T16:55:57.656+0000] {processor.py:153} INFO - Started process (PID=770) to work on /home/airflow/.local/lib/python3.7/site-packages/airflow/example_dags/example_sla_dag.py
[2023-03-26T16:55:57.657+0000] {processor.py:743} INFO - Processing file /home/airflow/.local/lib/python3.7/site-packages/airflow/example_dags/example_sla_dag.py for tasks to queue
[2023-03-26T16:55:57.657+0000] {logging_mixin.py:137} INFO - [2023-03-26T16:55:57.657+0000] {dagbag.py:532} INFO - Filling up the DagBag from /home/airflow/.local/lib/python3.7/site-packages/airflow/example_dags/example_sla_dag.py
[2023-03-26T16:55:57.670+0000] {processor.py:753} INFO - DAG(s) dict_keys(['example_sla_dag']) retrieved from /home/airflow/.local/lib/python3.7/site-packages/airflow/example_dags/example_sla_dag.py
[2023-03-26T16:55:57.686+0000] {logging_mixin.py:137} INFO - [2023-03-26T16:55:57.686+0000] {dag.py:2693} INFO - Sync 1 DAGs
[2023-03-26T16:55:57.702+0000] {logging_mixin.py:137} INFO - [2023-03-26T16:55:57.702+0000] {dag.py:3444} INFO - Setting next_dagrun for example_sla_dag to 2023-03-26T16:52:00+00:00, run_after=2023-03-26T16:54:00+00:00
[2023-03-26T16:55:57.716+0000] {processor.py:175} INFO - Processing /home/airflow/.local/lib/python3.7/site-packages/airflow/example_dags/example_sla_dag.py took 0.062 seconds
[2023-03-26T16:56:28.430+0000] {processor.py:153} INFO - Started process (PID=819) to work on /home/airflow/.local/lib/python3.7/site-packages/airflow/example_dags/example_sla_dag.py
[2023-03-26T16:56:28.431+0000] {processor.py:743} INFO - Processing file /home/airflow/.local/lib/python3.7/site-packages/airflow/example_dags/example_sla_dag.py for tasks to queue
[2023-03-26T16:56:28.431+0000] {logging_mixin.py:137} INFO - [2023-03-26T16:56:28.431+0000] {dagbag.py:532} INFO - Filling up the DagBag from /home/airflow/.local/lib/python3.7/site-packages/airflow/example_dags/example_sla_dag.py
[2023-03-26T16:56:28.444+0000] {processor.py:753} INFO - DAG(s) dict_keys(['example_sla_dag']) retrieved from /home/airflow/.local/lib/python3.7/site-packages/airflow/example_dags/example_sla_dag.py
[2023-03-26T16:56:28.461+0000] {logging_mixin.py:137} INFO - [2023-03-26T16:56:28.460+0000] {dag.py:2693} INFO - Sync 1 DAGs
[2023-03-26T16:56:28.477+0000] {logging_mixin.py:137} INFO - [2023-03-26T16:56:28.477+0000] {dag.py:3444} INFO - Setting next_dagrun for example_sla_dag to 2023-03-26T16:54:00+00:00, run_after=2023-03-26T16:56:00+00:00
[2023-03-26T16:56:28.490+0000] {processor.py:175} INFO - Processing /home/airflow/.local/lib/python3.7/site-packages/airflow/example_dags/example_sla_dag.py took 0.062 seconds
[2023-03-26T16:56:59.042+0000] {processor.py:153} INFO - Started process (PID=868) to work on /home/airflow/.local/lib/python3.7/site-packages/airflow/example_dags/example_sla_dag.py
[2023-03-26T16:56:59.043+0000] {processor.py:743} INFO - Processing file /home/airflow/.local/lib/python3.7/site-packages/airflow/example_dags/example_sla_dag.py for tasks to queue
[2023-03-26T16:56:59.043+0000] {logging_mixin.py:137} INFO - [2023-03-26T16:56:59.043+0000] {dagbag.py:532} INFO - Filling up the DagBag from /home/airflow/.local/lib/python3.7/site-packages/airflow/example_dags/example_sla_dag.py
[2023-03-26T16:56:59.056+0000] {processor.py:753} INFO - DAG(s) dict_keys(['example_sla_dag']) retrieved from /home/airflow/.local/lib/python3.7/site-packages/airflow/example_dags/example_sla_dag.py
[2023-03-26T16:56:59.073+0000] {logging_mixin.py:137} INFO - [2023-03-26T16:56:59.073+0000] {dag.py:2693} INFO - Sync 1 DAGs
[2023-03-26T16:56:59.088+0000] {logging_mixin.py:137} INFO - [2023-03-26T16:56:59.088+0000] {dag.py:3444} INFO - Setting next_dagrun for example_sla_dag to 2023-03-26T16:54:00+00:00, run_after=2023-03-26T16:56:00+00:00
[2023-03-26T16:56:59.102+0000] {processor.py:175} INFO - Processing /home/airflow/.local/lib/python3.7/site-packages/airflow/example_dags/example_sla_dag.py took 0.062 seconds
[2023-03-26T16:57:29.561+0000] {processor.py:153} INFO - Started process (PID=917) to work on /home/airflow/.local/lib/python3.7/site-packages/airflow/example_dags/example_sla_dag.py
[2023-03-26T16:57:29.561+0000] {processor.py:743} INFO - Processing file /home/airflow/.local/lib/python3.7/site-packages/airflow/example_dags/example_sla_dag.py for tasks to queue
[2023-03-26T16:57:29.561+0000] {logging_mixin.py:137} INFO - [2023-03-26T16:57:29.561+0000] {dagbag.py:532} INFO - Filling up the DagBag from /home/airflow/.local/lib/python3.7/site-packages/airflow/example_dags/example_sla_dag.py
[2023-03-26T16:57:29.575+0000] {processor.py:753} INFO - DAG(s) dict_keys(['example_sla_dag']) retrieved from /home/airflow/.local/lib/python3.7/site-packages/airflow/example_dags/example_sla_dag.py
[2023-03-26T16:57:29.589+0000] {logging_mixin.py:137} INFO - [2023-03-26T16:57:29.589+0000] {dag.py:2693} INFO - Sync 1 DAGs
[2023-03-26T16:57:29.605+0000] {logging_mixin.py:137} INFO - [2023-03-26T16:57:29.605+0000] {dag.py:3444} INFO - Setting next_dagrun for example_sla_dag to 2023-03-26T16:54:00+00:00, run_after=2023-03-26T16:56:00+00:00
[2023-03-26T16:57:29.617+0000] {processor.py:175} INFO - Processing /home/airflow/.local/lib/python3.7/site-packages/airflow/example_dags/example_sla_dag.py took 0.058 seconds
[2023-03-26T16:58:00.272+0000] {processor.py:153} INFO - Started process (PID=966) to work on /home/airflow/.local/lib/python3.7/site-packages/airflow/example_dags/example_sla_dag.py
[2023-03-26T16:58:00.273+0000] {processor.py:743} INFO - Processing file /home/airflow/.local/lib/python3.7/site-packages/airflow/example_dags/example_sla_dag.py for tasks to queue
[2023-03-26T16:58:00.273+0000] {logging_mixin.py:137} INFO - [2023-03-26T16:58:00.273+0000] {dagbag.py:532} INFO - Filling up the DagBag from /home/airflow/.local/lib/python3.7/site-packages/airflow/example_dags/example_sla_dag.py
[2023-03-26T16:58:00.286+0000] {processor.py:753} INFO - DAG(s) dict_keys(['example_sla_dag']) retrieved from /home/airflow/.local/lib/python3.7/site-packages/airflow/example_dags/example_sla_dag.py
[2023-03-26T16:58:00.303+0000] {logging_mixin.py:137} INFO - [2023-03-26T16:58:00.303+0000] {dag.py:2693} INFO - Sync 1 DAGs
[2023-03-26T16:58:00.318+0000] {logging_mixin.py:137} INFO - [2023-03-26T16:58:00.318+0000] {dag.py:3444} INFO - Setting next_dagrun for example_sla_dag to 2023-03-26T16:56:00+00:00, run_after=2023-03-26T16:58:00+00:00
[2023-03-26T16:58:00.331+0000] {processor.py:175} INFO - Processing /home/airflow/.local/lib/python3.7/site-packages/airflow/example_dags/example_sla_dag.py took 0.061 seconds
[2023-03-26T16:58:30.997+0000] {processor.py:153} INFO - Started process (PID=1015) to work on /home/airflow/.local/lib/python3.7/site-packages/airflow/example_dags/example_sla_dag.py
[2023-03-26T16:58:30.997+0000] {processor.py:743} INFO - Processing file /home/airflow/.local/lib/python3.7/site-packages/airflow/example_dags/example_sla_dag.py for tasks to queue
[2023-03-26T16:58:30.998+0000] {logging_mixin.py:137} INFO - [2023-03-26T16:58:30.998+0000] {dagbag.py:532} INFO - Filling up the DagBag from /home/airflow/.local/lib/python3.7/site-packages/airflow/example_dags/example_sla_dag.py
[2023-03-26T16:58:31.011+0000] {processor.py:753} INFO - DAG(s) dict_keys(['example_sla_dag']) retrieved from /home/airflow/.local/lib/python3.7/site-packages/airflow/example_dags/example_sla_dag.py
[2023-03-26T16:58:31.026+0000] {logging_mixin.py:137} INFO - [2023-03-26T16:58:31.026+0000] {dag.py:2693} INFO - Sync 1 DAGs
[2023-03-26T16:58:31.042+0000] {logging_mixin.py:137} INFO - [2023-03-26T16:58:31.041+0000] {dag.py:3444} INFO - Setting next_dagrun for example_sla_dag to 2023-03-26T16:56:00+00:00, run_after=2023-03-26T16:58:00+00:00
[2023-03-26T16:58:31.055+0000] {processor.py:175} INFO - Processing /home/airflow/.local/lib/python3.7/site-packages/airflow/example_dags/example_sla_dag.py took 0.060 seconds
[2023-03-26T16:59:01.779+0000] {processor.py:153} INFO - Started process (PID=1064) to work on /home/airflow/.local/lib/python3.7/site-packages/airflow/example_dags/example_sla_dag.py
[2023-03-26T16:59:01.779+0000] {processor.py:743} INFO - Processing file /home/airflow/.local/lib/python3.7/site-packages/airflow/example_dags/example_sla_dag.py for tasks to queue
[2023-03-26T16:59:01.780+0000] {logging_mixin.py:137} INFO - [2023-03-26T16:59:01.780+0000] {dagbag.py:532} INFO - Filling up the DagBag from /home/airflow/.local/lib/python3.7/site-packages/airflow/example_dags/example_sla_dag.py
[2023-03-26T16:59:01.794+0000] {processor.py:753} INFO - DAG(s) dict_keys(['example_sla_dag']) retrieved from /home/airflow/.local/lib/python3.7/site-packages/airflow/example_dags/example_sla_dag.py
[2023-03-26T16:59:01.810+0000] {logging_mixin.py:137} INFO - [2023-03-26T16:59:01.809+0000] {dag.py:2693} INFO - Sync 1 DAGs
[2023-03-26T16:59:01.825+0000] {logging_mixin.py:137} INFO - [2023-03-26T16:59:01.825+0000] {dag.py:3444} INFO - Setting next_dagrun for example_sla_dag to 2023-03-26T16:56:00+00:00, run_after=2023-03-26T16:58:00+00:00
[2023-03-26T16:59:01.843+0000] {processor.py:175} INFO - Processing /home/airflow/.local/lib/python3.7/site-packages/airflow/example_dags/example_sla_dag.py took 0.066 seconds
[2023-03-26T16:59:32.427+0000] {processor.py:153} INFO - Started process (PID=1113) to work on /home/airflow/.local/lib/python3.7/site-packages/airflow/example_dags/example_sla_dag.py
[2023-03-26T16:59:32.428+0000] {processor.py:743} INFO - Processing file /home/airflow/.local/lib/python3.7/site-packages/airflow/example_dags/example_sla_dag.py for tasks to queue
[2023-03-26T16:59:32.428+0000] {logging_mixin.py:137} INFO - [2023-03-26T16:59:32.428+0000] {dagbag.py:532} INFO - Filling up the DagBag from /home/airflow/.local/lib/python3.7/site-packages/airflow/example_dags/example_sla_dag.py
[2023-03-26T16:59:32.442+0000] {processor.py:753} INFO - DAG(s) dict_keys(['example_sla_dag']) retrieved from /home/airflow/.local/lib/python3.7/site-packages/airflow/example_dags/example_sla_dag.py
[2023-03-26T16:59:32.457+0000] {logging_mixin.py:137} INFO - [2023-03-26T16:59:32.457+0000] {dag.py:2693} INFO - Sync 1 DAGs
[2023-03-26T16:59:32.474+0000] {logging_mixin.py:137} INFO - [2023-03-26T16:59:32.474+0000] {dag.py:3444} INFO - Setting next_dagrun for example_sla_dag to 2023-03-26T16:56:00+00:00, run_after=2023-03-26T16:58:00+00:00
[2023-03-26T16:59:32.486+0000] {processor.py:175} INFO - Processing /home/airflow/.local/lib/python3.7/site-packages/airflow/example_dags/example_sla_dag.py took 0.061 seconds
[2023-03-26T17:00:03.129+0000] {processor.py:153} INFO - Started process (PID=1162) to work on /home/airflow/.local/lib/python3.7/site-packages/airflow/example_dags/example_sla_dag.py
[2023-03-26T17:00:03.129+0000] {processor.py:743} INFO - Processing file /home/airflow/.local/lib/python3.7/site-packages/airflow/example_dags/example_sla_dag.py for tasks to queue
[2023-03-26T17:00:03.130+0000] {logging_mixin.py:137} INFO - [2023-03-26T17:00:03.130+0000] {dagbag.py:532} INFO - Filling up the DagBag from /home/airflow/.local/lib/python3.7/site-packages/airflow/example_dags/example_sla_dag.py
[2023-03-26T17:00:03.142+0000] {processor.py:753} INFO - DAG(s) dict_keys(['example_sla_dag']) retrieved from /home/airflow/.local/lib/python3.7/site-packages/airflow/example_dags/example_sla_dag.py
[2023-03-26T17:00:03.157+0000] {logging_mixin.py:137} INFO - [2023-03-26T17:00:03.157+0000] {dag.py:2693} INFO - Sync 1 DAGs
[2023-03-26T17:00:03.173+0000] {logging_mixin.py:137} INFO - [2023-03-26T17:00:03.173+0000] {dag.py:3444} INFO - Setting next_dagrun for example_sla_dag to 2023-03-26T16:58:00+00:00, run_after=2023-03-26T17:00:00+00:00
[2023-03-26T17:00:03.185+0000] {processor.py:175} INFO - Processing /home/airflow/.local/lib/python3.7/site-packages/airflow/example_dags/example_sla_dag.py took 0.057 seconds
[2023-03-26T17:00:33.782+0000] {processor.py:153} INFO - Started process (PID=1211) to work on /home/airflow/.local/lib/python3.7/site-packages/airflow/example_dags/example_sla_dag.py
[2023-03-26T17:00:33.782+0000] {processor.py:743} INFO - Processing file /home/airflow/.local/lib/python3.7/site-packages/airflow/example_dags/example_sla_dag.py for tasks to queue
[2023-03-26T17:00:33.783+0000] {logging_mixin.py:137} INFO - [2023-03-26T17:00:33.783+0000] {dagbag.py:532} INFO - Filling up the DagBag from /home/airflow/.local/lib/python3.7/site-packages/airflow/example_dags/example_sla_dag.py
[2023-03-26T17:00:33.796+0000] {processor.py:753} INFO - DAG(s) dict_keys(['example_sla_dag']) retrieved from /home/airflow/.local/lib/python3.7/site-packages/airflow/example_dags/example_sla_dag.py
[2023-03-26T17:00:33.811+0000] {logging_mixin.py:137} INFO - [2023-03-26T17:00:33.811+0000] {dag.py:2693} INFO - Sync 1 DAGs
[2023-03-26T17:00:33.826+0000] {logging_mixin.py:137} INFO - [2023-03-26T17:00:33.826+0000] {dag.py:3444} INFO - Setting next_dagrun for example_sla_dag to 2023-03-26T16:58:00+00:00, run_after=2023-03-26T17:00:00+00:00
[2023-03-26T17:00:33.844+0000] {processor.py:175} INFO - Processing /home/airflow/.local/lib/python3.7/site-packages/airflow/example_dags/example_sla_dag.py took 0.064 seconds
