[2023-03-26T16:04:05.225+0000] {processor.py:153} INFO - Started process (PID=91) to work on /home/airflow/.local/lib/python3.7/site-packages/airflow/example_dags/example_branch_python_dop_operator_3.py
[2023-03-26T16:04:05.226+0000] {processor.py:743} INFO - Processing file /home/airflow/.local/lib/python3.7/site-packages/airflow/example_dags/example_branch_python_dop_operator_3.py for tasks to queue
[2023-03-26T16:04:05.226+0000] {logging_mixin.py:137} INFO - [2023-03-26T16:04:05.226+0000] {dagbag.py:532} INFO - Filling up the DagBag from /home/airflow/.local/lib/python3.7/site-packages/airflow/example_dags/example_branch_python_dop_operator_3.py
[2023-03-26T16:04:05.241+0000] {processor.py:753} INFO - DAG(s) dict_keys(['example_branch_dop_operator_v3']) retrieved from /home/airflow/.local/lib/python3.7/site-packages/airflow/example_dags/example_branch_python_dop_operator_3.py
[2023-03-26T16:04:05.325+0000] {logging_mixin.py:137} INFO - [2023-03-26T16:04:05.325+0000] {manager.py:504} INFO - Created Permission View: can read on DAG:example_branch_dop_operator_v3
[2023-03-26T16:04:05.333+0000] {logging_mixin.py:137} INFO - [2023-03-26T16:04:05.333+0000] {manager.py:504} INFO - Created Permission View: can edit on DAG:example_branch_dop_operator_v3
[2023-03-26T16:04:05.339+0000] {logging_mixin.py:137} INFO - [2023-03-26T16:04:05.339+0000] {manager.py:504} INFO - Created Permission View: can delete on DAG:example_branch_dop_operator_v3
[2023-03-26T16:04:05.339+0000] {logging_mixin.py:137} INFO - [2023-03-26T16:04:05.339+0000] {dag.py:2693} INFO - Sync 1 DAGs
[2023-03-26T16:04:05.346+0000] {logging_mixin.py:137} INFO - [2023-03-26T16:04:05.346+0000] {dag.py:2714} INFO - Creating ORM DAG for example_branch_dop_operator_v3
[2023-03-26T16:04:05.355+0000] {logging_mixin.py:137} INFO - [2023-03-26T16:04:05.355+0000] {dag.py:3444} INFO - Setting next_dagrun for example_branch_dop_operator_v3 to 2023-03-26T16:03:00+00:00, run_after=2023-03-26T16:04:00+00:00
[2023-03-26T16:04:05.369+0000] {processor.py:175} INFO - Processing /home/airflow/.local/lib/python3.7/site-packages/airflow/example_dags/example_branch_python_dop_operator_3.py took 0.145 seconds
[2023-03-26T16:04:36.260+0000] {processor.py:153} INFO - Started process (PID=140) to work on /home/airflow/.local/lib/python3.7/site-packages/airflow/example_dags/example_branch_python_dop_operator_3.py
[2023-03-26T16:04:36.260+0000] {processor.py:743} INFO - Processing file /home/airflow/.local/lib/python3.7/site-packages/airflow/example_dags/example_branch_python_dop_operator_3.py for tasks to queue
[2023-03-26T16:04:36.260+0000] {logging_mixin.py:137} INFO - [2023-03-26T16:04:36.260+0000] {dagbag.py:532} INFO - Filling up the DagBag from /home/airflow/.local/lib/python3.7/site-packages/airflow/example_dags/example_branch_python_dop_operator_3.py
[2023-03-26T16:04:36.274+0000] {processor.py:753} INFO - DAG(s) dict_keys(['example_branch_dop_operator_v3']) retrieved from /home/airflow/.local/lib/python3.7/site-packages/airflow/example_dags/example_branch_python_dop_operator_3.py
[2023-03-26T16:04:36.290+0000] {logging_mixin.py:137} INFO - [2023-03-26T16:04:36.289+0000] {dag.py:2693} INFO - Sync 1 DAGs
[2023-03-26T16:04:36.307+0000] {logging_mixin.py:137} INFO - [2023-03-26T16:04:36.307+0000] {dag.py:3444} INFO - Setting next_dagrun for example_branch_dop_operator_v3 to 2023-03-26T16:03:00+00:00, run_after=2023-03-26T16:04:00+00:00
[2023-03-26T16:04:36.321+0000] {processor.py:175} INFO - Processing /home/airflow/.local/lib/python3.7/site-packages/airflow/example_dags/example_branch_python_dop_operator_3.py took 0.063 seconds
[2023-03-26T16:05:06.866+0000] {processor.py:153} INFO - Started process (PID=189) to work on /home/airflow/.local/lib/python3.7/site-packages/airflow/example_dags/example_branch_python_dop_operator_3.py
[2023-03-26T16:05:06.867+0000] {processor.py:743} INFO - Processing file /home/airflow/.local/lib/python3.7/site-packages/airflow/example_dags/example_branch_python_dop_operator_3.py for tasks to queue
[2023-03-26T16:05:06.867+0000] {logging_mixin.py:137} INFO - [2023-03-26T16:05:06.867+0000] {dagbag.py:532} INFO - Filling up the DagBag from /home/airflow/.local/lib/python3.7/site-packages/airflow/example_dags/example_branch_python_dop_operator_3.py
[2023-03-26T16:05:06.880+0000] {processor.py:753} INFO - DAG(s) dict_keys(['example_branch_dop_operator_v3']) retrieved from /home/airflow/.local/lib/python3.7/site-packages/airflow/example_dags/example_branch_python_dop_operator_3.py
[2023-03-26T16:05:06.895+0000] {logging_mixin.py:137} INFO - [2023-03-26T16:05:06.895+0000] {dag.py:2693} INFO - Sync 1 DAGs
[2023-03-26T16:05:06.911+0000] {logging_mixin.py:137} INFO - [2023-03-26T16:05:06.911+0000] {dag.py:3444} INFO - Setting next_dagrun for example_branch_dop_operator_v3 to 2023-03-26T16:04:00+00:00, run_after=2023-03-26T16:05:00+00:00
[2023-03-26T16:05:06.926+0000] {processor.py:175} INFO - Processing /home/airflow/.local/lib/python3.7/site-packages/airflow/example_dags/example_branch_python_dop_operator_3.py took 0.062 seconds
[2023-03-26T16:05:37.452+0000] {processor.py:153} INFO - Started process (PID=237) to work on /home/airflow/.local/lib/python3.7/site-packages/airflow/example_dags/example_branch_python_dop_operator_3.py
[2023-03-26T16:05:37.452+0000] {processor.py:743} INFO - Processing file /home/airflow/.local/lib/python3.7/site-packages/airflow/example_dags/example_branch_python_dop_operator_3.py for tasks to queue
[2023-03-26T16:05:37.453+0000] {logging_mixin.py:137} INFO - [2023-03-26T16:05:37.453+0000] {dagbag.py:532} INFO - Filling up the DagBag from /home/airflow/.local/lib/python3.7/site-packages/airflow/example_dags/example_branch_python_dop_operator_3.py
[2023-03-26T16:05:37.466+0000] {processor.py:753} INFO - DAG(s) dict_keys(['example_branch_dop_operator_v3']) retrieved from /home/airflow/.local/lib/python3.7/site-packages/airflow/example_dags/example_branch_python_dop_operator_3.py
[2023-03-26T16:05:37.482+0000] {logging_mixin.py:137} INFO - [2023-03-26T16:05:37.482+0000] {dag.py:2693} INFO - Sync 1 DAGs
[2023-03-26T16:05:37.498+0000] {logging_mixin.py:137} INFO - [2023-03-26T16:05:37.498+0000] {dag.py:3444} INFO - Setting next_dagrun for example_branch_dop_operator_v3 to 2023-03-26T16:04:00+00:00, run_after=2023-03-26T16:05:00+00:00
[2023-03-26T16:05:37.515+0000] {processor.py:175} INFO - Processing /home/airflow/.local/lib/python3.7/site-packages/airflow/example_dags/example_branch_python_dop_operator_3.py took 0.065 seconds
[2023-03-26T16:06:08.092+0000] {processor.py:153} INFO - Started process (PID=286) to work on /home/airflow/.local/lib/python3.7/site-packages/airflow/example_dags/example_branch_python_dop_operator_3.py
[2023-03-26T16:06:08.093+0000] {processor.py:743} INFO - Processing file /home/airflow/.local/lib/python3.7/site-packages/airflow/example_dags/example_branch_python_dop_operator_3.py for tasks to queue
[2023-03-26T16:06:08.093+0000] {logging_mixin.py:137} INFO - [2023-03-26T16:06:08.093+0000] {dagbag.py:532} INFO - Filling up the DagBag from /home/airflow/.local/lib/python3.7/site-packages/airflow/example_dags/example_branch_python_dop_operator_3.py
[2023-03-26T16:06:08.106+0000] {processor.py:753} INFO - DAG(s) dict_keys(['example_branch_dop_operator_v3']) retrieved from /home/airflow/.local/lib/python3.7/site-packages/airflow/example_dags/example_branch_python_dop_operator_3.py
[2023-03-26T16:06:08.122+0000] {logging_mixin.py:137} INFO - [2023-03-26T16:06:08.122+0000] {dag.py:2693} INFO - Sync 1 DAGs
[2023-03-26T16:06:08.138+0000] {logging_mixin.py:137} INFO - [2023-03-26T16:06:08.138+0000] {dag.py:3444} INFO - Setting next_dagrun for example_branch_dop_operator_v3 to 2023-03-26T16:05:00+00:00, run_after=2023-03-26T16:06:00+00:00
[2023-03-26T16:06:08.152+0000] {processor.py:175} INFO - Processing /home/airflow/.local/lib/python3.7/site-packages/airflow/example_dags/example_branch_python_dop_operator_3.py took 0.062 seconds
[2023-03-26T16:06:38.694+0000] {processor.py:153} INFO - Started process (PID=335) to work on /home/airflow/.local/lib/python3.7/site-packages/airflow/example_dags/example_branch_python_dop_operator_3.py
[2023-03-26T16:06:38.695+0000] {processor.py:743} INFO - Processing file /home/airflow/.local/lib/python3.7/site-packages/airflow/example_dags/example_branch_python_dop_operator_3.py for tasks to queue
[2023-03-26T16:06:38.695+0000] {logging_mixin.py:137} INFO - [2023-03-26T16:06:38.695+0000] {dagbag.py:532} INFO - Filling up the DagBag from /home/airflow/.local/lib/python3.7/site-packages/airflow/example_dags/example_branch_python_dop_operator_3.py
[2023-03-26T16:06:38.709+0000] {processor.py:753} INFO - DAG(s) dict_keys(['example_branch_dop_operator_v3']) retrieved from /home/airflow/.local/lib/python3.7/site-packages/airflow/example_dags/example_branch_python_dop_operator_3.py
[2023-03-26T16:06:38.726+0000] {logging_mixin.py:137} INFO - [2023-03-26T16:06:38.726+0000] {dag.py:2693} INFO - Sync 1 DAGs
[2023-03-26T16:06:38.745+0000] {logging_mixin.py:137} INFO - [2023-03-26T16:06:38.744+0000] {dag.py:3444} INFO - Setting next_dagrun for example_branch_dop_operator_v3 to 2023-03-26T16:05:00+00:00, run_after=2023-03-26T16:06:00+00:00
[2023-03-26T16:06:38.759+0000] {processor.py:175} INFO - Processing /home/airflow/.local/lib/python3.7/site-packages/airflow/example_dags/example_branch_python_dop_operator_3.py took 0.066 seconds
[2023-03-26T16:07:09.354+0000] {processor.py:153} INFO - Started process (PID=384) to work on /home/airflow/.local/lib/python3.7/site-packages/airflow/example_dags/example_branch_python_dop_operator_3.py
[2023-03-26T16:07:09.355+0000] {processor.py:743} INFO - Processing file /home/airflow/.local/lib/python3.7/site-packages/airflow/example_dags/example_branch_python_dop_operator_3.py for tasks to queue
[2023-03-26T16:07:09.355+0000] {logging_mixin.py:137} INFO - [2023-03-26T16:07:09.355+0000] {dagbag.py:532} INFO - Filling up the DagBag from /home/airflow/.local/lib/python3.7/site-packages/airflow/example_dags/example_branch_python_dop_operator_3.py
[2023-03-26T16:07:09.369+0000] {processor.py:753} INFO - DAG(s) dict_keys(['example_branch_dop_operator_v3']) retrieved from /home/airflow/.local/lib/python3.7/site-packages/airflow/example_dags/example_branch_python_dop_operator_3.py
[2023-03-26T16:07:09.385+0000] {logging_mixin.py:137} INFO - [2023-03-26T16:07:09.385+0000] {dag.py:2693} INFO - Sync 1 DAGs
[2023-03-26T16:07:09.401+0000] {logging_mixin.py:137} INFO - [2023-03-26T16:07:09.401+0000] {dag.py:3444} INFO - Setting next_dagrun for example_branch_dop_operator_v3 to 2023-03-26T16:06:00+00:00, run_after=2023-03-26T16:07:00+00:00
[2023-03-26T16:07:09.416+0000] {processor.py:175} INFO - Processing /home/airflow/.local/lib/python3.7/site-packages/airflow/example_dags/example_branch_python_dop_operator_3.py took 0.064 seconds
[2023-03-26T16:07:39.996+0000] {processor.py:153} INFO - Started process (PID=433) to work on /home/airflow/.local/lib/python3.7/site-packages/airflow/example_dags/example_branch_python_dop_operator_3.py
[2023-03-26T16:07:39.996+0000] {processor.py:743} INFO - Processing file /home/airflow/.local/lib/python3.7/site-packages/airflow/example_dags/example_branch_python_dop_operator_3.py for tasks to queue
[2023-03-26T16:07:39.997+0000] {logging_mixin.py:137} INFO - [2023-03-26T16:07:39.996+0000] {dagbag.py:532} INFO - Filling up the DagBag from /home/airflow/.local/lib/python3.7/site-packages/airflow/example_dags/example_branch_python_dop_operator_3.py
[2023-03-26T16:07:40.010+0000] {processor.py:753} INFO - DAG(s) dict_keys(['example_branch_dop_operator_v3']) retrieved from /home/airflow/.local/lib/python3.7/site-packages/airflow/example_dags/example_branch_python_dop_operator_3.py
[2023-03-26T16:07:40.027+0000] {logging_mixin.py:137} INFO - [2023-03-26T16:07:40.027+0000] {dag.py:2693} INFO - Sync 1 DAGs
[2023-03-26T16:07:40.043+0000] {logging_mixin.py:137} INFO - [2023-03-26T16:07:40.043+0000] {dag.py:3444} INFO - Setting next_dagrun for example_branch_dop_operator_v3 to 2023-03-26T16:06:00+00:00, run_after=2023-03-26T16:07:00+00:00
[2023-03-26T16:07:40.057+0000] {processor.py:175} INFO - Processing /home/airflow/.local/lib/python3.7/site-packages/airflow/example_dags/example_branch_python_dop_operator_3.py took 0.063 seconds
[2023-03-26T16:08:10.598+0000] {processor.py:153} INFO - Started process (PID=482) to work on /home/airflow/.local/lib/python3.7/site-packages/airflow/example_dags/example_branch_python_dop_operator_3.py
[2023-03-26T16:08:10.598+0000] {processor.py:743} INFO - Processing file /home/airflow/.local/lib/python3.7/site-packages/airflow/example_dags/example_branch_python_dop_operator_3.py for tasks to queue
[2023-03-26T16:08:10.599+0000] {logging_mixin.py:137} INFO - [2023-03-26T16:08:10.599+0000] {dagbag.py:532} INFO - Filling up the DagBag from /home/airflow/.local/lib/python3.7/site-packages/airflow/example_dags/example_branch_python_dop_operator_3.py
[2023-03-26T16:08:10.612+0000] {processor.py:753} INFO - DAG(s) dict_keys(['example_branch_dop_operator_v3']) retrieved from /home/airflow/.local/lib/python3.7/site-packages/airflow/example_dags/example_branch_python_dop_operator_3.py
[2023-03-26T16:08:10.628+0000] {logging_mixin.py:137} INFO - [2023-03-26T16:08:10.628+0000] {dag.py:2693} INFO - Sync 1 DAGs
[2023-03-26T16:08:10.644+0000] {logging_mixin.py:137} INFO - [2023-03-26T16:08:10.644+0000] {dag.py:3444} INFO - Setting next_dagrun for example_branch_dop_operator_v3 to 2023-03-26T16:07:00+00:00, run_after=2023-03-26T16:08:00+00:00
[2023-03-26T16:08:10.658+0000] {processor.py:175} INFO - Processing /home/airflow/.local/lib/python3.7/site-packages/airflow/example_dags/example_branch_python_dop_operator_3.py took 0.063 seconds
[2023-03-26T16:13:00.928+0000] {processor.py:153} INFO - Started process (PID=91) to work on /home/airflow/.local/lib/python3.7/site-packages/airflow/example_dags/example_branch_python_dop_operator_3.py
[2023-03-26T16:13:00.928+0000] {processor.py:743} INFO - Processing file /home/airflow/.local/lib/python3.7/site-packages/airflow/example_dags/example_branch_python_dop_operator_3.py for tasks to queue
[2023-03-26T16:13:00.929+0000] {logging_mixin.py:137} INFO - [2023-03-26T16:13:00.929+0000] {dagbag.py:532} INFO - Filling up the DagBag from /home/airflow/.local/lib/python3.7/site-packages/airflow/example_dags/example_branch_python_dop_operator_3.py
[2023-03-26T16:13:00.949+0000] {processor.py:753} INFO - DAG(s) dict_keys(['example_branch_dop_operator_v3']) retrieved from /home/airflow/.local/lib/python3.7/site-packages/airflow/example_dags/example_branch_python_dop_operator_3.py
[2023-03-26T16:13:00.959+0000] {logging_mixin.py:137} INFO - [2023-03-26T16:13:00.959+0000] {dag.py:2693} INFO - Sync 1 DAGs
[2023-03-26T16:13:00.979+0000] {logging_mixin.py:137} INFO - [2023-03-26T16:13:00.978+0000] {dag.py:3444} INFO - Setting next_dagrun for example_branch_dop_operator_v3 to 2023-03-26T16:12:00+00:00, run_after=2023-03-26T16:13:00+00:00
[2023-03-26T16:13:00.994+0000] {processor.py:175} INFO - Processing /home/airflow/.local/lib/python3.7/site-packages/airflow/example_dags/example_branch_python_dop_operator_3.py took 0.069 seconds
[2023-03-26T16:13:31.523+0000] {processor.py:153} INFO - Started process (PID=140) to work on /home/airflow/.local/lib/python3.7/site-packages/airflow/example_dags/example_branch_python_dop_operator_3.py
[2023-03-26T16:13:31.524+0000] {processor.py:743} INFO - Processing file /home/airflow/.local/lib/python3.7/site-packages/airflow/example_dags/example_branch_python_dop_operator_3.py for tasks to queue
[2023-03-26T16:13:31.524+0000] {logging_mixin.py:137} INFO - [2023-03-26T16:13:31.524+0000] {dagbag.py:532} INFO - Filling up the DagBag from /home/airflow/.local/lib/python3.7/site-packages/airflow/example_dags/example_branch_python_dop_operator_3.py
[2023-03-26T16:13:31.537+0000] {processor.py:753} INFO - DAG(s) dict_keys(['example_branch_dop_operator_v3']) retrieved from /home/airflow/.local/lib/python3.7/site-packages/airflow/example_dags/example_branch_python_dop_operator_3.py
[2023-03-26T16:13:31.553+0000] {logging_mixin.py:137} INFO - [2023-03-26T16:13:31.553+0000] {dag.py:2693} INFO - Sync 1 DAGs
[2023-03-26T16:13:31.569+0000] {logging_mixin.py:137} INFO - [2023-03-26T16:13:31.569+0000] {dag.py:3444} INFO - Setting next_dagrun for example_branch_dop_operator_v3 to 2023-03-26T16:12:00+00:00, run_after=2023-03-26T16:13:00+00:00
[2023-03-26T16:13:31.583+0000] {processor.py:175} INFO - Processing /home/airflow/.local/lib/python3.7/site-packages/airflow/example_dags/example_branch_python_dop_operator_3.py took 0.062 seconds
[2023-03-26T16:17:29.816+0000] {processor.py:153} INFO - Started process (PID=91) to work on /home/airflow/.local/lib/python3.7/site-packages/airflow/example_dags/example_branch_python_dop_operator_3.py
[2023-03-26T16:17:29.817+0000] {processor.py:743} INFO - Processing file /home/airflow/.local/lib/python3.7/site-packages/airflow/example_dags/example_branch_python_dop_operator_3.py for tasks to queue
[2023-03-26T16:17:29.817+0000] {logging_mixin.py:137} INFO - [2023-03-26T16:17:29.817+0000] {dagbag.py:532} INFO - Filling up the DagBag from /home/airflow/.local/lib/python3.7/site-packages/airflow/example_dags/example_branch_python_dop_operator_3.py
[2023-03-26T16:17:29.834+0000] {processor.py:753} INFO - DAG(s) dict_keys(['example_branch_dop_operator_v3']) retrieved from /home/airflow/.local/lib/python3.7/site-packages/airflow/example_dags/example_branch_python_dop_operator_3.py
[2023-03-26T16:17:29.843+0000] {logging_mixin.py:137} INFO - [2023-03-26T16:17:29.843+0000] {dag.py:2693} INFO - Sync 1 DAGs
[2023-03-26T16:17:29.861+0000] {logging_mixin.py:137} INFO - [2023-03-26T16:17:29.861+0000] {dag.py:3444} INFO - Setting next_dagrun for example_branch_dop_operator_v3 to 2023-03-26T16:16:00+00:00, run_after=2023-03-26T16:17:00+00:00
[2023-03-26T16:17:29.877+0000] {processor.py:175} INFO - Processing /home/airflow/.local/lib/python3.7/site-packages/airflow/example_dags/example_branch_python_dop_operator_3.py took 0.063 seconds
[2023-03-26T16:18:00.745+0000] {processor.py:153} INFO - Started process (PID=140) to work on /home/airflow/.local/lib/python3.7/site-packages/airflow/example_dags/example_branch_python_dop_operator_3.py
[2023-03-26T16:18:00.746+0000] {processor.py:743} INFO - Processing file /home/airflow/.local/lib/python3.7/site-packages/airflow/example_dags/example_branch_python_dop_operator_3.py for tasks to queue
[2023-03-26T16:18:00.746+0000] {logging_mixin.py:137} INFO - [2023-03-26T16:18:00.746+0000] {dagbag.py:532} INFO - Filling up the DagBag from /home/airflow/.local/lib/python3.7/site-packages/airflow/example_dags/example_branch_python_dop_operator_3.py
[2023-03-26T16:18:00.760+0000] {processor.py:753} INFO - DAG(s) dict_keys(['example_branch_dop_operator_v3']) retrieved from /home/airflow/.local/lib/python3.7/site-packages/airflow/example_dags/example_branch_python_dop_operator_3.py
[2023-03-26T16:18:00.776+0000] {logging_mixin.py:137} INFO - [2023-03-26T16:18:00.776+0000] {dag.py:2693} INFO - Sync 1 DAGs
[2023-03-26T16:18:00.792+0000] {logging_mixin.py:137} INFO - [2023-03-26T16:18:00.792+0000] {dag.py:3444} INFO - Setting next_dagrun for example_branch_dop_operator_v3 to 2023-03-26T16:17:00+00:00, run_after=2023-03-26T16:18:00+00:00
[2023-03-26T16:18:00.807+0000] {processor.py:175} INFO - Processing /home/airflow/.local/lib/python3.7/site-packages/airflow/example_dags/example_branch_python_dop_operator_3.py took 0.064 seconds
[2023-03-26T16:18:31.317+0000] {processor.py:153} INFO - Started process (PID=189) to work on /home/airflow/.local/lib/python3.7/site-packages/airflow/example_dags/example_branch_python_dop_operator_3.py
[2023-03-26T16:18:31.317+0000] {processor.py:743} INFO - Processing file /home/airflow/.local/lib/python3.7/site-packages/airflow/example_dags/example_branch_python_dop_operator_3.py for tasks to queue
[2023-03-26T16:18:31.318+0000] {logging_mixin.py:137} INFO - [2023-03-26T16:18:31.318+0000] {dagbag.py:532} INFO - Filling up the DagBag from /home/airflow/.local/lib/python3.7/site-packages/airflow/example_dags/example_branch_python_dop_operator_3.py
[2023-03-26T16:18:31.331+0000] {processor.py:753} INFO - DAG(s) dict_keys(['example_branch_dop_operator_v3']) retrieved from /home/airflow/.local/lib/python3.7/site-packages/airflow/example_dags/example_branch_python_dop_operator_3.py
[2023-03-26T16:18:31.347+0000] {logging_mixin.py:137} INFO - [2023-03-26T16:18:31.347+0000] {dag.py:2693} INFO - Sync 1 DAGs
[2023-03-26T16:18:31.364+0000] {logging_mixin.py:137} INFO - [2023-03-26T16:18:31.364+0000] {dag.py:3444} INFO - Setting next_dagrun for example_branch_dop_operator_v3 to 2023-03-26T16:17:00+00:00, run_after=2023-03-26T16:18:00+00:00
[2023-03-26T16:18:31.378+0000] {processor.py:175} INFO - Processing /home/airflow/.local/lib/python3.7/site-packages/airflow/example_dags/example_branch_python_dop_operator_3.py took 0.063 seconds
[2023-03-26T16:19:02.121+0000] {processor.py:153} INFO - Started process (PID=238) to work on /home/airflow/.local/lib/python3.7/site-packages/airflow/example_dags/example_branch_python_dop_operator_3.py
[2023-03-26T16:19:02.121+0000] {processor.py:743} INFO - Processing file /home/airflow/.local/lib/python3.7/site-packages/airflow/example_dags/example_branch_python_dop_operator_3.py for tasks to queue
[2023-03-26T16:19:02.122+0000] {logging_mixin.py:137} INFO - [2023-03-26T16:19:02.122+0000] {dagbag.py:532} INFO - Filling up the DagBag from /home/airflow/.local/lib/python3.7/site-packages/airflow/example_dags/example_branch_python_dop_operator_3.py
[2023-03-26T16:19:02.136+0000] {processor.py:753} INFO - DAG(s) dict_keys(['example_branch_dop_operator_v3']) retrieved from /home/airflow/.local/lib/python3.7/site-packages/airflow/example_dags/example_branch_python_dop_operator_3.py
[2023-03-26T16:19:02.151+0000] {logging_mixin.py:137} INFO - [2023-03-26T16:19:02.151+0000] {dag.py:2693} INFO - Sync 1 DAGs
[2023-03-26T16:19:02.169+0000] {logging_mixin.py:137} INFO - [2023-03-26T16:19:02.169+0000] {dag.py:3444} INFO - Setting next_dagrun for example_branch_dop_operator_v3 to 2023-03-26T16:18:00+00:00, run_after=2023-03-26T16:19:00+00:00
[2023-03-26T16:19:02.186+0000] {processor.py:175} INFO - Processing /home/airflow/.local/lib/python3.7/site-packages/airflow/example_dags/example_branch_python_dop_operator_3.py took 0.067 seconds
[2023-03-26T16:19:32.770+0000] {processor.py:153} INFO - Started process (PID=287) to work on /home/airflow/.local/lib/python3.7/site-packages/airflow/example_dags/example_branch_python_dop_operator_3.py
[2023-03-26T16:19:32.770+0000] {processor.py:743} INFO - Processing file /home/airflow/.local/lib/python3.7/site-packages/airflow/example_dags/example_branch_python_dop_operator_3.py for tasks to queue
[2023-03-26T16:19:32.771+0000] {logging_mixin.py:137} INFO - [2023-03-26T16:19:32.771+0000] {dagbag.py:532} INFO - Filling up the DagBag from /home/airflow/.local/lib/python3.7/site-packages/airflow/example_dags/example_branch_python_dop_operator_3.py
[2023-03-26T16:19:32.784+0000] {processor.py:753} INFO - DAG(s) dict_keys(['example_branch_dop_operator_v3']) retrieved from /home/airflow/.local/lib/python3.7/site-packages/airflow/example_dags/example_branch_python_dop_operator_3.py
[2023-03-26T16:19:32.800+0000] {logging_mixin.py:137} INFO - [2023-03-26T16:19:32.800+0000] {dag.py:2693} INFO - Sync 1 DAGs
[2023-03-26T16:19:32.817+0000] {logging_mixin.py:137} INFO - [2023-03-26T16:19:32.817+0000] {dag.py:3444} INFO - Setting next_dagrun for example_branch_dop_operator_v3 to 2023-03-26T16:18:00+00:00, run_after=2023-03-26T16:19:00+00:00
[2023-03-26T16:19:32.831+0000] {processor.py:175} INFO - Processing /home/airflow/.local/lib/python3.7/site-packages/airflow/example_dags/example_branch_python_dop_operator_3.py took 0.063 seconds
[2023-03-26T16:20:03.372+0000] {processor.py:153} INFO - Started process (PID=336) to work on /home/airflow/.local/lib/python3.7/site-packages/airflow/example_dags/example_branch_python_dop_operator_3.py
[2023-03-26T16:20:03.372+0000] {processor.py:743} INFO - Processing file /home/airflow/.local/lib/python3.7/site-packages/airflow/example_dags/example_branch_python_dop_operator_3.py for tasks to queue
[2023-03-26T16:20:03.373+0000] {logging_mixin.py:137} INFO - [2023-03-26T16:20:03.373+0000] {dagbag.py:532} INFO - Filling up the DagBag from /home/airflow/.local/lib/python3.7/site-packages/airflow/example_dags/example_branch_python_dop_operator_3.py
[2023-03-26T16:20:03.386+0000] {processor.py:753} INFO - DAG(s) dict_keys(['example_branch_dop_operator_v3']) retrieved from /home/airflow/.local/lib/python3.7/site-packages/airflow/example_dags/example_branch_python_dop_operator_3.py
[2023-03-26T16:20:03.402+0000] {logging_mixin.py:137} INFO - [2023-03-26T16:20:03.401+0000] {dag.py:2693} INFO - Sync 1 DAGs
[2023-03-26T16:20:03.418+0000] {logging_mixin.py:137} INFO - [2023-03-26T16:20:03.418+0000] {dag.py:3444} INFO - Setting next_dagrun for example_branch_dop_operator_v3 to 2023-03-26T16:19:00+00:00, run_after=2023-03-26T16:20:00+00:00
[2023-03-26T16:20:03.432+0000] {processor.py:175} INFO - Processing /home/airflow/.local/lib/python3.7/site-packages/airflow/example_dags/example_branch_python_dop_operator_3.py took 0.063 seconds
[2023-03-26T16:20:33.980+0000] {processor.py:153} INFO - Started process (PID=385) to work on /home/airflow/.local/lib/python3.7/site-packages/airflow/example_dags/example_branch_python_dop_operator_3.py
[2023-03-26T16:20:33.981+0000] {processor.py:743} INFO - Processing file /home/airflow/.local/lib/python3.7/site-packages/airflow/example_dags/example_branch_python_dop_operator_3.py for tasks to queue
[2023-03-26T16:20:33.981+0000] {logging_mixin.py:137} INFO - [2023-03-26T16:20:33.981+0000] {dagbag.py:532} INFO - Filling up the DagBag from /home/airflow/.local/lib/python3.7/site-packages/airflow/example_dags/example_branch_python_dop_operator_3.py
[2023-03-26T16:20:33.996+0000] {processor.py:753} INFO - DAG(s) dict_keys(['example_branch_dop_operator_v3']) retrieved from /home/airflow/.local/lib/python3.7/site-packages/airflow/example_dags/example_branch_python_dop_operator_3.py
[2023-03-26T16:20:34.011+0000] {logging_mixin.py:137} INFO - [2023-03-26T16:20:34.011+0000] {dag.py:2693} INFO - Sync 1 DAGs
[2023-03-26T16:20:34.027+0000] {logging_mixin.py:137} INFO - [2023-03-26T16:20:34.027+0000] {dag.py:3444} INFO - Setting next_dagrun for example_branch_dop_operator_v3 to 2023-03-26T16:19:00+00:00, run_after=2023-03-26T16:20:00+00:00
[2023-03-26T16:20:34.041+0000] {processor.py:175} INFO - Processing /home/airflow/.local/lib/python3.7/site-packages/airflow/example_dags/example_branch_python_dop_operator_3.py took 0.062 seconds
[2023-03-26T16:21:04.595+0000] {processor.py:153} INFO - Started process (PID=435) to work on /home/airflow/.local/lib/python3.7/site-packages/airflow/example_dags/example_branch_python_dop_operator_3.py
[2023-03-26T16:21:04.596+0000] {processor.py:743} INFO - Processing file /home/airflow/.local/lib/python3.7/site-packages/airflow/example_dags/example_branch_python_dop_operator_3.py for tasks to queue
[2023-03-26T16:21:04.596+0000] {logging_mixin.py:137} INFO - [2023-03-26T16:21:04.596+0000] {dagbag.py:532} INFO - Filling up the DagBag from /home/airflow/.local/lib/python3.7/site-packages/airflow/example_dags/example_branch_python_dop_operator_3.py
[2023-03-26T16:21:04.609+0000] {processor.py:753} INFO - DAG(s) dict_keys(['example_branch_dop_operator_v3']) retrieved from /home/airflow/.local/lib/python3.7/site-packages/airflow/example_dags/example_branch_python_dop_operator_3.py
[2023-03-26T16:21:04.624+0000] {logging_mixin.py:137} INFO - [2023-03-26T16:21:04.624+0000] {dag.py:2693} INFO - Sync 1 DAGs
[2023-03-26T16:21:04.642+0000] {logging_mixin.py:137} INFO - [2023-03-26T16:21:04.642+0000] {dag.py:3444} INFO - Setting next_dagrun for example_branch_dop_operator_v3 to 2023-03-26T16:20:00+00:00, run_after=2023-03-26T16:21:00+00:00
[2023-03-26T16:21:04.655+0000] {processor.py:175} INFO - Processing /home/airflow/.local/lib/python3.7/site-packages/airflow/example_dags/example_branch_python_dop_operator_3.py took 0.062 seconds
[2023-03-26T16:21:35.266+0000] {processor.py:153} INFO - Started process (PID=484) to work on /home/airflow/.local/lib/python3.7/site-packages/airflow/example_dags/example_branch_python_dop_operator_3.py
[2023-03-26T16:21:35.266+0000] {processor.py:743} INFO - Processing file /home/airflow/.local/lib/python3.7/site-packages/airflow/example_dags/example_branch_python_dop_operator_3.py for tasks to queue
[2023-03-26T16:21:35.267+0000] {logging_mixin.py:137} INFO - [2023-03-26T16:21:35.267+0000] {dagbag.py:532} INFO - Filling up the DagBag from /home/airflow/.local/lib/python3.7/site-packages/airflow/example_dags/example_branch_python_dop_operator_3.py
[2023-03-26T16:21:35.280+0000] {processor.py:753} INFO - DAG(s) dict_keys(['example_branch_dop_operator_v3']) retrieved from /home/airflow/.local/lib/python3.7/site-packages/airflow/example_dags/example_branch_python_dop_operator_3.py
[2023-03-26T16:21:35.297+0000] {logging_mixin.py:137} INFO - [2023-03-26T16:21:35.297+0000] {dag.py:2693} INFO - Sync 1 DAGs
[2023-03-26T16:21:35.314+0000] {logging_mixin.py:137} INFO - [2023-03-26T16:21:35.314+0000] {dag.py:3444} INFO - Setting next_dagrun for example_branch_dop_operator_v3 to 2023-03-26T16:20:00+00:00, run_after=2023-03-26T16:21:00+00:00
[2023-03-26T16:21:35.327+0000] {processor.py:175} INFO - Processing /home/airflow/.local/lib/python3.7/site-packages/airflow/example_dags/example_branch_python_dop_operator_3.py took 0.063 seconds
[2023-03-26T16:22:06.246+0000] {processor.py:153} INFO - Started process (PID=533) to work on /home/airflow/.local/lib/python3.7/site-packages/airflow/example_dags/example_branch_python_dop_operator_3.py
[2023-03-26T16:22:06.246+0000] {processor.py:743} INFO - Processing file /home/airflow/.local/lib/python3.7/site-packages/airflow/example_dags/example_branch_python_dop_operator_3.py for tasks to queue
[2023-03-26T16:22:06.247+0000] {logging_mixin.py:137} INFO - [2023-03-26T16:22:06.247+0000] {dagbag.py:532} INFO - Filling up the DagBag from /home/airflow/.local/lib/python3.7/site-packages/airflow/example_dags/example_branch_python_dop_operator_3.py
[2023-03-26T16:22:06.261+0000] {processor.py:753} INFO - DAG(s) dict_keys(['example_branch_dop_operator_v3']) retrieved from /home/airflow/.local/lib/python3.7/site-packages/airflow/example_dags/example_branch_python_dop_operator_3.py
[2023-03-26T16:22:06.279+0000] {logging_mixin.py:137} INFO - [2023-03-26T16:22:06.279+0000] {dag.py:2693} INFO - Sync 1 DAGs
[2023-03-26T16:22:06.297+0000] {logging_mixin.py:137} INFO - [2023-03-26T16:22:06.296+0000] {dag.py:3444} INFO - Setting next_dagrun for example_branch_dop_operator_v3 to 2023-03-26T16:21:00+00:00, run_after=2023-03-26T16:22:00+00:00
[2023-03-26T16:22:06.315+0000] {processor.py:175} INFO - Processing /home/airflow/.local/lib/python3.7/site-packages/airflow/example_dags/example_branch_python_dop_operator_3.py took 0.071 seconds
[2023-03-26T16:22:37.105+0000] {processor.py:153} INFO - Started process (PID=582) to work on /home/airflow/.local/lib/python3.7/site-packages/airflow/example_dags/example_branch_python_dop_operator_3.py
[2023-03-26T16:22:37.106+0000] {processor.py:743} INFO - Processing file /home/airflow/.local/lib/python3.7/site-packages/airflow/example_dags/example_branch_python_dop_operator_3.py for tasks to queue
[2023-03-26T16:22:37.106+0000] {logging_mixin.py:137} INFO - [2023-03-26T16:22:37.106+0000] {dagbag.py:532} INFO - Filling up the DagBag from /home/airflow/.local/lib/python3.7/site-packages/airflow/example_dags/example_branch_python_dop_operator_3.py
[2023-03-26T16:22:37.119+0000] {processor.py:753} INFO - DAG(s) dict_keys(['example_branch_dop_operator_v3']) retrieved from /home/airflow/.local/lib/python3.7/site-packages/airflow/example_dags/example_branch_python_dop_operator_3.py
[2023-03-26T16:22:37.136+0000] {logging_mixin.py:137} INFO - [2023-03-26T16:22:37.136+0000] {dag.py:2693} INFO - Sync 1 DAGs
[2023-03-26T16:22:37.153+0000] {logging_mixin.py:137} INFO - [2023-03-26T16:22:37.153+0000] {dag.py:3444} INFO - Setting next_dagrun for example_branch_dop_operator_v3 to 2023-03-26T16:21:00+00:00, run_after=2023-03-26T16:22:00+00:00
[2023-03-26T16:22:37.169+0000] {processor.py:175} INFO - Processing /home/airflow/.local/lib/python3.7/site-packages/airflow/example_dags/example_branch_python_dop_operator_3.py took 0.066 seconds
[2023-03-26T16:23:07.944+0000] {processor.py:153} INFO - Started process (PID=631) to work on /home/airflow/.local/lib/python3.7/site-packages/airflow/example_dags/example_branch_python_dop_operator_3.py
[2023-03-26T16:23:07.945+0000] {processor.py:743} INFO - Processing file /home/airflow/.local/lib/python3.7/site-packages/airflow/example_dags/example_branch_python_dop_operator_3.py for tasks to queue
[2023-03-26T16:23:07.945+0000] {logging_mixin.py:137} INFO - [2023-03-26T16:23:07.945+0000] {dagbag.py:532} INFO - Filling up the DagBag from /home/airflow/.local/lib/python3.7/site-packages/airflow/example_dags/example_branch_python_dop_operator_3.py
[2023-03-26T16:23:07.958+0000] {processor.py:753} INFO - DAG(s) dict_keys(['example_branch_dop_operator_v3']) retrieved from /home/airflow/.local/lib/python3.7/site-packages/airflow/example_dags/example_branch_python_dop_operator_3.py
[2023-03-26T16:23:07.972+0000] {logging_mixin.py:137} INFO - [2023-03-26T16:23:07.972+0000] {dag.py:2693} INFO - Sync 1 DAGs
[2023-03-26T16:23:07.989+0000] {logging_mixin.py:137} INFO - [2023-03-26T16:23:07.989+0000] {dag.py:3444} INFO - Setting next_dagrun for example_branch_dop_operator_v3 to 2023-03-26T16:22:00+00:00, run_after=2023-03-26T16:23:00+00:00
[2023-03-26T16:23:08.002+0000] {processor.py:175} INFO - Processing /home/airflow/.local/lib/python3.7/site-packages/airflow/example_dags/example_branch_python_dop_operator_3.py took 0.060 seconds
[2023-03-26T16:23:38.654+0000] {processor.py:153} INFO - Started process (PID=680) to work on /home/airflow/.local/lib/python3.7/site-packages/airflow/example_dags/example_branch_python_dop_operator_3.py
[2023-03-26T16:23:38.655+0000] {processor.py:743} INFO - Processing file /home/airflow/.local/lib/python3.7/site-packages/airflow/example_dags/example_branch_python_dop_operator_3.py for tasks to queue
[2023-03-26T16:23:38.655+0000] {logging_mixin.py:137} INFO - [2023-03-26T16:23:38.655+0000] {dagbag.py:532} INFO - Filling up the DagBag from /home/airflow/.local/lib/python3.7/site-packages/airflow/example_dags/example_branch_python_dop_operator_3.py
[2023-03-26T16:23:38.668+0000] {processor.py:753} INFO - DAG(s) dict_keys(['example_branch_dop_operator_v3']) retrieved from /home/airflow/.local/lib/python3.7/site-packages/airflow/example_dags/example_branch_python_dop_operator_3.py
[2023-03-26T16:23:38.684+0000] {logging_mixin.py:137} INFO - [2023-03-26T16:23:38.684+0000] {dag.py:2693} INFO - Sync 1 DAGs
[2023-03-26T16:23:38.701+0000] {logging_mixin.py:137} INFO - [2023-03-26T16:23:38.701+0000] {dag.py:3444} INFO - Setting next_dagrun for example_branch_dop_operator_v3 to 2023-03-26T16:22:00+00:00, run_after=2023-03-26T16:23:00+00:00
[2023-03-26T16:23:38.714+0000] {processor.py:175} INFO - Processing /home/airflow/.local/lib/python3.7/site-packages/airflow/example_dags/example_branch_python_dop_operator_3.py took 0.061 seconds
[2023-03-26T16:24:09.480+0000] {processor.py:153} INFO - Started process (PID=729) to work on /home/airflow/.local/lib/python3.7/site-packages/airflow/example_dags/example_branch_python_dop_operator_3.py
[2023-03-26T16:24:09.481+0000] {processor.py:743} INFO - Processing file /home/airflow/.local/lib/python3.7/site-packages/airflow/example_dags/example_branch_python_dop_operator_3.py for tasks to queue
[2023-03-26T16:24:09.481+0000] {logging_mixin.py:137} INFO - [2023-03-26T16:24:09.481+0000] {dagbag.py:532} INFO - Filling up the DagBag from /home/airflow/.local/lib/python3.7/site-packages/airflow/example_dags/example_branch_python_dop_operator_3.py
[2023-03-26T16:24:09.494+0000] {processor.py:753} INFO - DAG(s) dict_keys(['example_branch_dop_operator_v3']) retrieved from /home/airflow/.local/lib/python3.7/site-packages/airflow/example_dags/example_branch_python_dop_operator_3.py
[2023-03-26T16:24:09.511+0000] {logging_mixin.py:137} INFO - [2023-03-26T16:24:09.511+0000] {dag.py:2693} INFO - Sync 1 DAGs
[2023-03-26T16:24:09.529+0000] {logging_mixin.py:137} INFO - [2023-03-26T16:24:09.529+0000] {dag.py:3444} INFO - Setting next_dagrun for example_branch_dop_operator_v3 to 2023-03-26T16:23:00+00:00, run_after=2023-03-26T16:24:00+00:00
[2023-03-26T16:24:09.544+0000] {processor.py:175} INFO - Processing /home/airflow/.local/lib/python3.7/site-packages/airflow/example_dags/example_branch_python_dop_operator_3.py took 0.065 seconds
[2023-03-26T16:24:40.232+0000] {processor.py:153} INFO - Started process (PID=778) to work on /home/airflow/.local/lib/python3.7/site-packages/airflow/example_dags/example_branch_python_dop_operator_3.py
[2023-03-26T16:24:40.232+0000] {processor.py:743} INFO - Processing file /home/airflow/.local/lib/python3.7/site-packages/airflow/example_dags/example_branch_python_dop_operator_3.py for tasks to queue
[2023-03-26T16:24:40.233+0000] {logging_mixin.py:137} INFO - [2023-03-26T16:24:40.233+0000] {dagbag.py:532} INFO - Filling up the DagBag from /home/airflow/.local/lib/python3.7/site-packages/airflow/example_dags/example_branch_python_dop_operator_3.py
[2023-03-26T16:24:40.246+0000] {processor.py:753} INFO - DAG(s) dict_keys(['example_branch_dop_operator_v3']) retrieved from /home/airflow/.local/lib/python3.7/site-packages/airflow/example_dags/example_branch_python_dop_operator_3.py
[2023-03-26T16:24:40.261+0000] {logging_mixin.py:137} INFO - [2023-03-26T16:24:40.261+0000] {dag.py:2693} INFO - Sync 1 DAGs
[2023-03-26T16:24:40.278+0000] {logging_mixin.py:137} INFO - [2023-03-26T16:24:40.278+0000] {dag.py:3444} INFO - Setting next_dagrun for example_branch_dop_operator_v3 to 2023-03-26T16:23:00+00:00, run_after=2023-03-26T16:24:00+00:00
[2023-03-26T16:24:40.291+0000] {processor.py:175} INFO - Processing /home/airflow/.local/lib/python3.7/site-packages/airflow/example_dags/example_branch_python_dop_operator_3.py took 0.061 seconds
[2023-03-26T16:25:10.877+0000] {processor.py:153} INFO - Started process (PID=827) to work on /home/airflow/.local/lib/python3.7/site-packages/airflow/example_dags/example_branch_python_dop_operator_3.py
[2023-03-26T16:25:10.878+0000] {processor.py:743} INFO - Processing file /home/airflow/.local/lib/python3.7/site-packages/airflow/example_dags/example_branch_python_dop_operator_3.py for tasks to queue
[2023-03-26T16:25:10.878+0000] {logging_mixin.py:137} INFO - [2023-03-26T16:25:10.878+0000] {dagbag.py:532} INFO - Filling up the DagBag from /home/airflow/.local/lib/python3.7/site-packages/airflow/example_dags/example_branch_python_dop_operator_3.py
[2023-03-26T16:25:10.892+0000] {processor.py:753} INFO - DAG(s) dict_keys(['example_branch_dop_operator_v3']) retrieved from /home/airflow/.local/lib/python3.7/site-packages/airflow/example_dags/example_branch_python_dop_operator_3.py
[2023-03-26T16:25:10.907+0000] {logging_mixin.py:137} INFO - [2023-03-26T16:25:10.907+0000] {dag.py:2693} INFO - Sync 1 DAGs
[2023-03-26T16:25:10.924+0000] {logging_mixin.py:137} INFO - [2023-03-26T16:25:10.924+0000] {dag.py:3444} INFO - Setting next_dagrun for example_branch_dop_operator_v3 to 2023-03-26T16:24:00+00:00, run_after=2023-03-26T16:25:00+00:00
[2023-03-26T16:25:10.938+0000] {processor.py:175} INFO - Processing /home/airflow/.local/lib/python3.7/site-packages/airflow/example_dags/example_branch_python_dop_operator_3.py took 0.063 seconds
[2023-03-26T16:25:41.495+0000] {processor.py:153} INFO - Started process (PID=876) to work on /home/airflow/.local/lib/python3.7/site-packages/airflow/example_dags/example_branch_python_dop_operator_3.py
[2023-03-26T16:25:41.496+0000] {processor.py:743} INFO - Processing file /home/airflow/.local/lib/python3.7/site-packages/airflow/example_dags/example_branch_python_dop_operator_3.py for tasks to queue
[2023-03-26T16:25:41.496+0000] {logging_mixin.py:137} INFO - [2023-03-26T16:25:41.496+0000] {dagbag.py:532} INFO - Filling up the DagBag from /home/airflow/.local/lib/python3.7/site-packages/airflow/example_dags/example_branch_python_dop_operator_3.py
[2023-03-26T16:25:41.509+0000] {processor.py:753} INFO - DAG(s) dict_keys(['example_branch_dop_operator_v3']) retrieved from /home/airflow/.local/lib/python3.7/site-packages/airflow/example_dags/example_branch_python_dop_operator_3.py
[2023-03-26T16:25:41.525+0000] {logging_mixin.py:137} INFO - [2023-03-26T16:25:41.525+0000] {dag.py:2693} INFO - Sync 1 DAGs
[2023-03-26T16:25:41.541+0000] {logging_mixin.py:137} INFO - [2023-03-26T16:25:41.541+0000] {dag.py:3444} INFO - Setting next_dagrun for example_branch_dop_operator_v3 to 2023-03-26T16:24:00+00:00, run_after=2023-03-26T16:25:00+00:00
[2023-03-26T16:25:41.556+0000] {processor.py:175} INFO - Processing /home/airflow/.local/lib/python3.7/site-packages/airflow/example_dags/example_branch_python_dop_operator_3.py took 0.063 seconds
[2023-03-26T16:26:34.212+0000] {processor.py:153} INFO - Started process (PID=92) to work on /home/airflow/.local/lib/python3.7/site-packages/airflow/example_dags/example_branch_python_dop_operator_3.py
[2023-03-26T16:26:34.213+0000] {processor.py:743} INFO - Processing file /home/airflow/.local/lib/python3.7/site-packages/airflow/example_dags/example_branch_python_dop_operator_3.py for tasks to queue
[2023-03-26T16:26:34.213+0000] {logging_mixin.py:137} INFO - [2023-03-26T16:26:34.213+0000] {dagbag.py:532} INFO - Filling up the DagBag from /home/airflow/.local/lib/python3.7/site-packages/airflow/example_dags/example_branch_python_dop_operator_3.py
[2023-03-26T16:26:34.229+0000] {processor.py:753} INFO - DAG(s) dict_keys(['example_branch_dop_operator_v3']) retrieved from /home/airflow/.local/lib/python3.7/site-packages/airflow/example_dags/example_branch_python_dop_operator_3.py
[2023-03-26T16:26:34.239+0000] {logging_mixin.py:137} INFO - [2023-03-26T16:26:34.239+0000] {dag.py:2693} INFO - Sync 1 DAGs
[2023-03-26T16:26:34.264+0000] {logging_mixin.py:137} INFO - [2023-03-26T16:26:34.264+0000] {dag.py:3444} INFO - Setting next_dagrun for example_branch_dop_operator_v3 to 2023-03-26T16:25:00+00:00, run_after=2023-03-26T16:26:00+00:00
[2023-03-26T16:26:34.280+0000] {processor.py:175} INFO - Processing /home/airflow/.local/lib/python3.7/site-packages/airflow/example_dags/example_branch_python_dop_operator_3.py took 0.070 seconds
[2023-03-26T16:27:04.946+0000] {processor.py:153} INFO - Started process (PID=142) to work on /home/airflow/.local/lib/python3.7/site-packages/airflow/example_dags/example_branch_python_dop_operator_3.py
[2023-03-26T16:27:04.946+0000] {processor.py:743} INFO - Processing file /home/airflow/.local/lib/python3.7/site-packages/airflow/example_dags/example_branch_python_dop_operator_3.py for tasks to queue
[2023-03-26T16:27:04.947+0000] {logging_mixin.py:137} INFO - [2023-03-26T16:27:04.947+0000] {dagbag.py:532} INFO - Filling up the DagBag from /home/airflow/.local/lib/python3.7/site-packages/airflow/example_dags/example_branch_python_dop_operator_3.py
[2023-03-26T16:27:04.961+0000] {processor.py:753} INFO - DAG(s) dict_keys(['example_branch_dop_operator_v3']) retrieved from /home/airflow/.local/lib/python3.7/site-packages/airflow/example_dags/example_branch_python_dop_operator_3.py
[2023-03-26T16:27:04.975+0000] {logging_mixin.py:137} INFO - [2023-03-26T16:27:04.975+0000] {dag.py:2693} INFO - Sync 1 DAGs
[2023-03-26T16:27:04.991+0000] {logging_mixin.py:137} INFO - [2023-03-26T16:27:04.991+0000] {dag.py:3444} INFO - Setting next_dagrun for example_branch_dop_operator_v3 to 2023-03-26T16:26:00+00:00, run_after=2023-03-26T16:27:00+00:00
[2023-03-26T16:27:05.004+0000] {processor.py:175} INFO - Processing /home/airflow/.local/lib/python3.7/site-packages/airflow/example_dags/example_branch_python_dop_operator_3.py took 0.061 seconds
[2023-03-26T16:27:35.709+0000] {processor.py:153} INFO - Started process (PID=192) to work on /home/airflow/.local/lib/python3.7/site-packages/airflow/example_dags/example_branch_python_dop_operator_3.py
[2023-03-26T16:27:35.710+0000] {processor.py:743} INFO - Processing file /home/airflow/.local/lib/python3.7/site-packages/airflow/example_dags/example_branch_python_dop_operator_3.py for tasks to queue
[2023-03-26T16:27:35.710+0000] {logging_mixin.py:137} INFO - [2023-03-26T16:27:35.710+0000] {dagbag.py:532} INFO - Filling up the DagBag from /home/airflow/.local/lib/python3.7/site-packages/airflow/example_dags/example_branch_python_dop_operator_3.py
[2023-03-26T16:27:35.724+0000] {processor.py:753} INFO - DAG(s) dict_keys(['example_branch_dop_operator_v3']) retrieved from /home/airflow/.local/lib/python3.7/site-packages/airflow/example_dags/example_branch_python_dop_operator_3.py
[2023-03-26T16:27:35.738+0000] {logging_mixin.py:137} INFO - [2023-03-26T16:27:35.737+0000] {dag.py:2693} INFO - Sync 1 DAGs
[2023-03-26T16:27:35.755+0000] {logging_mixin.py:137} INFO - [2023-03-26T16:27:35.754+0000] {dag.py:3444} INFO - Setting next_dagrun for example_branch_dop_operator_v3 to 2023-03-26T16:26:00+00:00, run_after=2023-03-26T16:27:00+00:00
[2023-03-26T16:27:35.768+0000] {processor.py:175} INFO - Processing /home/airflow/.local/lib/python3.7/site-packages/airflow/example_dags/example_branch_python_dop_operator_3.py took 0.061 seconds
[2023-03-26T16:28:06.216+0000] {processor.py:153} INFO - Started process (PID=241) to work on /home/airflow/.local/lib/python3.7/site-packages/airflow/example_dags/example_branch_python_dop_operator_3.py
[2023-03-26T16:28:06.217+0000] {processor.py:743} INFO - Processing file /home/airflow/.local/lib/python3.7/site-packages/airflow/example_dags/example_branch_python_dop_operator_3.py for tasks to queue
[2023-03-26T16:28:06.217+0000] {logging_mixin.py:137} INFO - [2023-03-26T16:28:06.217+0000] {dagbag.py:532} INFO - Filling up the DagBag from /home/airflow/.local/lib/python3.7/site-packages/airflow/example_dags/example_branch_python_dop_operator_3.py
[2023-03-26T16:28:06.231+0000] {processor.py:753} INFO - DAG(s) dict_keys(['example_branch_dop_operator_v3']) retrieved from /home/airflow/.local/lib/python3.7/site-packages/airflow/example_dags/example_branch_python_dop_operator_3.py
[2023-03-26T16:28:06.246+0000] {logging_mixin.py:137} INFO - [2023-03-26T16:28:06.246+0000] {dag.py:2693} INFO - Sync 1 DAGs
[2023-03-26T16:28:06.262+0000] {logging_mixin.py:137} INFO - [2023-03-26T16:28:06.262+0000] {dag.py:3444} INFO - Setting next_dagrun for example_branch_dop_operator_v3 to 2023-03-26T16:27:00+00:00, run_after=2023-03-26T16:28:00+00:00
[2023-03-26T16:28:06.276+0000] {processor.py:175} INFO - Processing /home/airflow/.local/lib/python3.7/site-packages/airflow/example_dags/example_branch_python_dop_operator_3.py took 0.062 seconds
[2023-03-26T16:28:36.956+0000] {processor.py:153} INFO - Started process (PID=290) to work on /home/airflow/.local/lib/python3.7/site-packages/airflow/example_dags/example_branch_python_dop_operator_3.py
[2023-03-26T16:28:36.956+0000] {processor.py:743} INFO - Processing file /home/airflow/.local/lib/python3.7/site-packages/airflow/example_dags/example_branch_python_dop_operator_3.py for tasks to queue
[2023-03-26T16:28:36.957+0000] {logging_mixin.py:137} INFO - [2023-03-26T16:28:36.957+0000] {dagbag.py:532} INFO - Filling up the DagBag from /home/airflow/.local/lib/python3.7/site-packages/airflow/example_dags/example_branch_python_dop_operator_3.py
[2023-03-26T16:28:36.970+0000] {processor.py:753} INFO - DAG(s) dict_keys(['example_branch_dop_operator_v3']) retrieved from /home/airflow/.local/lib/python3.7/site-packages/airflow/example_dags/example_branch_python_dop_operator_3.py
[2023-03-26T16:28:36.985+0000] {logging_mixin.py:137} INFO - [2023-03-26T16:28:36.985+0000] {dag.py:2693} INFO - Sync 1 DAGs
[2023-03-26T16:28:37.001+0000] {logging_mixin.py:137} INFO - [2023-03-26T16:28:37.001+0000] {dag.py:3444} INFO - Setting next_dagrun for example_branch_dop_operator_v3 to 2023-03-26T16:27:00+00:00, run_after=2023-03-26T16:28:00+00:00
[2023-03-26T16:28:37.014+0000] {processor.py:175} INFO - Processing /home/airflow/.local/lib/python3.7/site-packages/airflow/example_dags/example_branch_python_dop_operator_3.py took 0.060 seconds
[2023-03-26T16:48:48.461+0000] {processor.py:153} INFO - Started process (PID=91) to work on /home/airflow/.local/lib/python3.7/site-packages/airflow/example_dags/example_branch_python_dop_operator_3.py
[2023-03-26T16:48:48.462+0000] {processor.py:743} INFO - Processing file /home/airflow/.local/lib/python3.7/site-packages/airflow/example_dags/example_branch_python_dop_operator_3.py for tasks to queue
[2023-03-26T16:48:48.462+0000] {logging_mixin.py:137} INFO - [2023-03-26T16:48:48.462+0000] {dagbag.py:532} INFO - Filling up the DagBag from /home/airflow/.local/lib/python3.7/site-packages/airflow/example_dags/example_branch_python_dop_operator_3.py
[2023-03-26T16:48:48.480+0000] {processor.py:753} INFO - DAG(s) dict_keys(['example_branch_dop_operator_v3']) retrieved from /home/airflow/.local/lib/python3.7/site-packages/airflow/example_dags/example_branch_python_dop_operator_3.py
[2023-03-26T16:48:48.489+0000] {logging_mixin.py:137} INFO - [2023-03-26T16:48:48.489+0000] {dag.py:2693} INFO - Sync 1 DAGs
[2023-03-26T16:48:48.507+0000] {logging_mixin.py:137} INFO - [2023-03-26T16:48:48.507+0000] {dag.py:3444} INFO - Setting next_dagrun for example_branch_dop_operator_v3 to 2023-03-26T16:47:00+00:00, run_after=2023-03-26T16:48:00+00:00
[2023-03-26T16:48:48.525+0000] {processor.py:175} INFO - Processing /home/airflow/.local/lib/python3.7/site-packages/airflow/example_dags/example_branch_python_dop_operator_3.py took 0.066 seconds
[2023-03-26T16:49:19.041+0000] {processor.py:153} INFO - Started process (PID=140) to work on /home/airflow/.local/lib/python3.7/site-packages/airflow/example_dags/example_branch_python_dop_operator_3.py
[2023-03-26T16:49:19.042+0000] {processor.py:743} INFO - Processing file /home/airflow/.local/lib/python3.7/site-packages/airflow/example_dags/example_branch_python_dop_operator_3.py for tasks to queue
[2023-03-26T16:49:19.042+0000] {logging_mixin.py:137} INFO - [2023-03-26T16:49:19.042+0000] {dagbag.py:532} INFO - Filling up the DagBag from /home/airflow/.local/lib/python3.7/site-packages/airflow/example_dags/example_branch_python_dop_operator_3.py
[2023-03-26T16:49:19.055+0000] {processor.py:753} INFO - DAG(s) dict_keys(['example_branch_dop_operator_v3']) retrieved from /home/airflow/.local/lib/python3.7/site-packages/airflow/example_dags/example_branch_python_dop_operator_3.py
[2023-03-26T16:49:19.070+0000] {logging_mixin.py:137} INFO - [2023-03-26T16:49:19.070+0000] {dag.py:2693} INFO - Sync 1 DAGs
[2023-03-26T16:49:19.086+0000] {logging_mixin.py:137} INFO - [2023-03-26T16:49:19.086+0000] {dag.py:3444} INFO - Setting next_dagrun for example_branch_dop_operator_v3 to 2023-03-26T16:48:00+00:00, run_after=2023-03-26T16:49:00+00:00
[2023-03-26T16:49:19.100+0000] {processor.py:175} INFO - Processing /home/airflow/.local/lib/python3.7/site-packages/airflow/example_dags/example_branch_python_dop_operator_3.py took 0.061 seconds
[2023-03-26T16:49:49.672+0000] {processor.py:153} INFO - Started process (PID=189) to work on /home/airflow/.local/lib/python3.7/site-packages/airflow/example_dags/example_branch_python_dop_operator_3.py
[2023-03-26T16:49:49.673+0000] {processor.py:743} INFO - Processing file /home/airflow/.local/lib/python3.7/site-packages/airflow/example_dags/example_branch_python_dop_operator_3.py for tasks to queue
[2023-03-26T16:49:49.673+0000] {logging_mixin.py:137} INFO - [2023-03-26T16:49:49.673+0000] {dagbag.py:532} INFO - Filling up the DagBag from /home/airflow/.local/lib/python3.7/site-packages/airflow/example_dags/example_branch_python_dop_operator_3.py
[2023-03-26T16:49:49.688+0000] {processor.py:753} INFO - DAG(s) dict_keys(['example_branch_dop_operator_v3']) retrieved from /home/airflow/.local/lib/python3.7/site-packages/airflow/example_dags/example_branch_python_dop_operator_3.py
[2023-03-26T16:49:49.704+0000] {logging_mixin.py:137} INFO - [2023-03-26T16:49:49.704+0000] {dag.py:2693} INFO - Sync 1 DAGs
[2023-03-26T16:49:49.721+0000] {logging_mixin.py:137} INFO - [2023-03-26T16:49:49.720+0000] {dag.py:3444} INFO - Setting next_dagrun for example_branch_dop_operator_v3 to 2023-03-26T16:48:00+00:00, run_after=2023-03-26T16:49:00+00:00
[2023-03-26T16:49:49.734+0000] {processor.py:175} INFO - Processing /home/airflow/.local/lib/python3.7/site-packages/airflow/example_dags/example_branch_python_dop_operator_3.py took 0.065 seconds
[2023-03-26T16:50:20.204+0000] {processor.py:153} INFO - Started process (PID=238) to work on /home/airflow/.local/lib/python3.7/site-packages/airflow/example_dags/example_branch_python_dop_operator_3.py
[2023-03-26T16:50:20.205+0000] {processor.py:743} INFO - Processing file /home/airflow/.local/lib/python3.7/site-packages/airflow/example_dags/example_branch_python_dop_operator_3.py for tasks to queue
[2023-03-26T16:50:20.205+0000] {logging_mixin.py:137} INFO - [2023-03-26T16:50:20.205+0000] {dagbag.py:532} INFO - Filling up the DagBag from /home/airflow/.local/lib/python3.7/site-packages/airflow/example_dags/example_branch_python_dop_operator_3.py
[2023-03-26T16:50:20.218+0000] {processor.py:753} INFO - DAG(s) dict_keys(['example_branch_dop_operator_v3']) retrieved from /home/airflow/.local/lib/python3.7/site-packages/airflow/example_dags/example_branch_python_dop_operator_3.py
[2023-03-26T16:50:20.233+0000] {logging_mixin.py:137} INFO - [2023-03-26T16:50:20.233+0000] {dag.py:2693} INFO - Sync 1 DAGs
[2023-03-26T16:50:20.249+0000] {logging_mixin.py:137} INFO - [2023-03-26T16:50:20.249+0000] {dag.py:3444} INFO - Setting next_dagrun for example_branch_dop_operator_v3 to 2023-03-26T16:49:00+00:00, run_after=2023-03-26T16:50:00+00:00
[2023-03-26T16:50:20.263+0000] {processor.py:175} INFO - Processing /home/airflow/.local/lib/python3.7/site-packages/airflow/example_dags/example_branch_python_dop_operator_3.py took 0.061 seconds
[2023-03-26T16:50:50.917+0000] {processor.py:153} INFO - Started process (PID=287) to work on /home/airflow/.local/lib/python3.7/site-packages/airflow/example_dags/example_branch_python_dop_operator_3.py
[2023-03-26T16:50:50.918+0000] {processor.py:743} INFO - Processing file /home/airflow/.local/lib/python3.7/site-packages/airflow/example_dags/example_branch_python_dop_operator_3.py for tasks to queue
[2023-03-26T16:50:50.918+0000] {logging_mixin.py:137} INFO - [2023-03-26T16:50:50.918+0000] {dagbag.py:532} INFO - Filling up the DagBag from /home/airflow/.local/lib/python3.7/site-packages/airflow/example_dags/example_branch_python_dop_operator_3.py
[2023-03-26T16:50:50.930+0000] {processor.py:753} INFO - DAG(s) dict_keys(['example_branch_dop_operator_v3']) retrieved from /home/airflow/.local/lib/python3.7/site-packages/airflow/example_dags/example_branch_python_dop_operator_3.py
[2023-03-26T16:50:50.946+0000] {logging_mixin.py:137} INFO - [2023-03-26T16:50:50.946+0000] {dag.py:2693} INFO - Sync 1 DAGs
[2023-03-26T16:50:50.962+0000] {logging_mixin.py:137} INFO - [2023-03-26T16:50:50.962+0000] {dag.py:3444} INFO - Setting next_dagrun for example_branch_dop_operator_v3 to 2023-03-26T16:49:00+00:00, run_after=2023-03-26T16:50:00+00:00
[2023-03-26T16:50:50.975+0000] {processor.py:175} INFO - Processing /home/airflow/.local/lib/python3.7/site-packages/airflow/example_dags/example_branch_python_dop_operator_3.py took 0.059 seconds
[2023-03-26T16:51:21.759+0000] {processor.py:153} INFO - Started process (PID=336) to work on /home/airflow/.local/lib/python3.7/site-packages/airflow/example_dags/example_branch_python_dop_operator_3.py
[2023-03-26T16:51:21.760+0000] {processor.py:743} INFO - Processing file /home/airflow/.local/lib/python3.7/site-packages/airflow/example_dags/example_branch_python_dop_operator_3.py for tasks to queue
[2023-03-26T16:51:21.760+0000] {logging_mixin.py:137} INFO - [2023-03-26T16:51:21.760+0000] {dagbag.py:532} INFO - Filling up the DagBag from /home/airflow/.local/lib/python3.7/site-packages/airflow/example_dags/example_branch_python_dop_operator_3.py
[2023-03-26T16:51:21.773+0000] {processor.py:753} INFO - DAG(s) dict_keys(['example_branch_dop_operator_v3']) retrieved from /home/airflow/.local/lib/python3.7/site-packages/airflow/example_dags/example_branch_python_dop_operator_3.py
[2023-03-26T16:51:21.788+0000] {logging_mixin.py:137} INFO - [2023-03-26T16:51:21.788+0000] {dag.py:2693} INFO - Sync 1 DAGs
[2023-03-26T16:51:21.803+0000] {logging_mixin.py:137} INFO - [2023-03-26T16:51:21.803+0000] {dag.py:3444} INFO - Setting next_dagrun for example_branch_dop_operator_v3 to 2023-03-26T16:50:00+00:00, run_after=2023-03-26T16:51:00+00:00
[2023-03-26T16:51:21.816+0000] {processor.py:175} INFO - Processing /home/airflow/.local/lib/python3.7/site-packages/airflow/example_dags/example_branch_python_dop_operator_3.py took 0.059 seconds
[2023-03-26T16:51:52.495+0000] {processor.py:153} INFO - Started process (PID=385) to work on /home/airflow/.local/lib/python3.7/site-packages/airflow/example_dags/example_branch_python_dop_operator_3.py
[2023-03-26T16:51:52.495+0000] {processor.py:743} INFO - Processing file /home/airflow/.local/lib/python3.7/site-packages/airflow/example_dags/example_branch_python_dop_operator_3.py for tasks to queue
[2023-03-26T16:51:52.496+0000] {logging_mixin.py:137} INFO - [2023-03-26T16:51:52.496+0000] {dagbag.py:532} INFO - Filling up the DagBag from /home/airflow/.local/lib/python3.7/site-packages/airflow/example_dags/example_branch_python_dop_operator_3.py
[2023-03-26T16:51:52.509+0000] {processor.py:753} INFO - DAG(s) dict_keys(['example_branch_dop_operator_v3']) retrieved from /home/airflow/.local/lib/python3.7/site-packages/airflow/example_dags/example_branch_python_dop_operator_3.py
[2023-03-26T16:51:52.523+0000] {logging_mixin.py:137} INFO - [2023-03-26T16:51:52.523+0000] {dag.py:2693} INFO - Sync 1 DAGs
[2023-03-26T16:51:52.539+0000] {logging_mixin.py:137} INFO - [2023-03-26T16:51:52.539+0000] {dag.py:3444} INFO - Setting next_dagrun for example_branch_dop_operator_v3 to 2023-03-26T16:50:00+00:00, run_after=2023-03-26T16:51:00+00:00
[2023-03-26T16:51:52.550+0000] {processor.py:175} INFO - Processing /home/airflow/.local/lib/python3.7/site-packages/airflow/example_dags/example_branch_python_dop_operator_3.py took 0.057 seconds
[2023-03-26T16:52:23.088+0000] {processor.py:153} INFO - Started process (PID=434) to work on /home/airflow/.local/lib/python3.7/site-packages/airflow/example_dags/example_branch_python_dop_operator_3.py
[2023-03-26T16:52:23.088+0000] {processor.py:743} INFO - Processing file /home/airflow/.local/lib/python3.7/site-packages/airflow/example_dags/example_branch_python_dop_operator_3.py for tasks to queue
[2023-03-26T16:52:23.089+0000] {logging_mixin.py:137} INFO - [2023-03-26T16:52:23.089+0000] {dagbag.py:532} INFO - Filling up the DagBag from /home/airflow/.local/lib/python3.7/site-packages/airflow/example_dags/example_branch_python_dop_operator_3.py
[2023-03-26T16:52:23.101+0000] {processor.py:753} INFO - DAG(s) dict_keys(['example_branch_dop_operator_v3']) retrieved from /home/airflow/.local/lib/python3.7/site-packages/airflow/example_dags/example_branch_python_dop_operator_3.py
[2023-03-26T16:52:23.116+0000] {logging_mixin.py:137} INFO - [2023-03-26T16:52:23.116+0000] {dag.py:2693} INFO - Sync 1 DAGs
[2023-03-26T16:52:23.133+0000] {logging_mixin.py:137} INFO - [2023-03-26T16:52:23.133+0000] {dag.py:3444} INFO - Setting next_dagrun for example_branch_dop_operator_v3 to 2023-03-26T16:51:00+00:00, run_after=2023-03-26T16:52:00+00:00
[2023-03-26T16:52:23.145+0000] {processor.py:175} INFO - Processing /home/airflow/.local/lib/python3.7/site-packages/airflow/example_dags/example_branch_python_dop_operator_3.py took 0.059 seconds
[2023-03-26T16:52:53.611+0000] {processor.py:153} INFO - Started process (PID=483) to work on /home/airflow/.local/lib/python3.7/site-packages/airflow/example_dags/example_branch_python_dop_operator_3.py
[2023-03-26T16:52:53.611+0000] {processor.py:743} INFO - Processing file /home/airflow/.local/lib/python3.7/site-packages/airflow/example_dags/example_branch_python_dop_operator_3.py for tasks to queue
[2023-03-26T16:52:53.611+0000] {logging_mixin.py:137} INFO - [2023-03-26T16:52:53.611+0000] {dagbag.py:532} INFO - Filling up the DagBag from /home/airflow/.local/lib/python3.7/site-packages/airflow/example_dags/example_branch_python_dop_operator_3.py
[2023-03-26T16:52:53.625+0000] {processor.py:753} INFO - DAG(s) dict_keys(['example_branch_dop_operator_v3']) retrieved from /home/airflow/.local/lib/python3.7/site-packages/airflow/example_dags/example_branch_python_dop_operator_3.py
[2023-03-26T16:52:53.640+0000] {logging_mixin.py:137} INFO - [2023-03-26T16:52:53.640+0000] {dag.py:2693} INFO - Sync 1 DAGs
[2023-03-26T16:52:53.657+0000] {logging_mixin.py:137} INFO - [2023-03-26T16:52:53.657+0000] {dag.py:3444} INFO - Setting next_dagrun for example_branch_dop_operator_v3 to 2023-03-26T16:51:00+00:00, run_after=2023-03-26T16:52:00+00:00
[2023-03-26T16:52:53.670+0000] {processor.py:175} INFO - Processing /home/airflow/.local/lib/python3.7/site-packages/airflow/example_dags/example_branch_python_dop_operator_3.py took 0.062 seconds
[2023-03-26T16:53:24.275+0000] {processor.py:153} INFO - Started process (PID=532) to work on /home/airflow/.local/lib/python3.7/site-packages/airflow/example_dags/example_branch_python_dop_operator_3.py
[2023-03-26T16:53:24.276+0000] {processor.py:743} INFO - Processing file /home/airflow/.local/lib/python3.7/site-packages/airflow/example_dags/example_branch_python_dop_operator_3.py for tasks to queue
[2023-03-26T16:53:24.276+0000] {logging_mixin.py:137} INFO - [2023-03-26T16:53:24.276+0000] {dagbag.py:532} INFO - Filling up the DagBag from /home/airflow/.local/lib/python3.7/site-packages/airflow/example_dags/example_branch_python_dop_operator_3.py
[2023-03-26T16:53:24.289+0000] {processor.py:753} INFO - DAG(s) dict_keys(['example_branch_dop_operator_v3']) retrieved from /home/airflow/.local/lib/python3.7/site-packages/airflow/example_dags/example_branch_python_dop_operator_3.py
[2023-03-26T16:53:24.303+0000] {logging_mixin.py:137} INFO - [2023-03-26T16:53:24.303+0000] {dag.py:2693} INFO - Sync 1 DAGs
[2023-03-26T16:53:24.318+0000] {logging_mixin.py:137} INFO - [2023-03-26T16:53:24.318+0000] {dag.py:3444} INFO - Setting next_dagrun for example_branch_dop_operator_v3 to 2023-03-26T16:52:00+00:00, run_after=2023-03-26T16:53:00+00:00
[2023-03-26T16:53:24.330+0000] {processor.py:175} INFO - Processing /home/airflow/.local/lib/python3.7/site-packages/airflow/example_dags/example_branch_python_dop_operator_3.py took 0.057 seconds
[2023-03-26T16:53:55.086+0000] {processor.py:153} INFO - Started process (PID=581) to work on /home/airflow/.local/lib/python3.7/site-packages/airflow/example_dags/example_branch_python_dop_operator_3.py
[2023-03-26T16:53:55.087+0000] {processor.py:743} INFO - Processing file /home/airflow/.local/lib/python3.7/site-packages/airflow/example_dags/example_branch_python_dop_operator_3.py for tasks to queue
[2023-03-26T16:53:55.087+0000] {logging_mixin.py:137} INFO - [2023-03-26T16:53:55.087+0000] {dagbag.py:532} INFO - Filling up the DagBag from /home/airflow/.local/lib/python3.7/site-packages/airflow/example_dags/example_branch_python_dop_operator_3.py
[2023-03-26T16:53:55.108+0000] {processor.py:753} INFO - DAG(s) dict_keys(['example_branch_dop_operator_v3']) retrieved from /home/airflow/.local/lib/python3.7/site-packages/airflow/example_dags/example_branch_python_dop_operator_3.py
[2023-03-26T16:53:55.128+0000] {logging_mixin.py:137} INFO - [2023-03-26T16:53:55.128+0000] {dag.py:2693} INFO - Sync 1 DAGs
[2023-03-26T16:53:55.146+0000] {logging_mixin.py:137} INFO - [2023-03-26T16:53:55.146+0000] {dag.py:3444} INFO - Setting next_dagrun for example_branch_dop_operator_v3 to 2023-03-26T16:52:00+00:00, run_after=2023-03-26T16:53:00+00:00
[2023-03-26T16:53:55.161+0000] {processor.py:175} INFO - Processing /home/airflow/.local/lib/python3.7/site-packages/airflow/example_dags/example_branch_python_dop_operator_3.py took 0.079 seconds
[2023-03-26T16:54:25.959+0000] {processor.py:153} INFO - Started process (PID=630) to work on /home/airflow/.local/lib/python3.7/site-packages/airflow/example_dags/example_branch_python_dop_operator_3.py
[2023-03-26T16:54:25.959+0000] {processor.py:743} INFO - Processing file /home/airflow/.local/lib/python3.7/site-packages/airflow/example_dags/example_branch_python_dop_operator_3.py for tasks to queue
[2023-03-26T16:54:25.960+0000] {logging_mixin.py:137} INFO - [2023-03-26T16:54:25.960+0000] {dagbag.py:532} INFO - Filling up the DagBag from /home/airflow/.local/lib/python3.7/site-packages/airflow/example_dags/example_branch_python_dop_operator_3.py
[2023-03-26T16:54:25.985+0000] {processor.py:753} INFO - DAG(s) dict_keys(['example_branch_dop_operator_v3']) retrieved from /home/airflow/.local/lib/python3.7/site-packages/airflow/example_dags/example_branch_python_dop_operator_3.py
[2023-03-26T16:54:26.010+0000] {logging_mixin.py:137} INFO - [2023-03-26T16:54:26.010+0000] {dag.py:2693} INFO - Sync 1 DAGs
[2023-03-26T16:54:26.032+0000] {logging_mixin.py:137} INFO - [2023-03-26T16:54:26.032+0000] {dag.py:3444} INFO - Setting next_dagrun for example_branch_dop_operator_v3 to 2023-03-26T16:53:00+00:00, run_after=2023-03-26T16:54:00+00:00
[2023-03-26T16:54:26.047+0000] {processor.py:175} INFO - Processing /home/airflow/.local/lib/python3.7/site-packages/airflow/example_dags/example_branch_python_dop_operator_3.py took 0.091 seconds
[2023-03-26T16:54:56.677+0000] {processor.py:153} INFO - Started process (PID=679) to work on /home/airflow/.local/lib/python3.7/site-packages/airflow/example_dags/example_branch_python_dop_operator_3.py
[2023-03-26T16:54:56.677+0000] {processor.py:743} INFO - Processing file /home/airflow/.local/lib/python3.7/site-packages/airflow/example_dags/example_branch_python_dop_operator_3.py for tasks to queue
[2023-03-26T16:54:56.678+0000] {logging_mixin.py:137} INFO - [2023-03-26T16:54:56.678+0000] {dagbag.py:532} INFO - Filling up the DagBag from /home/airflow/.local/lib/python3.7/site-packages/airflow/example_dags/example_branch_python_dop_operator_3.py
[2023-03-26T16:54:56.692+0000] {processor.py:753} INFO - DAG(s) dict_keys(['example_branch_dop_operator_v3']) retrieved from /home/airflow/.local/lib/python3.7/site-packages/airflow/example_dags/example_branch_python_dop_operator_3.py
[2023-03-26T16:54:56.708+0000] {logging_mixin.py:137} INFO - [2023-03-26T16:54:56.707+0000] {dag.py:2693} INFO - Sync 1 DAGs
[2023-03-26T16:54:56.724+0000] {logging_mixin.py:137} INFO - [2023-03-26T16:54:56.724+0000] {dag.py:3444} INFO - Setting next_dagrun for example_branch_dop_operator_v3 to 2023-03-26T16:53:00+00:00, run_after=2023-03-26T16:54:00+00:00
[2023-03-26T16:54:56.738+0000] {processor.py:175} INFO - Processing /home/airflow/.local/lib/python3.7/site-packages/airflow/example_dags/example_branch_python_dop_operator_3.py took 0.063 seconds
[2023-03-26T16:55:27.306+0000] {processor.py:153} INFO - Started process (PID=728) to work on /home/airflow/.local/lib/python3.7/site-packages/airflow/example_dags/example_branch_python_dop_operator_3.py
[2023-03-26T16:55:27.306+0000] {processor.py:743} INFO - Processing file /home/airflow/.local/lib/python3.7/site-packages/airflow/example_dags/example_branch_python_dop_operator_3.py for tasks to queue
[2023-03-26T16:55:27.307+0000] {logging_mixin.py:137} INFO - [2023-03-26T16:55:27.307+0000] {dagbag.py:532} INFO - Filling up the DagBag from /home/airflow/.local/lib/python3.7/site-packages/airflow/example_dags/example_branch_python_dop_operator_3.py
[2023-03-26T16:55:27.320+0000] {processor.py:753} INFO - DAG(s) dict_keys(['example_branch_dop_operator_v3']) retrieved from /home/airflow/.local/lib/python3.7/site-packages/airflow/example_dags/example_branch_python_dop_operator_3.py
[2023-03-26T16:55:27.336+0000] {logging_mixin.py:137} INFO - [2023-03-26T16:55:27.336+0000] {dag.py:2693} INFO - Sync 1 DAGs
[2023-03-26T16:55:27.352+0000] {logging_mixin.py:137} INFO - [2023-03-26T16:55:27.352+0000] {dag.py:3444} INFO - Setting next_dagrun for example_branch_dop_operator_v3 to 2023-03-26T16:54:00+00:00, run_after=2023-03-26T16:55:00+00:00
[2023-03-26T16:55:27.365+0000] {processor.py:175} INFO - Processing /home/airflow/.local/lib/python3.7/site-packages/airflow/example_dags/example_branch_python_dop_operator_3.py took 0.061 seconds
[2023-03-26T16:55:57.939+0000] {processor.py:153} INFO - Started process (PID=777) to work on /home/airflow/.local/lib/python3.7/site-packages/airflow/example_dags/example_branch_python_dop_operator_3.py
[2023-03-26T16:55:57.940+0000] {processor.py:743} INFO - Processing file /home/airflow/.local/lib/python3.7/site-packages/airflow/example_dags/example_branch_python_dop_operator_3.py for tasks to queue
[2023-03-26T16:55:57.940+0000] {logging_mixin.py:137} INFO - [2023-03-26T16:55:57.940+0000] {dagbag.py:532} INFO - Filling up the DagBag from /home/airflow/.local/lib/python3.7/site-packages/airflow/example_dags/example_branch_python_dop_operator_3.py
[2023-03-26T16:55:57.953+0000] {processor.py:753} INFO - DAG(s) dict_keys(['example_branch_dop_operator_v3']) retrieved from /home/airflow/.local/lib/python3.7/site-packages/airflow/example_dags/example_branch_python_dop_operator_3.py
[2023-03-26T16:55:57.969+0000] {logging_mixin.py:137} INFO - [2023-03-26T16:55:57.969+0000] {dag.py:2693} INFO - Sync 1 DAGs
[2023-03-26T16:55:57.986+0000] {logging_mixin.py:137} INFO - [2023-03-26T16:55:57.986+0000] {dag.py:3444} INFO - Setting next_dagrun for example_branch_dop_operator_v3 to 2023-03-26T16:54:00+00:00, run_after=2023-03-26T16:55:00+00:00
[2023-03-26T16:55:57.999+0000] {processor.py:175} INFO - Processing /home/airflow/.local/lib/python3.7/site-packages/airflow/example_dags/example_branch_python_dop_operator_3.py took 0.062 seconds
[2023-03-26T16:56:28.720+0000] {processor.py:153} INFO - Started process (PID=826) to work on /home/airflow/.local/lib/python3.7/site-packages/airflow/example_dags/example_branch_python_dop_operator_3.py
[2023-03-26T16:56:28.720+0000] {processor.py:743} INFO - Processing file /home/airflow/.local/lib/python3.7/site-packages/airflow/example_dags/example_branch_python_dop_operator_3.py for tasks to queue
[2023-03-26T16:56:28.720+0000] {logging_mixin.py:137} INFO - [2023-03-26T16:56:28.720+0000] {dagbag.py:532} INFO - Filling up the DagBag from /home/airflow/.local/lib/python3.7/site-packages/airflow/example_dags/example_branch_python_dop_operator_3.py
[2023-03-26T16:56:28.734+0000] {processor.py:753} INFO - DAG(s) dict_keys(['example_branch_dop_operator_v3']) retrieved from /home/airflow/.local/lib/python3.7/site-packages/airflow/example_dags/example_branch_python_dop_operator_3.py
[2023-03-26T16:56:28.748+0000] {logging_mixin.py:137} INFO - [2023-03-26T16:56:28.748+0000] {dag.py:2693} INFO - Sync 1 DAGs
[2023-03-26T16:56:28.764+0000] {logging_mixin.py:137} INFO - [2023-03-26T16:56:28.764+0000] {dag.py:3444} INFO - Setting next_dagrun for example_branch_dop_operator_v3 to 2023-03-26T16:55:00+00:00, run_after=2023-03-26T16:56:00+00:00
[2023-03-26T16:56:28.776+0000] {processor.py:175} INFO - Processing /home/airflow/.local/lib/python3.7/site-packages/airflow/example_dags/example_branch_python_dop_operator_3.py took 0.058 seconds
[2023-03-26T16:56:59.278+0000] {processor.py:153} INFO - Started process (PID=875) to work on /home/airflow/.local/lib/python3.7/site-packages/airflow/example_dags/example_branch_python_dop_operator_3.py
[2023-03-26T16:56:59.279+0000] {processor.py:743} INFO - Processing file /home/airflow/.local/lib/python3.7/site-packages/airflow/example_dags/example_branch_python_dop_operator_3.py for tasks to queue
[2023-03-26T16:56:59.279+0000] {logging_mixin.py:137} INFO - [2023-03-26T16:56:59.279+0000] {dagbag.py:532} INFO - Filling up the DagBag from /home/airflow/.local/lib/python3.7/site-packages/airflow/example_dags/example_branch_python_dop_operator_3.py
[2023-03-26T16:56:59.292+0000] {processor.py:753} INFO - DAG(s) dict_keys(['example_branch_dop_operator_v3']) retrieved from /home/airflow/.local/lib/python3.7/site-packages/airflow/example_dags/example_branch_python_dop_operator_3.py
[2023-03-26T16:56:59.308+0000] {logging_mixin.py:137} INFO - [2023-03-26T16:56:59.308+0000] {dag.py:2693} INFO - Sync 1 DAGs
[2023-03-26T16:56:59.324+0000] {logging_mixin.py:137} INFO - [2023-03-26T16:56:59.324+0000] {dag.py:3444} INFO - Setting next_dagrun for example_branch_dop_operator_v3 to 2023-03-26T16:55:00+00:00, run_after=2023-03-26T16:56:00+00:00
[2023-03-26T16:56:59.336+0000] {processor.py:175} INFO - Processing /home/airflow/.local/lib/python3.7/site-packages/airflow/example_dags/example_branch_python_dop_operator_3.py took 0.060 seconds
[2023-03-26T16:57:29.788+0000] {processor.py:153} INFO - Started process (PID=924) to work on /home/airflow/.local/lib/python3.7/site-packages/airflow/example_dags/example_branch_python_dop_operator_3.py
[2023-03-26T16:57:29.789+0000] {processor.py:743} INFO - Processing file /home/airflow/.local/lib/python3.7/site-packages/airflow/example_dags/example_branch_python_dop_operator_3.py for tasks to queue
[2023-03-26T16:57:29.789+0000] {logging_mixin.py:137} INFO - [2023-03-26T16:57:29.789+0000] {dagbag.py:532} INFO - Filling up the DagBag from /home/airflow/.local/lib/python3.7/site-packages/airflow/example_dags/example_branch_python_dop_operator_3.py
[2023-03-26T16:57:29.803+0000] {processor.py:753} INFO - DAG(s) dict_keys(['example_branch_dop_operator_v3']) retrieved from /home/airflow/.local/lib/python3.7/site-packages/airflow/example_dags/example_branch_python_dop_operator_3.py
[2023-03-26T16:57:29.818+0000] {logging_mixin.py:137} INFO - [2023-03-26T16:57:29.818+0000] {dag.py:2693} INFO - Sync 1 DAGs
[2023-03-26T16:57:29.834+0000] {logging_mixin.py:137} INFO - [2023-03-26T16:57:29.834+0000] {dag.py:3444} INFO - Setting next_dagrun for example_branch_dop_operator_v3 to 2023-03-26T16:56:00+00:00, run_after=2023-03-26T16:57:00+00:00
[2023-03-26T16:57:29.847+0000] {processor.py:175} INFO - Processing /home/airflow/.local/lib/python3.7/site-packages/airflow/example_dags/example_branch_python_dop_operator_3.py took 0.060 seconds
[2023-03-26T16:58:00.557+0000] {processor.py:153} INFO - Started process (PID=973) to work on /home/airflow/.local/lib/python3.7/site-packages/airflow/example_dags/example_branch_python_dop_operator_3.py
[2023-03-26T16:58:00.557+0000] {processor.py:743} INFO - Processing file /home/airflow/.local/lib/python3.7/site-packages/airflow/example_dags/example_branch_python_dop_operator_3.py for tasks to queue
[2023-03-26T16:58:00.558+0000] {logging_mixin.py:137} INFO - [2023-03-26T16:58:00.558+0000] {dagbag.py:532} INFO - Filling up the DagBag from /home/airflow/.local/lib/python3.7/site-packages/airflow/example_dags/example_branch_python_dop_operator_3.py
[2023-03-26T16:58:00.571+0000] {processor.py:753} INFO - DAG(s) dict_keys(['example_branch_dop_operator_v3']) retrieved from /home/airflow/.local/lib/python3.7/site-packages/airflow/example_dags/example_branch_python_dop_operator_3.py
[2023-03-26T16:58:00.587+0000] {logging_mixin.py:137} INFO - [2023-03-26T16:58:00.587+0000] {dag.py:2693} INFO - Sync 1 DAGs
[2023-03-26T16:58:00.603+0000] {logging_mixin.py:137} INFO - [2023-03-26T16:58:00.603+0000] {dag.py:3444} INFO - Setting next_dagrun for example_branch_dop_operator_v3 to 2023-03-26T16:57:00+00:00, run_after=2023-03-26T16:58:00+00:00
[2023-03-26T16:58:00.615+0000] {processor.py:175} INFO - Processing /home/airflow/.local/lib/python3.7/site-packages/airflow/example_dags/example_branch_python_dop_operator_3.py took 0.060 seconds
[2023-03-26T16:58:31.227+0000] {processor.py:153} INFO - Started process (PID=1022) to work on /home/airflow/.local/lib/python3.7/site-packages/airflow/example_dags/example_branch_python_dop_operator_3.py
[2023-03-26T16:58:31.227+0000] {processor.py:743} INFO - Processing file /home/airflow/.local/lib/python3.7/site-packages/airflow/example_dags/example_branch_python_dop_operator_3.py for tasks to queue
[2023-03-26T16:58:31.228+0000] {logging_mixin.py:137} INFO - [2023-03-26T16:58:31.227+0000] {dagbag.py:532} INFO - Filling up the DagBag from /home/airflow/.local/lib/python3.7/site-packages/airflow/example_dags/example_branch_python_dop_operator_3.py
[2023-03-26T16:58:31.241+0000] {processor.py:753} INFO - DAG(s) dict_keys(['example_branch_dop_operator_v3']) retrieved from /home/airflow/.local/lib/python3.7/site-packages/airflow/example_dags/example_branch_python_dop_operator_3.py
[2023-03-26T16:58:31.257+0000] {logging_mixin.py:137} INFO - [2023-03-26T16:58:31.257+0000] {dag.py:2693} INFO - Sync 1 DAGs
[2023-03-26T16:58:31.273+0000] {logging_mixin.py:137} INFO - [2023-03-26T16:58:31.273+0000] {dag.py:3444} INFO - Setting next_dagrun for example_branch_dop_operator_v3 to 2023-03-26T16:57:00+00:00, run_after=2023-03-26T16:58:00+00:00
[2023-03-26T16:58:31.290+0000] {processor.py:175} INFO - Processing /home/airflow/.local/lib/python3.7/site-packages/airflow/example_dags/example_branch_python_dop_operator_3.py took 0.065 seconds
[2023-03-26T16:59:02.083+0000] {processor.py:153} INFO - Started process (PID=1071) to work on /home/airflow/.local/lib/python3.7/site-packages/airflow/example_dags/example_branch_python_dop_operator_3.py
[2023-03-26T16:59:02.084+0000] {processor.py:743} INFO - Processing file /home/airflow/.local/lib/python3.7/site-packages/airflow/example_dags/example_branch_python_dop_operator_3.py for tasks to queue
[2023-03-26T16:59:02.084+0000] {logging_mixin.py:137} INFO - [2023-03-26T16:59:02.084+0000] {dagbag.py:532} INFO - Filling up the DagBag from /home/airflow/.local/lib/python3.7/site-packages/airflow/example_dags/example_branch_python_dop_operator_3.py
[2023-03-26T16:59:02.098+0000] {processor.py:753} INFO - DAG(s) dict_keys(['example_branch_dop_operator_v3']) retrieved from /home/airflow/.local/lib/python3.7/site-packages/airflow/example_dags/example_branch_python_dop_operator_3.py
[2023-03-26T16:59:02.113+0000] {logging_mixin.py:137} INFO - [2023-03-26T16:59:02.113+0000] {dag.py:2693} INFO - Sync 1 DAGs
[2023-03-26T16:59:02.129+0000] {logging_mixin.py:137} INFO - [2023-03-26T16:59:02.129+0000] {dag.py:3444} INFO - Setting next_dagrun for example_branch_dop_operator_v3 to 2023-03-26T16:58:00+00:00, run_after=2023-03-26T16:59:00+00:00
[2023-03-26T16:59:02.142+0000] {processor.py:175} INFO - Processing /home/airflow/.local/lib/python3.7/site-packages/airflow/example_dags/example_branch_python_dop_operator_3.py took 0.061 seconds
[2023-03-26T16:59:32.658+0000] {processor.py:153} INFO - Started process (PID=1120) to work on /home/airflow/.local/lib/python3.7/site-packages/airflow/example_dags/example_branch_python_dop_operator_3.py
[2023-03-26T16:59:32.658+0000] {processor.py:743} INFO - Processing file /home/airflow/.local/lib/python3.7/site-packages/airflow/example_dags/example_branch_python_dop_operator_3.py for tasks to queue
[2023-03-26T16:59:32.659+0000] {logging_mixin.py:137} INFO - [2023-03-26T16:59:32.659+0000] {dagbag.py:532} INFO - Filling up the DagBag from /home/airflow/.local/lib/python3.7/site-packages/airflow/example_dags/example_branch_python_dop_operator_3.py
[2023-03-26T16:59:32.672+0000] {processor.py:753} INFO - DAG(s) dict_keys(['example_branch_dop_operator_v3']) retrieved from /home/airflow/.local/lib/python3.7/site-packages/airflow/example_dags/example_branch_python_dop_operator_3.py
[2023-03-26T16:59:32.687+0000] {logging_mixin.py:137} INFO - [2023-03-26T16:59:32.687+0000] {dag.py:2693} INFO - Sync 1 DAGs
[2023-03-26T16:59:32.704+0000] {logging_mixin.py:137} INFO - [2023-03-26T16:59:32.703+0000] {dag.py:3444} INFO - Setting next_dagrun for example_branch_dop_operator_v3 to 2023-03-26T16:58:00+00:00, run_after=2023-03-26T16:59:00+00:00
[2023-03-26T16:59:32.716+0000] {processor.py:175} INFO - Processing /home/airflow/.local/lib/python3.7/site-packages/airflow/example_dags/example_branch_python_dop_operator_3.py took 0.060 seconds
[2023-03-26T17:00:03.412+0000] {processor.py:153} INFO - Started process (PID=1169) to work on /home/airflow/.local/lib/python3.7/site-packages/airflow/example_dags/example_branch_python_dop_operator_3.py
[2023-03-26T17:00:03.413+0000] {processor.py:743} INFO - Processing file /home/airflow/.local/lib/python3.7/site-packages/airflow/example_dags/example_branch_python_dop_operator_3.py for tasks to queue
[2023-03-26T17:00:03.413+0000] {logging_mixin.py:137} INFO - [2023-03-26T17:00:03.413+0000] {dagbag.py:532} INFO - Filling up the DagBag from /home/airflow/.local/lib/python3.7/site-packages/airflow/example_dags/example_branch_python_dop_operator_3.py
[2023-03-26T17:00:03.426+0000] {processor.py:753} INFO - DAG(s) dict_keys(['example_branch_dop_operator_v3']) retrieved from /home/airflow/.local/lib/python3.7/site-packages/airflow/example_dags/example_branch_python_dop_operator_3.py
[2023-03-26T17:00:03.441+0000] {logging_mixin.py:137} INFO - [2023-03-26T17:00:03.441+0000] {dag.py:2693} INFO - Sync 1 DAGs
[2023-03-26T17:00:03.458+0000] {logging_mixin.py:137} INFO - [2023-03-26T17:00:03.458+0000] {dag.py:3444} INFO - Setting next_dagrun for example_branch_dop_operator_v3 to 2023-03-26T16:59:00+00:00, run_after=2023-03-26T17:00:00+00:00
[2023-03-26T17:00:03.469+0000] {processor.py:175} INFO - Processing /home/airflow/.local/lib/python3.7/site-packages/airflow/example_dags/example_branch_python_dop_operator_3.py took 0.059 seconds
[2023-03-26T17:00:34.062+0000] {processor.py:153} INFO - Started process (PID=1218) to work on /home/airflow/.local/lib/python3.7/site-packages/airflow/example_dags/example_branch_python_dop_operator_3.py
[2023-03-26T17:00:34.063+0000] {processor.py:743} INFO - Processing file /home/airflow/.local/lib/python3.7/site-packages/airflow/example_dags/example_branch_python_dop_operator_3.py for tasks to queue
[2023-03-26T17:00:34.063+0000] {logging_mixin.py:137} INFO - [2023-03-26T17:00:34.063+0000] {dagbag.py:532} INFO - Filling up the DagBag from /home/airflow/.local/lib/python3.7/site-packages/airflow/example_dags/example_branch_python_dop_operator_3.py
[2023-03-26T17:00:34.077+0000] {processor.py:753} INFO - DAG(s) dict_keys(['example_branch_dop_operator_v3']) retrieved from /home/airflow/.local/lib/python3.7/site-packages/airflow/example_dags/example_branch_python_dop_operator_3.py
[2023-03-26T17:00:34.093+0000] {logging_mixin.py:137} INFO - [2023-03-26T17:00:34.093+0000] {dag.py:2693} INFO - Sync 1 DAGs
[2023-03-26T17:00:34.110+0000] {logging_mixin.py:137} INFO - [2023-03-26T17:00:34.109+0000] {dag.py:3444} INFO - Setting next_dagrun for example_branch_dop_operator_v3 to 2023-03-26T16:59:00+00:00, run_after=2023-03-26T17:00:00+00:00
[2023-03-26T17:00:34.125+0000] {processor.py:175} INFO - Processing /home/airflow/.local/lib/python3.7/site-packages/airflow/example_dags/example_branch_python_dop_operator_3.py took 0.065 seconds
