[2023-03-26T16:04:05.520+0000] {processor.py:153} INFO - Started process (PID=95) to work on /home/airflow/.local/lib/python3.7/site-packages/airflow/example_dags/example_latest_only_with_trigger.py
[2023-03-26T16:04:05.520+0000] {processor.py:743} INFO - Processing file /home/airflow/.local/lib/python3.7/site-packages/airflow/example_dags/example_latest_only_with_trigger.py for tasks to queue
[2023-03-26T16:04:05.521+0000] {logging_mixin.py:137} INFO - [2023-03-26T16:04:05.520+0000] {dagbag.py:532} INFO - Filling up the DagBag from /home/airflow/.local/lib/python3.7/site-packages/airflow/example_dags/example_latest_only_with_trigger.py
[2023-03-26T16:04:05.530+0000] {processor.py:753} INFO - DAG(s) dict_keys(['latest_only_with_trigger']) retrieved from /home/airflow/.local/lib/python3.7/site-packages/airflow/example_dags/example_latest_only_with_trigger.py
[2023-03-26T16:04:05.605+0000] {logging_mixin.py:137} INFO - [2023-03-26T16:04:05.605+0000] {manager.py:504} INFO - Created Permission View: can read on DAG:latest_only_with_trigger
[2023-03-26T16:04:05.620+0000] {logging_mixin.py:137} INFO - [2023-03-26T16:04:05.620+0000] {manager.py:504} INFO - Created Permission View: can edit on DAG:latest_only_with_trigger
[2023-03-26T16:04:05.627+0000] {logging_mixin.py:137} INFO - [2023-03-26T16:04:05.627+0000] {manager.py:504} INFO - Created Permission View: can delete on DAG:latest_only_with_trigger
[2023-03-26T16:04:05.627+0000] {logging_mixin.py:137} INFO - [2023-03-26T16:04:05.627+0000] {dag.py:2693} INFO - Sync 1 DAGs
[2023-03-26T16:04:05.643+0000] {logging_mixin.py:137} INFO - [2023-03-26T16:04:05.643+0000] {dag.py:2714} INFO - Creating ORM DAG for latest_only_with_trigger
[2023-03-26T16:04:05.650+0000] {logging_mixin.py:137} INFO - [2023-03-26T16:04:05.650+0000] {dag.py:3444} INFO - Setting next_dagrun for latest_only_with_trigger to 2023-03-26T12:04:05.650625+00:00, run_after=2023-03-26T16:04:05.650625+00:00
[2023-03-26T16:04:05.664+0000] {processor.py:175} INFO - Processing /home/airflow/.local/lib/python3.7/site-packages/airflow/example_dags/example_latest_only_with_trigger.py took 0.146 seconds
[2023-03-26T16:04:36.389+0000] {processor.py:153} INFO - Started process (PID=144) to work on /home/airflow/.local/lib/python3.7/site-packages/airflow/example_dags/example_latest_only_with_trigger.py
[2023-03-26T16:04:36.389+0000] {processor.py:743} INFO - Processing file /home/airflow/.local/lib/python3.7/site-packages/airflow/example_dags/example_latest_only_with_trigger.py for tasks to queue
[2023-03-26T16:04:36.389+0000] {logging_mixin.py:137} INFO - [2023-03-26T16:04:36.389+0000] {dagbag.py:532} INFO - Filling up the DagBag from /home/airflow/.local/lib/python3.7/site-packages/airflow/example_dags/example_latest_only_with_trigger.py
[2023-03-26T16:04:36.397+0000] {processor.py:753} INFO - DAG(s) dict_keys(['latest_only_with_trigger']) retrieved from /home/airflow/.local/lib/python3.7/site-packages/airflow/example_dags/example_latest_only_with_trigger.py
[2023-03-26T16:04:36.412+0000] {logging_mixin.py:137} INFO - [2023-03-26T16:04:36.412+0000] {dag.py:2693} INFO - Sync 1 DAGs
[2023-03-26T16:04:36.426+0000] {logging_mixin.py:137} INFO - [2023-03-26T16:04:36.426+0000] {dag.py:3444} INFO - Setting next_dagrun for latest_only_with_trigger to 2023-03-26T12:04:36.426279+00:00, run_after=2023-03-26T16:04:36.426279+00:00
[2023-03-26T16:04:36.439+0000] {processor.py:175} INFO - Processing /home/airflow/.local/lib/python3.7/site-packages/airflow/example_dags/example_latest_only_with_trigger.py took 0.052 seconds
[2023-03-26T16:05:06.992+0000] {processor.py:153} INFO - Started process (PID=193) to work on /home/airflow/.local/lib/python3.7/site-packages/airflow/example_dags/example_latest_only_with_trigger.py
[2023-03-26T16:05:06.992+0000] {processor.py:743} INFO - Processing file /home/airflow/.local/lib/python3.7/site-packages/airflow/example_dags/example_latest_only_with_trigger.py for tasks to queue
[2023-03-26T16:05:06.993+0000] {logging_mixin.py:137} INFO - [2023-03-26T16:05:06.993+0000] {dagbag.py:532} INFO - Filling up the DagBag from /home/airflow/.local/lib/python3.7/site-packages/airflow/example_dags/example_latest_only_with_trigger.py
[2023-03-26T16:05:07.000+0000] {processor.py:753} INFO - DAG(s) dict_keys(['latest_only_with_trigger']) retrieved from /home/airflow/.local/lib/python3.7/site-packages/airflow/example_dags/example_latest_only_with_trigger.py
[2023-03-26T16:05:07.015+0000] {logging_mixin.py:137} INFO - [2023-03-26T16:05:07.015+0000] {dag.py:2693} INFO - Sync 1 DAGs
[2023-03-26T16:05:07.029+0000] {logging_mixin.py:137} INFO - [2023-03-26T16:05:07.029+0000] {dag.py:3444} INFO - Setting next_dagrun for latest_only_with_trigger to 2023-03-26T12:05:07.029522+00:00, run_after=2023-03-26T16:05:07.029522+00:00
[2023-03-26T16:05:07.046+0000] {processor.py:175} INFO - Processing /home/airflow/.local/lib/python3.7/site-packages/airflow/example_dags/example_latest_only_with_trigger.py took 0.056 seconds
[2023-03-26T16:05:37.584+0000] {processor.py:153} INFO - Started process (PID=241) to work on /home/airflow/.local/lib/python3.7/site-packages/airflow/example_dags/example_latest_only_with_trigger.py
[2023-03-26T16:05:37.585+0000] {processor.py:743} INFO - Processing file /home/airflow/.local/lib/python3.7/site-packages/airflow/example_dags/example_latest_only_with_trigger.py for tasks to queue
[2023-03-26T16:05:37.585+0000] {logging_mixin.py:137} INFO - [2023-03-26T16:05:37.585+0000] {dagbag.py:532} INFO - Filling up the DagBag from /home/airflow/.local/lib/python3.7/site-packages/airflow/example_dags/example_latest_only_with_trigger.py
[2023-03-26T16:05:37.592+0000] {processor.py:753} INFO - DAG(s) dict_keys(['latest_only_with_trigger']) retrieved from /home/airflow/.local/lib/python3.7/site-packages/airflow/example_dags/example_latest_only_with_trigger.py
[2023-03-26T16:05:37.609+0000] {logging_mixin.py:137} INFO - [2023-03-26T16:05:37.608+0000] {dag.py:2693} INFO - Sync 1 DAGs
[2023-03-26T16:05:37.622+0000] {logging_mixin.py:137} INFO - [2023-03-26T16:05:37.622+0000] {dag.py:3444} INFO - Setting next_dagrun for latest_only_with_trigger to 2023-03-26T12:05:37.622459+00:00, run_after=2023-03-26T16:05:37.622459+00:00
[2023-03-26T16:05:37.636+0000] {processor.py:175} INFO - Processing /home/airflow/.local/lib/python3.7/site-packages/airflow/example_dags/example_latest_only_with_trigger.py took 0.054 seconds
[2023-03-26T16:06:08.217+0000] {processor.py:153} INFO - Started process (PID=290) to work on /home/airflow/.local/lib/python3.7/site-packages/airflow/example_dags/example_latest_only_with_trigger.py
[2023-03-26T16:06:08.218+0000] {processor.py:743} INFO - Processing file /home/airflow/.local/lib/python3.7/site-packages/airflow/example_dags/example_latest_only_with_trigger.py for tasks to queue
[2023-03-26T16:06:08.218+0000] {logging_mixin.py:137} INFO - [2023-03-26T16:06:08.218+0000] {dagbag.py:532} INFO - Filling up the DagBag from /home/airflow/.local/lib/python3.7/site-packages/airflow/example_dags/example_latest_only_with_trigger.py
[2023-03-26T16:06:08.226+0000] {processor.py:753} INFO - DAG(s) dict_keys(['latest_only_with_trigger']) retrieved from /home/airflow/.local/lib/python3.7/site-packages/airflow/example_dags/example_latest_only_with_trigger.py
[2023-03-26T16:06:08.242+0000] {logging_mixin.py:137} INFO - [2023-03-26T16:06:08.241+0000] {dag.py:2693} INFO - Sync 1 DAGs
[2023-03-26T16:06:08.255+0000] {logging_mixin.py:137} INFO - [2023-03-26T16:06:08.255+0000] {dag.py:3444} INFO - Setting next_dagrun for latest_only_with_trigger to 2023-03-26T12:06:08.255555+00:00, run_after=2023-03-26T16:06:08.255555+00:00
[2023-03-26T16:06:08.269+0000] {processor.py:175} INFO - Processing /home/airflow/.local/lib/python3.7/site-packages/airflow/example_dags/example_latest_only_with_trigger.py took 0.053 seconds
[2023-03-26T16:06:38.840+0000] {processor.py:153} INFO - Started process (PID=339) to work on /home/airflow/.local/lib/python3.7/site-packages/airflow/example_dags/example_latest_only_with_trigger.py
[2023-03-26T16:06:38.840+0000] {processor.py:743} INFO - Processing file /home/airflow/.local/lib/python3.7/site-packages/airflow/example_dags/example_latest_only_with_trigger.py for tasks to queue
[2023-03-26T16:06:38.841+0000] {logging_mixin.py:137} INFO - [2023-03-26T16:06:38.840+0000] {dagbag.py:532} INFO - Filling up the DagBag from /home/airflow/.local/lib/python3.7/site-packages/airflow/example_dags/example_latest_only_with_trigger.py
[2023-03-26T16:06:38.850+0000] {processor.py:753} INFO - DAG(s) dict_keys(['latest_only_with_trigger']) retrieved from /home/airflow/.local/lib/python3.7/site-packages/airflow/example_dags/example_latest_only_with_trigger.py
[2023-03-26T16:06:38.867+0000] {logging_mixin.py:137} INFO - [2023-03-26T16:06:38.867+0000] {dag.py:2693} INFO - Sync 1 DAGs
[2023-03-26T16:06:38.886+0000] {logging_mixin.py:137} INFO - [2023-03-26T16:06:38.885+0000] {dag.py:3444} INFO - Setting next_dagrun for latest_only_with_trigger to 2023-03-26T12:06:38.885797+00:00, run_after=2023-03-26T16:06:38.885797+00:00
[2023-03-26T16:06:38.898+0000] {processor.py:175} INFO - Processing /home/airflow/.local/lib/python3.7/site-packages/airflow/example_dags/example_latest_only_with_trigger.py took 0.061 seconds
[2023-03-26T16:07:09.483+0000] {processor.py:153} INFO - Started process (PID=388) to work on /home/airflow/.local/lib/python3.7/site-packages/airflow/example_dags/example_latest_only_with_trigger.py
[2023-03-26T16:07:09.484+0000] {processor.py:743} INFO - Processing file /home/airflow/.local/lib/python3.7/site-packages/airflow/example_dags/example_latest_only_with_trigger.py for tasks to queue
[2023-03-26T16:07:09.484+0000] {logging_mixin.py:137} INFO - [2023-03-26T16:07:09.484+0000] {dagbag.py:532} INFO - Filling up the DagBag from /home/airflow/.local/lib/python3.7/site-packages/airflow/example_dags/example_latest_only_with_trigger.py
[2023-03-26T16:07:09.491+0000] {processor.py:753} INFO - DAG(s) dict_keys(['latest_only_with_trigger']) retrieved from /home/airflow/.local/lib/python3.7/site-packages/airflow/example_dags/example_latest_only_with_trigger.py
[2023-03-26T16:07:09.507+0000] {logging_mixin.py:137} INFO - [2023-03-26T16:07:09.507+0000] {dag.py:2693} INFO - Sync 1 DAGs
[2023-03-26T16:07:09.520+0000] {logging_mixin.py:137} INFO - [2023-03-26T16:07:09.520+0000] {dag.py:3444} INFO - Setting next_dagrun for latest_only_with_trigger to 2023-03-26T12:07:09.520502+00:00, run_after=2023-03-26T16:07:09.520502+00:00
[2023-03-26T16:07:09.535+0000] {processor.py:175} INFO - Processing /home/airflow/.local/lib/python3.7/site-packages/airflow/example_dags/example_latest_only_with_trigger.py took 0.053 seconds
[2023-03-26T16:07:40.124+0000] {processor.py:153} INFO - Started process (PID=437) to work on /home/airflow/.local/lib/python3.7/site-packages/airflow/example_dags/example_latest_only_with_trigger.py
[2023-03-26T16:07:40.125+0000] {processor.py:743} INFO - Processing file /home/airflow/.local/lib/python3.7/site-packages/airflow/example_dags/example_latest_only_with_trigger.py for tasks to queue
[2023-03-26T16:07:40.125+0000] {logging_mixin.py:137} INFO - [2023-03-26T16:07:40.125+0000] {dagbag.py:532} INFO - Filling up the DagBag from /home/airflow/.local/lib/python3.7/site-packages/airflow/example_dags/example_latest_only_with_trigger.py
[2023-03-26T16:07:40.133+0000] {processor.py:753} INFO - DAG(s) dict_keys(['latest_only_with_trigger']) retrieved from /home/airflow/.local/lib/python3.7/site-packages/airflow/example_dags/example_latest_only_with_trigger.py
[2023-03-26T16:07:40.149+0000] {logging_mixin.py:137} INFO - [2023-03-26T16:07:40.149+0000] {dag.py:2693} INFO - Sync 1 DAGs
[2023-03-26T16:07:40.162+0000] {logging_mixin.py:137} INFO - [2023-03-26T16:07:40.162+0000] {dag.py:3444} INFO - Setting next_dagrun for latest_only_with_trigger to 2023-03-26T12:07:40.162576+00:00, run_after=2023-03-26T16:07:40.162576+00:00
[2023-03-26T16:07:40.179+0000] {processor.py:175} INFO - Processing /home/airflow/.local/lib/python3.7/site-packages/airflow/example_dags/example_latest_only_with_trigger.py took 0.057 seconds
[2023-03-26T16:08:10.725+0000] {processor.py:153} INFO - Started process (PID=486) to work on /home/airflow/.local/lib/python3.7/site-packages/airflow/example_dags/example_latest_only_with_trigger.py
[2023-03-26T16:08:10.726+0000] {processor.py:743} INFO - Processing file /home/airflow/.local/lib/python3.7/site-packages/airflow/example_dags/example_latest_only_with_trigger.py for tasks to queue
[2023-03-26T16:08:10.726+0000] {logging_mixin.py:137} INFO - [2023-03-26T16:08:10.726+0000] {dagbag.py:532} INFO - Filling up the DagBag from /home/airflow/.local/lib/python3.7/site-packages/airflow/example_dags/example_latest_only_with_trigger.py
[2023-03-26T16:08:10.734+0000] {processor.py:753} INFO - DAG(s) dict_keys(['latest_only_with_trigger']) retrieved from /home/airflow/.local/lib/python3.7/site-packages/airflow/example_dags/example_latest_only_with_trigger.py
[2023-03-26T16:08:10.750+0000] {logging_mixin.py:137} INFO - [2023-03-26T16:08:10.750+0000] {dag.py:2693} INFO - Sync 1 DAGs
[2023-03-26T16:08:10.764+0000] {logging_mixin.py:137} INFO - [2023-03-26T16:08:10.764+0000] {dag.py:3444} INFO - Setting next_dagrun for latest_only_with_trigger to 2023-03-26T12:08:10.764204+00:00, run_after=2023-03-26T16:08:10.764204+00:00
[2023-03-26T16:08:10.780+0000] {processor.py:175} INFO - Processing /home/airflow/.local/lib/python3.7/site-packages/airflow/example_dags/example_latest_only_with_trigger.py took 0.057 seconds
[2023-03-26T16:13:01.072+0000] {processor.py:153} INFO - Started process (PID=95) to work on /home/airflow/.local/lib/python3.7/site-packages/airflow/example_dags/example_latest_only_with_trigger.py
[2023-03-26T16:13:01.072+0000] {processor.py:743} INFO - Processing file /home/airflow/.local/lib/python3.7/site-packages/airflow/example_dags/example_latest_only_with_trigger.py for tasks to queue
[2023-03-26T16:13:01.075+0000] {logging_mixin.py:137} INFO - [2023-03-26T16:13:01.075+0000] {dagbag.py:532} INFO - Filling up the DagBag from /home/airflow/.local/lib/python3.7/site-packages/airflow/example_dags/example_latest_only_with_trigger.py
[2023-03-26T16:13:01.083+0000] {processor.py:753} INFO - DAG(s) dict_keys(['latest_only_with_trigger']) retrieved from /home/airflow/.local/lib/python3.7/site-packages/airflow/example_dags/example_latest_only_with_trigger.py
[2023-03-26T16:13:01.091+0000] {logging_mixin.py:137} INFO - [2023-03-26T16:13:01.091+0000] {dag.py:2693} INFO - Sync 1 DAGs
[2023-03-26T16:13:01.107+0000] {logging_mixin.py:137} INFO - [2023-03-26T16:13:01.106+0000] {dag.py:3444} INFO - Setting next_dagrun for latest_only_with_trigger to 2023-03-26T12:13:01.106802+00:00, run_after=2023-03-26T16:13:01.106802+00:00
[2023-03-26T16:13:01.121+0000] {processor.py:175} INFO - Processing /home/airflow/.local/lib/python3.7/site-packages/airflow/example_dags/example_latest_only_with_trigger.py took 0.052 seconds
[2023-03-26T16:13:31.655+0000] {processor.py:153} INFO - Started process (PID=144) to work on /home/airflow/.local/lib/python3.7/site-packages/airflow/example_dags/example_latest_only_with_trigger.py
[2023-03-26T16:13:31.656+0000] {processor.py:743} INFO - Processing file /home/airflow/.local/lib/python3.7/site-packages/airflow/example_dags/example_latest_only_with_trigger.py for tasks to queue
[2023-03-26T16:13:31.656+0000] {logging_mixin.py:137} INFO - [2023-03-26T16:13:31.656+0000] {dagbag.py:532} INFO - Filling up the DagBag from /home/airflow/.local/lib/python3.7/site-packages/airflow/example_dags/example_latest_only_with_trigger.py
[2023-03-26T16:13:31.664+0000] {processor.py:753} INFO - DAG(s) dict_keys(['latest_only_with_trigger']) retrieved from /home/airflow/.local/lib/python3.7/site-packages/airflow/example_dags/example_latest_only_with_trigger.py
[2023-03-26T16:13:31.680+0000] {logging_mixin.py:137} INFO - [2023-03-26T16:13:31.679+0000] {dag.py:2693} INFO - Sync 1 DAGs
[2023-03-26T16:13:31.694+0000] {logging_mixin.py:137} INFO - [2023-03-26T16:13:31.694+0000] {dag.py:3444} INFO - Setting next_dagrun for latest_only_with_trigger to 2023-03-26T12:13:31.694196+00:00, run_after=2023-03-26T16:13:31.694196+00:00
[2023-03-26T16:13:31.708+0000] {processor.py:175} INFO - Processing /home/airflow/.local/lib/python3.7/site-packages/airflow/example_dags/example_latest_only_with_trigger.py took 0.054 seconds
[2023-03-26T16:17:29.950+0000] {processor.py:153} INFO - Started process (PID=95) to work on /home/airflow/.local/lib/python3.7/site-packages/airflow/example_dags/example_latest_only_with_trigger.py
[2023-03-26T16:17:29.950+0000] {processor.py:743} INFO - Processing file /home/airflow/.local/lib/python3.7/site-packages/airflow/example_dags/example_latest_only_with_trigger.py for tasks to queue
[2023-03-26T16:17:29.951+0000] {logging_mixin.py:137} INFO - [2023-03-26T16:17:29.951+0000] {dagbag.py:532} INFO - Filling up the DagBag from /home/airflow/.local/lib/python3.7/site-packages/airflow/example_dags/example_latest_only_with_trigger.py
[2023-03-26T16:17:29.960+0000] {processor.py:753} INFO - DAG(s) dict_keys(['latest_only_with_trigger']) retrieved from /home/airflow/.local/lib/python3.7/site-packages/airflow/example_dags/example_latest_only_with_trigger.py
[2023-03-26T16:17:29.968+0000] {logging_mixin.py:137} INFO - [2023-03-26T16:17:29.968+0000] {dag.py:2693} INFO - Sync 1 DAGs
[2023-03-26T16:17:29.983+0000] {logging_mixin.py:137} INFO - [2023-03-26T16:17:29.983+0000] {dag.py:3444} INFO - Setting next_dagrun for latest_only_with_trigger to 2023-03-26T12:17:29.983377+00:00, run_after=2023-03-26T16:17:29.983377+00:00
[2023-03-26T16:17:29.998+0000] {processor.py:175} INFO - Processing /home/airflow/.local/lib/python3.7/site-packages/airflow/example_dags/example_latest_only_with_trigger.py took 0.050 seconds
[2023-03-26T16:18:00.881+0000] {processor.py:153} INFO - Started process (PID=144) to work on /home/airflow/.local/lib/python3.7/site-packages/airflow/example_dags/example_latest_only_with_trigger.py
[2023-03-26T16:18:00.882+0000] {processor.py:743} INFO - Processing file /home/airflow/.local/lib/python3.7/site-packages/airflow/example_dags/example_latest_only_with_trigger.py for tasks to queue
[2023-03-26T16:18:00.882+0000] {logging_mixin.py:137} INFO - [2023-03-26T16:18:00.882+0000] {dagbag.py:532} INFO - Filling up the DagBag from /home/airflow/.local/lib/python3.7/site-packages/airflow/example_dags/example_latest_only_with_trigger.py
[2023-03-26T16:18:00.889+0000] {processor.py:753} INFO - DAG(s) dict_keys(['latest_only_with_trigger']) retrieved from /home/airflow/.local/lib/python3.7/site-packages/airflow/example_dags/example_latest_only_with_trigger.py
[2023-03-26T16:18:00.905+0000] {logging_mixin.py:137} INFO - [2023-03-26T16:18:00.905+0000] {dag.py:2693} INFO - Sync 1 DAGs
[2023-03-26T16:18:00.919+0000] {logging_mixin.py:137} INFO - [2023-03-26T16:18:00.919+0000] {dag.py:3444} INFO - Setting next_dagrun for latest_only_with_trigger to 2023-03-26T12:18:00.919405+00:00, run_after=2023-03-26T16:18:00.919405+00:00
[2023-03-26T16:18:00.931+0000] {processor.py:175} INFO - Processing /home/airflow/.local/lib/python3.7/site-packages/airflow/example_dags/example_latest_only_with_trigger.py took 0.052 seconds
[2023-03-26T16:18:31.452+0000] {processor.py:153} INFO - Started process (PID=193) to work on /home/airflow/.local/lib/python3.7/site-packages/airflow/example_dags/example_latest_only_with_trigger.py
[2023-03-26T16:18:31.453+0000] {processor.py:743} INFO - Processing file /home/airflow/.local/lib/python3.7/site-packages/airflow/example_dags/example_latest_only_with_trigger.py for tasks to queue
[2023-03-26T16:18:31.453+0000] {logging_mixin.py:137} INFO - [2023-03-26T16:18:31.453+0000] {dagbag.py:532} INFO - Filling up the DagBag from /home/airflow/.local/lib/python3.7/site-packages/airflow/example_dags/example_latest_only_with_trigger.py
[2023-03-26T16:18:31.461+0000] {processor.py:753} INFO - DAG(s) dict_keys(['latest_only_with_trigger']) retrieved from /home/airflow/.local/lib/python3.7/site-packages/airflow/example_dags/example_latest_only_with_trigger.py
[2023-03-26T16:18:31.476+0000] {logging_mixin.py:137} INFO - [2023-03-26T16:18:31.476+0000] {dag.py:2693} INFO - Sync 1 DAGs
[2023-03-26T16:18:31.490+0000] {logging_mixin.py:137} INFO - [2023-03-26T16:18:31.490+0000] {dag.py:3444} INFO - Setting next_dagrun for latest_only_with_trigger to 2023-03-26T12:18:31.490646+00:00, run_after=2023-03-26T16:18:31.490646+00:00
[2023-03-26T16:18:31.503+0000] {processor.py:175} INFO - Processing /home/airflow/.local/lib/python3.7/site-packages/airflow/example_dags/example_latest_only_with_trigger.py took 0.053 seconds
[2023-03-26T16:19:02.261+0000] {processor.py:153} INFO - Started process (PID=242) to work on /home/airflow/.local/lib/python3.7/site-packages/airflow/example_dags/example_latest_only_with_trigger.py
[2023-03-26T16:19:02.262+0000] {processor.py:743} INFO - Processing file /home/airflow/.local/lib/python3.7/site-packages/airflow/example_dags/example_latest_only_with_trigger.py for tasks to queue
[2023-03-26T16:19:02.262+0000] {logging_mixin.py:137} INFO - [2023-03-26T16:19:02.262+0000] {dagbag.py:532} INFO - Filling up the DagBag from /home/airflow/.local/lib/python3.7/site-packages/airflow/example_dags/example_latest_only_with_trigger.py
[2023-03-26T16:19:02.269+0000] {processor.py:753} INFO - DAG(s) dict_keys(['latest_only_with_trigger']) retrieved from /home/airflow/.local/lib/python3.7/site-packages/airflow/example_dags/example_latest_only_with_trigger.py
[2023-03-26T16:19:02.286+0000] {logging_mixin.py:137} INFO - [2023-03-26T16:19:02.286+0000] {dag.py:2693} INFO - Sync 1 DAGs
[2023-03-26T16:19:02.300+0000] {logging_mixin.py:137} INFO - [2023-03-26T16:19:02.300+0000] {dag.py:3444} INFO - Setting next_dagrun for latest_only_with_trigger to 2023-03-26T12:19:02.300367+00:00, run_after=2023-03-26T16:19:02.300367+00:00
[2023-03-26T16:19:02.321+0000] {processor.py:175} INFO - Processing /home/airflow/.local/lib/python3.7/site-packages/airflow/example_dags/example_latest_only_with_trigger.py took 0.062 seconds
[2023-03-26T16:19:32.966+0000] {processor.py:153} INFO - Started process (PID=291) to work on /home/airflow/.local/lib/python3.7/site-packages/airflow/example_dags/example_latest_only_with_trigger.py
[2023-03-26T16:19:32.967+0000] {processor.py:743} INFO - Processing file /home/airflow/.local/lib/python3.7/site-packages/airflow/example_dags/example_latest_only_with_trigger.py for tasks to queue
[2023-03-26T16:19:32.967+0000] {logging_mixin.py:137} INFO - [2023-03-26T16:19:32.967+0000] {dagbag.py:532} INFO - Filling up the DagBag from /home/airflow/.local/lib/python3.7/site-packages/airflow/example_dags/example_latest_only_with_trigger.py
[2023-03-26T16:19:32.975+0000] {processor.py:753} INFO - DAG(s) dict_keys(['latest_only_with_trigger']) retrieved from /home/airflow/.local/lib/python3.7/site-packages/airflow/example_dags/example_latest_only_with_trigger.py
[2023-03-26T16:19:32.990+0000] {logging_mixin.py:137} INFO - [2023-03-26T16:19:32.990+0000] {dag.py:2693} INFO - Sync 1 DAGs
[2023-03-26T16:19:33.004+0000] {logging_mixin.py:137} INFO - [2023-03-26T16:19:33.003+0000] {dag.py:3444} INFO - Setting next_dagrun for latest_only_with_trigger to 2023-03-26T12:19:33.003857+00:00, run_after=2023-03-26T16:19:33.003857+00:00
[2023-03-26T16:19:33.017+0000] {processor.py:175} INFO - Processing /home/airflow/.local/lib/python3.7/site-packages/airflow/example_dags/example_latest_only_with_trigger.py took 0.053 seconds
[2023-03-26T16:20:03.567+0000] {processor.py:153} INFO - Started process (PID=340) to work on /home/airflow/.local/lib/python3.7/site-packages/airflow/example_dags/example_latest_only_with_trigger.py
[2023-03-26T16:20:03.568+0000] {processor.py:743} INFO - Processing file /home/airflow/.local/lib/python3.7/site-packages/airflow/example_dags/example_latest_only_with_trigger.py for tasks to queue
[2023-03-26T16:20:03.568+0000] {logging_mixin.py:137} INFO - [2023-03-26T16:20:03.568+0000] {dagbag.py:532} INFO - Filling up the DagBag from /home/airflow/.local/lib/python3.7/site-packages/airflow/example_dags/example_latest_only_with_trigger.py
[2023-03-26T16:20:03.577+0000] {processor.py:753} INFO - DAG(s) dict_keys(['latest_only_with_trigger']) retrieved from /home/airflow/.local/lib/python3.7/site-packages/airflow/example_dags/example_latest_only_with_trigger.py
[2023-03-26T16:20:03.592+0000] {logging_mixin.py:137} INFO - [2023-03-26T16:20:03.592+0000] {dag.py:2693} INFO - Sync 1 DAGs
[2023-03-26T16:20:03.607+0000] {logging_mixin.py:137} INFO - [2023-03-26T16:20:03.607+0000] {dag.py:3444} INFO - Setting next_dagrun for latest_only_with_trigger to 2023-03-26T12:20:03.607482+00:00, run_after=2023-03-26T16:20:03.607482+00:00
[2023-03-26T16:20:03.621+0000] {processor.py:175} INFO - Processing /home/airflow/.local/lib/python3.7/site-packages/airflow/example_dags/example_latest_only_with_trigger.py took 0.056 seconds
[2023-03-26T16:20:34.179+0000] {processor.py:153} INFO - Started process (PID=389) to work on /home/airflow/.local/lib/python3.7/site-packages/airflow/example_dags/example_latest_only_with_trigger.py
[2023-03-26T16:20:34.179+0000] {processor.py:743} INFO - Processing file /home/airflow/.local/lib/python3.7/site-packages/airflow/example_dags/example_latest_only_with_trigger.py for tasks to queue
[2023-03-26T16:20:34.180+0000] {logging_mixin.py:137} INFO - [2023-03-26T16:20:34.180+0000] {dagbag.py:532} INFO - Filling up the DagBag from /home/airflow/.local/lib/python3.7/site-packages/airflow/example_dags/example_latest_only_with_trigger.py
[2023-03-26T16:20:34.187+0000] {processor.py:753} INFO - DAG(s) dict_keys(['latest_only_with_trigger']) retrieved from /home/airflow/.local/lib/python3.7/site-packages/airflow/example_dags/example_latest_only_with_trigger.py
[2023-03-26T16:20:34.203+0000] {logging_mixin.py:137} INFO - [2023-03-26T16:20:34.203+0000] {dag.py:2693} INFO - Sync 1 DAGs
[2023-03-26T16:20:34.218+0000] {logging_mixin.py:137} INFO - [2023-03-26T16:20:34.218+0000] {dag.py:3444} INFO - Setting next_dagrun for latest_only_with_trigger to 2023-03-26T12:20:34.217867+00:00, run_after=2023-03-26T16:20:34.217867+00:00
[2023-03-26T16:20:34.231+0000] {processor.py:175} INFO - Processing /home/airflow/.local/lib/python3.7/site-packages/airflow/example_dags/example_latest_only_with_trigger.py took 0.054 seconds
[2023-03-26T16:21:04.789+0000] {processor.py:153} INFO - Started process (PID=439) to work on /home/airflow/.local/lib/python3.7/site-packages/airflow/example_dags/example_latest_only_with_trigger.py
[2023-03-26T16:21:04.790+0000] {processor.py:743} INFO - Processing file /home/airflow/.local/lib/python3.7/site-packages/airflow/example_dags/example_latest_only_with_trigger.py for tasks to queue
[2023-03-26T16:21:04.790+0000] {logging_mixin.py:137} INFO - [2023-03-26T16:21:04.790+0000] {dagbag.py:532} INFO - Filling up the DagBag from /home/airflow/.local/lib/python3.7/site-packages/airflow/example_dags/example_latest_only_with_trigger.py
[2023-03-26T16:21:04.798+0000] {processor.py:753} INFO - DAG(s) dict_keys(['latest_only_with_trigger']) retrieved from /home/airflow/.local/lib/python3.7/site-packages/airflow/example_dags/example_latest_only_with_trigger.py
[2023-03-26T16:21:04.815+0000] {logging_mixin.py:137} INFO - [2023-03-26T16:21:04.815+0000] {dag.py:2693} INFO - Sync 1 DAGs
[2023-03-26T16:21:04.830+0000] {logging_mixin.py:137} INFO - [2023-03-26T16:21:04.829+0000] {dag.py:3444} INFO - Setting next_dagrun for latest_only_with_trigger to 2023-03-26T12:21:04.829776+00:00, run_after=2023-03-26T16:21:04.829776+00:00
[2023-03-26T16:21:04.843+0000] {processor.py:175} INFO - Processing /home/airflow/.local/lib/python3.7/site-packages/airflow/example_dags/example_latest_only_with_trigger.py took 0.056 seconds
[2023-03-26T16:21:35.399+0000] {processor.py:153} INFO - Started process (PID=488) to work on /home/airflow/.local/lib/python3.7/site-packages/airflow/example_dags/example_latest_only_with_trigger.py
[2023-03-26T16:21:35.400+0000] {processor.py:743} INFO - Processing file /home/airflow/.local/lib/python3.7/site-packages/airflow/example_dags/example_latest_only_with_trigger.py for tasks to queue
[2023-03-26T16:21:35.400+0000] {logging_mixin.py:137} INFO - [2023-03-26T16:21:35.400+0000] {dagbag.py:532} INFO - Filling up the DagBag from /home/airflow/.local/lib/python3.7/site-packages/airflow/example_dags/example_latest_only_with_trigger.py
[2023-03-26T16:21:35.407+0000] {processor.py:753} INFO - DAG(s) dict_keys(['latest_only_with_trigger']) retrieved from /home/airflow/.local/lib/python3.7/site-packages/airflow/example_dags/example_latest_only_with_trigger.py
[2023-03-26T16:21:35.422+0000] {logging_mixin.py:137} INFO - [2023-03-26T16:21:35.421+0000] {dag.py:2693} INFO - Sync 1 DAGs
[2023-03-26T16:21:35.436+0000] {logging_mixin.py:137} INFO - [2023-03-26T16:21:35.436+0000] {dag.py:3444} INFO - Setting next_dagrun for latest_only_with_trigger to 2023-03-26T12:21:35.436158+00:00, run_after=2023-03-26T16:21:35.436158+00:00
[2023-03-26T16:21:35.448+0000] {processor.py:175} INFO - Processing /home/airflow/.local/lib/python3.7/site-packages/airflow/example_dags/example_latest_only_with_trigger.py took 0.051 seconds
[2023-03-26T16:22:06.396+0000] {processor.py:153} INFO - Started process (PID=537) to work on /home/airflow/.local/lib/python3.7/site-packages/airflow/example_dags/example_latest_only_with_trigger.py
[2023-03-26T16:22:06.397+0000] {processor.py:743} INFO - Processing file /home/airflow/.local/lib/python3.7/site-packages/airflow/example_dags/example_latest_only_with_trigger.py for tasks to queue
[2023-03-26T16:22:06.398+0000] {logging_mixin.py:137} INFO - [2023-03-26T16:22:06.398+0000] {dagbag.py:532} INFO - Filling up the DagBag from /home/airflow/.local/lib/python3.7/site-packages/airflow/example_dags/example_latest_only_with_trigger.py
[2023-03-26T16:22:06.406+0000] {processor.py:753} INFO - DAG(s) dict_keys(['latest_only_with_trigger']) retrieved from /home/airflow/.local/lib/python3.7/site-packages/airflow/example_dags/example_latest_only_with_trigger.py
[2023-03-26T16:22:06.423+0000] {logging_mixin.py:137} INFO - [2023-03-26T16:22:06.423+0000] {dag.py:2693} INFO - Sync 1 DAGs
[2023-03-26T16:22:06.439+0000] {logging_mixin.py:137} INFO - [2023-03-26T16:22:06.438+0000] {dag.py:3444} INFO - Setting next_dagrun for latest_only_with_trigger to 2023-03-26T12:22:06.438727+00:00, run_after=2023-03-26T16:22:06.438727+00:00
[2023-03-26T16:22:06.456+0000] {processor.py:175} INFO - Processing /home/airflow/.local/lib/python3.7/site-packages/airflow/example_dags/example_latest_only_with_trigger.py took 0.062 seconds
[2023-03-26T16:22:37.256+0000] {processor.py:153} INFO - Started process (PID=586) to work on /home/airflow/.local/lib/python3.7/site-packages/airflow/example_dags/example_latest_only_with_trigger.py
[2023-03-26T16:22:37.256+0000] {processor.py:743} INFO - Processing file /home/airflow/.local/lib/python3.7/site-packages/airflow/example_dags/example_latest_only_with_trigger.py for tasks to queue
[2023-03-26T16:22:37.256+0000] {logging_mixin.py:137} INFO - [2023-03-26T16:22:37.256+0000] {dagbag.py:532} INFO - Filling up the DagBag from /home/airflow/.local/lib/python3.7/site-packages/airflow/example_dags/example_latest_only_with_trigger.py
[2023-03-26T16:22:37.265+0000] {processor.py:753} INFO - DAG(s) dict_keys(['latest_only_with_trigger']) retrieved from /home/airflow/.local/lib/python3.7/site-packages/airflow/example_dags/example_latest_only_with_trigger.py
[2023-03-26T16:22:37.286+0000] {logging_mixin.py:137} INFO - [2023-03-26T16:22:37.286+0000] {dag.py:2693} INFO - Sync 1 DAGs
[2023-03-26T16:22:37.323+0000] {logging_mixin.py:137} INFO - [2023-03-26T16:22:37.323+0000] {dag.py:3444} INFO - Setting next_dagrun for latest_only_with_trigger to 2023-03-26T12:22:37.322817+00:00, run_after=2023-03-26T16:22:37.322817+00:00
[2023-03-26T16:22:37.342+0000] {processor.py:175} INFO - Processing /home/airflow/.local/lib/python3.7/site-packages/airflow/example_dags/example_latest_only_with_trigger.py took 0.088 seconds
[2023-03-26T16:23:08.204+0000] {processor.py:153} INFO - Started process (PID=635) to work on /home/airflow/.local/lib/python3.7/site-packages/airflow/example_dags/example_latest_only_with_trigger.py
[2023-03-26T16:23:08.204+0000] {processor.py:743} INFO - Processing file /home/airflow/.local/lib/python3.7/site-packages/airflow/example_dags/example_latest_only_with_trigger.py for tasks to queue
[2023-03-26T16:23:08.205+0000] {logging_mixin.py:137} INFO - [2023-03-26T16:23:08.205+0000] {dagbag.py:532} INFO - Filling up the DagBag from /home/airflow/.local/lib/python3.7/site-packages/airflow/example_dags/example_latest_only_with_trigger.py
[2023-03-26T16:23:08.213+0000] {processor.py:753} INFO - DAG(s) dict_keys(['latest_only_with_trigger']) retrieved from /home/airflow/.local/lib/python3.7/site-packages/airflow/example_dags/example_latest_only_with_trigger.py
[2023-03-26T16:23:08.228+0000] {logging_mixin.py:137} INFO - [2023-03-26T16:23:08.228+0000] {dag.py:2693} INFO - Sync 1 DAGs
[2023-03-26T16:23:08.244+0000] {logging_mixin.py:137} INFO - [2023-03-26T16:23:08.244+0000] {dag.py:3444} INFO - Setting next_dagrun for latest_only_with_trigger to 2023-03-26T12:23:08.244051+00:00, run_after=2023-03-26T16:23:08.244051+00:00
[2023-03-26T16:23:08.259+0000] {processor.py:175} INFO - Processing /home/airflow/.local/lib/python3.7/site-packages/airflow/example_dags/example_latest_only_with_trigger.py took 0.057 seconds
[2023-03-26T16:23:38.857+0000] {processor.py:153} INFO - Started process (PID=684) to work on /home/airflow/.local/lib/python3.7/site-packages/airflow/example_dags/example_latest_only_with_trigger.py
[2023-03-26T16:23:38.857+0000] {processor.py:743} INFO - Processing file /home/airflow/.local/lib/python3.7/site-packages/airflow/example_dags/example_latest_only_with_trigger.py for tasks to queue
[2023-03-26T16:23:38.857+0000] {logging_mixin.py:137} INFO - [2023-03-26T16:23:38.857+0000] {dagbag.py:532} INFO - Filling up the DagBag from /home/airflow/.local/lib/python3.7/site-packages/airflow/example_dags/example_latest_only_with_trigger.py
[2023-03-26T16:23:38.865+0000] {processor.py:753} INFO - DAG(s) dict_keys(['latest_only_with_trigger']) retrieved from /home/airflow/.local/lib/python3.7/site-packages/airflow/example_dags/example_latest_only_with_trigger.py
[2023-03-26T16:23:38.887+0000] {logging_mixin.py:137} INFO - [2023-03-26T16:23:38.887+0000] {dag.py:2693} INFO - Sync 1 DAGs
[2023-03-26T16:23:38.910+0000] {logging_mixin.py:137} INFO - [2023-03-26T16:23:38.910+0000] {dag.py:3444} INFO - Setting next_dagrun for latest_only_with_trigger to 2023-03-26T12:23:38.910054+00:00, run_after=2023-03-26T16:23:38.910054+00:00
[2023-03-26T16:23:38.927+0000] {processor.py:175} INFO - Processing /home/airflow/.local/lib/python3.7/site-packages/airflow/example_dags/example_latest_only_with_trigger.py took 0.072 seconds
[2023-03-26T16:24:09.681+0000] {processor.py:153} INFO - Started process (PID=733) to work on /home/airflow/.local/lib/python3.7/site-packages/airflow/example_dags/example_latest_only_with_trigger.py
[2023-03-26T16:24:09.682+0000] {processor.py:743} INFO - Processing file /home/airflow/.local/lib/python3.7/site-packages/airflow/example_dags/example_latest_only_with_trigger.py for tasks to queue
[2023-03-26T16:24:09.682+0000] {logging_mixin.py:137} INFO - [2023-03-26T16:24:09.682+0000] {dagbag.py:532} INFO - Filling up the DagBag from /home/airflow/.local/lib/python3.7/site-packages/airflow/example_dags/example_latest_only_with_trigger.py
[2023-03-26T16:24:09.693+0000] {processor.py:753} INFO - DAG(s) dict_keys(['latest_only_with_trigger']) retrieved from /home/airflow/.local/lib/python3.7/site-packages/airflow/example_dags/example_latest_only_with_trigger.py
[2023-03-26T16:24:09.714+0000] {logging_mixin.py:137} INFO - [2023-03-26T16:24:09.714+0000] {dag.py:2693} INFO - Sync 1 DAGs
[2023-03-26T16:24:09.731+0000] {logging_mixin.py:137} INFO - [2023-03-26T16:24:09.731+0000] {dag.py:3444} INFO - Setting next_dagrun for latest_only_with_trigger to 2023-03-26T12:24:09.731678+00:00, run_after=2023-03-26T16:24:09.731678+00:00
[2023-03-26T16:24:09.746+0000] {processor.py:175} INFO - Processing /home/airflow/.local/lib/python3.7/site-packages/airflow/example_dags/example_latest_only_with_trigger.py took 0.068 seconds
[2023-03-26T16:24:40.360+0000] {processor.py:153} INFO - Started process (PID=782) to work on /home/airflow/.local/lib/python3.7/site-packages/airflow/example_dags/example_latest_only_with_trigger.py
[2023-03-26T16:24:40.361+0000] {processor.py:743} INFO - Processing file /home/airflow/.local/lib/python3.7/site-packages/airflow/example_dags/example_latest_only_with_trigger.py for tasks to queue
[2023-03-26T16:24:40.361+0000] {logging_mixin.py:137} INFO - [2023-03-26T16:24:40.361+0000] {dagbag.py:532} INFO - Filling up the DagBag from /home/airflow/.local/lib/python3.7/site-packages/airflow/example_dags/example_latest_only_with_trigger.py
[2023-03-26T16:24:40.368+0000] {processor.py:753} INFO - DAG(s) dict_keys(['latest_only_with_trigger']) retrieved from /home/airflow/.local/lib/python3.7/site-packages/airflow/example_dags/example_latest_only_with_trigger.py
[2023-03-26T16:24:40.383+0000] {logging_mixin.py:137} INFO - [2023-03-26T16:24:40.383+0000] {dag.py:2693} INFO - Sync 1 DAGs
[2023-03-26T16:24:40.397+0000] {logging_mixin.py:137} INFO - [2023-03-26T16:24:40.397+0000] {dag.py:3444} INFO - Setting next_dagrun for latest_only_with_trigger to 2023-03-26T12:24:40.397359+00:00, run_after=2023-03-26T16:24:40.397359+00:00
[2023-03-26T16:24:40.410+0000] {processor.py:175} INFO - Processing /home/airflow/.local/lib/python3.7/site-packages/airflow/example_dags/example_latest_only_with_trigger.py took 0.051 seconds
[2023-03-26T16:25:11.073+0000] {processor.py:153} INFO - Started process (PID=831) to work on /home/airflow/.local/lib/python3.7/site-packages/airflow/example_dags/example_latest_only_with_trigger.py
[2023-03-26T16:25:11.074+0000] {processor.py:743} INFO - Processing file /home/airflow/.local/lib/python3.7/site-packages/airflow/example_dags/example_latest_only_with_trigger.py for tasks to queue
[2023-03-26T16:25:11.074+0000] {logging_mixin.py:137} INFO - [2023-03-26T16:25:11.074+0000] {dagbag.py:532} INFO - Filling up the DagBag from /home/airflow/.local/lib/python3.7/site-packages/airflow/example_dags/example_latest_only_with_trigger.py
[2023-03-26T16:25:11.081+0000] {processor.py:753} INFO - DAG(s) dict_keys(['latest_only_with_trigger']) retrieved from /home/airflow/.local/lib/python3.7/site-packages/airflow/example_dags/example_latest_only_with_trigger.py
[2023-03-26T16:25:11.096+0000] {logging_mixin.py:137} INFO - [2023-03-26T16:25:11.096+0000] {dag.py:2693} INFO - Sync 1 DAGs
[2023-03-26T16:25:11.111+0000] {logging_mixin.py:137} INFO - [2023-03-26T16:25:11.111+0000] {dag.py:3444} INFO - Setting next_dagrun for latest_only_with_trigger to 2023-03-26T12:25:11.111201+00:00, run_after=2023-03-26T16:25:11.111201+00:00
[2023-03-26T16:25:11.123+0000] {processor.py:175} INFO - Processing /home/airflow/.local/lib/python3.7/site-packages/airflow/example_dags/example_latest_only_with_trigger.py took 0.052 seconds
[2023-03-26T16:25:41.629+0000] {processor.py:153} INFO - Started process (PID=880) to work on /home/airflow/.local/lib/python3.7/site-packages/airflow/example_dags/example_latest_only_with_trigger.py
[2023-03-26T16:25:41.630+0000] {processor.py:743} INFO - Processing file /home/airflow/.local/lib/python3.7/site-packages/airflow/example_dags/example_latest_only_with_trigger.py for tasks to queue
[2023-03-26T16:25:41.630+0000] {logging_mixin.py:137} INFO - [2023-03-26T16:25:41.630+0000] {dagbag.py:532} INFO - Filling up the DagBag from /home/airflow/.local/lib/python3.7/site-packages/airflow/example_dags/example_latest_only_with_trigger.py
[2023-03-26T16:25:41.638+0000] {processor.py:753} INFO - DAG(s) dict_keys(['latest_only_with_trigger']) retrieved from /home/airflow/.local/lib/python3.7/site-packages/airflow/example_dags/example_latest_only_with_trigger.py
[2023-03-26T16:25:41.652+0000] {logging_mixin.py:137} INFO - [2023-03-26T16:25:41.652+0000] {dag.py:2693} INFO - Sync 1 DAGs
[2023-03-26T16:25:41.666+0000] {logging_mixin.py:137} INFO - [2023-03-26T16:25:41.666+0000] {dag.py:3444} INFO - Setting next_dagrun for latest_only_with_trigger to 2023-03-26T12:25:41.666173+00:00, run_after=2023-03-26T16:25:41.666173+00:00
[2023-03-26T16:25:41.679+0000] {processor.py:175} INFO - Processing /home/airflow/.local/lib/python3.7/site-packages/airflow/example_dags/example_latest_only_with_trigger.py took 0.052 seconds
[2023-03-26T16:26:34.358+0000] {processor.py:153} INFO - Started process (PID=96) to work on /home/airflow/.local/lib/python3.7/site-packages/airflow/example_dags/example_latest_only_with_trigger.py
[2023-03-26T16:26:34.359+0000] {processor.py:743} INFO - Processing file /home/airflow/.local/lib/python3.7/site-packages/airflow/example_dags/example_latest_only_with_trigger.py for tasks to queue
[2023-03-26T16:26:34.359+0000] {logging_mixin.py:137} INFO - [2023-03-26T16:26:34.359+0000] {dagbag.py:532} INFO - Filling up the DagBag from /home/airflow/.local/lib/python3.7/site-packages/airflow/example_dags/example_latest_only_with_trigger.py
[2023-03-26T16:26:34.368+0000] {processor.py:753} INFO - DAG(s) dict_keys(['latest_only_with_trigger']) retrieved from /home/airflow/.local/lib/python3.7/site-packages/airflow/example_dags/example_latest_only_with_trigger.py
[2023-03-26T16:26:34.379+0000] {logging_mixin.py:137} INFO - [2023-03-26T16:26:34.379+0000] {dag.py:2693} INFO - Sync 1 DAGs
[2023-03-26T16:26:34.396+0000] {logging_mixin.py:137} INFO - [2023-03-26T16:26:34.396+0000] {dag.py:3444} INFO - Setting next_dagrun for latest_only_with_trigger to 2023-03-26T12:26:34.396094+00:00, run_after=2023-03-26T16:26:34.396094+00:00
[2023-03-26T16:26:34.413+0000] {processor.py:175} INFO - Processing /home/airflow/.local/lib/python3.7/site-packages/airflow/example_dags/example_latest_only_with_trigger.py took 0.057 seconds
[2023-03-26T16:27:05.077+0000] {processor.py:153} INFO - Started process (PID=146) to work on /home/airflow/.local/lib/python3.7/site-packages/airflow/example_dags/example_latest_only_with_trigger.py
[2023-03-26T16:27:05.078+0000] {processor.py:743} INFO - Processing file /home/airflow/.local/lib/python3.7/site-packages/airflow/example_dags/example_latest_only_with_trigger.py for tasks to queue
[2023-03-26T16:27:05.078+0000] {logging_mixin.py:137} INFO - [2023-03-26T16:27:05.078+0000] {dagbag.py:532} INFO - Filling up the DagBag from /home/airflow/.local/lib/python3.7/site-packages/airflow/example_dags/example_latest_only_with_trigger.py
[2023-03-26T16:27:05.086+0000] {processor.py:753} INFO - DAG(s) dict_keys(['latest_only_with_trigger']) retrieved from /home/airflow/.local/lib/python3.7/site-packages/airflow/example_dags/example_latest_only_with_trigger.py
[2023-03-26T16:27:05.102+0000] {logging_mixin.py:137} INFO - [2023-03-26T16:27:05.102+0000] {dag.py:2693} INFO - Sync 1 DAGs
[2023-03-26T16:27:05.118+0000] {logging_mixin.py:137} INFO - [2023-03-26T16:27:05.117+0000] {dag.py:3444} INFO - Setting next_dagrun for latest_only_with_trigger to 2023-03-26T12:27:05.117832+00:00, run_after=2023-03-26T16:27:05.117832+00:00
[2023-03-26T16:27:05.131+0000] {processor.py:175} INFO - Processing /home/airflow/.local/lib/python3.7/site-packages/airflow/example_dags/example_latest_only_with_trigger.py took 0.056 seconds
[2023-03-26T16:27:35.838+0000] {processor.py:153} INFO - Started process (PID=196) to work on /home/airflow/.local/lib/python3.7/site-packages/airflow/example_dags/example_latest_only_with_trigger.py
[2023-03-26T16:27:35.838+0000] {processor.py:743} INFO - Processing file /home/airflow/.local/lib/python3.7/site-packages/airflow/example_dags/example_latest_only_with_trigger.py for tasks to queue
[2023-03-26T16:27:35.839+0000] {logging_mixin.py:137} INFO - [2023-03-26T16:27:35.839+0000] {dagbag.py:532} INFO - Filling up the DagBag from /home/airflow/.local/lib/python3.7/site-packages/airflow/example_dags/example_latest_only_with_trigger.py
[2023-03-26T16:27:35.846+0000] {processor.py:753} INFO - DAG(s) dict_keys(['latest_only_with_trigger']) retrieved from /home/airflow/.local/lib/python3.7/site-packages/airflow/example_dags/example_latest_only_with_trigger.py
[2023-03-26T16:27:35.863+0000] {logging_mixin.py:137} INFO - [2023-03-26T16:27:35.862+0000] {dag.py:2693} INFO - Sync 1 DAGs
[2023-03-26T16:27:35.876+0000] {logging_mixin.py:137} INFO - [2023-03-26T16:27:35.876+0000] {dag.py:3444} INFO - Setting next_dagrun for latest_only_with_trigger to 2023-03-26T12:27:35.876415+00:00, run_after=2023-03-26T16:27:35.876415+00:00
[2023-03-26T16:27:35.891+0000] {processor.py:175} INFO - Processing /home/airflow/.local/lib/python3.7/site-packages/airflow/example_dags/example_latest_only_with_trigger.py took 0.055 seconds
[2023-03-26T16:28:06.415+0000] {processor.py:153} INFO - Started process (PID=245) to work on /home/airflow/.local/lib/python3.7/site-packages/airflow/example_dags/example_latest_only_with_trigger.py
[2023-03-26T16:28:06.416+0000] {processor.py:743} INFO - Processing file /home/airflow/.local/lib/python3.7/site-packages/airflow/example_dags/example_latest_only_with_trigger.py for tasks to queue
[2023-03-26T16:28:06.416+0000] {logging_mixin.py:137} INFO - [2023-03-26T16:28:06.416+0000] {dagbag.py:532} INFO - Filling up the DagBag from /home/airflow/.local/lib/python3.7/site-packages/airflow/example_dags/example_latest_only_with_trigger.py
[2023-03-26T16:28:06.424+0000] {processor.py:753} INFO - DAG(s) dict_keys(['latest_only_with_trigger']) retrieved from /home/airflow/.local/lib/python3.7/site-packages/airflow/example_dags/example_latest_only_with_trigger.py
[2023-03-26T16:28:06.441+0000] {logging_mixin.py:137} INFO - [2023-03-26T16:28:06.440+0000] {dag.py:2693} INFO - Sync 1 DAGs
[2023-03-26T16:28:06.454+0000] {logging_mixin.py:137} INFO - [2023-03-26T16:28:06.454+0000] {dag.py:3444} INFO - Setting next_dagrun for latest_only_with_trigger to 2023-03-26T12:28:06.454701+00:00, run_after=2023-03-26T16:28:06.454701+00:00
[2023-03-26T16:28:06.467+0000] {processor.py:175} INFO - Processing /home/airflow/.local/lib/python3.7/site-packages/airflow/example_dags/example_latest_only_with_trigger.py took 0.054 seconds
[2023-03-26T16:28:37.152+0000] {processor.py:153} INFO - Started process (PID=294) to work on /home/airflow/.local/lib/python3.7/site-packages/airflow/example_dags/example_latest_only_with_trigger.py
[2023-03-26T16:28:37.153+0000] {processor.py:743} INFO - Processing file /home/airflow/.local/lib/python3.7/site-packages/airflow/example_dags/example_latest_only_with_trigger.py for tasks to queue
[2023-03-26T16:28:37.153+0000] {logging_mixin.py:137} INFO - [2023-03-26T16:28:37.153+0000] {dagbag.py:532} INFO - Filling up the DagBag from /home/airflow/.local/lib/python3.7/site-packages/airflow/example_dags/example_latest_only_with_trigger.py
[2023-03-26T16:28:37.161+0000] {processor.py:753} INFO - DAG(s) dict_keys(['latest_only_with_trigger']) retrieved from /home/airflow/.local/lib/python3.7/site-packages/airflow/example_dags/example_latest_only_with_trigger.py
[2023-03-26T16:28:37.177+0000] {logging_mixin.py:137} INFO - [2023-03-26T16:28:37.177+0000] {dag.py:2693} INFO - Sync 1 DAGs
[2023-03-26T16:28:37.191+0000] {logging_mixin.py:137} INFO - [2023-03-26T16:28:37.191+0000] {dag.py:3444} INFO - Setting next_dagrun for latest_only_with_trigger to 2023-03-26T12:28:37.191617+00:00, run_after=2023-03-26T16:28:37.191617+00:00
[2023-03-26T16:28:37.205+0000] {processor.py:175} INFO - Processing /home/airflow/.local/lib/python3.7/site-packages/airflow/example_dags/example_latest_only_with_trigger.py took 0.055 seconds
[2023-03-26T16:48:48.601+0000] {processor.py:153} INFO - Started process (PID=95) to work on /home/airflow/.local/lib/python3.7/site-packages/airflow/example_dags/example_latest_only_with_trigger.py
[2023-03-26T16:48:48.602+0000] {processor.py:743} INFO - Processing file /home/airflow/.local/lib/python3.7/site-packages/airflow/example_dags/example_latest_only_with_trigger.py for tasks to queue
[2023-03-26T16:48:48.603+0000] {logging_mixin.py:137} INFO - [2023-03-26T16:48:48.602+0000] {dagbag.py:532} INFO - Filling up the DagBag from /home/airflow/.local/lib/python3.7/site-packages/airflow/example_dags/example_latest_only_with_trigger.py
[2023-03-26T16:48:48.612+0000] {processor.py:753} INFO - DAG(s) dict_keys(['latest_only_with_trigger']) retrieved from /home/airflow/.local/lib/python3.7/site-packages/airflow/example_dags/example_latest_only_with_trigger.py
[2023-03-26T16:48:48.620+0000] {logging_mixin.py:137} INFO - [2023-03-26T16:48:48.620+0000] {dag.py:2693} INFO - Sync 1 DAGs
[2023-03-26T16:48:48.637+0000] {logging_mixin.py:137} INFO - [2023-03-26T16:48:48.637+0000] {dag.py:3444} INFO - Setting next_dagrun for latest_only_with_trigger to 2023-03-26T12:48:48.637318+00:00, run_after=2023-03-26T16:48:48.637318+00:00
[2023-03-26T16:48:48.652+0000] {processor.py:175} INFO - Processing /home/airflow/.local/lib/python3.7/site-packages/airflow/example_dags/example_latest_only_with_trigger.py took 0.052 seconds
[2023-03-26T16:49:19.171+0000] {processor.py:153} INFO - Started process (PID=144) to work on /home/airflow/.local/lib/python3.7/site-packages/airflow/example_dags/example_latest_only_with_trigger.py
[2023-03-26T16:49:19.171+0000] {processor.py:743} INFO - Processing file /home/airflow/.local/lib/python3.7/site-packages/airflow/example_dags/example_latest_only_with_trigger.py for tasks to queue
[2023-03-26T16:49:19.172+0000] {logging_mixin.py:137} INFO - [2023-03-26T16:49:19.172+0000] {dagbag.py:532} INFO - Filling up the DagBag from /home/airflow/.local/lib/python3.7/site-packages/airflow/example_dags/example_latest_only_with_trigger.py
[2023-03-26T16:49:19.180+0000] {processor.py:753} INFO - DAG(s) dict_keys(['latest_only_with_trigger']) retrieved from /home/airflow/.local/lib/python3.7/site-packages/airflow/example_dags/example_latest_only_with_trigger.py
[2023-03-26T16:49:19.195+0000] {logging_mixin.py:137} INFO - [2023-03-26T16:49:19.195+0000] {dag.py:2693} INFO - Sync 1 DAGs
[2023-03-26T16:49:19.209+0000] {logging_mixin.py:137} INFO - [2023-03-26T16:49:19.209+0000] {dag.py:3444} INFO - Setting next_dagrun for latest_only_with_trigger to 2023-03-26T12:49:19.209106+00:00, run_after=2023-03-26T16:49:19.209106+00:00
[2023-03-26T16:49:19.222+0000] {processor.py:175} INFO - Processing /home/airflow/.local/lib/python3.7/site-packages/airflow/example_dags/example_latest_only_with_trigger.py took 0.054 seconds
[2023-03-26T16:49:49.799+0000] {processor.py:153} INFO - Started process (PID=193) to work on /home/airflow/.local/lib/python3.7/site-packages/airflow/example_dags/example_latest_only_with_trigger.py
[2023-03-26T16:49:49.799+0000] {processor.py:743} INFO - Processing file /home/airflow/.local/lib/python3.7/site-packages/airflow/example_dags/example_latest_only_with_trigger.py for tasks to queue
[2023-03-26T16:49:49.800+0000] {logging_mixin.py:137} INFO - [2023-03-26T16:49:49.800+0000] {dagbag.py:532} INFO - Filling up the DagBag from /home/airflow/.local/lib/python3.7/site-packages/airflow/example_dags/example_latest_only_with_trigger.py
[2023-03-26T16:49:49.808+0000] {processor.py:753} INFO - DAG(s) dict_keys(['latest_only_with_trigger']) retrieved from /home/airflow/.local/lib/python3.7/site-packages/airflow/example_dags/example_latest_only_with_trigger.py
[2023-03-26T16:49:49.824+0000] {logging_mixin.py:137} INFO - [2023-03-26T16:49:49.824+0000] {dag.py:2693} INFO - Sync 1 DAGs
[2023-03-26T16:49:49.838+0000] {logging_mixin.py:137} INFO - [2023-03-26T16:49:49.838+0000] {dag.py:3444} INFO - Setting next_dagrun for latest_only_with_trigger to 2023-03-26T12:49:49.838189+00:00, run_after=2023-03-26T16:49:49.838189+00:00
[2023-03-26T16:49:49.851+0000] {processor.py:175} INFO - Processing /home/airflow/.local/lib/python3.7/site-packages/airflow/example_dags/example_latest_only_with_trigger.py took 0.054 seconds
[2023-03-26T16:50:20.397+0000] {processor.py:153} INFO - Started process (PID=242) to work on /home/airflow/.local/lib/python3.7/site-packages/airflow/example_dags/example_latest_only_with_trigger.py
[2023-03-26T16:50:20.398+0000] {processor.py:743} INFO - Processing file /home/airflow/.local/lib/python3.7/site-packages/airflow/example_dags/example_latest_only_with_trigger.py for tasks to queue
[2023-03-26T16:50:20.398+0000] {logging_mixin.py:137} INFO - [2023-03-26T16:50:20.398+0000] {dagbag.py:532} INFO - Filling up the DagBag from /home/airflow/.local/lib/python3.7/site-packages/airflow/example_dags/example_latest_only_with_trigger.py
[2023-03-26T16:50:20.408+0000] {processor.py:753} INFO - DAG(s) dict_keys(['latest_only_with_trigger']) retrieved from /home/airflow/.local/lib/python3.7/site-packages/airflow/example_dags/example_latest_only_with_trigger.py
[2023-03-26T16:50:20.424+0000] {logging_mixin.py:137} INFO - [2023-03-26T16:50:20.424+0000] {dag.py:2693} INFO - Sync 1 DAGs
[2023-03-26T16:50:20.438+0000] {logging_mixin.py:137} INFO - [2023-03-26T16:50:20.438+0000] {dag.py:3444} INFO - Setting next_dagrun for latest_only_with_trigger to 2023-03-26T12:50:20.438082+00:00, run_after=2023-03-26T16:50:20.438082+00:00
[2023-03-26T16:50:20.450+0000] {processor.py:175} INFO - Processing /home/airflow/.local/lib/python3.7/site-packages/airflow/example_dags/example_latest_only_with_trigger.py took 0.054 seconds
[2023-03-26T16:50:51.118+0000] {processor.py:153} INFO - Started process (PID=291) to work on /home/airflow/.local/lib/python3.7/site-packages/airflow/example_dags/example_latest_only_with_trigger.py
[2023-03-26T16:50:51.118+0000] {processor.py:743} INFO - Processing file /home/airflow/.local/lib/python3.7/site-packages/airflow/example_dags/example_latest_only_with_trigger.py for tasks to queue
[2023-03-26T16:50:51.118+0000] {logging_mixin.py:137} INFO - [2023-03-26T16:50:51.118+0000] {dagbag.py:532} INFO - Filling up the DagBag from /home/airflow/.local/lib/python3.7/site-packages/airflow/example_dags/example_latest_only_with_trigger.py
[2023-03-26T16:50:51.127+0000] {processor.py:753} INFO - DAG(s) dict_keys(['latest_only_with_trigger']) retrieved from /home/airflow/.local/lib/python3.7/site-packages/airflow/example_dags/example_latest_only_with_trigger.py
[2023-03-26T16:50:51.145+0000] {logging_mixin.py:137} INFO - [2023-03-26T16:50:51.145+0000] {dag.py:2693} INFO - Sync 1 DAGs
[2023-03-26T16:50:51.159+0000] {logging_mixin.py:137} INFO - [2023-03-26T16:50:51.159+0000] {dag.py:3444} INFO - Setting next_dagrun for latest_only_with_trigger to 2023-03-26T12:50:51.158873+00:00, run_after=2023-03-26T16:50:51.158873+00:00
[2023-03-26T16:50:51.173+0000] {processor.py:175} INFO - Processing /home/airflow/.local/lib/python3.7/site-packages/airflow/example_dags/example_latest_only_with_trigger.py took 0.057 seconds
[2023-03-26T16:51:21.900+0000] {processor.py:153} INFO - Started process (PID=340) to work on /home/airflow/.local/lib/python3.7/site-packages/airflow/example_dags/example_latest_only_with_trigger.py
[2023-03-26T16:51:21.900+0000] {processor.py:743} INFO - Processing file /home/airflow/.local/lib/python3.7/site-packages/airflow/example_dags/example_latest_only_with_trigger.py for tasks to queue
[2023-03-26T16:51:21.901+0000] {logging_mixin.py:137} INFO - [2023-03-26T16:51:21.901+0000] {dagbag.py:532} INFO - Filling up the DagBag from /home/airflow/.local/lib/python3.7/site-packages/airflow/example_dags/example_latest_only_with_trigger.py
[2023-03-26T16:51:21.908+0000] {processor.py:753} INFO - DAG(s) dict_keys(['latest_only_with_trigger']) retrieved from /home/airflow/.local/lib/python3.7/site-packages/airflow/example_dags/example_latest_only_with_trigger.py
[2023-03-26T16:51:21.926+0000] {logging_mixin.py:137} INFO - [2023-03-26T16:51:21.925+0000] {dag.py:2693} INFO - Sync 1 DAGs
[2023-03-26T16:51:21.941+0000] {logging_mixin.py:137} INFO - [2023-03-26T16:51:21.941+0000] {dag.py:3444} INFO - Setting next_dagrun for latest_only_with_trigger to 2023-03-26T12:51:21.941457+00:00, run_after=2023-03-26T16:51:21.941457+00:00
[2023-03-26T16:51:21.956+0000] {processor.py:175} INFO - Processing /home/airflow/.local/lib/python3.7/site-packages/airflow/example_dags/example_latest_only_with_trigger.py took 0.058 seconds
[2023-03-26T16:51:52.688+0000] {processor.py:153} INFO - Started process (PID=389) to work on /home/airflow/.local/lib/python3.7/site-packages/airflow/example_dags/example_latest_only_with_trigger.py
[2023-03-26T16:51:52.688+0000] {processor.py:743} INFO - Processing file /home/airflow/.local/lib/python3.7/site-packages/airflow/example_dags/example_latest_only_with_trigger.py for tasks to queue
[2023-03-26T16:51:52.689+0000] {logging_mixin.py:137} INFO - [2023-03-26T16:51:52.689+0000] {dagbag.py:532} INFO - Filling up the DagBag from /home/airflow/.local/lib/python3.7/site-packages/airflow/example_dags/example_latest_only_with_trigger.py
[2023-03-26T16:51:52.697+0000] {processor.py:753} INFO - DAG(s) dict_keys(['latest_only_with_trigger']) retrieved from /home/airflow/.local/lib/python3.7/site-packages/airflow/example_dags/example_latest_only_with_trigger.py
[2023-03-26T16:51:52.712+0000] {logging_mixin.py:137} INFO - [2023-03-26T16:51:52.712+0000] {dag.py:2693} INFO - Sync 1 DAGs
[2023-03-26T16:51:52.726+0000] {logging_mixin.py:137} INFO - [2023-03-26T16:51:52.726+0000] {dag.py:3444} INFO - Setting next_dagrun for latest_only_with_trigger to 2023-03-26T12:51:52.726076+00:00, run_after=2023-03-26T16:51:52.726076+00:00
[2023-03-26T16:51:52.739+0000] {processor.py:175} INFO - Processing /home/airflow/.local/lib/python3.7/site-packages/airflow/example_dags/example_latest_only_with_trigger.py took 0.053 seconds
[2023-03-26T16:52:23.215+0000] {processor.py:153} INFO - Started process (PID=438) to work on /home/airflow/.local/lib/python3.7/site-packages/airflow/example_dags/example_latest_only_with_trigger.py
[2023-03-26T16:52:23.216+0000] {processor.py:743} INFO - Processing file /home/airflow/.local/lib/python3.7/site-packages/airflow/example_dags/example_latest_only_with_trigger.py for tasks to queue
[2023-03-26T16:52:23.216+0000] {logging_mixin.py:137} INFO - [2023-03-26T16:52:23.216+0000] {dagbag.py:532} INFO - Filling up the DagBag from /home/airflow/.local/lib/python3.7/site-packages/airflow/example_dags/example_latest_only_with_trigger.py
[2023-03-26T16:52:23.224+0000] {processor.py:753} INFO - DAG(s) dict_keys(['latest_only_with_trigger']) retrieved from /home/airflow/.local/lib/python3.7/site-packages/airflow/example_dags/example_latest_only_with_trigger.py
[2023-03-26T16:52:23.238+0000] {logging_mixin.py:137} INFO - [2023-03-26T16:52:23.238+0000] {dag.py:2693} INFO - Sync 1 DAGs
[2023-03-26T16:52:23.251+0000] {logging_mixin.py:137} INFO - [2023-03-26T16:52:23.251+0000] {dag.py:3444} INFO - Setting next_dagrun for latest_only_with_trigger to 2023-03-26T12:52:23.250920+00:00, run_after=2023-03-26T16:52:23.250920+00:00
[2023-03-26T16:52:23.265+0000] {processor.py:175} INFO - Processing /home/airflow/.local/lib/python3.7/site-packages/airflow/example_dags/example_latest_only_with_trigger.py took 0.052 seconds
[2023-03-26T16:52:53.804+0000] {processor.py:153} INFO - Started process (PID=487) to work on /home/airflow/.local/lib/python3.7/site-packages/airflow/example_dags/example_latest_only_with_trigger.py
[2023-03-26T16:52:53.806+0000] {processor.py:743} INFO - Processing file /home/airflow/.local/lib/python3.7/site-packages/airflow/example_dags/example_latest_only_with_trigger.py for tasks to queue
[2023-03-26T16:52:53.806+0000] {logging_mixin.py:137} INFO - [2023-03-26T16:52:53.806+0000] {dagbag.py:532} INFO - Filling up the DagBag from /home/airflow/.local/lib/python3.7/site-packages/airflow/example_dags/example_latest_only_with_trigger.py
[2023-03-26T16:52:53.814+0000] {processor.py:753} INFO - DAG(s) dict_keys(['latest_only_with_trigger']) retrieved from /home/airflow/.local/lib/python3.7/site-packages/airflow/example_dags/example_latest_only_with_trigger.py
[2023-03-26T16:52:53.830+0000] {logging_mixin.py:137} INFO - [2023-03-26T16:52:53.830+0000] {dag.py:2693} INFO - Sync 1 DAGs
[2023-03-26T16:52:53.845+0000] {logging_mixin.py:137} INFO - [2023-03-26T16:52:53.845+0000] {dag.py:3444} INFO - Setting next_dagrun for latest_only_with_trigger to 2023-03-26T12:52:53.845372+00:00, run_after=2023-03-26T16:52:53.845372+00:00
[2023-03-26T16:52:53.859+0000] {processor.py:175} INFO - Processing /home/airflow/.local/lib/python3.7/site-packages/airflow/example_dags/example_latest_only_with_trigger.py took 0.056 seconds
[2023-03-26T16:53:24.464+0000] {processor.py:153} INFO - Started process (PID=536) to work on /home/airflow/.local/lib/python3.7/site-packages/airflow/example_dags/example_latest_only_with_trigger.py
[2023-03-26T16:53:24.465+0000] {processor.py:743} INFO - Processing file /home/airflow/.local/lib/python3.7/site-packages/airflow/example_dags/example_latest_only_with_trigger.py for tasks to queue
[2023-03-26T16:53:24.465+0000] {logging_mixin.py:137} INFO - [2023-03-26T16:53:24.465+0000] {dagbag.py:532} INFO - Filling up the DagBag from /home/airflow/.local/lib/python3.7/site-packages/airflow/example_dags/example_latest_only_with_trigger.py
[2023-03-26T16:53:24.473+0000] {processor.py:753} INFO - DAG(s) dict_keys(['latest_only_with_trigger']) retrieved from /home/airflow/.local/lib/python3.7/site-packages/airflow/example_dags/example_latest_only_with_trigger.py
[2023-03-26T16:53:24.490+0000] {logging_mixin.py:137} INFO - [2023-03-26T16:53:24.490+0000] {dag.py:2693} INFO - Sync 1 DAGs
[2023-03-26T16:53:24.504+0000] {logging_mixin.py:137} INFO - [2023-03-26T16:53:24.503+0000] {dag.py:3444} INFO - Setting next_dagrun for latest_only_with_trigger to 2023-03-26T12:53:24.503816+00:00, run_after=2023-03-26T16:53:24.503816+00:00
[2023-03-26T16:53:24.516+0000] {processor.py:175} INFO - Processing /home/airflow/.local/lib/python3.7/site-packages/airflow/example_dags/example_latest_only_with_trigger.py took 0.054 seconds
[2023-03-26T16:53:55.301+0000] {processor.py:153} INFO - Started process (PID=585) to work on /home/airflow/.local/lib/python3.7/site-packages/airflow/example_dags/example_latest_only_with_trigger.py
[2023-03-26T16:53:55.301+0000] {processor.py:743} INFO - Processing file /home/airflow/.local/lib/python3.7/site-packages/airflow/example_dags/example_latest_only_with_trigger.py for tasks to queue
[2023-03-26T16:53:55.301+0000] {logging_mixin.py:137} INFO - [2023-03-26T16:53:55.301+0000] {dagbag.py:532} INFO - Filling up the DagBag from /home/airflow/.local/lib/python3.7/site-packages/airflow/example_dags/example_latest_only_with_trigger.py
[2023-03-26T16:53:55.309+0000] {processor.py:753} INFO - DAG(s) dict_keys(['latest_only_with_trigger']) retrieved from /home/airflow/.local/lib/python3.7/site-packages/airflow/example_dags/example_latest_only_with_trigger.py
[2023-03-26T16:53:55.327+0000] {logging_mixin.py:137} INFO - [2023-03-26T16:53:55.327+0000] {dag.py:2693} INFO - Sync 1 DAGs
[2023-03-26T16:53:55.341+0000] {logging_mixin.py:137} INFO - [2023-03-26T16:53:55.341+0000] {dag.py:3444} INFO - Setting next_dagrun for latest_only_with_trigger to 2023-03-26T12:53:55.340982+00:00, run_after=2023-03-26T16:53:55.340982+00:00
[2023-03-26T16:53:55.354+0000] {processor.py:175} INFO - Processing /home/airflow/.local/lib/python3.7/site-packages/airflow/example_dags/example_latest_only_with_trigger.py took 0.056 seconds
[2023-03-26T16:54:26.204+0000] {processor.py:153} INFO - Started process (PID=634) to work on /home/airflow/.local/lib/python3.7/site-packages/airflow/example_dags/example_latest_only_with_trigger.py
[2023-03-26T16:54:26.205+0000] {processor.py:743} INFO - Processing file /home/airflow/.local/lib/python3.7/site-packages/airflow/example_dags/example_latest_only_with_trigger.py for tasks to queue
[2023-03-26T16:54:26.205+0000] {logging_mixin.py:137} INFO - [2023-03-26T16:54:26.205+0000] {dagbag.py:532} INFO - Filling up the DagBag from /home/airflow/.local/lib/python3.7/site-packages/airflow/example_dags/example_latest_only_with_trigger.py
[2023-03-26T16:54:26.214+0000] {processor.py:753} INFO - DAG(s) dict_keys(['latest_only_with_trigger']) retrieved from /home/airflow/.local/lib/python3.7/site-packages/airflow/example_dags/example_latest_only_with_trigger.py
[2023-03-26T16:54:26.229+0000] {logging_mixin.py:137} INFO - [2023-03-26T16:54:26.229+0000] {dag.py:2693} INFO - Sync 1 DAGs
[2023-03-26T16:54:26.246+0000] {logging_mixin.py:137} INFO - [2023-03-26T16:54:26.246+0000] {dag.py:3444} INFO - Setting next_dagrun for latest_only_with_trigger to 2023-03-26T12:54:26.246563+00:00, run_after=2023-03-26T16:54:26.246563+00:00
[2023-03-26T16:54:26.261+0000] {processor.py:175} INFO - Processing /home/airflow/.local/lib/python3.7/site-packages/airflow/example_dags/example_latest_only_with_trigger.py took 0.059 seconds
[2023-03-26T16:54:56.817+0000] {processor.py:153} INFO - Started process (PID=683) to work on /home/airflow/.local/lib/python3.7/site-packages/airflow/example_dags/example_latest_only_with_trigger.py
[2023-03-26T16:54:56.817+0000] {processor.py:743} INFO - Processing file /home/airflow/.local/lib/python3.7/site-packages/airflow/example_dags/example_latest_only_with_trigger.py for tasks to queue
[2023-03-26T16:54:56.818+0000] {logging_mixin.py:137} INFO - [2023-03-26T16:54:56.818+0000] {dagbag.py:532} INFO - Filling up the DagBag from /home/airflow/.local/lib/python3.7/site-packages/airflow/example_dags/example_latest_only_with_trigger.py
[2023-03-26T16:54:56.828+0000] {processor.py:753} INFO - DAG(s) dict_keys(['latest_only_with_trigger']) retrieved from /home/airflow/.local/lib/python3.7/site-packages/airflow/example_dags/example_latest_only_with_trigger.py
[2023-03-26T16:54:56.844+0000] {logging_mixin.py:137} INFO - [2023-03-26T16:54:56.844+0000] {dag.py:2693} INFO - Sync 1 DAGs
[2023-03-26T16:54:56.860+0000] {logging_mixin.py:137} INFO - [2023-03-26T16:54:56.860+0000] {dag.py:3444} INFO - Setting next_dagrun for latest_only_with_trigger to 2023-03-26T12:54:56.860201+00:00, run_after=2023-03-26T16:54:56.860201+00:00
[2023-03-26T16:54:56.873+0000] {processor.py:175} INFO - Processing /home/airflow/.local/lib/python3.7/site-packages/airflow/example_dags/example_latest_only_with_trigger.py took 0.059 seconds
[2023-03-26T16:55:27.438+0000] {processor.py:153} INFO - Started process (PID=732) to work on /home/airflow/.local/lib/python3.7/site-packages/airflow/example_dags/example_latest_only_with_trigger.py
[2023-03-26T16:55:27.439+0000] {processor.py:743} INFO - Processing file /home/airflow/.local/lib/python3.7/site-packages/airflow/example_dags/example_latest_only_with_trigger.py for tasks to queue
[2023-03-26T16:55:27.439+0000] {logging_mixin.py:137} INFO - [2023-03-26T16:55:27.439+0000] {dagbag.py:532} INFO - Filling up the DagBag from /home/airflow/.local/lib/python3.7/site-packages/airflow/example_dags/example_latest_only_with_trigger.py
[2023-03-26T16:55:27.447+0000] {processor.py:753} INFO - DAG(s) dict_keys(['latest_only_with_trigger']) retrieved from /home/airflow/.local/lib/python3.7/site-packages/airflow/example_dags/example_latest_only_with_trigger.py
[2023-03-26T16:55:27.464+0000] {logging_mixin.py:137} INFO - [2023-03-26T16:55:27.464+0000] {dag.py:2693} INFO - Sync 1 DAGs
[2023-03-26T16:55:27.479+0000] {logging_mixin.py:137} INFO - [2023-03-26T16:55:27.478+0000] {dag.py:3444} INFO - Setting next_dagrun for latest_only_with_trigger to 2023-03-26T12:55:27.478789+00:00, run_after=2023-03-26T16:55:27.478789+00:00
[2023-03-26T16:55:27.493+0000] {processor.py:175} INFO - Processing /home/airflow/.local/lib/python3.7/site-packages/airflow/example_dags/example_latest_only_with_trigger.py took 0.057 seconds
[2023-03-26T16:55:58.066+0000] {processor.py:153} INFO - Started process (PID=781) to work on /home/airflow/.local/lib/python3.7/site-packages/airflow/example_dags/example_latest_only_with_trigger.py
[2023-03-26T16:55:58.067+0000] {processor.py:743} INFO - Processing file /home/airflow/.local/lib/python3.7/site-packages/airflow/example_dags/example_latest_only_with_trigger.py for tasks to queue
[2023-03-26T16:55:58.067+0000] {logging_mixin.py:137} INFO - [2023-03-26T16:55:58.067+0000] {dagbag.py:532} INFO - Filling up the DagBag from /home/airflow/.local/lib/python3.7/site-packages/airflow/example_dags/example_latest_only_with_trigger.py
[2023-03-26T16:55:58.075+0000] {processor.py:753} INFO - DAG(s) dict_keys(['latest_only_with_trigger']) retrieved from /home/airflow/.local/lib/python3.7/site-packages/airflow/example_dags/example_latest_only_with_trigger.py
[2023-03-26T16:55:58.091+0000] {logging_mixin.py:137} INFO - [2023-03-26T16:55:58.091+0000] {dag.py:2693} INFO - Sync 1 DAGs
[2023-03-26T16:55:58.104+0000] {logging_mixin.py:137} INFO - [2023-03-26T16:55:58.104+0000] {dag.py:3444} INFO - Setting next_dagrun for latest_only_with_trigger to 2023-03-26T12:55:58.104336+00:00, run_after=2023-03-26T16:55:58.104336+00:00
[2023-03-26T16:55:58.119+0000] {processor.py:175} INFO - Processing /home/airflow/.local/lib/python3.7/site-packages/airflow/example_dags/example_latest_only_with_trigger.py took 0.055 seconds
[2023-03-26T16:56:28.854+0000] {processor.py:153} INFO - Started process (PID=830) to work on /home/airflow/.local/lib/python3.7/site-packages/airflow/example_dags/example_latest_only_with_trigger.py
[2023-03-26T16:56:28.855+0000] {processor.py:743} INFO - Processing file /home/airflow/.local/lib/python3.7/site-packages/airflow/example_dags/example_latest_only_with_trigger.py for tasks to queue
[2023-03-26T16:56:28.855+0000] {logging_mixin.py:137} INFO - [2023-03-26T16:56:28.855+0000] {dagbag.py:532} INFO - Filling up the DagBag from /home/airflow/.local/lib/python3.7/site-packages/airflow/example_dags/example_latest_only_with_trigger.py
[2023-03-26T16:56:28.863+0000] {processor.py:753} INFO - DAG(s) dict_keys(['latest_only_with_trigger']) retrieved from /home/airflow/.local/lib/python3.7/site-packages/airflow/example_dags/example_latest_only_with_trigger.py
[2023-03-26T16:56:28.878+0000] {logging_mixin.py:137} INFO - [2023-03-26T16:56:28.878+0000] {dag.py:2693} INFO - Sync 1 DAGs
[2023-03-26T16:56:28.892+0000] {logging_mixin.py:137} INFO - [2023-03-26T16:56:28.892+0000] {dag.py:3444} INFO - Setting next_dagrun for latest_only_with_trigger to 2023-03-26T12:56:28.892466+00:00, run_after=2023-03-26T16:56:28.892466+00:00
[2023-03-26T16:56:28.908+0000] {processor.py:175} INFO - Processing /home/airflow/.local/lib/python3.7/site-packages/airflow/example_dags/example_latest_only_with_trigger.py took 0.055 seconds
[2023-03-26T16:56:59.406+0000] {processor.py:153} INFO - Started process (PID=879) to work on /home/airflow/.local/lib/python3.7/site-packages/airflow/example_dags/example_latest_only_with_trigger.py
[2023-03-26T16:56:59.407+0000] {processor.py:743} INFO - Processing file /home/airflow/.local/lib/python3.7/site-packages/airflow/example_dags/example_latest_only_with_trigger.py for tasks to queue
[2023-03-26T16:56:59.407+0000] {logging_mixin.py:137} INFO - [2023-03-26T16:56:59.407+0000] {dagbag.py:532} INFO - Filling up the DagBag from /home/airflow/.local/lib/python3.7/site-packages/airflow/example_dags/example_latest_only_with_trigger.py
[2023-03-26T16:56:59.414+0000] {processor.py:753} INFO - DAG(s) dict_keys(['latest_only_with_trigger']) retrieved from /home/airflow/.local/lib/python3.7/site-packages/airflow/example_dags/example_latest_only_with_trigger.py
[2023-03-26T16:56:59.431+0000] {logging_mixin.py:137} INFO - [2023-03-26T16:56:59.431+0000] {dag.py:2693} INFO - Sync 1 DAGs
[2023-03-26T16:56:59.445+0000] {logging_mixin.py:137} INFO - [2023-03-26T16:56:59.445+0000] {dag.py:3444} INFO - Setting next_dagrun for latest_only_with_trigger to 2023-03-26T12:56:59.445597+00:00, run_after=2023-03-26T16:56:59.445597+00:00
[2023-03-26T16:56:59.459+0000] {processor.py:175} INFO - Processing /home/airflow/.local/lib/python3.7/site-packages/airflow/example_dags/example_latest_only_with_trigger.py took 0.055 seconds
[2023-03-26T16:57:29.986+0000] {processor.py:153} INFO - Started process (PID=928) to work on /home/airflow/.local/lib/python3.7/site-packages/airflow/example_dags/example_latest_only_with_trigger.py
[2023-03-26T16:57:29.986+0000] {processor.py:743} INFO - Processing file /home/airflow/.local/lib/python3.7/site-packages/airflow/example_dags/example_latest_only_with_trigger.py for tasks to queue
[2023-03-26T16:57:29.987+0000] {logging_mixin.py:137} INFO - [2023-03-26T16:57:29.987+0000] {dagbag.py:532} INFO - Filling up the DagBag from /home/airflow/.local/lib/python3.7/site-packages/airflow/example_dags/example_latest_only_with_trigger.py
[2023-03-26T16:57:29.994+0000] {processor.py:753} INFO - DAG(s) dict_keys(['latest_only_with_trigger']) retrieved from /home/airflow/.local/lib/python3.7/site-packages/airflow/example_dags/example_latest_only_with_trigger.py
[2023-03-26T16:57:30.010+0000] {logging_mixin.py:137} INFO - [2023-03-26T16:57:30.010+0000] {dag.py:2693} INFO - Sync 1 DAGs
[2023-03-26T16:57:30.024+0000] {logging_mixin.py:137} INFO - [2023-03-26T16:57:30.024+0000] {dag.py:3444} INFO - Setting next_dagrun for latest_only_with_trigger to 2023-03-26T12:57:30.024392+00:00, run_after=2023-03-26T16:57:30.024392+00:00
[2023-03-26T16:57:30.036+0000] {processor.py:175} INFO - Processing /home/airflow/.local/lib/python3.7/site-packages/airflow/example_dags/example_latest_only_with_trigger.py took 0.052 seconds
[2023-03-26T16:58:00.756+0000] {processor.py:153} INFO - Started process (PID=977) to work on /home/airflow/.local/lib/python3.7/site-packages/airflow/example_dags/example_latest_only_with_trigger.py
[2023-03-26T16:58:00.757+0000] {processor.py:743} INFO - Processing file /home/airflow/.local/lib/python3.7/site-packages/airflow/example_dags/example_latest_only_with_trigger.py for tasks to queue
[2023-03-26T16:58:00.757+0000] {logging_mixin.py:137} INFO - [2023-03-26T16:58:00.757+0000] {dagbag.py:532} INFO - Filling up the DagBag from /home/airflow/.local/lib/python3.7/site-packages/airflow/example_dags/example_latest_only_with_trigger.py
[2023-03-26T16:58:00.765+0000] {processor.py:753} INFO - DAG(s) dict_keys(['latest_only_with_trigger']) retrieved from /home/airflow/.local/lib/python3.7/site-packages/airflow/example_dags/example_latest_only_with_trigger.py
[2023-03-26T16:58:00.782+0000] {logging_mixin.py:137} INFO - [2023-03-26T16:58:00.782+0000] {dag.py:2693} INFO - Sync 1 DAGs
[2023-03-26T16:58:00.796+0000] {logging_mixin.py:137} INFO - [2023-03-26T16:58:00.796+0000] {dag.py:3444} INFO - Setting next_dagrun for latest_only_with_trigger to 2023-03-26T12:58:00.796592+00:00, run_after=2023-03-26T16:58:00.796592+00:00
[2023-03-26T16:58:00.809+0000] {processor.py:175} INFO - Processing /home/airflow/.local/lib/python3.7/site-packages/airflow/example_dags/example_latest_only_with_trigger.py took 0.055 seconds
[2023-03-26T16:58:31.443+0000] {processor.py:153} INFO - Started process (PID=1026) to work on /home/airflow/.local/lib/python3.7/site-packages/airflow/example_dags/example_latest_only_with_trigger.py
[2023-03-26T16:58:31.444+0000] {processor.py:743} INFO - Processing file /home/airflow/.local/lib/python3.7/site-packages/airflow/example_dags/example_latest_only_with_trigger.py for tasks to queue
[2023-03-26T16:58:31.444+0000] {logging_mixin.py:137} INFO - [2023-03-26T16:58:31.444+0000] {dagbag.py:532} INFO - Filling up the DagBag from /home/airflow/.local/lib/python3.7/site-packages/airflow/example_dags/example_latest_only_with_trigger.py
[2023-03-26T16:58:31.452+0000] {processor.py:753} INFO - DAG(s) dict_keys(['latest_only_with_trigger']) retrieved from /home/airflow/.local/lib/python3.7/site-packages/airflow/example_dags/example_latest_only_with_trigger.py
[2023-03-26T16:58:31.470+0000] {logging_mixin.py:137} INFO - [2023-03-26T16:58:31.470+0000] {dag.py:2693} INFO - Sync 1 DAGs
[2023-03-26T16:58:31.486+0000] {logging_mixin.py:137} INFO - [2023-03-26T16:58:31.486+0000] {dag.py:3444} INFO - Setting next_dagrun for latest_only_with_trigger to 2023-03-26T12:58:31.486724+00:00, run_after=2023-03-26T16:58:31.486724+00:00
[2023-03-26T16:58:31.501+0000] {processor.py:175} INFO - Processing /home/airflow/.local/lib/python3.7/site-packages/airflow/example_dags/example_latest_only_with_trigger.py took 0.060 seconds
[2023-03-26T16:59:02.220+0000] {processor.py:153} INFO - Started process (PID=1075) to work on /home/airflow/.local/lib/python3.7/site-packages/airflow/example_dags/example_latest_only_with_trigger.py
[2023-03-26T16:59:02.221+0000] {processor.py:743} INFO - Processing file /home/airflow/.local/lib/python3.7/site-packages/airflow/example_dags/example_latest_only_with_trigger.py for tasks to queue
[2023-03-26T16:59:02.222+0000] {logging_mixin.py:137} INFO - [2023-03-26T16:59:02.222+0000] {dagbag.py:532} INFO - Filling up the DagBag from /home/airflow/.local/lib/python3.7/site-packages/airflow/example_dags/example_latest_only_with_trigger.py
[2023-03-26T16:59:02.230+0000] {processor.py:753} INFO - DAG(s) dict_keys(['latest_only_with_trigger']) retrieved from /home/airflow/.local/lib/python3.7/site-packages/airflow/example_dags/example_latest_only_with_trigger.py
[2023-03-26T16:59:02.246+0000] {logging_mixin.py:137} INFO - [2023-03-26T16:59:02.246+0000] {dag.py:2693} INFO - Sync 1 DAGs
[2023-03-26T16:59:02.260+0000] {logging_mixin.py:137} INFO - [2023-03-26T16:59:02.260+0000] {dag.py:3444} INFO - Setting next_dagrun for latest_only_with_trigger to 2023-03-26T12:59:02.260381+00:00, run_after=2023-03-26T16:59:02.260381+00:00
[2023-03-26T16:59:02.284+0000] {processor.py:175} INFO - Processing /home/airflow/.local/lib/python3.7/site-packages/airflow/example_dags/example_latest_only_with_trigger.py took 0.065 seconds
[2023-03-26T16:59:32.848+0000] {processor.py:153} INFO - Started process (PID=1124) to work on /home/airflow/.local/lib/python3.7/site-packages/airflow/example_dags/example_latest_only_with_trigger.py
[2023-03-26T16:59:32.848+0000] {processor.py:743} INFO - Processing file /home/airflow/.local/lib/python3.7/site-packages/airflow/example_dags/example_latest_only_with_trigger.py for tasks to queue
[2023-03-26T16:59:32.848+0000] {logging_mixin.py:137} INFO - [2023-03-26T16:59:32.848+0000] {dagbag.py:532} INFO - Filling up the DagBag from /home/airflow/.local/lib/python3.7/site-packages/airflow/example_dags/example_latest_only_with_trigger.py
[2023-03-26T16:59:32.856+0000] {processor.py:753} INFO - DAG(s) dict_keys(['latest_only_with_trigger']) retrieved from /home/airflow/.local/lib/python3.7/site-packages/airflow/example_dags/example_latest_only_with_trigger.py
[2023-03-26T16:59:32.872+0000] {logging_mixin.py:137} INFO - [2023-03-26T16:59:32.872+0000] {dag.py:2693} INFO - Sync 1 DAGs
[2023-03-26T16:59:32.886+0000] {logging_mixin.py:137} INFO - [2023-03-26T16:59:32.886+0000] {dag.py:3444} INFO - Setting next_dagrun for latest_only_with_trigger to 2023-03-26T12:59:32.886187+00:00, run_after=2023-03-26T16:59:32.886187+00:00
[2023-03-26T16:59:32.900+0000] {processor.py:175} INFO - Processing /home/airflow/.local/lib/python3.7/site-packages/airflow/example_dags/example_latest_only_with_trigger.py took 0.054 seconds
[2023-03-26T17:00:03.549+0000] {processor.py:153} INFO - Started process (PID=1173) to work on /home/airflow/.local/lib/python3.7/site-packages/airflow/example_dags/example_latest_only_with_trigger.py
[2023-03-26T17:00:03.550+0000] {processor.py:743} INFO - Processing file /home/airflow/.local/lib/python3.7/site-packages/airflow/example_dags/example_latest_only_with_trigger.py for tasks to queue
[2023-03-26T17:00:03.551+0000] {logging_mixin.py:137} INFO - [2023-03-26T17:00:03.551+0000] {dagbag.py:532} INFO - Filling up the DagBag from /home/airflow/.local/lib/python3.7/site-packages/airflow/example_dags/example_latest_only_with_trigger.py
[2023-03-26T17:00:03.559+0000] {processor.py:753} INFO - DAG(s) dict_keys(['latest_only_with_trigger']) retrieved from /home/airflow/.local/lib/python3.7/site-packages/airflow/example_dags/example_latest_only_with_trigger.py
[2023-03-26T17:00:03.575+0000] {logging_mixin.py:137} INFO - [2023-03-26T17:00:03.575+0000] {dag.py:2693} INFO - Sync 1 DAGs
[2023-03-26T17:00:03.590+0000] {logging_mixin.py:137} INFO - [2023-03-26T17:00:03.590+0000] {dag.py:3444} INFO - Setting next_dagrun for latest_only_with_trigger to 2023-03-26T13:00:03.590379+00:00, run_after=2023-03-26T17:00:03.590379+00:00
[2023-03-26T17:00:03.603+0000] {processor.py:175} INFO - Processing /home/airflow/.local/lib/python3.7/site-packages/airflow/example_dags/example_latest_only_with_trigger.py took 0.056 seconds
[2023-03-26T17:00:34.203+0000] {processor.py:153} INFO - Started process (PID=1222) to work on /home/airflow/.local/lib/python3.7/site-packages/airflow/example_dags/example_latest_only_with_trigger.py
[2023-03-26T17:00:34.203+0000] {processor.py:743} INFO - Processing file /home/airflow/.local/lib/python3.7/site-packages/airflow/example_dags/example_latest_only_with_trigger.py for tasks to queue
[2023-03-26T17:00:34.204+0000] {logging_mixin.py:137} INFO - [2023-03-26T17:00:34.203+0000] {dagbag.py:532} INFO - Filling up the DagBag from /home/airflow/.local/lib/python3.7/site-packages/airflow/example_dags/example_latest_only_with_trigger.py
[2023-03-26T17:00:34.212+0000] {processor.py:753} INFO - DAG(s) dict_keys(['latest_only_with_trigger']) retrieved from /home/airflow/.local/lib/python3.7/site-packages/airflow/example_dags/example_latest_only_with_trigger.py
[2023-03-26T17:00:34.227+0000] {logging_mixin.py:137} INFO - [2023-03-26T17:00:34.227+0000] {dag.py:2693} INFO - Sync 1 DAGs
[2023-03-26T17:00:34.242+0000] {logging_mixin.py:137} INFO - [2023-03-26T17:00:34.242+0000] {dag.py:3444} INFO - Setting next_dagrun for latest_only_with_trigger to 2023-03-26T13:00:34.241854+00:00, run_after=2023-03-26T17:00:34.241854+00:00
[2023-03-26T17:00:34.255+0000] {processor.py:175} INFO - Processing /home/airflow/.local/lib/python3.7/site-packages/airflow/example_dags/example_latest_only_with_trigger.py took 0.054 seconds
