[2023-03-26T16:04:03.986+0000] {processor.py:153} INFO - Started process (PID=77) to work on /home/airflow/.local/lib/python3.7/site-packages/airflow/example_dags/tutorial.py
[2023-03-26T16:04:03.986+0000] {processor.py:743} INFO - Processing file /home/airflow/.local/lib/python3.7/site-packages/airflow/example_dags/tutorial.py for tasks to queue
[2023-03-26T16:04:03.986+0000] {logging_mixin.py:137} INFO - [2023-03-26T16:04:03.986+0000] {dagbag.py:532} INFO - Filling up the DagBag from /home/airflow/.local/lib/python3.7/site-packages/airflow/example_dags/tutorial.py
[2023-03-26T16:04:03.997+0000] {processor.py:753} INFO - DAG(s) dict_keys(['tutorial']) retrieved from /home/airflow/.local/lib/python3.7/site-packages/airflow/example_dags/tutorial.py
[2023-03-26T16:04:04.070+0000] {logging_mixin.py:137} INFO - [2023-03-26T16:04:04.070+0000] {manager.py:504} INFO - Created Permission View: can read on DAG:tutorial
[2023-03-26T16:04:04.079+0000] {logging_mixin.py:137} INFO - [2023-03-26T16:04:04.079+0000] {manager.py:504} INFO - Created Permission View: can edit on DAG:tutorial
[2023-03-26T16:04:04.088+0000] {logging_mixin.py:137} INFO - [2023-03-26T16:04:04.088+0000] {manager.py:504} INFO - Created Permission View: can delete on DAG:tutorial
[2023-03-26T16:04:04.088+0000] {logging_mixin.py:137} INFO - [2023-03-26T16:04:04.088+0000] {dag.py:2693} INFO - Sync 1 DAGs
[2023-03-26T16:04:04.097+0000] {logging_mixin.py:137} INFO - [2023-03-26T16:04:04.097+0000] {dag.py:2714} INFO - Creating ORM DAG for tutorial
[2023-03-26T16:04:04.104+0000] {logging_mixin.py:137} INFO - [2023-03-26T16:04:04.104+0000] {dag.py:3444} INFO - Setting next_dagrun for tutorial to 2023-03-25T16:04:04.104207+00:00, run_after=2023-03-26T16:04:04.104207+00:00
[2023-03-26T16:04:04.119+0000] {processor.py:175} INFO - Processing /home/airflow/.local/lib/python3.7/site-packages/airflow/example_dags/tutorial.py took 0.135 seconds
[2023-03-26T16:04:34.718+0000] {processor.py:153} INFO - Started process (PID=126) to work on /home/airflow/.local/lib/python3.7/site-packages/airflow/example_dags/tutorial.py
[2023-03-26T16:04:34.719+0000] {processor.py:743} INFO - Processing file /home/airflow/.local/lib/python3.7/site-packages/airflow/example_dags/tutorial.py for tasks to queue
[2023-03-26T16:04:34.719+0000] {logging_mixin.py:137} INFO - [2023-03-26T16:04:34.719+0000] {dagbag.py:532} INFO - Filling up the DagBag from /home/airflow/.local/lib/python3.7/site-packages/airflow/example_dags/tutorial.py
[2023-03-26T16:04:34.726+0000] {processor.py:753} INFO - DAG(s) dict_keys(['tutorial']) retrieved from /home/airflow/.local/lib/python3.7/site-packages/airflow/example_dags/tutorial.py
[2023-03-26T16:04:34.743+0000] {logging_mixin.py:137} INFO - [2023-03-26T16:04:34.743+0000] {dag.py:2693} INFO - Sync 1 DAGs
[2023-03-26T16:04:34.757+0000] {logging_mixin.py:137} INFO - [2023-03-26T16:04:34.757+0000] {dag.py:3444} INFO - Setting next_dagrun for tutorial to 2023-03-25T16:04:34.757617+00:00, run_after=2023-03-26T16:04:34.757617+00:00
[2023-03-26T16:04:34.772+0000] {processor.py:175} INFO - Processing /home/airflow/.local/lib/python3.7/site-packages/airflow/example_dags/tutorial.py took 0.055 seconds
[2023-03-26T16:05:05.332+0000] {processor.py:153} INFO - Started process (PID=175) to work on /home/airflow/.local/lib/python3.7/site-packages/airflow/example_dags/tutorial.py
[2023-03-26T16:05:05.332+0000] {processor.py:743} INFO - Processing file /home/airflow/.local/lib/python3.7/site-packages/airflow/example_dags/tutorial.py for tasks to queue
[2023-03-26T16:05:05.333+0000] {logging_mixin.py:137} INFO - [2023-03-26T16:05:05.333+0000] {dagbag.py:532} INFO - Filling up the DagBag from /home/airflow/.local/lib/python3.7/site-packages/airflow/example_dags/tutorial.py
[2023-03-26T16:05:05.340+0000] {processor.py:753} INFO - DAG(s) dict_keys(['tutorial']) retrieved from /home/airflow/.local/lib/python3.7/site-packages/airflow/example_dags/tutorial.py
[2023-03-26T16:05:05.356+0000] {logging_mixin.py:137} INFO - [2023-03-26T16:05:05.356+0000] {dag.py:2693} INFO - Sync 1 DAGs
[2023-03-26T16:05:05.369+0000] {logging_mixin.py:137} INFO - [2023-03-26T16:05:05.369+0000] {dag.py:3444} INFO - Setting next_dagrun for tutorial to 2023-03-25T16:05:05.369347+00:00, run_after=2023-03-26T16:05:05.369347+00:00
[2023-03-26T16:05:05.384+0000] {processor.py:175} INFO - Processing /home/airflow/.local/lib/python3.7/site-packages/airflow/example_dags/tutorial.py took 0.054 seconds
[2023-03-26T16:05:35.919+0000] {processor.py:153} INFO - Started process (PID=223) to work on /home/airflow/.local/lib/python3.7/site-packages/airflow/example_dags/tutorial.py
[2023-03-26T16:05:35.919+0000] {processor.py:743} INFO - Processing file /home/airflow/.local/lib/python3.7/site-packages/airflow/example_dags/tutorial.py for tasks to queue
[2023-03-26T16:05:35.919+0000] {logging_mixin.py:137} INFO - [2023-03-26T16:05:35.919+0000] {dagbag.py:532} INFO - Filling up the DagBag from /home/airflow/.local/lib/python3.7/site-packages/airflow/example_dags/tutorial.py
[2023-03-26T16:05:35.927+0000] {processor.py:753} INFO - DAG(s) dict_keys(['tutorial']) retrieved from /home/airflow/.local/lib/python3.7/site-packages/airflow/example_dags/tutorial.py
[2023-03-26T16:05:35.942+0000] {logging_mixin.py:137} INFO - [2023-03-26T16:05:35.942+0000] {dag.py:2693} INFO - Sync 1 DAGs
[2023-03-26T16:05:35.956+0000] {logging_mixin.py:137} INFO - [2023-03-26T16:05:35.956+0000] {dag.py:3444} INFO - Setting next_dagrun for tutorial to 2023-03-25T16:05:35.956136+00:00, run_after=2023-03-26T16:05:35.956136+00:00
[2023-03-26T16:05:35.972+0000] {processor.py:175} INFO - Processing /home/airflow/.local/lib/python3.7/site-packages/airflow/example_dags/tutorial.py took 0.055 seconds
[2023-03-26T16:06:06.553+0000] {processor.py:153} INFO - Started process (PID=272) to work on /home/airflow/.local/lib/python3.7/site-packages/airflow/example_dags/tutorial.py
[2023-03-26T16:06:06.553+0000] {processor.py:743} INFO - Processing file /home/airflow/.local/lib/python3.7/site-packages/airflow/example_dags/tutorial.py for tasks to queue
[2023-03-26T16:06:06.554+0000] {logging_mixin.py:137} INFO - [2023-03-26T16:06:06.554+0000] {dagbag.py:532} INFO - Filling up the DagBag from /home/airflow/.local/lib/python3.7/site-packages/airflow/example_dags/tutorial.py
[2023-03-26T16:06:06.561+0000] {processor.py:753} INFO - DAG(s) dict_keys(['tutorial']) retrieved from /home/airflow/.local/lib/python3.7/site-packages/airflow/example_dags/tutorial.py
[2023-03-26T16:06:06.576+0000] {logging_mixin.py:137} INFO - [2023-03-26T16:06:06.576+0000] {dag.py:2693} INFO - Sync 1 DAGs
[2023-03-26T16:06:06.590+0000] {logging_mixin.py:137} INFO - [2023-03-26T16:06:06.590+0000] {dag.py:3444} INFO - Setting next_dagrun for tutorial to 2023-03-25T16:06:06.590433+00:00, run_after=2023-03-26T16:06:06.590433+00:00
[2023-03-26T16:06:06.606+0000] {processor.py:175} INFO - Processing /home/airflow/.local/lib/python3.7/site-packages/airflow/example_dags/tutorial.py took 0.055 seconds
[2023-03-26T16:06:37.152+0000] {processor.py:153} INFO - Started process (PID=321) to work on /home/airflow/.local/lib/python3.7/site-packages/airflow/example_dags/tutorial.py
[2023-03-26T16:06:37.153+0000] {processor.py:743} INFO - Processing file /home/airflow/.local/lib/python3.7/site-packages/airflow/example_dags/tutorial.py for tasks to queue
[2023-03-26T16:06:37.153+0000] {logging_mixin.py:137} INFO - [2023-03-26T16:06:37.153+0000] {dagbag.py:532} INFO - Filling up the DagBag from /home/airflow/.local/lib/python3.7/site-packages/airflow/example_dags/tutorial.py
[2023-03-26T16:06:37.160+0000] {processor.py:753} INFO - DAG(s) dict_keys(['tutorial']) retrieved from /home/airflow/.local/lib/python3.7/site-packages/airflow/example_dags/tutorial.py
[2023-03-26T16:06:37.174+0000] {logging_mixin.py:137} INFO - [2023-03-26T16:06:37.174+0000] {dag.py:2693} INFO - Sync 1 DAGs
[2023-03-26T16:06:37.189+0000] {logging_mixin.py:137} INFO - [2023-03-26T16:06:37.189+0000] {dag.py:3444} INFO - Setting next_dagrun for tutorial to 2023-03-25T16:06:37.189121+00:00, run_after=2023-03-26T16:06:37.189121+00:00
[2023-03-26T16:06:37.204+0000] {processor.py:175} INFO - Processing /home/airflow/.local/lib/python3.7/site-packages/airflow/example_dags/tutorial.py took 0.054 seconds
[2023-03-26T16:07:07.792+0000] {processor.py:153} INFO - Started process (PID=370) to work on /home/airflow/.local/lib/python3.7/site-packages/airflow/example_dags/tutorial.py
[2023-03-26T16:07:07.793+0000] {processor.py:743} INFO - Processing file /home/airflow/.local/lib/python3.7/site-packages/airflow/example_dags/tutorial.py for tasks to queue
[2023-03-26T16:07:07.794+0000] {logging_mixin.py:137} INFO - [2023-03-26T16:07:07.794+0000] {dagbag.py:532} INFO - Filling up the DagBag from /home/airflow/.local/lib/python3.7/site-packages/airflow/example_dags/tutorial.py
[2023-03-26T16:07:07.801+0000] {processor.py:753} INFO - DAG(s) dict_keys(['tutorial']) retrieved from /home/airflow/.local/lib/python3.7/site-packages/airflow/example_dags/tutorial.py
[2023-03-26T16:07:07.817+0000] {logging_mixin.py:137} INFO - [2023-03-26T16:07:07.817+0000] {dag.py:2693} INFO - Sync 1 DAGs
[2023-03-26T16:07:07.831+0000] {logging_mixin.py:137} INFO - [2023-03-26T16:07:07.831+0000] {dag.py:3444} INFO - Setting next_dagrun for tutorial to 2023-03-25T16:07:07.831132+00:00, run_after=2023-03-26T16:07:07.831132+00:00
[2023-03-26T16:07:07.845+0000] {processor.py:175} INFO - Processing /home/airflow/.local/lib/python3.7/site-packages/airflow/example_dags/tutorial.py took 0.054 seconds
[2023-03-26T16:07:38.452+0000] {processor.py:153} INFO - Started process (PID=419) to work on /home/airflow/.local/lib/python3.7/site-packages/airflow/example_dags/tutorial.py
[2023-03-26T16:07:38.452+0000] {processor.py:743} INFO - Processing file /home/airflow/.local/lib/python3.7/site-packages/airflow/example_dags/tutorial.py for tasks to queue
[2023-03-26T16:07:38.452+0000] {logging_mixin.py:137} INFO - [2023-03-26T16:07:38.452+0000] {dagbag.py:532} INFO - Filling up the DagBag from /home/airflow/.local/lib/python3.7/site-packages/airflow/example_dags/tutorial.py
[2023-03-26T16:07:38.462+0000] {processor.py:753} INFO - DAG(s) dict_keys(['tutorial']) retrieved from /home/airflow/.local/lib/python3.7/site-packages/airflow/example_dags/tutorial.py
[2023-03-26T16:07:38.480+0000] {logging_mixin.py:137} INFO - [2023-03-26T16:07:38.480+0000] {dag.py:2693} INFO - Sync 1 DAGs
[2023-03-26T16:07:38.496+0000] {logging_mixin.py:137} INFO - [2023-03-26T16:07:38.496+0000] {dag.py:3444} INFO - Setting next_dagrun for tutorial to 2023-03-25T16:07:38.496311+00:00, run_after=2023-03-26T16:07:38.496311+00:00
[2023-03-26T16:07:38.511+0000] {processor.py:175} INFO - Processing /home/airflow/.local/lib/python3.7/site-packages/airflow/example_dags/tutorial.py took 0.061 seconds
[2023-03-26T16:08:09.058+0000] {processor.py:153} INFO - Started process (PID=468) to work on /home/airflow/.local/lib/python3.7/site-packages/airflow/example_dags/tutorial.py
[2023-03-26T16:08:09.058+0000] {processor.py:743} INFO - Processing file /home/airflow/.local/lib/python3.7/site-packages/airflow/example_dags/tutorial.py for tasks to queue
[2023-03-26T16:08:09.059+0000] {logging_mixin.py:137} INFO - [2023-03-26T16:08:09.059+0000] {dagbag.py:532} INFO - Filling up the DagBag from /home/airflow/.local/lib/python3.7/site-packages/airflow/example_dags/tutorial.py
[2023-03-26T16:08:09.067+0000] {processor.py:753} INFO - DAG(s) dict_keys(['tutorial']) retrieved from /home/airflow/.local/lib/python3.7/site-packages/airflow/example_dags/tutorial.py
[2023-03-26T16:08:09.081+0000] {logging_mixin.py:137} INFO - [2023-03-26T16:08:09.081+0000] {dag.py:2693} INFO - Sync 1 DAGs
[2023-03-26T16:08:09.095+0000] {logging_mixin.py:137} INFO - [2023-03-26T16:08:09.095+0000] {dag.py:3444} INFO - Setting next_dagrun for tutorial to 2023-03-25T16:08:09.095519+00:00, run_after=2023-03-26T16:08:09.095519+00:00
[2023-03-26T16:08:09.108+0000] {processor.py:175} INFO - Processing /home/airflow/.local/lib/python3.7/site-packages/airflow/example_dags/tutorial.py took 0.052 seconds
[2023-03-26T16:08:39.775+0000] {processor.py:153} INFO - Started process (PID=517) to work on /home/airflow/.local/lib/python3.7/site-packages/airflow/example_dags/tutorial.py
[2023-03-26T16:08:39.775+0000] {processor.py:743} INFO - Processing file /home/airflow/.local/lib/python3.7/site-packages/airflow/example_dags/tutorial.py for tasks to queue
[2023-03-26T16:08:39.776+0000] {logging_mixin.py:137} INFO - [2023-03-26T16:08:39.776+0000] {dagbag.py:532} INFO - Filling up the DagBag from /home/airflow/.local/lib/python3.7/site-packages/airflow/example_dags/tutorial.py
[2023-03-26T16:08:39.785+0000] {processor.py:753} INFO - DAG(s) dict_keys(['tutorial']) retrieved from /home/airflow/.local/lib/python3.7/site-packages/airflow/example_dags/tutorial.py
[2023-03-26T16:08:39.804+0000] {logging_mixin.py:137} INFO - [2023-03-26T16:08:39.803+0000] {dag.py:2693} INFO - Sync 1 DAGs
[2023-03-26T16:08:39.824+0000] {logging_mixin.py:137} INFO - [2023-03-26T16:08:39.824+0000] {dag.py:3444} INFO - Setting next_dagrun for tutorial to 2023-03-25T16:08:39.824243+00:00, run_after=2023-03-26T16:08:39.824243+00:00
[2023-03-26T16:08:39.839+0000] {processor.py:175} INFO - Processing /home/airflow/.local/lib/python3.7/site-packages/airflow/example_dags/tutorial.py took 0.066 seconds
[2023-03-26T16:13:00.446+0000] {processor.py:153} INFO - Started process (PID=77) to work on /home/airflow/.local/lib/python3.7/site-packages/airflow/example_dags/tutorial.py
[2023-03-26T16:13:00.447+0000] {processor.py:743} INFO - Processing file /home/airflow/.local/lib/python3.7/site-packages/airflow/example_dags/tutorial.py for tasks to queue
[2023-03-26T16:13:00.447+0000] {logging_mixin.py:137} INFO - [2023-03-26T16:13:00.447+0000] {dagbag.py:532} INFO - Filling up the DagBag from /home/airflow/.local/lib/python3.7/site-packages/airflow/example_dags/tutorial.py
[2023-03-26T16:13:00.457+0000] {processor.py:753} INFO - DAG(s) dict_keys(['tutorial']) retrieved from /home/airflow/.local/lib/python3.7/site-packages/airflow/example_dags/tutorial.py
[2023-03-26T16:13:00.466+0000] {logging_mixin.py:137} INFO - [2023-03-26T16:13:00.466+0000] {dag.py:2693} INFO - Sync 1 DAGs
[2023-03-26T16:13:00.482+0000] {logging_mixin.py:137} INFO - [2023-03-26T16:13:00.482+0000] {dag.py:3444} INFO - Setting next_dagrun for tutorial to 2023-03-25T16:13:00.482430+00:00, run_after=2023-03-26T16:13:00.482430+00:00
[2023-03-26T16:13:00.498+0000] {processor.py:175} INFO - Processing /home/airflow/.local/lib/python3.7/site-packages/airflow/example_dags/tutorial.py took 0.055 seconds
[2023-03-26T16:13:31.034+0000] {processor.py:153} INFO - Started process (PID=126) to work on /home/airflow/.local/lib/python3.7/site-packages/airflow/example_dags/tutorial.py
[2023-03-26T16:13:31.035+0000] {processor.py:743} INFO - Processing file /home/airflow/.local/lib/python3.7/site-packages/airflow/example_dags/tutorial.py for tasks to queue
[2023-03-26T16:13:31.036+0000] {logging_mixin.py:137} INFO - [2023-03-26T16:13:31.035+0000] {dagbag.py:532} INFO - Filling up the DagBag from /home/airflow/.local/lib/python3.7/site-packages/airflow/example_dags/tutorial.py
[2023-03-26T16:13:31.043+0000] {processor.py:753} INFO - DAG(s) dict_keys(['tutorial']) retrieved from /home/airflow/.local/lib/python3.7/site-packages/airflow/example_dags/tutorial.py
[2023-03-26T16:13:31.059+0000] {logging_mixin.py:137} INFO - [2023-03-26T16:13:31.059+0000] {dag.py:2693} INFO - Sync 1 DAGs
[2023-03-26T16:13:31.073+0000] {logging_mixin.py:137} INFO - [2023-03-26T16:13:31.073+0000] {dag.py:3444} INFO - Setting next_dagrun for tutorial to 2023-03-25T16:13:31.073218+00:00, run_after=2023-03-26T16:13:31.073218+00:00
[2023-03-26T16:13:31.087+0000] {processor.py:175} INFO - Processing /home/airflow/.local/lib/python3.7/site-packages/airflow/example_dags/tutorial.py took 0.054 seconds
[2023-03-26T16:17:29.339+0000] {processor.py:153} INFO - Started process (PID=77) to work on /home/airflow/.local/lib/python3.7/site-packages/airflow/example_dags/tutorial.py
[2023-03-26T16:17:29.340+0000] {processor.py:743} INFO - Processing file /home/airflow/.local/lib/python3.7/site-packages/airflow/example_dags/tutorial.py for tasks to queue
[2023-03-26T16:17:29.340+0000] {logging_mixin.py:137} INFO - [2023-03-26T16:17:29.340+0000] {dagbag.py:532} INFO - Filling up the DagBag from /home/airflow/.local/lib/python3.7/site-packages/airflow/example_dags/tutorial.py
[2023-03-26T16:17:29.349+0000] {processor.py:753} INFO - DAG(s) dict_keys(['tutorial']) retrieved from /home/airflow/.local/lib/python3.7/site-packages/airflow/example_dags/tutorial.py
[2023-03-26T16:17:29.358+0000] {logging_mixin.py:137} INFO - [2023-03-26T16:17:29.358+0000] {dag.py:2693} INFO - Sync 1 DAGs
[2023-03-26T16:17:29.373+0000] {logging_mixin.py:137} INFO - [2023-03-26T16:17:29.373+0000] {dag.py:3444} INFO - Setting next_dagrun for tutorial to 2023-03-25T16:17:29.373249+00:00, run_after=2023-03-26T16:17:29.373249+00:00
[2023-03-26T16:17:29.388+0000] {processor.py:175} INFO - Processing /home/airflow/.local/lib/python3.7/site-packages/airflow/example_dags/tutorial.py took 0.051 seconds
[2023-03-26T16:18:00.198+0000] {processor.py:153} INFO - Started process (PID=126) to work on /home/airflow/.local/lib/python3.7/site-packages/airflow/example_dags/tutorial.py
[2023-03-26T16:18:00.199+0000] {processor.py:743} INFO - Processing file /home/airflow/.local/lib/python3.7/site-packages/airflow/example_dags/tutorial.py for tasks to queue
[2023-03-26T16:18:00.199+0000] {logging_mixin.py:137} INFO - [2023-03-26T16:18:00.199+0000] {dagbag.py:532} INFO - Filling up the DagBag from /home/airflow/.local/lib/python3.7/site-packages/airflow/example_dags/tutorial.py
[2023-03-26T16:18:00.208+0000] {processor.py:753} INFO - DAG(s) dict_keys(['tutorial']) retrieved from /home/airflow/.local/lib/python3.7/site-packages/airflow/example_dags/tutorial.py
[2023-03-26T16:18:00.224+0000] {logging_mixin.py:137} INFO - [2023-03-26T16:18:00.224+0000] {dag.py:2693} INFO - Sync 1 DAGs
[2023-03-26T16:18:00.238+0000] {logging_mixin.py:137} INFO - [2023-03-26T16:18:00.238+0000] {dag.py:3444} INFO - Setting next_dagrun for tutorial to 2023-03-25T16:18:00.238751+00:00, run_after=2023-03-26T16:18:00.238751+00:00
[2023-03-26T16:18:00.255+0000] {processor.py:175} INFO - Processing /home/airflow/.local/lib/python3.7/site-packages/airflow/example_dags/tutorial.py took 0.058 seconds
[2023-03-26T16:18:30.799+0000] {processor.py:153} INFO - Started process (PID=175) to work on /home/airflow/.local/lib/python3.7/site-packages/airflow/example_dags/tutorial.py
[2023-03-26T16:18:30.799+0000] {processor.py:743} INFO - Processing file /home/airflow/.local/lib/python3.7/site-packages/airflow/example_dags/tutorial.py for tasks to queue
[2023-03-26T16:18:30.800+0000] {logging_mixin.py:137} INFO - [2023-03-26T16:18:30.800+0000] {dagbag.py:532} INFO - Filling up the DagBag from /home/airflow/.local/lib/python3.7/site-packages/airflow/example_dags/tutorial.py
[2023-03-26T16:18:30.807+0000] {processor.py:753} INFO - DAG(s) dict_keys(['tutorial']) retrieved from /home/airflow/.local/lib/python3.7/site-packages/airflow/example_dags/tutorial.py
[2023-03-26T16:18:30.821+0000] {logging_mixin.py:137} INFO - [2023-03-26T16:18:30.821+0000] {dag.py:2693} INFO - Sync 1 DAGs
[2023-03-26T16:18:30.835+0000] {logging_mixin.py:137} INFO - [2023-03-26T16:18:30.835+0000] {dag.py:3444} INFO - Setting next_dagrun for tutorial to 2023-03-25T16:18:30.835205+00:00, run_after=2023-03-26T16:18:30.835205+00:00
[2023-03-26T16:18:30.849+0000] {processor.py:175} INFO - Processing /home/airflow/.local/lib/python3.7/site-packages/airflow/example_dags/tutorial.py took 0.052 seconds
[2023-03-26T16:19:01.480+0000] {processor.py:153} INFO - Started process (PID=224) to work on /home/airflow/.local/lib/python3.7/site-packages/airflow/example_dags/tutorial.py
[2023-03-26T16:19:01.481+0000] {processor.py:743} INFO - Processing file /home/airflow/.local/lib/python3.7/site-packages/airflow/example_dags/tutorial.py for tasks to queue
[2023-03-26T16:19:01.481+0000] {logging_mixin.py:137} INFO - [2023-03-26T16:19:01.481+0000] {dagbag.py:532} INFO - Filling up the DagBag from /home/airflow/.local/lib/python3.7/site-packages/airflow/example_dags/tutorial.py
[2023-03-26T16:19:01.488+0000] {processor.py:753} INFO - DAG(s) dict_keys(['tutorial']) retrieved from /home/airflow/.local/lib/python3.7/site-packages/airflow/example_dags/tutorial.py
[2023-03-26T16:19:01.503+0000] {logging_mixin.py:137} INFO - [2023-03-26T16:19:01.503+0000] {dag.py:2693} INFO - Sync 1 DAGs
[2023-03-26T16:19:01.518+0000] {logging_mixin.py:137} INFO - [2023-03-26T16:19:01.518+0000] {dag.py:3444} INFO - Setting next_dagrun for tutorial to 2023-03-25T16:19:01.517924+00:00, run_after=2023-03-26T16:19:01.517924+00:00
[2023-03-26T16:19:01.534+0000] {processor.py:175} INFO - Processing /home/airflow/.local/lib/python3.7/site-packages/airflow/example_dags/tutorial.py took 0.056 seconds
[2023-03-26T16:19:32.169+0000] {processor.py:153} INFO - Started process (PID=273) to work on /home/airflow/.local/lib/python3.7/site-packages/airflow/example_dags/tutorial.py
[2023-03-26T16:19:32.169+0000] {processor.py:743} INFO - Processing file /home/airflow/.local/lib/python3.7/site-packages/airflow/example_dags/tutorial.py for tasks to queue
[2023-03-26T16:19:32.170+0000] {logging_mixin.py:137} INFO - [2023-03-26T16:19:32.170+0000] {dagbag.py:532} INFO - Filling up the DagBag from /home/airflow/.local/lib/python3.7/site-packages/airflow/example_dags/tutorial.py
[2023-03-26T16:19:32.177+0000] {processor.py:753} INFO - DAG(s) dict_keys(['tutorial']) retrieved from /home/airflow/.local/lib/python3.7/site-packages/airflow/example_dags/tutorial.py
[2023-03-26T16:19:32.192+0000] {logging_mixin.py:137} INFO - [2023-03-26T16:19:32.192+0000] {dag.py:2693} INFO - Sync 1 DAGs
[2023-03-26T16:19:32.205+0000] {logging_mixin.py:137} INFO - [2023-03-26T16:19:32.205+0000] {dag.py:3444} INFO - Setting next_dagrun for tutorial to 2023-03-25T16:19:32.205722+00:00, run_after=2023-03-26T16:19:32.205722+00:00
[2023-03-26T16:19:32.219+0000] {processor.py:175} INFO - Processing /home/airflow/.local/lib/python3.7/site-packages/airflow/example_dags/tutorial.py took 0.052 seconds
[2023-03-26T16:20:02.898+0000] {processor.py:153} INFO - Started process (PID=322) to work on /home/airflow/.local/lib/python3.7/site-packages/airflow/example_dags/tutorial.py
[2023-03-26T16:20:02.899+0000] {processor.py:743} INFO - Processing file /home/airflow/.local/lib/python3.7/site-packages/airflow/example_dags/tutorial.py for tasks to queue
[2023-03-26T16:20:02.899+0000] {logging_mixin.py:137} INFO - [2023-03-26T16:20:02.899+0000] {dagbag.py:532} INFO - Filling up the DagBag from /home/airflow/.local/lib/python3.7/site-packages/airflow/example_dags/tutorial.py
[2023-03-26T16:20:02.907+0000] {processor.py:753} INFO - DAG(s) dict_keys(['tutorial']) retrieved from /home/airflow/.local/lib/python3.7/site-packages/airflow/example_dags/tutorial.py
[2023-03-26T16:20:02.922+0000] {logging_mixin.py:137} INFO - [2023-03-26T16:20:02.922+0000] {dag.py:2693} INFO - Sync 1 DAGs
[2023-03-26T16:20:02.936+0000] {logging_mixin.py:137} INFO - [2023-03-26T16:20:02.936+0000] {dag.py:3444} INFO - Setting next_dagrun for tutorial to 2023-03-25T16:20:02.936598+00:00, run_after=2023-03-26T16:20:02.936598+00:00
[2023-03-26T16:20:02.949+0000] {processor.py:175} INFO - Processing /home/airflow/.local/lib/python3.7/site-packages/airflow/example_dags/tutorial.py took 0.053 seconds
[2023-03-26T16:20:33.499+0000] {processor.py:153} INFO - Started process (PID=371) to work on /home/airflow/.local/lib/python3.7/site-packages/airflow/example_dags/tutorial.py
[2023-03-26T16:20:33.499+0000] {processor.py:743} INFO - Processing file /home/airflow/.local/lib/python3.7/site-packages/airflow/example_dags/tutorial.py for tasks to queue
[2023-03-26T16:20:33.500+0000] {logging_mixin.py:137} INFO - [2023-03-26T16:20:33.500+0000] {dagbag.py:532} INFO - Filling up the DagBag from /home/airflow/.local/lib/python3.7/site-packages/airflow/example_dags/tutorial.py
[2023-03-26T16:20:33.507+0000] {processor.py:753} INFO - DAG(s) dict_keys(['tutorial']) retrieved from /home/airflow/.local/lib/python3.7/site-packages/airflow/example_dags/tutorial.py
[2023-03-26T16:20:33.523+0000] {logging_mixin.py:137} INFO - [2023-03-26T16:20:33.523+0000] {dag.py:2693} INFO - Sync 1 DAGs
[2023-03-26T16:20:33.537+0000] {logging_mixin.py:137} INFO - [2023-03-26T16:20:33.537+0000] {dag.py:3444} INFO - Setting next_dagrun for tutorial to 2023-03-25T16:20:33.537265+00:00, run_after=2023-03-26T16:20:33.537265+00:00
[2023-03-26T16:20:33.550+0000] {processor.py:175} INFO - Processing /home/airflow/.local/lib/python3.7/site-packages/airflow/example_dags/tutorial.py took 0.054 seconds
[2023-03-26T16:21:04.119+0000] {processor.py:153} INFO - Started process (PID=421) to work on /home/airflow/.local/lib/python3.7/site-packages/airflow/example_dags/tutorial.py
[2023-03-26T16:21:04.120+0000] {processor.py:743} INFO - Processing file /home/airflow/.local/lib/python3.7/site-packages/airflow/example_dags/tutorial.py for tasks to queue
[2023-03-26T16:21:04.120+0000] {logging_mixin.py:137} INFO - [2023-03-26T16:21:04.120+0000] {dagbag.py:532} INFO - Filling up the DagBag from /home/airflow/.local/lib/python3.7/site-packages/airflow/example_dags/tutorial.py
[2023-03-26T16:21:04.128+0000] {processor.py:753} INFO - DAG(s) dict_keys(['tutorial']) retrieved from /home/airflow/.local/lib/python3.7/site-packages/airflow/example_dags/tutorial.py
[2023-03-26T16:21:04.142+0000] {logging_mixin.py:137} INFO - [2023-03-26T16:21:04.142+0000] {dag.py:2693} INFO - Sync 1 DAGs
[2023-03-26T16:21:04.156+0000] {logging_mixin.py:137} INFO - [2023-03-26T16:21:04.156+0000] {dag.py:3444} INFO - Setting next_dagrun for tutorial to 2023-03-25T16:21:04.156393+00:00, run_after=2023-03-26T16:21:04.156393+00:00
[2023-03-26T16:21:04.169+0000] {processor.py:175} INFO - Processing /home/airflow/.local/lib/python3.7/site-packages/airflow/example_dags/tutorial.py took 0.052 seconds
[2023-03-26T16:21:34.790+0000] {processor.py:153} INFO - Started process (PID=470) to work on /home/airflow/.local/lib/python3.7/site-packages/airflow/example_dags/tutorial.py
[2023-03-26T16:21:34.790+0000] {processor.py:743} INFO - Processing file /home/airflow/.local/lib/python3.7/site-packages/airflow/example_dags/tutorial.py for tasks to queue
[2023-03-26T16:21:34.790+0000] {logging_mixin.py:137} INFO - [2023-03-26T16:21:34.790+0000] {dagbag.py:532} INFO - Filling up the DagBag from /home/airflow/.local/lib/python3.7/site-packages/airflow/example_dags/tutorial.py
[2023-03-26T16:21:34.798+0000] {processor.py:753} INFO - DAG(s) dict_keys(['tutorial']) retrieved from /home/airflow/.local/lib/python3.7/site-packages/airflow/example_dags/tutorial.py
[2023-03-26T16:21:34.815+0000] {logging_mixin.py:137} INFO - [2023-03-26T16:21:34.815+0000] {dag.py:2693} INFO - Sync 1 DAGs
[2023-03-26T16:21:34.831+0000] {logging_mixin.py:137} INFO - [2023-03-26T16:21:34.831+0000] {dag.py:3444} INFO - Setting next_dagrun for tutorial to 2023-03-25T16:21:34.831067+00:00, run_after=2023-03-26T16:21:34.831067+00:00
[2023-03-26T16:21:34.846+0000] {processor.py:175} INFO - Processing /home/airflow/.local/lib/python3.7/site-packages/airflow/example_dags/tutorial.py took 0.059 seconds
[2023-03-26T16:22:05.474+0000] {processor.py:153} INFO - Started process (PID=519) to work on /home/airflow/.local/lib/python3.7/site-packages/airflow/example_dags/tutorial.py
[2023-03-26T16:22:05.475+0000] {processor.py:743} INFO - Processing file /home/airflow/.local/lib/python3.7/site-packages/airflow/example_dags/tutorial.py for tasks to queue
[2023-03-26T16:22:05.476+0000] {logging_mixin.py:137} INFO - [2023-03-26T16:22:05.476+0000] {dagbag.py:532} INFO - Filling up the DagBag from /home/airflow/.local/lib/python3.7/site-packages/airflow/example_dags/tutorial.py
[2023-03-26T16:22:05.484+0000] {processor.py:753} INFO - DAG(s) dict_keys(['tutorial']) retrieved from /home/airflow/.local/lib/python3.7/site-packages/airflow/example_dags/tutorial.py
[2023-03-26T16:22:05.501+0000] {logging_mixin.py:137} INFO - [2023-03-26T16:22:05.501+0000] {dag.py:2693} INFO - Sync 1 DAGs
[2023-03-26T16:22:05.517+0000] {logging_mixin.py:137} INFO - [2023-03-26T16:22:05.516+0000] {dag.py:3444} INFO - Setting next_dagrun for tutorial to 2023-03-25T16:22:05.516406+00:00, run_after=2023-03-26T16:22:05.516406+00:00
[2023-03-26T16:22:05.536+0000] {processor.py:175} INFO - Processing /home/airflow/.local/lib/python3.7/site-packages/airflow/example_dags/tutorial.py took 0.065 seconds
[2023-03-26T16:22:36.454+0000] {processor.py:153} INFO - Started process (PID=568) to work on /home/airflow/.local/lib/python3.7/site-packages/airflow/example_dags/tutorial.py
[2023-03-26T16:22:36.455+0000] {processor.py:743} INFO - Processing file /home/airflow/.local/lib/python3.7/site-packages/airflow/example_dags/tutorial.py for tasks to queue
[2023-03-26T16:22:36.455+0000] {logging_mixin.py:137} INFO - [2023-03-26T16:22:36.455+0000] {dagbag.py:532} INFO - Filling up the DagBag from /home/airflow/.local/lib/python3.7/site-packages/airflow/example_dags/tutorial.py
[2023-03-26T16:22:36.464+0000] {processor.py:753} INFO - DAG(s) dict_keys(['tutorial']) retrieved from /home/airflow/.local/lib/python3.7/site-packages/airflow/example_dags/tutorial.py
[2023-03-26T16:22:36.479+0000] {logging_mixin.py:137} INFO - [2023-03-26T16:22:36.479+0000] {dag.py:2693} INFO - Sync 1 DAGs
[2023-03-26T16:22:36.493+0000] {logging_mixin.py:137} INFO - [2023-03-26T16:22:36.493+0000] {dag.py:3444} INFO - Setting next_dagrun for tutorial to 2023-03-25T16:22:36.493164+00:00, run_after=2023-03-26T16:22:36.493164+00:00
[2023-03-26T16:22:36.506+0000] {processor.py:175} INFO - Processing /home/airflow/.local/lib/python3.7/site-packages/airflow/example_dags/tutorial.py took 0.054 seconds
[2023-03-26T16:23:07.388+0000] {processor.py:153} INFO - Started process (PID=617) to work on /home/airflow/.local/lib/python3.7/site-packages/airflow/example_dags/tutorial.py
[2023-03-26T16:23:07.388+0000] {processor.py:743} INFO - Processing file /home/airflow/.local/lib/python3.7/site-packages/airflow/example_dags/tutorial.py for tasks to queue
[2023-03-26T16:23:07.388+0000] {logging_mixin.py:137} INFO - [2023-03-26T16:23:07.388+0000] {dagbag.py:532} INFO - Filling up the DagBag from /home/airflow/.local/lib/python3.7/site-packages/airflow/example_dags/tutorial.py
[2023-03-26T16:23:07.395+0000] {processor.py:753} INFO - DAG(s) dict_keys(['tutorial']) retrieved from /home/airflow/.local/lib/python3.7/site-packages/airflow/example_dags/tutorial.py
[2023-03-26T16:23:07.412+0000] {logging_mixin.py:137} INFO - [2023-03-26T16:23:07.411+0000] {dag.py:2693} INFO - Sync 1 DAGs
[2023-03-26T16:23:07.426+0000] {logging_mixin.py:137} INFO - [2023-03-26T16:23:07.426+0000] {dag.py:3444} INFO - Setting next_dagrun for tutorial to 2023-03-25T16:23:07.426135+00:00, run_after=2023-03-26T16:23:07.426135+00:00
[2023-03-26T16:23:07.441+0000] {processor.py:175} INFO - Processing /home/airflow/.local/lib/python3.7/site-packages/airflow/example_dags/tutorial.py took 0.055 seconds
[2023-03-26T16:23:38.157+0000] {processor.py:153} INFO - Started process (PID=666) to work on /home/airflow/.local/lib/python3.7/site-packages/airflow/example_dags/tutorial.py
[2023-03-26T16:23:38.158+0000] {processor.py:743} INFO - Processing file /home/airflow/.local/lib/python3.7/site-packages/airflow/example_dags/tutorial.py for tasks to queue
[2023-03-26T16:23:38.158+0000] {logging_mixin.py:137} INFO - [2023-03-26T16:23:38.158+0000] {dagbag.py:532} INFO - Filling up the DagBag from /home/airflow/.local/lib/python3.7/site-packages/airflow/example_dags/tutorial.py
[2023-03-26T16:23:38.166+0000] {processor.py:753} INFO - DAG(s) dict_keys(['tutorial']) retrieved from /home/airflow/.local/lib/python3.7/site-packages/airflow/example_dags/tutorial.py
[2023-03-26T16:23:38.181+0000] {logging_mixin.py:137} INFO - [2023-03-26T16:23:38.181+0000] {dag.py:2693} INFO - Sync 1 DAGs
[2023-03-26T16:23:38.195+0000] {logging_mixin.py:137} INFO - [2023-03-26T16:23:38.195+0000] {dag.py:3444} INFO - Setting next_dagrun for tutorial to 2023-03-25T16:23:38.195724+00:00, run_after=2023-03-26T16:23:38.195724+00:00
[2023-03-26T16:23:38.209+0000] {processor.py:175} INFO - Processing /home/airflow/.local/lib/python3.7/site-packages/airflow/example_dags/tutorial.py took 0.054 seconds
[2023-03-26T16:24:08.875+0000] {processor.py:153} INFO - Started process (PID=715) to work on /home/airflow/.local/lib/python3.7/site-packages/airflow/example_dags/tutorial.py
[2023-03-26T16:24:08.876+0000] {processor.py:743} INFO - Processing file /home/airflow/.local/lib/python3.7/site-packages/airflow/example_dags/tutorial.py for tasks to queue
[2023-03-26T16:24:08.876+0000] {logging_mixin.py:137} INFO - [2023-03-26T16:24:08.876+0000] {dagbag.py:532} INFO - Filling up the DagBag from /home/airflow/.local/lib/python3.7/site-packages/airflow/example_dags/tutorial.py
[2023-03-26T16:24:08.884+0000] {processor.py:753} INFO - DAG(s) dict_keys(['tutorial']) retrieved from /home/airflow/.local/lib/python3.7/site-packages/airflow/example_dags/tutorial.py
[2023-03-26T16:24:08.899+0000] {logging_mixin.py:137} INFO - [2023-03-26T16:24:08.899+0000] {dag.py:2693} INFO - Sync 1 DAGs
[2023-03-26T16:24:08.913+0000] {logging_mixin.py:137} INFO - [2023-03-26T16:24:08.913+0000] {dag.py:3444} INFO - Setting next_dagrun for tutorial to 2023-03-25T16:24:08.913050+00:00, run_after=2023-03-26T16:24:08.913050+00:00
[2023-03-26T16:24:08.927+0000] {processor.py:175} INFO - Processing /home/airflow/.local/lib/python3.7/site-packages/airflow/example_dags/tutorial.py took 0.053 seconds
[2023-03-26T16:24:39.679+0000] {processor.py:153} INFO - Started process (PID=764) to work on /home/airflow/.local/lib/python3.7/site-packages/airflow/example_dags/tutorial.py
[2023-03-26T16:24:39.680+0000] {processor.py:743} INFO - Processing file /home/airflow/.local/lib/python3.7/site-packages/airflow/example_dags/tutorial.py for tasks to queue
[2023-03-26T16:24:39.680+0000] {logging_mixin.py:137} INFO - [2023-03-26T16:24:39.680+0000] {dagbag.py:532} INFO - Filling up the DagBag from /home/airflow/.local/lib/python3.7/site-packages/airflow/example_dags/tutorial.py
[2023-03-26T16:24:39.688+0000] {processor.py:753} INFO - DAG(s) dict_keys(['tutorial']) retrieved from /home/airflow/.local/lib/python3.7/site-packages/airflow/example_dags/tutorial.py
[2023-03-26T16:24:39.702+0000] {logging_mixin.py:137} INFO - [2023-03-26T16:24:39.701+0000] {dag.py:2693} INFO - Sync 1 DAGs
[2023-03-26T16:24:39.715+0000] {logging_mixin.py:137} INFO - [2023-03-26T16:24:39.715+0000] {dag.py:3444} INFO - Setting next_dagrun for tutorial to 2023-03-25T16:24:39.715198+00:00, run_after=2023-03-26T16:24:39.715198+00:00
[2023-03-26T16:24:39.729+0000] {processor.py:175} INFO - Processing /home/airflow/.local/lib/python3.7/site-packages/airflow/example_dags/tutorial.py took 0.052 seconds
[2023-03-26T16:25:10.392+0000] {processor.py:153} INFO - Started process (PID=813) to work on /home/airflow/.local/lib/python3.7/site-packages/airflow/example_dags/tutorial.py
[2023-03-26T16:25:10.392+0000] {processor.py:743} INFO - Processing file /home/airflow/.local/lib/python3.7/site-packages/airflow/example_dags/tutorial.py for tasks to queue
[2023-03-26T16:25:10.393+0000] {logging_mixin.py:137} INFO - [2023-03-26T16:25:10.393+0000] {dagbag.py:532} INFO - Filling up the DagBag from /home/airflow/.local/lib/python3.7/site-packages/airflow/example_dags/tutorial.py
[2023-03-26T16:25:10.400+0000] {processor.py:753} INFO - DAG(s) dict_keys(['tutorial']) retrieved from /home/airflow/.local/lib/python3.7/site-packages/airflow/example_dags/tutorial.py
[2023-03-26T16:25:10.415+0000] {logging_mixin.py:137} INFO - [2023-03-26T16:25:10.415+0000] {dag.py:2693} INFO - Sync 1 DAGs
[2023-03-26T16:25:10.428+0000] {logging_mixin.py:137} INFO - [2023-03-26T16:25:10.428+0000] {dag.py:3444} INFO - Setting next_dagrun for tutorial to 2023-03-25T16:25:10.428697+00:00, run_after=2023-03-26T16:25:10.428697+00:00
[2023-03-26T16:25:10.440+0000] {processor.py:175} INFO - Processing /home/airflow/.local/lib/python3.7/site-packages/airflow/example_dags/tutorial.py took 0.050 seconds
[2023-03-26T16:25:41.025+0000] {processor.py:153} INFO - Started process (PID=862) to work on /home/airflow/.local/lib/python3.7/site-packages/airflow/example_dags/tutorial.py
[2023-03-26T16:25:41.026+0000] {processor.py:743} INFO - Processing file /home/airflow/.local/lib/python3.7/site-packages/airflow/example_dags/tutorial.py for tasks to queue
[2023-03-26T16:25:41.026+0000] {logging_mixin.py:137} INFO - [2023-03-26T16:25:41.026+0000] {dagbag.py:532} INFO - Filling up the DagBag from /home/airflow/.local/lib/python3.7/site-packages/airflow/example_dags/tutorial.py
[2023-03-26T16:25:41.033+0000] {processor.py:753} INFO - DAG(s) dict_keys(['tutorial']) retrieved from /home/airflow/.local/lib/python3.7/site-packages/airflow/example_dags/tutorial.py
[2023-03-26T16:25:41.048+0000] {logging_mixin.py:137} INFO - [2023-03-26T16:25:41.048+0000] {dag.py:2693} INFO - Sync 1 DAGs
[2023-03-26T16:25:41.061+0000] {logging_mixin.py:137} INFO - [2023-03-26T16:25:41.061+0000] {dag.py:3444} INFO - Setting next_dagrun for tutorial to 2023-03-25T16:25:41.061349+00:00, run_after=2023-03-26T16:25:41.061349+00:00
[2023-03-26T16:25:41.074+0000] {processor.py:175} INFO - Processing /home/airflow/.local/lib/python3.7/site-packages/airflow/example_dags/tutorial.py took 0.051 seconds
[2023-03-26T16:26:33.734+0000] {processor.py:153} INFO - Started process (PID=78) to work on /home/airflow/.local/lib/python3.7/site-packages/airflow/example_dags/tutorial.py
[2023-03-26T16:26:33.735+0000] {processor.py:743} INFO - Processing file /home/airflow/.local/lib/python3.7/site-packages/airflow/example_dags/tutorial.py for tasks to queue
[2023-03-26T16:26:33.736+0000] {logging_mixin.py:137} INFO - [2023-03-26T16:26:33.735+0000] {dagbag.py:532} INFO - Filling up the DagBag from /home/airflow/.local/lib/python3.7/site-packages/airflow/example_dags/tutorial.py
[2023-03-26T16:26:33.746+0000] {processor.py:753} INFO - DAG(s) dict_keys(['tutorial']) retrieved from /home/airflow/.local/lib/python3.7/site-packages/airflow/example_dags/tutorial.py
[2023-03-26T16:26:33.754+0000] {logging_mixin.py:137} INFO - [2023-03-26T16:26:33.754+0000] {dag.py:2693} INFO - Sync 1 DAGs
[2023-03-26T16:26:33.769+0000] {logging_mixin.py:137} INFO - [2023-03-26T16:26:33.769+0000] {dag.py:3444} INFO - Setting next_dagrun for tutorial to 2023-03-25T16:26:33.768961+00:00, run_after=2023-03-26T16:26:33.768961+00:00
[2023-03-26T16:26:33.782+0000] {processor.py:175} INFO - Processing /home/airflow/.local/lib/python3.7/site-packages/airflow/example_dags/tutorial.py took 0.050 seconds
[2023-03-26T16:27:04.373+0000] {processor.py:153} INFO - Started process (PID=128) to work on /home/airflow/.local/lib/python3.7/site-packages/airflow/example_dags/tutorial.py
[2023-03-26T16:27:04.373+0000] {processor.py:743} INFO - Processing file /home/airflow/.local/lib/python3.7/site-packages/airflow/example_dags/tutorial.py for tasks to queue
[2023-03-26T16:27:04.374+0000] {logging_mixin.py:137} INFO - [2023-03-26T16:27:04.374+0000] {dagbag.py:532} INFO - Filling up the DagBag from /home/airflow/.local/lib/python3.7/site-packages/airflow/example_dags/tutorial.py
[2023-03-26T16:27:04.381+0000] {processor.py:753} INFO - DAG(s) dict_keys(['tutorial']) retrieved from /home/airflow/.local/lib/python3.7/site-packages/airflow/example_dags/tutorial.py
[2023-03-26T16:27:04.396+0000] {logging_mixin.py:137} INFO - [2023-03-26T16:27:04.396+0000] {dag.py:2693} INFO - Sync 1 DAGs
[2023-03-26T16:27:04.410+0000] {logging_mixin.py:137} INFO - [2023-03-26T16:27:04.410+0000] {dag.py:3444} INFO - Setting next_dagrun for tutorial to 2023-03-25T16:27:04.410111+00:00, run_after=2023-03-26T16:27:04.410111+00:00
[2023-03-26T16:27:04.424+0000] {processor.py:175} INFO - Processing /home/airflow/.local/lib/python3.7/site-packages/airflow/example_dags/tutorial.py took 0.052 seconds
[2023-03-26T16:27:35.123+0000] {processor.py:153} INFO - Started process (PID=178) to work on /home/airflow/.local/lib/python3.7/site-packages/airflow/example_dags/tutorial.py
[2023-03-26T16:27:35.124+0000] {processor.py:743} INFO - Processing file /home/airflow/.local/lib/python3.7/site-packages/airflow/example_dags/tutorial.py for tasks to queue
[2023-03-26T16:27:35.124+0000] {logging_mixin.py:137} INFO - [2023-03-26T16:27:35.124+0000] {dagbag.py:532} INFO - Filling up the DagBag from /home/airflow/.local/lib/python3.7/site-packages/airflow/example_dags/tutorial.py
[2023-03-26T16:27:35.133+0000] {processor.py:753} INFO - DAG(s) dict_keys(['tutorial']) retrieved from /home/airflow/.local/lib/python3.7/site-packages/airflow/example_dags/tutorial.py
[2023-03-26T16:27:35.147+0000] {logging_mixin.py:137} INFO - [2023-03-26T16:27:35.147+0000] {dag.py:2693} INFO - Sync 1 DAGs
[2023-03-26T16:27:35.161+0000] {logging_mixin.py:137} INFO - [2023-03-26T16:27:35.161+0000] {dag.py:3444} INFO - Setting next_dagrun for tutorial to 2023-03-25T16:27:35.161203+00:00, run_after=2023-03-26T16:27:35.161203+00:00
[2023-03-26T16:27:35.173+0000] {processor.py:175} INFO - Processing /home/airflow/.local/lib/python3.7/site-packages/airflow/example_dags/tutorial.py took 0.051 seconds
[2023-03-26T16:28:05.739+0000] {processor.py:153} INFO - Started process (PID=227) to work on /home/airflow/.local/lib/python3.7/site-packages/airflow/example_dags/tutorial.py
[2023-03-26T16:28:05.740+0000] {processor.py:743} INFO - Processing file /home/airflow/.local/lib/python3.7/site-packages/airflow/example_dags/tutorial.py for tasks to queue
[2023-03-26T16:28:05.740+0000] {logging_mixin.py:137} INFO - [2023-03-26T16:28:05.740+0000] {dagbag.py:532} INFO - Filling up the DagBag from /home/airflow/.local/lib/python3.7/site-packages/airflow/example_dags/tutorial.py
[2023-03-26T16:28:05.748+0000] {processor.py:753} INFO - DAG(s) dict_keys(['tutorial']) retrieved from /home/airflow/.local/lib/python3.7/site-packages/airflow/example_dags/tutorial.py
[2023-03-26T16:28:05.765+0000] {logging_mixin.py:137} INFO - [2023-03-26T16:28:05.764+0000] {dag.py:2693} INFO - Sync 1 DAGs
[2023-03-26T16:28:05.779+0000] {logging_mixin.py:137} INFO - [2023-03-26T16:28:05.778+0000] {dag.py:3444} INFO - Setting next_dagrun for tutorial to 2023-03-25T16:28:05.778738+00:00, run_after=2023-03-26T16:28:05.778738+00:00
[2023-03-26T16:28:05.792+0000] {processor.py:175} INFO - Processing /home/airflow/.local/lib/python3.7/site-packages/airflow/example_dags/tutorial.py took 0.054 seconds
[2023-03-26T16:28:36.405+0000] {processor.py:153} INFO - Started process (PID=276) to work on /home/airflow/.local/lib/python3.7/site-packages/airflow/example_dags/tutorial.py
[2023-03-26T16:28:36.406+0000] {processor.py:743} INFO - Processing file /home/airflow/.local/lib/python3.7/site-packages/airflow/example_dags/tutorial.py for tasks to queue
[2023-03-26T16:28:36.406+0000] {logging_mixin.py:137} INFO - [2023-03-26T16:28:36.406+0000] {dagbag.py:532} INFO - Filling up the DagBag from /home/airflow/.local/lib/python3.7/site-packages/airflow/example_dags/tutorial.py
[2023-03-26T16:28:36.413+0000] {processor.py:753} INFO - DAG(s) dict_keys(['tutorial']) retrieved from /home/airflow/.local/lib/python3.7/site-packages/airflow/example_dags/tutorial.py
[2023-03-26T16:28:36.428+0000] {logging_mixin.py:137} INFO - [2023-03-26T16:28:36.428+0000] {dag.py:2693} INFO - Sync 1 DAGs
[2023-03-26T16:28:36.442+0000] {logging_mixin.py:137} INFO - [2023-03-26T16:28:36.442+0000] {dag.py:3444} INFO - Setting next_dagrun for tutorial to 2023-03-25T16:28:36.442225+00:00, run_after=2023-03-26T16:28:36.442225+00:00
[2023-03-26T16:28:36.455+0000] {processor.py:175} INFO - Processing /home/airflow/.local/lib/python3.7/site-packages/airflow/example_dags/tutorial.py took 0.052 seconds
[2023-03-26T16:48:47.966+0000] {processor.py:153} INFO - Started process (PID=77) to work on /home/airflow/.local/lib/python3.7/site-packages/airflow/example_dags/tutorial.py
[2023-03-26T16:48:47.967+0000] {processor.py:743} INFO - Processing file /home/airflow/.local/lib/python3.7/site-packages/airflow/example_dags/tutorial.py for tasks to queue
[2023-03-26T16:48:47.967+0000] {logging_mixin.py:137} INFO - [2023-03-26T16:48:47.967+0000] {dagbag.py:532} INFO - Filling up the DagBag from /home/airflow/.local/lib/python3.7/site-packages/airflow/example_dags/tutorial.py
[2023-03-26T16:48:47.978+0000] {processor.py:753} INFO - DAG(s) dict_keys(['tutorial']) retrieved from /home/airflow/.local/lib/python3.7/site-packages/airflow/example_dags/tutorial.py
[2023-03-26T16:48:47.986+0000] {logging_mixin.py:137} INFO - [2023-03-26T16:48:47.986+0000] {dag.py:2693} INFO - Sync 1 DAGs
[2023-03-26T16:48:48.002+0000] {logging_mixin.py:137} INFO - [2023-03-26T16:48:48.002+0000] {dag.py:3444} INFO - Setting next_dagrun for tutorial to 2023-03-25T16:48:48.002433+00:00, run_after=2023-03-26T16:48:48.002433+00:00
[2023-03-26T16:48:48.018+0000] {processor.py:175} INFO - Processing /home/airflow/.local/lib/python3.7/site-packages/airflow/example_dags/tutorial.py took 0.055 seconds
[2023-03-26T16:49:18.564+0000] {processor.py:153} INFO - Started process (PID=126) to work on /home/airflow/.local/lib/python3.7/site-packages/airflow/example_dags/tutorial.py
[2023-03-26T16:49:18.565+0000] {processor.py:743} INFO - Processing file /home/airflow/.local/lib/python3.7/site-packages/airflow/example_dags/tutorial.py for tasks to queue
[2023-03-26T16:49:18.565+0000] {logging_mixin.py:137} INFO - [2023-03-26T16:49:18.565+0000] {dagbag.py:532} INFO - Filling up the DagBag from /home/airflow/.local/lib/python3.7/site-packages/airflow/example_dags/tutorial.py
[2023-03-26T16:49:18.573+0000] {processor.py:753} INFO - DAG(s) dict_keys(['tutorial']) retrieved from /home/airflow/.local/lib/python3.7/site-packages/airflow/example_dags/tutorial.py
[2023-03-26T16:49:18.590+0000] {logging_mixin.py:137} INFO - [2023-03-26T16:49:18.589+0000] {dag.py:2693} INFO - Sync 1 DAGs
[2023-03-26T16:49:18.605+0000] {logging_mixin.py:137} INFO - [2023-03-26T16:49:18.605+0000] {dag.py:3444} INFO - Setting next_dagrun for tutorial to 2023-03-25T16:49:18.605042+00:00, run_after=2023-03-26T16:49:18.605042+00:00
[2023-03-26T16:49:18.618+0000] {processor.py:175} INFO - Processing /home/airflow/.local/lib/python3.7/site-packages/airflow/example_dags/tutorial.py took 0.056 seconds
[2023-03-26T16:49:49.137+0000] {processor.py:153} INFO - Started process (PID=175) to work on /home/airflow/.local/lib/python3.7/site-packages/airflow/example_dags/tutorial.py
[2023-03-26T16:49:49.138+0000] {processor.py:743} INFO - Processing file /home/airflow/.local/lib/python3.7/site-packages/airflow/example_dags/tutorial.py for tasks to queue
[2023-03-26T16:49:49.138+0000] {logging_mixin.py:137} INFO - [2023-03-26T16:49:49.138+0000] {dagbag.py:532} INFO - Filling up the DagBag from /home/airflow/.local/lib/python3.7/site-packages/airflow/example_dags/tutorial.py
[2023-03-26T16:49:49.146+0000] {processor.py:753} INFO - DAG(s) dict_keys(['tutorial']) retrieved from /home/airflow/.local/lib/python3.7/site-packages/airflow/example_dags/tutorial.py
[2023-03-26T16:49:49.161+0000] {logging_mixin.py:137} INFO - [2023-03-26T16:49:49.161+0000] {dag.py:2693} INFO - Sync 1 DAGs
[2023-03-26T16:49:49.175+0000] {logging_mixin.py:137} INFO - [2023-03-26T16:49:49.175+0000] {dag.py:3444} INFO - Setting next_dagrun for tutorial to 2023-03-25T16:49:49.175479+00:00, run_after=2023-03-26T16:49:49.175479+00:00
[2023-03-26T16:49:49.187+0000] {processor.py:175} INFO - Processing /home/airflow/.local/lib/python3.7/site-packages/airflow/example_dags/tutorial.py took 0.051 seconds
[2023-03-26T16:50:19.735+0000] {processor.py:153} INFO - Started process (PID=224) to work on /home/airflow/.local/lib/python3.7/site-packages/airflow/example_dags/tutorial.py
[2023-03-26T16:50:19.736+0000] {processor.py:743} INFO - Processing file /home/airflow/.local/lib/python3.7/site-packages/airflow/example_dags/tutorial.py for tasks to queue
[2023-03-26T16:50:19.736+0000] {logging_mixin.py:137} INFO - [2023-03-26T16:50:19.736+0000] {dagbag.py:532} INFO - Filling up the DagBag from /home/airflow/.local/lib/python3.7/site-packages/airflow/example_dags/tutorial.py
[2023-03-26T16:50:19.744+0000] {processor.py:753} INFO - DAG(s) dict_keys(['tutorial']) retrieved from /home/airflow/.local/lib/python3.7/site-packages/airflow/example_dags/tutorial.py
[2023-03-26T16:50:19.759+0000] {logging_mixin.py:137} INFO - [2023-03-26T16:50:19.759+0000] {dag.py:2693} INFO - Sync 1 DAGs
[2023-03-26T16:50:19.773+0000] {logging_mixin.py:137} INFO - [2023-03-26T16:50:19.773+0000] {dag.py:3444} INFO - Setting next_dagrun for tutorial to 2023-03-25T16:50:19.772971+00:00, run_after=2023-03-26T16:50:19.772971+00:00
[2023-03-26T16:50:19.786+0000] {processor.py:175} INFO - Processing /home/airflow/.local/lib/python3.7/site-packages/airflow/example_dags/tutorial.py took 0.053 seconds
[2023-03-26T16:50:50.320+0000] {processor.py:153} INFO - Started process (PID=273) to work on /home/airflow/.local/lib/python3.7/site-packages/airflow/example_dags/tutorial.py
[2023-03-26T16:50:50.320+0000] {processor.py:743} INFO - Processing file /home/airflow/.local/lib/python3.7/site-packages/airflow/example_dags/tutorial.py for tasks to queue
[2023-03-26T16:50:50.321+0000] {logging_mixin.py:137} INFO - [2023-03-26T16:50:50.321+0000] {dagbag.py:532} INFO - Filling up the DagBag from /home/airflow/.local/lib/python3.7/site-packages/airflow/example_dags/tutorial.py
[2023-03-26T16:50:50.328+0000] {processor.py:753} INFO - DAG(s) dict_keys(['tutorial']) retrieved from /home/airflow/.local/lib/python3.7/site-packages/airflow/example_dags/tutorial.py
[2023-03-26T16:50:50.344+0000] {logging_mixin.py:137} INFO - [2023-03-26T16:50:50.344+0000] {dag.py:2693} INFO - Sync 1 DAGs
[2023-03-26T16:50:50.358+0000] {logging_mixin.py:137} INFO - [2023-03-26T16:50:50.358+0000] {dag.py:3444} INFO - Setting next_dagrun for tutorial to 2023-03-25T16:50:50.358059+00:00, run_after=2023-03-26T16:50:50.358059+00:00
[2023-03-26T16:50:50.370+0000] {processor.py:175} INFO - Processing /home/airflow/.local/lib/python3.7/site-packages/airflow/example_dags/tutorial.py took 0.052 seconds
[2023-03-26T16:51:21.163+0000] {processor.py:153} INFO - Started process (PID=322) to work on /home/airflow/.local/lib/python3.7/site-packages/airflow/example_dags/tutorial.py
[2023-03-26T16:51:21.163+0000] {processor.py:743} INFO - Processing file /home/airflow/.local/lib/python3.7/site-packages/airflow/example_dags/tutorial.py for tasks to queue
[2023-03-26T16:51:21.164+0000] {logging_mixin.py:137} INFO - [2023-03-26T16:51:21.164+0000] {dagbag.py:532} INFO - Filling up the DagBag from /home/airflow/.local/lib/python3.7/site-packages/airflow/example_dags/tutorial.py
[2023-03-26T16:51:21.171+0000] {processor.py:753} INFO - DAG(s) dict_keys(['tutorial']) retrieved from /home/airflow/.local/lib/python3.7/site-packages/airflow/example_dags/tutorial.py
[2023-03-26T16:51:21.187+0000] {logging_mixin.py:137} INFO - [2023-03-26T16:51:21.187+0000] {dag.py:2693} INFO - Sync 1 DAGs
[2023-03-26T16:51:21.201+0000] {logging_mixin.py:137} INFO - [2023-03-26T16:51:21.201+0000] {dag.py:3444} INFO - Setting next_dagrun for tutorial to 2023-03-25T16:51:21.201735+00:00, run_after=2023-03-26T16:51:21.201735+00:00
[2023-03-26T16:51:21.216+0000] {processor.py:175} INFO - Processing /home/airflow/.local/lib/python3.7/site-packages/airflow/example_dags/tutorial.py took 0.055 seconds
[2023-03-26T16:51:51.895+0000] {processor.py:153} INFO - Started process (PID=371) to work on /home/airflow/.local/lib/python3.7/site-packages/airflow/example_dags/tutorial.py
[2023-03-26T16:51:51.895+0000] {processor.py:743} INFO - Processing file /home/airflow/.local/lib/python3.7/site-packages/airflow/example_dags/tutorial.py for tasks to queue
[2023-03-26T16:51:51.896+0000] {logging_mixin.py:137} INFO - [2023-03-26T16:51:51.896+0000] {dagbag.py:532} INFO - Filling up the DagBag from /home/airflow/.local/lib/python3.7/site-packages/airflow/example_dags/tutorial.py
[2023-03-26T16:51:51.904+0000] {processor.py:753} INFO - DAG(s) dict_keys(['tutorial']) retrieved from /home/airflow/.local/lib/python3.7/site-packages/airflow/example_dags/tutorial.py
[2023-03-26T16:51:51.919+0000] {logging_mixin.py:137} INFO - [2023-03-26T16:51:51.919+0000] {dag.py:2693} INFO - Sync 1 DAGs
[2023-03-26T16:51:51.934+0000] {logging_mixin.py:137} INFO - [2023-03-26T16:51:51.934+0000] {dag.py:3444} INFO - Setting next_dagrun for tutorial to 2023-03-25T16:51:51.934306+00:00, run_after=2023-03-26T16:51:51.934306+00:00
[2023-03-26T16:51:51.948+0000] {processor.py:175} INFO - Processing /home/airflow/.local/lib/python3.7/site-packages/airflow/example_dags/tutorial.py took 0.055 seconds
[2023-03-26T16:52:22.617+0000] {processor.py:153} INFO - Started process (PID=420) to work on /home/airflow/.local/lib/python3.7/site-packages/airflow/example_dags/tutorial.py
[2023-03-26T16:52:22.618+0000] {processor.py:743} INFO - Processing file /home/airflow/.local/lib/python3.7/site-packages/airflow/example_dags/tutorial.py for tasks to queue
[2023-03-26T16:52:22.618+0000] {logging_mixin.py:137} INFO - [2023-03-26T16:52:22.618+0000] {dagbag.py:532} INFO - Filling up the DagBag from /home/airflow/.local/lib/python3.7/site-packages/airflow/example_dags/tutorial.py
[2023-03-26T16:52:22.626+0000] {processor.py:753} INFO - DAG(s) dict_keys(['tutorial']) retrieved from /home/airflow/.local/lib/python3.7/site-packages/airflow/example_dags/tutorial.py
[2023-03-26T16:52:22.641+0000] {logging_mixin.py:137} INFO - [2023-03-26T16:52:22.641+0000] {dag.py:2693} INFO - Sync 1 DAGs
[2023-03-26T16:52:22.655+0000] {logging_mixin.py:137} INFO - [2023-03-26T16:52:22.655+0000] {dag.py:3444} INFO - Setting next_dagrun for tutorial to 2023-03-25T16:52:22.654885+00:00, run_after=2023-03-26T16:52:22.654885+00:00
[2023-03-26T16:52:22.667+0000] {processor.py:175} INFO - Processing /home/airflow/.local/lib/python3.7/site-packages/airflow/example_dags/tutorial.py took 0.052 seconds
[2023-03-26T16:52:53.141+0000] {processor.py:153} INFO - Started process (PID=469) to work on /home/airflow/.local/lib/python3.7/site-packages/airflow/example_dags/tutorial.py
[2023-03-26T16:52:53.141+0000] {processor.py:743} INFO - Processing file /home/airflow/.local/lib/python3.7/site-packages/airflow/example_dags/tutorial.py for tasks to queue
[2023-03-26T16:52:53.142+0000] {logging_mixin.py:137} INFO - [2023-03-26T16:52:53.141+0000] {dagbag.py:532} INFO - Filling up the DagBag from /home/airflow/.local/lib/python3.7/site-packages/airflow/example_dags/tutorial.py
[2023-03-26T16:52:53.149+0000] {processor.py:753} INFO - DAG(s) dict_keys(['tutorial']) retrieved from /home/airflow/.local/lib/python3.7/site-packages/airflow/example_dags/tutorial.py
[2023-03-26T16:52:53.163+0000] {logging_mixin.py:137} INFO - [2023-03-26T16:52:53.163+0000] {dag.py:2693} INFO - Sync 1 DAGs
[2023-03-26T16:52:53.177+0000] {logging_mixin.py:137} INFO - [2023-03-26T16:52:53.177+0000] {dag.py:3444} INFO - Setting next_dagrun for tutorial to 2023-03-25T16:52:53.176937+00:00, run_after=2023-03-26T16:52:53.176937+00:00
[2023-03-26T16:52:53.189+0000] {processor.py:175} INFO - Processing /home/airflow/.local/lib/python3.7/site-packages/airflow/example_dags/tutorial.py took 0.051 seconds
[2023-03-26T16:53:23.794+0000] {processor.py:153} INFO - Started process (PID=518) to work on /home/airflow/.local/lib/python3.7/site-packages/airflow/example_dags/tutorial.py
[2023-03-26T16:53:23.795+0000] {processor.py:743} INFO - Processing file /home/airflow/.local/lib/python3.7/site-packages/airflow/example_dags/tutorial.py for tasks to queue
[2023-03-26T16:53:23.795+0000] {logging_mixin.py:137} INFO - [2023-03-26T16:53:23.795+0000] {dagbag.py:532} INFO - Filling up the DagBag from /home/airflow/.local/lib/python3.7/site-packages/airflow/example_dags/tutorial.py
[2023-03-26T16:53:23.803+0000] {processor.py:753} INFO - DAG(s) dict_keys(['tutorial']) retrieved from /home/airflow/.local/lib/python3.7/site-packages/airflow/example_dags/tutorial.py
[2023-03-26T16:53:23.818+0000] {logging_mixin.py:137} INFO - [2023-03-26T16:53:23.818+0000] {dag.py:2693} INFO - Sync 1 DAGs
[2023-03-26T16:53:23.832+0000] {logging_mixin.py:137} INFO - [2023-03-26T16:53:23.832+0000] {dag.py:3444} INFO - Setting next_dagrun for tutorial to 2023-03-25T16:53:23.832252+00:00, run_after=2023-03-26T16:53:23.832252+00:00
[2023-03-26T16:53:23.846+0000] {processor.py:175} INFO - Processing /home/airflow/.local/lib/python3.7/site-packages/airflow/example_dags/tutorial.py took 0.054 seconds
[2023-03-26T16:53:54.517+0000] {processor.py:153} INFO - Started process (PID=567) to work on /home/airflow/.local/lib/python3.7/site-packages/airflow/example_dags/tutorial.py
[2023-03-26T16:53:54.518+0000] {processor.py:743} INFO - Processing file /home/airflow/.local/lib/python3.7/site-packages/airflow/example_dags/tutorial.py for tasks to queue
[2023-03-26T16:53:54.518+0000] {logging_mixin.py:137} INFO - [2023-03-26T16:53:54.518+0000] {dagbag.py:532} INFO - Filling up the DagBag from /home/airflow/.local/lib/python3.7/site-packages/airflow/example_dags/tutorial.py
[2023-03-26T16:53:54.530+0000] {processor.py:753} INFO - DAG(s) dict_keys(['tutorial']) retrieved from /home/airflow/.local/lib/python3.7/site-packages/airflow/example_dags/tutorial.py
[2023-03-26T16:53:54.567+0000] {logging_mixin.py:137} INFO - [2023-03-26T16:53:54.566+0000] {dag.py:2693} INFO - Sync 1 DAGs
[2023-03-26T16:53:54.581+0000] {logging_mixin.py:137} INFO - [2023-03-26T16:53:54.581+0000] {dag.py:3444} INFO - Setting next_dagrun for tutorial to 2023-03-25T16:53:54.581322+00:00, run_after=2023-03-26T16:53:54.581322+00:00
[2023-03-26T16:53:54.596+0000] {processor.py:175} INFO - Processing /home/airflow/.local/lib/python3.7/site-packages/airflow/example_dags/tutorial.py took 0.082 seconds
[2023-03-26T16:54:25.319+0000] {processor.py:153} INFO - Started process (PID=616) to work on /home/airflow/.local/lib/python3.7/site-packages/airflow/example_dags/tutorial.py
[2023-03-26T16:54:25.320+0000] {processor.py:743} INFO - Processing file /home/airflow/.local/lib/python3.7/site-packages/airflow/example_dags/tutorial.py for tasks to queue
[2023-03-26T16:54:25.320+0000] {logging_mixin.py:137} INFO - [2023-03-26T16:54:25.320+0000] {dagbag.py:532} INFO - Filling up the DagBag from /home/airflow/.local/lib/python3.7/site-packages/airflow/example_dags/tutorial.py
[2023-03-26T16:54:25.328+0000] {processor.py:753} INFO - DAG(s) dict_keys(['tutorial']) retrieved from /home/airflow/.local/lib/python3.7/site-packages/airflow/example_dags/tutorial.py
[2023-03-26T16:54:25.344+0000] {logging_mixin.py:137} INFO - [2023-03-26T16:54:25.343+0000] {dag.py:2693} INFO - Sync 1 DAGs
[2023-03-26T16:54:25.359+0000] {logging_mixin.py:137} INFO - [2023-03-26T16:54:25.359+0000] {dag.py:3444} INFO - Setting next_dagrun for tutorial to 2023-03-25T16:54:25.359517+00:00, run_after=2023-03-26T16:54:25.359517+00:00
[2023-03-26T16:54:25.373+0000] {processor.py:175} INFO - Processing /home/airflow/.local/lib/python3.7/site-packages/airflow/example_dags/tutorial.py took 0.056 seconds
[2023-03-26T16:54:56.155+0000] {processor.py:153} INFO - Started process (PID=665) to work on /home/airflow/.local/lib/python3.7/site-packages/airflow/example_dags/tutorial.py
[2023-03-26T16:54:56.156+0000] {processor.py:743} INFO - Processing file /home/airflow/.local/lib/python3.7/site-packages/airflow/example_dags/tutorial.py for tasks to queue
[2023-03-26T16:54:56.156+0000] {logging_mixin.py:137} INFO - [2023-03-26T16:54:56.156+0000] {dagbag.py:532} INFO - Filling up the DagBag from /home/airflow/.local/lib/python3.7/site-packages/airflow/example_dags/tutorial.py
[2023-03-26T16:54:56.163+0000] {processor.py:753} INFO - DAG(s) dict_keys(['tutorial']) retrieved from /home/airflow/.local/lib/python3.7/site-packages/airflow/example_dags/tutorial.py
[2023-03-26T16:54:56.178+0000] {logging_mixin.py:137} INFO - [2023-03-26T16:54:56.178+0000] {dag.py:2693} INFO - Sync 1 DAGs
[2023-03-26T16:54:56.192+0000] {logging_mixin.py:137} INFO - [2023-03-26T16:54:56.191+0000] {dag.py:3444} INFO - Setting next_dagrun for tutorial to 2023-03-25T16:54:56.191754+00:00, run_after=2023-03-26T16:54:56.191754+00:00
[2023-03-26T16:54:56.204+0000] {processor.py:175} INFO - Processing /home/airflow/.local/lib/python3.7/site-packages/airflow/example_dags/tutorial.py took 0.051 seconds
[2023-03-26T16:55:26.784+0000] {processor.py:153} INFO - Started process (PID=714) to work on /home/airflow/.local/lib/python3.7/site-packages/airflow/example_dags/tutorial.py
[2023-03-26T16:55:26.785+0000] {processor.py:743} INFO - Processing file /home/airflow/.local/lib/python3.7/site-packages/airflow/example_dags/tutorial.py for tasks to queue
[2023-03-26T16:55:26.785+0000] {logging_mixin.py:137} INFO - [2023-03-26T16:55:26.785+0000] {dagbag.py:532} INFO - Filling up the DagBag from /home/airflow/.local/lib/python3.7/site-packages/airflow/example_dags/tutorial.py
[2023-03-26T16:55:26.793+0000] {processor.py:753} INFO - DAG(s) dict_keys(['tutorial']) retrieved from /home/airflow/.local/lib/python3.7/site-packages/airflow/example_dags/tutorial.py
[2023-03-26T16:55:26.808+0000] {logging_mixin.py:137} INFO - [2023-03-26T16:55:26.808+0000] {dag.py:2693} INFO - Sync 1 DAGs
[2023-03-26T16:55:26.822+0000] {logging_mixin.py:137} INFO - [2023-03-26T16:55:26.821+0000] {dag.py:3444} INFO - Setting next_dagrun for tutorial to 2023-03-25T16:55:26.821822+00:00, run_after=2023-03-26T16:55:26.821822+00:00
[2023-03-26T16:55:26.835+0000] {processor.py:175} INFO - Processing /home/airflow/.local/lib/python3.7/site-packages/airflow/example_dags/tutorial.py took 0.053 seconds
[2023-03-26T16:55:57.335+0000] {processor.py:153} INFO - Started process (PID=763) to work on /home/airflow/.local/lib/python3.7/site-packages/airflow/example_dags/tutorial.py
[2023-03-26T16:55:57.336+0000] {processor.py:743} INFO - Processing file /home/airflow/.local/lib/python3.7/site-packages/airflow/example_dags/tutorial.py for tasks to queue
[2023-03-26T16:55:57.336+0000] {logging_mixin.py:137} INFO - [2023-03-26T16:55:57.336+0000] {dagbag.py:532} INFO - Filling up the DagBag from /home/airflow/.local/lib/python3.7/site-packages/airflow/example_dags/tutorial.py
[2023-03-26T16:55:57.344+0000] {processor.py:753} INFO - DAG(s) dict_keys(['tutorial']) retrieved from /home/airflow/.local/lib/python3.7/site-packages/airflow/example_dags/tutorial.py
[2023-03-26T16:55:57.358+0000] {logging_mixin.py:137} INFO - [2023-03-26T16:55:57.358+0000] {dag.py:2693} INFO - Sync 1 DAGs
[2023-03-26T16:55:57.372+0000] {logging_mixin.py:137} INFO - [2023-03-26T16:55:57.372+0000] {dag.py:3444} INFO - Setting next_dagrun for tutorial to 2023-03-25T16:55:57.372212+00:00, run_after=2023-03-26T16:55:57.372212+00:00
[2023-03-26T16:55:57.386+0000] {processor.py:175} INFO - Processing /home/airflow/.local/lib/python3.7/site-packages/airflow/example_dags/tutorial.py took 0.053 seconds
[2023-03-26T16:56:28.112+0000] {processor.py:153} INFO - Started process (PID=812) to work on /home/airflow/.local/lib/python3.7/site-packages/airflow/example_dags/tutorial.py
[2023-03-26T16:56:28.113+0000] {processor.py:743} INFO - Processing file /home/airflow/.local/lib/python3.7/site-packages/airflow/example_dags/tutorial.py for tasks to queue
[2023-03-26T16:56:28.113+0000] {logging_mixin.py:137} INFO - [2023-03-26T16:56:28.113+0000] {dagbag.py:532} INFO - Filling up the DagBag from /home/airflow/.local/lib/python3.7/site-packages/airflow/example_dags/tutorial.py
[2023-03-26T16:56:28.121+0000] {processor.py:753} INFO - DAG(s) dict_keys(['tutorial']) retrieved from /home/airflow/.local/lib/python3.7/site-packages/airflow/example_dags/tutorial.py
[2023-03-26T16:56:28.135+0000] {logging_mixin.py:137} INFO - [2023-03-26T16:56:28.135+0000] {dag.py:2693} INFO - Sync 1 DAGs
[2023-03-26T16:56:28.149+0000] {logging_mixin.py:137} INFO - [2023-03-26T16:56:28.149+0000] {dag.py:3444} INFO - Setting next_dagrun for tutorial to 2023-03-25T16:56:28.148844+00:00, run_after=2023-03-26T16:56:28.148844+00:00
[2023-03-26T16:56:28.161+0000] {processor.py:175} INFO - Processing /home/airflow/.local/lib/python3.7/site-packages/airflow/example_dags/tutorial.py took 0.051 seconds
[2023-03-26T16:56:58.806+0000] {processor.py:153} INFO - Started process (PID=861) to work on /home/airflow/.local/lib/python3.7/site-packages/airflow/example_dags/tutorial.py
[2023-03-26T16:56:58.807+0000] {processor.py:743} INFO - Processing file /home/airflow/.local/lib/python3.7/site-packages/airflow/example_dags/tutorial.py for tasks to queue
[2023-03-26T16:56:58.807+0000] {logging_mixin.py:137} INFO - [2023-03-26T16:56:58.807+0000] {dagbag.py:532} INFO - Filling up the DagBag from /home/airflow/.local/lib/python3.7/site-packages/airflow/example_dags/tutorial.py
[2023-03-26T16:56:58.814+0000] {processor.py:753} INFO - DAG(s) dict_keys(['tutorial']) retrieved from /home/airflow/.local/lib/python3.7/site-packages/airflow/example_dags/tutorial.py
[2023-03-26T16:56:58.830+0000] {logging_mixin.py:137} INFO - [2023-03-26T16:56:58.830+0000] {dag.py:2693} INFO - Sync 1 DAGs
[2023-03-26T16:56:58.843+0000] {logging_mixin.py:137} INFO - [2023-03-26T16:56:58.843+0000] {dag.py:3444} INFO - Setting next_dagrun for tutorial to 2023-03-25T16:56:58.843548+00:00, run_after=2023-03-26T16:56:58.843548+00:00
[2023-03-26T16:56:58.857+0000] {processor.py:175} INFO - Processing /home/airflow/.local/lib/python3.7/site-packages/airflow/example_dags/tutorial.py took 0.053 seconds
[2023-03-26T16:57:29.319+0000] {processor.py:153} INFO - Started process (PID=910) to work on /home/airflow/.local/lib/python3.7/site-packages/airflow/example_dags/tutorial.py
[2023-03-26T16:57:29.320+0000] {processor.py:743} INFO - Processing file /home/airflow/.local/lib/python3.7/site-packages/airflow/example_dags/tutorial.py for tasks to queue
[2023-03-26T16:57:29.320+0000] {logging_mixin.py:137} INFO - [2023-03-26T16:57:29.320+0000] {dagbag.py:532} INFO - Filling up the DagBag from /home/airflow/.local/lib/python3.7/site-packages/airflow/example_dags/tutorial.py
[2023-03-26T16:57:29.328+0000] {processor.py:753} INFO - DAG(s) dict_keys(['tutorial']) retrieved from /home/airflow/.local/lib/python3.7/site-packages/airflow/example_dags/tutorial.py
[2023-03-26T16:57:29.343+0000] {logging_mixin.py:137} INFO - [2023-03-26T16:57:29.343+0000] {dag.py:2693} INFO - Sync 1 DAGs
[2023-03-26T16:57:29.357+0000] {logging_mixin.py:137} INFO - [2023-03-26T16:57:29.357+0000] {dag.py:3444} INFO - Setting next_dagrun for tutorial to 2023-03-25T16:57:29.357210+00:00, run_after=2023-03-26T16:57:29.357210+00:00
[2023-03-26T16:57:29.369+0000] {processor.py:175} INFO - Processing /home/airflow/.local/lib/python3.7/site-packages/airflow/example_dags/tutorial.py took 0.052 seconds
[2023-03-26T16:57:59.951+0000] {processor.py:153} INFO - Started process (PID=959) to work on /home/airflow/.local/lib/python3.7/site-packages/airflow/example_dags/tutorial.py
[2023-03-26T16:57:59.951+0000] {processor.py:743} INFO - Processing file /home/airflow/.local/lib/python3.7/site-packages/airflow/example_dags/tutorial.py for tasks to queue
[2023-03-26T16:57:59.952+0000] {logging_mixin.py:137} INFO - [2023-03-26T16:57:59.951+0000] {dagbag.py:532} INFO - Filling up the DagBag from /home/airflow/.local/lib/python3.7/site-packages/airflow/example_dags/tutorial.py
[2023-03-26T16:57:59.959+0000] {processor.py:753} INFO - DAG(s) dict_keys(['tutorial']) retrieved from /home/airflow/.local/lib/python3.7/site-packages/airflow/example_dags/tutorial.py
[2023-03-26T16:57:59.976+0000] {logging_mixin.py:137} INFO - [2023-03-26T16:57:59.976+0000] {dag.py:2693} INFO - Sync 1 DAGs
[2023-03-26T16:57:59.990+0000] {logging_mixin.py:137} INFO - [2023-03-26T16:57:59.990+0000] {dag.py:3444} INFO - Setting next_dagrun for tutorial to 2023-03-25T16:57:59.989974+00:00, run_after=2023-03-26T16:57:59.989974+00:00
[2023-03-26T16:58:00.005+0000] {processor.py:175} INFO - Processing /home/airflow/.local/lib/python3.7/site-packages/airflow/example_dags/tutorial.py took 0.056 seconds
[2023-03-26T16:58:30.751+0000] {processor.py:153} INFO - Started process (PID=1008) to work on /home/airflow/.local/lib/python3.7/site-packages/airflow/example_dags/tutorial.py
[2023-03-26T16:58:30.752+0000] {processor.py:743} INFO - Processing file /home/airflow/.local/lib/python3.7/site-packages/airflow/example_dags/tutorial.py for tasks to queue
[2023-03-26T16:58:30.752+0000] {logging_mixin.py:137} INFO - [2023-03-26T16:58:30.752+0000] {dagbag.py:532} INFO - Filling up the DagBag from /home/airflow/.local/lib/python3.7/site-packages/airflow/example_dags/tutorial.py
[2023-03-26T16:58:30.761+0000] {processor.py:753} INFO - DAG(s) dict_keys(['tutorial']) retrieved from /home/airflow/.local/lib/python3.7/site-packages/airflow/example_dags/tutorial.py
[2023-03-26T16:58:30.777+0000] {logging_mixin.py:137} INFO - [2023-03-26T16:58:30.777+0000] {dag.py:2693} INFO - Sync 1 DAGs
[2023-03-26T16:58:30.791+0000] {logging_mixin.py:137} INFO - [2023-03-26T16:58:30.791+0000] {dag.py:3444} INFO - Setting next_dagrun for tutorial to 2023-03-25T16:58:30.791170+00:00, run_after=2023-03-26T16:58:30.791170+00:00
[2023-03-26T16:58:30.802+0000] {processor.py:175} INFO - Processing /home/airflow/.local/lib/python3.7/site-packages/airflow/example_dags/tutorial.py took 0.053 seconds
[2023-03-26T16:59:01.511+0000] {processor.py:153} INFO - Started process (PID=1057) to work on /home/airflow/.local/lib/python3.7/site-packages/airflow/example_dags/tutorial.py
[2023-03-26T16:59:01.511+0000] {processor.py:743} INFO - Processing file /home/airflow/.local/lib/python3.7/site-packages/airflow/example_dags/tutorial.py for tasks to queue
[2023-03-26T16:59:01.511+0000] {logging_mixin.py:137} INFO - [2023-03-26T16:59:01.511+0000] {dagbag.py:532} INFO - Filling up the DagBag from /home/airflow/.local/lib/python3.7/site-packages/airflow/example_dags/tutorial.py
[2023-03-26T16:59:01.519+0000] {processor.py:753} INFO - DAG(s) dict_keys(['tutorial']) retrieved from /home/airflow/.local/lib/python3.7/site-packages/airflow/example_dags/tutorial.py
[2023-03-26T16:59:01.535+0000] {logging_mixin.py:137} INFO - [2023-03-26T16:59:01.535+0000] {dag.py:2693} INFO - Sync 1 DAGs
[2023-03-26T16:59:01.549+0000] {logging_mixin.py:137} INFO - [2023-03-26T16:59:01.548+0000] {dag.py:3444} INFO - Setting next_dagrun for tutorial to 2023-03-25T16:59:01.548762+00:00, run_after=2023-03-26T16:59:01.548762+00:00
[2023-03-26T16:59:01.565+0000] {processor.py:175} INFO - Processing /home/airflow/.local/lib/python3.7/site-packages/airflow/example_dags/tutorial.py took 0.057 seconds
[2023-03-26T16:59:32.171+0000] {processor.py:153} INFO - Started process (PID=1106) to work on /home/airflow/.local/lib/python3.7/site-packages/airflow/example_dags/tutorial.py
[2023-03-26T16:59:32.172+0000] {processor.py:743} INFO - Processing file /home/airflow/.local/lib/python3.7/site-packages/airflow/example_dags/tutorial.py for tasks to queue
[2023-03-26T16:59:32.172+0000] {logging_mixin.py:137} INFO - [2023-03-26T16:59:32.172+0000] {dagbag.py:532} INFO - Filling up the DagBag from /home/airflow/.local/lib/python3.7/site-packages/airflow/example_dags/tutorial.py
[2023-03-26T16:59:32.180+0000] {processor.py:753} INFO - DAG(s) dict_keys(['tutorial']) retrieved from /home/airflow/.local/lib/python3.7/site-packages/airflow/example_dags/tutorial.py
[2023-03-26T16:59:32.195+0000] {logging_mixin.py:137} INFO - [2023-03-26T16:59:32.195+0000] {dag.py:2693} INFO - Sync 1 DAGs
[2023-03-26T16:59:32.209+0000] {logging_mixin.py:137} INFO - [2023-03-26T16:59:32.209+0000] {dag.py:3444} INFO - Setting next_dagrun for tutorial to 2023-03-25T16:59:32.209526+00:00, run_after=2023-03-26T16:59:32.209526+00:00
[2023-03-26T16:59:32.224+0000] {processor.py:175} INFO - Processing /home/airflow/.local/lib/python3.7/site-packages/airflow/example_dags/tutorial.py took 0.055 seconds
[2023-03-26T17:00:02.809+0000] {processor.py:153} INFO - Started process (PID=1155) to work on /home/airflow/.local/lib/python3.7/site-packages/airflow/example_dags/tutorial.py
[2023-03-26T17:00:02.810+0000] {processor.py:743} INFO - Processing file /home/airflow/.local/lib/python3.7/site-packages/airflow/example_dags/tutorial.py for tasks to queue
[2023-03-26T17:00:02.810+0000] {logging_mixin.py:137} INFO - [2023-03-26T17:00:02.810+0000] {dagbag.py:532} INFO - Filling up the DagBag from /home/airflow/.local/lib/python3.7/site-packages/airflow/example_dags/tutorial.py
[2023-03-26T17:00:02.817+0000] {processor.py:753} INFO - DAG(s) dict_keys(['tutorial']) retrieved from /home/airflow/.local/lib/python3.7/site-packages/airflow/example_dags/tutorial.py
[2023-03-26T17:00:02.833+0000] {logging_mixin.py:137} INFO - [2023-03-26T17:00:02.833+0000] {dag.py:2693} INFO - Sync 1 DAGs
[2023-03-26T17:00:02.848+0000] {logging_mixin.py:137} INFO - [2023-03-26T17:00:02.848+0000] {dag.py:3444} INFO - Setting next_dagrun for tutorial to 2023-03-25T17:00:02.848478+00:00, run_after=2023-03-26T17:00:02.848478+00:00
[2023-03-26T17:00:02.861+0000] {processor.py:175} INFO - Processing /home/airflow/.local/lib/python3.7/site-packages/airflow/example_dags/tutorial.py took 0.054 seconds
[2023-03-26T17:00:33.569+0000] {processor.py:153} INFO - Started process (PID=1204) to work on /home/airflow/.local/lib/python3.7/site-packages/airflow/example_dags/tutorial.py
[2023-03-26T17:00:33.570+0000] {processor.py:743} INFO - Processing file /home/airflow/.local/lib/python3.7/site-packages/airflow/example_dags/tutorial.py for tasks to queue
[2023-03-26T17:00:33.570+0000] {logging_mixin.py:137} INFO - [2023-03-26T17:00:33.570+0000] {dagbag.py:532} INFO - Filling up the DagBag from /home/airflow/.local/lib/python3.7/site-packages/airflow/example_dags/tutorial.py
[2023-03-26T17:00:33.579+0000] {processor.py:753} INFO - DAG(s) dict_keys(['tutorial']) retrieved from /home/airflow/.local/lib/python3.7/site-packages/airflow/example_dags/tutorial.py
[2023-03-26T17:00:33.596+0000] {logging_mixin.py:137} INFO - [2023-03-26T17:00:33.596+0000] {dag.py:2693} INFO - Sync 1 DAGs
[2023-03-26T17:00:33.611+0000] {logging_mixin.py:137} INFO - [2023-03-26T17:00:33.611+0000] {dag.py:3444} INFO - Setting next_dagrun for tutorial to 2023-03-25T17:00:33.611368+00:00, run_after=2023-03-26T17:00:33.611368+00:00
[2023-03-26T17:00:33.625+0000] {processor.py:175} INFO - Processing /home/airflow/.local/lib/python3.7/site-packages/airflow/example_dags/tutorial.py took 0.058 seconds
