[2023-03-26T16:04:04.000+0000] {processor.py:153} INFO - Started process (PID=78) to work on /home/airflow/.local/lib/python3.7/site-packages/airflow/example_dags/tutorial_dag.py
[2023-03-26T16:04:04.001+0000] {processor.py:743} INFO - Processing file /home/airflow/.local/lib/python3.7/site-packages/airflow/example_dags/tutorial_dag.py for tasks to queue
[2023-03-26T16:04:04.001+0000] {logging_mixin.py:137} INFO - [2023-03-26T16:04:04.001+0000] {dagbag.py:532} INFO - Filling up the DagBag from /home/airflow/.local/lib/python3.7/site-packages/airflow/example_dags/tutorial_dag.py
[2023-03-26T16:04:04.010+0000] {processor.py:753} INFO - DAG(s) dict_keys(['tutorial_dag']) retrieved from /home/airflow/.local/lib/python3.7/site-packages/airflow/example_dags/tutorial_dag.py
[2023-03-26T16:04:04.086+0000] {logging_mixin.py:137} INFO - [2023-03-26T16:04:04.085+0000] {manager.py:504} INFO - Created Permission View: can read on DAG:tutorial_dag
[2023-03-26T16:04:04.093+0000] {logging_mixin.py:137} INFO - [2023-03-26T16:04:04.093+0000] {manager.py:504} INFO - Created Permission View: can edit on DAG:tutorial_dag
[2023-03-26T16:04:04.101+0000] {logging_mixin.py:137} INFO - [2023-03-26T16:04:04.100+0000] {manager.py:504} INFO - Created Permission View: can delete on DAG:tutorial_dag
[2023-03-26T16:04:04.101+0000] {logging_mixin.py:137} INFO - [2023-03-26T16:04:04.101+0000] {dag.py:2693} INFO - Sync 1 DAGs
[2023-03-26T16:04:04.108+0000] {logging_mixin.py:137} INFO - [2023-03-26T16:04:04.108+0000] {dag.py:2714} INFO - Creating ORM DAG for tutorial_dag
[2023-03-26T16:04:04.114+0000] {logging_mixin.py:137} INFO - [2023-03-26T16:04:04.114+0000] {dag.py:3444} INFO - Setting next_dagrun for tutorial_dag to None, run_after=None
[2023-03-26T16:04:04.128+0000] {processor.py:175} INFO - Processing /home/airflow/.local/lib/python3.7/site-packages/airflow/example_dags/tutorial_dag.py took 0.129 seconds
[2023-03-26T16:04:34.770+0000] {processor.py:153} INFO - Started process (PID=127) to work on /home/airflow/.local/lib/python3.7/site-packages/airflow/example_dags/tutorial_dag.py
[2023-03-26T16:04:34.771+0000] {processor.py:743} INFO - Processing file /home/airflow/.local/lib/python3.7/site-packages/airflow/example_dags/tutorial_dag.py for tasks to queue
[2023-03-26T16:04:34.771+0000] {logging_mixin.py:137} INFO - [2023-03-26T16:04:34.771+0000] {dagbag.py:532} INFO - Filling up the DagBag from /home/airflow/.local/lib/python3.7/site-packages/airflow/example_dags/tutorial_dag.py
[2023-03-26T16:04:34.778+0000] {processor.py:753} INFO - DAG(s) dict_keys(['tutorial_dag']) retrieved from /home/airflow/.local/lib/python3.7/site-packages/airflow/example_dags/tutorial_dag.py
[2023-03-26T16:04:34.793+0000] {logging_mixin.py:137} INFO - [2023-03-26T16:04:34.793+0000] {dag.py:2693} INFO - Sync 1 DAGs
[2023-03-26T16:04:34.808+0000] {logging_mixin.py:137} INFO - [2023-03-26T16:04:34.808+0000] {dag.py:3444} INFO - Setting next_dagrun for tutorial_dag to None, run_after=None
[2023-03-26T16:04:34.822+0000] {processor.py:175} INFO - Processing /home/airflow/.local/lib/python3.7/site-packages/airflow/example_dags/tutorial_dag.py took 0.053 seconds
[2023-03-26T16:05:05.386+0000] {processor.py:153} INFO - Started process (PID=176) to work on /home/airflow/.local/lib/python3.7/site-packages/airflow/example_dags/tutorial_dag.py
[2023-03-26T16:05:05.387+0000] {processor.py:743} INFO - Processing file /home/airflow/.local/lib/python3.7/site-packages/airflow/example_dags/tutorial_dag.py for tasks to queue
[2023-03-26T16:05:05.387+0000] {logging_mixin.py:137} INFO - [2023-03-26T16:05:05.387+0000] {dagbag.py:532} INFO - Filling up the DagBag from /home/airflow/.local/lib/python3.7/site-packages/airflow/example_dags/tutorial_dag.py
[2023-03-26T16:05:05.394+0000] {processor.py:753} INFO - DAG(s) dict_keys(['tutorial_dag']) retrieved from /home/airflow/.local/lib/python3.7/site-packages/airflow/example_dags/tutorial_dag.py
[2023-03-26T16:05:05.408+0000] {logging_mixin.py:137} INFO - [2023-03-26T16:05:05.408+0000] {dag.py:2693} INFO - Sync 1 DAGs
[2023-03-26T16:05:05.422+0000] {logging_mixin.py:137} INFO - [2023-03-26T16:05:05.422+0000] {dag.py:3444} INFO - Setting next_dagrun for tutorial_dag to None, run_after=None
[2023-03-26T16:05:05.436+0000] {processor.py:175} INFO - Processing /home/airflow/.local/lib/python3.7/site-packages/airflow/example_dags/tutorial_dag.py took 0.052 seconds
[2023-03-26T16:05:35.967+0000] {processor.py:153} INFO - Started process (PID=224) to work on /home/airflow/.local/lib/python3.7/site-packages/airflow/example_dags/tutorial_dag.py
[2023-03-26T16:05:35.967+0000] {processor.py:743} INFO - Processing file /home/airflow/.local/lib/python3.7/site-packages/airflow/example_dags/tutorial_dag.py for tasks to queue
[2023-03-26T16:05:35.968+0000] {logging_mixin.py:137} INFO - [2023-03-26T16:05:35.968+0000] {dagbag.py:532} INFO - Filling up the DagBag from /home/airflow/.local/lib/python3.7/site-packages/airflow/example_dags/tutorial_dag.py
[2023-03-26T16:05:35.975+0000] {processor.py:753} INFO - DAG(s) dict_keys(['tutorial_dag']) retrieved from /home/airflow/.local/lib/python3.7/site-packages/airflow/example_dags/tutorial_dag.py
[2023-03-26T16:05:35.990+0000] {logging_mixin.py:137} INFO - [2023-03-26T16:05:35.990+0000] {dag.py:2693} INFO - Sync 1 DAGs
[2023-03-26T16:05:36.004+0000] {logging_mixin.py:137} INFO - [2023-03-26T16:05:36.004+0000] {dag.py:3444} INFO - Setting next_dagrun for tutorial_dag to None, run_after=None
[2023-03-26T16:05:36.015+0000] {processor.py:175} INFO - Processing /home/airflow/.local/lib/python3.7/site-packages/airflow/example_dags/tutorial_dag.py took 0.050 seconds
[2023-03-26T16:06:06.602+0000] {processor.py:153} INFO - Started process (PID=273) to work on /home/airflow/.local/lib/python3.7/site-packages/airflow/example_dags/tutorial_dag.py
[2023-03-26T16:06:06.603+0000] {processor.py:743} INFO - Processing file /home/airflow/.local/lib/python3.7/site-packages/airflow/example_dags/tutorial_dag.py for tasks to queue
[2023-03-26T16:06:06.603+0000] {logging_mixin.py:137} INFO - [2023-03-26T16:06:06.603+0000] {dagbag.py:532} INFO - Filling up the DagBag from /home/airflow/.local/lib/python3.7/site-packages/airflow/example_dags/tutorial_dag.py
[2023-03-26T16:06:06.610+0000] {processor.py:753} INFO - DAG(s) dict_keys(['tutorial_dag']) retrieved from /home/airflow/.local/lib/python3.7/site-packages/airflow/example_dags/tutorial_dag.py
[2023-03-26T16:06:06.625+0000] {logging_mixin.py:137} INFO - [2023-03-26T16:06:06.625+0000] {dag.py:2693} INFO - Sync 1 DAGs
[2023-03-26T16:06:06.639+0000] {logging_mixin.py:137} INFO - [2023-03-26T16:06:06.639+0000] {dag.py:3444} INFO - Setting next_dagrun for tutorial_dag to None, run_after=None
[2023-03-26T16:06:06.654+0000] {processor.py:175} INFO - Processing /home/airflow/.local/lib/python3.7/site-packages/airflow/example_dags/tutorial_dag.py took 0.054 seconds
[2023-03-26T16:06:37.201+0000] {processor.py:153} INFO - Started process (PID=322) to work on /home/airflow/.local/lib/python3.7/site-packages/airflow/example_dags/tutorial_dag.py
[2023-03-26T16:06:37.202+0000] {processor.py:743} INFO - Processing file /home/airflow/.local/lib/python3.7/site-packages/airflow/example_dags/tutorial_dag.py for tasks to queue
[2023-03-26T16:06:37.202+0000] {logging_mixin.py:137} INFO - [2023-03-26T16:06:37.202+0000] {dagbag.py:532} INFO - Filling up the DagBag from /home/airflow/.local/lib/python3.7/site-packages/airflow/example_dags/tutorial_dag.py
[2023-03-26T16:06:37.209+0000] {processor.py:753} INFO - DAG(s) dict_keys(['tutorial_dag']) retrieved from /home/airflow/.local/lib/python3.7/site-packages/airflow/example_dags/tutorial_dag.py
[2023-03-26T16:06:37.225+0000] {logging_mixin.py:137} INFO - [2023-03-26T16:06:37.225+0000] {dag.py:2693} INFO - Sync 1 DAGs
[2023-03-26T16:06:37.239+0000] {logging_mixin.py:137} INFO - [2023-03-26T16:06:37.239+0000] {dag.py:3444} INFO - Setting next_dagrun for tutorial_dag to None, run_after=None
[2023-03-26T16:06:37.253+0000] {processor.py:175} INFO - Processing /home/airflow/.local/lib/python3.7/site-packages/airflow/example_dags/tutorial_dag.py took 0.053 seconds
[2023-03-26T16:07:07.846+0000] {processor.py:153} INFO - Started process (PID=371) to work on /home/airflow/.local/lib/python3.7/site-packages/airflow/example_dags/tutorial_dag.py
[2023-03-26T16:07:07.847+0000] {processor.py:743} INFO - Processing file /home/airflow/.local/lib/python3.7/site-packages/airflow/example_dags/tutorial_dag.py for tasks to queue
[2023-03-26T16:07:07.847+0000] {logging_mixin.py:137} INFO - [2023-03-26T16:07:07.847+0000] {dagbag.py:532} INFO - Filling up the DagBag from /home/airflow/.local/lib/python3.7/site-packages/airflow/example_dags/tutorial_dag.py
[2023-03-26T16:07:07.854+0000] {processor.py:753} INFO - DAG(s) dict_keys(['tutorial_dag']) retrieved from /home/airflow/.local/lib/python3.7/site-packages/airflow/example_dags/tutorial_dag.py
[2023-03-26T16:07:07.870+0000] {logging_mixin.py:137} INFO - [2023-03-26T16:07:07.870+0000] {dag.py:2693} INFO - Sync 1 DAGs
[2023-03-26T16:07:07.883+0000] {logging_mixin.py:137} INFO - [2023-03-26T16:07:07.883+0000] {dag.py:3444} INFO - Setting next_dagrun for tutorial_dag to None, run_after=None
[2023-03-26T16:07:07.897+0000] {processor.py:175} INFO - Processing /home/airflow/.local/lib/python3.7/site-packages/airflow/example_dags/tutorial_dag.py took 0.052 seconds
[2023-03-26T16:07:38.498+0000] {processor.py:153} INFO - Started process (PID=420) to work on /home/airflow/.local/lib/python3.7/site-packages/airflow/example_dags/tutorial_dag.py
[2023-03-26T16:07:38.499+0000] {processor.py:743} INFO - Processing file /home/airflow/.local/lib/python3.7/site-packages/airflow/example_dags/tutorial_dag.py for tasks to queue
[2023-03-26T16:07:38.499+0000] {logging_mixin.py:137} INFO - [2023-03-26T16:07:38.499+0000] {dagbag.py:532} INFO - Filling up the DagBag from /home/airflow/.local/lib/python3.7/site-packages/airflow/example_dags/tutorial_dag.py
[2023-03-26T16:07:38.506+0000] {processor.py:753} INFO - DAG(s) dict_keys(['tutorial_dag']) retrieved from /home/airflow/.local/lib/python3.7/site-packages/airflow/example_dags/tutorial_dag.py
[2023-03-26T16:07:38.522+0000] {logging_mixin.py:137} INFO - [2023-03-26T16:07:38.522+0000] {dag.py:2693} INFO - Sync 1 DAGs
[2023-03-26T16:07:38.537+0000] {logging_mixin.py:137} INFO - [2023-03-26T16:07:38.537+0000] {dag.py:3444} INFO - Setting next_dagrun for tutorial_dag to None, run_after=None
[2023-03-26T16:07:38.550+0000] {processor.py:175} INFO - Processing /home/airflow/.local/lib/python3.7/site-packages/airflow/example_dags/tutorial_dag.py took 0.054 seconds
[2023-03-26T16:08:09.107+0000] {processor.py:153} INFO - Started process (PID=469) to work on /home/airflow/.local/lib/python3.7/site-packages/airflow/example_dags/tutorial_dag.py
[2023-03-26T16:08:09.108+0000] {processor.py:743} INFO - Processing file /home/airflow/.local/lib/python3.7/site-packages/airflow/example_dags/tutorial_dag.py for tasks to queue
[2023-03-26T16:08:09.108+0000] {logging_mixin.py:137} INFO - [2023-03-26T16:08:09.108+0000] {dagbag.py:532} INFO - Filling up the DagBag from /home/airflow/.local/lib/python3.7/site-packages/airflow/example_dags/tutorial_dag.py
[2023-03-26T16:08:09.116+0000] {processor.py:753} INFO - DAG(s) dict_keys(['tutorial_dag']) retrieved from /home/airflow/.local/lib/python3.7/site-packages/airflow/example_dags/tutorial_dag.py
[2023-03-26T16:08:09.130+0000] {logging_mixin.py:137} INFO - [2023-03-26T16:08:09.130+0000] {dag.py:2693} INFO - Sync 1 DAGs
[2023-03-26T16:08:09.144+0000] {logging_mixin.py:137} INFO - [2023-03-26T16:08:09.144+0000] {dag.py:3444} INFO - Setting next_dagrun for tutorial_dag to None, run_after=None
[2023-03-26T16:08:09.157+0000] {processor.py:175} INFO - Processing /home/airflow/.local/lib/python3.7/site-packages/airflow/example_dags/tutorial_dag.py took 0.052 seconds
[2023-03-26T16:08:39.836+0000] {processor.py:153} INFO - Started process (PID=518) to work on /home/airflow/.local/lib/python3.7/site-packages/airflow/example_dags/tutorial_dag.py
[2023-03-26T16:08:39.836+0000] {processor.py:743} INFO - Processing file /home/airflow/.local/lib/python3.7/site-packages/airflow/example_dags/tutorial_dag.py for tasks to queue
[2023-03-26T16:08:39.837+0000] {logging_mixin.py:137} INFO - [2023-03-26T16:08:39.837+0000] {dagbag.py:532} INFO - Filling up the DagBag from /home/airflow/.local/lib/python3.7/site-packages/airflow/example_dags/tutorial_dag.py
[2023-03-26T16:08:39.845+0000] {processor.py:753} INFO - DAG(s) dict_keys(['tutorial_dag']) retrieved from /home/airflow/.local/lib/python3.7/site-packages/airflow/example_dags/tutorial_dag.py
[2023-03-26T16:08:39.863+0000] {logging_mixin.py:137} INFO - [2023-03-26T16:08:39.863+0000] {dag.py:2693} INFO - Sync 1 DAGs
[2023-03-26T16:08:39.880+0000] {logging_mixin.py:137} INFO - [2023-03-26T16:08:39.880+0000] {dag.py:3444} INFO - Setting next_dagrun for tutorial_dag to None, run_after=None
[2023-03-26T16:08:39.894+0000] {processor.py:175} INFO - Processing /home/airflow/.local/lib/python3.7/site-packages/airflow/example_dags/tutorial_dag.py took 0.060 seconds
[2023-03-26T16:13:00.487+0000] {processor.py:153} INFO - Started process (PID=78) to work on /home/airflow/.local/lib/python3.7/site-packages/airflow/example_dags/tutorial_dag.py
[2023-03-26T16:13:00.488+0000] {processor.py:743} INFO - Processing file /home/airflow/.local/lib/python3.7/site-packages/airflow/example_dags/tutorial_dag.py for tasks to queue
[2023-03-26T16:13:00.488+0000] {logging_mixin.py:137} INFO - [2023-03-26T16:13:00.488+0000] {dagbag.py:532} INFO - Filling up the DagBag from /home/airflow/.local/lib/python3.7/site-packages/airflow/example_dags/tutorial_dag.py
[2023-03-26T16:13:00.498+0000] {processor.py:753} INFO - DAG(s) dict_keys(['tutorial_dag']) retrieved from /home/airflow/.local/lib/python3.7/site-packages/airflow/example_dags/tutorial_dag.py
[2023-03-26T16:13:00.506+0000] {logging_mixin.py:137} INFO - [2023-03-26T16:13:00.506+0000] {dag.py:2693} INFO - Sync 1 DAGs
[2023-03-26T16:13:00.523+0000] {logging_mixin.py:137} INFO - [2023-03-26T16:13:00.522+0000] {dag.py:3444} INFO - Setting next_dagrun for tutorial_dag to None, run_after=None
[2023-03-26T16:13:00.539+0000] {processor.py:175} INFO - Processing /home/airflow/.local/lib/python3.7/site-packages/airflow/example_dags/tutorial_dag.py took 0.054 seconds
[2023-03-26T16:13:31.056+0000] {processor.py:153} INFO - Started process (PID=127) to work on /home/airflow/.local/lib/python3.7/site-packages/airflow/example_dags/tutorial_dag.py
[2023-03-26T16:13:31.056+0000] {processor.py:743} INFO - Processing file /home/airflow/.local/lib/python3.7/site-packages/airflow/example_dags/tutorial_dag.py for tasks to queue
[2023-03-26T16:13:31.056+0000] {logging_mixin.py:137} INFO - [2023-03-26T16:13:31.056+0000] {dagbag.py:532} INFO - Filling up the DagBag from /home/airflow/.local/lib/python3.7/site-packages/airflow/example_dags/tutorial_dag.py
[2023-03-26T16:13:31.063+0000] {processor.py:753} INFO - DAG(s) dict_keys(['tutorial_dag']) retrieved from /home/airflow/.local/lib/python3.7/site-packages/airflow/example_dags/tutorial_dag.py
[2023-03-26T16:13:31.079+0000] {logging_mixin.py:137} INFO - [2023-03-26T16:13:31.079+0000] {dag.py:2693} INFO - Sync 1 DAGs
[2023-03-26T16:13:31.094+0000] {logging_mixin.py:137} INFO - [2023-03-26T16:13:31.094+0000] {dag.py:3444} INFO - Setting next_dagrun for tutorial_dag to None, run_after=None
[2023-03-26T16:13:31.109+0000] {processor.py:175} INFO - Processing /home/airflow/.local/lib/python3.7/site-packages/airflow/example_dags/tutorial_dag.py took 0.056 seconds
[2023-03-26T16:17:29.399+0000] {processor.py:153} INFO - Started process (PID=78) to work on /home/airflow/.local/lib/python3.7/site-packages/airflow/example_dags/tutorial_dag.py
[2023-03-26T16:17:29.400+0000] {processor.py:743} INFO - Processing file /home/airflow/.local/lib/python3.7/site-packages/airflow/example_dags/tutorial_dag.py for tasks to queue
[2023-03-26T16:17:29.400+0000] {logging_mixin.py:137} INFO - [2023-03-26T16:17:29.400+0000] {dagbag.py:532} INFO - Filling up the DagBag from /home/airflow/.local/lib/python3.7/site-packages/airflow/example_dags/tutorial_dag.py
[2023-03-26T16:17:29.409+0000] {processor.py:753} INFO - DAG(s) dict_keys(['tutorial_dag']) retrieved from /home/airflow/.local/lib/python3.7/site-packages/airflow/example_dags/tutorial_dag.py
[2023-03-26T16:17:29.417+0000] {logging_mixin.py:137} INFO - [2023-03-26T16:17:29.417+0000] {dag.py:2693} INFO - Sync 1 DAGs
[2023-03-26T16:17:29.433+0000] {logging_mixin.py:137} INFO - [2023-03-26T16:17:29.433+0000] {dag.py:3444} INFO - Setting next_dagrun for tutorial_dag to None, run_after=None
[2023-03-26T16:17:29.449+0000] {processor.py:175} INFO - Processing /home/airflow/.local/lib/python3.7/site-packages/airflow/example_dags/tutorial_dag.py took 0.052 seconds
[2023-03-26T16:18:00.201+0000] {processor.py:153} INFO - Started process (PID=127) to work on /home/airflow/.local/lib/python3.7/site-packages/airflow/example_dags/tutorial_dag.py
[2023-03-26T16:18:00.201+0000] {processor.py:743} INFO - Processing file /home/airflow/.local/lib/python3.7/site-packages/airflow/example_dags/tutorial_dag.py for tasks to queue
[2023-03-26T16:18:00.202+0000] {logging_mixin.py:137} INFO - [2023-03-26T16:18:00.202+0000] {dagbag.py:532} INFO - Filling up the DagBag from /home/airflow/.local/lib/python3.7/site-packages/airflow/example_dags/tutorial_dag.py
[2023-03-26T16:18:00.209+0000] {processor.py:753} INFO - DAG(s) dict_keys(['tutorial_dag']) retrieved from /home/airflow/.local/lib/python3.7/site-packages/airflow/example_dags/tutorial_dag.py
[2023-03-26T16:18:00.224+0000] {logging_mixin.py:137} INFO - [2023-03-26T16:18:00.224+0000] {dag.py:2693} INFO - Sync 1 DAGs
[2023-03-26T16:18:00.238+0000] {logging_mixin.py:137} INFO - [2023-03-26T16:18:00.238+0000] {dag.py:3444} INFO - Setting next_dagrun for tutorial_dag to None, run_after=None
[2023-03-26T16:18:00.251+0000] {processor.py:175} INFO - Processing /home/airflow/.local/lib/python3.7/site-packages/airflow/example_dags/tutorial_dag.py took 0.052 seconds
[2023-03-26T16:18:30.850+0000] {processor.py:153} INFO - Started process (PID=176) to work on /home/airflow/.local/lib/python3.7/site-packages/airflow/example_dags/tutorial_dag.py
[2023-03-26T16:18:30.850+0000] {processor.py:743} INFO - Processing file /home/airflow/.local/lib/python3.7/site-packages/airflow/example_dags/tutorial_dag.py for tasks to queue
[2023-03-26T16:18:30.850+0000] {logging_mixin.py:137} INFO - [2023-03-26T16:18:30.850+0000] {dagbag.py:532} INFO - Filling up the DagBag from /home/airflow/.local/lib/python3.7/site-packages/airflow/example_dags/tutorial_dag.py
[2023-03-26T16:18:30.858+0000] {processor.py:753} INFO - DAG(s) dict_keys(['tutorial_dag']) retrieved from /home/airflow/.local/lib/python3.7/site-packages/airflow/example_dags/tutorial_dag.py
[2023-03-26T16:18:30.875+0000] {logging_mixin.py:137} INFO - [2023-03-26T16:18:30.875+0000] {dag.py:2693} INFO - Sync 1 DAGs
[2023-03-26T16:18:30.891+0000] {logging_mixin.py:137} INFO - [2023-03-26T16:18:30.891+0000] {dag.py:3444} INFO - Setting next_dagrun for tutorial_dag to None, run_after=None
[2023-03-26T16:18:30.906+0000] {processor.py:175} INFO - Processing /home/airflow/.local/lib/python3.7/site-packages/airflow/example_dags/tutorial_dag.py took 0.058 seconds
[2023-03-26T16:19:01.545+0000] {processor.py:153} INFO - Started process (PID=225) to work on /home/airflow/.local/lib/python3.7/site-packages/airflow/example_dags/tutorial_dag.py
[2023-03-26T16:19:01.546+0000] {processor.py:743} INFO - Processing file /home/airflow/.local/lib/python3.7/site-packages/airflow/example_dags/tutorial_dag.py for tasks to queue
[2023-03-26T16:19:01.546+0000] {logging_mixin.py:137} INFO - [2023-03-26T16:19:01.546+0000] {dagbag.py:532} INFO - Filling up the DagBag from /home/airflow/.local/lib/python3.7/site-packages/airflow/example_dags/tutorial_dag.py
[2023-03-26T16:19:01.553+0000] {processor.py:753} INFO - DAG(s) dict_keys(['tutorial_dag']) retrieved from /home/airflow/.local/lib/python3.7/site-packages/airflow/example_dags/tutorial_dag.py
[2023-03-26T16:19:01.569+0000] {logging_mixin.py:137} INFO - [2023-03-26T16:19:01.569+0000] {dag.py:2693} INFO - Sync 1 DAGs
[2023-03-26T16:19:01.583+0000] {logging_mixin.py:137} INFO - [2023-03-26T16:19:01.583+0000] {dag.py:3444} INFO - Setting next_dagrun for tutorial_dag to None, run_after=None
[2023-03-26T16:19:01.602+0000] {processor.py:175} INFO - Processing /home/airflow/.local/lib/python3.7/site-packages/airflow/example_dags/tutorial_dag.py took 0.059 seconds
[2023-03-26T16:19:32.228+0000] {processor.py:153} INFO - Started process (PID=274) to work on /home/airflow/.local/lib/python3.7/site-packages/airflow/example_dags/tutorial_dag.py
[2023-03-26T16:19:32.229+0000] {processor.py:743} INFO - Processing file /home/airflow/.local/lib/python3.7/site-packages/airflow/example_dags/tutorial_dag.py for tasks to queue
[2023-03-26T16:19:32.229+0000] {logging_mixin.py:137} INFO - [2023-03-26T16:19:32.229+0000] {dagbag.py:532} INFO - Filling up the DagBag from /home/airflow/.local/lib/python3.7/site-packages/airflow/example_dags/tutorial_dag.py
[2023-03-26T16:19:32.236+0000] {processor.py:753} INFO - DAG(s) dict_keys(['tutorial_dag']) retrieved from /home/airflow/.local/lib/python3.7/site-packages/airflow/example_dags/tutorial_dag.py
[2023-03-26T16:19:32.251+0000] {logging_mixin.py:137} INFO - [2023-03-26T16:19:32.251+0000] {dag.py:2693} INFO - Sync 1 DAGs
[2023-03-26T16:19:32.265+0000] {logging_mixin.py:137} INFO - [2023-03-26T16:19:32.265+0000] {dag.py:3444} INFO - Setting next_dagrun for tutorial_dag to None, run_after=None
[2023-03-26T16:19:32.278+0000] {processor.py:175} INFO - Processing /home/airflow/.local/lib/python3.7/site-packages/airflow/example_dags/tutorial_dag.py took 0.052 seconds
[2023-03-26T16:20:02.950+0000] {processor.py:153} INFO - Started process (PID=323) to work on /home/airflow/.local/lib/python3.7/site-packages/airflow/example_dags/tutorial_dag.py
[2023-03-26T16:20:02.951+0000] {processor.py:743} INFO - Processing file /home/airflow/.local/lib/python3.7/site-packages/airflow/example_dags/tutorial_dag.py for tasks to queue
[2023-03-26T16:20:02.951+0000] {logging_mixin.py:137} INFO - [2023-03-26T16:20:02.951+0000] {dagbag.py:532} INFO - Filling up the DagBag from /home/airflow/.local/lib/python3.7/site-packages/airflow/example_dags/tutorial_dag.py
[2023-03-26T16:20:02.958+0000] {processor.py:753} INFO - DAG(s) dict_keys(['tutorial_dag']) retrieved from /home/airflow/.local/lib/python3.7/site-packages/airflow/example_dags/tutorial_dag.py
[2023-03-26T16:20:02.973+0000] {logging_mixin.py:137} INFO - [2023-03-26T16:20:02.973+0000] {dag.py:2693} INFO - Sync 1 DAGs
[2023-03-26T16:20:02.988+0000] {logging_mixin.py:137} INFO - [2023-03-26T16:20:02.987+0000] {dag.py:3444} INFO - Setting next_dagrun for tutorial_dag to None, run_after=None
[2023-03-26T16:20:03.001+0000] {processor.py:175} INFO - Processing /home/airflow/.local/lib/python3.7/site-packages/airflow/example_dags/tutorial_dag.py took 0.053 seconds
[2023-03-26T16:20:33.556+0000] {processor.py:153} INFO - Started process (PID=372) to work on /home/airflow/.local/lib/python3.7/site-packages/airflow/example_dags/tutorial_dag.py
[2023-03-26T16:20:33.557+0000] {processor.py:743} INFO - Processing file /home/airflow/.local/lib/python3.7/site-packages/airflow/example_dags/tutorial_dag.py for tasks to queue
[2023-03-26T16:20:33.557+0000] {logging_mixin.py:137} INFO - [2023-03-26T16:20:33.557+0000] {dagbag.py:532} INFO - Filling up the DagBag from /home/airflow/.local/lib/python3.7/site-packages/airflow/example_dags/tutorial_dag.py
[2023-03-26T16:20:33.564+0000] {processor.py:753} INFO - DAG(s) dict_keys(['tutorial_dag']) retrieved from /home/airflow/.local/lib/python3.7/site-packages/airflow/example_dags/tutorial_dag.py
[2023-03-26T16:20:33.580+0000] {logging_mixin.py:137} INFO - [2023-03-26T16:20:33.580+0000] {dag.py:2693} INFO - Sync 1 DAGs
[2023-03-26T16:20:33.595+0000] {logging_mixin.py:137} INFO - [2023-03-26T16:20:33.595+0000] {dag.py:3444} INFO - Setting next_dagrun for tutorial_dag to None, run_after=None
[2023-03-26T16:20:33.609+0000] {processor.py:175} INFO - Processing /home/airflow/.local/lib/python3.7/site-packages/airflow/example_dags/tutorial_dag.py took 0.055 seconds
[2023-03-26T16:21:04.175+0000] {processor.py:153} INFO - Started process (PID=422) to work on /home/airflow/.local/lib/python3.7/site-packages/airflow/example_dags/tutorial_dag.py
[2023-03-26T16:21:04.175+0000] {processor.py:743} INFO - Processing file /home/airflow/.local/lib/python3.7/site-packages/airflow/example_dags/tutorial_dag.py for tasks to queue
[2023-03-26T16:21:04.176+0000] {logging_mixin.py:137} INFO - [2023-03-26T16:21:04.176+0000] {dagbag.py:532} INFO - Filling up the DagBag from /home/airflow/.local/lib/python3.7/site-packages/airflow/example_dags/tutorial_dag.py
[2023-03-26T16:21:04.183+0000] {processor.py:753} INFO - DAG(s) dict_keys(['tutorial_dag']) retrieved from /home/airflow/.local/lib/python3.7/site-packages/airflow/example_dags/tutorial_dag.py
[2023-03-26T16:21:04.199+0000] {logging_mixin.py:137} INFO - [2023-03-26T16:21:04.198+0000] {dag.py:2693} INFO - Sync 1 DAGs
[2023-03-26T16:21:04.212+0000] {logging_mixin.py:137} INFO - [2023-03-26T16:21:04.212+0000] {dag.py:3444} INFO - Setting next_dagrun for tutorial_dag to None, run_after=None
[2023-03-26T16:21:04.225+0000] {processor.py:175} INFO - Processing /home/airflow/.local/lib/python3.7/site-packages/airflow/example_dags/tutorial_dag.py took 0.052 seconds
[2023-03-26T16:21:34.840+0000] {processor.py:153} INFO - Started process (PID=471) to work on /home/airflow/.local/lib/python3.7/site-packages/airflow/example_dags/tutorial_dag.py
[2023-03-26T16:21:34.841+0000] {processor.py:743} INFO - Processing file /home/airflow/.local/lib/python3.7/site-packages/airflow/example_dags/tutorial_dag.py for tasks to queue
[2023-03-26T16:21:34.841+0000] {logging_mixin.py:137} INFO - [2023-03-26T16:21:34.841+0000] {dagbag.py:532} INFO - Filling up the DagBag from /home/airflow/.local/lib/python3.7/site-packages/airflow/example_dags/tutorial_dag.py
[2023-03-26T16:21:34.849+0000] {processor.py:753} INFO - DAG(s) dict_keys(['tutorial_dag']) retrieved from /home/airflow/.local/lib/python3.7/site-packages/airflow/example_dags/tutorial_dag.py
[2023-03-26T16:21:34.867+0000] {logging_mixin.py:137} INFO - [2023-03-26T16:21:34.867+0000] {dag.py:2693} INFO - Sync 1 DAGs
[2023-03-26T16:21:34.883+0000] {logging_mixin.py:137} INFO - [2023-03-26T16:21:34.882+0000] {dag.py:3444} INFO - Setting next_dagrun for tutorial_dag to None, run_after=None
[2023-03-26T16:21:34.898+0000] {processor.py:175} INFO - Processing /home/airflow/.local/lib/python3.7/site-packages/airflow/example_dags/tutorial_dag.py took 0.060 seconds
[2023-03-26T16:22:05.545+0000] {processor.py:153} INFO - Started process (PID=520) to work on /home/airflow/.local/lib/python3.7/site-packages/airflow/example_dags/tutorial_dag.py
[2023-03-26T16:22:05.546+0000] {processor.py:743} INFO - Processing file /home/airflow/.local/lib/python3.7/site-packages/airflow/example_dags/tutorial_dag.py for tasks to queue
[2023-03-26T16:22:05.547+0000] {logging_mixin.py:137} INFO - [2023-03-26T16:22:05.546+0000] {dagbag.py:532} INFO - Filling up the DagBag from /home/airflow/.local/lib/python3.7/site-packages/airflow/example_dags/tutorial_dag.py
[2023-03-26T16:22:05.554+0000] {processor.py:753} INFO - DAG(s) dict_keys(['tutorial_dag']) retrieved from /home/airflow/.local/lib/python3.7/site-packages/airflow/example_dags/tutorial_dag.py
[2023-03-26T16:22:05.571+0000] {logging_mixin.py:137} INFO - [2023-03-26T16:22:05.571+0000] {dag.py:2693} INFO - Sync 1 DAGs
[2023-03-26T16:22:05.587+0000] {logging_mixin.py:137} INFO - [2023-03-26T16:22:05.587+0000] {dag.py:3444} INFO - Setting next_dagrun for tutorial_dag to None, run_after=None
[2023-03-26T16:22:05.601+0000] {processor.py:175} INFO - Processing /home/airflow/.local/lib/python3.7/site-packages/airflow/example_dags/tutorial_dag.py took 0.058 seconds
[2023-03-26T16:22:36.523+0000] {processor.py:153} INFO - Started process (PID=569) to work on /home/airflow/.local/lib/python3.7/site-packages/airflow/example_dags/tutorial_dag.py
[2023-03-26T16:22:36.524+0000] {processor.py:743} INFO - Processing file /home/airflow/.local/lib/python3.7/site-packages/airflow/example_dags/tutorial_dag.py for tasks to queue
[2023-03-26T16:22:36.524+0000] {logging_mixin.py:137} INFO - [2023-03-26T16:22:36.524+0000] {dagbag.py:532} INFO - Filling up the DagBag from /home/airflow/.local/lib/python3.7/site-packages/airflow/example_dags/tutorial_dag.py
[2023-03-26T16:22:36.532+0000] {processor.py:753} INFO - DAG(s) dict_keys(['tutorial_dag']) retrieved from /home/airflow/.local/lib/python3.7/site-packages/airflow/example_dags/tutorial_dag.py
[2023-03-26T16:22:36.547+0000] {logging_mixin.py:137} INFO - [2023-03-26T16:22:36.547+0000] {dag.py:2693} INFO - Sync 1 DAGs
[2023-03-26T16:22:36.561+0000] {logging_mixin.py:137} INFO - [2023-03-26T16:22:36.561+0000] {dag.py:3444} INFO - Setting next_dagrun for tutorial_dag to None, run_after=None
[2023-03-26T16:22:36.575+0000] {processor.py:175} INFO - Processing /home/airflow/.local/lib/python3.7/site-packages/airflow/example_dags/tutorial_dag.py took 0.054 seconds
[2023-03-26T16:23:07.454+0000] {processor.py:153} INFO - Started process (PID=618) to work on /home/airflow/.local/lib/python3.7/site-packages/airflow/example_dags/tutorial_dag.py
[2023-03-26T16:23:07.454+0000] {processor.py:743} INFO - Processing file /home/airflow/.local/lib/python3.7/site-packages/airflow/example_dags/tutorial_dag.py for tasks to queue
[2023-03-26T16:23:07.454+0000] {logging_mixin.py:137} INFO - [2023-03-26T16:23:07.454+0000] {dagbag.py:532} INFO - Filling up the DagBag from /home/airflow/.local/lib/python3.7/site-packages/airflow/example_dags/tutorial_dag.py
[2023-03-26T16:23:07.462+0000] {processor.py:753} INFO - DAG(s) dict_keys(['tutorial_dag']) retrieved from /home/airflow/.local/lib/python3.7/site-packages/airflow/example_dags/tutorial_dag.py
[2023-03-26T16:23:07.488+0000] {logging_mixin.py:137} INFO - [2023-03-26T16:23:07.488+0000] {dag.py:2693} INFO - Sync 1 DAGs
[2023-03-26T16:23:07.510+0000] {logging_mixin.py:137} INFO - [2023-03-26T16:23:07.510+0000] {dag.py:3444} INFO - Setting next_dagrun for tutorial_dag to None, run_after=None
[2023-03-26T16:23:07.535+0000] {processor.py:175} INFO - Processing /home/airflow/.local/lib/python3.7/site-packages/airflow/example_dags/tutorial_dag.py took 0.084 seconds
[2023-03-26T16:23:38.215+0000] {processor.py:153} INFO - Started process (PID=667) to work on /home/airflow/.local/lib/python3.7/site-packages/airflow/example_dags/tutorial_dag.py
[2023-03-26T16:23:38.216+0000] {processor.py:743} INFO - Processing file /home/airflow/.local/lib/python3.7/site-packages/airflow/example_dags/tutorial_dag.py for tasks to queue
[2023-03-26T16:23:38.216+0000] {logging_mixin.py:137} INFO - [2023-03-26T16:23:38.216+0000] {dagbag.py:532} INFO - Filling up the DagBag from /home/airflow/.local/lib/python3.7/site-packages/airflow/example_dags/tutorial_dag.py
[2023-03-26T16:23:38.223+0000] {processor.py:753} INFO - DAG(s) dict_keys(['tutorial_dag']) retrieved from /home/airflow/.local/lib/python3.7/site-packages/airflow/example_dags/tutorial_dag.py
[2023-03-26T16:23:38.241+0000] {logging_mixin.py:137} INFO - [2023-03-26T16:23:38.241+0000] {dag.py:2693} INFO - Sync 1 DAGs
[2023-03-26T16:23:38.256+0000] {logging_mixin.py:137} INFO - [2023-03-26T16:23:38.255+0000] {dag.py:3444} INFO - Setting next_dagrun for tutorial_dag to None, run_after=None
[2023-03-26T16:23:38.270+0000] {processor.py:175} INFO - Processing /home/airflow/.local/lib/python3.7/site-packages/airflow/example_dags/tutorial_dag.py took 0.057 seconds
[2023-03-26T16:24:08.930+0000] {processor.py:153} INFO - Started process (PID=716) to work on /home/airflow/.local/lib/python3.7/site-packages/airflow/example_dags/tutorial_dag.py
[2023-03-26T16:24:08.930+0000] {processor.py:743} INFO - Processing file /home/airflow/.local/lib/python3.7/site-packages/airflow/example_dags/tutorial_dag.py for tasks to queue
[2023-03-26T16:24:08.931+0000] {logging_mixin.py:137} INFO - [2023-03-26T16:24:08.931+0000] {dagbag.py:532} INFO - Filling up the DagBag from /home/airflow/.local/lib/python3.7/site-packages/airflow/example_dags/tutorial_dag.py
[2023-03-26T16:24:08.938+0000] {processor.py:753} INFO - DAG(s) dict_keys(['tutorial_dag']) retrieved from /home/airflow/.local/lib/python3.7/site-packages/airflow/example_dags/tutorial_dag.py
[2023-03-26T16:24:08.953+0000] {logging_mixin.py:137} INFO - [2023-03-26T16:24:08.953+0000] {dag.py:2693} INFO - Sync 1 DAGs
[2023-03-26T16:24:08.967+0000] {logging_mixin.py:137} INFO - [2023-03-26T16:24:08.967+0000] {dag.py:3444} INFO - Setting next_dagrun for tutorial_dag to None, run_after=None
[2023-03-26T16:24:08.982+0000] {processor.py:175} INFO - Processing /home/airflow/.local/lib/python3.7/site-packages/airflow/example_dags/tutorial_dag.py took 0.054 seconds
[2023-03-26T16:24:39.728+0000] {processor.py:153} INFO - Started process (PID=765) to work on /home/airflow/.local/lib/python3.7/site-packages/airflow/example_dags/tutorial_dag.py
[2023-03-26T16:24:39.728+0000] {processor.py:743} INFO - Processing file /home/airflow/.local/lib/python3.7/site-packages/airflow/example_dags/tutorial_dag.py for tasks to queue
[2023-03-26T16:24:39.729+0000] {logging_mixin.py:137} INFO - [2023-03-26T16:24:39.729+0000] {dagbag.py:532} INFO - Filling up the DagBag from /home/airflow/.local/lib/python3.7/site-packages/airflow/example_dags/tutorial_dag.py
[2023-03-26T16:24:39.736+0000] {processor.py:753} INFO - DAG(s) dict_keys(['tutorial_dag']) retrieved from /home/airflow/.local/lib/python3.7/site-packages/airflow/example_dags/tutorial_dag.py
[2023-03-26T16:24:39.751+0000] {logging_mixin.py:137} INFO - [2023-03-26T16:24:39.751+0000] {dag.py:2693} INFO - Sync 1 DAGs
[2023-03-26T16:24:39.765+0000] {logging_mixin.py:137} INFO - [2023-03-26T16:24:39.765+0000] {dag.py:3444} INFO - Setting next_dagrun for tutorial_dag to None, run_after=None
[2023-03-26T16:24:39.779+0000] {processor.py:175} INFO - Processing /home/airflow/.local/lib/python3.7/site-packages/airflow/example_dags/tutorial_dag.py took 0.053 seconds
[2023-03-26T16:25:10.451+0000] {processor.py:153} INFO - Started process (PID=814) to work on /home/airflow/.local/lib/python3.7/site-packages/airflow/example_dags/tutorial_dag.py
[2023-03-26T16:25:10.451+0000] {processor.py:743} INFO - Processing file /home/airflow/.local/lib/python3.7/site-packages/airflow/example_dags/tutorial_dag.py for tasks to queue
[2023-03-26T16:25:10.451+0000] {logging_mixin.py:137} INFO - [2023-03-26T16:25:10.451+0000] {dagbag.py:532} INFO - Filling up the DagBag from /home/airflow/.local/lib/python3.7/site-packages/airflow/example_dags/tutorial_dag.py
[2023-03-26T16:25:10.458+0000] {processor.py:753} INFO - DAG(s) dict_keys(['tutorial_dag']) retrieved from /home/airflow/.local/lib/python3.7/site-packages/airflow/example_dags/tutorial_dag.py
[2023-03-26T16:25:10.475+0000] {logging_mixin.py:137} INFO - [2023-03-26T16:25:10.475+0000] {dag.py:2693} INFO - Sync 1 DAGs
[2023-03-26T16:25:10.489+0000] {logging_mixin.py:137} INFO - [2023-03-26T16:25:10.489+0000] {dag.py:3444} INFO - Setting next_dagrun for tutorial_dag to None, run_after=None
[2023-03-26T16:25:10.502+0000] {processor.py:175} INFO - Processing /home/airflow/.local/lib/python3.7/site-packages/airflow/example_dags/tutorial_dag.py took 0.053 seconds
[2023-03-26T16:25:41.074+0000] {processor.py:153} INFO - Started process (PID=863) to work on /home/airflow/.local/lib/python3.7/site-packages/airflow/example_dags/tutorial_dag.py
[2023-03-26T16:25:41.075+0000] {processor.py:743} INFO - Processing file /home/airflow/.local/lib/python3.7/site-packages/airflow/example_dags/tutorial_dag.py for tasks to queue
[2023-03-26T16:25:41.075+0000] {logging_mixin.py:137} INFO - [2023-03-26T16:25:41.075+0000] {dagbag.py:532} INFO - Filling up the DagBag from /home/airflow/.local/lib/python3.7/site-packages/airflow/example_dags/tutorial_dag.py
[2023-03-26T16:25:41.082+0000] {processor.py:753} INFO - DAG(s) dict_keys(['tutorial_dag']) retrieved from /home/airflow/.local/lib/python3.7/site-packages/airflow/example_dags/tutorial_dag.py
[2023-03-26T16:25:41.097+0000] {logging_mixin.py:137} INFO - [2023-03-26T16:25:41.097+0000] {dag.py:2693} INFO - Sync 1 DAGs
[2023-03-26T16:25:41.111+0000] {logging_mixin.py:137} INFO - [2023-03-26T16:25:41.111+0000] {dag.py:3444} INFO - Setting next_dagrun for tutorial_dag to None, run_after=None
[2023-03-26T16:25:41.125+0000] {processor.py:175} INFO - Processing /home/airflow/.local/lib/python3.7/site-packages/airflow/example_dags/tutorial_dag.py took 0.053 seconds
[2023-03-26T16:26:33.787+0000] {processor.py:153} INFO - Started process (PID=79) to work on /home/airflow/.local/lib/python3.7/site-packages/airflow/example_dags/tutorial_dag.py
[2023-03-26T16:26:33.788+0000] {processor.py:743} INFO - Processing file /home/airflow/.local/lib/python3.7/site-packages/airflow/example_dags/tutorial_dag.py for tasks to queue
[2023-03-26T16:26:33.788+0000] {logging_mixin.py:137} INFO - [2023-03-26T16:26:33.788+0000] {dagbag.py:532} INFO - Filling up the DagBag from /home/airflow/.local/lib/python3.7/site-packages/airflow/example_dags/tutorial_dag.py
[2023-03-26T16:26:33.798+0000] {processor.py:753} INFO - DAG(s) dict_keys(['tutorial_dag']) retrieved from /home/airflow/.local/lib/python3.7/site-packages/airflow/example_dags/tutorial_dag.py
[2023-03-26T16:26:33.807+0000] {logging_mixin.py:137} INFO - [2023-03-26T16:26:33.807+0000] {dag.py:2693} INFO - Sync 1 DAGs
[2023-03-26T16:26:33.823+0000] {logging_mixin.py:137} INFO - [2023-03-26T16:26:33.823+0000] {dag.py:3444} INFO - Setting next_dagrun for tutorial_dag to None, run_after=None
[2023-03-26T16:26:33.838+0000] {processor.py:175} INFO - Processing /home/airflow/.local/lib/python3.7/site-packages/airflow/example_dags/tutorial_dag.py took 0.053 seconds
[2023-03-26T16:27:04.387+0000] {processor.py:153} INFO - Started process (PID=129) to work on /home/airflow/.local/lib/python3.7/site-packages/airflow/example_dags/tutorial_dag.py
[2023-03-26T16:27:04.388+0000] {processor.py:743} INFO - Processing file /home/airflow/.local/lib/python3.7/site-packages/airflow/example_dags/tutorial_dag.py for tasks to queue
[2023-03-26T16:27:04.388+0000] {logging_mixin.py:137} INFO - [2023-03-26T16:27:04.388+0000] {dagbag.py:532} INFO - Filling up the DagBag from /home/airflow/.local/lib/python3.7/site-packages/airflow/example_dags/tutorial_dag.py
[2023-03-26T16:27:04.395+0000] {processor.py:753} INFO - DAG(s) dict_keys(['tutorial_dag']) retrieved from /home/airflow/.local/lib/python3.7/site-packages/airflow/example_dags/tutorial_dag.py
[2023-03-26T16:27:04.410+0000] {logging_mixin.py:137} INFO - [2023-03-26T16:27:04.409+0000] {dag.py:2693} INFO - Sync 1 DAGs
[2023-03-26T16:27:04.423+0000] {logging_mixin.py:137} INFO - [2023-03-26T16:27:04.423+0000] {dag.py:3444} INFO - Setting next_dagrun for tutorial_dag to None, run_after=None
[2023-03-26T16:27:04.437+0000] {processor.py:175} INFO - Processing /home/airflow/.local/lib/python3.7/site-packages/airflow/example_dags/tutorial_dag.py took 0.052 seconds
[2023-03-26T16:27:35.183+0000] {processor.py:153} INFO - Started process (PID=179) to work on /home/airflow/.local/lib/python3.7/site-packages/airflow/example_dags/tutorial_dag.py
[2023-03-26T16:27:35.184+0000] {processor.py:743} INFO - Processing file /home/airflow/.local/lib/python3.7/site-packages/airflow/example_dags/tutorial_dag.py for tasks to queue
[2023-03-26T16:27:35.184+0000] {logging_mixin.py:137} INFO - [2023-03-26T16:27:35.184+0000] {dagbag.py:532} INFO - Filling up the DagBag from /home/airflow/.local/lib/python3.7/site-packages/airflow/example_dags/tutorial_dag.py
[2023-03-26T16:27:35.191+0000] {processor.py:753} INFO - DAG(s) dict_keys(['tutorial_dag']) retrieved from /home/airflow/.local/lib/python3.7/site-packages/airflow/example_dags/tutorial_dag.py
[2023-03-26T16:27:35.206+0000] {logging_mixin.py:137} INFO - [2023-03-26T16:27:35.206+0000] {dag.py:2693} INFO - Sync 1 DAGs
[2023-03-26T16:27:35.219+0000] {logging_mixin.py:137} INFO - [2023-03-26T16:27:35.219+0000] {dag.py:3444} INFO - Setting next_dagrun for tutorial_dag to None, run_after=None
[2023-03-26T16:27:35.231+0000] {processor.py:175} INFO - Processing /home/airflow/.local/lib/python3.7/site-packages/airflow/example_dags/tutorial_dag.py took 0.050 seconds
[2023-03-26T16:28:05.794+0000] {processor.py:153} INFO - Started process (PID=228) to work on /home/airflow/.local/lib/python3.7/site-packages/airflow/example_dags/tutorial_dag.py
[2023-03-26T16:28:05.795+0000] {processor.py:743} INFO - Processing file /home/airflow/.local/lib/python3.7/site-packages/airflow/example_dags/tutorial_dag.py for tasks to queue
[2023-03-26T16:28:05.795+0000] {logging_mixin.py:137} INFO - [2023-03-26T16:28:05.795+0000] {dagbag.py:532} INFO - Filling up the DagBag from /home/airflow/.local/lib/python3.7/site-packages/airflow/example_dags/tutorial_dag.py
[2023-03-26T16:28:05.802+0000] {processor.py:753} INFO - DAG(s) dict_keys(['tutorial_dag']) retrieved from /home/airflow/.local/lib/python3.7/site-packages/airflow/example_dags/tutorial_dag.py
[2023-03-26T16:28:05.819+0000] {logging_mixin.py:137} INFO - [2023-03-26T16:28:05.819+0000] {dag.py:2693} INFO - Sync 1 DAGs
[2023-03-26T16:28:05.833+0000] {logging_mixin.py:137} INFO - [2023-03-26T16:28:05.833+0000] {dag.py:3444} INFO - Setting next_dagrun for tutorial_dag to None, run_after=None
[2023-03-26T16:28:05.847+0000] {processor.py:175} INFO - Processing /home/airflow/.local/lib/python3.7/site-packages/airflow/example_dags/tutorial_dag.py took 0.055 seconds
[2023-03-26T16:28:36.465+0000] {processor.py:153} INFO - Started process (PID=277) to work on /home/airflow/.local/lib/python3.7/site-packages/airflow/example_dags/tutorial_dag.py
[2023-03-26T16:28:36.466+0000] {processor.py:743} INFO - Processing file /home/airflow/.local/lib/python3.7/site-packages/airflow/example_dags/tutorial_dag.py for tasks to queue
[2023-03-26T16:28:36.466+0000] {logging_mixin.py:137} INFO - [2023-03-26T16:28:36.466+0000] {dagbag.py:532} INFO - Filling up the DagBag from /home/airflow/.local/lib/python3.7/site-packages/airflow/example_dags/tutorial_dag.py
[2023-03-26T16:28:36.473+0000] {processor.py:753} INFO - DAG(s) dict_keys(['tutorial_dag']) retrieved from /home/airflow/.local/lib/python3.7/site-packages/airflow/example_dags/tutorial_dag.py
[2023-03-26T16:28:36.488+0000] {logging_mixin.py:137} INFO - [2023-03-26T16:28:36.487+0000] {dag.py:2693} INFO - Sync 1 DAGs
[2023-03-26T16:28:36.501+0000] {logging_mixin.py:137} INFO - [2023-03-26T16:28:36.501+0000] {dag.py:3444} INFO - Setting next_dagrun for tutorial_dag to None, run_after=None
[2023-03-26T16:28:36.515+0000] {processor.py:175} INFO - Processing /home/airflow/.local/lib/python3.7/site-packages/airflow/example_dags/tutorial_dag.py took 0.051 seconds
[2023-03-26T16:48:48.016+0000] {processor.py:153} INFO - Started process (PID=78) to work on /home/airflow/.local/lib/python3.7/site-packages/airflow/example_dags/tutorial_dag.py
[2023-03-26T16:48:48.017+0000] {processor.py:743} INFO - Processing file /home/airflow/.local/lib/python3.7/site-packages/airflow/example_dags/tutorial_dag.py for tasks to queue
[2023-03-26T16:48:48.017+0000] {logging_mixin.py:137} INFO - [2023-03-26T16:48:48.017+0000] {dagbag.py:532} INFO - Filling up the DagBag from /home/airflow/.local/lib/python3.7/site-packages/airflow/example_dags/tutorial_dag.py
[2023-03-26T16:48:48.027+0000] {processor.py:753} INFO - DAG(s) dict_keys(['tutorial_dag']) retrieved from /home/airflow/.local/lib/python3.7/site-packages/airflow/example_dags/tutorial_dag.py
[2023-03-26T16:48:48.036+0000] {logging_mixin.py:137} INFO - [2023-03-26T16:48:48.036+0000] {dag.py:2693} INFO - Sync 1 DAGs
[2023-03-26T16:48:48.052+0000] {logging_mixin.py:137} INFO - [2023-03-26T16:48:48.052+0000] {dag.py:3444} INFO - Setting next_dagrun for tutorial_dag to None, run_after=None
[2023-03-26T16:48:48.067+0000] {processor.py:175} INFO - Processing /home/airflow/.local/lib/python3.7/site-packages/airflow/example_dags/tutorial_dag.py took 0.053 seconds
[2023-03-26T16:49:18.587+0000] {processor.py:153} INFO - Started process (PID=127) to work on /home/airflow/.local/lib/python3.7/site-packages/airflow/example_dags/tutorial_dag.py
[2023-03-26T16:49:18.588+0000] {processor.py:743} INFO - Processing file /home/airflow/.local/lib/python3.7/site-packages/airflow/example_dags/tutorial_dag.py for tasks to queue
[2023-03-26T16:49:18.589+0000] {logging_mixin.py:137} INFO - [2023-03-26T16:49:18.589+0000] {dagbag.py:532} INFO - Filling up the DagBag from /home/airflow/.local/lib/python3.7/site-packages/airflow/example_dags/tutorial_dag.py
[2023-03-26T16:49:18.596+0000] {processor.py:753} INFO - DAG(s) dict_keys(['tutorial_dag']) retrieved from /home/airflow/.local/lib/python3.7/site-packages/airflow/example_dags/tutorial_dag.py
[2023-03-26T16:49:18.612+0000] {logging_mixin.py:137} INFO - [2023-03-26T16:49:18.612+0000] {dag.py:2693} INFO - Sync 1 DAGs
[2023-03-26T16:49:18.626+0000] {logging_mixin.py:137} INFO - [2023-03-26T16:49:18.626+0000] {dag.py:3444} INFO - Setting next_dagrun for tutorial_dag to None, run_after=None
[2023-03-26T16:49:18.639+0000] {processor.py:175} INFO - Processing /home/airflow/.local/lib/python3.7/site-packages/airflow/example_dags/tutorial_dag.py took 0.054 seconds
[2023-03-26T16:49:49.197+0000] {processor.py:153} INFO - Started process (PID=176) to work on /home/airflow/.local/lib/python3.7/site-packages/airflow/example_dags/tutorial_dag.py
[2023-03-26T16:49:49.198+0000] {processor.py:743} INFO - Processing file /home/airflow/.local/lib/python3.7/site-packages/airflow/example_dags/tutorial_dag.py for tasks to queue
[2023-03-26T16:49:49.198+0000] {logging_mixin.py:137} INFO - [2023-03-26T16:49:49.198+0000] {dagbag.py:532} INFO - Filling up the DagBag from /home/airflow/.local/lib/python3.7/site-packages/airflow/example_dags/tutorial_dag.py
[2023-03-26T16:49:49.205+0000] {processor.py:753} INFO - DAG(s) dict_keys(['tutorial_dag']) retrieved from /home/airflow/.local/lib/python3.7/site-packages/airflow/example_dags/tutorial_dag.py
[2023-03-26T16:49:49.222+0000] {logging_mixin.py:137} INFO - [2023-03-26T16:49:49.222+0000] {dag.py:2693} INFO - Sync 1 DAGs
[2023-03-26T16:49:49.235+0000] {logging_mixin.py:137} INFO - [2023-03-26T16:49:49.235+0000] {dag.py:3444} INFO - Setting next_dagrun for tutorial_dag to None, run_after=None
[2023-03-26T16:49:49.249+0000] {processor.py:175} INFO - Processing /home/airflow/.local/lib/python3.7/site-packages/airflow/example_dags/tutorial_dag.py took 0.053 seconds
[2023-03-26T16:50:19.789+0000] {processor.py:153} INFO - Started process (PID=225) to work on /home/airflow/.local/lib/python3.7/site-packages/airflow/example_dags/tutorial_dag.py
[2023-03-26T16:50:19.789+0000] {processor.py:743} INFO - Processing file /home/airflow/.local/lib/python3.7/site-packages/airflow/example_dags/tutorial_dag.py for tasks to queue
[2023-03-26T16:50:19.790+0000] {logging_mixin.py:137} INFO - [2023-03-26T16:50:19.790+0000] {dagbag.py:532} INFO - Filling up the DagBag from /home/airflow/.local/lib/python3.7/site-packages/airflow/example_dags/tutorial_dag.py
[2023-03-26T16:50:19.797+0000] {processor.py:753} INFO - DAG(s) dict_keys(['tutorial_dag']) retrieved from /home/airflow/.local/lib/python3.7/site-packages/airflow/example_dags/tutorial_dag.py
[2023-03-26T16:50:19.813+0000] {logging_mixin.py:137} INFO - [2023-03-26T16:50:19.813+0000] {dag.py:2693} INFO - Sync 1 DAGs
[2023-03-26T16:50:19.827+0000] {logging_mixin.py:137} INFO - [2023-03-26T16:50:19.827+0000] {dag.py:3444} INFO - Setting next_dagrun for tutorial_dag to None, run_after=None
[2023-03-26T16:50:19.841+0000] {processor.py:175} INFO - Processing /home/airflow/.local/lib/python3.7/site-packages/airflow/example_dags/tutorial_dag.py took 0.054 seconds
[2023-03-26T16:50:50.376+0000] {processor.py:153} INFO - Started process (PID=274) to work on /home/airflow/.local/lib/python3.7/site-packages/airflow/example_dags/tutorial_dag.py
[2023-03-26T16:50:50.377+0000] {processor.py:743} INFO - Processing file /home/airflow/.local/lib/python3.7/site-packages/airflow/example_dags/tutorial_dag.py for tasks to queue
[2023-03-26T16:50:50.377+0000] {logging_mixin.py:137} INFO - [2023-03-26T16:50:50.377+0000] {dagbag.py:532} INFO - Filling up the DagBag from /home/airflow/.local/lib/python3.7/site-packages/airflow/example_dags/tutorial_dag.py
[2023-03-26T16:50:50.385+0000] {processor.py:753} INFO - DAG(s) dict_keys(['tutorial_dag']) retrieved from /home/airflow/.local/lib/python3.7/site-packages/airflow/example_dags/tutorial_dag.py
[2023-03-26T16:50:50.400+0000] {logging_mixin.py:137} INFO - [2023-03-26T16:50:50.400+0000] {dag.py:2693} INFO - Sync 1 DAGs
[2023-03-26T16:50:50.413+0000] {logging_mixin.py:137} INFO - [2023-03-26T16:50:50.413+0000] {dag.py:3444} INFO - Setting next_dagrun for tutorial_dag to None, run_after=None
[2023-03-26T16:50:50.426+0000] {processor.py:175} INFO - Processing /home/airflow/.local/lib/python3.7/site-packages/airflow/example_dags/tutorial_dag.py took 0.052 seconds
[2023-03-26T16:51:21.226+0000] {processor.py:153} INFO - Started process (PID=323) to work on /home/airflow/.local/lib/python3.7/site-packages/airflow/example_dags/tutorial_dag.py
[2023-03-26T16:51:21.227+0000] {processor.py:743} INFO - Processing file /home/airflow/.local/lib/python3.7/site-packages/airflow/example_dags/tutorial_dag.py for tasks to queue
[2023-03-26T16:51:21.227+0000] {logging_mixin.py:137} INFO - [2023-03-26T16:51:21.227+0000] {dagbag.py:532} INFO - Filling up the DagBag from /home/airflow/.local/lib/python3.7/site-packages/airflow/example_dags/tutorial_dag.py
[2023-03-26T16:51:21.235+0000] {processor.py:753} INFO - DAG(s) dict_keys(['tutorial_dag']) retrieved from /home/airflow/.local/lib/python3.7/site-packages/airflow/example_dags/tutorial_dag.py
[2023-03-26T16:51:21.250+0000] {logging_mixin.py:137} INFO - [2023-03-26T16:51:21.250+0000] {dag.py:2693} INFO - Sync 1 DAGs
[2023-03-26T16:51:21.263+0000] {logging_mixin.py:137} INFO - [2023-03-26T16:51:21.263+0000] {dag.py:3444} INFO - Setting next_dagrun for tutorial_dag to None, run_after=None
[2023-03-26T16:51:21.275+0000] {processor.py:175} INFO - Processing /home/airflow/.local/lib/python3.7/site-packages/airflow/example_dags/tutorial_dag.py took 0.051 seconds
[2023-03-26T16:51:51.958+0000] {processor.py:153} INFO - Started process (PID=372) to work on /home/airflow/.local/lib/python3.7/site-packages/airflow/example_dags/tutorial_dag.py
[2023-03-26T16:51:51.958+0000] {processor.py:743} INFO - Processing file /home/airflow/.local/lib/python3.7/site-packages/airflow/example_dags/tutorial_dag.py for tasks to queue
[2023-03-26T16:51:51.959+0000] {logging_mixin.py:137} INFO - [2023-03-26T16:51:51.959+0000] {dagbag.py:532} INFO - Filling up the DagBag from /home/airflow/.local/lib/python3.7/site-packages/airflow/example_dags/tutorial_dag.py
[2023-03-26T16:51:51.966+0000] {processor.py:753} INFO - DAG(s) dict_keys(['tutorial_dag']) retrieved from /home/airflow/.local/lib/python3.7/site-packages/airflow/example_dags/tutorial_dag.py
[2023-03-26T16:51:51.984+0000] {logging_mixin.py:137} INFO - [2023-03-26T16:51:51.984+0000] {dag.py:2693} INFO - Sync 1 DAGs
[2023-03-26T16:51:51.999+0000] {logging_mixin.py:137} INFO - [2023-03-26T16:51:51.999+0000] {dag.py:3444} INFO - Setting next_dagrun for tutorial_dag to None, run_after=None
[2023-03-26T16:51:52.012+0000] {processor.py:175} INFO - Processing /home/airflow/.local/lib/python3.7/site-packages/airflow/example_dags/tutorial_dag.py took 0.056 seconds
[2023-03-26T16:52:22.663+0000] {processor.py:153} INFO - Started process (PID=421) to work on /home/airflow/.local/lib/python3.7/site-packages/airflow/example_dags/tutorial_dag.py
[2023-03-26T16:52:22.664+0000] {processor.py:743} INFO - Processing file /home/airflow/.local/lib/python3.7/site-packages/airflow/example_dags/tutorial_dag.py for tasks to queue
[2023-03-26T16:52:22.664+0000] {logging_mixin.py:137} INFO - [2023-03-26T16:52:22.664+0000] {dagbag.py:532} INFO - Filling up the DagBag from /home/airflow/.local/lib/python3.7/site-packages/airflow/example_dags/tutorial_dag.py
[2023-03-26T16:52:22.671+0000] {processor.py:753} INFO - DAG(s) dict_keys(['tutorial_dag']) retrieved from /home/airflow/.local/lib/python3.7/site-packages/airflow/example_dags/tutorial_dag.py
[2023-03-26T16:52:22.686+0000] {logging_mixin.py:137} INFO - [2023-03-26T16:52:22.686+0000] {dag.py:2693} INFO - Sync 1 DAGs
[2023-03-26T16:52:22.700+0000] {logging_mixin.py:137} INFO - [2023-03-26T16:52:22.700+0000] {dag.py:3444} INFO - Setting next_dagrun for tutorial_dag to None, run_after=None
[2023-03-26T16:52:22.713+0000] {processor.py:175} INFO - Processing /home/airflow/.local/lib/python3.7/site-packages/airflow/example_dags/tutorial_dag.py took 0.052 seconds
[2023-03-26T16:52:53.194+0000] {processor.py:153} INFO - Started process (PID=470) to work on /home/airflow/.local/lib/python3.7/site-packages/airflow/example_dags/tutorial_dag.py
[2023-03-26T16:52:53.194+0000] {processor.py:743} INFO - Processing file /home/airflow/.local/lib/python3.7/site-packages/airflow/example_dags/tutorial_dag.py for tasks to queue
[2023-03-26T16:52:53.195+0000] {logging_mixin.py:137} INFO - [2023-03-26T16:52:53.195+0000] {dagbag.py:532} INFO - Filling up the DagBag from /home/airflow/.local/lib/python3.7/site-packages/airflow/example_dags/tutorial_dag.py
[2023-03-26T16:52:53.201+0000] {processor.py:753} INFO - DAG(s) dict_keys(['tutorial_dag']) retrieved from /home/airflow/.local/lib/python3.7/site-packages/airflow/example_dags/tutorial_dag.py
[2023-03-26T16:52:53.216+0000] {logging_mixin.py:137} INFO - [2023-03-26T16:52:53.216+0000] {dag.py:2693} INFO - Sync 1 DAGs
[2023-03-26T16:52:53.231+0000] {logging_mixin.py:137} INFO - [2023-03-26T16:52:53.230+0000] {dag.py:3444} INFO - Setting next_dagrun for tutorial_dag to None, run_after=None
[2023-03-26T16:52:53.242+0000] {processor.py:175} INFO - Processing /home/airflow/.local/lib/python3.7/site-packages/airflow/example_dags/tutorial_dag.py took 0.050 seconds
[2023-03-26T16:53:23.845+0000] {processor.py:153} INFO - Started process (PID=519) to work on /home/airflow/.local/lib/python3.7/site-packages/airflow/example_dags/tutorial_dag.py
[2023-03-26T16:53:23.846+0000] {processor.py:743} INFO - Processing file /home/airflow/.local/lib/python3.7/site-packages/airflow/example_dags/tutorial_dag.py for tasks to queue
[2023-03-26T16:53:23.847+0000] {logging_mixin.py:137} INFO - [2023-03-26T16:53:23.847+0000] {dagbag.py:532} INFO - Filling up the DagBag from /home/airflow/.local/lib/python3.7/site-packages/airflow/example_dags/tutorial_dag.py
[2023-03-26T16:53:23.854+0000] {processor.py:753} INFO - DAG(s) dict_keys(['tutorial_dag']) retrieved from /home/airflow/.local/lib/python3.7/site-packages/airflow/example_dags/tutorial_dag.py
[2023-03-26T16:53:23.871+0000] {logging_mixin.py:137} INFO - [2023-03-26T16:53:23.870+0000] {dag.py:2693} INFO - Sync 1 DAGs
[2023-03-26T16:53:23.885+0000] {logging_mixin.py:137} INFO - [2023-03-26T16:53:23.885+0000] {dag.py:3444} INFO - Setting next_dagrun for tutorial_dag to None, run_after=None
[2023-03-26T16:53:23.898+0000] {processor.py:175} INFO - Processing /home/airflow/.local/lib/python3.7/site-packages/airflow/example_dags/tutorial_dag.py took 0.054 seconds
[2023-03-26T16:53:54.602+0000] {processor.py:153} INFO - Started process (PID=568) to work on /home/airflow/.local/lib/python3.7/site-packages/airflow/example_dags/tutorial_dag.py
[2023-03-26T16:53:54.603+0000] {processor.py:743} INFO - Processing file /home/airflow/.local/lib/python3.7/site-packages/airflow/example_dags/tutorial_dag.py for tasks to queue
[2023-03-26T16:53:54.603+0000] {logging_mixin.py:137} INFO - [2023-03-26T16:53:54.603+0000] {dagbag.py:532} INFO - Filling up the DagBag from /home/airflow/.local/lib/python3.7/site-packages/airflow/example_dags/tutorial_dag.py
[2023-03-26T16:53:54.611+0000] {processor.py:753} INFO - DAG(s) dict_keys(['tutorial_dag']) retrieved from /home/airflow/.local/lib/python3.7/site-packages/airflow/example_dags/tutorial_dag.py
[2023-03-26T16:53:54.628+0000] {logging_mixin.py:137} INFO - [2023-03-26T16:53:54.628+0000] {dag.py:2693} INFO - Sync 1 DAGs
[2023-03-26T16:53:54.644+0000] {logging_mixin.py:137} INFO - [2023-03-26T16:53:54.644+0000] {dag.py:3444} INFO - Setting next_dagrun for tutorial_dag to None, run_after=None
[2023-03-26T16:53:54.661+0000] {processor.py:175} INFO - Processing /home/airflow/.local/lib/python3.7/site-packages/airflow/example_dags/tutorial_dag.py took 0.061 seconds
[2023-03-26T16:54:25.326+0000] {processor.py:153} INFO - Started process (PID=617) to work on /home/airflow/.local/lib/python3.7/site-packages/airflow/example_dags/tutorial_dag.py
[2023-03-26T16:54:25.327+0000] {processor.py:743} INFO - Processing file /home/airflow/.local/lib/python3.7/site-packages/airflow/example_dags/tutorial_dag.py for tasks to queue
[2023-03-26T16:54:25.327+0000] {logging_mixin.py:137} INFO - [2023-03-26T16:54:25.327+0000] {dagbag.py:532} INFO - Filling up the DagBag from /home/airflow/.local/lib/python3.7/site-packages/airflow/example_dags/tutorial_dag.py
[2023-03-26T16:54:25.335+0000] {processor.py:753} INFO - DAG(s) dict_keys(['tutorial_dag']) retrieved from /home/airflow/.local/lib/python3.7/site-packages/airflow/example_dags/tutorial_dag.py
[2023-03-26T16:54:25.351+0000] {logging_mixin.py:137} INFO - [2023-03-26T16:54:25.351+0000] {dag.py:2693} INFO - Sync 1 DAGs
[2023-03-26T16:54:25.365+0000] {logging_mixin.py:137} INFO - [2023-03-26T16:54:25.365+0000] {dag.py:3444} INFO - Setting next_dagrun for tutorial_dag to None, run_after=None
[2023-03-26T16:54:25.381+0000] {processor.py:175} INFO - Processing /home/airflow/.local/lib/python3.7/site-packages/airflow/example_dags/tutorial_dag.py took 0.056 seconds
[2023-03-26T16:54:56.209+0000] {processor.py:153} INFO - Started process (PID=666) to work on /home/airflow/.local/lib/python3.7/site-packages/airflow/example_dags/tutorial_dag.py
[2023-03-26T16:54:56.209+0000] {processor.py:743} INFO - Processing file /home/airflow/.local/lib/python3.7/site-packages/airflow/example_dags/tutorial_dag.py for tasks to queue
[2023-03-26T16:54:56.209+0000] {logging_mixin.py:137} INFO - [2023-03-26T16:54:56.209+0000] {dagbag.py:532} INFO - Filling up the DagBag from /home/airflow/.local/lib/python3.7/site-packages/airflow/example_dags/tutorial_dag.py
[2023-03-26T16:54:56.217+0000] {processor.py:753} INFO - DAG(s) dict_keys(['tutorial_dag']) retrieved from /home/airflow/.local/lib/python3.7/site-packages/airflow/example_dags/tutorial_dag.py
[2023-03-26T16:54:56.232+0000] {logging_mixin.py:137} INFO - [2023-03-26T16:54:56.232+0000] {dag.py:2693} INFO - Sync 1 DAGs
[2023-03-26T16:54:56.247+0000] {logging_mixin.py:137} INFO - [2023-03-26T16:54:56.246+0000] {dag.py:3444} INFO - Setting next_dagrun for tutorial_dag to None, run_after=None
[2023-03-26T16:54:56.258+0000] {processor.py:175} INFO - Processing /home/airflow/.local/lib/python3.7/site-packages/airflow/example_dags/tutorial_dag.py took 0.052 seconds
[2023-03-26T16:55:26.834+0000] {processor.py:153} INFO - Started process (PID=715) to work on /home/airflow/.local/lib/python3.7/site-packages/airflow/example_dags/tutorial_dag.py
[2023-03-26T16:55:26.835+0000] {processor.py:743} INFO - Processing file /home/airflow/.local/lib/python3.7/site-packages/airflow/example_dags/tutorial_dag.py for tasks to queue
[2023-03-26T16:55:26.836+0000] {logging_mixin.py:137} INFO - [2023-03-26T16:55:26.835+0000] {dagbag.py:532} INFO - Filling up the DagBag from /home/airflow/.local/lib/python3.7/site-packages/airflow/example_dags/tutorial_dag.py
[2023-03-26T16:55:26.843+0000] {processor.py:753} INFO - DAG(s) dict_keys(['tutorial_dag']) retrieved from /home/airflow/.local/lib/python3.7/site-packages/airflow/example_dags/tutorial_dag.py
[2023-03-26T16:55:26.857+0000] {logging_mixin.py:137} INFO - [2023-03-26T16:55:26.857+0000] {dag.py:2693} INFO - Sync 1 DAGs
[2023-03-26T16:55:26.870+0000] {logging_mixin.py:137} INFO - [2023-03-26T16:55:26.870+0000] {dag.py:3444} INFO - Setting next_dagrun for tutorial_dag to None, run_after=None
[2023-03-26T16:55:26.884+0000] {processor.py:175} INFO - Processing /home/airflow/.local/lib/python3.7/site-packages/airflow/example_dags/tutorial_dag.py took 0.051 seconds
[2023-03-26T16:55:57.389+0000] {processor.py:153} INFO - Started process (PID=764) to work on /home/airflow/.local/lib/python3.7/site-packages/airflow/example_dags/tutorial_dag.py
[2023-03-26T16:55:57.390+0000] {processor.py:743} INFO - Processing file /home/airflow/.local/lib/python3.7/site-packages/airflow/example_dags/tutorial_dag.py for tasks to queue
[2023-03-26T16:55:57.390+0000] {logging_mixin.py:137} INFO - [2023-03-26T16:55:57.390+0000] {dagbag.py:532} INFO - Filling up the DagBag from /home/airflow/.local/lib/python3.7/site-packages/airflow/example_dags/tutorial_dag.py
[2023-03-26T16:55:57.398+0000] {processor.py:753} INFO - DAG(s) dict_keys(['tutorial_dag']) retrieved from /home/airflow/.local/lib/python3.7/site-packages/airflow/example_dags/tutorial_dag.py
[2023-03-26T16:55:57.413+0000] {logging_mixin.py:137} INFO - [2023-03-26T16:55:57.413+0000] {dag.py:2693} INFO - Sync 1 DAGs
[2023-03-26T16:55:57.427+0000] {logging_mixin.py:137} INFO - [2023-03-26T16:55:57.427+0000] {dag.py:3444} INFO - Setting next_dagrun for tutorial_dag to None, run_after=None
[2023-03-26T16:55:57.442+0000] {processor.py:175} INFO - Processing /home/airflow/.local/lib/python3.7/site-packages/airflow/example_dags/tutorial_dag.py took 0.055 seconds
[2023-03-26T16:56:28.172+0000] {processor.py:153} INFO - Started process (PID=813) to work on /home/airflow/.local/lib/python3.7/site-packages/airflow/example_dags/tutorial_dag.py
[2023-03-26T16:56:28.173+0000] {processor.py:743} INFO - Processing file /home/airflow/.local/lib/python3.7/site-packages/airflow/example_dags/tutorial_dag.py for tasks to queue
[2023-03-26T16:56:28.173+0000] {logging_mixin.py:137} INFO - [2023-03-26T16:56:28.173+0000] {dagbag.py:532} INFO - Filling up the DagBag from /home/airflow/.local/lib/python3.7/site-packages/airflow/example_dags/tutorial_dag.py
[2023-03-26T16:56:28.180+0000] {processor.py:753} INFO - DAG(s) dict_keys(['tutorial_dag']) retrieved from /home/airflow/.local/lib/python3.7/site-packages/airflow/example_dags/tutorial_dag.py
[2023-03-26T16:56:28.196+0000] {logging_mixin.py:137} INFO - [2023-03-26T16:56:28.196+0000] {dag.py:2693} INFO - Sync 1 DAGs
[2023-03-26T16:56:28.210+0000] {logging_mixin.py:137} INFO - [2023-03-26T16:56:28.210+0000] {dag.py:3444} INFO - Setting next_dagrun for tutorial_dag to None, run_after=None
[2023-03-26T16:56:28.224+0000] {processor.py:175} INFO - Processing /home/airflow/.local/lib/python3.7/site-packages/airflow/example_dags/tutorial_dag.py took 0.054 seconds
[2023-03-26T16:56:58.856+0000] {processor.py:153} INFO - Started process (PID=862) to work on /home/airflow/.local/lib/python3.7/site-packages/airflow/example_dags/tutorial_dag.py
[2023-03-26T16:56:58.856+0000] {processor.py:743} INFO - Processing file /home/airflow/.local/lib/python3.7/site-packages/airflow/example_dags/tutorial_dag.py for tasks to queue
[2023-03-26T16:56:58.857+0000] {logging_mixin.py:137} INFO - [2023-03-26T16:56:58.857+0000] {dagbag.py:532} INFO - Filling up the DagBag from /home/airflow/.local/lib/python3.7/site-packages/airflow/example_dags/tutorial_dag.py
[2023-03-26T16:56:58.864+0000] {processor.py:753} INFO - DAG(s) dict_keys(['tutorial_dag']) retrieved from /home/airflow/.local/lib/python3.7/site-packages/airflow/example_dags/tutorial_dag.py
[2023-03-26T16:56:58.880+0000] {logging_mixin.py:137} INFO - [2023-03-26T16:56:58.880+0000] {dag.py:2693} INFO - Sync 1 DAGs
[2023-03-26T16:56:58.893+0000] {logging_mixin.py:137} INFO - [2023-03-26T16:56:58.893+0000] {dag.py:3444} INFO - Setting next_dagrun for tutorial_dag to None, run_after=None
[2023-03-26T16:56:58.906+0000] {processor.py:175} INFO - Processing /home/airflow/.local/lib/python3.7/site-packages/airflow/example_dags/tutorial_dag.py took 0.052 seconds
[2023-03-26T16:57:29.372+0000] {processor.py:153} INFO - Started process (PID=911) to work on /home/airflow/.local/lib/python3.7/site-packages/airflow/example_dags/tutorial_dag.py
[2023-03-26T16:57:29.373+0000] {processor.py:743} INFO - Processing file /home/airflow/.local/lib/python3.7/site-packages/airflow/example_dags/tutorial_dag.py for tasks to queue
[2023-03-26T16:57:29.373+0000] {logging_mixin.py:137} INFO - [2023-03-26T16:57:29.373+0000] {dagbag.py:532} INFO - Filling up the DagBag from /home/airflow/.local/lib/python3.7/site-packages/airflow/example_dags/tutorial_dag.py
[2023-03-26T16:57:29.380+0000] {processor.py:753} INFO - DAG(s) dict_keys(['tutorial_dag']) retrieved from /home/airflow/.local/lib/python3.7/site-packages/airflow/example_dags/tutorial_dag.py
[2023-03-26T16:57:29.395+0000] {logging_mixin.py:137} INFO - [2023-03-26T16:57:29.395+0000] {dag.py:2693} INFO - Sync 1 DAGs
[2023-03-26T16:57:29.409+0000] {logging_mixin.py:137} INFO - [2023-03-26T16:57:29.409+0000] {dag.py:3444} INFO - Setting next_dagrun for tutorial_dag to None, run_after=None
[2023-03-26T16:57:29.422+0000] {processor.py:175} INFO - Processing /home/airflow/.local/lib/python3.7/site-packages/airflow/example_dags/tutorial_dag.py took 0.052 seconds
[2023-03-26T16:58:00.015+0000] {processor.py:153} INFO - Started process (PID=960) to work on /home/airflow/.local/lib/python3.7/site-packages/airflow/example_dags/tutorial_dag.py
[2023-03-26T16:58:00.016+0000] {processor.py:743} INFO - Processing file /home/airflow/.local/lib/python3.7/site-packages/airflow/example_dags/tutorial_dag.py for tasks to queue
[2023-03-26T16:58:00.016+0000] {logging_mixin.py:137} INFO - [2023-03-26T16:58:00.016+0000] {dagbag.py:532} INFO - Filling up the DagBag from /home/airflow/.local/lib/python3.7/site-packages/airflow/example_dags/tutorial_dag.py
[2023-03-26T16:58:00.023+0000] {processor.py:753} INFO - DAG(s) dict_keys(['tutorial_dag']) retrieved from /home/airflow/.local/lib/python3.7/site-packages/airflow/example_dags/tutorial_dag.py
[2023-03-26T16:58:00.039+0000] {logging_mixin.py:137} INFO - [2023-03-26T16:58:00.038+0000] {dag.py:2693} INFO - Sync 1 DAGs
[2023-03-26T16:58:00.052+0000] {logging_mixin.py:137} INFO - [2023-03-26T16:58:00.052+0000] {dag.py:3444} INFO - Setting next_dagrun for tutorial_dag to None, run_after=None
[2023-03-26T16:58:00.065+0000] {processor.py:175} INFO - Processing /home/airflow/.local/lib/python3.7/site-packages/airflow/example_dags/tutorial_dag.py took 0.051 seconds
[2023-03-26T16:58:30.813+0000] {processor.py:153} INFO - Started process (PID=1009) to work on /home/airflow/.local/lib/python3.7/site-packages/airflow/example_dags/tutorial_dag.py
[2023-03-26T16:58:30.814+0000] {processor.py:743} INFO - Processing file /home/airflow/.local/lib/python3.7/site-packages/airflow/example_dags/tutorial_dag.py for tasks to queue
[2023-03-26T16:58:30.814+0000] {logging_mixin.py:137} INFO - [2023-03-26T16:58:30.814+0000] {dagbag.py:532} INFO - Filling up the DagBag from /home/airflow/.local/lib/python3.7/site-packages/airflow/example_dags/tutorial_dag.py
[2023-03-26T16:58:30.821+0000] {processor.py:753} INFO - DAG(s) dict_keys(['tutorial_dag']) retrieved from /home/airflow/.local/lib/python3.7/site-packages/airflow/example_dags/tutorial_dag.py
[2023-03-26T16:58:30.836+0000] {logging_mixin.py:137} INFO - [2023-03-26T16:58:30.835+0000] {dag.py:2693} INFO - Sync 1 DAGs
[2023-03-26T16:58:30.849+0000] {logging_mixin.py:137} INFO - [2023-03-26T16:58:30.849+0000] {dag.py:3444} INFO - Setting next_dagrun for tutorial_dag to None, run_after=None
[2023-03-26T16:58:30.862+0000] {processor.py:175} INFO - Processing /home/airflow/.local/lib/python3.7/site-packages/airflow/example_dags/tutorial_dag.py took 0.051 seconds
[2023-03-26T16:59:01.576+0000] {processor.py:153} INFO - Started process (PID=1058) to work on /home/airflow/.local/lib/python3.7/site-packages/airflow/example_dags/tutorial_dag.py
[2023-03-26T16:59:01.577+0000] {processor.py:743} INFO - Processing file /home/airflow/.local/lib/python3.7/site-packages/airflow/example_dags/tutorial_dag.py for tasks to queue
[2023-03-26T16:59:01.577+0000] {logging_mixin.py:137} INFO - [2023-03-26T16:59:01.577+0000] {dagbag.py:532} INFO - Filling up the DagBag from /home/airflow/.local/lib/python3.7/site-packages/airflow/example_dags/tutorial_dag.py
[2023-03-26T16:59:01.584+0000] {processor.py:753} INFO - DAG(s) dict_keys(['tutorial_dag']) retrieved from /home/airflow/.local/lib/python3.7/site-packages/airflow/example_dags/tutorial_dag.py
[2023-03-26T16:59:01.601+0000] {logging_mixin.py:137} INFO - [2023-03-26T16:59:01.601+0000] {dag.py:2693} INFO - Sync 1 DAGs
[2023-03-26T16:59:01.615+0000] {logging_mixin.py:137} INFO - [2023-03-26T16:59:01.615+0000] {dag.py:3444} INFO - Setting next_dagrun for tutorial_dag to None, run_after=None
[2023-03-26T16:59:01.629+0000] {processor.py:175} INFO - Processing /home/airflow/.local/lib/python3.7/site-packages/airflow/example_dags/tutorial_dag.py took 0.055 seconds
[2023-03-26T16:59:32.227+0000] {processor.py:153} INFO - Started process (PID=1107) to work on /home/airflow/.local/lib/python3.7/site-packages/airflow/example_dags/tutorial_dag.py
[2023-03-26T16:59:32.228+0000] {processor.py:743} INFO - Processing file /home/airflow/.local/lib/python3.7/site-packages/airflow/example_dags/tutorial_dag.py for tasks to queue
[2023-03-26T16:59:32.228+0000] {logging_mixin.py:137} INFO - [2023-03-26T16:59:32.228+0000] {dagbag.py:532} INFO - Filling up the DagBag from /home/airflow/.local/lib/python3.7/site-packages/airflow/example_dags/tutorial_dag.py
[2023-03-26T16:59:32.235+0000] {processor.py:753} INFO - DAG(s) dict_keys(['tutorial_dag']) retrieved from /home/airflow/.local/lib/python3.7/site-packages/airflow/example_dags/tutorial_dag.py
[2023-03-26T16:59:32.250+0000] {logging_mixin.py:137} INFO - [2023-03-26T16:59:32.250+0000] {dag.py:2693} INFO - Sync 1 DAGs
[2023-03-26T16:59:32.264+0000] {logging_mixin.py:137} INFO - [2023-03-26T16:59:32.264+0000] {dag.py:3444} INFO - Setting next_dagrun for tutorial_dag to None, run_after=None
[2023-03-26T16:59:32.277+0000] {processor.py:175} INFO - Processing /home/airflow/.local/lib/python3.7/site-packages/airflow/example_dags/tutorial_dag.py took 0.052 seconds
[2023-03-26T17:00:02.872+0000] {processor.py:153} INFO - Started process (PID=1156) to work on /home/airflow/.local/lib/python3.7/site-packages/airflow/example_dags/tutorial_dag.py
[2023-03-26T17:00:02.873+0000] {processor.py:743} INFO - Processing file /home/airflow/.local/lib/python3.7/site-packages/airflow/example_dags/tutorial_dag.py for tasks to queue
[2023-03-26T17:00:02.873+0000] {logging_mixin.py:137} INFO - [2023-03-26T17:00:02.873+0000] {dagbag.py:532} INFO - Filling up the DagBag from /home/airflow/.local/lib/python3.7/site-packages/airflow/example_dags/tutorial_dag.py
[2023-03-26T17:00:02.880+0000] {processor.py:753} INFO - DAG(s) dict_keys(['tutorial_dag']) retrieved from /home/airflow/.local/lib/python3.7/site-packages/airflow/example_dags/tutorial_dag.py
[2023-03-26T17:00:02.896+0000] {logging_mixin.py:137} INFO - [2023-03-26T17:00:02.896+0000] {dag.py:2693} INFO - Sync 1 DAGs
[2023-03-26T17:00:02.910+0000] {logging_mixin.py:137} INFO - [2023-03-26T17:00:02.910+0000] {dag.py:3444} INFO - Setting next_dagrun for tutorial_dag to None, run_after=None
[2023-03-26T17:00:02.923+0000] {processor.py:175} INFO - Processing /home/airflow/.local/lib/python3.7/site-packages/airflow/example_dags/tutorial_dag.py took 0.053 seconds
[2023-03-26T17:00:33.576+0000] {processor.py:153} INFO - Started process (PID=1205) to work on /home/airflow/.local/lib/python3.7/site-packages/airflow/example_dags/tutorial_dag.py
[2023-03-26T17:00:33.577+0000] {processor.py:743} INFO - Processing file /home/airflow/.local/lib/python3.7/site-packages/airflow/example_dags/tutorial_dag.py for tasks to queue
[2023-03-26T17:00:33.578+0000] {logging_mixin.py:137} INFO - [2023-03-26T17:00:33.578+0000] {dagbag.py:532} INFO - Filling up the DagBag from /home/airflow/.local/lib/python3.7/site-packages/airflow/example_dags/tutorial_dag.py
[2023-03-26T17:00:33.585+0000] {processor.py:753} INFO - DAG(s) dict_keys(['tutorial_dag']) retrieved from /home/airflow/.local/lib/python3.7/site-packages/airflow/example_dags/tutorial_dag.py
[2023-03-26T17:00:33.603+0000] {logging_mixin.py:137} INFO - [2023-03-26T17:00:33.603+0000] {dag.py:2693} INFO - Sync 1 DAGs
[2023-03-26T17:00:33.617+0000] {logging_mixin.py:137} INFO - [2023-03-26T17:00:33.617+0000] {dag.py:3444} INFO - Setting next_dagrun for tutorial_dag to None, run_after=None
[2023-03-26T17:00:33.632+0000] {processor.py:175} INFO - Processing /home/airflow/.local/lib/python3.7/site-packages/airflow/example_dags/tutorial_dag.py took 0.058 seconds
