[2023-03-28T06:12:47.608+0000] {taskinstance.py:1084} INFO - Dependencies all met for dep_context=non-requeueable deps ti=<TaskInstance: tutorial.print_date scheduled__2023-03-27T05:31:10.968080+00:00 [queued]>
[2023-03-28T06:12:50.586+0000] {taskinstance.py:1084} INFO - Dependencies all met for dep_context=requeueable deps ti=<TaskInstance: tutorial.print_date scheduled__2023-03-27T05:31:10.968080+00:00 [queued]>
[2023-03-28T06:12:50.586+0000] {taskinstance.py:1282} INFO - 
--------------------------------------------------------------------------------
[2023-03-28T06:12:50.587+0000] {taskinstance.py:1283} INFO - Starting attempt 1 of 2
[2023-03-28T06:12:50.587+0000] {taskinstance.py:1284} INFO - 
--------------------------------------------------------------------------------
[2023-03-28T06:12:52.575+0000] {taskinstance.py:1303} INFO - Executing <Task(BashOperator): print_date> on 2023-03-27 05:31:10.968080+00:00
[2023-03-28T06:12:52.579+0000] {standard_task_runner.py:55} INFO - Started process 395 to run task
[2023-03-28T06:12:52.757+0000] {standard_task_runner.py:82} INFO - Running: ['airflow', 'tasks', 'run', 'tutorial', 'print_date', 'scheduled__2023-03-27T05:31:10.968080+00:00', '--job-id', '57', '--raw', '--subdir', '/home/airflow/.local/lib/python3.7/site-packages/airflow/example_dags/tutorial.py', '--cfg-path', '/tmp/tmp6zc2ir36']
[2023-03-28T06:12:52.758+0000] {standard_task_runner.py:83} INFO - Job 57: Subtask print_date
[2023-03-28T06:13:46.972+0000] {task_command.py:388} INFO - Running <TaskInstance: tutorial.print_date scheduled__2023-03-27T05:31:10.968080+00:00 [running]> on host 9119afc303d7
[2023-03-28T06:14:27.591+0000] {taskinstance.py:1511} INFO - Exporting the following env vars:
AIRFLOW_CTX_DAG_EMAIL=airflow@example.com
AIRFLOW_CTX_DAG_OWNER=airflow
AIRFLOW_CTX_DAG_ID=tutorial
AIRFLOW_CTX_TASK_ID=print_date
AIRFLOW_CTX_EXECUTION_DATE=2023-03-27T05:31:10.968080+00:00
AIRFLOW_CTX_TRY_NUMBER=1
AIRFLOW_CTX_DAG_RUN_ID=scheduled__2023-03-27T05:31:10.968080+00:00
[2023-03-28T06:14:28.411+0000] {subprocess.py:63} INFO - Tmp dir root location: 
 /tmp
[2023-03-28T06:14:41.746+0000] {subprocess.py:75} INFO - Running command: ['/bin/bash', '-c', 'date']
[2023-03-28T06:14:44.702+0000] {subprocess.py:86} INFO - Output:
[2023-03-28T06:14:50.862+0000] {subprocess.py:93} INFO - Tue Mar 28 06:14:50 UTC 2023
[2023-03-28T06:14:50.891+0000] {subprocess.py:97} INFO - Command exited with return code 0
[2023-03-28T06:14:54.032+0000] {taskinstance.py:1326} INFO - Marking task as SUCCESS. dag_id=tutorial, task_id=print_date, execution_date=20230327T053110, start_date=20230328T061248, end_date=20230328T061454
[2023-03-28T06:14:55.674+0000] {local_task_job.py:212} INFO - Task exited with return code 0
[2023-03-28T06:14:58.606+0000] {taskinstance.py:2585} INFO - 2 downstream tasks scheduled from follow-on schedule check
