[2023-03-28T05:31:09.186+0000] {taskinstance.py:1084} INFO - Dependencies all met for dep_context=non-requeueable deps ti=<TaskInstance: example_dynamic_task_mapping.add_one scheduled__2022-03-08T00:00:00+00:00 map_index=2 [queued]>
[2023-03-28T05:31:09.277+0000] {taskinstance.py:1084} INFO - Dependencies all met for dep_context=requeueable deps ti=<TaskInstance: example_dynamic_task_mapping.add_one scheduled__2022-03-08T00:00:00+00:00 map_index=2 [queued]>
[2023-03-28T05:31:09.278+0000] {taskinstance.py:1282} INFO - 
--------------------------------------------------------------------------------
[2023-03-28T05:31:09.278+0000] {taskinstance.py:1283} INFO - Starting attempt 1 of 1
[2023-03-28T05:31:09.278+0000] {taskinstance.py:1284} INFO - 
--------------------------------------------------------------------------------
[2023-03-28T05:31:09.375+0000] {taskinstance.py:1303} INFO - Executing <Mapped(_PythonDecoratedOperator): add_one> on 2022-03-08 00:00:00+00:00
[2023-03-28T05:31:09.378+0000] {standard_task_runner.py:55} INFO - Started process 315 to run task
[2023-03-28T05:31:09.380+0000] {standard_task_runner.py:82} INFO - Running: ['airflow', 'tasks', 'run', 'example_dynamic_task_mapping', 'add_one', 'scheduled__2022-03-08T00:00:00+00:00', '--job-id', '23', '--raw', '--subdir', '/home/airflow/.local/lib/python3.7/site-packages/airflow/example_dags/example_dynamic_task_mapping.py', '--cfg-path', '/tmp/tmpkfkdheh2', '--map-index', '2']
[2023-03-28T05:31:09.381+0000] {standard_task_runner.py:83} INFO - Job 23: Subtask add_one
[2023-03-28T05:31:10.030+0000] {task_command.py:388} INFO - Running <TaskInstance: example_dynamic_task_mapping.add_one scheduled__2022-03-08T00:00:00+00:00 map_index=2 [running]> on host 5accc21d196d
[2023-03-28T05:31:12.845+0000] {taskinstance.py:1511} INFO - Exporting the following env vars:
AIRFLOW_CTX_DAG_OWNER=airflow
AIRFLOW_CTX_DAG_ID=example_dynamic_task_mapping
AIRFLOW_CTX_TASK_ID=add_one
AIRFLOW_CTX_EXECUTION_DATE=2022-03-08T00:00:00+00:00
AIRFLOW_CTX_TRY_NUMBER=1
AIRFLOW_CTX_DAG_RUN_ID=scheduled__2022-03-08T00:00:00+00:00
[2023-03-28T05:31:12.846+0000] {python.py:177} INFO - Done. Returned value was: 4
[2023-03-28T05:31:13.152+0000] {taskinstance.py:1326} INFO - Marking task as SUCCESS. dag_id=example_dynamic_task_mapping, task_id=add_one, map_index=2, execution_date=20220308T000000, start_date=20230328T053109, end_date=20230328T053113
[2023-03-28T05:31:13.367+0000] {local_task_job.py:212} INFO - Task exited with return code 0
[2023-03-28T05:31:13.672+0000] {taskinstance.py:2585} INFO - 0 downstream tasks scheduled from follow-on schedule check
