[2023-03-28T05:30:59.250+0000] {taskinstance.py:1084} INFO - Dependencies all met for dep_context=non-requeueable deps ti=<TaskInstance: example_dynamic_task_mapping.add_one scheduled__2022-03-05T00:00:00+00:00 map_index=0 [queued]>
[2023-03-28T05:30:59.341+0000] {taskinstance.py:1084} INFO - Dependencies all met for dep_context=requeueable deps ti=<TaskInstance: example_dynamic_task_mapping.add_one scheduled__2022-03-05T00:00:00+00:00 map_index=0 [queued]>
[2023-03-28T05:30:59.341+0000] {taskinstance.py:1282} INFO - 
--------------------------------------------------------------------------------
[2023-03-28T05:30:59.341+0000] {taskinstance.py:1283} INFO - Starting attempt 1 of 1
[2023-03-28T05:30:59.341+0000] {taskinstance.py:1284} INFO - 
--------------------------------------------------------------------------------
[2023-03-28T05:30:59.437+0000] {taskinstance.py:1303} INFO - Executing <Mapped(_PythonDecoratedOperator): add_one> on 2022-03-05 00:00:00+00:00
[2023-03-28T05:30:59.440+0000] {standard_task_runner.py:55} INFO - Started process 305 to run task
[2023-03-28T05:30:59.441+0000] {standard_task_runner.py:82} INFO - Running: ['airflow', 'tasks', 'run', 'example_dynamic_task_mapping', 'add_one', 'scheduled__2022-03-05T00:00:00+00:00', '--job-id', '18', '--raw', '--subdir', '/home/airflow/.local/lib/python3.7/site-packages/airflow/example_dags/example_dynamic_task_mapping.py', '--cfg-path', '/tmp/tmpi5va3h4h', '--map-index', '0']
[2023-03-28T05:30:59.442+0000] {standard_task_runner.py:83} INFO - Job 18: Subtask add_one
[2023-03-28T05:31:00.047+0000] {task_command.py:388} INFO - Running <TaskInstance: example_dynamic_task_mapping.add_one scheduled__2022-03-05T00:00:00+00:00 map_index=0 [running]> on host 5accc21d196d
[2023-03-28T05:31:00.632+0000] {taskinstance.py:1511} INFO - Exporting the following env vars:
AIRFLOW_CTX_DAG_OWNER=airflow
AIRFLOW_CTX_DAG_ID=example_dynamic_task_mapping
AIRFLOW_CTX_TASK_ID=add_one
AIRFLOW_CTX_EXECUTION_DATE=2022-03-05T00:00:00+00:00
AIRFLOW_CTX_TRY_NUMBER=1
AIRFLOW_CTX_DAG_RUN_ID=scheduled__2022-03-05T00:00:00+00:00
[2023-03-28T05:31:00.632+0000] {python.py:177} INFO - Done. Returned value was: 2
[2023-03-28T05:31:00.934+0000] {taskinstance.py:1326} INFO - Marking task as SUCCESS. dag_id=example_dynamic_task_mapping, task_id=add_one, map_index=0, execution_date=20220305T000000, start_date=20230328T053059, end_date=20230328T053100
[2023-03-28T05:31:01.058+0000] {local_task_job.py:212} INFO - Task exited with return code 0
[2023-03-28T05:31:01.504+0000] {taskinstance.py:2585} INFO - 1 downstream tasks scheduled from follow-on schedule check
