[2023-03-29T11:50:19.869+0000] {processor.py:153} INFO - Started process (PID=100) to work on /home/airflow/.local/lib/python3.7/site-packages/airflow/example_dags/example_dynamic_task_mapping.py
[2023-03-29T11:50:19.870+0000] {processor.py:743} INFO - Processing file /home/airflow/.local/lib/python3.7/site-packages/airflow/example_dags/example_dynamic_task_mapping.py for tasks to queue
[2023-03-29T11:50:19.870+0000] {logging_mixin.py:137} INFO - [2023-03-29T11:50:19.870+0000] {dagbag.py:532} INFO - Filling up the DagBag from /home/airflow/.local/lib/python3.7/site-packages/airflow/example_dags/example_dynamic_task_mapping.py
[2023-03-29T11:50:19.883+0000] {processor.py:753} INFO - DAG(s) dict_keys(['example_dynamic_task_mapping']) retrieved from /home/airflow/.local/lib/python3.7/site-packages/airflow/example_dags/example_dynamic_task_mapping.py
[2023-03-29T11:50:20.169+0000] {logging_mixin.py:137} INFO - [2023-03-29T11:50:20.169+0000] {dag.py:2693} INFO - Sync 1 DAGs
[2023-03-29T11:50:20.279+0000] {logging_mixin.py:137} INFO - [2023-03-29T11:50:20.279+0000] {dag.py:3444} INFO - Setting next_dagrun for example_dynamic_task_mapping to 2022-03-14T00:00:00+00:00, run_after=2022-03-15T00:00:00+00:00
[2023-03-29T11:50:20.538+0000] {processor.py:175} INFO - Processing /home/airflow/.local/lib/python3.7/site-packages/airflow/example_dags/example_dynamic_task_mapping.py took 0.671 seconds
[2023-03-29T11:50:51.675+0000] {processor.py:153} INFO - Started process (PID=149) to work on /home/airflow/.local/lib/python3.7/site-packages/airflow/example_dags/example_dynamic_task_mapping.py
[2023-03-29T11:50:51.676+0000] {processor.py:743} INFO - Processing file /home/airflow/.local/lib/python3.7/site-packages/airflow/example_dags/example_dynamic_task_mapping.py for tasks to queue
[2023-03-29T11:50:51.676+0000] {logging_mixin.py:137} INFO - [2023-03-29T11:50:51.676+0000] {dagbag.py:532} INFO - Filling up the DagBag from /home/airflow/.local/lib/python3.7/site-packages/airflow/example_dags/example_dynamic_task_mapping.py
[2023-03-29T11:50:51.690+0000] {processor.py:753} INFO - DAG(s) dict_keys(['example_dynamic_task_mapping']) retrieved from /home/airflow/.local/lib/python3.7/site-packages/airflow/example_dags/example_dynamic_task_mapping.py
[2023-03-29T11:50:51.960+0000] {logging_mixin.py:137} INFO - [2023-03-29T11:50:51.960+0000] {dag.py:2693} INFO - Sync 1 DAGs
[2023-03-29T11:50:52.084+0000] {logging_mixin.py:137} INFO - [2023-03-29T11:50:52.084+0000] {dag.py:3444} INFO - Setting next_dagrun for example_dynamic_task_mapping to 2022-03-14T00:00:00+00:00, run_after=2022-03-15T00:00:00+00:00
[2023-03-29T11:50:52.355+0000] {processor.py:175} INFO - Processing /home/airflow/.local/lib/python3.7/site-packages/airflow/example_dags/example_dynamic_task_mapping.py took 0.681 seconds
[2023-03-29T11:51:22.788+0000] {processor.py:153} INFO - Started process (PID=198) to work on /home/airflow/.local/lib/python3.7/site-packages/airflow/example_dags/example_dynamic_task_mapping.py
[2023-03-29T11:51:22.789+0000] {processor.py:743} INFO - Processing file /home/airflow/.local/lib/python3.7/site-packages/airflow/example_dags/example_dynamic_task_mapping.py for tasks to queue
[2023-03-29T11:51:22.789+0000] {logging_mixin.py:137} INFO - [2023-03-29T11:51:22.789+0000] {dagbag.py:532} INFO - Filling up the DagBag from /home/airflow/.local/lib/python3.7/site-packages/airflow/example_dags/example_dynamic_task_mapping.py
[2023-03-29T11:51:22.801+0000] {processor.py:753} INFO - DAG(s) dict_keys(['example_dynamic_task_mapping']) retrieved from /home/airflow/.local/lib/python3.7/site-packages/airflow/example_dags/example_dynamic_task_mapping.py
[2023-03-29T11:51:23.078+0000] {logging_mixin.py:137} INFO - [2023-03-29T11:51:23.078+0000] {dag.py:2693} INFO - Sync 1 DAGs
[2023-03-29T11:51:23.188+0000] {logging_mixin.py:137} INFO - [2023-03-29T11:51:23.188+0000] {dag.py:3444} INFO - Setting next_dagrun for example_dynamic_task_mapping to 2022-03-14T00:00:00+00:00, run_after=2022-03-15T00:00:00+00:00
[2023-03-29T11:51:23.464+0000] {processor.py:175} INFO - Processing /home/airflow/.local/lib/python3.7/site-packages/airflow/example_dags/example_dynamic_task_mapping.py took 0.678 seconds
[2023-03-29T11:51:53.952+0000] {processor.py:153} INFO - Started process (PID=247) to work on /home/airflow/.local/lib/python3.7/site-packages/airflow/example_dags/example_dynamic_task_mapping.py
[2023-03-29T11:51:53.962+0000] {processor.py:743} INFO - Processing file /home/airflow/.local/lib/python3.7/site-packages/airflow/example_dags/example_dynamic_task_mapping.py for tasks to queue
[2023-03-29T11:51:53.963+0000] {logging_mixin.py:137} INFO - [2023-03-29T11:51:53.963+0000] {dagbag.py:532} INFO - Filling up the DagBag from /home/airflow/.local/lib/python3.7/site-packages/airflow/example_dags/example_dynamic_task_mapping.py
[2023-03-29T11:51:53.976+0000] {processor.py:753} INFO - DAG(s) dict_keys(['example_dynamic_task_mapping']) retrieved from /home/airflow/.local/lib/python3.7/site-packages/airflow/example_dags/example_dynamic_task_mapping.py
[2023-03-29T11:51:54.243+0000] {logging_mixin.py:137} INFO - [2023-03-29T11:51:54.243+0000] {dag.py:2693} INFO - Sync 1 DAGs
[2023-03-29T11:51:54.357+0000] {logging_mixin.py:137} INFO - [2023-03-29T11:51:54.357+0000] {dag.py:3444} INFO - Setting next_dagrun for example_dynamic_task_mapping to 2022-03-14T00:00:00+00:00, run_after=2022-03-15T00:00:00+00:00
[2023-03-29T11:51:54.607+0000] {processor.py:175} INFO - Processing /home/airflow/.local/lib/python3.7/site-packages/airflow/example_dags/example_dynamic_task_mapping.py took 0.657 seconds
[2023-03-29T11:52:24.671+0000] {processor.py:153} INFO - Started process (PID=303) to work on /home/airflow/.local/lib/python3.7/site-packages/airflow/example_dags/example_dynamic_task_mapping.py
[2023-03-29T11:52:24.672+0000] {processor.py:743} INFO - Processing file /home/airflow/.local/lib/python3.7/site-packages/airflow/example_dags/example_dynamic_task_mapping.py for tasks to queue
[2023-03-29T11:52:24.672+0000] {logging_mixin.py:137} INFO - [2023-03-29T11:52:24.672+0000] {dagbag.py:532} INFO - Filling up the DagBag from /home/airflow/.local/lib/python3.7/site-packages/airflow/example_dags/example_dynamic_task_mapping.py
[2023-03-29T11:52:24.686+0000] {processor.py:753} INFO - DAG(s) dict_keys(['example_dynamic_task_mapping']) retrieved from /home/airflow/.local/lib/python3.7/site-packages/airflow/example_dags/example_dynamic_task_mapping.py
[2023-03-29T11:52:24.950+0000] {logging_mixin.py:137} INFO - [2023-03-29T11:52:24.950+0000] {dag.py:2693} INFO - Sync 1 DAGs
[2023-03-29T11:52:25.062+0000] {logging_mixin.py:137} INFO - [2023-03-29T11:52:25.062+0000] {dag.py:3444} INFO - Setting next_dagrun for example_dynamic_task_mapping to 2022-03-14T00:00:00+00:00, run_after=2022-03-15T00:00:00+00:00
[2023-03-29T11:52:25.349+0000] {processor.py:175} INFO - Processing /home/airflow/.local/lib/python3.7/site-packages/airflow/example_dags/example_dynamic_task_mapping.py took 0.680 seconds
[2023-03-29T11:52:55.594+0000] {processor.py:153} INFO - Started process (PID=352) to work on /home/airflow/.local/lib/python3.7/site-packages/airflow/example_dags/example_dynamic_task_mapping.py
[2023-03-29T11:52:55.605+0000] {processor.py:743} INFO - Processing file /home/airflow/.local/lib/python3.7/site-packages/airflow/example_dags/example_dynamic_task_mapping.py for tasks to queue
[2023-03-29T11:52:55.606+0000] {logging_mixin.py:137} INFO - [2023-03-29T11:52:55.606+0000] {dagbag.py:532} INFO - Filling up the DagBag from /home/airflow/.local/lib/python3.7/site-packages/airflow/example_dags/example_dynamic_task_mapping.py
[2023-03-29T11:52:55.619+0000] {processor.py:753} INFO - DAG(s) dict_keys(['example_dynamic_task_mapping']) retrieved from /home/airflow/.local/lib/python3.7/site-packages/airflow/example_dags/example_dynamic_task_mapping.py
[2023-03-29T11:52:55.885+0000] {logging_mixin.py:137} INFO - [2023-03-29T11:52:55.885+0000] {dag.py:2693} INFO - Sync 1 DAGs
[2023-03-29T11:52:55.989+0000] {logging_mixin.py:137} INFO - [2023-03-29T11:52:55.989+0000] {dag.py:3444} INFO - Setting next_dagrun for example_dynamic_task_mapping to 2022-03-14T00:00:00+00:00, run_after=2022-03-15T00:00:00+00:00
[2023-03-29T11:52:56.223+0000] {processor.py:175} INFO - Processing /home/airflow/.local/lib/python3.7/site-packages/airflow/example_dags/example_dynamic_task_mapping.py took 0.631 seconds
[2023-03-29T11:53:26.720+0000] {processor.py:153} INFO - Started process (PID=401) to work on /home/airflow/.local/lib/python3.7/site-packages/airflow/example_dags/example_dynamic_task_mapping.py
[2023-03-29T11:53:26.720+0000] {processor.py:743} INFO - Processing file /home/airflow/.local/lib/python3.7/site-packages/airflow/example_dags/example_dynamic_task_mapping.py for tasks to queue
[2023-03-29T11:53:26.721+0000] {logging_mixin.py:137} INFO - [2023-03-29T11:53:26.720+0000] {dagbag.py:532} INFO - Filling up the DagBag from /home/airflow/.local/lib/python3.7/site-packages/airflow/example_dags/example_dynamic_task_mapping.py
[2023-03-29T11:53:26.734+0000] {processor.py:753} INFO - DAG(s) dict_keys(['example_dynamic_task_mapping']) retrieved from /home/airflow/.local/lib/python3.7/site-packages/airflow/example_dags/example_dynamic_task_mapping.py
[2023-03-29T11:53:27.019+0000] {logging_mixin.py:137} INFO - [2023-03-29T11:53:27.019+0000] {dag.py:2693} INFO - Sync 1 DAGs
[2023-03-29T11:53:27.126+0000] {logging_mixin.py:137} INFO - [2023-03-29T11:53:27.125+0000] {dag.py:3444} INFO - Setting next_dagrun for example_dynamic_task_mapping to 2022-03-14T00:00:00+00:00, run_after=2022-03-15T00:00:00+00:00
[2023-03-29T11:53:27.417+0000] {processor.py:175} INFO - Processing /home/airflow/.local/lib/python3.7/site-packages/airflow/example_dags/example_dynamic_task_mapping.py took 0.700 seconds
[2023-03-29T11:53:58.013+0000] {processor.py:153} INFO - Started process (PID=450) to work on /home/airflow/.local/lib/python3.7/site-packages/airflow/example_dags/example_dynamic_task_mapping.py
[2023-03-29T11:53:58.014+0000] {processor.py:743} INFO - Processing file /home/airflow/.local/lib/python3.7/site-packages/airflow/example_dags/example_dynamic_task_mapping.py for tasks to queue
[2023-03-29T11:53:58.014+0000] {logging_mixin.py:137} INFO - [2023-03-29T11:53:58.014+0000] {dagbag.py:532} INFO - Filling up the DagBag from /home/airflow/.local/lib/python3.7/site-packages/airflow/example_dags/example_dynamic_task_mapping.py
[2023-03-29T11:53:58.029+0000] {processor.py:753} INFO - DAG(s) dict_keys(['example_dynamic_task_mapping']) retrieved from /home/airflow/.local/lib/python3.7/site-packages/airflow/example_dags/example_dynamic_task_mapping.py
[2023-03-29T11:53:58.298+0000] {logging_mixin.py:137} INFO - [2023-03-29T11:53:58.298+0000] {dag.py:2693} INFO - Sync 1 DAGs
[2023-03-29T11:53:58.404+0000] {logging_mixin.py:137} INFO - [2023-03-29T11:53:58.404+0000] {dag.py:3444} INFO - Setting next_dagrun for example_dynamic_task_mapping to 2022-03-14T00:00:00+00:00, run_after=2022-03-15T00:00:00+00:00
[2023-03-29T11:53:58.655+0000] {processor.py:175} INFO - Processing /home/airflow/.local/lib/python3.7/site-packages/airflow/example_dags/example_dynamic_task_mapping.py took 0.644 seconds
[2023-03-29T11:54:29.201+0000] {processor.py:153} INFO - Started process (PID=499) to work on /home/airflow/.local/lib/python3.7/site-packages/airflow/example_dags/example_dynamic_task_mapping.py
[2023-03-29T11:54:29.202+0000] {processor.py:743} INFO - Processing file /home/airflow/.local/lib/python3.7/site-packages/airflow/example_dags/example_dynamic_task_mapping.py for tasks to queue
[2023-03-29T11:54:29.202+0000] {logging_mixin.py:137} INFO - [2023-03-29T11:54:29.202+0000] {dagbag.py:532} INFO - Filling up the DagBag from /home/airflow/.local/lib/python3.7/site-packages/airflow/example_dags/example_dynamic_task_mapping.py
[2023-03-29T11:54:29.216+0000] {processor.py:753} INFO - DAG(s) dict_keys(['example_dynamic_task_mapping']) retrieved from /home/airflow/.local/lib/python3.7/site-packages/airflow/example_dags/example_dynamic_task_mapping.py
[2023-03-29T11:54:29.477+0000] {logging_mixin.py:137} INFO - [2023-03-29T11:54:29.477+0000] {dag.py:2693} INFO - Sync 1 DAGs
[2023-03-29T11:54:29.580+0000] {logging_mixin.py:137} INFO - [2023-03-29T11:54:29.580+0000] {dag.py:3444} INFO - Setting next_dagrun for example_dynamic_task_mapping to 2022-03-14T00:00:00+00:00, run_after=2022-03-15T00:00:00+00:00
[2023-03-29T11:54:29.839+0000] {processor.py:175} INFO - Processing /home/airflow/.local/lib/python3.7/site-packages/airflow/example_dags/example_dynamic_task_mapping.py took 0.640 seconds
[2023-03-29T11:55:00.520+0000] {processor.py:153} INFO - Started process (PID=548) to work on /home/airflow/.local/lib/python3.7/site-packages/airflow/example_dags/example_dynamic_task_mapping.py
[2023-03-29T11:55:00.529+0000] {processor.py:743} INFO - Processing file /home/airflow/.local/lib/python3.7/site-packages/airflow/example_dags/example_dynamic_task_mapping.py for tasks to queue
[2023-03-29T11:55:00.530+0000] {logging_mixin.py:137} INFO - [2023-03-29T11:55:00.530+0000] {dagbag.py:532} INFO - Filling up the DagBag from /home/airflow/.local/lib/python3.7/site-packages/airflow/example_dags/example_dynamic_task_mapping.py
[2023-03-29T11:55:00.543+0000] {processor.py:753} INFO - DAG(s) dict_keys(['example_dynamic_task_mapping']) retrieved from /home/airflow/.local/lib/python3.7/site-packages/airflow/example_dags/example_dynamic_task_mapping.py
[2023-03-29T11:55:00.820+0000] {logging_mixin.py:137} INFO - [2023-03-29T11:55:00.820+0000] {dag.py:2693} INFO - Sync 1 DAGs
[2023-03-29T11:55:00.927+0000] {logging_mixin.py:137} INFO - [2023-03-29T11:55:00.927+0000] {dag.py:3444} INFO - Setting next_dagrun for example_dynamic_task_mapping to 2022-03-14T00:00:00+00:00, run_after=2022-03-15T00:00:00+00:00
[2023-03-29T11:55:01.185+0000] {processor.py:175} INFO - Processing /home/airflow/.local/lib/python3.7/site-packages/airflow/example_dags/example_dynamic_task_mapping.py took 0.667 seconds
