[2023-03-29T11:50:13.192+0000] {processor.py:153} INFO - Started process (PID=82) to work on /home/airflow/.local/lib/python3.7/site-packages/airflow/example_dags/example_sensor_decorator.py
[2023-03-29T11:50:13.193+0000] {processor.py:743} INFO - Processing file /home/airflow/.local/lib/python3.7/site-packages/airflow/example_dags/example_sensor_decorator.py for tasks to queue
[2023-03-29T11:50:13.193+0000] {logging_mixin.py:137} INFO - [2023-03-29T11:50:13.193+0000] {dagbag.py:532} INFO - Filling up the DagBag from /home/airflow/.local/lib/python3.7/site-packages/airflow/example_dags/example_sensor_decorator.py
[2023-03-29T11:50:13.207+0000] {processor.py:753} INFO - DAG(s) dict_keys(['example_sensor_decorator']) retrieved from /home/airflow/.local/lib/python3.7/site-packages/airflow/example_dags/example_sensor_decorator.py
[2023-03-29T11:50:13.472+0000] {logging_mixin.py:137} INFO - [2023-03-29T11:50:13.472+0000] {dag.py:2693} INFO - Sync 1 DAGs
[2023-03-29T11:50:13.580+0000] {logging_mixin.py:137} INFO - [2023-03-29T11:50:13.580+0000] {dag.py:3444} INFO - Setting next_dagrun for example_sensor_decorator to None, run_after=None
[2023-03-29T11:50:13.834+0000] {processor.py:175} INFO - Processing /home/airflow/.local/lib/python3.7/site-packages/airflow/example_dags/example_sensor_decorator.py took 0.644 seconds
[2023-03-29T11:50:44.712+0000] {processor.py:153} INFO - Started process (PID=131) to work on /home/airflow/.local/lib/python3.7/site-packages/airflow/example_dags/example_sensor_decorator.py
[2023-03-29T11:50:44.712+0000] {processor.py:743} INFO - Processing file /home/airflow/.local/lib/python3.7/site-packages/airflow/example_dags/example_sensor_decorator.py for tasks to queue
[2023-03-29T11:50:44.712+0000] {logging_mixin.py:137} INFO - [2023-03-29T11:50:44.712+0000] {dagbag.py:532} INFO - Filling up the DagBag from /home/airflow/.local/lib/python3.7/site-packages/airflow/example_dags/example_sensor_decorator.py
[2023-03-29T11:50:44.724+0000] {processor.py:753} INFO - DAG(s) dict_keys(['example_sensor_decorator']) retrieved from /home/airflow/.local/lib/python3.7/site-packages/airflow/example_dags/example_sensor_decorator.py
[2023-03-29T11:50:44.992+0000] {logging_mixin.py:137} INFO - [2023-03-29T11:50:44.992+0000] {dag.py:2693} INFO - Sync 1 DAGs
[2023-03-29T11:50:45.113+0000] {logging_mixin.py:137} INFO - [2023-03-29T11:50:45.113+0000] {dag.py:3444} INFO - Setting next_dagrun for example_sensor_decorator to None, run_after=None
[2023-03-29T11:50:45.358+0000] {processor.py:175} INFO - Processing /home/airflow/.local/lib/python3.7/site-packages/airflow/example_dags/example_sensor_decorator.py took 0.648 seconds
[2023-03-29T11:51:15.570+0000] {processor.py:153} INFO - Started process (PID=180) to work on /home/airflow/.local/lib/python3.7/site-packages/airflow/example_dags/example_sensor_decorator.py
[2023-03-29T11:51:15.580+0000] {processor.py:743} INFO - Processing file /home/airflow/.local/lib/python3.7/site-packages/airflow/example_dags/example_sensor_decorator.py for tasks to queue
[2023-03-29T11:51:15.580+0000] {logging_mixin.py:137} INFO - [2023-03-29T11:51:15.580+0000] {dagbag.py:532} INFO - Filling up the DagBag from /home/airflow/.local/lib/python3.7/site-packages/airflow/example_dags/example_sensor_decorator.py
[2023-03-29T11:51:15.593+0000] {processor.py:753} INFO - DAG(s) dict_keys(['example_sensor_decorator']) retrieved from /home/airflow/.local/lib/python3.7/site-packages/airflow/example_dags/example_sensor_decorator.py
[2023-03-29T11:51:15.848+0000] {logging_mixin.py:137} INFO - [2023-03-29T11:51:15.848+0000] {dag.py:2693} INFO - Sync 1 DAGs
[2023-03-29T11:51:15.970+0000] {logging_mixin.py:137} INFO - [2023-03-29T11:51:15.970+0000] {dag.py:3444} INFO - Setting next_dagrun for example_sensor_decorator to None, run_after=None
[2023-03-29T11:51:16.210+0000] {processor.py:175} INFO - Processing /home/airflow/.local/lib/python3.7/site-packages/airflow/example_dags/example_sensor_decorator.py took 0.642 seconds
[2023-03-29T11:51:46.361+0000] {processor.py:153} INFO - Started process (PID=229) to work on /home/airflow/.local/lib/python3.7/site-packages/airflow/example_dags/example_sensor_decorator.py
[2023-03-29T11:51:46.362+0000] {processor.py:743} INFO - Processing file /home/airflow/.local/lib/python3.7/site-packages/airflow/example_dags/example_sensor_decorator.py for tasks to queue
[2023-03-29T11:51:46.362+0000] {logging_mixin.py:137} INFO - [2023-03-29T11:51:46.362+0000] {dagbag.py:532} INFO - Filling up the DagBag from /home/airflow/.local/lib/python3.7/site-packages/airflow/example_dags/example_sensor_decorator.py
[2023-03-29T11:51:46.375+0000] {processor.py:753} INFO - DAG(s) dict_keys(['example_sensor_decorator']) retrieved from /home/airflow/.local/lib/python3.7/site-packages/airflow/example_dags/example_sensor_decorator.py
[2023-03-29T11:51:46.639+0000] {logging_mixin.py:137} INFO - [2023-03-29T11:51:46.639+0000] {dag.py:2693} INFO - Sync 1 DAGs
[2023-03-29T11:51:46.743+0000] {logging_mixin.py:137} INFO - [2023-03-29T11:51:46.743+0000] {dag.py:3444} INFO - Setting next_dagrun for example_sensor_decorator to None, run_after=None
[2023-03-29T11:51:46.999+0000] {processor.py:175} INFO - Processing /home/airflow/.local/lib/python3.7/site-packages/airflow/example_dags/example_sensor_decorator.py took 0.640 seconds
[2023-03-29T11:52:17.624+0000] {processor.py:153} INFO - Started process (PID=278) to work on /home/airflow/.local/lib/python3.7/site-packages/airflow/example_dags/example_sensor_decorator.py
[2023-03-29T11:52:17.625+0000] {processor.py:743} INFO - Processing file /home/airflow/.local/lib/python3.7/site-packages/airflow/example_dags/example_sensor_decorator.py for tasks to queue
[2023-03-29T11:52:17.625+0000] {logging_mixin.py:137} INFO - [2023-03-29T11:52:17.625+0000] {dagbag.py:532} INFO - Filling up the DagBag from /home/airflow/.local/lib/python3.7/site-packages/airflow/example_dags/example_sensor_decorator.py
[2023-03-29T11:52:17.641+0000] {processor.py:753} INFO - DAG(s) dict_keys(['example_sensor_decorator']) retrieved from /home/airflow/.local/lib/python3.7/site-packages/airflow/example_dags/example_sensor_decorator.py
[2023-03-29T11:52:17.902+0000] {logging_mixin.py:137} INFO - [2023-03-29T11:52:17.902+0000] {dag.py:2693} INFO - Sync 1 DAGs
[2023-03-29T11:52:18.006+0000] {logging_mixin.py:137} INFO - [2023-03-29T11:52:18.006+0000] {dag.py:3444} INFO - Setting next_dagrun for example_sensor_decorator to None, run_after=None
[2023-03-29T11:52:18.256+0000] {processor.py:175} INFO - Processing /home/airflow/.local/lib/python3.7/site-packages/airflow/example_dags/example_sensor_decorator.py took 0.634 seconds
[2023-03-29T11:52:48.447+0000] {processor.py:153} INFO - Started process (PID=327) to work on /home/airflow/.local/lib/python3.7/site-packages/airflow/example_dags/example_sensor_decorator.py
[2023-03-29T11:52:48.448+0000] {processor.py:743} INFO - Processing file /home/airflow/.local/lib/python3.7/site-packages/airflow/example_dags/example_sensor_decorator.py for tasks to queue
[2023-03-29T11:52:48.448+0000] {logging_mixin.py:137} INFO - [2023-03-29T11:52:48.448+0000] {dagbag.py:532} INFO - Filling up the DagBag from /home/airflow/.local/lib/python3.7/site-packages/airflow/example_dags/example_sensor_decorator.py
[2023-03-29T11:52:48.462+0000] {processor.py:753} INFO - DAG(s) dict_keys(['example_sensor_decorator']) retrieved from /home/airflow/.local/lib/python3.7/site-packages/airflow/example_dags/example_sensor_decorator.py
[2023-03-29T11:52:48.747+0000] {logging_mixin.py:137} INFO - [2023-03-29T11:52:48.747+0000] {dag.py:2693} INFO - Sync 1 DAGs
[2023-03-29T11:52:48.864+0000] {logging_mixin.py:137} INFO - [2023-03-29T11:52:48.864+0000] {dag.py:3444} INFO - Setting next_dagrun for example_sensor_decorator to None, run_after=None
[2023-03-29T11:52:49.118+0000] {processor.py:175} INFO - Processing /home/airflow/.local/lib/python3.7/site-packages/airflow/example_dags/example_sensor_decorator.py took 0.673 seconds
[2023-03-29T11:53:19.199+0000] {processor.py:153} INFO - Started process (PID=375) to work on /home/airflow/.local/lib/python3.7/site-packages/airflow/example_dags/example_sensor_decorator.py
[2023-03-29T11:53:19.208+0000] {processor.py:743} INFO - Processing file /home/airflow/.local/lib/python3.7/site-packages/airflow/example_dags/example_sensor_decorator.py for tasks to queue
[2023-03-29T11:53:19.209+0000] {logging_mixin.py:137} INFO - [2023-03-29T11:53:19.209+0000] {dagbag.py:532} INFO - Filling up the DagBag from /home/airflow/.local/lib/python3.7/site-packages/airflow/example_dags/example_sensor_decorator.py
[2023-03-29T11:53:19.222+0000] {processor.py:753} INFO - DAG(s) dict_keys(['example_sensor_decorator']) retrieved from /home/airflow/.local/lib/python3.7/site-packages/airflow/example_dags/example_sensor_decorator.py
[2023-03-29T11:53:19.495+0000] {logging_mixin.py:137} INFO - [2023-03-29T11:53:19.495+0000] {dag.py:2693} INFO - Sync 1 DAGs
[2023-03-29T11:53:19.607+0000] {logging_mixin.py:137} INFO - [2023-03-29T11:53:19.607+0000] {dag.py:3444} INFO - Setting next_dagrun for example_sensor_decorator to None, run_after=None
[2023-03-29T11:53:19.871+0000] {processor.py:175} INFO - Processing /home/airflow/.local/lib/python3.7/site-packages/airflow/example_dags/example_sensor_decorator.py took 0.674 seconds
[2023-03-29T11:53:49.946+0000] {processor.py:153} INFO - Started process (PID=424) to work on /home/airflow/.local/lib/python3.7/site-packages/airflow/example_dags/example_sensor_decorator.py
[2023-03-29T11:53:49.946+0000] {processor.py:743} INFO - Processing file /home/airflow/.local/lib/python3.7/site-packages/airflow/example_dags/example_sensor_decorator.py for tasks to queue
[2023-03-29T11:53:49.947+0000] {logging_mixin.py:137} INFO - [2023-03-29T11:53:49.947+0000] {dagbag.py:532} INFO - Filling up the DagBag from /home/airflow/.local/lib/python3.7/site-packages/airflow/example_dags/example_sensor_decorator.py
[2023-03-29T11:53:49.960+0000] {processor.py:753} INFO - DAG(s) dict_keys(['example_sensor_decorator']) retrieved from /home/airflow/.local/lib/python3.7/site-packages/airflow/example_dags/example_sensor_decorator.py
[2023-03-29T11:53:50.234+0000] {logging_mixin.py:137} INFO - [2023-03-29T11:53:50.234+0000] {dag.py:2693} INFO - Sync 1 DAGs
[2023-03-29T11:53:50.341+0000] {logging_mixin.py:137} INFO - [2023-03-29T11:53:50.341+0000] {dag.py:3444} INFO - Setting next_dagrun for example_sensor_decorator to None, run_after=None
[2023-03-29T11:53:50.597+0000] {processor.py:175} INFO - Processing /home/airflow/.local/lib/python3.7/site-packages/airflow/example_dags/example_sensor_decorator.py took 0.653 seconds
[2023-03-29T11:54:20.957+0000] {processor.py:153} INFO - Started process (PID=473) to work on /home/airflow/.local/lib/python3.7/site-packages/airflow/example_dags/example_sensor_decorator.py
[2023-03-29T11:54:20.958+0000] {processor.py:743} INFO - Processing file /home/airflow/.local/lib/python3.7/site-packages/airflow/example_dags/example_sensor_decorator.py for tasks to queue
[2023-03-29T11:54:20.958+0000] {logging_mixin.py:137} INFO - [2023-03-29T11:54:20.958+0000] {dagbag.py:532} INFO - Filling up the DagBag from /home/airflow/.local/lib/python3.7/site-packages/airflow/example_dags/example_sensor_decorator.py
[2023-03-29T11:54:20.971+0000] {processor.py:753} INFO - DAG(s) dict_keys(['example_sensor_decorator']) retrieved from /home/airflow/.local/lib/python3.7/site-packages/airflow/example_dags/example_sensor_decorator.py
[2023-03-29T11:54:21.247+0000] {logging_mixin.py:137} INFO - [2023-03-29T11:54:21.247+0000] {dag.py:2693} INFO - Sync 1 DAGs
[2023-03-29T11:54:21.359+0000] {logging_mixin.py:137} INFO - [2023-03-29T11:54:21.358+0000] {dag.py:3444} INFO - Setting next_dagrun for example_sensor_decorator to None, run_after=None
[2023-03-29T11:54:21.611+0000] {processor.py:175} INFO - Processing /home/airflow/.local/lib/python3.7/site-packages/airflow/example_dags/example_sensor_decorator.py took 0.656 seconds
[2023-03-29T11:54:51.797+0000] {processor.py:153} INFO - Started process (PID=522) to work on /home/airflow/.local/lib/python3.7/site-packages/airflow/example_dags/example_sensor_decorator.py
[2023-03-29T11:54:51.797+0000] {processor.py:743} INFO - Processing file /home/airflow/.local/lib/python3.7/site-packages/airflow/example_dags/example_sensor_decorator.py for tasks to queue
[2023-03-29T11:54:51.797+0000] {logging_mixin.py:137} INFO - [2023-03-29T11:54:51.797+0000] {dagbag.py:532} INFO - Filling up the DagBag from /home/airflow/.local/lib/python3.7/site-packages/airflow/example_dags/example_sensor_decorator.py
[2023-03-29T11:54:51.810+0000] {processor.py:753} INFO - DAG(s) dict_keys(['example_sensor_decorator']) retrieved from /home/airflow/.local/lib/python3.7/site-packages/airflow/example_dags/example_sensor_decorator.py
[2023-03-29T11:54:52.078+0000] {logging_mixin.py:137} INFO - [2023-03-29T11:54:52.078+0000] {dag.py:2693} INFO - Sync 1 DAGs
[2023-03-29T11:54:52.189+0000] {logging_mixin.py:137} INFO - [2023-03-29T11:54:52.189+0000] {dag.py:3444} INFO - Setting next_dagrun for example_sensor_decorator to None, run_after=None
[2023-03-29T11:54:52.422+0000] {processor.py:175} INFO - Processing /home/airflow/.local/lib/python3.7/site-packages/airflow/example_dags/example_sensor_decorator.py took 0.627 seconds
[2023-03-29T11:55:22.828+0000] {processor.py:153} INFO - Started process (PID=571) to work on /home/airflow/.local/lib/python3.7/site-packages/airflow/example_dags/example_sensor_decorator.py
[2023-03-29T11:55:22.829+0000] {processor.py:743} INFO - Processing file /home/airflow/.local/lib/python3.7/site-packages/airflow/example_dags/example_sensor_decorator.py for tasks to queue
[2023-03-29T11:55:22.830+0000] {logging_mixin.py:137} INFO - [2023-03-29T11:55:22.830+0000] {dagbag.py:532} INFO - Filling up the DagBag from /home/airflow/.local/lib/python3.7/site-packages/airflow/example_dags/example_sensor_decorator.py
[2023-03-29T11:55:22.843+0000] {processor.py:753} INFO - DAG(s) dict_keys(['example_sensor_decorator']) retrieved from /home/airflow/.local/lib/python3.7/site-packages/airflow/example_dags/example_sensor_decorator.py
[2023-03-29T11:55:23.094+0000] {logging_mixin.py:137} INFO - [2023-03-29T11:55:23.094+0000] {dag.py:2693} INFO - Sync 1 DAGs
[2023-03-29T11:55:23.202+0000] {logging_mixin.py:137} INFO - [2023-03-29T11:55:23.202+0000] {dag.py:3444} INFO - Setting next_dagrun for example_sensor_decorator to None, run_after=None
[2023-03-29T11:55:23.433+0000] {processor.py:175} INFO - Processing /home/airflow/.local/lib/python3.7/site-packages/airflow/example_dags/example_sensor_decorator.py took 0.607 seconds
