[2023-03-29T11:50:09.006+0000] {processor.py:153} INFO - Started process (PID=74) to work on /home/airflow/.local/lib/python3.7/site-packages/airflow/example_dags/example_branch_labels.py
[2023-03-29T11:50:09.006+0000] {processor.py:743} INFO - Processing file /home/airflow/.local/lib/python3.7/site-packages/airflow/example_dags/example_branch_labels.py for tasks to queue
[2023-03-29T11:50:09.006+0000] {logging_mixin.py:137} INFO - [2023-03-29T11:50:09.006+0000] {dagbag.py:532} INFO - Filling up the DagBag from /home/airflow/.local/lib/python3.7/site-packages/airflow/example_dags/example_branch_labels.py
[2023-03-29T11:50:09.017+0000] {processor.py:753} INFO - DAG(s) dict_keys(['example_branch_labels']) retrieved from /home/airflow/.local/lib/python3.7/site-packages/airflow/example_dags/example_branch_labels.py
[2023-03-29T11:50:09.286+0000] {logging_mixin.py:137} INFO - [2023-03-29T11:50:09.286+0000] {dag.py:2693} INFO - Sync 1 DAGs
[2023-03-29T11:50:09.392+0000] {logging_mixin.py:137} INFO - [2023-03-29T11:50:09.392+0000] {dag.py:3444} INFO - Setting next_dagrun for example_branch_labels to 2023-03-28T00:00:00+00:00, run_after=2023-03-29T00:00:00+00:00
[2023-03-29T11:50:09.631+0000] {processor.py:175} INFO - Processing /home/airflow/.local/lib/python3.7/site-packages/airflow/example_dags/example_branch_labels.py took 0.627 seconds
[2023-03-29T11:50:39.872+0000] {processor.py:153} INFO - Started process (PID=123) to work on /home/airflow/.local/lib/python3.7/site-packages/airflow/example_dags/example_branch_labels.py
[2023-03-29T11:50:39.872+0000] {processor.py:743} INFO - Processing file /home/airflow/.local/lib/python3.7/site-packages/airflow/example_dags/example_branch_labels.py for tasks to queue
[2023-03-29T11:50:39.872+0000] {logging_mixin.py:137} INFO - [2023-03-29T11:50:39.872+0000] {dagbag.py:532} INFO - Filling up the DagBag from /home/airflow/.local/lib/python3.7/site-packages/airflow/example_dags/example_branch_labels.py
[2023-03-29T11:50:39.880+0000] {processor.py:753} INFO - DAG(s) dict_keys(['example_branch_labels']) retrieved from /home/airflow/.local/lib/python3.7/site-packages/airflow/example_dags/example_branch_labels.py
[2023-03-29T11:50:40.141+0000] {logging_mixin.py:137} INFO - [2023-03-29T11:50:40.141+0000] {dag.py:2693} INFO - Sync 1 DAGs
[2023-03-29T11:50:40.250+0000] {logging_mixin.py:137} INFO - [2023-03-29T11:50:40.250+0000] {dag.py:3444} INFO - Setting next_dagrun for example_branch_labels to 2023-03-28T00:00:00+00:00, run_after=2023-03-29T00:00:00+00:00
[2023-03-29T11:50:40.497+0000] {processor.py:175} INFO - Processing /home/airflow/.local/lib/python3.7/site-packages/airflow/example_dags/example_branch_labels.py took 0.627 seconds
[2023-03-29T11:51:10.875+0000] {processor.py:153} INFO - Started process (PID=172) to work on /home/airflow/.local/lib/python3.7/site-packages/airflow/example_dags/example_branch_labels.py
[2023-03-29T11:51:10.876+0000] {processor.py:743} INFO - Processing file /home/airflow/.local/lib/python3.7/site-packages/airflow/example_dags/example_branch_labels.py for tasks to queue
[2023-03-29T11:51:10.876+0000] {logging_mixin.py:137} INFO - [2023-03-29T11:51:10.876+0000] {dagbag.py:532} INFO - Filling up the DagBag from /home/airflow/.local/lib/python3.7/site-packages/airflow/example_dags/example_branch_labels.py
[2023-03-29T11:51:10.883+0000] {processor.py:753} INFO - DAG(s) dict_keys(['example_branch_labels']) retrieved from /home/airflow/.local/lib/python3.7/site-packages/airflow/example_dags/example_branch_labels.py
[2023-03-29T11:51:11.147+0000] {logging_mixin.py:137} INFO - [2023-03-29T11:51:11.147+0000] {dag.py:2693} INFO - Sync 1 DAGs
[2023-03-29T11:51:11.257+0000] {logging_mixin.py:137} INFO - [2023-03-29T11:51:11.257+0000] {dag.py:3444} INFO - Setting next_dagrun for example_branch_labels to 2023-03-28T00:00:00+00:00, run_after=2023-03-29T00:00:00+00:00
[2023-03-29T11:51:11.482+0000] {processor.py:175} INFO - Processing /home/airflow/.local/lib/python3.7/site-packages/airflow/example_dags/example_branch_labels.py took 0.608 seconds
[2023-03-29T11:51:42.011+0000] {processor.py:153} INFO - Started process (PID=221) to work on /home/airflow/.local/lib/python3.7/site-packages/airflow/example_dags/example_branch_labels.py
[2023-03-29T11:51:42.011+0000] {processor.py:743} INFO - Processing file /home/airflow/.local/lib/python3.7/site-packages/airflow/example_dags/example_branch_labels.py for tasks to queue
[2023-03-29T11:51:42.011+0000] {logging_mixin.py:137} INFO - [2023-03-29T11:51:42.011+0000] {dagbag.py:532} INFO - Filling up the DagBag from /home/airflow/.local/lib/python3.7/site-packages/airflow/example_dags/example_branch_labels.py
[2023-03-29T11:51:42.022+0000] {processor.py:753} INFO - DAG(s) dict_keys(['example_branch_labels']) retrieved from /home/airflow/.local/lib/python3.7/site-packages/airflow/example_dags/example_branch_labels.py
[2023-03-29T11:51:42.292+0000] {logging_mixin.py:137} INFO - [2023-03-29T11:51:42.292+0000] {dag.py:2693} INFO - Sync 1 DAGs
[2023-03-29T11:51:42.408+0000] {logging_mixin.py:137} INFO - [2023-03-29T11:51:42.408+0000] {dag.py:3444} INFO - Setting next_dagrun for example_branch_labels to 2023-03-28T00:00:00+00:00, run_after=2023-03-29T00:00:00+00:00
[2023-03-29T11:51:42.654+0000] {processor.py:175} INFO - Processing /home/airflow/.local/lib/python3.7/site-packages/airflow/example_dags/example_branch_labels.py took 0.645 seconds
[2023-03-29T11:52:13.126+0000] {processor.py:153} INFO - Started process (PID=270) to work on /home/airflow/.local/lib/python3.7/site-packages/airflow/example_dags/example_branch_labels.py
[2023-03-29T11:52:13.136+0000] {processor.py:743} INFO - Processing file /home/airflow/.local/lib/python3.7/site-packages/airflow/example_dags/example_branch_labels.py for tasks to queue
[2023-03-29T11:52:13.136+0000] {logging_mixin.py:137} INFO - [2023-03-29T11:52:13.136+0000] {dagbag.py:532} INFO - Filling up the DagBag from /home/airflow/.local/lib/python3.7/site-packages/airflow/example_dags/example_branch_labels.py
[2023-03-29T11:52:13.146+0000] {processor.py:753} INFO - DAG(s) dict_keys(['example_branch_labels']) retrieved from /home/airflow/.local/lib/python3.7/site-packages/airflow/example_dags/example_branch_labels.py
[2023-03-29T11:52:13.440+0000] {logging_mixin.py:137} INFO - [2023-03-29T11:52:13.440+0000] {dag.py:2693} INFO - Sync 1 DAGs
[2023-03-29T11:52:13.553+0000] {logging_mixin.py:137} INFO - [2023-03-29T11:52:13.553+0000] {dag.py:3444} INFO - Setting next_dagrun for example_branch_labels to 2023-03-28T00:00:00+00:00, run_after=2023-03-29T00:00:00+00:00
[2023-03-29T11:52:13.803+0000] {processor.py:175} INFO - Processing /home/airflow/.local/lib/python3.7/site-packages/airflow/example_dags/example_branch_labels.py took 0.679 seconds
[2023-03-29T11:52:43.860+0000] {processor.py:153} INFO - Started process (PID=319) to work on /home/airflow/.local/lib/python3.7/site-packages/airflow/example_dags/example_branch_labels.py
[2023-03-29T11:52:43.861+0000] {processor.py:743} INFO - Processing file /home/airflow/.local/lib/python3.7/site-packages/airflow/example_dags/example_branch_labels.py for tasks to queue
[2023-03-29T11:52:43.862+0000] {logging_mixin.py:137} INFO - [2023-03-29T11:52:43.861+0000] {dagbag.py:532} INFO - Filling up the DagBag from /home/airflow/.local/lib/python3.7/site-packages/airflow/example_dags/example_branch_labels.py
[2023-03-29T11:52:43.871+0000] {processor.py:753} INFO - DAG(s) dict_keys(['example_branch_labels']) retrieved from /home/airflow/.local/lib/python3.7/site-packages/airflow/example_dags/example_branch_labels.py
[2023-03-29T11:52:44.158+0000] {logging_mixin.py:137} INFO - [2023-03-29T11:52:44.158+0000] {dag.py:2693} INFO - Sync 1 DAGs
[2023-03-29T11:52:44.264+0000] {logging_mixin.py:137} INFO - [2023-03-29T11:52:44.264+0000] {dag.py:3444} INFO - Setting next_dagrun for example_branch_labels to 2023-03-28T00:00:00+00:00, run_after=2023-03-29T00:00:00+00:00
[2023-03-29T11:52:44.515+0000] {processor.py:175} INFO - Processing /home/airflow/.local/lib/python3.7/site-packages/airflow/example_dags/example_branch_labels.py took 0.657 seconds
[2023-03-29T11:53:15.187+0000] {processor.py:153} INFO - Started process (PID=368) to work on /home/airflow/.local/lib/python3.7/site-packages/airflow/example_dags/example_branch_labels.py
[2023-03-29T11:53:15.187+0000] {processor.py:743} INFO - Processing file /home/airflow/.local/lib/python3.7/site-packages/airflow/example_dags/example_branch_labels.py for tasks to queue
[2023-03-29T11:53:15.188+0000] {logging_mixin.py:137} INFO - [2023-03-29T11:53:15.188+0000] {dagbag.py:532} INFO - Filling up the DagBag from /home/airflow/.local/lib/python3.7/site-packages/airflow/example_dags/example_branch_labels.py
[2023-03-29T11:53:15.197+0000] {processor.py:753} INFO - DAG(s) dict_keys(['example_branch_labels']) retrieved from /home/airflow/.local/lib/python3.7/site-packages/airflow/example_dags/example_branch_labels.py
[2023-03-29T11:53:15.463+0000] {logging_mixin.py:137} INFO - [2023-03-29T11:53:15.463+0000] {dag.py:2693} INFO - Sync 1 DAGs
[2023-03-29T11:53:15.578+0000] {logging_mixin.py:137} INFO - [2023-03-29T11:53:15.578+0000] {dag.py:3444} INFO - Setting next_dagrun for example_branch_labels to 2023-03-28T00:00:00+00:00, run_after=2023-03-29T00:00:00+00:00
[2023-03-29T11:53:16.130+0000] {processor.py:175} INFO - Processing /home/airflow/.local/lib/python3.7/site-packages/airflow/example_dags/example_branch_labels.py took 0.945 seconds
[2023-03-29T11:53:47.036+0000] {processor.py:153} INFO - Started process (PID=417) to work on /home/airflow/.local/lib/python3.7/site-packages/airflow/example_dags/example_branch_labels.py
[2023-03-29T11:53:47.046+0000] {processor.py:743} INFO - Processing file /home/airflow/.local/lib/python3.7/site-packages/airflow/example_dags/example_branch_labels.py for tasks to queue
[2023-03-29T11:53:47.047+0000] {logging_mixin.py:137} INFO - [2023-03-29T11:53:47.047+0000] {dagbag.py:532} INFO - Filling up the DagBag from /home/airflow/.local/lib/python3.7/site-packages/airflow/example_dags/example_branch_labels.py
[2023-03-29T11:53:47.056+0000] {processor.py:753} INFO - DAG(s) dict_keys(['example_branch_labels']) retrieved from /home/airflow/.local/lib/python3.7/site-packages/airflow/example_dags/example_branch_labels.py
[2023-03-29T11:53:47.325+0000] {logging_mixin.py:137} INFO - [2023-03-29T11:53:47.325+0000] {dag.py:2693} INFO - Sync 1 DAGs
[2023-03-29T11:53:47.437+0000] {logging_mixin.py:137} INFO - [2023-03-29T11:53:47.437+0000] {dag.py:3444} INFO - Setting next_dagrun for example_branch_labels to 2023-03-28T00:00:00+00:00, run_after=2023-03-29T00:00:00+00:00
[2023-03-29T11:53:47.692+0000] {processor.py:175} INFO - Processing /home/airflow/.local/lib/python3.7/site-packages/airflow/example_dags/example_branch_labels.py took 0.658 seconds
[2023-03-29T11:54:18.104+0000] {processor.py:153} INFO - Started process (PID=466) to work on /home/airflow/.local/lib/python3.7/site-packages/airflow/example_dags/example_branch_labels.py
[2023-03-29T11:54:18.105+0000] {processor.py:743} INFO - Processing file /home/airflow/.local/lib/python3.7/site-packages/airflow/example_dags/example_branch_labels.py for tasks to queue
[2023-03-29T11:54:18.105+0000] {logging_mixin.py:137} INFO - [2023-03-29T11:54:18.105+0000] {dagbag.py:532} INFO - Filling up the DagBag from /home/airflow/.local/lib/python3.7/site-packages/airflow/example_dags/example_branch_labels.py
[2023-03-29T11:54:18.114+0000] {processor.py:753} INFO - DAG(s) dict_keys(['example_branch_labels']) retrieved from /home/airflow/.local/lib/python3.7/site-packages/airflow/example_dags/example_branch_labels.py
[2023-03-29T11:54:18.385+0000] {logging_mixin.py:137} INFO - [2023-03-29T11:54:18.385+0000] {dag.py:2693} INFO - Sync 1 DAGs
[2023-03-29T11:54:18.495+0000] {logging_mixin.py:137} INFO - [2023-03-29T11:54:18.495+0000] {dag.py:3444} INFO - Setting next_dagrun for example_branch_labels to 2023-03-28T00:00:00+00:00, run_after=2023-03-29T00:00:00+00:00
[2023-03-29T11:54:18.751+0000] {processor.py:175} INFO - Processing /home/airflow/.local/lib/python3.7/site-packages/airflow/example_dags/example_branch_labels.py took 0.649 seconds
[2023-03-29T11:54:49.255+0000] {processor.py:153} INFO - Started process (PID=515) to work on /home/airflow/.local/lib/python3.7/site-packages/airflow/example_dags/example_branch_labels.py
[2023-03-29T11:54:49.265+0000] {processor.py:743} INFO - Processing file /home/airflow/.local/lib/python3.7/site-packages/airflow/example_dags/example_branch_labels.py for tasks to queue
[2023-03-29T11:54:49.265+0000] {logging_mixin.py:137} INFO - [2023-03-29T11:54:49.265+0000] {dagbag.py:532} INFO - Filling up the DagBag from /home/airflow/.local/lib/python3.7/site-packages/airflow/example_dags/example_branch_labels.py
[2023-03-29T11:54:49.274+0000] {processor.py:753} INFO - DAG(s) dict_keys(['example_branch_labels']) retrieved from /home/airflow/.local/lib/python3.7/site-packages/airflow/example_dags/example_branch_labels.py
[2023-03-29T11:54:49.522+0000] {logging_mixin.py:137} INFO - [2023-03-29T11:54:49.522+0000] {dag.py:2693} INFO - Sync 1 DAGs
[2023-03-29T11:54:49.627+0000] {logging_mixin.py:137} INFO - [2023-03-29T11:54:49.626+0000] {dag.py:3444} INFO - Setting next_dagrun for example_branch_labels to 2023-03-28T00:00:00+00:00, run_after=2023-03-29T00:00:00+00:00
[2023-03-29T11:54:49.859+0000] {processor.py:175} INFO - Processing /home/airflow/.local/lib/python3.7/site-packages/airflow/example_dags/example_branch_labels.py took 0.607 seconds
[2023-03-29T11:55:20.150+0000] {processor.py:153} INFO - Started process (PID=564) to work on /home/airflow/.local/lib/python3.7/site-packages/airflow/example_dags/example_branch_labels.py
[2023-03-29T11:55:20.150+0000] {processor.py:743} INFO - Processing file /home/airflow/.local/lib/python3.7/site-packages/airflow/example_dags/example_branch_labels.py for tasks to queue
[2023-03-29T11:55:20.151+0000] {logging_mixin.py:137} INFO - [2023-03-29T11:55:20.150+0000] {dagbag.py:532} INFO - Filling up the DagBag from /home/airflow/.local/lib/python3.7/site-packages/airflow/example_dags/example_branch_labels.py
[2023-03-29T11:55:20.159+0000] {processor.py:753} INFO - DAG(s) dict_keys(['example_branch_labels']) retrieved from /home/airflow/.local/lib/python3.7/site-packages/airflow/example_dags/example_branch_labels.py
[2023-03-29T11:55:20.422+0000] {logging_mixin.py:137} INFO - [2023-03-29T11:55:20.422+0000] {dag.py:2693} INFO - Sync 1 DAGs
[2023-03-29T11:55:20.531+0000] {logging_mixin.py:137} INFO - [2023-03-29T11:55:20.531+0000] {dag.py:3444} INFO - Setting next_dagrun for example_branch_labels to 2023-03-28T00:00:00+00:00, run_after=2023-03-29T00:00:00+00:00
[2023-03-29T11:55:20.767+0000] {processor.py:175} INFO - Processing /home/airflow/.local/lib/python3.7/site-packages/airflow/example_dags/example_branch_labels.py took 0.619 seconds
