[2023-03-29T11:50:01.318+0000] {processor.py:153} INFO - Started process (PID=63) to work on /home/airflow/.local/lib/python3.7/site-packages/airflow/example_dags/example_params_ui_tutorial.py
[2023-03-29T11:50:01.318+0000] {processor.py:743} INFO - Processing file /home/airflow/.local/lib/python3.7/site-packages/airflow/example_dags/example_params_ui_tutorial.py for tasks to queue
[2023-03-29T11:50:01.319+0000] {logging_mixin.py:137} INFO - [2023-03-29T11:50:01.319+0000] {dagbag.py:532} INFO - Filling up the DagBag from /home/airflow/.local/lib/python3.7/site-packages/airflow/example_dags/example_params_ui_tutorial.py
[2023-03-29T11:50:01.368+0000] {processor.py:753} INFO - DAG(s) dict_keys(['example_params_ui_tutorial']) retrieved from /home/airflow/.local/lib/python3.7/site-packages/airflow/example_dags/example_params_ui_tutorial.py
[2023-03-29T11:50:01.693+0000] {logging_mixin.py:137} INFO - [2023-03-29T11:50:01.693+0000] {dag.py:2693} INFO - Sync 1 DAGs
[2023-03-29T11:50:01.806+0000] {logging_mixin.py:137} INFO - [2023-03-29T11:50:01.806+0000] {dag.py:3444} INFO - Setting next_dagrun for example_params_ui_tutorial to None, run_after=None
[2023-03-29T11:50:02.501+0000] {processor.py:175} INFO - Processing /home/airflow/.local/lib/python3.7/site-packages/airflow/example_dags/example_params_ui_tutorial.py took 1.186 seconds
[2023-03-29T11:50:03.371+0000] {processor.py:153} INFO - Started process (PID=66) to work on /home/airflow/.local/lib/python3.7/site-packages/airflow/example_dags/example_params_ui_tutorial.py
[2023-03-29T11:50:03.372+0000] {processor.py:743} INFO - Processing file /home/airflow/.local/lib/python3.7/site-packages/airflow/example_dags/example_params_ui_tutorial.py for tasks to queue
[2023-03-29T11:50:03.372+0000] {logging_mixin.py:137} INFO - [2023-03-29T11:50:03.372+0000] {dagbag.py:532} INFO - Filling up the DagBag from /home/airflow/.local/lib/python3.7/site-packages/airflow/example_dags/example_params_ui_tutorial.py
[2023-03-29T11:50:03.410+0000] {processor.py:753} INFO - DAG(s) dict_keys(['example_params_ui_tutorial']) retrieved from /home/airflow/.local/lib/python3.7/site-packages/airflow/example_dags/example_params_ui_tutorial.py
[2023-03-29T11:50:03.762+0000] {logging_mixin.py:137} INFO - [2023-03-29T11:50:03.762+0000] {dag.py:2693} INFO - Sync 1 DAGs
[2023-03-29T11:50:03.882+0000] {logging_mixin.py:137} INFO - [2023-03-29T11:50:03.882+0000] {dag.py:3444} INFO - Setting next_dagrun for example_params_ui_tutorial to None, run_after=None
[2023-03-29T11:50:04.151+0000] {processor.py:175} INFO - Processing /home/airflow/.local/lib/python3.7/site-packages/airflow/example_dags/example_params_ui_tutorial.py took 0.782 seconds
[2023-03-29T11:50:06.140+0000] {processor.py:153} INFO - Started process (PID=69) to work on /home/airflow/.local/lib/python3.7/site-packages/airflow/example_dags/example_params_ui_tutorial.py
[2023-03-29T11:50:06.140+0000] {processor.py:743} INFO - Processing file /home/airflow/.local/lib/python3.7/site-packages/airflow/example_dags/example_params_ui_tutorial.py for tasks to queue
[2023-03-29T11:50:06.140+0000] {logging_mixin.py:137} INFO - [2023-03-29T11:50:06.140+0000] {dagbag.py:532} INFO - Filling up the DagBag from /home/airflow/.local/lib/python3.7/site-packages/airflow/example_dags/example_params_ui_tutorial.py
[2023-03-29T11:50:06.174+0000] {processor.py:753} INFO - DAG(s) dict_keys(['example_params_ui_tutorial']) retrieved from /home/airflow/.local/lib/python3.7/site-packages/airflow/example_dags/example_params_ui_tutorial.py
[2023-03-29T11:50:06.453+0000] {logging_mixin.py:137} INFO - [2023-03-29T11:50:06.453+0000] {dag.py:2693} INFO - Sync 1 DAGs
[2023-03-29T11:50:06.561+0000] {logging_mixin.py:137} INFO - [2023-03-29T11:50:06.561+0000] {dag.py:3444} INFO - Setting next_dagrun for example_params_ui_tutorial to None, run_after=None
[2023-03-29T11:50:06.820+0000] {processor.py:175} INFO - Processing /home/airflow/.local/lib/python3.7/site-packages/airflow/example_dags/example_params_ui_tutorial.py took 0.682 seconds
[2023-03-29T11:50:36.883+0000] {processor.py:153} INFO - Started process (PID=117) to work on /home/airflow/.local/lib/python3.7/site-packages/airflow/example_dags/example_params_ui_tutorial.py
[2023-03-29T11:50:36.893+0000] {processor.py:743} INFO - Processing file /home/airflow/.local/lib/python3.7/site-packages/airflow/example_dags/example_params_ui_tutorial.py for tasks to queue
[2023-03-29T11:50:36.893+0000] {logging_mixin.py:137} INFO - [2023-03-29T11:50:36.893+0000] {dagbag.py:532} INFO - Filling up the DagBag from /home/airflow/.local/lib/python3.7/site-packages/airflow/example_dags/example_params_ui_tutorial.py
[2023-03-29T11:50:36.930+0000] {processor.py:753} INFO - DAG(s) dict_keys(['example_params_ui_tutorial']) retrieved from /home/airflow/.local/lib/python3.7/site-packages/airflow/example_dags/example_params_ui_tutorial.py
[2023-03-29T11:50:37.242+0000] {logging_mixin.py:137} INFO - [2023-03-29T11:50:37.242+0000] {dag.py:2693} INFO - Sync 1 DAGs
[2023-03-29T11:50:37.351+0000] {logging_mixin.py:137} INFO - [2023-03-29T11:50:37.351+0000] {dag.py:3444} INFO - Setting next_dagrun for example_params_ui_tutorial to None, run_after=None
[2023-03-29T11:50:37.622+0000] {processor.py:175} INFO - Processing /home/airflow/.local/lib/python3.7/site-packages/airflow/example_dags/example_params_ui_tutorial.py took 0.742 seconds
[2023-03-29T11:51:07.851+0000] {processor.py:153} INFO - Started process (PID=166) to work on /home/airflow/.local/lib/python3.7/site-packages/airflow/example_dags/example_params_ui_tutorial.py
[2023-03-29T11:51:07.852+0000] {processor.py:743} INFO - Processing file /home/airflow/.local/lib/python3.7/site-packages/airflow/example_dags/example_params_ui_tutorial.py for tasks to queue
[2023-03-29T11:51:07.852+0000] {logging_mixin.py:137} INFO - [2023-03-29T11:51:07.852+0000] {dagbag.py:532} INFO - Filling up the DagBag from /home/airflow/.local/lib/python3.7/site-packages/airflow/example_dags/example_params_ui_tutorial.py
[2023-03-29T11:51:07.883+0000] {processor.py:753} INFO - DAG(s) dict_keys(['example_params_ui_tutorial']) retrieved from /home/airflow/.local/lib/python3.7/site-packages/airflow/example_dags/example_params_ui_tutorial.py
[2023-03-29T11:51:08.194+0000] {logging_mixin.py:137} INFO - [2023-03-29T11:51:08.194+0000] {dag.py:2693} INFO - Sync 1 DAGs
[2023-03-29T11:51:08.298+0000] {logging_mixin.py:137} INFO - [2023-03-29T11:51:08.298+0000] {dag.py:3444} INFO - Setting next_dagrun for example_params_ui_tutorial to None, run_after=None
[2023-03-29T11:51:08.524+0000] {processor.py:175} INFO - Processing /home/airflow/.local/lib/python3.7/site-packages/airflow/example_dags/example_params_ui_tutorial.py took 0.675 seconds
[2023-03-29T11:51:38.811+0000] {processor.py:153} INFO - Started process (PID=216) to work on /home/airflow/.local/lib/python3.7/site-packages/airflow/example_dags/example_params_ui_tutorial.py
[2023-03-29T11:51:38.812+0000] {processor.py:743} INFO - Processing file /home/airflow/.local/lib/python3.7/site-packages/airflow/example_dags/example_params_ui_tutorial.py for tasks to queue
[2023-03-29T11:51:38.812+0000] {logging_mixin.py:137} INFO - [2023-03-29T11:51:38.812+0000] {dagbag.py:532} INFO - Filling up the DagBag from /home/airflow/.local/lib/python3.7/site-packages/airflow/example_dags/example_params_ui_tutorial.py
[2023-03-29T11:51:38.847+0000] {processor.py:753} INFO - DAG(s) dict_keys(['example_params_ui_tutorial']) retrieved from /home/airflow/.local/lib/python3.7/site-packages/airflow/example_dags/example_params_ui_tutorial.py
[2023-03-29T11:51:39.139+0000] {logging_mixin.py:137} INFO - [2023-03-29T11:51:39.139+0000] {dag.py:2693} INFO - Sync 1 DAGs
[2023-03-29T11:51:39.243+0000] {logging_mixin.py:137} INFO - [2023-03-29T11:51:39.243+0000] {dag.py:3444} INFO - Setting next_dagrun for example_params_ui_tutorial to None, run_after=None
[2023-03-29T11:51:39.501+0000] {processor.py:175} INFO - Processing /home/airflow/.local/lib/python3.7/site-packages/airflow/example_dags/example_params_ui_tutorial.py took 0.691 seconds
[2023-03-29T11:52:10.142+0000] {processor.py:153} INFO - Started process (PID=265) to work on /home/airflow/.local/lib/python3.7/site-packages/airflow/example_dags/example_params_ui_tutorial.py
[2023-03-29T11:52:10.142+0000] {processor.py:743} INFO - Processing file /home/airflow/.local/lib/python3.7/site-packages/airflow/example_dags/example_params_ui_tutorial.py for tasks to queue
[2023-03-29T11:52:10.142+0000] {logging_mixin.py:137} INFO - [2023-03-29T11:52:10.142+0000] {dagbag.py:532} INFO - Filling up the DagBag from /home/airflow/.local/lib/python3.7/site-packages/airflow/example_dags/example_params_ui_tutorial.py
[2023-03-29T11:52:10.179+0000] {processor.py:753} INFO - DAG(s) dict_keys(['example_params_ui_tutorial']) retrieved from /home/airflow/.local/lib/python3.7/site-packages/airflow/example_dags/example_params_ui_tutorial.py
[2023-03-29T11:52:10.500+0000] {logging_mixin.py:137} INFO - [2023-03-29T11:52:10.500+0000] {dag.py:2693} INFO - Sync 1 DAGs
[2023-03-29T11:52:10.605+0000] {logging_mixin.py:137} INFO - [2023-03-29T11:52:10.605+0000] {dag.py:3444} INFO - Setting next_dagrun for example_params_ui_tutorial to None, run_after=None
[2023-03-29T11:52:10.891+0000] {processor.py:175} INFO - Processing /home/airflow/.local/lib/python3.7/site-packages/airflow/example_dags/example_params_ui_tutorial.py took 0.751 seconds
[2023-03-29T11:52:41.648+0000] {processor.py:153} INFO - Started process (PID=314) to work on /home/airflow/.local/lib/python3.7/site-packages/airflow/example_dags/example_params_ui_tutorial.py
[2023-03-29T11:52:41.649+0000] {processor.py:743} INFO - Processing file /home/airflow/.local/lib/python3.7/site-packages/airflow/example_dags/example_params_ui_tutorial.py for tasks to queue
[2023-03-29T11:52:41.650+0000] {logging_mixin.py:137} INFO - [2023-03-29T11:52:41.650+0000] {dagbag.py:532} INFO - Filling up the DagBag from /home/airflow/.local/lib/python3.7/site-packages/airflow/example_dags/example_params_ui_tutorial.py
[2023-03-29T11:52:41.683+0000] {processor.py:753} INFO - DAG(s) dict_keys(['example_params_ui_tutorial']) retrieved from /home/airflow/.local/lib/python3.7/site-packages/airflow/example_dags/example_params_ui_tutorial.py
[2023-03-29T11:52:41.982+0000] {logging_mixin.py:137} INFO - [2023-03-29T11:52:41.982+0000] {dag.py:2693} INFO - Sync 1 DAGs
[2023-03-29T11:52:42.098+0000] {logging_mixin.py:137} INFO - [2023-03-29T11:52:42.098+0000] {dag.py:3444} INFO - Setting next_dagrun for example_params_ui_tutorial to None, run_after=None
[2023-03-29T11:52:42.364+0000] {processor.py:175} INFO - Processing /home/airflow/.local/lib/python3.7/site-packages/airflow/example_dags/example_params_ui_tutorial.py took 0.717 seconds
[2023-03-29T11:53:12.862+0000] {processor.py:153} INFO - Started process (PID=363) to work on /home/airflow/.local/lib/python3.7/site-packages/airflow/example_dags/example_params_ui_tutorial.py
[2023-03-29T11:53:12.862+0000] {processor.py:743} INFO - Processing file /home/airflow/.local/lib/python3.7/site-packages/airflow/example_dags/example_params_ui_tutorial.py for tasks to queue
[2023-03-29T11:53:12.863+0000] {logging_mixin.py:137} INFO - [2023-03-29T11:53:12.863+0000] {dagbag.py:532} INFO - Filling up the DagBag from /home/airflow/.local/lib/python3.7/site-packages/airflow/example_dags/example_params_ui_tutorial.py
[2023-03-29T11:53:12.898+0000] {processor.py:753} INFO - DAG(s) dict_keys(['example_params_ui_tutorial']) retrieved from /home/airflow/.local/lib/python3.7/site-packages/airflow/example_dags/example_params_ui_tutorial.py
[2023-03-29T11:53:13.248+0000] {logging_mixin.py:137} INFO - [2023-03-29T11:53:13.248+0000] {dag.py:2693} INFO - Sync 1 DAGs
[2023-03-29T11:53:13.356+0000] {logging_mixin.py:137} INFO - [2023-03-29T11:53:13.356+0000] {dag.py:3444} INFO - Setting next_dagrun for example_params_ui_tutorial to None, run_after=None
[2023-03-29T11:53:13.613+0000] {processor.py:175} INFO - Processing /home/airflow/.local/lib/python3.7/site-packages/airflow/example_dags/example_params_ui_tutorial.py took 0.753 seconds
[2023-03-29T11:53:44.073+0000] {processor.py:153} INFO - Started process (PID=412) to work on /home/airflow/.local/lib/python3.7/site-packages/airflow/example_dags/example_params_ui_tutorial.py
[2023-03-29T11:53:44.074+0000] {processor.py:743} INFO - Processing file /home/airflow/.local/lib/python3.7/site-packages/airflow/example_dags/example_params_ui_tutorial.py for tasks to queue
[2023-03-29T11:53:44.074+0000] {logging_mixin.py:137} INFO - [2023-03-29T11:53:44.074+0000] {dagbag.py:532} INFO - Filling up the DagBag from /home/airflow/.local/lib/python3.7/site-packages/airflow/example_dags/example_params_ui_tutorial.py
[2023-03-29T11:53:44.108+0000] {processor.py:753} INFO - DAG(s) dict_keys(['example_params_ui_tutorial']) retrieved from /home/airflow/.local/lib/python3.7/site-packages/airflow/example_dags/example_params_ui_tutorial.py
[2023-03-29T11:53:44.413+0000] {logging_mixin.py:137} INFO - [2023-03-29T11:53:44.412+0000] {dag.py:2693} INFO - Sync 1 DAGs
[2023-03-29T11:53:44.525+0000] {logging_mixin.py:137} INFO - [2023-03-29T11:53:44.525+0000] {dag.py:3444} INFO - Setting next_dagrun for example_params_ui_tutorial to None, run_after=None
[2023-03-29T11:53:44.779+0000] {processor.py:175} INFO - Processing /home/airflow/.local/lib/python3.7/site-packages/airflow/example_dags/example_params_ui_tutorial.py took 0.708 seconds
[2023-03-29T11:54:15.544+0000] {processor.py:153} INFO - Started process (PID=461) to work on /home/airflow/.local/lib/python3.7/site-packages/airflow/example_dags/example_params_ui_tutorial.py
[2023-03-29T11:54:15.550+0000] {processor.py:743} INFO - Processing file /home/airflow/.local/lib/python3.7/site-packages/airflow/example_dags/example_params_ui_tutorial.py for tasks to queue
[2023-03-29T11:54:15.551+0000] {logging_mixin.py:137} INFO - [2023-03-29T11:54:15.551+0000] {dagbag.py:532} INFO - Filling up the DagBag from /home/airflow/.local/lib/python3.7/site-packages/airflow/example_dags/example_params_ui_tutorial.py
[2023-03-29T11:54:15.585+0000] {processor.py:753} INFO - DAG(s) dict_keys(['example_params_ui_tutorial']) retrieved from /home/airflow/.local/lib/python3.7/site-packages/airflow/example_dags/example_params_ui_tutorial.py
[2023-03-29T11:54:15.884+0000] {logging_mixin.py:137} INFO - [2023-03-29T11:54:15.884+0000] {dag.py:2693} INFO - Sync 1 DAGs
[2023-03-29T11:54:15.995+0000] {logging_mixin.py:137} INFO - [2023-03-29T11:54:15.994+0000] {dag.py:3444} INFO - Setting next_dagrun for example_params_ui_tutorial to None, run_after=None
[2023-03-29T11:54:16.257+0000] {processor.py:175} INFO - Processing /home/airflow/.local/lib/python3.7/site-packages/airflow/example_dags/example_params_ui_tutorial.py took 0.715 seconds
[2023-03-29T11:54:46.376+0000] {processor.py:153} INFO - Started process (PID=510) to work on /home/airflow/.local/lib/python3.7/site-packages/airflow/example_dags/example_params_ui_tutorial.py
[2023-03-29T11:54:46.376+0000] {processor.py:743} INFO - Processing file /home/airflow/.local/lib/python3.7/site-packages/airflow/example_dags/example_params_ui_tutorial.py for tasks to queue
[2023-03-29T11:54:46.376+0000] {logging_mixin.py:137} INFO - [2023-03-29T11:54:46.376+0000] {dagbag.py:532} INFO - Filling up the DagBag from /home/airflow/.local/lib/python3.7/site-packages/airflow/example_dags/example_params_ui_tutorial.py
[2023-03-29T11:54:46.410+0000] {processor.py:753} INFO - DAG(s) dict_keys(['example_params_ui_tutorial']) retrieved from /home/airflow/.local/lib/python3.7/site-packages/airflow/example_dags/example_params_ui_tutorial.py
[2023-03-29T11:54:46.722+0000] {logging_mixin.py:137} INFO - [2023-03-29T11:54:46.722+0000] {dag.py:2693} INFO - Sync 1 DAGs
[2023-03-29T11:54:46.830+0000] {logging_mixin.py:137} INFO - [2023-03-29T11:54:46.830+0000] {dag.py:3444} INFO - Setting next_dagrun for example_params_ui_tutorial to None, run_after=None
[2023-03-29T11:54:47.098+0000] {processor.py:175} INFO - Processing /home/airflow/.local/lib/python3.7/site-packages/airflow/example_dags/example_params_ui_tutorial.py took 0.725 seconds
[2023-03-29T11:55:18.036+0000] {processor.py:153} INFO - Started process (PID=559) to work on /home/airflow/.local/lib/python3.7/site-packages/airflow/example_dags/example_params_ui_tutorial.py
[2023-03-29T11:55:18.037+0000] {processor.py:743} INFO - Processing file /home/airflow/.local/lib/python3.7/site-packages/airflow/example_dags/example_params_ui_tutorial.py for tasks to queue
[2023-03-29T11:55:18.037+0000] {logging_mixin.py:137} INFO - [2023-03-29T11:55:18.037+0000] {dagbag.py:532} INFO - Filling up the DagBag from /home/airflow/.local/lib/python3.7/site-packages/airflow/example_dags/example_params_ui_tutorial.py
[2023-03-29T11:55:18.070+0000] {processor.py:753} INFO - DAG(s) dict_keys(['example_params_ui_tutorial']) retrieved from /home/airflow/.local/lib/python3.7/site-packages/airflow/example_dags/example_params_ui_tutorial.py
[2023-03-29T11:55:18.379+0000] {logging_mixin.py:137} INFO - [2023-03-29T11:55:18.379+0000] {dag.py:2693} INFO - Sync 1 DAGs
[2023-03-29T11:55:18.489+0000] {logging_mixin.py:137} INFO - [2023-03-29T11:55:18.489+0000] {dag.py:3444} INFO - Setting next_dagrun for example_params_ui_tutorial to None, run_after=None
[2023-03-29T11:55:18.754+0000] {processor.py:175} INFO - Processing /home/airflow/.local/lib/python3.7/site-packages/airflow/example_dags/example_params_ui_tutorial.py took 0.720 seconds
