[2023-03-29T11:50:08.117+0000] {processor.py:153} INFO - Started process (PID=72) to work on /home/airflow/.local/lib/python3.7/site-packages/airflow/example_dags/example_kubernetes_executor.py
[2023-03-29T11:50:08.118+0000] {processor.py:743} INFO - Processing file /home/airflow/.local/lib/python3.7/site-packages/airflow/example_dags/example_kubernetes_executor.py for tasks to queue
[2023-03-29T11:50:08.118+0000] {logging_mixin.py:137} INFO - [2023-03-29T11:50:08.118+0000] {dagbag.py:532} INFO - Filling up the DagBag from /home/airflow/.local/lib/python3.7/site-packages/airflow/example_dags/example_kubernetes_executor.py
[2023-03-29T11:50:08.137+0000] {processor.py:753} INFO - DAG(s) dict_keys(['example_kubernetes_executor']) retrieved from /home/airflow/.local/lib/python3.7/site-packages/airflow/example_dags/example_kubernetes_executor.py
[2023-03-29T11:50:08.413+0000] {logging_mixin.py:137} INFO - [2023-03-29T11:50:08.413+0000] {dag.py:2693} INFO - Sync 1 DAGs
[2023-03-29T11:50:08.523+0000] {logging_mixin.py:137} INFO - [2023-03-29T11:50:08.523+0000] {dag.py:3444} INFO - Setting next_dagrun for example_kubernetes_executor to None, run_after=None
[2023-03-29T11:50:08.787+0000] {processor.py:175} INFO - Processing /home/airflow/.local/lib/python3.7/site-packages/airflow/example_dags/example_kubernetes_executor.py took 0.671 seconds
[2023-03-29T11:50:39.058+0000] {processor.py:153} INFO - Started process (PID=121) to work on /home/airflow/.local/lib/python3.7/site-packages/airflow/example_dags/example_kubernetes_executor.py
[2023-03-29T11:50:39.058+0000] {processor.py:743} INFO - Processing file /home/airflow/.local/lib/python3.7/site-packages/airflow/example_dags/example_kubernetes_executor.py for tasks to queue
[2023-03-29T11:50:39.058+0000] {logging_mixin.py:137} INFO - [2023-03-29T11:50:39.058+0000] {dagbag.py:532} INFO - Filling up the DagBag from /home/airflow/.local/lib/python3.7/site-packages/airflow/example_dags/example_kubernetes_executor.py
[2023-03-29T11:50:39.073+0000] {processor.py:753} INFO - DAG(s) dict_keys(['example_kubernetes_executor']) retrieved from /home/airflow/.local/lib/python3.7/site-packages/airflow/example_dags/example_kubernetes_executor.py
[2023-03-29T11:50:39.451+0000] {logging_mixin.py:137} INFO - [2023-03-29T11:50:39.450+0000] {dag.py:2693} INFO - Sync 1 DAGs
[2023-03-29T11:50:39.576+0000] {logging_mixin.py:137} INFO - [2023-03-29T11:50:39.575+0000] {dag.py:3444} INFO - Setting next_dagrun for example_kubernetes_executor to None, run_after=None
[2023-03-29T11:50:39.812+0000] {processor.py:175} INFO - Processing /home/airflow/.local/lib/python3.7/site-packages/airflow/example_dags/example_kubernetes_executor.py took 0.756 seconds
[2023-03-29T11:51:10.091+0000] {processor.py:153} INFO - Started process (PID=170) to work on /home/airflow/.local/lib/python3.7/site-packages/airflow/example_dags/example_kubernetes_executor.py
[2023-03-29T11:51:10.091+0000] {processor.py:743} INFO - Processing file /home/airflow/.local/lib/python3.7/site-packages/airflow/example_dags/example_kubernetes_executor.py for tasks to queue
[2023-03-29T11:51:10.092+0000] {logging_mixin.py:137} INFO - [2023-03-29T11:51:10.092+0000] {dagbag.py:532} INFO - Filling up the DagBag from /home/airflow/.local/lib/python3.7/site-packages/airflow/example_dags/example_kubernetes_executor.py
[2023-03-29T11:51:10.109+0000] {processor.py:753} INFO - DAG(s) dict_keys(['example_kubernetes_executor']) retrieved from /home/airflow/.local/lib/python3.7/site-packages/airflow/example_dags/example_kubernetes_executor.py
[2023-03-29T11:51:10.409+0000] {logging_mixin.py:137} INFO - [2023-03-29T11:51:10.409+0000] {dag.py:2693} INFO - Sync 1 DAGs
[2023-03-29T11:51:10.529+0000] {logging_mixin.py:137} INFO - [2023-03-29T11:51:10.529+0000] {dag.py:3444} INFO - Setting next_dagrun for example_kubernetes_executor to None, run_after=None
[2023-03-29T11:51:10.820+0000] {processor.py:175} INFO - Processing /home/airflow/.local/lib/python3.7/site-packages/airflow/example_dags/example_kubernetes_executor.py took 0.731 seconds
[2023-03-29T11:51:40.959+0000] {processor.py:153} INFO - Started process (PID=219) to work on /home/airflow/.local/lib/python3.7/site-packages/airflow/example_dags/example_kubernetes_executor.py
[2023-03-29T11:51:40.959+0000] {processor.py:743} INFO - Processing file /home/airflow/.local/lib/python3.7/site-packages/airflow/example_dags/example_kubernetes_executor.py for tasks to queue
[2023-03-29T11:51:40.960+0000] {logging_mixin.py:137} INFO - [2023-03-29T11:51:40.959+0000] {dagbag.py:532} INFO - Filling up the DagBag from /home/airflow/.local/lib/python3.7/site-packages/airflow/example_dags/example_kubernetes_executor.py
[2023-03-29T11:51:40.977+0000] {processor.py:753} INFO - DAG(s) dict_keys(['example_kubernetes_executor']) retrieved from /home/airflow/.local/lib/python3.7/site-packages/airflow/example_dags/example_kubernetes_executor.py
[2023-03-29T11:51:41.258+0000] {logging_mixin.py:137} INFO - [2023-03-29T11:51:41.258+0000] {dag.py:2693} INFO - Sync 1 DAGs
[2023-03-29T11:51:41.369+0000] {logging_mixin.py:137} INFO - [2023-03-29T11:51:41.369+0000] {dag.py:3444} INFO - Setting next_dagrun for example_kubernetes_executor to None, run_after=None
[2023-03-29T11:51:41.631+0000] {processor.py:175} INFO - Processing /home/airflow/.local/lib/python3.7/site-packages/airflow/example_dags/example_kubernetes_executor.py took 0.675 seconds
[2023-03-29T11:52:11.738+0000] {processor.py:153} INFO - Started process (PID=268) to work on /home/airflow/.local/lib/python3.7/site-packages/airflow/example_dags/example_kubernetes_executor.py
[2023-03-29T11:52:11.748+0000] {processor.py:743} INFO - Processing file /home/airflow/.local/lib/python3.7/site-packages/airflow/example_dags/example_kubernetes_executor.py for tasks to queue
[2023-03-29T11:52:11.749+0000] {logging_mixin.py:137} INFO - [2023-03-29T11:52:11.749+0000] {dagbag.py:532} INFO - Filling up the DagBag from /home/airflow/.local/lib/python3.7/site-packages/airflow/example_dags/example_kubernetes_executor.py
[2023-03-29T11:52:11.767+0000] {processor.py:753} INFO - DAG(s) dict_keys(['example_kubernetes_executor']) retrieved from /home/airflow/.local/lib/python3.7/site-packages/airflow/example_dags/example_kubernetes_executor.py
[2023-03-29T11:52:12.056+0000] {logging_mixin.py:137} INFO - [2023-03-29T11:52:12.056+0000] {dag.py:2693} INFO - Sync 1 DAGs
[2023-03-29T11:52:12.169+0000] {logging_mixin.py:137} INFO - [2023-03-29T11:52:12.169+0000] {dag.py:3444} INFO - Setting next_dagrun for example_kubernetes_executor to None, run_after=None
[2023-03-29T11:52:12.432+0000] {processor.py:175} INFO - Processing /home/airflow/.local/lib/python3.7/site-packages/airflow/example_dags/example_kubernetes_executor.py took 0.696 seconds
[2023-03-29T11:52:43.117+0000] {processor.py:153} INFO - Started process (PID=317) to work on /home/airflow/.local/lib/python3.7/site-packages/airflow/example_dags/example_kubernetes_executor.py
[2023-03-29T11:52:43.117+0000] {processor.py:743} INFO - Processing file /home/airflow/.local/lib/python3.7/site-packages/airflow/example_dags/example_kubernetes_executor.py for tasks to queue
[2023-03-29T11:52:43.117+0000] {logging_mixin.py:137} INFO - [2023-03-29T11:52:43.117+0000] {dagbag.py:532} INFO - Filling up the DagBag from /home/airflow/.local/lib/python3.7/site-packages/airflow/example_dags/example_kubernetes_executor.py
[2023-03-29T11:52:43.135+0000] {processor.py:753} INFO - DAG(s) dict_keys(['example_kubernetes_executor']) retrieved from /home/airflow/.local/lib/python3.7/site-packages/airflow/example_dags/example_kubernetes_executor.py
[2023-03-29T11:52:43.416+0000] {logging_mixin.py:137} INFO - [2023-03-29T11:52:43.416+0000] {dag.py:2693} INFO - Sync 1 DAGs
[2023-03-29T11:52:43.527+0000] {logging_mixin.py:137} INFO - [2023-03-29T11:52:43.526+0000] {dag.py:3444} INFO - Setting next_dagrun for example_kubernetes_executor to None, run_after=None
[2023-03-29T11:52:43.798+0000] {processor.py:175} INFO - Processing /home/airflow/.local/lib/python3.7/site-packages/airflow/example_dags/example_kubernetes_executor.py took 0.683 seconds
[2023-03-29T11:53:14.465+0000] {processor.py:153} INFO - Started process (PID=366) to work on /home/airflow/.local/lib/python3.7/site-packages/airflow/example_dags/example_kubernetes_executor.py
[2023-03-29T11:53:14.475+0000] {processor.py:743} INFO - Processing file /home/airflow/.local/lib/python3.7/site-packages/airflow/example_dags/example_kubernetes_executor.py for tasks to queue
[2023-03-29T11:53:14.475+0000] {logging_mixin.py:137} INFO - [2023-03-29T11:53:14.475+0000] {dagbag.py:532} INFO - Filling up the DagBag from /home/airflow/.local/lib/python3.7/site-packages/airflow/example_dags/example_kubernetes_executor.py
[2023-03-29T11:53:14.493+0000] {processor.py:753} INFO - DAG(s) dict_keys(['example_kubernetes_executor']) retrieved from /home/airflow/.local/lib/python3.7/site-packages/airflow/example_dags/example_kubernetes_executor.py
[2023-03-29T11:53:14.757+0000] {logging_mixin.py:137} INFO - [2023-03-29T11:53:14.757+0000] {dag.py:2693} INFO - Sync 1 DAGs
[2023-03-29T11:53:14.867+0000] {logging_mixin.py:137} INFO - [2023-03-29T11:53:14.867+0000] {dag.py:3444} INFO - Setting next_dagrun for example_kubernetes_executor to None, run_after=None
[2023-03-29T11:53:15.128+0000] {processor.py:175} INFO - Processing /home/airflow/.local/lib/python3.7/site-packages/airflow/example_dags/example_kubernetes_executor.py took 0.664 seconds
[2023-03-29T11:53:46.346+0000] {processor.py:153} INFO - Started process (PID=415) to work on /home/airflow/.local/lib/python3.7/site-packages/airflow/example_dags/example_kubernetes_executor.py
[2023-03-29T11:53:46.346+0000] {processor.py:743} INFO - Processing file /home/airflow/.local/lib/python3.7/site-packages/airflow/example_dags/example_kubernetes_executor.py for tasks to queue
[2023-03-29T11:53:46.346+0000] {logging_mixin.py:137} INFO - [2023-03-29T11:53:46.346+0000] {dagbag.py:532} INFO - Filling up the DagBag from /home/airflow/.local/lib/python3.7/site-packages/airflow/example_dags/example_kubernetes_executor.py
[2023-03-29T11:53:46.364+0000] {processor.py:753} INFO - DAG(s) dict_keys(['example_kubernetes_executor']) retrieved from /home/airflow/.local/lib/python3.7/site-packages/airflow/example_dags/example_kubernetes_executor.py
[2023-03-29T11:53:46.631+0000] {logging_mixin.py:137} INFO - [2023-03-29T11:53:46.631+0000] {dag.py:2693} INFO - Sync 1 DAGs
[2023-03-29T11:53:46.740+0000] {logging_mixin.py:137} INFO - [2023-03-29T11:53:46.740+0000] {dag.py:3444} INFO - Setting next_dagrun for example_kubernetes_executor to None, run_after=None
[2023-03-29T11:53:46.986+0000] {processor.py:175} INFO - Processing /home/airflow/.local/lib/python3.7/site-packages/airflow/example_dags/example_kubernetes_executor.py took 0.643 seconds
[2023-03-29T11:54:17.408+0000] {processor.py:153} INFO - Started process (PID=465) to work on /home/airflow/.local/lib/python3.7/site-packages/airflow/example_dags/example_kubernetes_executor.py
[2023-03-29T11:54:17.409+0000] {processor.py:743} INFO - Processing file /home/airflow/.local/lib/python3.7/site-packages/airflow/example_dags/example_kubernetes_executor.py for tasks to queue
[2023-03-29T11:54:17.409+0000] {logging_mixin.py:137} INFO - [2023-03-29T11:54:17.409+0000] {dagbag.py:532} INFO - Filling up the DagBag from /home/airflow/.local/lib/python3.7/site-packages/airflow/example_dags/example_kubernetes_executor.py
[2023-03-29T11:54:17.431+0000] {processor.py:753} INFO - DAG(s) dict_keys(['example_kubernetes_executor']) retrieved from /home/airflow/.local/lib/python3.7/site-packages/airflow/example_dags/example_kubernetes_executor.py
[2023-03-29T11:54:17.694+0000] {logging_mixin.py:137} INFO - [2023-03-29T11:54:17.694+0000] {dag.py:2693} INFO - Sync 1 DAGs
[2023-03-29T11:54:17.802+0000] {logging_mixin.py:137} INFO - [2023-03-29T11:54:17.802+0000] {dag.py:3444} INFO - Setting next_dagrun for example_kubernetes_executor to None, run_after=None
[2023-03-29T11:54:18.047+0000] {processor.py:175} INFO - Processing /home/airflow/.local/lib/python3.7/site-packages/airflow/example_dags/example_kubernetes_executor.py took 0.642 seconds
[2023-03-29T11:54:48.503+0000] {processor.py:153} INFO - Started process (PID=514) to work on /home/airflow/.local/lib/python3.7/site-packages/airflow/example_dags/example_kubernetes_executor.py
[2023-03-29T11:54:48.504+0000] {processor.py:743} INFO - Processing file /home/airflow/.local/lib/python3.7/site-packages/airflow/example_dags/example_kubernetes_executor.py for tasks to queue
[2023-03-29T11:54:48.504+0000] {logging_mixin.py:137} INFO - [2023-03-29T11:54:48.504+0000] {dagbag.py:532} INFO - Filling up the DagBag from /home/airflow/.local/lib/python3.7/site-packages/airflow/example_dags/example_kubernetes_executor.py
[2023-03-29T11:54:48.522+0000] {processor.py:753} INFO - DAG(s) dict_keys(['example_kubernetes_executor']) retrieved from /home/airflow/.local/lib/python3.7/site-packages/airflow/example_dags/example_kubernetes_executor.py
[2023-03-29T11:54:48.809+0000] {logging_mixin.py:137} INFO - [2023-03-29T11:54:48.809+0000] {dag.py:2693} INFO - Sync 1 DAGs
[2023-03-29T11:54:48.923+0000] {logging_mixin.py:137} INFO - [2023-03-29T11:54:48.923+0000] {dag.py:3444} INFO - Setting next_dagrun for example_kubernetes_executor to None, run_after=None
[2023-03-29T11:54:49.195+0000] {processor.py:175} INFO - Processing /home/airflow/.local/lib/python3.7/site-packages/airflow/example_dags/example_kubernetes_executor.py took 0.694 seconds
[2023-03-29T11:55:19.864+0000] {processor.py:153} INFO - Started process (PID=563) to work on /home/airflow/.local/lib/python3.7/site-packages/airflow/example_dags/example_kubernetes_executor.py
[2023-03-29T11:55:19.865+0000] {processor.py:743} INFO - Processing file /home/airflow/.local/lib/python3.7/site-packages/airflow/example_dags/example_kubernetes_executor.py for tasks to queue
[2023-03-29T11:55:19.866+0000] {logging_mixin.py:137} INFO - [2023-03-29T11:55:19.865+0000] {dagbag.py:532} INFO - Filling up the DagBag from /home/airflow/.local/lib/python3.7/site-packages/airflow/example_dags/example_kubernetes_executor.py
[2023-03-29T11:55:19.883+0000] {processor.py:753} INFO - DAG(s) dict_keys(['example_kubernetes_executor']) retrieved from /home/airflow/.local/lib/python3.7/site-packages/airflow/example_dags/example_kubernetes_executor.py
[2023-03-29T11:55:20.148+0000] {logging_mixin.py:137} INFO - [2023-03-29T11:55:20.148+0000] {dag.py:2693} INFO - Sync 1 DAGs
[2023-03-29T11:55:20.253+0000] {logging_mixin.py:137} INFO - [2023-03-29T11:55:20.253+0000] {dag.py:3444} INFO - Setting next_dagrun for example_kubernetes_executor to None, run_after=None
[2023-03-29T11:55:20.524+0000] {processor.py:175} INFO - Processing /home/airflow/.local/lib/python3.7/site-packages/airflow/example_dags/example_kubernetes_executor.py took 0.661 seconds
