[2023-03-29T11:50:11.156+0000] {processor.py:153} INFO - Started process (PID=79) to work on /home/airflow/.local/lib/python3.7/site-packages/airflow/example_dags/example_complex.py
[2023-03-29T11:50:11.157+0000] {processor.py:743} INFO - Processing file /home/airflow/.local/lib/python3.7/site-packages/airflow/example_dags/example_complex.py for tasks to queue
[2023-03-29T11:50:11.157+0000] {logging_mixin.py:137} INFO - [2023-03-29T11:50:11.157+0000] {dagbag.py:532} INFO - Filling up the DagBag from /home/airflow/.local/lib/python3.7/site-packages/airflow/example_dags/example_complex.py
[2023-03-29T11:50:11.166+0000] {logging_mixin.py:137} INFO - [2023-03-29T11:50:11.166+0000] {taskmixin.py:211} WARNING - Dependency <Task(BashOperator): create_entry_group>, delete_entry_group already registered for DAG: example_complex
[2023-03-29T11:50:11.166+0000] {logging_mixin.py:137} INFO - [2023-03-29T11:50:11.166+0000] {taskmixin.py:211} WARNING - Dependency <Task(BashOperator): delete_entry_group>, create_entry_group already registered for DAG: example_complex
[2023-03-29T11:50:11.167+0000] {logging_mixin.py:137} INFO - [2023-03-29T11:50:11.166+0000] {taskmixin.py:211} WARNING - Dependency <Task(BashOperator): create_entry_gcs>, delete_entry already registered for DAG: example_complex
[2023-03-29T11:50:11.167+0000] {logging_mixin.py:137} INFO - [2023-03-29T11:50:11.167+0000] {taskmixin.py:211} WARNING - Dependency <Task(BashOperator): delete_entry>, create_entry_gcs already registered for DAG: example_complex
[2023-03-29T11:50:11.167+0000] {logging_mixin.py:137} INFO - [2023-03-29T11:50:11.167+0000] {taskmixin.py:211} WARNING - Dependency <Task(BashOperator): create_tag>, delete_tag already registered for DAG: example_complex
[2023-03-29T11:50:11.167+0000] {logging_mixin.py:137} INFO - [2023-03-29T11:50:11.167+0000] {taskmixin.py:211} WARNING - Dependency <Task(BashOperator): delete_tag>, create_tag already registered for DAG: example_complex
[2023-03-29T11:50:11.171+0000] {processor.py:753} INFO - DAG(s) dict_keys(['example_complex']) retrieved from /home/airflow/.local/lib/python3.7/site-packages/airflow/example_dags/example_complex.py
[2023-03-29T11:50:11.474+0000] {logging_mixin.py:137} INFO - [2023-03-29T11:50:11.474+0000] {dag.py:2693} INFO - Sync 1 DAGs
[2023-03-29T11:50:11.585+0000] {logging_mixin.py:137} INFO - [2023-03-29T11:50:11.585+0000] {dag.py:3444} INFO - Setting next_dagrun for example_complex to None, run_after=None
[2023-03-29T11:50:11.856+0000] {processor.py:175} INFO - Processing /home/airflow/.local/lib/python3.7/site-packages/airflow/example_dags/example_complex.py took 0.701 seconds
[2023-03-29T11:50:42.356+0000] {processor.py:153} INFO - Started process (PID=127) to work on /home/airflow/.local/lib/python3.7/site-packages/airflow/example_dags/example_complex.py
[2023-03-29T11:50:42.357+0000] {processor.py:743} INFO - Processing file /home/airflow/.local/lib/python3.7/site-packages/airflow/example_dags/example_complex.py for tasks to queue
[2023-03-29T11:50:42.357+0000] {logging_mixin.py:137} INFO - [2023-03-29T11:50:42.357+0000] {dagbag.py:532} INFO - Filling up the DagBag from /home/airflow/.local/lib/python3.7/site-packages/airflow/example_dags/example_complex.py
[2023-03-29T11:50:42.363+0000] {logging_mixin.py:137} INFO - [2023-03-29T11:50:42.363+0000] {taskmixin.py:211} WARNING - Dependency <Task(BashOperator): create_entry_group>, delete_entry_group already registered for DAG: example_complex
[2023-03-29T11:50:42.363+0000] {logging_mixin.py:137} INFO - [2023-03-29T11:50:42.363+0000] {taskmixin.py:211} WARNING - Dependency <Task(BashOperator): delete_entry_group>, create_entry_group already registered for DAG: example_complex
[2023-03-29T11:50:42.364+0000] {logging_mixin.py:137} INFO - [2023-03-29T11:50:42.364+0000] {taskmixin.py:211} WARNING - Dependency <Task(BashOperator): create_entry_gcs>, delete_entry already registered for DAG: example_complex
[2023-03-29T11:50:42.364+0000] {logging_mixin.py:137} INFO - [2023-03-29T11:50:42.364+0000] {taskmixin.py:211} WARNING - Dependency <Task(BashOperator): delete_entry>, create_entry_gcs already registered for DAG: example_complex
[2023-03-29T11:50:42.364+0000] {logging_mixin.py:137} INFO - [2023-03-29T11:50:42.364+0000] {taskmixin.py:211} WARNING - Dependency <Task(BashOperator): create_tag>, delete_tag already registered for DAG: example_complex
[2023-03-29T11:50:42.364+0000] {logging_mixin.py:137} INFO - [2023-03-29T11:50:42.364+0000] {taskmixin.py:211} WARNING - Dependency <Task(BashOperator): delete_tag>, create_tag already registered for DAG: example_complex
[2023-03-29T11:50:42.368+0000] {processor.py:753} INFO - DAG(s) dict_keys(['example_complex']) retrieved from /home/airflow/.local/lib/python3.7/site-packages/airflow/example_dags/example_complex.py
[2023-03-29T11:50:42.679+0000] {logging_mixin.py:137} INFO - [2023-03-29T11:50:42.679+0000] {dag.py:2693} INFO - Sync 1 DAGs
[2023-03-29T11:50:42.813+0000] {logging_mixin.py:137} INFO - [2023-03-29T11:50:42.812+0000] {dag.py:3444} INFO - Setting next_dagrun for example_complex to None, run_after=None
[2023-03-29T11:50:43.089+0000] {processor.py:175} INFO - Processing /home/airflow/.local/lib/python3.7/site-packages/airflow/example_dags/example_complex.py took 0.735 seconds
[2023-03-29T11:51:13.288+0000] {processor.py:153} INFO - Started process (PID=176) to work on /home/airflow/.local/lib/python3.7/site-packages/airflow/example_dags/example_complex.py
[2023-03-29T11:51:13.298+0000] {processor.py:743} INFO - Processing file /home/airflow/.local/lib/python3.7/site-packages/airflow/example_dags/example_complex.py for tasks to queue
[2023-03-29T11:51:13.298+0000] {logging_mixin.py:137} INFO - [2023-03-29T11:51:13.298+0000] {dagbag.py:532} INFO - Filling up the DagBag from /home/airflow/.local/lib/python3.7/site-packages/airflow/example_dags/example_complex.py
[2023-03-29T11:51:13.305+0000] {logging_mixin.py:137} INFO - [2023-03-29T11:51:13.305+0000] {taskmixin.py:211} WARNING - Dependency <Task(BashOperator): create_entry_group>, delete_entry_group already registered for DAG: example_complex
[2023-03-29T11:51:13.305+0000] {logging_mixin.py:137} INFO - [2023-03-29T11:51:13.305+0000] {taskmixin.py:211} WARNING - Dependency <Task(BashOperator): delete_entry_group>, create_entry_group already registered for DAG: example_complex
[2023-03-29T11:51:13.305+0000] {logging_mixin.py:137} INFO - [2023-03-29T11:51:13.305+0000] {taskmixin.py:211} WARNING - Dependency <Task(BashOperator): create_entry_gcs>, delete_entry already registered for DAG: example_complex
[2023-03-29T11:51:13.305+0000] {logging_mixin.py:137} INFO - [2023-03-29T11:51:13.305+0000] {taskmixin.py:211} WARNING - Dependency <Task(BashOperator): delete_entry>, create_entry_gcs already registered for DAG: example_complex
[2023-03-29T11:51:13.305+0000] {logging_mixin.py:137} INFO - [2023-03-29T11:51:13.305+0000] {taskmixin.py:211} WARNING - Dependency <Task(BashOperator): create_tag>, delete_tag already registered for DAG: example_complex
[2023-03-29T11:51:13.305+0000] {logging_mixin.py:137} INFO - [2023-03-29T11:51:13.305+0000] {taskmixin.py:211} WARNING - Dependency <Task(BashOperator): delete_tag>, create_tag already registered for DAG: example_complex
[2023-03-29T11:51:13.309+0000] {processor.py:753} INFO - DAG(s) dict_keys(['example_complex']) retrieved from /home/airflow/.local/lib/python3.7/site-packages/airflow/example_dags/example_complex.py
[2023-03-29T11:51:13.591+0000] {logging_mixin.py:137} INFO - [2023-03-29T11:51:13.591+0000] {dag.py:2693} INFO - Sync 1 DAGs
[2023-03-29T11:51:13.711+0000] {logging_mixin.py:137} INFO - [2023-03-29T11:51:13.710+0000] {dag.py:3444} INFO - Setting next_dagrun for example_complex to None, run_after=None
[2023-03-29T11:51:13.996+0000] {processor.py:175} INFO - Processing /home/airflow/.local/lib/python3.7/site-packages/airflow/example_dags/example_complex.py took 0.709 seconds
[2023-03-29T11:51:44.439+0000] {processor.py:153} INFO - Started process (PID=225) to work on /home/airflow/.local/lib/python3.7/site-packages/airflow/example_dags/example_complex.py
[2023-03-29T11:51:44.439+0000] {processor.py:743} INFO - Processing file /home/airflow/.local/lib/python3.7/site-packages/airflow/example_dags/example_complex.py for tasks to queue
[2023-03-29T11:51:44.440+0000] {logging_mixin.py:137} INFO - [2023-03-29T11:51:44.439+0000] {dagbag.py:532} INFO - Filling up the DagBag from /home/airflow/.local/lib/python3.7/site-packages/airflow/example_dags/example_complex.py
[2023-03-29T11:51:44.446+0000] {logging_mixin.py:137} INFO - [2023-03-29T11:51:44.446+0000] {taskmixin.py:211} WARNING - Dependency <Task(BashOperator): create_entry_group>, delete_entry_group already registered for DAG: example_complex
[2023-03-29T11:51:44.446+0000] {logging_mixin.py:137} INFO - [2023-03-29T11:51:44.446+0000] {taskmixin.py:211} WARNING - Dependency <Task(BashOperator): delete_entry_group>, create_entry_group already registered for DAG: example_complex
[2023-03-29T11:51:44.446+0000] {logging_mixin.py:137} INFO - [2023-03-29T11:51:44.446+0000] {taskmixin.py:211} WARNING - Dependency <Task(BashOperator): create_entry_gcs>, delete_entry already registered for DAG: example_complex
[2023-03-29T11:51:44.446+0000] {logging_mixin.py:137} INFO - [2023-03-29T11:51:44.446+0000] {taskmixin.py:211} WARNING - Dependency <Task(BashOperator): delete_entry>, create_entry_gcs already registered for DAG: example_complex
[2023-03-29T11:51:44.447+0000] {logging_mixin.py:137} INFO - [2023-03-29T11:51:44.447+0000] {taskmixin.py:211} WARNING - Dependency <Task(BashOperator): create_tag>, delete_tag already registered for DAG: example_complex
[2023-03-29T11:51:44.447+0000] {logging_mixin.py:137} INFO - [2023-03-29T11:51:44.447+0000] {taskmixin.py:211} WARNING - Dependency <Task(BashOperator): delete_tag>, create_tag already registered for DAG: example_complex
[2023-03-29T11:51:44.451+0000] {processor.py:753} INFO - DAG(s) dict_keys(['example_complex']) retrieved from /home/airflow/.local/lib/python3.7/site-packages/airflow/example_dags/example_complex.py
[2023-03-29T11:51:44.747+0000] {logging_mixin.py:137} INFO - [2023-03-29T11:51:44.747+0000] {dag.py:2693} INFO - Sync 1 DAGs
[2023-03-29T11:51:44.860+0000] {logging_mixin.py:137} INFO - [2023-03-29T11:51:44.860+0000] {dag.py:3444} INFO - Setting next_dagrun for example_complex to None, run_after=None
[2023-03-29T11:51:45.106+0000] {processor.py:175} INFO - Processing /home/airflow/.local/lib/python3.7/site-packages/airflow/example_dags/example_complex.py took 0.669 seconds
[2023-03-29T11:52:15.440+0000] {processor.py:153} INFO - Started process (PID=274) to work on /home/airflow/.local/lib/python3.7/site-packages/airflow/example_dags/example_complex.py
[2023-03-29T11:52:15.450+0000] {processor.py:743} INFO - Processing file /home/airflow/.local/lib/python3.7/site-packages/airflow/example_dags/example_complex.py for tasks to queue
[2023-03-29T11:52:15.450+0000] {logging_mixin.py:137} INFO - [2023-03-29T11:52:15.450+0000] {dagbag.py:532} INFO - Filling up the DagBag from /home/airflow/.local/lib/python3.7/site-packages/airflow/example_dags/example_complex.py
[2023-03-29T11:52:15.457+0000] {logging_mixin.py:137} INFO - [2023-03-29T11:52:15.457+0000] {taskmixin.py:211} WARNING - Dependency <Task(BashOperator): create_entry_group>, delete_entry_group already registered for DAG: example_complex
[2023-03-29T11:52:15.457+0000] {logging_mixin.py:137} INFO - [2023-03-29T11:52:15.457+0000] {taskmixin.py:211} WARNING - Dependency <Task(BashOperator): delete_entry_group>, create_entry_group already registered for DAG: example_complex
[2023-03-29T11:52:15.457+0000] {logging_mixin.py:137} INFO - [2023-03-29T11:52:15.457+0000] {taskmixin.py:211} WARNING - Dependency <Task(BashOperator): create_entry_gcs>, delete_entry already registered for DAG: example_complex
[2023-03-29T11:52:15.457+0000] {logging_mixin.py:137} INFO - [2023-03-29T11:52:15.457+0000] {taskmixin.py:211} WARNING - Dependency <Task(BashOperator): delete_entry>, create_entry_gcs already registered for DAG: example_complex
[2023-03-29T11:52:15.457+0000] {logging_mixin.py:137} INFO - [2023-03-29T11:52:15.457+0000] {taskmixin.py:211} WARNING - Dependency <Task(BashOperator): create_tag>, delete_tag already registered for DAG: example_complex
[2023-03-29T11:52:15.457+0000] {logging_mixin.py:137} INFO - [2023-03-29T11:52:15.457+0000] {taskmixin.py:211} WARNING - Dependency <Task(BashOperator): delete_tag>, create_tag already registered for DAG: example_complex
[2023-03-29T11:52:15.461+0000] {processor.py:753} INFO - DAG(s) dict_keys(['example_complex']) retrieved from /home/airflow/.local/lib/python3.7/site-packages/airflow/example_dags/example_complex.py
[2023-03-29T11:52:15.767+0000] {logging_mixin.py:137} INFO - [2023-03-29T11:52:15.767+0000] {dag.py:2693} INFO - Sync 1 DAGs
[2023-03-29T11:52:15.877+0000] {logging_mixin.py:137} INFO - [2023-03-29T11:52:15.877+0000] {dag.py:3444} INFO - Setting next_dagrun for example_complex to None, run_after=None
[2023-03-29T11:52:16.137+0000] {processor.py:175} INFO - Processing /home/airflow/.local/lib/python3.7/site-packages/airflow/example_dags/example_complex.py took 0.698 seconds
[2023-03-29T11:52:46.376+0000] {processor.py:153} INFO - Started process (PID=323) to work on /home/airflow/.local/lib/python3.7/site-packages/airflow/example_dags/example_complex.py
[2023-03-29T11:52:46.376+0000] {processor.py:743} INFO - Processing file /home/airflow/.local/lib/python3.7/site-packages/airflow/example_dags/example_complex.py for tasks to queue
[2023-03-29T11:52:46.376+0000] {logging_mixin.py:137} INFO - [2023-03-29T11:52:46.376+0000] {dagbag.py:532} INFO - Filling up the DagBag from /home/airflow/.local/lib/python3.7/site-packages/airflow/example_dags/example_complex.py
[2023-03-29T11:52:46.383+0000] {logging_mixin.py:137} INFO - [2023-03-29T11:52:46.383+0000] {taskmixin.py:211} WARNING - Dependency <Task(BashOperator): create_entry_group>, delete_entry_group already registered for DAG: example_complex
[2023-03-29T11:52:46.383+0000] {logging_mixin.py:137} INFO - [2023-03-29T11:52:46.383+0000] {taskmixin.py:211} WARNING - Dependency <Task(BashOperator): delete_entry_group>, create_entry_group already registered for DAG: example_complex
[2023-03-29T11:52:46.384+0000] {logging_mixin.py:137} INFO - [2023-03-29T11:52:46.384+0000] {taskmixin.py:211} WARNING - Dependency <Task(BashOperator): create_entry_gcs>, delete_entry already registered for DAG: example_complex
[2023-03-29T11:52:46.384+0000] {logging_mixin.py:137} INFO - [2023-03-29T11:52:46.384+0000] {taskmixin.py:211} WARNING - Dependency <Task(BashOperator): delete_entry>, create_entry_gcs already registered for DAG: example_complex
[2023-03-29T11:52:46.384+0000] {logging_mixin.py:137} INFO - [2023-03-29T11:52:46.384+0000] {taskmixin.py:211} WARNING - Dependency <Task(BashOperator): create_tag>, delete_tag already registered for DAG: example_complex
[2023-03-29T11:52:46.384+0000] {logging_mixin.py:137} INFO - [2023-03-29T11:52:46.384+0000] {taskmixin.py:211} WARNING - Dependency <Task(BashOperator): delete_tag>, create_tag already registered for DAG: example_complex
[2023-03-29T11:52:46.388+0000] {processor.py:753} INFO - DAG(s) dict_keys(['example_complex']) retrieved from /home/airflow/.local/lib/python3.7/site-packages/airflow/example_dags/example_complex.py
[2023-03-29T11:52:46.680+0000] {logging_mixin.py:137} INFO - [2023-03-29T11:52:46.680+0000] {dag.py:2693} INFO - Sync 1 DAGs
[2023-03-29T11:52:46.790+0000] {logging_mixin.py:137} INFO - [2023-03-29T11:52:46.790+0000] {dag.py:3444} INFO - Setting next_dagrun for example_complex to None, run_after=None
[2023-03-29T11:52:47.036+0000] {processor.py:175} INFO - Processing /home/airflow/.local/lib/python3.7/site-packages/airflow/example_dags/example_complex.py took 0.662 seconds
[2023-03-29T11:53:17.412+0000] {processor.py:153} INFO - Started process (PID=372) to work on /home/airflow/.local/lib/python3.7/site-packages/airflow/example_dags/example_complex.py
[2023-03-29T11:53:17.423+0000] {processor.py:743} INFO - Processing file /home/airflow/.local/lib/python3.7/site-packages/airflow/example_dags/example_complex.py for tasks to queue
[2023-03-29T11:53:17.423+0000] {logging_mixin.py:137} INFO - [2023-03-29T11:53:17.423+0000] {dagbag.py:532} INFO - Filling up the DagBag from /home/airflow/.local/lib/python3.7/site-packages/airflow/example_dags/example_complex.py
[2023-03-29T11:53:17.431+0000] {logging_mixin.py:137} INFO - [2023-03-29T11:53:17.430+0000] {taskmixin.py:211} WARNING - Dependency <Task(BashOperator): create_entry_group>, delete_entry_group already registered for DAG: example_complex
[2023-03-29T11:53:17.431+0000] {logging_mixin.py:137} INFO - [2023-03-29T11:53:17.431+0000] {taskmixin.py:211} WARNING - Dependency <Task(BashOperator): delete_entry_group>, create_entry_group already registered for DAG: example_complex
[2023-03-29T11:53:17.431+0000] {logging_mixin.py:137} INFO - [2023-03-29T11:53:17.431+0000] {taskmixin.py:211} WARNING - Dependency <Task(BashOperator): create_entry_gcs>, delete_entry already registered for DAG: example_complex
[2023-03-29T11:53:17.431+0000] {logging_mixin.py:137} INFO - [2023-03-29T11:53:17.431+0000] {taskmixin.py:211} WARNING - Dependency <Task(BashOperator): delete_entry>, create_entry_gcs already registered for DAG: example_complex
[2023-03-29T11:53:17.431+0000] {logging_mixin.py:137} INFO - [2023-03-29T11:53:17.431+0000] {taskmixin.py:211} WARNING - Dependency <Task(BashOperator): create_tag>, delete_tag already registered for DAG: example_complex
[2023-03-29T11:53:17.431+0000] {logging_mixin.py:137} INFO - [2023-03-29T11:53:17.431+0000] {taskmixin.py:211} WARNING - Dependency <Task(BashOperator): delete_tag>, create_tag already registered for DAG: example_complex
[2023-03-29T11:53:17.435+0000] {processor.py:753} INFO - DAG(s) dict_keys(['example_complex']) retrieved from /home/airflow/.local/lib/python3.7/site-packages/airflow/example_dags/example_complex.py
[2023-03-29T11:53:17.688+0000] {logging_mixin.py:137} INFO - [2023-03-29T11:53:17.688+0000] {dag.py:2693} INFO - Sync 1 DAGs
[2023-03-29T11:53:17.792+0000] {logging_mixin.py:137} INFO - [2023-03-29T11:53:17.792+0000] {dag.py:3444} INFO - Setting next_dagrun for example_complex to None, run_after=None
[2023-03-29T11:53:18.035+0000] {processor.py:175} INFO - Processing /home/airflow/.local/lib/python3.7/site-packages/airflow/example_dags/example_complex.py took 0.624 seconds
[2023-03-29T11:53:48.885+0000] {processor.py:153} INFO - Started process (PID=421) to work on /home/airflow/.local/lib/python3.7/site-packages/airflow/example_dags/example_complex.py
[2023-03-29T11:53:48.886+0000] {processor.py:743} INFO - Processing file /home/airflow/.local/lib/python3.7/site-packages/airflow/example_dags/example_complex.py for tasks to queue
[2023-03-29T11:53:48.886+0000] {logging_mixin.py:137} INFO - [2023-03-29T11:53:48.886+0000] {dagbag.py:532} INFO - Filling up the DagBag from /home/airflow/.local/lib/python3.7/site-packages/airflow/example_dags/example_complex.py
[2023-03-29T11:53:48.893+0000] {logging_mixin.py:137} INFO - [2023-03-29T11:53:48.893+0000] {taskmixin.py:211} WARNING - Dependency <Task(BashOperator): create_entry_group>, delete_entry_group already registered for DAG: example_complex
[2023-03-29T11:53:48.893+0000] {logging_mixin.py:137} INFO - [2023-03-29T11:53:48.893+0000] {taskmixin.py:211} WARNING - Dependency <Task(BashOperator): delete_entry_group>, create_entry_group already registered for DAG: example_complex
[2023-03-29T11:53:48.893+0000] {logging_mixin.py:137} INFO - [2023-03-29T11:53:48.893+0000] {taskmixin.py:211} WARNING - Dependency <Task(BashOperator): create_entry_gcs>, delete_entry already registered for DAG: example_complex
[2023-03-29T11:53:48.893+0000] {logging_mixin.py:137} INFO - [2023-03-29T11:53:48.893+0000] {taskmixin.py:211} WARNING - Dependency <Task(BashOperator): delete_entry>, create_entry_gcs already registered for DAG: example_complex
[2023-03-29T11:53:48.893+0000] {logging_mixin.py:137} INFO - [2023-03-29T11:53:48.893+0000] {taskmixin.py:211} WARNING - Dependency <Task(BashOperator): create_tag>, delete_tag already registered for DAG: example_complex
[2023-03-29T11:53:48.893+0000] {logging_mixin.py:137} INFO - [2023-03-29T11:53:48.893+0000] {taskmixin.py:211} WARNING - Dependency <Task(BashOperator): delete_tag>, create_tag already registered for DAG: example_complex
[2023-03-29T11:53:48.898+0000] {processor.py:753} INFO - DAG(s) dict_keys(['example_complex']) retrieved from /home/airflow/.local/lib/python3.7/site-packages/airflow/example_dags/example_complex.py
[2023-03-29T11:53:49.226+0000] {logging_mixin.py:137} INFO - [2023-03-29T11:53:49.226+0000] {dag.py:2693} INFO - Sync 1 DAGs
[2023-03-29T11:53:49.341+0000] {logging_mixin.py:137} INFO - [2023-03-29T11:53:49.340+0000] {dag.py:3444} INFO - Setting next_dagrun for example_complex to None, run_after=None
[2023-03-29T11:53:49.606+0000] {processor.py:175} INFO - Processing /home/airflow/.local/lib/python3.7/site-packages/airflow/example_dags/example_complex.py took 0.723 seconds
[2023-03-29T11:54:20.189+0000] {processor.py:153} INFO - Started process (PID=470) to work on /home/airflow/.local/lib/python3.7/site-packages/airflow/example_dags/example_complex.py
[2023-03-29T11:54:20.190+0000] {processor.py:743} INFO - Processing file /home/airflow/.local/lib/python3.7/site-packages/airflow/example_dags/example_complex.py for tasks to queue
[2023-03-29T11:54:20.191+0000] {logging_mixin.py:137} INFO - [2023-03-29T11:54:20.191+0000] {dagbag.py:532} INFO - Filling up the DagBag from /home/airflow/.local/lib/python3.7/site-packages/airflow/example_dags/example_complex.py
[2023-03-29T11:54:20.197+0000] {logging_mixin.py:137} INFO - [2023-03-29T11:54:20.197+0000] {taskmixin.py:211} WARNING - Dependency <Task(BashOperator): create_entry_group>, delete_entry_group already registered for DAG: example_complex
[2023-03-29T11:54:20.197+0000] {logging_mixin.py:137} INFO - [2023-03-29T11:54:20.197+0000] {taskmixin.py:211} WARNING - Dependency <Task(BashOperator): delete_entry_group>, create_entry_group already registered for DAG: example_complex
[2023-03-29T11:54:20.197+0000] {logging_mixin.py:137} INFO - [2023-03-29T11:54:20.197+0000] {taskmixin.py:211} WARNING - Dependency <Task(BashOperator): create_entry_gcs>, delete_entry already registered for DAG: example_complex
[2023-03-29T11:54:20.197+0000] {logging_mixin.py:137} INFO - [2023-03-29T11:54:20.197+0000] {taskmixin.py:211} WARNING - Dependency <Task(BashOperator): delete_entry>, create_entry_gcs already registered for DAG: example_complex
[2023-03-29T11:54:20.198+0000] {logging_mixin.py:137} INFO - [2023-03-29T11:54:20.198+0000] {taskmixin.py:211} WARNING - Dependency <Task(BashOperator): create_tag>, delete_tag already registered for DAG: example_complex
[2023-03-29T11:54:20.198+0000] {logging_mixin.py:137} INFO - [2023-03-29T11:54:20.198+0000] {taskmixin.py:211} WARNING - Dependency <Task(BashOperator): delete_tag>, create_tag already registered for DAG: example_complex
[2023-03-29T11:54:20.202+0000] {processor.py:753} INFO - DAG(s) dict_keys(['example_complex']) retrieved from /home/airflow/.local/lib/python3.7/site-packages/airflow/example_dags/example_complex.py
[2023-03-29T11:54:20.474+0000] {logging_mixin.py:137} INFO - [2023-03-29T11:54:20.474+0000] {dag.py:2693} INFO - Sync 1 DAGs
[2023-03-29T11:54:20.581+0000] {logging_mixin.py:137} INFO - [2023-03-29T11:54:20.581+0000] {dag.py:3444} INFO - Setting next_dagrun for example_complex to None, run_after=None
[2023-03-29T11:54:20.817+0000] {processor.py:175} INFO - Processing /home/airflow/.local/lib/python3.7/site-packages/airflow/example_dags/example_complex.py took 0.630 seconds
[2023-03-29T11:54:51.048+0000] {processor.py:153} INFO - Started process (PID=519) to work on /home/airflow/.local/lib/python3.7/site-packages/airflow/example_dags/example_complex.py
[2023-03-29T11:54:51.048+0000] {processor.py:743} INFO - Processing file /home/airflow/.local/lib/python3.7/site-packages/airflow/example_dags/example_complex.py for tasks to queue
[2023-03-29T11:54:51.049+0000] {logging_mixin.py:137} INFO - [2023-03-29T11:54:51.048+0000] {dagbag.py:532} INFO - Filling up the DagBag from /home/airflow/.local/lib/python3.7/site-packages/airflow/example_dags/example_complex.py
[2023-03-29T11:54:51.055+0000] {logging_mixin.py:137} INFO - [2023-03-29T11:54:51.055+0000] {taskmixin.py:211} WARNING - Dependency <Task(BashOperator): create_entry_group>, delete_entry_group already registered for DAG: example_complex
[2023-03-29T11:54:51.055+0000] {logging_mixin.py:137} INFO - [2023-03-29T11:54:51.055+0000] {taskmixin.py:211} WARNING - Dependency <Task(BashOperator): delete_entry_group>, create_entry_group already registered for DAG: example_complex
[2023-03-29T11:54:51.056+0000] {logging_mixin.py:137} INFO - [2023-03-29T11:54:51.056+0000] {taskmixin.py:211} WARNING - Dependency <Task(BashOperator): create_entry_gcs>, delete_entry already registered for DAG: example_complex
[2023-03-29T11:54:51.056+0000] {logging_mixin.py:137} INFO - [2023-03-29T11:54:51.056+0000] {taskmixin.py:211} WARNING - Dependency <Task(BashOperator): delete_entry>, create_entry_gcs already registered for DAG: example_complex
[2023-03-29T11:54:51.056+0000] {logging_mixin.py:137} INFO - [2023-03-29T11:54:51.056+0000] {taskmixin.py:211} WARNING - Dependency <Task(BashOperator): create_tag>, delete_tag already registered for DAG: example_complex
[2023-03-29T11:54:51.056+0000] {logging_mixin.py:137} INFO - [2023-03-29T11:54:51.056+0000] {taskmixin.py:211} WARNING - Dependency <Task(BashOperator): delete_tag>, create_tag already registered for DAG: example_complex
[2023-03-29T11:54:51.060+0000] {processor.py:753} INFO - DAG(s) dict_keys(['example_complex']) retrieved from /home/airflow/.local/lib/python3.7/site-packages/airflow/example_dags/example_complex.py
[2023-03-29T11:54:51.354+0000] {logging_mixin.py:137} INFO - [2023-03-29T11:54:51.354+0000] {dag.py:2693} INFO - Sync 1 DAGs
[2023-03-29T11:54:51.461+0000] {logging_mixin.py:137} INFO - [2023-03-29T11:54:51.461+0000] {dag.py:3444} INFO - Setting next_dagrun for example_complex to None, run_after=None
[2023-03-29T11:54:51.732+0000] {processor.py:175} INFO - Processing /home/airflow/.local/lib/python3.7/site-packages/airflow/example_dags/example_complex.py took 0.686 seconds
[2023-03-29T11:55:21.984+0000] {processor.py:153} INFO - Started process (PID=568) to work on /home/airflow/.local/lib/python3.7/site-packages/airflow/example_dags/example_complex.py
[2023-03-29T11:55:21.985+0000] {processor.py:743} INFO - Processing file /home/airflow/.local/lib/python3.7/site-packages/airflow/example_dags/example_complex.py for tasks to queue
[2023-03-29T11:55:21.985+0000] {logging_mixin.py:137} INFO - [2023-03-29T11:55:21.985+0000] {dagbag.py:532} INFO - Filling up the DagBag from /home/airflow/.local/lib/python3.7/site-packages/airflow/example_dags/example_complex.py
[2023-03-29T11:55:21.992+0000] {logging_mixin.py:137} INFO - [2023-03-29T11:55:21.992+0000] {taskmixin.py:211} WARNING - Dependency <Task(BashOperator): create_entry_group>, delete_entry_group already registered for DAG: example_complex
[2023-03-29T11:55:21.992+0000] {logging_mixin.py:137} INFO - [2023-03-29T11:55:21.992+0000] {taskmixin.py:211} WARNING - Dependency <Task(BashOperator): delete_entry_group>, create_entry_group already registered for DAG: example_complex
[2023-03-29T11:55:21.992+0000] {logging_mixin.py:137} INFO - [2023-03-29T11:55:21.992+0000] {taskmixin.py:211} WARNING - Dependency <Task(BashOperator): create_entry_gcs>, delete_entry already registered for DAG: example_complex
[2023-03-29T11:55:21.992+0000] {logging_mixin.py:137} INFO - [2023-03-29T11:55:21.992+0000] {taskmixin.py:211} WARNING - Dependency <Task(BashOperator): delete_entry>, create_entry_gcs already registered for DAG: example_complex
[2023-03-29T11:55:21.992+0000] {logging_mixin.py:137} INFO - [2023-03-29T11:55:21.992+0000] {taskmixin.py:211} WARNING - Dependency <Task(BashOperator): create_tag>, delete_tag already registered for DAG: example_complex
[2023-03-29T11:55:21.992+0000] {logging_mixin.py:137} INFO - [2023-03-29T11:55:21.992+0000] {taskmixin.py:211} WARNING - Dependency <Task(BashOperator): delete_tag>, create_tag already registered for DAG: example_complex
[2023-03-29T11:55:21.996+0000] {processor.py:753} INFO - DAG(s) dict_keys(['example_complex']) retrieved from /home/airflow/.local/lib/python3.7/site-packages/airflow/example_dags/example_complex.py
[2023-03-29T11:55:22.275+0000] {logging_mixin.py:137} INFO - [2023-03-29T11:55:22.275+0000] {dag.py:2693} INFO - Sync 1 DAGs
[2023-03-29T11:55:22.387+0000] {logging_mixin.py:137} INFO - [2023-03-29T11:55:22.387+0000] {dag.py:3444} INFO - Setting next_dagrun for example_complex to None, run_after=None
[2023-03-29T11:55:22.639+0000] {processor.py:175} INFO - Processing /home/airflow/.local/lib/python3.7/site-packages/airflow/example_dags/example_complex.py took 0.658 seconds
