[2023-03-29T11:50:19.743+0000] {processor.py:153} INFO - Started process (PID=99) to work on /home/airflow/.local/lib/python3.7/site-packages/airflow/example_dags/example_trigger_controller_dag.py
[2023-03-29T11:50:19.743+0000] {processor.py:743} INFO - Processing file /home/airflow/.local/lib/python3.7/site-packages/airflow/example_dags/example_trigger_controller_dag.py for tasks to queue
[2023-03-29T11:50:19.744+0000] {logging_mixin.py:137} INFO - [2023-03-29T11:50:19.744+0000] {dagbag.py:532} INFO - Filling up the DagBag from /home/airflow/.local/lib/python3.7/site-packages/airflow/example_dags/example_trigger_controller_dag.py
[2023-03-29T11:50:19.750+0000] {processor.py:753} INFO - DAG(s) dict_keys(['example_trigger_controller_dag']) retrieved from /home/airflow/.local/lib/python3.7/site-packages/airflow/example_dags/example_trigger_controller_dag.py
[2023-03-29T11:50:20.007+0000] {logging_mixin.py:137} INFO - [2023-03-29T11:50:20.007+0000] {dag.py:2693} INFO - Sync 1 DAGs
[2023-03-29T11:50:20.116+0000] {logging_mixin.py:137} INFO - [2023-03-29T11:50:20.116+0000] {dag.py:3444} INFO - Setting next_dagrun for example_trigger_controller_dag to None, run_after=None
[2023-03-29T11:50:20.354+0000] {processor.py:175} INFO - Processing /home/airflow/.local/lib/python3.7/site-packages/airflow/example_dags/example_trigger_controller_dag.py took 0.613 seconds
[2023-03-29T11:50:51.367+0000] {processor.py:153} INFO - Started process (PID=148) to work on /home/airflow/.local/lib/python3.7/site-packages/airflow/example_dags/example_trigger_controller_dag.py
[2023-03-29T11:50:51.368+0000] {processor.py:743} INFO - Processing file /home/airflow/.local/lib/python3.7/site-packages/airflow/example_dags/example_trigger_controller_dag.py for tasks to queue
[2023-03-29T11:50:51.368+0000] {logging_mixin.py:137} INFO - [2023-03-29T11:50:51.368+0000] {dagbag.py:532} INFO - Filling up the DagBag from /home/airflow/.local/lib/python3.7/site-packages/airflow/example_dags/example_trigger_controller_dag.py
[2023-03-29T11:50:51.374+0000] {processor.py:753} INFO - DAG(s) dict_keys(['example_trigger_controller_dag']) retrieved from /home/airflow/.local/lib/python3.7/site-packages/airflow/example_dags/example_trigger_controller_dag.py
[2023-03-29T11:50:51.664+0000] {logging_mixin.py:137} INFO - [2023-03-29T11:50:51.664+0000] {dag.py:2693} INFO - Sync 1 DAGs
[2023-03-29T11:50:51.784+0000] {logging_mixin.py:137} INFO - [2023-03-29T11:50:51.784+0000] {dag.py:3444} INFO - Setting next_dagrun for example_trigger_controller_dag to None, run_after=None
[2023-03-29T11:50:52.081+0000] {processor.py:175} INFO - Processing /home/airflow/.local/lib/python3.7/site-packages/airflow/example_dags/example_trigger_controller_dag.py took 0.716 seconds
[2023-03-29T11:51:22.110+0000] {processor.py:153} INFO - Started process (PID=197) to work on /home/airflow/.local/lib/python3.7/site-packages/airflow/example_dags/example_trigger_controller_dag.py
[2023-03-29T11:51:22.118+0000] {processor.py:743} INFO - Processing file /home/airflow/.local/lib/python3.7/site-packages/airflow/example_dags/example_trigger_controller_dag.py for tasks to queue
[2023-03-29T11:51:22.118+0000] {logging_mixin.py:137} INFO - [2023-03-29T11:51:22.118+0000] {dagbag.py:532} INFO - Filling up the DagBag from /home/airflow/.local/lib/python3.7/site-packages/airflow/example_dags/example_trigger_controller_dag.py
[2023-03-29T11:51:22.125+0000] {processor.py:753} INFO - DAG(s) dict_keys(['example_trigger_controller_dag']) retrieved from /home/airflow/.local/lib/python3.7/site-packages/airflow/example_dags/example_trigger_controller_dag.py
[2023-03-29T11:51:22.396+0000] {logging_mixin.py:137} INFO - [2023-03-29T11:51:22.396+0000] {dag.py:2693} INFO - Sync 1 DAGs
[2023-03-29T11:51:22.500+0000] {logging_mixin.py:137} INFO - [2023-03-29T11:51:22.500+0000] {dag.py:3444} INFO - Setting next_dagrun for example_trigger_controller_dag to None, run_after=None
[2023-03-29T11:51:22.731+0000] {processor.py:175} INFO - Processing /home/airflow/.local/lib/python3.7/site-packages/airflow/example_dags/example_trigger_controller_dag.py took 0.622 seconds
[2023-03-29T11:51:53.234+0000] {processor.py:153} INFO - Started process (PID=246) to work on /home/airflow/.local/lib/python3.7/site-packages/airflow/example_dags/example_trigger_controller_dag.py
[2023-03-29T11:51:53.234+0000] {processor.py:743} INFO - Processing file /home/airflow/.local/lib/python3.7/site-packages/airflow/example_dags/example_trigger_controller_dag.py for tasks to queue
[2023-03-29T11:51:53.235+0000] {logging_mixin.py:137} INFO - [2023-03-29T11:51:53.234+0000] {dagbag.py:532} INFO - Filling up the DagBag from /home/airflow/.local/lib/python3.7/site-packages/airflow/example_dags/example_trigger_controller_dag.py
[2023-03-29T11:51:53.241+0000] {processor.py:753} INFO - DAG(s) dict_keys(['example_trigger_controller_dag']) retrieved from /home/airflow/.local/lib/python3.7/site-packages/airflow/example_dags/example_trigger_controller_dag.py
[2023-03-29T11:51:53.528+0000] {logging_mixin.py:137} INFO - [2023-03-29T11:51:53.528+0000] {dag.py:2693} INFO - Sync 1 DAGs
[2023-03-29T11:51:53.640+0000] {logging_mixin.py:137} INFO - [2023-03-29T11:51:53.640+0000] {dag.py:3444} INFO - Setting next_dagrun for example_trigger_controller_dag to None, run_after=None
[2023-03-29T11:51:53.893+0000] {processor.py:175} INFO - Processing /home/airflow/.local/lib/python3.7/site-packages/airflow/example_dags/example_trigger_controller_dag.py took 0.662 seconds
[2023-03-29T11:52:23.944+0000] {processor.py:153} INFO - Started process (PID=294) to work on /home/airflow/.local/lib/python3.7/site-packages/airflow/example_dags/example_trigger_controller_dag.py
[2023-03-29T11:52:23.954+0000] {processor.py:743} INFO - Processing file /home/airflow/.local/lib/python3.7/site-packages/airflow/example_dags/example_trigger_controller_dag.py for tasks to queue
[2023-03-29T11:52:23.954+0000] {logging_mixin.py:137} INFO - [2023-03-29T11:52:23.954+0000] {dagbag.py:532} INFO - Filling up the DagBag from /home/airflow/.local/lib/python3.7/site-packages/airflow/example_dags/example_trigger_controller_dag.py
[2023-03-29T11:52:23.961+0000] {processor.py:753} INFO - DAG(s) dict_keys(['example_trigger_controller_dag']) retrieved from /home/airflow/.local/lib/python3.7/site-packages/airflow/example_dags/example_trigger_controller_dag.py
[2023-03-29T11:52:24.252+0000] {logging_mixin.py:137} INFO - [2023-03-29T11:52:24.252+0000] {dag.py:2693} INFO - Sync 1 DAGs
[2023-03-29T11:52:24.364+0000] {logging_mixin.py:137} INFO - [2023-03-29T11:52:24.364+0000] {dag.py:3444} INFO - Setting next_dagrun for example_trigger_controller_dag to None, run_after=None
[2023-03-29T11:52:24.612+0000] {processor.py:175} INFO - Processing /home/airflow/.local/lib/python3.7/site-packages/airflow/example_dags/example_trigger_controller_dag.py took 0.670 seconds
[2023-03-29T11:52:54.810+0000] {processor.py:153} INFO - Started process (PID=350) to work on /home/airflow/.local/lib/python3.7/site-packages/airflow/example_dags/example_trigger_controller_dag.py
[2023-03-29T11:52:54.810+0000] {processor.py:743} INFO - Processing file /home/airflow/.local/lib/python3.7/site-packages/airflow/example_dags/example_trigger_controller_dag.py for tasks to queue
[2023-03-29T11:52:54.811+0000] {logging_mixin.py:137} INFO - [2023-03-29T11:52:54.811+0000] {dagbag.py:532} INFO - Filling up the DagBag from /home/airflow/.local/lib/python3.7/site-packages/airflow/example_dags/example_trigger_controller_dag.py
[2023-03-29T11:52:54.817+0000] {processor.py:753} INFO - DAG(s) dict_keys(['example_trigger_controller_dag']) retrieved from /home/airflow/.local/lib/python3.7/site-packages/airflow/example_dags/example_trigger_controller_dag.py
[2023-03-29T11:52:55.147+0000] {logging_mixin.py:137} INFO - [2023-03-29T11:52:55.147+0000] {dag.py:2693} INFO - Sync 1 DAGs
[2023-03-29T11:52:55.265+0000] {logging_mixin.py:137} INFO - [2023-03-29T11:52:55.265+0000] {dag.py:3444} INFO - Setting next_dagrun for example_trigger_controller_dag to None, run_after=None
[2023-03-29T11:52:55.526+0000] {processor.py:175} INFO - Processing /home/airflow/.local/lib/python3.7/site-packages/airflow/example_dags/example_trigger_controller_dag.py took 0.718 seconds
[2023-03-29T11:53:25.966+0000] {processor.py:153} INFO - Started process (PID=399) to work on /home/airflow/.local/lib/python3.7/site-packages/airflow/example_dags/example_trigger_controller_dag.py
[2023-03-29T11:53:25.976+0000] {processor.py:743} INFO - Processing file /home/airflow/.local/lib/python3.7/site-packages/airflow/example_dags/example_trigger_controller_dag.py for tasks to queue
[2023-03-29T11:53:25.977+0000] {logging_mixin.py:137} INFO - [2023-03-29T11:53:25.976+0000] {dagbag.py:532} INFO - Filling up the DagBag from /home/airflow/.local/lib/python3.7/site-packages/airflow/example_dags/example_trigger_controller_dag.py
[2023-03-29T11:53:25.984+0000] {processor.py:753} INFO - DAG(s) dict_keys(['example_trigger_controller_dag']) retrieved from /home/airflow/.local/lib/python3.7/site-packages/airflow/example_dags/example_trigger_controller_dag.py
[2023-03-29T11:53:26.271+0000] {logging_mixin.py:137} INFO - [2023-03-29T11:53:26.271+0000] {dag.py:2693} INFO - Sync 1 DAGs
[2023-03-29T11:53:26.391+0000] {logging_mixin.py:137} INFO - [2023-03-29T11:53:26.391+0000] {dag.py:3444} INFO - Setting next_dagrun for example_trigger_controller_dag to None, run_after=None
[2023-03-29T11:53:26.652+0000] {processor.py:175} INFO - Processing /home/airflow/.local/lib/python3.7/site-packages/airflow/example_dags/example_trigger_controller_dag.py took 0.688 seconds
[2023-03-29T11:53:57.892+0000] {processor.py:153} INFO - Started process (PID=449) to work on /home/airflow/.local/lib/python3.7/site-packages/airflow/example_dags/example_trigger_controller_dag.py
[2023-03-29T11:53:57.892+0000] {processor.py:743} INFO - Processing file /home/airflow/.local/lib/python3.7/site-packages/airflow/example_dags/example_trigger_controller_dag.py for tasks to queue
[2023-03-29T11:53:57.893+0000] {logging_mixin.py:137} INFO - [2023-03-29T11:53:57.893+0000] {dagbag.py:532} INFO - Filling up the DagBag from /home/airflow/.local/lib/python3.7/site-packages/airflow/example_dags/example_trigger_controller_dag.py
[2023-03-29T11:53:57.900+0000] {processor.py:753} INFO - DAG(s) dict_keys(['example_trigger_controller_dag']) retrieved from /home/airflow/.local/lib/python3.7/site-packages/airflow/example_dags/example_trigger_controller_dag.py
[2023-03-29T11:53:58.163+0000] {logging_mixin.py:137} INFO - [2023-03-29T11:53:58.163+0000] {dag.py:2693} INFO - Sync 1 DAGs
[2023-03-29T11:53:58.279+0000] {logging_mixin.py:137} INFO - [2023-03-29T11:53:58.279+0000] {dag.py:3444} INFO - Setting next_dagrun for example_trigger_controller_dag to None, run_after=None
[2023-03-29T11:53:58.545+0000] {processor.py:175} INFO - Processing /home/airflow/.local/lib/python3.7/site-packages/airflow/example_dags/example_trigger_controller_dag.py took 0.655 seconds
[2023-03-29T11:54:28.999+0000] {processor.py:153} INFO - Started process (PID=498) to work on /home/airflow/.local/lib/python3.7/site-packages/airflow/example_dags/example_trigger_controller_dag.py
[2023-03-29T11:54:29.009+0000] {processor.py:743} INFO - Processing file /home/airflow/.local/lib/python3.7/site-packages/airflow/example_dags/example_trigger_controller_dag.py for tasks to queue
[2023-03-29T11:54:29.010+0000] {logging_mixin.py:137} INFO - [2023-03-29T11:54:29.010+0000] {dagbag.py:532} INFO - Filling up the DagBag from /home/airflow/.local/lib/python3.7/site-packages/airflow/example_dags/example_trigger_controller_dag.py
[2023-03-29T11:54:29.016+0000] {processor.py:753} INFO - DAG(s) dict_keys(['example_trigger_controller_dag']) retrieved from /home/airflow/.local/lib/python3.7/site-packages/airflow/example_dags/example_trigger_controller_dag.py
[2023-03-29T11:54:29.293+0000] {logging_mixin.py:137} INFO - [2023-03-29T11:54:29.293+0000] {dag.py:2693} INFO - Sync 1 DAGs
[2023-03-29T11:54:29.407+0000] {logging_mixin.py:137} INFO - [2023-03-29T11:54:29.407+0000] {dag.py:3444} INFO - Setting next_dagrun for example_trigger_controller_dag to None, run_after=None
[2023-03-29T11:54:29.683+0000] {processor.py:175} INFO - Processing /home/airflow/.local/lib/python3.7/site-packages/airflow/example_dags/example_trigger_controller_dag.py took 0.686 seconds
[2023-03-29T11:55:00.294+0000] {processor.py:153} INFO - Started process (PID=547) to work on /home/airflow/.local/lib/python3.7/site-packages/airflow/example_dags/example_trigger_controller_dag.py
[2023-03-29T11:55:00.295+0000] {processor.py:743} INFO - Processing file /home/airflow/.local/lib/python3.7/site-packages/airflow/example_dags/example_trigger_controller_dag.py for tasks to queue
[2023-03-29T11:55:00.295+0000] {logging_mixin.py:137} INFO - [2023-03-29T11:55:00.295+0000] {dagbag.py:532} INFO - Filling up the DagBag from /home/airflow/.local/lib/python3.7/site-packages/airflow/example_dags/example_trigger_controller_dag.py
[2023-03-29T11:55:00.301+0000] {processor.py:753} INFO - DAG(s) dict_keys(['example_trigger_controller_dag']) retrieved from /home/airflow/.local/lib/python3.7/site-packages/airflow/example_dags/example_trigger_controller_dag.py
[2023-03-29T11:55:00.558+0000] {logging_mixin.py:137} INFO - [2023-03-29T11:55:00.558+0000] {dag.py:2693} INFO - Sync 1 DAGs
[2023-03-29T11:55:00.677+0000] {logging_mixin.py:137} INFO - [2023-03-29T11:55:00.676+0000] {dag.py:3444} INFO - Setting next_dagrun for example_trigger_controller_dag to None, run_after=None
[2023-03-29T11:55:00.916+0000] {processor.py:175} INFO - Processing /home/airflow/.local/lib/python3.7/site-packages/airflow/example_dags/example_trigger_controller_dag.py took 0.625 seconds
