[2023-03-29T11:50:20.411+0000] {processor.py:153} INFO - Started process (PID=101) to work on /home/airflow/.local/lib/python3.7/site-packages/airflow/example_dags/example_latest_only_with_trigger.py
[2023-03-29T11:50:20.412+0000] {processor.py:743} INFO - Processing file /home/airflow/.local/lib/python3.7/site-packages/airflow/example_dags/example_latest_only_with_trigger.py for tasks to queue
[2023-03-29T11:50:20.412+0000] {logging_mixin.py:137} INFO - [2023-03-29T11:50:20.412+0000] {dagbag.py:532} INFO - Filling up the DagBag from /home/airflow/.local/lib/python3.7/site-packages/airflow/example_dags/example_latest_only_with_trigger.py
[2023-03-29T11:50:20.420+0000] {processor.py:753} INFO - DAG(s) dict_keys(['latest_only_with_trigger']) retrieved from /home/airflow/.local/lib/python3.7/site-packages/airflow/example_dags/example_latest_only_with_trigger.py
[2023-03-29T11:50:20.676+0000] {logging_mixin.py:137} INFO - [2023-03-29T11:50:20.676+0000] {dag.py:2693} INFO - Sync 1 DAGs
[2023-03-29T11:50:20.783+0000] {logging_mixin.py:137} INFO - [2023-03-29T11:50:20.783+0000] {dag.py:3444} INFO - Setting next_dagrun for latest_only_with_trigger to 2023-03-29T07:50:20.783090+00:00, run_after=2023-03-29T11:50:20.783090+00:00
[2023-03-29T11:50:21.022+0000] {processor.py:175} INFO - Processing /home/airflow/.local/lib/python3.7/site-packages/airflow/example_dags/example_latest_only_with_trigger.py took 0.612 seconds
[2023-03-29T11:50:52.137+0000] {processor.py:153} INFO - Started process (PID=150) to work on /home/airflow/.local/lib/python3.7/site-packages/airflow/example_dags/example_latest_only_with_trigger.py
[2023-03-29T11:50:52.138+0000] {processor.py:743} INFO - Processing file /home/airflow/.local/lib/python3.7/site-packages/airflow/example_dags/example_latest_only_with_trigger.py for tasks to queue
[2023-03-29T11:50:52.138+0000] {logging_mixin.py:137} INFO - [2023-03-29T11:50:52.138+0000] {dagbag.py:532} INFO - Filling up the DagBag from /home/airflow/.local/lib/python3.7/site-packages/airflow/example_dags/example_latest_only_with_trigger.py
[2023-03-29T11:50:52.145+0000] {processor.py:753} INFO - DAG(s) dict_keys(['latest_only_with_trigger']) retrieved from /home/airflow/.local/lib/python3.7/site-packages/airflow/example_dags/example_latest_only_with_trigger.py
[2023-03-29T11:50:52.443+0000] {logging_mixin.py:137} INFO - [2023-03-29T11:50:52.443+0000] {dag.py:2693} INFO - Sync 1 DAGs
[2023-03-29T11:50:52.560+0000] {logging_mixin.py:137} INFO - [2023-03-29T11:50:52.560+0000] {dag.py:3444} INFO - Setting next_dagrun for latest_only_with_trigger to 2023-03-29T07:50:52.560468+00:00, run_after=2023-03-29T11:50:52.560468+00:00
[2023-03-29T11:50:52.830+0000] {processor.py:175} INFO - Processing /home/airflow/.local/lib/python3.7/site-packages/airflow/example_dags/example_latest_only_with_trigger.py took 0.694 seconds
[2023-03-29T11:51:23.522+0000] {processor.py:153} INFO - Started process (PID=199) to work on /home/airflow/.local/lib/python3.7/site-packages/airflow/example_dags/example_latest_only_with_trigger.py
[2023-03-29T11:51:23.532+0000] {processor.py:743} INFO - Processing file /home/airflow/.local/lib/python3.7/site-packages/airflow/example_dags/example_latest_only_with_trigger.py for tasks to queue
[2023-03-29T11:51:23.532+0000] {logging_mixin.py:137} INFO - [2023-03-29T11:51:23.532+0000] {dagbag.py:532} INFO - Filling up the DagBag from /home/airflow/.local/lib/python3.7/site-packages/airflow/example_dags/example_latest_only_with_trigger.py
[2023-03-29T11:51:23.540+0000] {processor.py:753} INFO - DAG(s) dict_keys(['latest_only_with_trigger']) retrieved from /home/airflow/.local/lib/python3.7/site-packages/airflow/example_dags/example_latest_only_with_trigger.py
[2023-03-29T11:51:23.837+0000] {logging_mixin.py:137} INFO - [2023-03-29T11:51:23.837+0000] {dag.py:2693} INFO - Sync 1 DAGs
[2023-03-29T11:51:23.945+0000] {logging_mixin.py:137} INFO - [2023-03-29T11:51:23.945+0000] {dag.py:3444} INFO - Setting next_dagrun for latest_only_with_trigger to 2023-03-29T07:51:23.945552+00:00, run_after=2023-03-29T11:51:23.945552+00:00
[2023-03-29T11:51:24.196+0000] {processor.py:175} INFO - Processing /home/airflow/.local/lib/python3.7/site-packages/airflow/example_dags/example_latest_only_with_trigger.py took 0.676 seconds
[2023-03-29T11:51:54.609+0000] {processor.py:153} INFO - Started process (PID=255) to work on /home/airflow/.local/lib/python3.7/site-packages/airflow/example_dags/example_latest_only_with_trigger.py
[2023-03-29T11:51:54.610+0000] {processor.py:743} INFO - Processing file /home/airflow/.local/lib/python3.7/site-packages/airflow/example_dags/example_latest_only_with_trigger.py for tasks to queue
[2023-03-29T11:51:54.610+0000] {logging_mixin.py:137} INFO - [2023-03-29T11:51:54.610+0000] {dagbag.py:532} INFO - Filling up the DagBag from /home/airflow/.local/lib/python3.7/site-packages/airflow/example_dags/example_latest_only_with_trigger.py
[2023-03-29T11:51:54.618+0000] {processor.py:753} INFO - DAG(s) dict_keys(['latest_only_with_trigger']) retrieved from /home/airflow/.local/lib/python3.7/site-packages/airflow/example_dags/example_latest_only_with_trigger.py
[2023-03-29T11:51:54.890+0000] {logging_mixin.py:137} INFO - [2023-03-29T11:51:54.890+0000] {dag.py:2693} INFO - Sync 1 DAGs
[2023-03-29T11:51:54.999+0000] {logging_mixin.py:137} INFO - [2023-03-29T11:51:54.999+0000] {dag.py:3444} INFO - Setting next_dagrun for latest_only_with_trigger to 2023-03-29T07:51:54.999460+00:00, run_after=2023-03-29T11:51:54.999460+00:00
[2023-03-29T11:51:55.272+0000] {processor.py:175} INFO - Processing /home/airflow/.local/lib/python3.7/site-packages/airflow/example_dags/example_latest_only_with_trigger.py took 0.665 seconds
[2023-03-29T11:52:25.406+0000] {processor.py:153} INFO - Started process (PID=304) to work on /home/airflow/.local/lib/python3.7/site-packages/airflow/example_dags/example_latest_only_with_trigger.py
[2023-03-29T11:52:25.416+0000] {processor.py:743} INFO - Processing file /home/airflow/.local/lib/python3.7/site-packages/airflow/example_dags/example_latest_only_with_trigger.py for tasks to queue
[2023-03-29T11:52:25.417+0000] {logging_mixin.py:137} INFO - [2023-03-29T11:52:25.417+0000] {dagbag.py:532} INFO - Filling up the DagBag from /home/airflow/.local/lib/python3.7/site-packages/airflow/example_dags/example_latest_only_with_trigger.py
[2023-03-29T11:52:25.425+0000] {processor.py:753} INFO - DAG(s) dict_keys(['latest_only_with_trigger']) retrieved from /home/airflow/.local/lib/python3.7/site-packages/airflow/example_dags/example_latest_only_with_trigger.py
[2023-03-29T11:52:25.717+0000] {logging_mixin.py:137} INFO - [2023-03-29T11:52:25.717+0000] {dag.py:2693} INFO - Sync 1 DAGs
[2023-03-29T11:52:25.823+0000] {logging_mixin.py:137} INFO - [2023-03-29T11:52:25.823+0000] {dag.py:3444} INFO - Setting next_dagrun for latest_only_with_trigger to 2023-03-29T07:52:25.823227+00:00, run_after=2023-03-29T11:52:25.823227+00:00
[2023-03-29T11:52:26.085+0000] {processor.py:175} INFO - Processing /home/airflow/.local/lib/python3.7/site-packages/airflow/example_dags/example_latest_only_with_trigger.py took 0.681 seconds
[2023-03-29T11:52:56.282+0000] {processor.py:153} INFO - Started process (PID=353) to work on /home/airflow/.local/lib/python3.7/site-packages/airflow/example_dags/example_latest_only_with_trigger.py
[2023-03-29T11:52:56.282+0000] {processor.py:743} INFO - Processing file /home/airflow/.local/lib/python3.7/site-packages/airflow/example_dags/example_latest_only_with_trigger.py for tasks to queue
[2023-03-29T11:52:56.283+0000] {logging_mixin.py:137} INFO - [2023-03-29T11:52:56.283+0000] {dagbag.py:532} INFO - Filling up the DagBag from /home/airflow/.local/lib/python3.7/site-packages/airflow/example_dags/example_latest_only_with_trigger.py
[2023-03-29T11:52:56.291+0000] {processor.py:753} INFO - DAG(s) dict_keys(['latest_only_with_trigger']) retrieved from /home/airflow/.local/lib/python3.7/site-packages/airflow/example_dags/example_latest_only_with_trigger.py
[2023-03-29T11:52:56.584+0000] {logging_mixin.py:137} INFO - [2023-03-29T11:52:56.583+0000] {dag.py:2693} INFO - Sync 1 DAGs
[2023-03-29T11:52:56.697+0000] {logging_mixin.py:137} INFO - [2023-03-29T11:52:56.697+0000] {dag.py:3444} INFO - Setting next_dagrun for latest_only_with_trigger to 2023-03-29T07:52:56.697149+00:00, run_after=2023-03-29T11:52:56.697149+00:00
[2023-03-29T11:52:56.949+0000] {processor.py:175} INFO - Processing /home/airflow/.local/lib/python3.7/site-packages/airflow/example_dags/example_latest_only_with_trigger.py took 0.669 seconds
[2023-03-29T11:53:27.478+0000] {processor.py:153} INFO - Started process (PID=402) to work on /home/airflow/.local/lib/python3.7/site-packages/airflow/example_dags/example_latest_only_with_trigger.py
[2023-03-29T11:53:27.488+0000] {processor.py:743} INFO - Processing file /home/airflow/.local/lib/python3.7/site-packages/airflow/example_dags/example_latest_only_with_trigger.py for tasks to queue
[2023-03-29T11:53:27.488+0000] {logging_mixin.py:137} INFO - [2023-03-29T11:53:27.488+0000] {dagbag.py:532} INFO - Filling up the DagBag from /home/airflow/.local/lib/python3.7/site-packages/airflow/example_dags/example_latest_only_with_trigger.py
[2023-03-29T11:53:27.497+0000] {processor.py:753} INFO - DAG(s) dict_keys(['latest_only_with_trigger']) retrieved from /home/airflow/.local/lib/python3.7/site-packages/airflow/example_dags/example_latest_only_with_trigger.py
[2023-03-29T11:53:27.767+0000] {logging_mixin.py:137} INFO - [2023-03-29T11:53:27.767+0000] {dag.py:2693} INFO - Sync 1 DAGs
[2023-03-29T11:53:27.877+0000] {logging_mixin.py:137} INFO - [2023-03-29T11:53:27.877+0000] {dag.py:3444} INFO - Setting next_dagrun for latest_only_with_trigger to 2023-03-29T07:53:27.877362+00:00, run_after=2023-03-29T11:53:27.877362+00:00
[2023-03-29T11:53:28.150+0000] {processor.py:175} INFO - Processing /home/airflow/.local/lib/python3.7/site-packages/airflow/example_dags/example_latest_only_with_trigger.py took 0.673 seconds
[2023-03-29T11:53:58.609+0000] {processor.py:153} INFO - Started process (PID=451) to work on /home/airflow/.local/lib/python3.7/site-packages/airflow/example_dags/example_latest_only_with_trigger.py
[2023-03-29T11:53:58.610+0000] {processor.py:743} INFO - Processing file /home/airflow/.local/lib/python3.7/site-packages/airflow/example_dags/example_latest_only_with_trigger.py for tasks to queue
[2023-03-29T11:53:58.610+0000] {logging_mixin.py:137} INFO - [2023-03-29T11:53:58.610+0000] {dagbag.py:532} INFO - Filling up the DagBag from /home/airflow/.local/lib/python3.7/site-packages/airflow/example_dags/example_latest_only_with_trigger.py
[2023-03-29T11:53:58.618+0000] {processor.py:753} INFO - DAG(s) dict_keys(['latest_only_with_trigger']) retrieved from /home/airflow/.local/lib/python3.7/site-packages/airflow/example_dags/example_latest_only_with_trigger.py
[2023-03-29T11:53:58.893+0000] {logging_mixin.py:137} INFO - [2023-03-29T11:53:58.893+0000] {dag.py:2693} INFO - Sync 1 DAGs
[2023-03-29T11:53:59.001+0000] {logging_mixin.py:137} INFO - [2023-03-29T11:53:59.001+0000] {dag.py:3444} INFO - Setting next_dagrun for latest_only_with_trigger to 2023-03-29T07:53:59.001225+00:00, run_after=2023-03-29T11:53:59.001225+00:00
[2023-03-29T11:53:59.289+0000] {processor.py:175} INFO - Processing /home/airflow/.local/lib/python3.7/site-packages/airflow/example_dags/example_latest_only_with_trigger.py took 0.682 seconds
[2023-03-29T11:54:29.744+0000] {processor.py:153} INFO - Started process (PID=500) to work on /home/airflow/.local/lib/python3.7/site-packages/airflow/example_dags/example_latest_only_with_trigger.py
[2023-03-29T11:54:29.745+0000] {processor.py:743} INFO - Processing file /home/airflow/.local/lib/python3.7/site-packages/airflow/example_dags/example_latest_only_with_trigger.py for tasks to queue
[2023-03-29T11:54:29.745+0000] {logging_mixin.py:137} INFO - [2023-03-29T11:54:29.745+0000] {dagbag.py:532} INFO - Filling up the DagBag from /home/airflow/.local/lib/python3.7/site-packages/airflow/example_dags/example_latest_only_with_trigger.py
[2023-03-29T11:54:29.753+0000] {processor.py:753} INFO - DAG(s) dict_keys(['latest_only_with_trigger']) retrieved from /home/airflow/.local/lib/python3.7/site-packages/airflow/example_dags/example_latest_only_with_trigger.py
[2023-03-29T11:54:30.030+0000] {logging_mixin.py:137} INFO - [2023-03-29T11:54:30.029+0000] {dag.py:2693} INFO - Sync 1 DAGs
[2023-03-29T11:54:30.146+0000] {logging_mixin.py:137} INFO - [2023-03-29T11:54:30.145+0000] {dag.py:3444} INFO - Setting next_dagrun for latest_only_with_trigger to 2023-03-29T07:54:30.145782+00:00, run_after=2023-03-29T11:54:30.145782+00:00
[2023-03-29T11:54:30.406+0000] {processor.py:175} INFO - Processing /home/airflow/.local/lib/python3.7/site-packages/airflow/example_dags/example_latest_only_with_trigger.py took 0.664 seconds
[2023-03-29T11:55:00.975+0000] {processor.py:153} INFO - Started process (PID=549) to work on /home/airflow/.local/lib/python3.7/site-packages/airflow/example_dags/example_latest_only_with_trigger.py
[2023-03-29T11:55:00.976+0000] {processor.py:743} INFO - Processing file /home/airflow/.local/lib/python3.7/site-packages/airflow/example_dags/example_latest_only_with_trigger.py for tasks to queue
[2023-03-29T11:55:00.976+0000] {logging_mixin.py:137} INFO - [2023-03-29T11:55:00.976+0000] {dagbag.py:532} INFO - Filling up the DagBag from /home/airflow/.local/lib/python3.7/site-packages/airflow/example_dags/example_latest_only_with_trigger.py
[2023-03-29T11:55:00.985+0000] {processor.py:753} INFO - DAG(s) dict_keys(['latest_only_with_trigger']) retrieved from /home/airflow/.local/lib/python3.7/site-packages/airflow/example_dags/example_latest_only_with_trigger.py
[2023-03-29T11:55:01.273+0000] {logging_mixin.py:137} INFO - [2023-03-29T11:55:01.273+0000] {dag.py:2693} INFO - Sync 1 DAGs
[2023-03-29T11:55:01.384+0000] {logging_mixin.py:137} INFO - [2023-03-29T11:55:01.384+0000] {dag.py:3444} INFO - Setting next_dagrun for latest_only_with_trigger to 2023-03-29T07:55:01.384364+00:00, run_after=2023-03-29T11:55:01.384364+00:00
[2023-03-29T11:55:01.632+0000] {processor.py:175} INFO - Processing /home/airflow/.local/lib/python3.7/site-packages/airflow/example_dags/example_latest_only_with_trigger.py took 0.659 seconds
