[2023-03-29T11:50:17.138+0000] {processor.py:153} INFO - Started process (PID=92) to work on /home/airflow/.local/lib/python3.7/site-packages/airflow/example_dags/example_nested_branch_dag.py
[2023-03-29T11:50:17.138+0000] {processor.py:743} INFO - Processing file /home/airflow/.local/lib/python3.7/site-packages/airflow/example_dags/example_nested_branch_dag.py for tasks to queue
[2023-03-29T11:50:17.138+0000] {logging_mixin.py:137} INFO - [2023-03-29T11:50:17.138+0000] {dagbag.py:532} INFO - Filling up the DagBag from /home/airflow/.local/lib/python3.7/site-packages/airflow/example_dags/example_nested_branch_dag.py
[2023-03-29T11:50:17.152+0000] {processor.py:753} INFO - DAG(s) dict_keys(['example_nested_branch_dag']) retrieved from /home/airflow/.local/lib/python3.7/site-packages/airflow/example_dags/example_nested_branch_dag.py
[2023-03-29T11:50:17.401+0000] {logging_mixin.py:137} INFO - [2023-03-29T11:50:17.401+0000] {dag.py:2693} INFO - Sync 1 DAGs
[2023-03-29T11:50:17.503+0000] {logging_mixin.py:137} INFO - [2023-03-29T11:50:17.503+0000] {dag.py:3444} INFO - Setting next_dagrun for example_nested_branch_dag to 2023-03-28T00:00:00+00:00, run_after=2023-03-29T00:00:00+00:00
[2023-03-29T11:50:17.726+0000] {processor.py:175} INFO - Processing /home/airflow/.local/lib/python3.7/site-packages/airflow/example_dags/example_nested_branch_dag.py took 0.590 seconds
[2023-03-29T11:50:48.602+0000] {processor.py:153} INFO - Started process (PID=141) to work on /home/airflow/.local/lib/python3.7/site-packages/airflow/example_dags/example_nested_branch_dag.py
[2023-03-29T11:50:48.612+0000] {processor.py:743} INFO - Processing file /home/airflow/.local/lib/python3.7/site-packages/airflow/example_dags/example_nested_branch_dag.py for tasks to queue
[2023-03-29T11:50:48.612+0000] {logging_mixin.py:137} INFO - [2023-03-29T11:50:48.612+0000] {dagbag.py:532} INFO - Filling up the DagBag from /home/airflow/.local/lib/python3.7/site-packages/airflow/example_dags/example_nested_branch_dag.py
[2023-03-29T11:50:48.626+0000] {processor.py:753} INFO - DAG(s) dict_keys(['example_nested_branch_dag']) retrieved from /home/airflow/.local/lib/python3.7/site-packages/airflow/example_dags/example_nested_branch_dag.py
[2023-03-29T11:50:48.901+0000] {logging_mixin.py:137} INFO - [2023-03-29T11:50:48.901+0000] {dag.py:2693} INFO - Sync 1 DAGs
[2023-03-29T11:50:49.015+0000] {logging_mixin.py:137} INFO - [2023-03-29T11:50:49.015+0000] {dag.py:3444} INFO - Setting next_dagrun for example_nested_branch_dag to 2023-03-28T00:00:00+00:00, run_after=2023-03-29T00:00:00+00:00
[2023-03-29T11:50:49.284+0000] {processor.py:175} INFO - Processing /home/airflow/.local/lib/python3.7/site-packages/airflow/example_dags/example_nested_branch_dag.py took 0.684 seconds
[2023-03-29T11:51:19.508+0000] {processor.py:153} INFO - Started process (PID=190) to work on /home/airflow/.local/lib/python3.7/site-packages/airflow/example_dags/example_nested_branch_dag.py
[2023-03-29T11:51:19.509+0000] {processor.py:743} INFO - Processing file /home/airflow/.local/lib/python3.7/site-packages/airflow/example_dags/example_nested_branch_dag.py for tasks to queue
[2023-03-29T11:51:19.509+0000] {logging_mixin.py:137} INFO - [2023-03-29T11:51:19.509+0000] {dagbag.py:532} INFO - Filling up the DagBag from /home/airflow/.local/lib/python3.7/site-packages/airflow/example_dags/example_nested_branch_dag.py
[2023-03-29T11:51:19.523+0000] {processor.py:753} INFO - DAG(s) dict_keys(['example_nested_branch_dag']) retrieved from /home/airflow/.local/lib/python3.7/site-packages/airflow/example_dags/example_nested_branch_dag.py
[2023-03-29T11:51:19.808+0000] {logging_mixin.py:137} INFO - [2023-03-29T11:51:19.808+0000] {dag.py:2693} INFO - Sync 1 DAGs
[2023-03-29T11:51:19.912+0000] {logging_mixin.py:137} INFO - [2023-03-29T11:51:19.912+0000] {dag.py:3444} INFO - Setting next_dagrun for example_nested_branch_dag to 2023-03-28T00:00:00+00:00, run_after=2023-03-29T00:00:00+00:00
[2023-03-29T11:51:20.167+0000] {processor.py:175} INFO - Processing /home/airflow/.local/lib/python3.7/site-packages/airflow/example_dags/example_nested_branch_dag.py took 0.660 seconds
[2023-03-29T11:51:50.255+0000] {processor.py:153} INFO - Started process (PID=239) to work on /home/airflow/.local/lib/python3.7/site-packages/airflow/example_dags/example_nested_branch_dag.py
[2023-03-29T11:51:50.256+0000] {processor.py:743} INFO - Processing file /home/airflow/.local/lib/python3.7/site-packages/airflow/example_dags/example_nested_branch_dag.py for tasks to queue
[2023-03-29T11:51:50.256+0000] {logging_mixin.py:137} INFO - [2023-03-29T11:51:50.256+0000] {dagbag.py:532} INFO - Filling up the DagBag from /home/airflow/.local/lib/python3.7/site-packages/airflow/example_dags/example_nested_branch_dag.py
[2023-03-29T11:51:50.271+0000] {processor.py:753} INFO - DAG(s) dict_keys(['example_nested_branch_dag']) retrieved from /home/airflow/.local/lib/python3.7/site-packages/airflow/example_dags/example_nested_branch_dag.py
[2023-03-29T11:51:50.548+0000] {logging_mixin.py:137} INFO - [2023-03-29T11:51:50.547+0000] {dag.py:2693} INFO - Sync 1 DAGs
[2023-03-29T11:51:50.656+0000] {logging_mixin.py:137} INFO - [2023-03-29T11:51:50.656+0000] {dag.py:3444} INFO - Setting next_dagrun for example_nested_branch_dag to 2023-03-28T00:00:00+00:00, run_after=2023-03-29T00:00:00+00:00
[2023-03-29T11:51:50.914+0000] {processor.py:175} INFO - Processing /home/airflow/.local/lib/python3.7/site-packages/airflow/example_dags/example_nested_branch_dag.py took 0.662 seconds
[2023-03-29T11:52:21.378+0000] {processor.py:153} INFO - Started process (PID=288) to work on /home/airflow/.local/lib/python3.7/site-packages/airflow/example_dags/example_nested_branch_dag.py
[2023-03-29T11:52:21.378+0000] {processor.py:743} INFO - Processing file /home/airflow/.local/lib/python3.7/site-packages/airflow/example_dags/example_nested_branch_dag.py for tasks to queue
[2023-03-29T11:52:21.378+0000] {logging_mixin.py:137} INFO - [2023-03-29T11:52:21.378+0000] {dagbag.py:532} INFO - Filling up the DagBag from /home/airflow/.local/lib/python3.7/site-packages/airflow/example_dags/example_nested_branch_dag.py
[2023-03-29T11:52:21.393+0000] {processor.py:753} INFO - DAG(s) dict_keys(['example_nested_branch_dag']) retrieved from /home/airflow/.local/lib/python3.7/site-packages/airflow/example_dags/example_nested_branch_dag.py
[2023-03-29T11:52:21.699+0000] {logging_mixin.py:137} INFO - [2023-03-29T11:52:21.699+0000] {dag.py:2693} INFO - Sync 1 DAGs
[2023-03-29T11:52:21.810+0000] {logging_mixin.py:137} INFO - [2023-03-29T11:52:21.810+0000] {dag.py:3444} INFO - Setting next_dagrun for example_nested_branch_dag to 2023-03-28T00:00:00+00:00, run_after=2023-03-29T00:00:00+00:00
[2023-03-29T11:52:22.080+0000] {processor.py:175} INFO - Processing /home/airflow/.local/lib/python3.7/site-packages/airflow/example_dags/example_nested_branch_dag.py took 0.704 seconds
[2023-03-29T11:52:52.242+0000] {processor.py:153} INFO - Started process (PID=337) to work on /home/airflow/.local/lib/python3.7/site-packages/airflow/example_dags/example_nested_branch_dag.py
[2023-03-29T11:52:52.243+0000] {processor.py:743} INFO - Processing file /home/airflow/.local/lib/python3.7/site-packages/airflow/example_dags/example_nested_branch_dag.py for tasks to queue
[2023-03-29T11:52:52.243+0000] {logging_mixin.py:137} INFO - [2023-03-29T11:52:52.243+0000] {dagbag.py:532} INFO - Filling up the DagBag from /home/airflow/.local/lib/python3.7/site-packages/airflow/example_dags/example_nested_branch_dag.py
[2023-03-29T11:52:52.259+0000] {processor.py:753} INFO - DAG(s) dict_keys(['example_nested_branch_dag']) retrieved from /home/airflow/.local/lib/python3.7/site-packages/airflow/example_dags/example_nested_branch_dag.py
[2023-03-29T11:52:52.577+0000] {logging_mixin.py:137} INFO - [2023-03-29T11:52:52.577+0000] {dag.py:2693} INFO - Sync 1 DAGs
[2023-03-29T11:52:52.689+0000] {logging_mixin.py:137} INFO - [2023-03-29T11:52:52.689+0000] {dag.py:3444} INFO - Setting next_dagrun for example_nested_branch_dag to 2023-03-28T00:00:00+00:00, run_after=2023-03-29T00:00:00+00:00
[2023-03-29T11:52:52.975+0000] {processor.py:175} INFO - Processing /home/airflow/.local/lib/python3.7/site-packages/airflow/example_dags/example_nested_branch_dag.py took 0.735 seconds
[2023-03-29T11:53:23.795+0000] {processor.py:153} INFO - Started process (PID=386) to work on /home/airflow/.local/lib/python3.7/site-packages/airflow/example_dags/example_nested_branch_dag.py
[2023-03-29T11:53:23.796+0000] {processor.py:743} INFO - Processing file /home/airflow/.local/lib/python3.7/site-packages/airflow/example_dags/example_nested_branch_dag.py for tasks to queue
[2023-03-29T11:53:23.796+0000] {logging_mixin.py:137} INFO - [2023-03-29T11:53:23.796+0000] {dagbag.py:532} INFO - Filling up the DagBag from /home/airflow/.local/lib/python3.7/site-packages/airflow/example_dags/example_nested_branch_dag.py
[2023-03-29T11:53:23.811+0000] {processor.py:753} INFO - DAG(s) dict_keys(['example_nested_branch_dag']) retrieved from /home/airflow/.local/lib/python3.7/site-packages/airflow/example_dags/example_nested_branch_dag.py
[2023-03-29T11:53:24.073+0000] {logging_mixin.py:137} INFO - [2023-03-29T11:53:24.073+0000] {dag.py:2693} INFO - Sync 1 DAGs
[2023-03-29T11:53:24.182+0000] {logging_mixin.py:137} INFO - [2023-03-29T11:53:24.181+0000] {dag.py:3444} INFO - Setting next_dagrun for example_nested_branch_dag to 2023-03-28T00:00:00+00:00, run_after=2023-03-29T00:00:00+00:00
[2023-03-29T11:53:24.427+0000] {processor.py:175} INFO - Processing /home/airflow/.local/lib/python3.7/site-packages/airflow/example_dags/example_nested_branch_dag.py took 0.634 seconds
[2023-03-29T11:53:55.055+0000] {processor.py:153} INFO - Started process (PID=442) to work on /home/airflow/.local/lib/python3.7/site-packages/airflow/example_dags/example_nested_branch_dag.py
[2023-03-29T11:53:55.065+0000] {processor.py:743} INFO - Processing file /home/airflow/.local/lib/python3.7/site-packages/airflow/example_dags/example_nested_branch_dag.py for tasks to queue
[2023-03-29T11:53:55.065+0000] {logging_mixin.py:137} INFO - [2023-03-29T11:53:55.065+0000] {dagbag.py:532} INFO - Filling up the DagBag from /home/airflow/.local/lib/python3.7/site-packages/airflow/example_dags/example_nested_branch_dag.py
[2023-03-29T11:53:55.081+0000] {processor.py:753} INFO - DAG(s) dict_keys(['example_nested_branch_dag']) retrieved from /home/airflow/.local/lib/python3.7/site-packages/airflow/example_dags/example_nested_branch_dag.py
[2023-03-29T11:53:55.361+0000] {logging_mixin.py:137} INFO - [2023-03-29T11:53:55.361+0000] {dag.py:2693} INFO - Sync 1 DAGs
[2023-03-29T11:53:55.471+0000] {logging_mixin.py:137} INFO - [2023-03-29T11:53:55.471+0000] {dag.py:3444} INFO - Setting next_dagrun for example_nested_branch_dag to 2023-03-28T00:00:00+00:00, run_after=2023-03-29T00:00:00+00:00
[2023-03-29T11:53:55.751+0000] {processor.py:175} INFO - Processing /home/airflow/.local/lib/python3.7/site-packages/airflow/example_dags/example_nested_branch_dag.py took 0.698 seconds
[2023-03-29T11:54:26.195+0000] {processor.py:153} INFO - Started process (PID=491) to work on /home/airflow/.local/lib/python3.7/site-packages/airflow/example_dags/example_nested_branch_dag.py
[2023-03-29T11:54:26.196+0000] {processor.py:743} INFO - Processing file /home/airflow/.local/lib/python3.7/site-packages/airflow/example_dags/example_nested_branch_dag.py for tasks to queue
[2023-03-29T11:54:26.196+0000] {logging_mixin.py:137} INFO - [2023-03-29T11:54:26.196+0000] {dagbag.py:532} INFO - Filling up the DagBag from /home/airflow/.local/lib/python3.7/site-packages/airflow/example_dags/example_nested_branch_dag.py
[2023-03-29T11:54:26.211+0000] {processor.py:753} INFO - DAG(s) dict_keys(['example_nested_branch_dag']) retrieved from /home/airflow/.local/lib/python3.7/site-packages/airflow/example_dags/example_nested_branch_dag.py
[2023-03-29T11:54:26.512+0000] {logging_mixin.py:137} INFO - [2023-03-29T11:54:26.512+0000] {dag.py:2693} INFO - Sync 1 DAGs
[2023-03-29T11:54:26.622+0000] {logging_mixin.py:137} INFO - [2023-03-29T11:54:26.622+0000] {dag.py:3444} INFO - Setting next_dagrun for example_nested_branch_dag to 2023-03-28T00:00:00+00:00, run_after=2023-03-29T00:00:00+00:00
[2023-03-29T11:54:26.888+0000] {processor.py:175} INFO - Processing /home/airflow/.local/lib/python3.7/site-packages/airflow/example_dags/example_nested_branch_dag.py took 0.694 seconds
[2023-03-29T11:54:57.658+0000] {processor.py:153} INFO - Started process (PID=540) to work on /home/airflow/.local/lib/python3.7/site-packages/airflow/example_dags/example_nested_branch_dag.py
[2023-03-29T11:54:57.668+0000] {processor.py:743} INFO - Processing file /home/airflow/.local/lib/python3.7/site-packages/airflow/example_dags/example_nested_branch_dag.py for tasks to queue
[2023-03-29T11:54:57.668+0000] {logging_mixin.py:137} INFO - [2023-03-29T11:54:57.668+0000] {dagbag.py:532} INFO - Filling up the DagBag from /home/airflow/.local/lib/python3.7/site-packages/airflow/example_dags/example_nested_branch_dag.py
[2023-03-29T11:54:57.684+0000] {processor.py:753} INFO - DAG(s) dict_keys(['example_nested_branch_dag']) retrieved from /home/airflow/.local/lib/python3.7/site-packages/airflow/example_dags/example_nested_branch_dag.py
[2023-03-29T11:54:57.950+0000] {logging_mixin.py:137} INFO - [2023-03-29T11:54:57.950+0000] {dag.py:2693} INFO - Sync 1 DAGs
[2023-03-29T11:54:58.059+0000] {logging_mixin.py:137} INFO - [2023-03-29T11:54:58.059+0000] {dag.py:3444} INFO - Setting next_dagrun for example_nested_branch_dag to 2023-03-28T00:00:00+00:00, run_after=2023-03-29T00:00:00+00:00
[2023-03-29T11:54:58.305+0000] {processor.py:175} INFO - Processing /home/airflow/.local/lib/python3.7/site-packages/airflow/example_dags/example_nested_branch_dag.py took 0.650 seconds
