[2023-03-29T11:50:10.844+0000] {processor.py:153} INFO - Started process (PID=78) to work on /home/airflow/.local/lib/python3.7/site-packages/airflow/example_dags/example_datasets.py
[2023-03-29T11:50:10.845+0000] {processor.py:743} INFO - Processing file /home/airflow/.local/lib/python3.7/site-packages/airflow/example_dags/example_datasets.py for tasks to queue
[2023-03-29T11:50:10.845+0000] {logging_mixin.py:137} INFO - [2023-03-29T11:50:10.845+0000] {dagbag.py:532} INFO - Filling up the DagBag from /home/airflow/.local/lib/python3.7/site-packages/airflow/example_dags/example_datasets.py
[2023-03-29T11:50:10.856+0000] {processor.py:753} INFO - DAG(s) dict_keys(['dataset_produces_2', 'dataset_produces_1', 'dataset_consumes_1_never_scheduled', 'dataset_consumes_1', 'dataset_consumes_1_and_2', 'dataset_consumes_unknown_never_scheduled']) retrieved from /home/airflow/.local/lib/python3.7/site-packages/airflow/example_dags/example_datasets.py
[2023-03-29T11:50:11.550+0000] {logging_mixin.py:137} INFO - [2023-03-29T11:50:11.550+0000] {dag.py:2693} INFO - Sync 6 DAGs
[2023-03-29T11:50:11.664+0000] {logging_mixin.py:137} INFO - [2023-03-29T11:50:11.664+0000] {dag.py:3444} INFO - Setting next_dagrun for dataset_consumes_1 to None, run_after=None
[2023-03-29T11:50:11.680+0000] {logging_mixin.py:137} INFO - [2023-03-29T11:50:11.680+0000] {dag.py:3444} INFO - Setting next_dagrun for dataset_consumes_1_and_2 to None, run_after=None
[2023-03-29T11:50:11.694+0000] {logging_mixin.py:137} INFO - [2023-03-29T11:50:11.694+0000] {dag.py:3444} INFO - Setting next_dagrun for dataset_consumes_1_never_scheduled to None, run_after=None
[2023-03-29T11:50:11.707+0000] {logging_mixin.py:137} INFO - [2023-03-29T11:50:11.707+0000] {dag.py:3444} INFO - Setting next_dagrun for dataset_consumes_unknown_never_scheduled to None, run_after=None
[2023-03-29T11:50:11.723+0000] {logging_mixin.py:137} INFO - [2023-03-29T11:50:11.722+0000] {dag.py:3444} INFO - Setting next_dagrun for dataset_produces_1 to 2023-03-28T00:00:00+00:00, run_after=2023-03-29T00:00:00+00:00
[2023-03-29T11:50:11.736+0000] {logging_mixin.py:137} INFO - [2023-03-29T11:50:11.736+0000] {dag.py:3444} INFO - Setting next_dagrun for dataset_produces_2 to None, run_after=None
[2023-03-29T11:50:12.562+0000] {processor.py:175} INFO - Processing /home/airflow/.local/lib/python3.7/site-packages/airflow/example_dags/example_datasets.py took 1.719 seconds
[2023-03-29T11:50:42.782+0000] {processor.py:153} INFO - Started process (PID=128) to work on /home/airflow/.local/lib/python3.7/site-packages/airflow/example_dags/example_datasets.py
[2023-03-29T11:50:42.782+0000] {processor.py:743} INFO - Processing file /home/airflow/.local/lib/python3.7/site-packages/airflow/example_dags/example_datasets.py for tasks to queue
[2023-03-29T11:50:42.783+0000] {logging_mixin.py:137} INFO - [2023-03-29T11:50:42.783+0000] {dagbag.py:532} INFO - Filling up the DagBag from /home/airflow/.local/lib/python3.7/site-packages/airflow/example_dags/example_datasets.py
[2023-03-29T11:50:42.792+0000] {processor.py:753} INFO - DAG(s) dict_keys(['dataset_produces_1', 'dataset_produces_2', 'dataset_consumes_unknown_never_scheduled', 'dataset_consumes_1_and_2', 'dataset_consumes_1', 'dataset_consumes_1_never_scheduled']) retrieved from /home/airflow/.local/lib/python3.7/site-packages/airflow/example_dags/example_datasets.py
[2023-03-29T11:50:43.222+0000] {logging_mixin.py:137} INFO - [2023-03-29T11:50:43.222+0000] {dag.py:2693} INFO - Sync 6 DAGs
[2023-03-29T11:50:43.339+0000] {logging_mixin.py:137} INFO - [2023-03-29T11:50:43.338+0000] {dag.py:3444} INFO - Setting next_dagrun for dataset_consumes_1 to None, run_after=None
[2023-03-29T11:50:43.352+0000] {logging_mixin.py:137} INFO - [2023-03-29T11:50:43.352+0000] {dag.py:3444} INFO - Setting next_dagrun for dataset_consumes_1_and_2 to None, run_after=None
[2023-03-29T11:50:43.365+0000] {logging_mixin.py:137} INFO - [2023-03-29T11:50:43.365+0000] {dag.py:3444} INFO - Setting next_dagrun for dataset_consumes_1_never_scheduled to None, run_after=None
[2023-03-29T11:50:43.379+0000] {logging_mixin.py:137} INFO - [2023-03-29T11:50:43.379+0000] {dag.py:3444} INFO - Setting next_dagrun for dataset_consumes_unknown_never_scheduled to None, run_after=None
[2023-03-29T11:50:43.393+0000] {logging_mixin.py:137} INFO - [2023-03-29T11:50:43.393+0000] {dag.py:3444} INFO - Setting next_dagrun for dataset_produces_1 to 2023-03-28T00:00:00+00:00, run_after=2023-03-29T00:00:00+00:00
[2023-03-29T11:50:43.406+0000] {logging_mixin.py:137} INFO - [2023-03-29T11:50:43.406+0000] {dag.py:3444} INFO - Setting next_dagrun for dataset_produces_2 to None, run_after=None
[2023-03-29T11:50:43.939+0000] {processor.py:175} INFO - Processing /home/airflow/.local/lib/python3.7/site-packages/airflow/example_dags/example_datasets.py took 1.160 seconds
[2023-03-29T11:51:14.065+0000] {processor.py:153} INFO - Started process (PID=177) to work on /home/airflow/.local/lib/python3.7/site-packages/airflow/example_dags/example_datasets.py
[2023-03-29T11:51:14.065+0000] {processor.py:743} INFO - Processing file /home/airflow/.local/lib/python3.7/site-packages/airflow/example_dags/example_datasets.py for tasks to queue
[2023-03-29T11:51:14.066+0000] {logging_mixin.py:137} INFO - [2023-03-29T11:51:14.066+0000] {dagbag.py:532} INFO - Filling up the DagBag from /home/airflow/.local/lib/python3.7/site-packages/airflow/example_dags/example_datasets.py
[2023-03-29T11:51:14.074+0000] {processor.py:753} INFO - DAG(s) dict_keys(['dataset_produces_1', 'dataset_consumes_1_never_scheduled', 'dataset_consumes_unknown_never_scheduled', 'dataset_consumes_1', 'dataset_consumes_1_and_2', 'dataset_produces_2']) retrieved from /home/airflow/.local/lib/python3.7/site-packages/airflow/example_dags/example_datasets.py
[2023-03-29T11:51:14.528+0000] {logging_mixin.py:137} INFO - [2023-03-29T11:51:14.528+0000] {dag.py:2693} INFO - Sync 6 DAGs
[2023-03-29T11:51:14.647+0000] {logging_mixin.py:137} INFO - [2023-03-29T11:51:14.647+0000] {dag.py:3444} INFO - Setting next_dagrun for dataset_consumes_1 to None, run_after=None
[2023-03-29T11:51:14.660+0000] {logging_mixin.py:137} INFO - [2023-03-29T11:51:14.660+0000] {dag.py:3444} INFO - Setting next_dagrun for dataset_consumes_1_and_2 to None, run_after=None
[2023-03-29T11:51:14.672+0000] {logging_mixin.py:137} INFO - [2023-03-29T11:51:14.672+0000] {dag.py:3444} INFO - Setting next_dagrun for dataset_consumes_1_never_scheduled to None, run_after=None
[2023-03-29T11:51:14.684+0000] {logging_mixin.py:137} INFO - [2023-03-29T11:51:14.684+0000] {dag.py:3444} INFO - Setting next_dagrun for dataset_consumes_unknown_never_scheduled to None, run_after=None
[2023-03-29T11:51:14.697+0000] {logging_mixin.py:137} INFO - [2023-03-29T11:51:14.697+0000] {dag.py:3444} INFO - Setting next_dagrun for dataset_produces_1 to 2023-03-28T00:00:00+00:00, run_after=2023-03-29T00:00:00+00:00
[2023-03-29T11:51:14.709+0000] {logging_mixin.py:137} INFO - [2023-03-29T11:51:14.709+0000] {dag.py:3444} INFO - Setting next_dagrun for dataset_produces_2 to None, run_after=None
[2023-03-29T11:51:15.216+0000] {processor.py:175} INFO - Processing /home/airflow/.local/lib/python3.7/site-packages/airflow/example_dags/example_datasets.py took 1.153 seconds
[2023-03-29T11:51:45.610+0000] {processor.py:153} INFO - Started process (PID=227) to work on /home/airflow/.local/lib/python3.7/site-packages/airflow/example_dags/example_datasets.py
[2023-03-29T11:51:45.619+0000] {processor.py:743} INFO - Processing file /home/airflow/.local/lib/python3.7/site-packages/airflow/example_dags/example_datasets.py for tasks to queue
[2023-03-29T11:51:45.620+0000] {logging_mixin.py:137} INFO - [2023-03-29T11:51:45.620+0000] {dagbag.py:532} INFO - Filling up the DagBag from /home/airflow/.local/lib/python3.7/site-packages/airflow/example_dags/example_datasets.py
[2023-03-29T11:51:45.629+0000] {processor.py:753} INFO - DAG(s) dict_keys(['dataset_consumes_1_never_scheduled', 'dataset_produces_1', 'dataset_consumes_unknown_never_scheduled', 'dataset_consumes_1', 'dataset_produces_2', 'dataset_consumes_1_and_2']) retrieved from /home/airflow/.local/lib/python3.7/site-packages/airflow/example_dags/example_datasets.py
[2023-03-29T11:51:46.073+0000] {logging_mixin.py:137} INFO - [2023-03-29T11:51:46.072+0000] {dag.py:2693} INFO - Sync 6 DAGs
[2023-03-29T11:51:46.194+0000] {logging_mixin.py:137} INFO - [2023-03-29T11:51:46.194+0000] {dag.py:3444} INFO - Setting next_dagrun for dataset_consumes_1 to None, run_after=None
[2023-03-29T11:51:46.210+0000] {logging_mixin.py:137} INFO - [2023-03-29T11:51:46.210+0000] {dag.py:3444} INFO - Setting next_dagrun for dataset_consumes_1_and_2 to None, run_after=None
[2023-03-29T11:51:46.224+0000] {logging_mixin.py:137} INFO - [2023-03-29T11:51:46.224+0000] {dag.py:3444} INFO - Setting next_dagrun for dataset_consumes_1_never_scheduled to None, run_after=None
[2023-03-29T11:51:46.239+0000] {logging_mixin.py:137} INFO - [2023-03-29T11:51:46.239+0000] {dag.py:3444} INFO - Setting next_dagrun for dataset_consumes_unknown_never_scheduled to None, run_after=None
[2023-03-29T11:51:46.256+0000] {logging_mixin.py:137} INFO - [2023-03-29T11:51:46.256+0000] {dag.py:3444} INFO - Setting next_dagrun for dataset_produces_1 to 2023-03-28T00:00:00+00:00, run_after=2023-03-29T00:00:00+00:00
[2023-03-29T11:51:46.271+0000] {logging_mixin.py:137} INFO - [2023-03-29T11:51:46.271+0000] {dag.py:3444} INFO - Setting next_dagrun for dataset_produces_2 to None, run_after=None
[2023-03-29T11:51:46.803+0000] {processor.py:175} INFO - Processing /home/airflow/.local/lib/python3.7/site-packages/airflow/example_dags/example_datasets.py took 1.195 seconds
[2023-03-29T11:52:16.854+0000] {processor.py:153} INFO - Started process (PID=276) to work on /home/airflow/.local/lib/python3.7/site-packages/airflow/example_dags/example_datasets.py
[2023-03-29T11:52:16.855+0000] {processor.py:743} INFO - Processing file /home/airflow/.local/lib/python3.7/site-packages/airflow/example_dags/example_datasets.py for tasks to queue
[2023-03-29T11:52:16.855+0000] {logging_mixin.py:137} INFO - [2023-03-29T11:52:16.855+0000] {dagbag.py:532} INFO - Filling up the DagBag from /home/airflow/.local/lib/python3.7/site-packages/airflow/example_dags/example_datasets.py
[2023-03-29T11:52:16.865+0000] {processor.py:753} INFO - DAG(s) dict_keys(['dataset_produces_2', 'dataset_consumes_1', 'dataset_consumes_unknown_never_scheduled', 'dataset_consumes_1_and_2', 'dataset_consumes_1_never_scheduled', 'dataset_produces_1']) retrieved from /home/airflow/.local/lib/python3.7/site-packages/airflow/example_dags/example_datasets.py
[2023-03-29T11:52:17.297+0000] {logging_mixin.py:137} INFO - [2023-03-29T11:52:17.297+0000] {dag.py:2693} INFO - Sync 6 DAGs
[2023-03-29T11:52:17.411+0000] {logging_mixin.py:137} INFO - [2023-03-29T11:52:17.411+0000] {dag.py:3444} INFO - Setting next_dagrun for dataset_consumes_1 to None, run_after=None
[2023-03-29T11:52:17.426+0000] {logging_mixin.py:137} INFO - [2023-03-29T11:52:17.426+0000] {dag.py:3444} INFO - Setting next_dagrun for dataset_consumes_1_and_2 to None, run_after=None
[2023-03-29T11:52:17.443+0000] {logging_mixin.py:137} INFO - [2023-03-29T11:52:17.443+0000] {dag.py:3444} INFO - Setting next_dagrun for dataset_consumes_1_never_scheduled to None, run_after=None
[2023-03-29T11:52:17.457+0000] {logging_mixin.py:137} INFO - [2023-03-29T11:52:17.457+0000] {dag.py:3444} INFO - Setting next_dagrun for dataset_consumes_unknown_never_scheduled to None, run_after=None
[2023-03-29T11:52:17.471+0000] {logging_mixin.py:137} INFO - [2023-03-29T11:52:17.471+0000] {dag.py:3444} INFO - Setting next_dagrun for dataset_produces_1 to 2023-03-28T00:00:00+00:00, run_after=2023-03-29T00:00:00+00:00
[2023-03-29T11:52:17.485+0000] {logging_mixin.py:137} INFO - [2023-03-29T11:52:17.485+0000] {dag.py:3444} INFO - Setting next_dagrun for dataset_produces_2 to None, run_after=None
[2023-03-29T11:52:18.008+0000] {processor.py:175} INFO - Processing /home/airflow/.local/lib/python3.7/site-packages/airflow/example_dags/example_datasets.py took 1.156 seconds
[2023-03-29T11:52:48.152+0000] {processor.py:153} INFO - Started process (PID=326) to work on /home/airflow/.local/lib/python3.7/site-packages/airflow/example_dags/example_datasets.py
[2023-03-29T11:52:48.162+0000] {processor.py:743} INFO - Processing file /home/airflow/.local/lib/python3.7/site-packages/airflow/example_dags/example_datasets.py for tasks to queue
[2023-03-29T11:52:48.163+0000] {logging_mixin.py:137} INFO - [2023-03-29T11:52:48.163+0000] {dagbag.py:532} INFO - Filling up the DagBag from /home/airflow/.local/lib/python3.7/site-packages/airflow/example_dags/example_datasets.py
[2023-03-29T11:52:48.173+0000] {processor.py:753} INFO - DAG(s) dict_keys(['dataset_consumes_1', 'dataset_consumes_1_and_2', 'dataset_produces_2', 'dataset_produces_1', 'dataset_consumes_unknown_never_scheduled', 'dataset_consumes_1_never_scheduled']) retrieved from /home/airflow/.local/lib/python3.7/site-packages/airflow/example_dags/example_datasets.py
[2023-03-29T11:52:48.604+0000] {logging_mixin.py:137} INFO - [2023-03-29T11:52:48.603+0000] {dag.py:2693} INFO - Sync 6 DAGs
[2023-03-29T11:52:48.716+0000] {logging_mixin.py:137} INFO - [2023-03-29T11:52:48.716+0000] {dag.py:3444} INFO - Setting next_dagrun for dataset_consumes_1 to None, run_after=None
[2023-03-29T11:52:48.731+0000] {logging_mixin.py:137} INFO - [2023-03-29T11:52:48.731+0000] {dag.py:3444} INFO - Setting next_dagrun for dataset_consumes_1_and_2 to None, run_after=None
[2023-03-29T11:52:48.744+0000] {logging_mixin.py:137} INFO - [2023-03-29T11:52:48.744+0000] {dag.py:3444} INFO - Setting next_dagrun for dataset_consumes_1_never_scheduled to None, run_after=None
[2023-03-29T11:52:48.758+0000] {logging_mixin.py:137} INFO - [2023-03-29T11:52:48.758+0000] {dag.py:3444} INFO - Setting next_dagrun for dataset_consumes_unknown_never_scheduled to None, run_after=None
[2023-03-29T11:52:48.773+0000] {logging_mixin.py:137} INFO - [2023-03-29T11:52:48.773+0000] {dag.py:3444} INFO - Setting next_dagrun for dataset_produces_1 to 2023-03-28T00:00:00+00:00, run_after=2023-03-29T00:00:00+00:00
[2023-03-29T11:52:48.788+0000] {logging_mixin.py:137} INFO - [2023-03-29T11:52:48.787+0000] {dag.py:3444} INFO - Setting next_dagrun for dataset_produces_2 to None, run_after=None
[2023-03-29T11:52:49.332+0000] {processor.py:175} INFO - Processing /home/airflow/.local/lib/python3.7/site-packages/airflow/example_dags/example_datasets.py took 1.181 seconds
[2023-03-29T11:53:19.907+0000] {processor.py:153} INFO - Started process (PID=376) to work on /home/airflow/.local/lib/python3.7/site-packages/airflow/example_dags/example_datasets.py
[2023-03-29T11:53:19.909+0000] {processor.py:743} INFO - Processing file /home/airflow/.local/lib/python3.7/site-packages/airflow/example_dags/example_datasets.py for tasks to queue
[2023-03-29T11:53:19.910+0000] {logging_mixin.py:137} INFO - [2023-03-29T11:53:19.910+0000] {dagbag.py:532} INFO - Filling up the DagBag from /home/airflow/.local/lib/python3.7/site-packages/airflow/example_dags/example_datasets.py
[2023-03-29T11:53:19.919+0000] {processor.py:753} INFO - DAG(s) dict_keys(['dataset_produces_1', 'dataset_produces_2', 'dataset_consumes_1', 'dataset_consumes_unknown_never_scheduled', 'dataset_consumes_1_never_scheduled', 'dataset_consumes_1_and_2']) retrieved from /home/airflow/.local/lib/python3.7/site-packages/airflow/example_dags/example_datasets.py
[2023-03-29T11:53:20.332+0000] {logging_mixin.py:137} INFO - [2023-03-29T11:53:20.332+0000] {dag.py:2693} INFO - Sync 6 DAGs
[2023-03-29T11:53:20.441+0000] {logging_mixin.py:137} INFO - [2023-03-29T11:53:20.441+0000] {dag.py:3444} INFO - Setting next_dagrun for dataset_consumes_1 to None, run_after=None
[2023-03-29T11:53:20.458+0000] {logging_mixin.py:137} INFO - [2023-03-29T11:53:20.458+0000] {dag.py:3444} INFO - Setting next_dagrun for dataset_consumes_1_and_2 to None, run_after=None
[2023-03-29T11:53:20.471+0000] {logging_mixin.py:137} INFO - [2023-03-29T11:53:20.471+0000] {dag.py:3444} INFO - Setting next_dagrun for dataset_consumes_1_never_scheduled to None, run_after=None
[2023-03-29T11:53:20.485+0000] {logging_mixin.py:137} INFO - [2023-03-29T11:53:20.484+0000] {dag.py:3444} INFO - Setting next_dagrun for dataset_consumes_unknown_never_scheduled to None, run_after=None
[2023-03-29T11:53:20.498+0000] {logging_mixin.py:137} INFO - [2023-03-29T11:53:20.498+0000] {dag.py:3444} INFO - Setting next_dagrun for dataset_produces_1 to 2023-03-28T00:00:00+00:00, run_after=2023-03-29T00:00:00+00:00
[2023-03-29T11:53:20.512+0000] {logging_mixin.py:137} INFO - [2023-03-29T11:53:20.512+0000] {dag.py:3444} INFO - Setting next_dagrun for dataset_produces_2 to None, run_after=None
[2023-03-29T11:53:21.024+0000] {processor.py:175} INFO - Processing /home/airflow/.local/lib/python3.7/site-packages/airflow/example_dags/example_datasets.py took 1.120 seconds
[2023-03-29T11:53:51.414+0000] {processor.py:153} INFO - Started process (PID=425) to work on /home/airflow/.local/lib/python3.7/site-packages/airflow/example_dags/example_datasets.py
[2023-03-29T11:53:51.414+0000] {processor.py:743} INFO - Processing file /home/airflow/.local/lib/python3.7/site-packages/airflow/example_dags/example_datasets.py for tasks to queue
[2023-03-29T11:53:51.414+0000] {logging_mixin.py:137} INFO - [2023-03-29T11:53:51.414+0000] {dagbag.py:532} INFO - Filling up the DagBag from /home/airflow/.local/lib/python3.7/site-packages/airflow/example_dags/example_datasets.py
[2023-03-29T11:53:51.426+0000] {processor.py:753} INFO - DAG(s) dict_keys(['dataset_consumes_unknown_never_scheduled', 'dataset_consumes_1_and_2', 'dataset_consumes_1', 'dataset_produces_2', 'dataset_consumes_1_never_scheduled', 'dataset_produces_1']) retrieved from /home/airflow/.local/lib/python3.7/site-packages/airflow/example_dags/example_datasets.py
[2023-03-29T11:53:51.827+0000] {logging_mixin.py:137} INFO - [2023-03-29T11:53:51.827+0000] {dag.py:2693} INFO - Sync 6 DAGs
[2023-03-29T11:53:51.952+0000] {logging_mixin.py:137} INFO - [2023-03-29T11:53:51.952+0000] {dag.py:3444} INFO - Setting next_dagrun for dataset_consumes_1 to None, run_after=None
[2023-03-29T11:53:51.969+0000] {logging_mixin.py:137} INFO - [2023-03-29T11:53:51.969+0000] {dag.py:3444} INFO - Setting next_dagrun for dataset_consumes_1_and_2 to None, run_after=None
[2023-03-29T11:53:51.984+0000] {logging_mixin.py:137} INFO - [2023-03-29T11:53:51.983+0000] {dag.py:3444} INFO - Setting next_dagrun for dataset_consumes_1_never_scheduled to None, run_after=None
[2023-03-29T11:53:51.997+0000] {logging_mixin.py:137} INFO - [2023-03-29T11:53:51.997+0000] {dag.py:3444} INFO - Setting next_dagrun for dataset_consumes_unknown_never_scheduled to None, run_after=None
[2023-03-29T11:53:52.011+0000] {logging_mixin.py:137} INFO - [2023-03-29T11:53:52.011+0000] {dag.py:3444} INFO - Setting next_dagrun for dataset_produces_1 to 2023-03-28T00:00:00+00:00, run_after=2023-03-29T00:00:00+00:00
[2023-03-29T11:53:52.024+0000] {logging_mixin.py:137} INFO - [2023-03-29T11:53:52.024+0000] {dag.py:3444} INFO - Setting next_dagrun for dataset_produces_2 to None, run_after=None
[2023-03-29T11:53:52.544+0000] {processor.py:175} INFO - Processing /home/airflow/.local/lib/python3.7/site-packages/airflow/example_dags/example_datasets.py took 1.132 seconds
[2023-03-29T11:54:22.655+0000] {processor.py:153} INFO - Started process (PID=474) to work on /home/airflow/.local/lib/python3.7/site-packages/airflow/example_dags/example_datasets.py
[2023-03-29T11:54:22.666+0000] {processor.py:743} INFO - Processing file /home/airflow/.local/lib/python3.7/site-packages/airflow/example_dags/example_datasets.py for tasks to queue
[2023-03-29T11:54:22.666+0000] {logging_mixin.py:137} INFO - [2023-03-29T11:54:22.666+0000] {dagbag.py:532} INFO - Filling up the DagBag from /home/airflow/.local/lib/python3.7/site-packages/airflow/example_dags/example_datasets.py
[2023-03-29T11:54:22.676+0000] {processor.py:753} INFO - DAG(s) dict_keys(['dataset_consumes_1_never_scheduled', 'dataset_consumes_1_and_2', 'dataset_produces_1', 'dataset_consumes_unknown_never_scheduled', 'dataset_produces_2', 'dataset_consumes_1']) retrieved from /home/airflow/.local/lib/python3.7/site-packages/airflow/example_dags/example_datasets.py
[2023-03-29T11:54:23.070+0000] {logging_mixin.py:137} INFO - [2023-03-29T11:54:23.069+0000] {dag.py:2693} INFO - Sync 6 DAGs
[2023-03-29T11:54:23.179+0000] {logging_mixin.py:137} INFO - [2023-03-29T11:54:23.179+0000] {dag.py:3444} INFO - Setting next_dagrun for dataset_consumes_1 to None, run_after=None
[2023-03-29T11:54:23.193+0000] {logging_mixin.py:137} INFO - [2023-03-29T11:54:23.193+0000] {dag.py:3444} INFO - Setting next_dagrun for dataset_consumes_1_and_2 to None, run_after=None
[2023-03-29T11:54:23.206+0000] {logging_mixin.py:137} INFO - [2023-03-29T11:54:23.206+0000] {dag.py:3444} INFO - Setting next_dagrun for dataset_consumes_1_never_scheduled to None, run_after=None
[2023-03-29T11:54:23.230+0000] {logging_mixin.py:137} INFO - [2023-03-29T11:54:23.230+0000] {dag.py:3444} INFO - Setting next_dagrun for dataset_consumes_unknown_never_scheduled to None, run_after=None
[2023-03-29T11:54:23.245+0000] {logging_mixin.py:137} INFO - [2023-03-29T11:54:23.245+0000] {dag.py:3444} INFO - Setting next_dagrun for dataset_produces_1 to 2023-03-28T00:00:00+00:00, run_after=2023-03-29T00:00:00+00:00
[2023-03-29T11:54:23.259+0000] {logging_mixin.py:137} INFO - [2023-03-29T11:54:23.259+0000] {dag.py:3444} INFO - Setting next_dagrun for dataset_produces_2 to None, run_after=None
[2023-03-29T11:54:23.791+0000] {processor.py:175} INFO - Processing /home/airflow/.local/lib/python3.7/site-packages/airflow/example_dags/example_datasets.py took 1.137 seconds
[2023-03-29T11:54:54.225+0000] {processor.py:153} INFO - Started process (PID=524) to work on /home/airflow/.local/lib/python3.7/site-packages/airflow/example_dags/example_datasets.py
[2023-03-29T11:54:54.225+0000] {processor.py:743} INFO - Processing file /home/airflow/.local/lib/python3.7/site-packages/airflow/example_dags/example_datasets.py for tasks to queue
[2023-03-29T11:54:54.225+0000] {logging_mixin.py:137} INFO - [2023-03-29T11:54:54.225+0000] {dagbag.py:532} INFO - Filling up the DagBag from /home/airflow/.local/lib/python3.7/site-packages/airflow/example_dags/example_datasets.py
[2023-03-29T11:54:54.235+0000] {processor.py:753} INFO - DAG(s) dict_keys(['dataset_consumes_1_and_2', 'dataset_produces_1', 'dataset_consumes_1', 'dataset_consumes_1_never_scheduled', 'dataset_consumes_unknown_never_scheduled', 'dataset_produces_2']) retrieved from /home/airflow/.local/lib/python3.7/site-packages/airflow/example_dags/example_datasets.py
[2023-03-29T11:54:54.676+0000] {logging_mixin.py:137} INFO - [2023-03-29T11:54:54.675+0000] {dag.py:2693} INFO - Sync 6 DAGs
[2023-03-29T11:54:54.789+0000] {logging_mixin.py:137} INFO - [2023-03-29T11:54:54.789+0000] {dag.py:3444} INFO - Setting next_dagrun for dataset_consumes_1 to None, run_after=None
[2023-03-29T11:54:54.804+0000] {logging_mixin.py:137} INFO - [2023-03-29T11:54:54.804+0000] {dag.py:3444} INFO - Setting next_dagrun for dataset_consumes_1_and_2 to None, run_after=None
[2023-03-29T11:54:54.816+0000] {logging_mixin.py:137} INFO - [2023-03-29T11:54:54.816+0000] {dag.py:3444} INFO - Setting next_dagrun for dataset_consumes_1_never_scheduled to None, run_after=None
[2023-03-29T11:54:54.829+0000] {logging_mixin.py:137} INFO - [2023-03-29T11:54:54.829+0000] {dag.py:3444} INFO - Setting next_dagrun for dataset_consumes_unknown_never_scheduled to None, run_after=None
[2023-03-29T11:54:54.843+0000] {logging_mixin.py:137} INFO - [2023-03-29T11:54:54.842+0000] {dag.py:3444} INFO - Setting next_dagrun for dataset_produces_1 to 2023-03-28T00:00:00+00:00, run_after=2023-03-29T00:00:00+00:00
[2023-03-29T11:54:54.857+0000] {logging_mixin.py:137} INFO - [2023-03-29T11:54:54.856+0000] {dag.py:3444} INFO - Setting next_dagrun for dataset_produces_2 to None, run_after=None
[2023-03-29T11:54:55.398+0000] {processor.py:175} INFO - Processing /home/airflow/.local/lib/python3.7/site-packages/airflow/example_dags/example_datasets.py took 1.176 seconds
