[2023-03-29T11:50:12.209+0000] {processor.py:153} INFO - Started process (PID=80) to work on /home/airflow/.local/lib/python3.7/site-packages/airflow/example_dags/example_skip_dag.py
[2023-03-29T11:50:12.209+0000] {processor.py:743} INFO - Processing file /home/airflow/.local/lib/python3.7/site-packages/airflow/example_dags/example_skip_dag.py for tasks to queue
[2023-03-29T11:50:12.209+0000] {logging_mixin.py:137} INFO - [2023-03-29T11:50:12.209+0000] {dagbag.py:532} INFO - Filling up the DagBag from /home/airflow/.local/lib/python3.7/site-packages/airflow/example_dags/example_skip_dag.py
[2023-03-29T11:50:12.220+0000] {processor.py:753} INFO - DAG(s) dict_keys(['example_skip_dag']) retrieved from /home/airflow/.local/lib/python3.7/site-packages/airflow/example_dags/example_skip_dag.py
[2023-03-29T11:50:12.562+0000] {logging_mixin.py:137} INFO - [2023-03-29T11:50:12.562+0000] {dag.py:2693} INFO - Sync 1 DAGs
[2023-03-29T11:50:12.671+0000] {logging_mixin.py:137} INFO - [2023-03-29T11:50:12.671+0000] {dag.py:3444} INFO - Setting next_dagrun for example_skip_dag to 2023-03-28T11:50:12.671163+00:00, run_after=2023-03-29T11:50:12.671163+00:00
[2023-03-29T11:50:12.935+0000] {processor.py:175} INFO - Processing /home/airflow/.local/lib/python3.7/site-packages/airflow/example_dags/example_skip_dag.py took 0.728 seconds
[2023-03-29T11:50:43.147+0000] {processor.py:153} INFO - Started process (PID=129) to work on /home/airflow/.local/lib/python3.7/site-packages/airflow/example_dags/example_skip_dag.py
[2023-03-29T11:50:43.148+0000] {processor.py:743} INFO - Processing file /home/airflow/.local/lib/python3.7/site-packages/airflow/example_dags/example_skip_dag.py for tasks to queue
[2023-03-29T11:50:43.148+0000] {logging_mixin.py:137} INFO - [2023-03-29T11:50:43.148+0000] {dagbag.py:532} INFO - Filling up the DagBag from /home/airflow/.local/lib/python3.7/site-packages/airflow/example_dags/example_skip_dag.py
[2023-03-29T11:50:43.156+0000] {processor.py:753} INFO - DAG(s) dict_keys(['example_skip_dag']) retrieved from /home/airflow/.local/lib/python3.7/site-packages/airflow/example_dags/example_skip_dag.py
[2023-03-29T11:50:43.430+0000] {logging_mixin.py:137} INFO - [2023-03-29T11:50:43.430+0000] {dag.py:2693} INFO - Sync 1 DAGs
[2023-03-29T11:50:43.565+0000] {logging_mixin.py:137} INFO - [2023-03-29T11:50:43.565+0000] {dag.py:3444} INFO - Setting next_dagrun for example_skip_dag to 2023-03-28T11:50:43.565373+00:00, run_after=2023-03-29T11:50:43.565373+00:00
[2023-03-29T11:50:43.817+0000] {processor.py:175} INFO - Processing /home/airflow/.local/lib/python3.7/site-packages/airflow/example_dags/example_skip_dag.py took 0.672 seconds
[2023-03-29T11:51:14.067+0000] {processor.py:153} INFO - Started process (PID=178) to work on /home/airflow/.local/lib/python3.7/site-packages/airflow/example_dags/example_skip_dag.py
[2023-03-29T11:51:14.068+0000] {processor.py:743} INFO - Processing file /home/airflow/.local/lib/python3.7/site-packages/airflow/example_dags/example_skip_dag.py for tasks to queue
[2023-03-29T11:51:14.068+0000] {logging_mixin.py:137} INFO - [2023-03-29T11:51:14.068+0000] {dagbag.py:532} INFO - Filling up the DagBag from /home/airflow/.local/lib/python3.7/site-packages/airflow/example_dags/example_skip_dag.py
[2023-03-29T11:51:14.075+0000] {processor.py:753} INFO - DAG(s) dict_keys(['example_skip_dag']) retrieved from /home/airflow/.local/lib/python3.7/site-packages/airflow/example_dags/example_skip_dag.py
[2023-03-29T11:51:14.403+0000] {logging_mixin.py:137} INFO - [2023-03-29T11:51:14.403+0000] {dag.py:2693} INFO - Sync 1 DAGs
[2023-03-29T11:51:14.509+0000] {logging_mixin.py:137} INFO - [2023-03-29T11:51:14.509+0000] {dag.py:3444} INFO - Setting next_dagrun for example_skip_dag to 2023-03-28T11:51:14.509682+00:00, run_after=2023-03-29T11:51:14.509682+00:00
[2023-03-29T11:51:14.751+0000] {processor.py:175} INFO - Processing /home/airflow/.local/lib/python3.7/site-packages/airflow/example_dags/example_skip_dag.py took 0.686 seconds
[2023-03-29T11:51:44.877+0000] {processor.py:153} INFO - Started process (PID=226) to work on /home/airflow/.local/lib/python3.7/site-packages/airflow/example_dags/example_skip_dag.py
[2023-03-29T11:51:44.878+0000] {processor.py:743} INFO - Processing file /home/airflow/.local/lib/python3.7/site-packages/airflow/example_dags/example_skip_dag.py for tasks to queue
[2023-03-29T11:51:44.878+0000] {logging_mixin.py:137} INFO - [2023-03-29T11:51:44.878+0000] {dagbag.py:532} INFO - Filling up the DagBag from /home/airflow/.local/lib/python3.7/site-packages/airflow/example_dags/example_skip_dag.py
[2023-03-29T11:51:44.886+0000] {processor.py:753} INFO - DAG(s) dict_keys(['example_skip_dag']) retrieved from /home/airflow/.local/lib/python3.7/site-packages/airflow/example_dags/example_skip_dag.py
[2023-03-29T11:51:45.155+0000] {logging_mixin.py:137} INFO - [2023-03-29T11:51:45.155+0000] {dag.py:2693} INFO - Sync 1 DAGs
[2023-03-29T11:51:45.267+0000] {logging_mixin.py:137} INFO - [2023-03-29T11:51:45.267+0000] {dag.py:3444} INFO - Setting next_dagrun for example_skip_dag to 2023-03-28T11:51:45.266882+00:00, run_after=2023-03-29T11:51:45.266882+00:00
[2023-03-29T11:51:45.547+0000] {processor.py:175} INFO - Processing /home/airflow/.local/lib/python3.7/site-packages/airflow/example_dags/example_skip_dag.py took 0.672 seconds
[2023-03-29T11:52:16.112+0000] {processor.py:153} INFO - Started process (PID=275) to work on /home/airflow/.local/lib/python3.7/site-packages/airflow/example_dags/example_skip_dag.py
[2023-03-29T11:52:16.113+0000] {processor.py:743} INFO - Processing file /home/airflow/.local/lib/python3.7/site-packages/airflow/example_dags/example_skip_dag.py for tasks to queue
[2023-03-29T11:52:16.113+0000] {logging_mixin.py:137} INFO - [2023-03-29T11:52:16.113+0000] {dagbag.py:532} INFO - Filling up the DagBag from /home/airflow/.local/lib/python3.7/site-packages/airflow/example_dags/example_skip_dag.py
[2023-03-29T11:52:16.121+0000] {processor.py:753} INFO - DAG(s) dict_keys(['example_skip_dag']) retrieved from /home/airflow/.local/lib/python3.7/site-packages/airflow/example_dags/example_skip_dag.py
[2023-03-29T11:52:16.408+0000] {logging_mixin.py:137} INFO - [2023-03-29T11:52:16.408+0000] {dag.py:2693} INFO - Sync 1 DAGs
[2023-03-29T11:52:16.529+0000] {logging_mixin.py:137} INFO - [2023-03-29T11:52:16.529+0000] {dag.py:3444} INFO - Setting next_dagrun for example_skip_dag to 2023-03-28T11:52:16.528726+00:00, run_after=2023-03-29T11:52:16.528726+00:00
[2023-03-29T11:52:16.793+0000] {processor.py:175} INFO - Processing /home/airflow/.local/lib/python3.7/site-packages/airflow/example_dags/example_skip_dag.py took 0.684 seconds
[2023-03-29T11:52:46.993+0000] {processor.py:153} INFO - Started process (PID=324) to work on /home/airflow/.local/lib/python3.7/site-packages/airflow/example_dags/example_skip_dag.py
[2023-03-29T11:52:47.003+0000] {processor.py:743} INFO - Processing file /home/airflow/.local/lib/python3.7/site-packages/airflow/example_dags/example_skip_dag.py for tasks to queue
[2023-03-29T11:52:47.003+0000] {logging_mixin.py:137} INFO - [2023-03-29T11:52:47.003+0000] {dagbag.py:532} INFO - Filling up the DagBag from /home/airflow/.local/lib/python3.7/site-packages/airflow/example_dags/example_skip_dag.py
[2023-03-29T11:52:47.012+0000] {processor.py:753} INFO - DAG(s) dict_keys(['example_skip_dag']) retrieved from /home/airflow/.local/lib/python3.7/site-packages/airflow/example_dags/example_skip_dag.py
[2023-03-29T11:52:47.297+0000] {logging_mixin.py:137} INFO - [2023-03-29T11:52:47.297+0000] {dag.py:2693} INFO - Sync 1 DAGs
[2023-03-29T11:52:47.410+0000] {logging_mixin.py:137} INFO - [2023-03-29T11:52:47.410+0000] {dag.py:3444} INFO - Setting next_dagrun for example_skip_dag to 2023-03-28T11:52:47.410273+00:00, run_after=2023-03-29T11:52:47.410273+00:00
[2023-03-29T11:52:47.667+0000] {processor.py:175} INFO - Processing /home/airflow/.local/lib/python3.7/site-packages/airflow/example_dags/example_skip_dag.py took 0.677 seconds
[2023-03-29T11:53:18.085+0000] {processor.py:153} INFO - Started process (PID=373) to work on /home/airflow/.local/lib/python3.7/site-packages/airflow/example_dags/example_skip_dag.py
[2023-03-29T11:53:18.085+0000] {processor.py:743} INFO - Processing file /home/airflow/.local/lib/python3.7/site-packages/airflow/example_dags/example_skip_dag.py for tasks to queue
[2023-03-29T11:53:18.086+0000] {logging_mixin.py:137} INFO - [2023-03-29T11:53:18.086+0000] {dagbag.py:532} INFO - Filling up the DagBag from /home/airflow/.local/lib/python3.7/site-packages/airflow/example_dags/example_skip_dag.py
[2023-03-29T11:53:18.094+0000] {processor.py:753} INFO - DAG(s) dict_keys(['example_skip_dag']) retrieved from /home/airflow/.local/lib/python3.7/site-packages/airflow/example_dags/example_skip_dag.py
[2023-03-29T11:53:18.411+0000] {logging_mixin.py:137} INFO - [2023-03-29T11:53:18.411+0000] {dag.py:2693} INFO - Sync 1 DAGs
[2023-03-29T11:53:18.527+0000] {logging_mixin.py:137} INFO - [2023-03-29T11:53:18.527+0000] {dag.py:3444} INFO - Setting next_dagrun for example_skip_dag to 2023-03-28T11:53:18.527462+00:00, run_after=2023-03-29T11:53:18.527462+00:00
[2023-03-29T11:53:18.795+0000] {processor.py:175} INFO - Processing /home/airflow/.local/lib/python3.7/site-packages/airflow/example_dags/example_skip_dag.py took 0.712 seconds
[2023-03-29T11:53:49.199+0000] {processor.py:153} INFO - Started process (PID=422) to work on /home/airflow/.local/lib/python3.7/site-packages/airflow/example_dags/example_skip_dag.py
[2023-03-29T11:53:49.209+0000] {processor.py:743} INFO - Processing file /home/airflow/.local/lib/python3.7/site-packages/airflow/example_dags/example_skip_dag.py for tasks to queue
[2023-03-29T11:53:49.209+0000] {logging_mixin.py:137} INFO - [2023-03-29T11:53:49.209+0000] {dagbag.py:532} INFO - Filling up the DagBag from /home/airflow/.local/lib/python3.7/site-packages/airflow/example_dags/example_skip_dag.py
[2023-03-29T11:53:49.217+0000] {processor.py:753} INFO - DAG(s) dict_keys(['example_skip_dag']) retrieved from /home/airflow/.local/lib/python3.7/site-packages/airflow/example_dags/example_skip_dag.py
[2023-03-29T11:53:49.510+0000] {logging_mixin.py:137} INFO - [2023-03-29T11:53:49.510+0000] {dag.py:2693} INFO - Sync 1 DAGs
[2023-03-29T11:53:49.621+0000] {logging_mixin.py:137} INFO - [2023-03-29T11:53:49.621+0000] {dag.py:3444} INFO - Setting next_dagrun for example_skip_dag to 2023-03-28T11:53:49.621236+00:00, run_after=2023-03-29T11:53:49.621236+00:00
[2023-03-29T11:53:49.888+0000] {processor.py:175} INFO - Processing /home/airflow/.local/lib/python3.7/site-packages/airflow/example_dags/example_skip_dag.py took 0.691 seconds
[2023-03-29T11:54:20.254+0000] {processor.py:153} INFO - Started process (PID=471) to work on /home/airflow/.local/lib/python3.7/site-packages/airflow/example_dags/example_skip_dag.py
[2023-03-29T11:54:20.255+0000] {processor.py:743} INFO - Processing file /home/airflow/.local/lib/python3.7/site-packages/airflow/example_dags/example_skip_dag.py for tasks to queue
[2023-03-29T11:54:20.255+0000] {logging_mixin.py:137} INFO - [2023-03-29T11:54:20.255+0000] {dagbag.py:532} INFO - Filling up the DagBag from /home/airflow/.local/lib/python3.7/site-packages/airflow/example_dags/example_skip_dag.py
[2023-03-29T11:54:20.263+0000] {processor.py:753} INFO - DAG(s) dict_keys(['example_skip_dag']) retrieved from /home/airflow/.local/lib/python3.7/site-packages/airflow/example_dags/example_skip_dag.py
[2023-03-29T11:54:20.529+0000] {logging_mixin.py:137} INFO - [2023-03-29T11:54:20.529+0000] {dag.py:2693} INFO - Sync 1 DAGs
[2023-03-29T11:54:20.641+0000] {logging_mixin.py:137} INFO - [2023-03-29T11:54:20.641+0000] {dag.py:3444} INFO - Setting next_dagrun for example_skip_dag to 2023-03-28T11:54:20.641507+00:00, run_after=2023-03-29T11:54:20.641507+00:00
[2023-03-29T11:54:20.899+0000] {processor.py:175} INFO - Processing /home/airflow/.local/lib/python3.7/site-packages/airflow/example_dags/example_skip_dag.py took 0.647 seconds
[2023-03-29T11:54:51.050+0000] {processor.py:153} INFO - Started process (PID=520) to work on /home/airflow/.local/lib/python3.7/site-packages/airflow/example_dags/example_skip_dag.py
[2023-03-29T11:54:51.051+0000] {processor.py:743} INFO - Processing file /home/airflow/.local/lib/python3.7/site-packages/airflow/example_dags/example_skip_dag.py for tasks to queue
[2023-03-29T11:54:51.051+0000] {logging_mixin.py:137} INFO - [2023-03-29T11:54:51.051+0000] {dagbag.py:532} INFO - Filling up the DagBag from /home/airflow/.local/lib/python3.7/site-packages/airflow/example_dags/example_skip_dag.py
[2023-03-29T11:54:51.060+0000] {processor.py:753} INFO - DAG(s) dict_keys(['example_skip_dag']) retrieved from /home/airflow/.local/lib/python3.7/site-packages/airflow/example_dags/example_skip_dag.py
[2023-03-29T11:54:51.345+0000] {logging_mixin.py:137} INFO - [2023-03-29T11:54:51.345+0000] {dag.py:2693} INFO - Sync 1 DAGs
[2023-03-29T11:54:51.456+0000] {logging_mixin.py:137} INFO - [2023-03-29T11:54:51.456+0000] {dag.py:3444} INFO - Setting next_dagrun for example_skip_dag to 2023-03-28T11:54:51.456350+00:00, run_after=2023-03-29T11:54:51.456350+00:00
[2023-03-29T11:54:51.732+0000] {processor.py:175} INFO - Processing /home/airflow/.local/lib/python3.7/site-packages/airflow/example_dags/example_skip_dag.py took 0.684 seconds
[2023-03-29T11:55:22.113+0000] {processor.py:153} INFO - Started process (PID=569) to work on /home/airflow/.local/lib/python3.7/site-packages/airflow/example_dags/example_skip_dag.py
[2023-03-29T11:55:22.114+0000] {processor.py:743} INFO - Processing file /home/airflow/.local/lib/python3.7/site-packages/airflow/example_dags/example_skip_dag.py for tasks to queue
[2023-03-29T11:55:22.114+0000] {logging_mixin.py:137} INFO - [2023-03-29T11:55:22.114+0000] {dagbag.py:532} INFO - Filling up the DagBag from /home/airflow/.local/lib/python3.7/site-packages/airflow/example_dags/example_skip_dag.py
[2023-03-29T11:55:22.123+0000] {processor.py:753} INFO - DAG(s) dict_keys(['example_skip_dag']) retrieved from /home/airflow/.local/lib/python3.7/site-packages/airflow/example_dags/example_skip_dag.py
[2023-03-29T11:55:22.397+0000] {logging_mixin.py:137} INFO - [2023-03-29T11:55:22.396+0000] {dag.py:2693} INFO - Sync 1 DAGs
[2023-03-29T11:55:22.507+0000] {logging_mixin.py:137} INFO - [2023-03-29T11:55:22.507+0000] {dag.py:3444} INFO - Setting next_dagrun for example_skip_dag to 2023-03-28T11:55:22.507077+00:00, run_after=2023-03-29T11:55:22.507077+00:00
[2023-03-29T11:55:22.769+0000] {processor.py:175} INFO - Processing /home/airflow/.local/lib/python3.7/site-packages/airflow/example_dags/example_skip_dag.py took 0.658 seconds
