[2023-03-29T11:50:18.257+0000] {processor.py:153} INFO - Started process (PID=95) to work on /home/airflow/.local/lib/python3.7/site-packages/airflow/example_dags/example_branch_datetime_operator.py
[2023-03-29T11:50:18.257+0000] {processor.py:743} INFO - Processing file /home/airflow/.local/lib/python3.7/site-packages/airflow/example_dags/example_branch_datetime_operator.py for tasks to queue
[2023-03-29T11:50:18.258+0000] {logging_mixin.py:137} INFO - [2023-03-29T11:50:18.258+0000] {dagbag.py:532} INFO - Filling up the DagBag from /home/airflow/.local/lib/python3.7/site-packages/airflow/example_dags/example_branch_datetime_operator.py
[2023-03-29T11:50:18.268+0000] {processor.py:753} INFO - DAG(s) dict_keys(['example_branch_datetime_operator_3', 'example_branch_datetime_operator_2', 'example_branch_datetime_operator']) retrieved from /home/airflow/.local/lib/python3.7/site-packages/airflow/example_dags/example_branch_datetime_operator.py
[2023-03-29T11:50:18.590+0000] {logging_mixin.py:137} INFO - [2023-03-29T11:50:18.590+0000] {dag.py:2693} INFO - Sync 3 DAGs
[2023-03-29T11:50:18.693+0000] {logging_mixin.py:137} INFO - [2023-03-29T11:50:18.693+0000] {dag.py:3444} INFO - Setting next_dagrun for example_branch_datetime_operator to 2023-03-28T00:00:00+00:00, run_after=2023-03-29T00:00:00+00:00
[2023-03-29T11:50:18.708+0000] {logging_mixin.py:137} INFO - [2023-03-29T11:50:18.708+0000] {dag.py:3444} INFO - Setting next_dagrun for example_branch_datetime_operator_2 to 2023-03-28T00:00:00+00:00, run_after=2023-03-29T00:00:00+00:00
[2023-03-29T11:50:18.722+0000] {logging_mixin.py:137} INFO - [2023-03-29T11:50:18.722+0000] {dag.py:3444} INFO - Setting next_dagrun for example_branch_datetime_operator_3 to 2023-03-28T00:00:00+00:00, run_after=2023-03-29T00:00:00+00:00
[2023-03-29T11:50:18.995+0000] {processor.py:175} INFO - Processing /home/airflow/.local/lib/python3.7/site-packages/airflow/example_dags/example_branch_datetime_operator.py took 0.740 seconds
[2023-03-29T11:50:49.692+0000] {processor.py:153} INFO - Started process (PID=144) to work on /home/airflow/.local/lib/python3.7/site-packages/airflow/example_dags/example_branch_datetime_operator.py
[2023-03-29T11:50:49.692+0000] {processor.py:743} INFO - Processing file /home/airflow/.local/lib/python3.7/site-packages/airflow/example_dags/example_branch_datetime_operator.py for tasks to queue
[2023-03-29T11:50:49.693+0000] {logging_mixin.py:137} INFO - [2023-03-29T11:50:49.692+0000] {dagbag.py:532} INFO - Filling up the DagBag from /home/airflow/.local/lib/python3.7/site-packages/airflow/example_dags/example_branch_datetime_operator.py
[2023-03-29T11:50:49.702+0000] {processor.py:753} INFO - DAG(s) dict_keys(['example_branch_datetime_operator_2', 'example_branch_datetime_operator_3', 'example_branch_datetime_operator']) retrieved from /home/airflow/.local/lib/python3.7/site-packages/airflow/example_dags/example_branch_datetime_operator.py
[2023-03-29T11:50:50.064+0000] {logging_mixin.py:137} INFO - [2023-03-29T11:50:50.064+0000] {dag.py:2693} INFO - Sync 3 DAGs
[2023-03-29T11:50:50.177+0000] {logging_mixin.py:137} INFO - [2023-03-29T11:50:50.177+0000] {dag.py:3444} INFO - Setting next_dagrun for example_branch_datetime_operator to 2023-03-28T00:00:00+00:00, run_after=2023-03-29T00:00:00+00:00
[2023-03-29T11:50:50.195+0000] {logging_mixin.py:137} INFO - [2023-03-29T11:50:50.195+0000] {dag.py:3444} INFO - Setting next_dagrun for example_branch_datetime_operator_2 to 2023-03-28T00:00:00+00:00, run_after=2023-03-29T00:00:00+00:00
[2023-03-29T11:50:50.209+0000] {logging_mixin.py:137} INFO - [2023-03-29T11:50:50.209+0000] {dag.py:3444} INFO - Setting next_dagrun for example_branch_datetime_operator_3 to 2023-03-28T00:00:00+00:00, run_after=2023-03-29T00:00:00+00:00
[2023-03-29T11:50:50.504+0000] {processor.py:175} INFO - Processing /home/airflow/.local/lib/python3.7/site-packages/airflow/example_dags/example_branch_datetime_operator.py took 0.814 seconds
[2023-03-29T11:51:20.544+0000] {processor.py:153} INFO - Started process (PID=193) to work on /home/airflow/.local/lib/python3.7/site-packages/airflow/example_dags/example_branch_datetime_operator.py
[2023-03-29T11:51:20.554+0000] {processor.py:743} INFO - Processing file /home/airflow/.local/lib/python3.7/site-packages/airflow/example_dags/example_branch_datetime_operator.py for tasks to queue
[2023-03-29T11:51:20.555+0000] {logging_mixin.py:137} INFO - [2023-03-29T11:51:20.555+0000] {dagbag.py:532} INFO - Filling up the DagBag from /home/airflow/.local/lib/python3.7/site-packages/airflow/example_dags/example_branch_datetime_operator.py
[2023-03-29T11:51:20.565+0000] {processor.py:753} INFO - DAG(s) dict_keys(['example_branch_datetime_operator', 'example_branch_datetime_operator_2', 'example_branch_datetime_operator_3']) retrieved from /home/airflow/.local/lib/python3.7/site-packages/airflow/example_dags/example_branch_datetime_operator.py
[2023-03-29T11:51:20.894+0000] {logging_mixin.py:137} INFO - [2023-03-29T11:51:20.893+0000] {dag.py:2693} INFO - Sync 3 DAGs
[2023-03-29T11:51:21.002+0000] {logging_mixin.py:137} INFO - [2023-03-29T11:51:21.002+0000] {dag.py:3444} INFO - Setting next_dagrun for example_branch_datetime_operator to 2023-03-28T00:00:00+00:00, run_after=2023-03-29T00:00:00+00:00
[2023-03-29T11:51:21.017+0000] {logging_mixin.py:137} INFO - [2023-03-29T11:51:21.017+0000] {dag.py:3444} INFO - Setting next_dagrun for example_branch_datetime_operator_2 to 2023-03-28T00:00:00+00:00, run_after=2023-03-29T00:00:00+00:00
[2023-03-29T11:51:21.041+0000] {logging_mixin.py:137} INFO - [2023-03-29T11:51:21.041+0000] {dag.py:3444} INFO - Setting next_dagrun for example_branch_datetime_operator_3 to 2023-03-28T00:00:00+00:00, run_after=2023-03-29T00:00:00+00:00
[2023-03-29T11:51:21.327+0000] {processor.py:175} INFO - Processing /home/airflow/.local/lib/python3.7/site-packages/airflow/example_dags/example_branch_datetime_operator.py took 0.785 seconds
[2023-03-29T11:51:51.705+0000] {processor.py:153} INFO - Started process (PID=242) to work on /home/airflow/.local/lib/python3.7/site-packages/airflow/example_dags/example_branch_datetime_operator.py
[2023-03-29T11:51:51.705+0000] {processor.py:743} INFO - Processing file /home/airflow/.local/lib/python3.7/site-packages/airflow/example_dags/example_branch_datetime_operator.py for tasks to queue
[2023-03-29T11:51:51.705+0000] {logging_mixin.py:137} INFO - [2023-03-29T11:51:51.705+0000] {dagbag.py:532} INFO - Filling up the DagBag from /home/airflow/.local/lib/python3.7/site-packages/airflow/example_dags/example_branch_datetime_operator.py
[2023-03-29T11:51:51.715+0000] {processor.py:753} INFO - DAG(s) dict_keys(['example_branch_datetime_operator_3', 'example_branch_datetime_operator_2', 'example_branch_datetime_operator']) retrieved from /home/airflow/.local/lib/python3.7/site-packages/airflow/example_dags/example_branch_datetime_operator.py
[2023-03-29T11:51:52.049+0000] {logging_mixin.py:137} INFO - [2023-03-29T11:51:52.049+0000] {dag.py:2693} INFO - Sync 3 DAGs
[2023-03-29T11:51:52.156+0000] {logging_mixin.py:137} INFO - [2023-03-29T11:51:52.155+0000] {dag.py:3444} INFO - Setting next_dagrun for example_branch_datetime_operator to 2023-03-28T00:00:00+00:00, run_after=2023-03-29T00:00:00+00:00
[2023-03-29T11:51:52.171+0000] {logging_mixin.py:137} INFO - [2023-03-29T11:51:52.171+0000] {dag.py:3444} INFO - Setting next_dagrun for example_branch_datetime_operator_2 to 2023-03-28T00:00:00+00:00, run_after=2023-03-29T00:00:00+00:00
[2023-03-29T11:51:52.185+0000] {logging_mixin.py:137} INFO - [2023-03-29T11:51:52.185+0000] {dag.py:3444} INFO - Setting next_dagrun for example_branch_datetime_operator_3 to 2023-03-28T00:00:00+00:00, run_after=2023-03-29T00:00:00+00:00
[2023-03-29T11:51:52.445+0000] {processor.py:175} INFO - Processing /home/airflow/.local/lib/python3.7/site-packages/airflow/example_dags/example_branch_datetime_operator.py took 0.742 seconds
[2023-03-29T11:52:22.692+0000] {processor.py:153} INFO - Started process (PID=291) to work on /home/airflow/.local/lib/python3.7/site-packages/airflow/example_dags/example_branch_datetime_operator.py
[2023-03-29T11:52:22.702+0000] {processor.py:743} INFO - Processing file /home/airflow/.local/lib/python3.7/site-packages/airflow/example_dags/example_branch_datetime_operator.py for tasks to queue
[2023-03-29T11:52:22.702+0000] {logging_mixin.py:137} INFO - [2023-03-29T11:52:22.702+0000] {dagbag.py:532} INFO - Filling up the DagBag from /home/airflow/.local/lib/python3.7/site-packages/airflow/example_dags/example_branch_datetime_operator.py
[2023-03-29T11:52:22.713+0000] {processor.py:753} INFO - DAG(s) dict_keys(['example_branch_datetime_operator', 'example_branch_datetime_operator_3', 'example_branch_datetime_operator_2']) retrieved from /home/airflow/.local/lib/python3.7/site-packages/airflow/example_dags/example_branch_datetime_operator.py
[2023-03-29T11:52:23.051+0000] {logging_mixin.py:137} INFO - [2023-03-29T11:52:23.051+0000] {dag.py:2693} INFO - Sync 3 DAGs
[2023-03-29T11:52:23.159+0000] {logging_mixin.py:137} INFO - [2023-03-29T11:52:23.159+0000] {dag.py:3444} INFO - Setting next_dagrun for example_branch_datetime_operator to 2023-03-28T00:00:00+00:00, run_after=2023-03-29T00:00:00+00:00
[2023-03-29T11:52:23.176+0000] {logging_mixin.py:137} INFO - [2023-03-29T11:52:23.176+0000] {dag.py:3444} INFO - Setting next_dagrun for example_branch_datetime_operator_2 to 2023-03-28T00:00:00+00:00, run_after=2023-03-29T00:00:00+00:00
[2023-03-29T11:52:23.191+0000] {logging_mixin.py:137} INFO - [2023-03-29T11:52:23.191+0000] {dag.py:3444} INFO - Setting next_dagrun for example_branch_datetime_operator_3 to 2023-03-28T00:00:00+00:00, run_after=2023-03-29T00:00:00+00:00
[2023-03-29T11:52:23.525+0000] {processor.py:175} INFO - Processing /home/airflow/.local/lib/python3.7/site-packages/airflow/example_dags/example_branch_datetime_operator.py took 0.835 seconds
[2023-03-29T11:52:53.639+0000] {processor.py:153} INFO - Started process (PID=340) to work on /home/airflow/.local/lib/python3.7/site-packages/airflow/example_dags/example_branch_datetime_operator.py
[2023-03-29T11:52:53.640+0000] {processor.py:743} INFO - Processing file /home/airflow/.local/lib/python3.7/site-packages/airflow/example_dags/example_branch_datetime_operator.py for tasks to queue
[2023-03-29T11:52:53.641+0000] {logging_mixin.py:137} INFO - [2023-03-29T11:52:53.641+0000] {dagbag.py:532} INFO - Filling up the DagBag from /home/airflow/.local/lib/python3.7/site-packages/airflow/example_dags/example_branch_datetime_operator.py
[2023-03-29T11:52:53.651+0000] {processor.py:753} INFO - DAG(s) dict_keys(['example_branch_datetime_operator', 'example_branch_datetime_operator_3', 'example_branch_datetime_operator_2']) retrieved from /home/airflow/.local/lib/python3.7/site-packages/airflow/example_dags/example_branch_datetime_operator.py
[2023-03-29T11:52:53.995+0000] {logging_mixin.py:137} INFO - [2023-03-29T11:52:53.995+0000] {dag.py:2693} INFO - Sync 3 DAGs
[2023-03-29T11:52:54.109+0000] {logging_mixin.py:137} INFO - [2023-03-29T11:52:54.109+0000] {dag.py:3444} INFO - Setting next_dagrun for example_branch_datetime_operator to 2023-03-28T00:00:00+00:00, run_after=2023-03-29T00:00:00+00:00
[2023-03-29T11:52:54.132+0000] {logging_mixin.py:137} INFO - [2023-03-29T11:52:54.131+0000] {dag.py:3444} INFO - Setting next_dagrun for example_branch_datetime_operator_2 to 2023-03-28T00:00:00+00:00, run_after=2023-03-29T00:00:00+00:00
[2023-03-29T11:52:54.147+0000] {logging_mixin.py:137} INFO - [2023-03-29T11:52:54.146+0000] {dag.py:3444} INFO - Setting next_dagrun for example_branch_datetime_operator_3 to 2023-03-28T00:00:00+00:00, run_after=2023-03-29T00:00:00+00:00
[2023-03-29T11:52:54.449+0000] {processor.py:175} INFO - Processing /home/airflow/.local/lib/python3.7/site-packages/airflow/example_dags/example_branch_datetime_operator.py took 0.812 seconds
[2023-03-29T11:53:24.661+0000] {processor.py:153} INFO - Started process (PID=396) to work on /home/airflow/.local/lib/python3.7/site-packages/airflow/example_dags/example_branch_datetime_operator.py
[2023-03-29T11:53:24.661+0000] {processor.py:743} INFO - Processing file /home/airflow/.local/lib/python3.7/site-packages/airflow/example_dags/example_branch_datetime_operator.py for tasks to queue
[2023-03-29T11:53:24.662+0000] {logging_mixin.py:137} INFO - [2023-03-29T11:53:24.662+0000] {dagbag.py:532} INFO - Filling up the DagBag from /home/airflow/.local/lib/python3.7/site-packages/airflow/example_dags/example_branch_datetime_operator.py
[2023-03-29T11:53:24.673+0000] {processor.py:753} INFO - DAG(s) dict_keys(['example_branch_datetime_operator_3', 'example_branch_datetime_operator', 'example_branch_datetime_operator_2']) retrieved from /home/airflow/.local/lib/python3.7/site-packages/airflow/example_dags/example_branch_datetime_operator.py
[2023-03-29T11:53:24.982+0000] {logging_mixin.py:137} INFO - [2023-03-29T11:53:24.982+0000] {dag.py:2693} INFO - Sync 3 DAGs
[2023-03-29T11:53:25.090+0000] {logging_mixin.py:137} INFO - [2023-03-29T11:53:25.090+0000] {dag.py:3444} INFO - Setting next_dagrun for example_branch_datetime_operator to 2023-03-28T00:00:00+00:00, run_after=2023-03-29T00:00:00+00:00
[2023-03-29T11:53:25.105+0000] {logging_mixin.py:137} INFO - [2023-03-29T11:53:25.105+0000] {dag.py:3444} INFO - Setting next_dagrun for example_branch_datetime_operator_2 to 2023-03-28T00:00:00+00:00, run_after=2023-03-29T00:00:00+00:00
[2023-03-29T11:53:25.121+0000] {logging_mixin.py:137} INFO - [2023-03-29T11:53:25.121+0000] {dag.py:3444} INFO - Setting next_dagrun for example_branch_datetime_operator_3 to 2023-03-28T00:00:00+00:00, run_after=2023-03-29T00:00:00+00:00
[2023-03-29T11:53:25.393+0000] {processor.py:175} INFO - Processing /home/airflow/.local/lib/python3.7/site-packages/airflow/example_dags/example_branch_datetime_operator.py took 0.734 seconds
[2023-03-29T11:53:56.329+0000] {processor.py:153} INFO - Started process (PID=445) to work on /home/airflow/.local/lib/python3.7/site-packages/airflow/example_dags/example_branch_datetime_operator.py
[2023-03-29T11:53:56.330+0000] {processor.py:743} INFO - Processing file /home/airflow/.local/lib/python3.7/site-packages/airflow/example_dags/example_branch_datetime_operator.py for tasks to queue
[2023-03-29T11:53:56.330+0000] {logging_mixin.py:137} INFO - [2023-03-29T11:53:56.330+0000] {dagbag.py:532} INFO - Filling up the DagBag from /home/airflow/.local/lib/python3.7/site-packages/airflow/example_dags/example_branch_datetime_operator.py
[2023-03-29T11:53:56.340+0000] {processor.py:753} INFO - DAG(s) dict_keys(['example_branch_datetime_operator', 'example_branch_datetime_operator_3', 'example_branch_datetime_operator_2']) retrieved from /home/airflow/.local/lib/python3.7/site-packages/airflow/example_dags/example_branch_datetime_operator.py
[2023-03-29T11:53:56.689+0000] {logging_mixin.py:137} INFO - [2023-03-29T11:53:56.689+0000] {dag.py:2693} INFO - Sync 3 DAGs
[2023-03-29T11:53:56.801+0000] {logging_mixin.py:137} INFO - [2023-03-29T11:53:56.801+0000] {dag.py:3444} INFO - Setting next_dagrun for example_branch_datetime_operator to 2023-03-28T00:00:00+00:00, run_after=2023-03-29T00:00:00+00:00
[2023-03-29T11:53:56.817+0000] {logging_mixin.py:137} INFO - [2023-03-29T11:53:56.817+0000] {dag.py:3444} INFO - Setting next_dagrun for example_branch_datetime_operator_2 to 2023-03-28T00:00:00+00:00, run_after=2023-03-29T00:00:00+00:00
[2023-03-29T11:53:56.832+0000] {logging_mixin.py:137} INFO - [2023-03-29T11:53:56.832+0000] {dag.py:3444} INFO - Setting next_dagrun for example_branch_datetime_operator_3 to 2023-03-28T00:00:00+00:00, run_after=2023-03-29T00:00:00+00:00
[2023-03-29T11:53:57.117+0000] {processor.py:175} INFO - Processing /home/airflow/.local/lib/python3.7/site-packages/airflow/example_dags/example_branch_datetime_operator.py took 0.789 seconds
[2023-03-29T11:54:27.427+0000] {processor.py:153} INFO - Started process (PID=494) to work on /home/airflow/.local/lib/python3.7/site-packages/airflow/example_dags/example_branch_datetime_operator.py
[2023-03-29T11:54:27.437+0000] {processor.py:743} INFO - Processing file /home/airflow/.local/lib/python3.7/site-packages/airflow/example_dags/example_branch_datetime_operator.py for tasks to queue
[2023-03-29T11:54:27.437+0000] {logging_mixin.py:137} INFO - [2023-03-29T11:54:27.437+0000] {dagbag.py:532} INFO - Filling up the DagBag from /home/airflow/.local/lib/python3.7/site-packages/airflow/example_dags/example_branch_datetime_operator.py
[2023-03-29T11:54:27.448+0000] {processor.py:753} INFO - DAG(s) dict_keys(['example_branch_datetime_operator', 'example_branch_datetime_operator_3', 'example_branch_datetime_operator_2']) retrieved from /home/airflow/.local/lib/python3.7/site-packages/airflow/example_dags/example_branch_datetime_operator.py
[2023-03-29T11:54:27.807+0000] {logging_mixin.py:137} INFO - [2023-03-29T11:54:27.807+0000] {dag.py:2693} INFO - Sync 3 DAGs
[2023-03-29T11:54:27.919+0000] {logging_mixin.py:137} INFO - [2023-03-29T11:54:27.919+0000] {dag.py:3444} INFO - Setting next_dagrun for example_branch_datetime_operator to 2023-03-28T00:00:00+00:00, run_after=2023-03-29T00:00:00+00:00
[2023-03-29T11:54:27.934+0000] {logging_mixin.py:137} INFO - [2023-03-29T11:54:27.934+0000] {dag.py:3444} INFO - Setting next_dagrun for example_branch_datetime_operator_2 to 2023-03-28T00:00:00+00:00, run_after=2023-03-29T00:00:00+00:00
[2023-03-29T11:54:27.948+0000] {logging_mixin.py:137} INFO - [2023-03-29T11:54:27.948+0000] {dag.py:3444} INFO - Setting next_dagrun for example_branch_datetime_operator_3 to 2023-03-28T00:00:00+00:00, run_after=2023-03-29T00:00:00+00:00
[2023-03-29T11:54:28.224+0000] {processor.py:175} INFO - Processing /home/airflow/.local/lib/python3.7/site-packages/airflow/example_dags/example_branch_datetime_operator.py took 0.800 seconds
[2023-03-29T11:54:58.736+0000] {processor.py:153} INFO - Started process (PID=543) to work on /home/airflow/.local/lib/python3.7/site-packages/airflow/example_dags/example_branch_datetime_operator.py
[2023-03-29T11:54:58.737+0000] {processor.py:743} INFO - Processing file /home/airflow/.local/lib/python3.7/site-packages/airflow/example_dags/example_branch_datetime_operator.py for tasks to queue
[2023-03-29T11:54:58.737+0000] {logging_mixin.py:137} INFO - [2023-03-29T11:54:58.737+0000] {dagbag.py:532} INFO - Filling up the DagBag from /home/airflow/.local/lib/python3.7/site-packages/airflow/example_dags/example_branch_datetime_operator.py
[2023-03-29T11:54:58.748+0000] {processor.py:753} INFO - DAG(s) dict_keys(['example_branch_datetime_operator', 'example_branch_datetime_operator_2', 'example_branch_datetime_operator_3']) retrieved from /home/airflow/.local/lib/python3.7/site-packages/airflow/example_dags/example_branch_datetime_operator.py
[2023-03-29T11:54:59.091+0000] {logging_mixin.py:137} INFO - [2023-03-29T11:54:59.090+0000] {dag.py:2693} INFO - Sync 3 DAGs
[2023-03-29T11:54:59.207+0000] {logging_mixin.py:137} INFO - [2023-03-29T11:54:59.206+0000] {dag.py:3444} INFO - Setting next_dagrun for example_branch_datetime_operator to 2023-03-28T00:00:00+00:00, run_after=2023-03-29T00:00:00+00:00
[2023-03-29T11:54:59.223+0000] {logging_mixin.py:137} INFO - [2023-03-29T11:54:59.223+0000] {dag.py:3444} INFO - Setting next_dagrun for example_branch_datetime_operator_2 to 2023-03-28T00:00:00+00:00, run_after=2023-03-29T00:00:00+00:00
[2023-03-29T11:54:59.238+0000] {logging_mixin.py:137} INFO - [2023-03-29T11:54:59.238+0000] {dag.py:3444} INFO - Setting next_dagrun for example_branch_datetime_operator_3 to 2023-03-28T00:00:00+00:00, run_after=2023-03-29T00:00:00+00:00
[2023-03-29T11:54:59.524+0000] {processor.py:175} INFO - Processing /home/airflow/.local/lib/python3.7/site-packages/airflow/example_dags/example_branch_datetime_operator.py took 0.790 seconds
