[2023-03-29T11:50:21.290+0000] {processor.py:153} INFO - Started process (PID=104) to work on /home/airflow/.local/lib/python3.7/site-packages/airflow/example_dags/example_external_task_marker_dag.py
[2023-03-29T11:50:21.291+0000] {processor.py:743} INFO - Processing file /home/airflow/.local/lib/python3.7/site-packages/airflow/example_dags/example_external_task_marker_dag.py for tasks to queue
[2023-03-29T11:50:21.291+0000] {logging_mixin.py:137} INFO - [2023-03-29T11:50:21.291+0000] {dagbag.py:532} INFO - Filling up the DagBag from /home/airflow/.local/lib/python3.7/site-packages/airflow/example_dags/example_external_task_marker_dag.py
[2023-03-29T11:50:21.298+0000] {processor.py:753} INFO - DAG(s) dict_keys(['example_external_task_marker_child', 'example_external_task_marker_parent']) retrieved from /home/airflow/.local/lib/python3.7/site-packages/airflow/example_dags/example_external_task_marker_dag.py
[2023-03-29T11:50:21.665+0000] {logging_mixin.py:137} INFO - [2023-03-29T11:50:21.665+0000] {dag.py:2693} INFO - Sync 2 DAGs
[2023-03-29T11:50:21.773+0000] {logging_mixin.py:137} INFO - [2023-03-29T11:50:21.773+0000] {dag.py:3444} INFO - Setting next_dagrun for example_external_task_marker_child to None, run_after=None
[2023-03-29T11:50:21.786+0000] {logging_mixin.py:137} INFO - [2023-03-29T11:50:21.786+0000] {dag.py:3444} INFO - Setting next_dagrun for example_external_task_marker_parent to None, run_after=None
[2023-03-29T11:50:22.076+0000] {processor.py:175} INFO - Processing /home/airflow/.local/lib/python3.7/site-packages/airflow/example_dags/example_external_task_marker_dag.py took 0.787 seconds
[2023-03-29T11:50:53.175+0000] {processor.py:153} INFO - Started process (PID=153) to work on /home/airflow/.local/lib/python3.7/site-packages/airflow/example_dags/example_external_task_marker_dag.py
[2023-03-29T11:50:53.176+0000] {processor.py:743} INFO - Processing file /home/airflow/.local/lib/python3.7/site-packages/airflow/example_dags/example_external_task_marker_dag.py for tasks to queue
[2023-03-29T11:50:53.177+0000] {logging_mixin.py:137} INFO - [2023-03-29T11:50:53.177+0000] {dagbag.py:532} INFO - Filling up the DagBag from /home/airflow/.local/lib/python3.7/site-packages/airflow/example_dags/example_external_task_marker_dag.py
[2023-03-29T11:50:53.184+0000] {processor.py:753} INFO - DAG(s) dict_keys(['example_external_task_marker_child', 'example_external_task_marker_parent']) retrieved from /home/airflow/.local/lib/python3.7/site-packages/airflow/example_dags/example_external_task_marker_dag.py
[2023-03-29T11:50:53.482+0000] {logging_mixin.py:137} INFO - [2023-03-29T11:50:53.482+0000] {dag.py:2693} INFO - Sync 2 DAGs
[2023-03-29T11:50:53.595+0000] {logging_mixin.py:137} INFO - [2023-03-29T11:50:53.595+0000] {dag.py:3444} INFO - Setting next_dagrun for example_external_task_marker_child to None, run_after=None
[2023-03-29T11:50:53.611+0000] {logging_mixin.py:137} INFO - [2023-03-29T11:50:53.610+0000] {dag.py:3444} INFO - Setting next_dagrun for example_external_task_marker_parent to None, run_after=None
[2023-03-29T11:50:53.903+0000] {processor.py:175} INFO - Processing /home/airflow/.local/lib/python3.7/site-packages/airflow/example_dags/example_external_task_marker_dag.py took 0.730 seconds
[2023-03-29T11:51:24.894+0000] {processor.py:153} INFO - Started process (PID=209) to work on /home/airflow/.local/lib/python3.7/site-packages/airflow/example_dags/example_external_task_marker_dag.py
[2023-03-29T11:51:24.895+0000] {processor.py:743} INFO - Processing file /home/airflow/.local/lib/python3.7/site-packages/airflow/example_dags/example_external_task_marker_dag.py for tasks to queue
[2023-03-29T11:51:24.895+0000] {logging_mixin.py:137} INFO - [2023-03-29T11:51:24.895+0000] {dagbag.py:532} INFO - Filling up the DagBag from /home/airflow/.local/lib/python3.7/site-packages/airflow/example_dags/example_external_task_marker_dag.py
[2023-03-29T11:51:24.902+0000] {processor.py:753} INFO - DAG(s) dict_keys(['example_external_task_marker_child', 'example_external_task_marker_parent']) retrieved from /home/airflow/.local/lib/python3.7/site-packages/airflow/example_dags/example_external_task_marker_dag.py
[2023-03-29T11:51:25.214+0000] {logging_mixin.py:137} INFO - [2023-03-29T11:51:25.214+0000] {dag.py:2693} INFO - Sync 2 DAGs
[2023-03-29T11:51:25.327+0000] {logging_mixin.py:137} INFO - [2023-03-29T11:51:25.327+0000] {dag.py:3444} INFO - Setting next_dagrun for example_external_task_marker_child to None, run_after=None
[2023-03-29T11:51:25.342+0000] {logging_mixin.py:137} INFO - [2023-03-29T11:51:25.342+0000] {dag.py:3444} INFO - Setting next_dagrun for example_external_task_marker_parent to None, run_after=None
[2023-03-29T11:51:25.601+0000] {processor.py:175} INFO - Processing /home/airflow/.local/lib/python3.7/site-packages/airflow/example_dags/example_external_task_marker_dag.py took 0.708 seconds
[2023-03-29T11:51:55.716+0000] {processor.py:153} INFO - Started process (PID=258) to work on /home/airflow/.local/lib/python3.7/site-packages/airflow/example_dags/example_external_task_marker_dag.py
[2023-03-29T11:51:55.717+0000] {processor.py:743} INFO - Processing file /home/airflow/.local/lib/python3.7/site-packages/airflow/example_dags/example_external_task_marker_dag.py for tasks to queue
[2023-03-29T11:51:55.717+0000] {logging_mixin.py:137} INFO - [2023-03-29T11:51:55.717+0000] {dagbag.py:532} INFO - Filling up the DagBag from /home/airflow/.local/lib/python3.7/site-packages/airflow/example_dags/example_external_task_marker_dag.py
[2023-03-29T11:51:55.725+0000] {processor.py:753} INFO - DAG(s) dict_keys(['example_external_task_marker_parent', 'example_external_task_marker_child']) retrieved from /home/airflow/.local/lib/python3.7/site-packages/airflow/example_dags/example_external_task_marker_dag.py
[2023-03-29T11:51:56.040+0000] {logging_mixin.py:137} INFO - [2023-03-29T11:51:56.040+0000] {dag.py:2693} INFO - Sync 2 DAGs
[2023-03-29T11:51:56.146+0000] {logging_mixin.py:137} INFO - [2023-03-29T11:51:56.146+0000] {dag.py:3444} INFO - Setting next_dagrun for example_external_task_marker_child to None, run_after=None
[2023-03-29T11:51:56.161+0000] {logging_mixin.py:137} INFO - [2023-03-29T11:51:56.161+0000] {dag.py:3444} INFO - Setting next_dagrun for example_external_task_marker_parent to None, run_after=None
[2023-03-29T11:51:56.438+0000] {processor.py:175} INFO - Processing /home/airflow/.local/lib/python3.7/site-packages/airflow/example_dags/example_external_task_marker_dag.py took 0.725 seconds
[2023-03-29T11:52:27.152+0000] {processor.py:153} INFO - Started process (PID=307) to work on /home/airflow/.local/lib/python3.7/site-packages/airflow/example_dags/example_external_task_marker_dag.py
[2023-03-29T11:52:27.152+0000] {processor.py:743} INFO - Processing file /home/airflow/.local/lib/python3.7/site-packages/airflow/example_dags/example_external_task_marker_dag.py for tasks to queue
[2023-03-29T11:52:27.153+0000] {logging_mixin.py:137} INFO - [2023-03-29T11:52:27.153+0000] {dagbag.py:532} INFO - Filling up the DagBag from /home/airflow/.local/lib/python3.7/site-packages/airflow/example_dags/example_external_task_marker_dag.py
[2023-03-29T11:52:27.161+0000] {processor.py:753} INFO - DAG(s) dict_keys(['example_external_task_marker_parent', 'example_external_task_marker_child']) retrieved from /home/airflow/.local/lib/python3.7/site-packages/airflow/example_dags/example_external_task_marker_dag.py
[2023-03-29T11:52:27.463+0000] {logging_mixin.py:137} INFO - [2023-03-29T11:52:27.463+0000] {dag.py:2693} INFO - Sync 2 DAGs
[2023-03-29T11:52:27.574+0000] {logging_mixin.py:137} INFO - [2023-03-29T11:52:27.574+0000] {dag.py:3444} INFO - Setting next_dagrun for example_external_task_marker_child to None, run_after=None
[2023-03-29T11:52:27.589+0000] {logging_mixin.py:137} INFO - [2023-03-29T11:52:27.589+0000] {dag.py:3444} INFO - Setting next_dagrun for example_external_task_marker_parent to None, run_after=None
[2023-03-29T11:52:27.843+0000] {processor.py:175} INFO - Processing /home/airflow/.local/lib/python3.7/site-packages/airflow/example_dags/example_external_task_marker_dag.py took 0.693 seconds
[2023-03-29T11:52:58.047+0000] {processor.py:153} INFO - Started process (PID=355) to work on /home/airflow/.local/lib/python3.7/site-packages/airflow/example_dags/example_external_task_marker_dag.py
[2023-03-29T11:52:58.057+0000] {processor.py:743} INFO - Processing file /home/airflow/.local/lib/python3.7/site-packages/airflow/example_dags/example_external_task_marker_dag.py for tasks to queue
[2023-03-29T11:52:58.057+0000] {logging_mixin.py:137} INFO - [2023-03-29T11:52:58.057+0000] {dagbag.py:532} INFO - Filling up the DagBag from /home/airflow/.local/lib/python3.7/site-packages/airflow/example_dags/example_external_task_marker_dag.py
[2023-03-29T11:52:58.065+0000] {processor.py:753} INFO - DAG(s) dict_keys(['example_external_task_marker_parent', 'example_external_task_marker_child']) retrieved from /home/airflow/.local/lib/python3.7/site-packages/airflow/example_dags/example_external_task_marker_dag.py
[2023-03-29T11:52:58.362+0000] {logging_mixin.py:137} INFO - [2023-03-29T11:52:58.362+0000] {dag.py:2693} INFO - Sync 2 DAGs
[2023-03-29T11:52:58.464+0000] {logging_mixin.py:137} INFO - [2023-03-29T11:52:58.464+0000] {dag.py:3444} INFO - Setting next_dagrun for example_external_task_marker_child to None, run_after=None
[2023-03-29T11:52:58.477+0000] {logging_mixin.py:137} INFO - [2023-03-29T11:52:58.477+0000] {dag.py:3444} INFO - Setting next_dagrun for example_external_task_marker_parent to None, run_after=None
[2023-03-29T11:52:58.734+0000] {processor.py:175} INFO - Processing /home/airflow/.local/lib/python3.7/site-packages/airflow/example_dags/example_external_task_marker_dag.py took 0.688 seconds
[2023-03-29T11:53:28.950+0000] {processor.py:153} INFO - Started process (PID=404) to work on /home/airflow/.local/lib/python3.7/site-packages/airflow/example_dags/example_external_task_marker_dag.py
[2023-03-29T11:53:28.951+0000] {processor.py:743} INFO - Processing file /home/airflow/.local/lib/python3.7/site-packages/airflow/example_dags/example_external_task_marker_dag.py for tasks to queue
[2023-03-29T11:53:28.952+0000] {logging_mixin.py:137} INFO - [2023-03-29T11:53:28.951+0000] {dagbag.py:532} INFO - Filling up the DagBag from /home/airflow/.local/lib/python3.7/site-packages/airflow/example_dags/example_external_task_marker_dag.py
[2023-03-29T11:53:28.960+0000] {processor.py:753} INFO - DAG(s) dict_keys(['example_external_task_marker_parent', 'example_external_task_marker_child']) retrieved from /home/airflow/.local/lib/python3.7/site-packages/airflow/example_dags/example_external_task_marker_dag.py
[2023-03-29T11:53:29.288+0000] {logging_mixin.py:137} INFO - [2023-03-29T11:53:29.288+0000] {dag.py:2693} INFO - Sync 2 DAGs
[2023-03-29T11:53:29.398+0000] {logging_mixin.py:137} INFO - [2023-03-29T11:53:29.398+0000] {dag.py:3444} INFO - Setting next_dagrun for example_external_task_marker_child to None, run_after=None
[2023-03-29T11:53:29.412+0000] {logging_mixin.py:137} INFO - [2023-03-29T11:53:29.412+0000] {dag.py:3444} INFO - Setting next_dagrun for example_external_task_marker_parent to None, run_after=None
[2023-03-29T11:53:29.689+0000] {processor.py:175} INFO - Processing /home/airflow/.local/lib/python3.7/site-packages/airflow/example_dags/example_external_task_marker_dag.py took 0.741 seconds
[2023-03-29T11:54:00.398+0000] {processor.py:153} INFO - Started process (PID=453) to work on /home/airflow/.local/lib/python3.7/site-packages/airflow/example_dags/example_external_task_marker_dag.py
[2023-03-29T11:54:00.408+0000] {processor.py:743} INFO - Processing file /home/airflow/.local/lib/python3.7/site-packages/airflow/example_dags/example_external_task_marker_dag.py for tasks to queue
[2023-03-29T11:54:00.409+0000] {logging_mixin.py:137} INFO - [2023-03-29T11:54:00.409+0000] {dagbag.py:532} INFO - Filling up the DagBag from /home/airflow/.local/lib/python3.7/site-packages/airflow/example_dags/example_external_task_marker_dag.py
[2023-03-29T11:54:00.416+0000] {processor.py:753} INFO - DAG(s) dict_keys(['example_external_task_marker_parent', 'example_external_task_marker_child']) retrieved from /home/airflow/.local/lib/python3.7/site-packages/airflow/example_dags/example_external_task_marker_dag.py
[2023-03-29T11:54:00.711+0000] {logging_mixin.py:137} INFO - [2023-03-29T11:54:00.711+0000] {dag.py:2693} INFO - Sync 2 DAGs
[2023-03-29T11:54:00.816+0000] {logging_mixin.py:137} INFO - [2023-03-29T11:54:00.816+0000] {dag.py:3444} INFO - Setting next_dagrun for example_external_task_marker_child to None, run_after=None
[2023-03-29T11:54:00.833+0000] {logging_mixin.py:137} INFO - [2023-03-29T11:54:00.833+0000] {dag.py:3444} INFO - Setting next_dagrun for example_external_task_marker_parent to None, run_after=None
[2023-03-29T11:54:01.096+0000] {processor.py:175} INFO - Processing /home/airflow/.local/lib/python3.7/site-packages/airflow/example_dags/example_external_task_marker_dag.py took 0.700 seconds
[2023-03-29T11:54:31.514+0000] {processor.py:153} INFO - Started process (PID=502) to work on /home/airflow/.local/lib/python3.7/site-packages/airflow/example_dags/example_external_task_marker_dag.py
[2023-03-29T11:54:31.514+0000] {processor.py:743} INFO - Processing file /home/airflow/.local/lib/python3.7/site-packages/airflow/example_dags/example_external_task_marker_dag.py for tasks to queue
[2023-03-29T11:54:31.514+0000] {logging_mixin.py:137} INFO - [2023-03-29T11:54:31.514+0000] {dagbag.py:532} INFO - Filling up the DagBag from /home/airflow/.local/lib/python3.7/site-packages/airflow/example_dags/example_external_task_marker_dag.py
[2023-03-29T11:54:31.524+0000] {processor.py:753} INFO - DAG(s) dict_keys(['example_external_task_marker_parent', 'example_external_task_marker_child']) retrieved from /home/airflow/.local/lib/python3.7/site-packages/airflow/example_dags/example_external_task_marker_dag.py
[2023-03-29T11:54:31.822+0000] {logging_mixin.py:137} INFO - [2023-03-29T11:54:31.822+0000] {dag.py:2693} INFO - Sync 2 DAGs
[2023-03-29T11:54:31.937+0000] {logging_mixin.py:137} INFO - [2023-03-29T11:54:31.937+0000] {dag.py:3444} INFO - Setting next_dagrun for example_external_task_marker_child to None, run_after=None
[2023-03-29T11:54:31.959+0000] {logging_mixin.py:137} INFO - [2023-03-29T11:54:31.959+0000] {dag.py:3444} INFO - Setting next_dagrun for example_external_task_marker_parent to None, run_after=None
[2023-03-29T11:54:32.262+0000] {processor.py:175} INFO - Processing /home/airflow/.local/lib/python3.7/site-packages/airflow/example_dags/example_external_task_marker_dag.py took 0.751 seconds
[2023-03-29T11:55:02.404+0000] {processor.py:153} INFO - Started process (PID=551) to work on /home/airflow/.local/lib/python3.7/site-packages/airflow/example_dags/example_external_task_marker_dag.py
[2023-03-29T11:55:02.408+0000] {processor.py:743} INFO - Processing file /home/airflow/.local/lib/python3.7/site-packages/airflow/example_dags/example_external_task_marker_dag.py for tasks to queue
[2023-03-29T11:55:02.409+0000] {logging_mixin.py:137} INFO - [2023-03-29T11:55:02.409+0000] {dagbag.py:532} INFO - Filling up the DagBag from /home/airflow/.local/lib/python3.7/site-packages/airflow/example_dags/example_external_task_marker_dag.py
[2023-03-29T11:55:02.417+0000] {processor.py:753} INFO - DAG(s) dict_keys(['example_external_task_marker_child', 'example_external_task_marker_parent']) retrieved from /home/airflow/.local/lib/python3.7/site-packages/airflow/example_dags/example_external_task_marker_dag.py
[2023-03-29T11:55:02.731+0000] {logging_mixin.py:137} INFO - [2023-03-29T11:55:02.731+0000] {dag.py:2693} INFO - Sync 2 DAGs
[2023-03-29T11:55:02.838+0000] {logging_mixin.py:137} INFO - [2023-03-29T11:55:02.838+0000] {dag.py:3444} INFO - Setting next_dagrun for example_external_task_marker_child to None, run_after=None
[2023-03-29T11:55:02.858+0000] {logging_mixin.py:137} INFO - [2023-03-29T11:55:02.857+0000] {dag.py:3444} INFO - Setting next_dagrun for example_external_task_marker_parent to None, run_after=None
[2023-03-29T11:55:03.144+0000] {processor.py:175} INFO - Processing /home/airflow/.local/lib/python3.7/site-packages/airflow/example_dags/example_external_task_marker_dag.py took 0.742 seconds
