[2023-03-29T11:50:17.781+0000] {processor.py:153} INFO - Started process (PID=94) to work on /home/airflow/.local/lib/python3.7/site-packages/airflow/example_dags/example_bash_operator.py
[2023-03-29T11:50:17.782+0000] {processor.py:743} INFO - Processing file /home/airflow/.local/lib/python3.7/site-packages/airflow/example_dags/example_bash_operator.py for tasks to queue
[2023-03-29T11:50:17.782+0000] {logging_mixin.py:137} INFO - [2023-03-29T11:50:17.782+0000] {dagbag.py:532} INFO - Filling up the DagBag from /home/airflow/.local/lib/python3.7/site-packages/airflow/example_dags/example_bash_operator.py
[2023-03-29T11:50:17.794+0000] {processor.py:753} INFO - DAG(s) dict_keys(['example_bash_operator']) retrieved from /home/airflow/.local/lib/python3.7/site-packages/airflow/example_dags/example_bash_operator.py
[2023-03-29T11:50:18.058+0000] {logging_mixin.py:137} INFO - [2023-03-29T11:50:18.057+0000] {dag.py:2693} INFO - Sync 1 DAGs
[2023-03-29T11:50:18.168+0000] {logging_mixin.py:137} INFO - [2023-03-29T11:50:18.168+0000] {dag.py:3444} INFO - Setting next_dagrun for example_bash_operator to 2023-03-28T00:00:00+00:00, run_after=2023-03-29T00:00:00+00:00
[2023-03-29T11:50:18.415+0000] {processor.py:175} INFO - Processing /home/airflow/.local/lib/python3.7/site-packages/airflow/example_dags/example_bash_operator.py took 0.635 seconds
[2023-03-29T11:50:49.352+0000] {processor.py:153} INFO - Started process (PID=143) to work on /home/airflow/.local/lib/python3.7/site-packages/airflow/example_dags/example_bash_operator.py
[2023-03-29T11:50:49.353+0000] {processor.py:743} INFO - Processing file /home/airflow/.local/lib/python3.7/site-packages/airflow/example_dags/example_bash_operator.py for tasks to queue
[2023-03-29T11:50:49.353+0000] {logging_mixin.py:137} INFO - [2023-03-29T11:50:49.353+0000] {dagbag.py:532} INFO - Filling up the DagBag from /home/airflow/.local/lib/python3.7/site-packages/airflow/example_dags/example_bash_operator.py
[2023-03-29T11:50:49.366+0000] {processor.py:753} INFO - DAG(s) dict_keys(['example_bash_operator']) retrieved from /home/airflow/.local/lib/python3.7/site-packages/airflow/example_dags/example_bash_operator.py
[2023-03-29T11:50:49.645+0000] {logging_mixin.py:137} INFO - [2023-03-29T11:50:49.645+0000] {dag.py:2693} INFO - Sync 1 DAGs
[2023-03-29T11:50:49.761+0000] {logging_mixin.py:137} INFO - [2023-03-29T11:50:49.760+0000] {dag.py:3444} INFO - Setting next_dagrun for example_bash_operator to 2023-03-28T00:00:00+00:00, run_after=2023-03-29T00:00:00+00:00
[2023-03-29T11:50:50.020+0000] {processor.py:175} INFO - Processing /home/airflow/.local/lib/python3.7/site-packages/airflow/example_dags/example_bash_operator.py took 0.669 seconds
[2023-03-29T11:51:20.224+0000] {processor.py:153} INFO - Started process (PID=192) to work on /home/airflow/.local/lib/python3.7/site-packages/airflow/example_dags/example_bash_operator.py
[2023-03-29T11:51:20.225+0000] {processor.py:743} INFO - Processing file /home/airflow/.local/lib/python3.7/site-packages/airflow/example_dags/example_bash_operator.py for tasks to queue
[2023-03-29T11:51:20.225+0000] {logging_mixin.py:137} INFO - [2023-03-29T11:51:20.225+0000] {dagbag.py:532} INFO - Filling up the DagBag from /home/airflow/.local/lib/python3.7/site-packages/airflow/example_dags/example_bash_operator.py
[2023-03-29T11:51:20.237+0000] {processor.py:753} INFO - DAG(s) dict_keys(['example_bash_operator']) retrieved from /home/airflow/.local/lib/python3.7/site-packages/airflow/example_dags/example_bash_operator.py
[2023-03-29T11:51:20.507+0000] {logging_mixin.py:137} INFO - [2023-03-29T11:51:20.507+0000] {dag.py:2693} INFO - Sync 1 DAGs
[2023-03-29T11:51:20.622+0000] {logging_mixin.py:137} INFO - [2023-03-29T11:51:20.621+0000] {dag.py:3444} INFO - Setting next_dagrun for example_bash_operator to 2023-03-28T00:00:00+00:00, run_after=2023-03-29T00:00:00+00:00
[2023-03-29T11:51:20.865+0000] {processor.py:175} INFO - Processing /home/airflow/.local/lib/python3.7/site-packages/airflow/example_dags/example_bash_operator.py took 0.643 seconds
[2023-03-29T11:51:50.972+0000] {processor.py:153} INFO - Started process (PID=241) to work on /home/airflow/.local/lib/python3.7/site-packages/airflow/example_dags/example_bash_operator.py
[2023-03-29T11:51:50.972+0000] {processor.py:743} INFO - Processing file /home/airflow/.local/lib/python3.7/site-packages/airflow/example_dags/example_bash_operator.py for tasks to queue
[2023-03-29T11:51:50.973+0000] {logging_mixin.py:137} INFO - [2023-03-29T11:51:50.973+0000] {dagbag.py:532} INFO - Filling up the DagBag from /home/airflow/.local/lib/python3.7/site-packages/airflow/example_dags/example_bash_operator.py
[2023-03-29T11:51:50.985+0000] {processor.py:753} INFO - DAG(s) dict_keys(['example_bash_operator']) retrieved from /home/airflow/.local/lib/python3.7/site-packages/airflow/example_dags/example_bash_operator.py
[2023-03-29T11:51:51.266+0000] {logging_mixin.py:137} INFO - [2023-03-29T11:51:51.266+0000] {dag.py:2693} INFO - Sync 1 DAGs
[2023-03-29T11:51:51.376+0000] {logging_mixin.py:137} INFO - [2023-03-29T11:51:51.376+0000] {dag.py:3444} INFO - Setting next_dagrun for example_bash_operator to 2023-03-28T00:00:00+00:00, run_after=2023-03-29T00:00:00+00:00
[2023-03-29T11:51:51.646+0000] {processor.py:175} INFO - Processing /home/airflow/.local/lib/python3.7/site-packages/airflow/example_dags/example_bash_operator.py took 0.676 seconds
[2023-03-29T11:52:22.141+0000] {processor.py:153} INFO - Started process (PID=290) to work on /home/airflow/.local/lib/python3.7/site-packages/airflow/example_dags/example_bash_operator.py
[2023-03-29T11:52:22.142+0000] {processor.py:743} INFO - Processing file /home/airflow/.local/lib/python3.7/site-packages/airflow/example_dags/example_bash_operator.py for tasks to queue
[2023-03-29T11:52:22.143+0000] {logging_mixin.py:137} INFO - [2023-03-29T11:52:22.142+0000] {dagbag.py:532} INFO - Filling up the DagBag from /home/airflow/.local/lib/python3.7/site-packages/airflow/example_dags/example_bash_operator.py
[2023-03-29T11:52:22.156+0000] {processor.py:753} INFO - DAG(s) dict_keys(['example_bash_operator']) retrieved from /home/airflow/.local/lib/python3.7/site-packages/airflow/example_dags/example_bash_operator.py
[2023-03-29T11:52:22.441+0000] {logging_mixin.py:137} INFO - [2023-03-29T11:52:22.441+0000] {dag.py:2693} INFO - Sync 1 DAGs
[2023-03-29T11:52:22.547+0000] {logging_mixin.py:137} INFO - [2023-03-29T11:52:22.547+0000] {dag.py:3444} INFO - Setting next_dagrun for example_bash_operator to 2023-03-28T00:00:00+00:00, run_after=2023-03-29T00:00:00+00:00
[2023-03-29T11:52:22.813+0000] {processor.py:175} INFO - Processing /home/airflow/.local/lib/python3.7/site-packages/airflow/example_dags/example_bash_operator.py took 0.674 seconds
[2023-03-29T11:52:53.036+0000] {processor.py:153} INFO - Started process (PID=339) to work on /home/airflow/.local/lib/python3.7/site-packages/airflow/example_dags/example_bash_operator.py
[2023-03-29T11:52:53.036+0000] {processor.py:743} INFO - Processing file /home/airflow/.local/lib/python3.7/site-packages/airflow/example_dags/example_bash_operator.py for tasks to queue
[2023-03-29T11:52:53.036+0000] {logging_mixin.py:137} INFO - [2023-03-29T11:52:53.036+0000] {dagbag.py:532} INFO - Filling up the DagBag from /home/airflow/.local/lib/python3.7/site-packages/airflow/example_dags/example_bash_operator.py
[2023-03-29T11:52:53.049+0000] {processor.py:753} INFO - DAG(s) dict_keys(['example_bash_operator']) retrieved from /home/airflow/.local/lib/python3.7/site-packages/airflow/example_dags/example_bash_operator.py
[2023-03-29T11:52:53.335+0000] {logging_mixin.py:137} INFO - [2023-03-29T11:52:53.335+0000] {dag.py:2693} INFO - Sync 1 DAGs
[2023-03-29T11:52:53.446+0000] {logging_mixin.py:137} INFO - [2023-03-29T11:52:53.446+0000] {dag.py:3444} INFO - Setting next_dagrun for example_bash_operator to 2023-03-28T00:00:00+00:00, run_after=2023-03-29T00:00:00+00:00
[2023-03-29T11:52:53.693+0000] {processor.py:175} INFO - Processing /home/airflow/.local/lib/python3.7/site-packages/airflow/example_dags/example_bash_operator.py took 0.660 seconds
[2023-03-29T11:53:24.488+0000] {processor.py:153} INFO - Started process (PID=388) to work on /home/airflow/.local/lib/python3.7/site-packages/airflow/example_dags/example_bash_operator.py
[2023-03-29T11:53:24.498+0000] {processor.py:743} INFO - Processing file /home/airflow/.local/lib/python3.7/site-packages/airflow/example_dags/example_bash_operator.py for tasks to queue
[2023-03-29T11:53:24.498+0000] {logging_mixin.py:137} INFO - [2023-03-29T11:53:24.498+0000] {dagbag.py:532} INFO - Filling up the DagBag from /home/airflow/.local/lib/python3.7/site-packages/airflow/example_dags/example_bash_operator.py
[2023-03-29T11:53:24.512+0000] {processor.py:753} INFO - DAG(s) dict_keys(['example_bash_operator']) retrieved from /home/airflow/.local/lib/python3.7/site-packages/airflow/example_dags/example_bash_operator.py
[2023-03-29T11:53:24.798+0000] {logging_mixin.py:137} INFO - [2023-03-29T11:53:24.798+0000] {dag.py:2693} INFO - Sync 1 DAGs
[2023-03-29T11:53:24.910+0000] {logging_mixin.py:137} INFO - [2023-03-29T11:53:24.910+0000] {dag.py:3444} INFO - Setting next_dagrun for example_bash_operator to 2023-03-28T00:00:00+00:00, run_after=2023-03-29T00:00:00+00:00
[2023-03-29T11:53:25.178+0000] {processor.py:175} INFO - Processing /home/airflow/.local/lib/python3.7/site-packages/airflow/example_dags/example_bash_operator.py took 0.692 seconds
[2023-03-29T11:53:55.811+0000] {processor.py:153} INFO - Started process (PID=444) to work on /home/airflow/.local/lib/python3.7/site-packages/airflow/example_dags/example_bash_operator.py
[2023-03-29T11:53:55.812+0000] {processor.py:743} INFO - Processing file /home/airflow/.local/lib/python3.7/site-packages/airflow/example_dags/example_bash_operator.py for tasks to queue
[2023-03-29T11:53:55.812+0000] {logging_mixin.py:137} INFO - [2023-03-29T11:53:55.812+0000] {dagbag.py:532} INFO - Filling up the DagBag from /home/airflow/.local/lib/python3.7/site-packages/airflow/example_dags/example_bash_operator.py
[2023-03-29T11:53:55.825+0000] {processor.py:753} INFO - DAG(s) dict_keys(['example_bash_operator']) retrieved from /home/airflow/.local/lib/python3.7/site-packages/airflow/example_dags/example_bash_operator.py
[2023-03-29T11:53:56.127+0000] {logging_mixin.py:137} INFO - [2023-03-29T11:53:56.127+0000] {dag.py:2693} INFO - Sync 1 DAGs
[2023-03-29T11:53:56.242+0000] {logging_mixin.py:137} INFO - [2023-03-29T11:53:56.242+0000] {dag.py:3444} INFO - Setting next_dagrun for example_bash_operator to 2023-03-28T00:00:00+00:00, run_after=2023-03-29T00:00:00+00:00
[2023-03-29T11:53:56.492+0000] {processor.py:175} INFO - Processing /home/airflow/.local/lib/python3.7/site-packages/airflow/example_dags/example_bash_operator.py took 0.683 seconds
[2023-03-29T11:54:26.963+0000] {processor.py:153} INFO - Started process (PID=493) to work on /home/airflow/.local/lib/python3.7/site-packages/airflow/example_dags/example_bash_operator.py
[2023-03-29T11:54:26.964+0000] {processor.py:743} INFO - Processing file /home/airflow/.local/lib/python3.7/site-packages/airflow/example_dags/example_bash_operator.py for tasks to queue
[2023-03-29T11:54:26.964+0000] {logging_mixin.py:137} INFO - [2023-03-29T11:54:26.964+0000] {dagbag.py:532} INFO - Filling up the DagBag from /home/airflow/.local/lib/python3.7/site-packages/airflow/example_dags/example_bash_operator.py
[2023-03-29T11:54:26.977+0000] {processor.py:753} INFO - DAG(s) dict_keys(['example_bash_operator']) retrieved from /home/airflow/.local/lib/python3.7/site-packages/airflow/example_dags/example_bash_operator.py
[2023-03-29T11:54:27.332+0000] {logging_mixin.py:137} INFO - [2023-03-29T11:54:27.332+0000] {dag.py:2693} INFO - Sync 1 DAGs
[2023-03-29T11:54:27.448+0000] {logging_mixin.py:137} INFO - [2023-03-29T11:54:27.448+0000] {dag.py:3444} INFO - Setting next_dagrun for example_bash_operator to 2023-03-28T00:00:00+00:00, run_after=2023-03-29T00:00:00+00:00
[2023-03-29T11:54:27.696+0000] {processor.py:175} INFO - Processing /home/airflow/.local/lib/python3.7/site-packages/airflow/example_dags/example_bash_operator.py took 0.735 seconds
[2023-03-29T11:54:58.364+0000] {processor.py:153} INFO - Started process (PID=542) to work on /home/airflow/.local/lib/python3.7/site-packages/airflow/example_dags/example_bash_operator.py
[2023-03-29T11:54:58.364+0000] {processor.py:743} INFO - Processing file /home/airflow/.local/lib/python3.7/site-packages/airflow/example_dags/example_bash_operator.py for tasks to queue
[2023-03-29T11:54:58.365+0000] {logging_mixin.py:137} INFO - [2023-03-29T11:54:58.364+0000] {dagbag.py:532} INFO - Filling up the DagBag from /home/airflow/.local/lib/python3.7/site-packages/airflow/example_dags/example_bash_operator.py
[2023-03-29T11:54:58.377+0000] {processor.py:753} INFO - DAG(s) dict_keys(['example_bash_operator']) retrieved from /home/airflow/.local/lib/python3.7/site-packages/airflow/example_dags/example_bash_operator.py
[2023-03-29T11:54:58.663+0000] {logging_mixin.py:137} INFO - [2023-03-29T11:54:58.663+0000] {dag.py:2693} INFO - Sync 1 DAGs
[2023-03-29T11:54:58.773+0000] {logging_mixin.py:137} INFO - [2023-03-29T11:54:58.773+0000] {dag.py:3444} INFO - Setting next_dagrun for example_bash_operator to 2023-03-28T00:00:00+00:00, run_after=2023-03-29T00:00:00+00:00
[2023-03-29T11:54:59.035+0000] {processor.py:175} INFO - Processing /home/airflow/.local/lib/python3.7/site-packages/airflow/example_dags/example_bash_operator.py took 0.673 seconds
