[2023-03-29T11:50:14.508+0000] {processor.py:153} INFO - Started process (PID=85) to work on /home/airflow/.local/lib/python3.7/site-packages/airflow/example_dags/example_short_circuit_decorator.py
[2023-03-29T11:50:14.509+0000] {processor.py:743} INFO - Processing file /home/airflow/.local/lib/python3.7/site-packages/airflow/example_dags/example_short_circuit_decorator.py for tasks to queue
[2023-03-29T11:50:14.509+0000] {logging_mixin.py:137} INFO - [2023-03-29T11:50:14.509+0000] {dagbag.py:532} INFO - Filling up the DagBag from /home/airflow/.local/lib/python3.7/site-packages/airflow/example_dags/example_short_circuit_decorator.py
[2023-03-29T11:50:14.526+0000] {processor.py:753} INFO - DAG(s) dict_keys(['example_short_circuit_decorator']) retrieved from /home/airflow/.local/lib/python3.7/site-packages/airflow/example_dags/example_short_circuit_decorator.py
[2023-03-29T11:50:14.793+0000] {logging_mixin.py:137} INFO - [2023-03-29T11:50:14.793+0000] {dag.py:2693} INFO - Sync 1 DAGs
[2023-03-29T11:50:14.900+0000] {logging_mixin.py:137} INFO - [2023-03-29T11:50:14.900+0000] {dag.py:3444} INFO - Setting next_dagrun for example_short_circuit_decorator to 2023-03-28T11:50:14.900515+00:00, run_after=2023-03-29T11:50:14.900515+00:00
[2023-03-29T11:50:15.148+0000] {processor.py:175} INFO - Processing /home/airflow/.local/lib/python3.7/site-packages/airflow/example_dags/example_short_circuit_decorator.py took 0.642 seconds
[2023-03-29T11:50:46.092+0000] {processor.py:153} INFO - Started process (PID=134) to work on /home/airflow/.local/lib/python3.7/site-packages/airflow/example_dags/example_short_circuit_decorator.py
[2023-03-29T11:50:46.092+0000] {processor.py:743} INFO - Processing file /home/airflow/.local/lib/python3.7/site-packages/airflow/example_dags/example_short_circuit_decorator.py for tasks to queue
[2023-03-29T11:50:46.093+0000] {logging_mixin.py:137} INFO - [2023-03-29T11:50:46.093+0000] {dagbag.py:532} INFO - Filling up the DagBag from /home/airflow/.local/lib/python3.7/site-packages/airflow/example_dags/example_short_circuit_decorator.py
[2023-03-29T11:50:46.106+0000] {processor.py:753} INFO - DAG(s) dict_keys(['example_short_circuit_decorator']) retrieved from /home/airflow/.local/lib/python3.7/site-packages/airflow/example_dags/example_short_circuit_decorator.py
[2023-03-29T11:50:46.362+0000] {logging_mixin.py:137} INFO - [2023-03-29T11:50:46.362+0000] {dag.py:2693} INFO - Sync 1 DAGs
[2023-03-29T11:50:46.467+0000] {logging_mixin.py:137} INFO - [2023-03-29T11:50:46.467+0000] {dag.py:3444} INFO - Setting next_dagrun for example_short_circuit_decorator to 2023-03-28T11:50:46.466875+00:00, run_after=2023-03-29T11:50:46.466875+00:00
[2023-03-29T11:50:46.705+0000] {processor.py:175} INFO - Processing /home/airflow/.local/lib/python3.7/site-packages/airflow/example_dags/example_short_circuit_decorator.py took 0.615 seconds
[2023-03-29T11:51:16.979+0000] {processor.py:153} INFO - Started process (PID=183) to work on /home/airflow/.local/lib/python3.7/site-packages/airflow/example_dags/example_short_circuit_decorator.py
[2023-03-29T11:51:16.989+0000] {processor.py:743} INFO - Processing file /home/airflow/.local/lib/python3.7/site-packages/airflow/example_dags/example_short_circuit_decorator.py for tasks to queue
[2023-03-29T11:51:16.990+0000] {logging_mixin.py:137} INFO - [2023-03-29T11:51:16.990+0000] {dagbag.py:532} INFO - Filling up the DagBag from /home/airflow/.local/lib/python3.7/site-packages/airflow/example_dags/example_short_circuit_decorator.py
[2023-03-29T11:51:17.005+0000] {processor.py:753} INFO - DAG(s) dict_keys(['example_short_circuit_decorator']) retrieved from /home/airflow/.local/lib/python3.7/site-packages/airflow/example_dags/example_short_circuit_decorator.py
[2023-03-29T11:51:17.295+0000] {logging_mixin.py:137} INFO - [2023-03-29T11:51:17.294+0000] {dag.py:2693} INFO - Sync 1 DAGs
[2023-03-29T11:51:17.410+0000] {logging_mixin.py:137} INFO - [2023-03-29T11:51:17.409+0000] {dag.py:3444} INFO - Setting next_dagrun for example_short_circuit_decorator to 2023-03-28T11:51:17.409726+00:00, run_after=2023-03-29T11:51:17.409726+00:00
[2023-03-29T11:51:17.687+0000] {processor.py:175} INFO - Processing /home/airflow/.local/lib/python3.7/site-packages/airflow/example_dags/example_short_circuit_decorator.py took 0.709 seconds
[2023-03-29T11:51:47.749+0000] {processor.py:153} INFO - Started process (PID=232) to work on /home/airflow/.local/lib/python3.7/site-packages/airflow/example_dags/example_short_circuit_decorator.py
[2023-03-29T11:51:47.749+0000] {processor.py:743} INFO - Processing file /home/airflow/.local/lib/python3.7/site-packages/airflow/example_dags/example_short_circuit_decorator.py for tasks to queue
[2023-03-29T11:51:47.749+0000] {logging_mixin.py:137} INFO - [2023-03-29T11:51:47.749+0000] {dagbag.py:532} INFO - Filling up the DagBag from /home/airflow/.local/lib/python3.7/site-packages/airflow/example_dags/example_short_circuit_decorator.py
[2023-03-29T11:51:47.764+0000] {processor.py:753} INFO - DAG(s) dict_keys(['example_short_circuit_decorator']) retrieved from /home/airflow/.local/lib/python3.7/site-packages/airflow/example_dags/example_short_circuit_decorator.py
[2023-03-29T11:51:48.046+0000] {logging_mixin.py:137} INFO - [2023-03-29T11:51:48.046+0000] {dag.py:2693} INFO - Sync 1 DAGs
[2023-03-29T11:51:48.159+0000] {logging_mixin.py:137} INFO - [2023-03-29T11:51:48.159+0000] {dag.py:3444} INFO - Setting next_dagrun for example_short_circuit_decorator to 2023-03-28T11:51:48.159214+00:00, run_after=2023-03-29T11:51:48.159214+00:00
[2023-03-29T11:51:48.418+0000] {processor.py:175} INFO - Processing /home/airflow/.local/lib/python3.7/site-packages/airflow/example_dags/example_short_circuit_decorator.py took 0.672 seconds
[2023-03-29T11:52:18.838+0000] {processor.py:153} INFO - Started process (PID=281) to work on /home/airflow/.local/lib/python3.7/site-packages/airflow/example_dags/example_short_circuit_decorator.py
[2023-03-29T11:52:18.839+0000] {processor.py:743} INFO - Processing file /home/airflow/.local/lib/python3.7/site-packages/airflow/example_dags/example_short_circuit_decorator.py for tasks to queue
[2023-03-29T11:52:18.840+0000] {logging_mixin.py:137} INFO - [2023-03-29T11:52:18.840+0000] {dagbag.py:532} INFO - Filling up the DagBag from /home/airflow/.local/lib/python3.7/site-packages/airflow/example_dags/example_short_circuit_decorator.py
[2023-03-29T11:52:18.871+0000] {processor.py:753} INFO - DAG(s) dict_keys(['example_short_circuit_decorator']) retrieved from /home/airflow/.local/lib/python3.7/site-packages/airflow/example_dags/example_short_circuit_decorator.py
[2023-03-29T11:52:19.152+0000] {logging_mixin.py:137} INFO - [2023-03-29T11:52:19.152+0000] {dag.py:2693} INFO - Sync 1 DAGs
[2023-03-29T11:52:19.268+0000] {logging_mixin.py:137} INFO - [2023-03-29T11:52:19.268+0000] {dag.py:3444} INFO - Setting next_dagrun for example_short_circuit_decorator to 2023-03-28T11:52:19.268196+00:00, run_after=2023-03-29T11:52:19.268196+00:00
[2023-03-29T11:52:19.537+0000] {processor.py:175} INFO - Processing /home/airflow/.local/lib/python3.7/site-packages/airflow/example_dags/example_short_circuit_decorator.py took 0.702 seconds
[2023-03-29T11:52:49.921+0000] {processor.py:153} INFO - Started process (PID=330) to work on /home/airflow/.local/lib/python3.7/site-packages/airflow/example_dags/example_short_circuit_decorator.py
[2023-03-29T11:52:49.922+0000] {processor.py:743} INFO - Processing file /home/airflow/.local/lib/python3.7/site-packages/airflow/example_dags/example_short_circuit_decorator.py for tasks to queue
[2023-03-29T11:52:49.922+0000] {logging_mixin.py:137} INFO - [2023-03-29T11:52:49.922+0000] {dagbag.py:532} INFO - Filling up the DagBag from /home/airflow/.local/lib/python3.7/site-packages/airflow/example_dags/example_short_circuit_decorator.py
[2023-03-29T11:52:49.937+0000] {processor.py:753} INFO - DAG(s) dict_keys(['example_short_circuit_decorator']) retrieved from /home/airflow/.local/lib/python3.7/site-packages/airflow/example_dags/example_short_circuit_decorator.py
[2023-03-29T11:52:50.213+0000] {logging_mixin.py:137} INFO - [2023-03-29T11:52:50.213+0000] {dag.py:2693} INFO - Sync 1 DAGs
[2023-03-29T11:52:50.322+0000] {logging_mixin.py:137} INFO - [2023-03-29T11:52:50.322+0000] {dag.py:3444} INFO - Setting next_dagrun for example_short_circuit_decorator to 2023-03-28T11:52:50.321866+00:00, run_after=2023-03-29T11:52:50.321866+00:00
[2023-03-29T11:52:50.579+0000] {processor.py:175} INFO - Processing /home/airflow/.local/lib/python3.7/site-packages/airflow/example_dags/example_short_circuit_decorator.py took 0.660 seconds
[2023-03-29T11:53:21.095+0000] {processor.py:153} INFO - Started process (PID=379) to work on /home/airflow/.local/lib/python3.7/site-packages/airflow/example_dags/example_short_circuit_decorator.py
[2023-03-29T11:53:21.096+0000] {processor.py:743} INFO - Processing file /home/airflow/.local/lib/python3.7/site-packages/airflow/example_dags/example_short_circuit_decorator.py for tasks to queue
[2023-03-29T11:53:21.096+0000] {logging_mixin.py:137} INFO - [2023-03-29T11:53:21.096+0000] {dagbag.py:532} INFO - Filling up the DagBag from /home/airflow/.local/lib/python3.7/site-packages/airflow/example_dags/example_short_circuit_decorator.py
[2023-03-29T11:53:21.111+0000] {processor.py:753} INFO - DAG(s) dict_keys(['example_short_circuit_decorator']) retrieved from /home/airflow/.local/lib/python3.7/site-packages/airflow/example_dags/example_short_circuit_decorator.py
[2023-03-29T11:53:21.382+0000] {logging_mixin.py:137} INFO - [2023-03-29T11:53:21.382+0000] {dag.py:2693} INFO - Sync 1 DAGs
[2023-03-29T11:53:21.490+0000] {logging_mixin.py:137} INFO - [2023-03-29T11:53:21.490+0000] {dag.py:3444} INFO - Setting next_dagrun for example_short_circuit_decorator to 2023-03-28T11:53:21.490571+00:00, run_after=2023-03-29T11:53:21.490571+00:00
[2023-03-29T11:53:21.760+0000] {processor.py:175} INFO - Processing /home/airflow/.local/lib/python3.7/site-packages/airflow/example_dags/example_short_circuit_decorator.py took 0.667 seconds
[2023-03-29T11:53:52.612+0000] {processor.py:153} INFO - Started process (PID=428) to work on /home/airflow/.local/lib/python3.7/site-packages/airflow/example_dags/example_short_circuit_decorator.py
[2023-03-29T11:53:52.613+0000] {processor.py:743} INFO - Processing file /home/airflow/.local/lib/python3.7/site-packages/airflow/example_dags/example_short_circuit_decorator.py for tasks to queue
[2023-03-29T11:53:52.613+0000] {logging_mixin.py:137} INFO - [2023-03-29T11:53:52.613+0000] {dagbag.py:532} INFO - Filling up the DagBag from /home/airflow/.local/lib/python3.7/site-packages/airflow/example_dags/example_short_circuit_decorator.py
[2023-03-29T11:53:52.628+0000] {processor.py:753} INFO - DAG(s) dict_keys(['example_short_circuit_decorator']) retrieved from /home/airflow/.local/lib/python3.7/site-packages/airflow/example_dags/example_short_circuit_decorator.py
[2023-03-29T11:53:52.910+0000] {logging_mixin.py:137} INFO - [2023-03-29T11:53:52.909+0000] {dag.py:2693} INFO - Sync 1 DAGs
[2023-03-29T11:53:53.021+0000] {logging_mixin.py:137} INFO - [2023-03-29T11:53:53.021+0000] {dag.py:3444} INFO - Setting next_dagrun for example_short_circuit_decorator to 2023-03-28T11:53:53.021083+00:00, run_after=2023-03-29T11:53:53.021083+00:00
[2023-03-29T11:53:53.294+0000] {processor.py:175} INFO - Processing /home/airflow/.local/lib/python3.7/site-packages/airflow/example_dags/example_short_circuit_decorator.py took 0.683 seconds
[2023-03-29T11:54:23.848+0000] {processor.py:153} INFO - Started process (PID=477) to work on /home/airflow/.local/lib/python3.7/site-packages/airflow/example_dags/example_short_circuit_decorator.py
[2023-03-29T11:54:23.857+0000] {processor.py:743} INFO - Processing file /home/airflow/.local/lib/python3.7/site-packages/airflow/example_dags/example_short_circuit_decorator.py for tasks to queue
[2023-03-29T11:54:23.858+0000] {logging_mixin.py:137} INFO - [2023-03-29T11:54:23.858+0000] {dagbag.py:532} INFO - Filling up the DagBag from /home/airflow/.local/lib/python3.7/site-packages/airflow/example_dags/example_short_circuit_decorator.py
[2023-03-29T11:54:23.873+0000] {processor.py:753} INFO - DAG(s) dict_keys(['example_short_circuit_decorator']) retrieved from /home/airflow/.local/lib/python3.7/site-packages/airflow/example_dags/example_short_circuit_decorator.py
[2023-03-29T11:54:24.129+0000] {logging_mixin.py:137} INFO - [2023-03-29T11:54:24.128+0000] {dag.py:2693} INFO - Sync 1 DAGs
[2023-03-29T11:54:24.230+0000] {logging_mixin.py:137} INFO - [2023-03-29T11:54:24.230+0000] {dag.py:3444} INFO - Setting next_dagrun for example_short_circuit_decorator to 2023-03-28T11:54:24.230496+00:00, run_after=2023-03-29T11:54:24.230496+00:00
[2023-03-29T11:54:24.467+0000] {processor.py:175} INFO - Processing /home/airflow/.local/lib/python3.7/site-packages/airflow/example_dags/example_short_circuit_decorator.py took 0.621 seconds
[2023-03-29T11:54:55.048+0000] {processor.py:153} INFO - Started process (PID=533) to work on /home/airflow/.local/lib/python3.7/site-packages/airflow/example_dags/example_short_circuit_decorator.py
[2023-03-29T11:54:55.049+0000] {processor.py:743} INFO - Processing file /home/airflow/.local/lib/python3.7/site-packages/airflow/example_dags/example_short_circuit_decorator.py for tasks to queue
[2023-03-29T11:54:55.050+0000] {logging_mixin.py:137} INFO - [2023-03-29T11:54:55.050+0000] {dagbag.py:532} INFO - Filling up the DagBag from /home/airflow/.local/lib/python3.7/site-packages/airflow/example_dags/example_short_circuit_decorator.py
[2023-03-29T11:54:55.066+0000] {processor.py:753} INFO - DAG(s) dict_keys(['example_short_circuit_decorator']) retrieved from /home/airflow/.local/lib/python3.7/site-packages/airflow/example_dags/example_short_circuit_decorator.py
[2023-03-29T11:54:55.360+0000] {logging_mixin.py:137} INFO - [2023-03-29T11:54:55.360+0000] {dag.py:2693} INFO - Sync 1 DAGs
[2023-03-29T11:54:55.479+0000] {logging_mixin.py:137} INFO - [2023-03-29T11:54:55.478+0000] {dag.py:3444} INFO - Setting next_dagrun for example_short_circuit_decorator to 2023-03-28T11:54:55.478739+00:00, run_after=2023-03-29T11:54:55.478739+00:00
[2023-03-29T11:54:55.726+0000] {processor.py:175} INFO - Processing /home/airflow/.local/lib/python3.7/site-packages/airflow/example_dags/example_short_circuit_decorator.py took 0.680 seconds
