[2023-03-29T11:50:06.882+0000] {processor.py:153} INFO - Started process (PID=70) to work on /home/airflow/.local/lib/python3.7/site-packages/airflow/example_dags/example_short_circuit_operator.py
[2023-03-29T11:50:06.882+0000] {processor.py:743} INFO - Processing file /home/airflow/.local/lib/python3.7/site-packages/airflow/example_dags/example_short_circuit_operator.py for tasks to queue
[2023-03-29T11:50:06.882+0000] {logging_mixin.py:137} INFO - [2023-03-29T11:50:06.882+0000] {dagbag.py:532} INFO - Filling up the DagBag from /home/airflow/.local/lib/python3.7/site-packages/airflow/example_dags/example_short_circuit_operator.py
[2023-03-29T11:50:06.894+0000] {processor.py:753} INFO - DAG(s) dict_keys(['example_short_circuit_operator']) retrieved from /home/airflow/.local/lib/python3.7/site-packages/airflow/example_dags/example_short_circuit_operator.py
[2023-03-29T11:50:07.196+0000] {logging_mixin.py:137} INFO - [2023-03-29T11:50:07.196+0000] {dag.py:2693} INFO - Sync 1 DAGs
[2023-03-29T11:50:07.312+0000] {logging_mixin.py:137} INFO - [2023-03-29T11:50:07.311+0000] {dag.py:3444} INFO - Setting next_dagrun for example_short_circuit_operator to 2023-03-28T11:50:07.311767+00:00, run_after=2023-03-29T11:50:07.311767+00:00
[2023-03-29T11:50:07.573+0000] {processor.py:175} INFO - Processing /home/airflow/.local/lib/python3.7/site-packages/airflow/example_dags/example_short_circuit_operator.py took 0.693 seconds
[2023-03-29T11:50:37.680+0000] {processor.py:153} INFO - Started process (PID=119) to work on /home/airflow/.local/lib/python3.7/site-packages/airflow/example_dags/example_short_circuit_operator.py
[2023-03-29T11:50:37.682+0000] {processor.py:743} INFO - Processing file /home/airflow/.local/lib/python3.7/site-packages/airflow/example_dags/example_short_circuit_operator.py for tasks to queue
[2023-03-29T11:50:37.682+0000] {logging_mixin.py:137} INFO - [2023-03-29T11:50:37.682+0000] {dagbag.py:532} INFO - Filling up the DagBag from /home/airflow/.local/lib/python3.7/site-packages/airflow/example_dags/example_short_circuit_operator.py
[2023-03-29T11:50:37.691+0000] {processor.py:753} INFO - DAG(s) dict_keys(['example_short_circuit_operator']) retrieved from /home/airflow/.local/lib/python3.7/site-packages/airflow/example_dags/example_short_circuit_operator.py
[2023-03-29T11:50:37.939+0000] {logging_mixin.py:137} INFO - [2023-03-29T11:50:37.939+0000] {dag.py:2693} INFO - Sync 1 DAGs
[2023-03-29T11:50:38.042+0000] {logging_mixin.py:137} INFO - [2023-03-29T11:50:38.042+0000] {dag.py:3444} INFO - Setting next_dagrun for example_short_circuit_operator to 2023-03-28T11:50:38.042664+00:00, run_after=2023-03-29T11:50:38.042664+00:00
[2023-03-29T11:50:38.306+0000] {processor.py:175} INFO - Processing /home/airflow/.local/lib/python3.7/site-packages/airflow/example_dags/example_short_circuit_operator.py took 0.628 seconds
[2023-03-29T11:51:08.581+0000] {processor.py:153} INFO - Started process (PID=168) to work on /home/airflow/.local/lib/python3.7/site-packages/airflow/example_dags/example_short_circuit_operator.py
[2023-03-29T11:51:08.591+0000] {processor.py:743} INFO - Processing file /home/airflow/.local/lib/python3.7/site-packages/airflow/example_dags/example_short_circuit_operator.py for tasks to queue
[2023-03-29T11:51:08.592+0000] {logging_mixin.py:137} INFO - [2023-03-29T11:51:08.591+0000] {dagbag.py:532} INFO - Filling up the DagBag from /home/airflow/.local/lib/python3.7/site-packages/airflow/example_dags/example_short_circuit_operator.py
[2023-03-29T11:51:08.600+0000] {processor.py:753} INFO - DAG(s) dict_keys(['example_short_circuit_operator']) retrieved from /home/airflow/.local/lib/python3.7/site-packages/airflow/example_dags/example_short_circuit_operator.py
[2023-03-29T11:51:08.860+0000] {logging_mixin.py:137} INFO - [2023-03-29T11:51:08.860+0000] {dag.py:2693} INFO - Sync 1 DAGs
[2023-03-29T11:51:08.974+0000] {logging_mixin.py:137} INFO - [2023-03-29T11:51:08.974+0000] {dag.py:3444} INFO - Setting next_dagrun for example_short_circuit_operator to 2023-03-28T11:51:08.973916+00:00, run_after=2023-03-29T11:51:08.973916+00:00
[2023-03-29T11:51:09.244+0000] {processor.py:175} INFO - Processing /home/airflow/.local/lib/python3.7/site-packages/airflow/example_dags/example_short_circuit_operator.py took 0.665 seconds
[2023-03-29T11:51:39.557+0000] {processor.py:153} INFO - Started process (PID=217) to work on /home/airflow/.local/lib/python3.7/site-packages/airflow/example_dags/example_short_circuit_operator.py
[2023-03-29T11:51:39.558+0000] {processor.py:743} INFO - Processing file /home/airflow/.local/lib/python3.7/site-packages/airflow/example_dags/example_short_circuit_operator.py for tasks to queue
[2023-03-29T11:51:39.558+0000] {logging_mixin.py:137} INFO - [2023-03-29T11:51:39.558+0000] {dagbag.py:532} INFO - Filling up the DagBag from /home/airflow/.local/lib/python3.7/site-packages/airflow/example_dags/example_short_circuit_operator.py
[2023-03-29T11:51:39.567+0000] {processor.py:753} INFO - DAG(s) dict_keys(['example_short_circuit_operator']) retrieved from /home/airflow/.local/lib/python3.7/site-packages/airflow/example_dags/example_short_circuit_operator.py
[2023-03-29T11:51:39.833+0000] {logging_mixin.py:137} INFO - [2023-03-29T11:51:39.833+0000] {dag.py:2693} INFO - Sync 1 DAGs
[2023-03-29T11:51:39.942+0000] {logging_mixin.py:137} INFO - [2023-03-29T11:51:39.942+0000] {dag.py:3444} INFO - Setting next_dagrun for example_short_circuit_operator to 2023-03-28T11:51:39.942047+00:00, run_after=2023-03-29T11:51:39.942047+00:00
[2023-03-29T11:51:40.195+0000] {processor.py:175} INFO - Processing /home/airflow/.local/lib/python3.7/site-packages/airflow/example_dags/example_short_circuit_operator.py took 0.639 seconds
[2023-03-29T11:52:10.942+0000] {processor.py:153} INFO - Started process (PID=266) to work on /home/airflow/.local/lib/python3.7/site-packages/airflow/example_dags/example_short_circuit_operator.py
[2023-03-29T11:52:10.952+0000] {processor.py:743} INFO - Processing file /home/airflow/.local/lib/python3.7/site-packages/airflow/example_dags/example_short_circuit_operator.py for tasks to queue
[2023-03-29T11:52:10.953+0000] {logging_mixin.py:137} INFO - [2023-03-29T11:52:10.953+0000] {dagbag.py:532} INFO - Filling up the DagBag from /home/airflow/.local/lib/python3.7/site-packages/airflow/example_dags/example_short_circuit_operator.py
[2023-03-29T11:52:10.963+0000] {processor.py:753} INFO - DAG(s) dict_keys(['example_short_circuit_operator']) retrieved from /home/airflow/.local/lib/python3.7/site-packages/airflow/example_dags/example_short_circuit_operator.py
[2023-03-29T11:52:11.250+0000] {logging_mixin.py:137} INFO - [2023-03-29T11:52:11.249+0000] {dag.py:2693} INFO - Sync 1 DAGs
[2023-03-29T11:52:11.363+0000] {logging_mixin.py:137} INFO - [2023-03-29T11:52:11.363+0000] {dag.py:3444} INFO - Setting next_dagrun for example_short_circuit_operator to 2023-03-28T11:52:11.363423+00:00, run_after=2023-03-29T11:52:11.363423+00:00
[2023-03-29T11:52:11.666+0000] {processor.py:175} INFO - Processing /home/airflow/.local/lib/python3.7/site-packages/airflow/example_dags/example_short_circuit_operator.py took 0.726 seconds
[2023-03-29T11:52:42.384+0000] {processor.py:153} INFO - Started process (PID=315) to work on /home/airflow/.local/lib/python3.7/site-packages/airflow/example_dags/example_short_circuit_operator.py
[2023-03-29T11:52:42.384+0000] {processor.py:743} INFO - Processing file /home/airflow/.local/lib/python3.7/site-packages/airflow/example_dags/example_short_circuit_operator.py for tasks to queue
[2023-03-29T11:52:42.384+0000] {logging_mixin.py:137} INFO - [2023-03-29T11:52:42.384+0000] {dagbag.py:532} INFO - Filling up the DagBag from /home/airflow/.local/lib/python3.7/site-packages/airflow/example_dags/example_short_circuit_operator.py
[2023-03-29T11:52:42.394+0000] {processor.py:753} INFO - DAG(s) dict_keys(['example_short_circuit_operator']) retrieved from /home/airflow/.local/lib/python3.7/site-packages/airflow/example_dags/example_short_circuit_operator.py
[2023-03-29T11:52:42.660+0000] {logging_mixin.py:137} INFO - [2023-03-29T11:52:42.659+0000] {dag.py:2693} INFO - Sync 1 DAGs
[2023-03-29T11:52:42.774+0000] {logging_mixin.py:137} INFO - [2023-03-29T11:52:42.773+0000] {dag.py:3444} INFO - Setting next_dagrun for example_short_circuit_operator to 2023-03-28T11:52:42.773727+00:00, run_after=2023-03-29T11:52:42.773727+00:00
[2023-03-29T11:52:43.049+0000] {processor.py:175} INFO - Processing /home/airflow/.local/lib/python3.7/site-packages/airflow/example_dags/example_short_circuit_operator.py took 0.667 seconds
[2023-03-29T11:53:13.640+0000] {processor.py:153} INFO - Started process (PID=364) to work on /home/airflow/.local/lib/python3.7/site-packages/airflow/example_dags/example_short_circuit_operator.py
[2023-03-29T11:53:13.651+0000] {processor.py:743} INFO - Processing file /home/airflow/.local/lib/python3.7/site-packages/airflow/example_dags/example_short_circuit_operator.py for tasks to queue
[2023-03-29T11:53:13.651+0000] {logging_mixin.py:137} INFO - [2023-03-29T11:53:13.651+0000] {dagbag.py:532} INFO - Filling up the DagBag from /home/airflow/.local/lib/python3.7/site-packages/airflow/example_dags/example_short_circuit_operator.py
[2023-03-29T11:53:13.661+0000] {processor.py:753} INFO - DAG(s) dict_keys(['example_short_circuit_operator']) retrieved from /home/airflow/.local/lib/python3.7/site-packages/airflow/example_dags/example_short_circuit_operator.py
[2023-03-29T11:53:13.979+0000] {logging_mixin.py:137} INFO - [2023-03-29T11:53:13.979+0000] {dag.py:2693} INFO - Sync 1 DAGs
[2023-03-29T11:53:14.101+0000] {logging_mixin.py:137} INFO - [2023-03-29T11:53:14.100+0000] {dag.py:3444} INFO - Setting next_dagrun for example_short_circuit_operator to 2023-03-28T11:53:14.100678+00:00, run_after=2023-03-29T11:53:14.100678+00:00
[2023-03-29T11:53:14.407+0000] {processor.py:175} INFO - Processing /home/airflow/.local/lib/python3.7/site-packages/airflow/example_dags/example_short_circuit_operator.py took 0.769 seconds
[2023-03-29T11:53:44.835+0000] {processor.py:153} INFO - Started process (PID=413) to work on /home/airflow/.local/lib/python3.7/site-packages/airflow/example_dags/example_short_circuit_operator.py
[2023-03-29T11:53:44.836+0000] {processor.py:743} INFO - Processing file /home/airflow/.local/lib/python3.7/site-packages/airflow/example_dags/example_short_circuit_operator.py for tasks to queue
[2023-03-29T11:53:44.836+0000] {logging_mixin.py:137} INFO - [2023-03-29T11:53:44.836+0000] {dagbag.py:532} INFO - Filling up the DagBag from /home/airflow/.local/lib/python3.7/site-packages/airflow/example_dags/example_short_circuit_operator.py
[2023-03-29T11:53:44.847+0000] {processor.py:753} INFO - DAG(s) dict_keys(['example_short_circuit_operator']) retrieved from /home/airflow/.local/lib/python3.7/site-packages/airflow/example_dags/example_short_circuit_operator.py
[2023-03-29T11:53:45.160+0000] {logging_mixin.py:137} INFO - [2023-03-29T11:53:45.160+0000] {dag.py:2693} INFO - Sync 1 DAGs
[2023-03-29T11:53:45.466+0000] {logging_mixin.py:137} INFO - [2023-03-29T11:53:45.466+0000] {dag.py:3444} INFO - Setting next_dagrun for example_short_circuit_operator to 2023-03-28T11:53:45.466354+00:00, run_after=2023-03-29T11:53:45.466354+00:00
[2023-03-29T11:53:45.847+0000] {processor.py:175} INFO - Processing /home/airflow/.local/lib/python3.7/site-packages/airflow/example_dags/example_short_circuit_operator.py took 1.014 seconds
[2023-03-29T11:54:16.288+0000] {processor.py:153} INFO - Started process (PID=462) to work on /home/airflow/.local/lib/python3.7/site-packages/airflow/example_dags/example_short_circuit_operator.py
[2023-03-29T11:54:16.289+0000] {processor.py:743} INFO - Processing file /home/airflow/.local/lib/python3.7/site-packages/airflow/example_dags/example_short_circuit_operator.py for tasks to queue
[2023-03-29T11:54:16.289+0000] {logging_mixin.py:137} INFO - [2023-03-29T11:54:16.289+0000] {dagbag.py:532} INFO - Filling up the DagBag from /home/airflow/.local/lib/python3.7/site-packages/airflow/example_dags/example_short_circuit_operator.py
[2023-03-29T11:54:16.299+0000] {processor.py:753} INFO - DAG(s) dict_keys(['example_short_circuit_operator']) retrieved from /home/airflow/.local/lib/python3.7/site-packages/airflow/example_dags/example_short_circuit_operator.py
[2023-03-29T11:54:16.566+0000] {logging_mixin.py:137} INFO - [2023-03-29T11:54:16.566+0000] {dag.py:2693} INFO - Sync 1 DAGs
[2023-03-29T11:54:16.677+0000] {logging_mixin.py:137} INFO - [2023-03-29T11:54:16.677+0000] {dag.py:3444} INFO - Setting next_dagrun for example_short_circuit_operator to 2023-03-28T11:54:16.677383+00:00, run_after=2023-03-29T11:54:16.677383+00:00
[2023-03-29T11:54:16.927+0000] {processor.py:175} INFO - Processing /home/airflow/.local/lib/python3.7/site-packages/airflow/example_dags/example_short_circuit_operator.py took 0.641 seconds
[2023-03-29T11:54:47.098+0000] {processor.py:153} INFO - Started process (PID=511) to work on /home/airflow/.local/lib/python3.7/site-packages/airflow/example_dags/example_short_circuit_operator.py
[2023-03-29T11:54:47.099+0000] {processor.py:743} INFO - Processing file /home/airflow/.local/lib/python3.7/site-packages/airflow/example_dags/example_short_circuit_operator.py for tasks to queue
[2023-03-29T11:54:47.100+0000] {logging_mixin.py:137} INFO - [2023-03-29T11:54:47.100+0000] {dagbag.py:532} INFO - Filling up the DagBag from /home/airflow/.local/lib/python3.7/site-packages/airflow/example_dags/example_short_circuit_operator.py
[2023-03-29T11:54:47.111+0000] {processor.py:753} INFO - DAG(s) dict_keys(['example_short_circuit_operator']) retrieved from /home/airflow/.local/lib/python3.7/site-packages/airflow/example_dags/example_short_circuit_operator.py
[2023-03-29T11:54:47.389+0000] {logging_mixin.py:137} INFO - [2023-03-29T11:54:47.389+0000] {dag.py:2693} INFO - Sync 1 DAGs
[2023-03-29T11:54:47.501+0000] {logging_mixin.py:137} INFO - [2023-03-29T11:54:47.500+0000] {dag.py:3444} INFO - Setting next_dagrun for example_short_circuit_operator to 2023-03-28T11:54:47.500732+00:00, run_after=2023-03-29T11:54:47.500732+00:00
[2023-03-29T11:54:47.746+0000] {processor.py:175} INFO - Processing /home/airflow/.local/lib/python3.7/site-packages/airflow/example_dags/example_short_circuit_operator.py took 0.649 seconds
[2023-03-29T11:55:18.806+0000] {processor.py:153} INFO - Started process (PID=560) to work on /home/airflow/.local/lib/python3.7/site-packages/airflow/example_dags/example_short_circuit_operator.py
[2023-03-29T11:55:18.806+0000] {processor.py:743} INFO - Processing file /home/airflow/.local/lib/python3.7/site-packages/airflow/example_dags/example_short_circuit_operator.py for tasks to queue
[2023-03-29T11:55:18.807+0000] {logging_mixin.py:137} INFO - [2023-03-29T11:55:18.807+0000] {dagbag.py:532} INFO - Filling up the DagBag from /home/airflow/.local/lib/python3.7/site-packages/airflow/example_dags/example_short_circuit_operator.py
[2023-03-29T11:55:18.816+0000] {processor.py:753} INFO - DAG(s) dict_keys(['example_short_circuit_operator']) retrieved from /home/airflow/.local/lib/python3.7/site-packages/airflow/example_dags/example_short_circuit_operator.py
[2023-03-29T11:55:19.073+0000] {logging_mixin.py:137} INFO - [2023-03-29T11:55:19.073+0000] {dag.py:2693} INFO - Sync 1 DAGs
[2023-03-29T11:55:19.175+0000] {logging_mixin.py:137} INFO - [2023-03-29T11:55:19.175+0000] {dag.py:3444} INFO - Setting next_dagrun for example_short_circuit_operator to 2023-03-28T11:55:19.174876+00:00, run_after=2023-03-29T11:55:19.174876+00:00
[2023-03-29T11:55:19.406+0000] {processor.py:175} INFO - Processing /home/airflow/.local/lib/python3.7/site-packages/airflow/example_dags/example_short_circuit_operator.py took 0.602 seconds
