[2023-03-29T11:50:19.207+0000] {processor.py:153} INFO - Started process (PID=98) to work on /home/airflow/.local/lib/python3.7/site-packages/airflow/example_dags/example_local_kubernetes_executor.py
[2023-03-29T11:50:19.208+0000] {processor.py:743} INFO - Processing file /home/airflow/.local/lib/python3.7/site-packages/airflow/example_dags/example_local_kubernetes_executor.py for tasks to queue
[2023-03-29T11:50:19.208+0000] {logging_mixin.py:137} INFO - [2023-03-29T11:50:19.208+0000] {dagbag.py:532} INFO - Filling up the DagBag from /home/airflow/.local/lib/python3.7/site-packages/airflow/example_dags/example_local_kubernetes_executor.py
[2023-03-29T11:50:19.221+0000] {processor.py:753} INFO - DAG(s) dict_keys(['example_local_kubernetes_executor']) retrieved from /home/airflow/.local/lib/python3.7/site-packages/airflow/example_dags/example_local_kubernetes_executor.py
[2023-03-29T11:50:19.464+0000] {logging_mixin.py:137} INFO - [2023-03-29T11:50:19.464+0000] {dag.py:2693} INFO - Sync 1 DAGs
[2023-03-29T11:50:19.567+0000] {logging_mixin.py:137} INFO - [2023-03-29T11:50:19.567+0000] {dag.py:3444} INFO - Setting next_dagrun for example_local_kubernetes_executor to None, run_after=None
[2023-03-29T11:50:19.813+0000] {processor.py:175} INFO - Processing /home/airflow/.local/lib/python3.7/site-packages/airflow/example_dags/example_local_kubernetes_executor.py took 0.607 seconds
[2023-03-29T11:50:50.864+0000] {processor.py:153} INFO - Started process (PID=147) to work on /home/airflow/.local/lib/python3.7/site-packages/airflow/example_dags/example_local_kubernetes_executor.py
[2023-03-29T11:50:50.865+0000] {processor.py:743} INFO - Processing file /home/airflow/.local/lib/python3.7/site-packages/airflow/example_dags/example_local_kubernetes_executor.py for tasks to queue
[2023-03-29T11:50:50.865+0000] {logging_mixin.py:137} INFO - [2023-03-29T11:50:50.865+0000] {dagbag.py:532} INFO - Filling up the DagBag from /home/airflow/.local/lib/python3.7/site-packages/airflow/example_dags/example_local_kubernetes_executor.py
[2023-03-29T11:50:50.879+0000] {processor.py:753} INFO - DAG(s) dict_keys(['example_local_kubernetes_executor']) retrieved from /home/airflow/.local/lib/python3.7/site-packages/airflow/example_dags/example_local_kubernetes_executor.py
[2023-03-29T11:50:51.215+0000] {logging_mixin.py:137} INFO - [2023-03-29T11:50:51.215+0000] {dag.py:2693} INFO - Sync 1 DAGs
[2023-03-29T11:50:51.342+0000] {logging_mixin.py:137} INFO - [2023-03-29T11:50:51.342+0000] {dag.py:3444} INFO - Setting next_dagrun for example_local_kubernetes_executor to None, run_after=None
[2023-03-29T11:50:51.614+0000] {processor.py:175} INFO - Processing /home/airflow/.local/lib/python3.7/site-packages/airflow/example_dags/example_local_kubernetes_executor.py took 0.752 seconds
[2023-03-29T11:51:22.108+0000] {processor.py:153} INFO - Started process (PID=196) to work on /home/airflow/.local/lib/python3.7/site-packages/airflow/example_dags/example_local_kubernetes_executor.py
[2023-03-29T11:51:22.118+0000] {processor.py:743} INFO - Processing file /home/airflow/.local/lib/python3.7/site-packages/airflow/example_dags/example_local_kubernetes_executor.py for tasks to queue
[2023-03-29T11:51:22.118+0000] {logging_mixin.py:137} INFO - [2023-03-29T11:51:22.118+0000] {dagbag.py:532} INFO - Filling up the DagBag from /home/airflow/.local/lib/python3.7/site-packages/airflow/example_dags/example_local_kubernetes_executor.py
[2023-03-29T11:51:22.132+0000] {processor.py:753} INFO - DAG(s) dict_keys(['example_local_kubernetes_executor']) retrieved from /home/airflow/.local/lib/python3.7/site-packages/airflow/example_dags/example_local_kubernetes_executor.py
[2023-03-29T11:51:22.399+0000] {logging_mixin.py:137} INFO - [2023-03-29T11:51:22.399+0000] {dag.py:2693} INFO - Sync 1 DAGs
[2023-03-29T11:51:22.502+0000] {logging_mixin.py:137} INFO - [2023-03-29T11:51:22.502+0000] {dag.py:3444} INFO - Setting next_dagrun for example_local_kubernetes_executor to None, run_after=None
[2023-03-29T11:51:22.737+0000] {processor.py:175} INFO - Processing /home/airflow/.local/lib/python3.7/site-packages/airflow/example_dags/example_local_kubernetes_executor.py took 0.631 seconds
[2023-03-29T11:51:53.231+0000] {processor.py:153} INFO - Started process (PID=245) to work on /home/airflow/.local/lib/python3.7/site-packages/airflow/example_dags/example_local_kubernetes_executor.py
[2023-03-29T11:51:53.232+0000] {processor.py:743} INFO - Processing file /home/airflow/.local/lib/python3.7/site-packages/airflow/example_dags/example_local_kubernetes_executor.py for tasks to queue
[2023-03-29T11:51:53.232+0000] {logging_mixin.py:137} INFO - [2023-03-29T11:51:53.232+0000] {dagbag.py:532} INFO - Filling up the DagBag from /home/airflow/.local/lib/python3.7/site-packages/airflow/example_dags/example_local_kubernetes_executor.py
[2023-03-29T11:51:53.246+0000] {processor.py:753} INFO - DAG(s) dict_keys(['example_local_kubernetes_executor']) retrieved from /home/airflow/.local/lib/python3.7/site-packages/airflow/example_dags/example_local_kubernetes_executor.py
[2023-03-29T11:51:53.532+0000] {logging_mixin.py:137} INFO - [2023-03-29T11:51:53.531+0000] {dag.py:2693} INFO - Sync 1 DAGs
[2023-03-29T11:51:53.642+0000] {logging_mixin.py:137} INFO - [2023-03-29T11:51:53.641+0000] {dag.py:3444} INFO - Setting next_dagrun for example_local_kubernetes_executor to None, run_after=None
[2023-03-29T11:51:53.894+0000] {processor.py:175} INFO - Processing /home/airflow/.local/lib/python3.7/site-packages/airflow/example_dags/example_local_kubernetes_executor.py took 0.665 seconds
[2023-03-29T11:52:24.294+0000] {processor.py:153} INFO - Started process (PID=301) to work on /home/airflow/.local/lib/python3.7/site-packages/airflow/example_dags/example_local_kubernetes_executor.py
[2023-03-29T11:52:24.294+0000] {processor.py:743} INFO - Processing file /home/airflow/.local/lib/python3.7/site-packages/airflow/example_dags/example_local_kubernetes_executor.py for tasks to queue
[2023-03-29T11:52:24.295+0000] {logging_mixin.py:137} INFO - [2023-03-29T11:52:24.295+0000] {dagbag.py:532} INFO - Filling up the DagBag from /home/airflow/.local/lib/python3.7/site-packages/airflow/example_dags/example_local_kubernetes_executor.py
[2023-03-29T11:52:24.309+0000] {processor.py:753} INFO - DAG(s) dict_keys(['example_local_kubernetes_executor']) retrieved from /home/airflow/.local/lib/python3.7/site-packages/airflow/example_dags/example_local_kubernetes_executor.py
[2023-03-29T11:52:24.567+0000] {logging_mixin.py:137} INFO - [2023-03-29T11:52:24.567+0000] {dag.py:2693} INFO - Sync 1 DAGs
[2023-03-29T11:52:24.676+0000] {logging_mixin.py:137} INFO - [2023-03-29T11:52:24.676+0000] {dag.py:3444} INFO - Setting next_dagrun for example_local_kubernetes_executor to None, run_after=None
[2023-03-29T11:52:24.939+0000] {processor.py:175} INFO - Processing /home/airflow/.local/lib/python3.7/site-packages/airflow/example_dags/example_local_kubernetes_executor.py took 0.648 seconds
[2023-03-29T11:52:55.287+0000] {processor.py:153} INFO - Started process (PID=351) to work on /home/airflow/.local/lib/python3.7/site-packages/airflow/example_dags/example_local_kubernetes_executor.py
[2023-03-29T11:52:55.288+0000] {processor.py:743} INFO - Processing file /home/airflow/.local/lib/python3.7/site-packages/airflow/example_dags/example_local_kubernetes_executor.py for tasks to queue
[2023-03-29T11:52:55.288+0000] {logging_mixin.py:137} INFO - [2023-03-29T11:52:55.288+0000] {dagbag.py:532} INFO - Filling up the DagBag from /home/airflow/.local/lib/python3.7/site-packages/airflow/example_dags/example_local_kubernetes_executor.py
[2023-03-29T11:52:55.302+0000] {processor.py:753} INFO - DAG(s) dict_keys(['example_local_kubernetes_executor']) retrieved from /home/airflow/.local/lib/python3.7/site-packages/airflow/example_dags/example_local_kubernetes_executor.py
[2023-03-29T11:52:55.576+0000] {logging_mixin.py:137} INFO - [2023-03-29T11:52:55.576+0000] {dag.py:2693} INFO - Sync 1 DAGs
[2023-03-29T11:52:55.691+0000] {logging_mixin.py:137} INFO - [2023-03-29T11:52:55.690+0000] {dag.py:3444} INFO - Setting next_dagrun for example_local_kubernetes_executor to None, run_after=None
[2023-03-29T11:52:55.961+0000] {processor.py:175} INFO - Processing /home/airflow/.local/lib/python3.7/site-packages/airflow/example_dags/example_local_kubernetes_executor.py took 0.676 seconds
[2023-03-29T11:53:26.135+0000] {processor.py:153} INFO - Started process (PID=400) to work on /home/airflow/.local/lib/python3.7/site-packages/airflow/example_dags/example_local_kubernetes_executor.py
[2023-03-29T11:53:26.136+0000] {processor.py:743} INFO - Processing file /home/airflow/.local/lib/python3.7/site-packages/airflow/example_dags/example_local_kubernetes_executor.py for tasks to queue
[2023-03-29T11:53:26.137+0000] {logging_mixin.py:137} INFO - [2023-03-29T11:53:26.136+0000] {dagbag.py:532} INFO - Filling up the DagBag from /home/airflow/.local/lib/python3.7/site-packages/airflow/example_dags/example_local_kubernetes_executor.py
[2023-03-29T11:53:26.150+0000] {processor.py:753} INFO - DAG(s) dict_keys(['example_local_kubernetes_executor']) retrieved from /home/airflow/.local/lib/python3.7/site-packages/airflow/example_dags/example_local_kubernetes_executor.py
[2023-03-29T11:53:26.428+0000] {logging_mixin.py:137} INFO - [2023-03-29T11:53:26.428+0000] {dag.py:2693} INFO - Sync 1 DAGs
[2023-03-29T11:53:26.540+0000] {logging_mixin.py:137} INFO - [2023-03-29T11:53:26.540+0000] {dag.py:3444} INFO - Setting next_dagrun for example_local_kubernetes_executor to None, run_after=None
[2023-03-29T11:53:26.793+0000] {processor.py:175} INFO - Processing /home/airflow/.local/lib/python3.7/site-packages/airflow/example_dags/example_local_kubernetes_executor.py took 0.659 seconds
[2023-03-29T11:53:57.291+0000] {processor.py:153} INFO - Started process (PID=448) to work on /home/airflow/.local/lib/python3.7/site-packages/airflow/example_dags/example_local_kubernetes_executor.py
[2023-03-29T11:53:57.292+0000] {processor.py:743} INFO - Processing file /home/airflow/.local/lib/python3.7/site-packages/airflow/example_dags/example_local_kubernetes_executor.py for tasks to queue
[2023-03-29T11:53:57.292+0000] {logging_mixin.py:137} INFO - [2023-03-29T11:53:57.292+0000] {dagbag.py:532} INFO - Filling up the DagBag from /home/airflow/.local/lib/python3.7/site-packages/airflow/example_dags/example_local_kubernetes_executor.py
[2023-03-29T11:53:57.307+0000] {processor.py:753} INFO - DAG(s) dict_keys(['example_local_kubernetes_executor']) retrieved from /home/airflow/.local/lib/python3.7/site-packages/airflow/example_dags/example_local_kubernetes_executor.py
[2023-03-29T11:53:57.580+0000] {logging_mixin.py:137} INFO - [2023-03-29T11:53:57.580+0000] {dag.py:2693} INFO - Sync 1 DAGs
[2023-03-29T11:53:57.693+0000] {logging_mixin.py:137} INFO - [2023-03-29T11:53:57.693+0000] {dag.py:3444} INFO - Setting next_dagrun for example_local_kubernetes_executor to None, run_after=None
[2023-03-29T11:53:57.954+0000] {processor.py:175} INFO - Processing /home/airflow/.local/lib/python3.7/site-packages/airflow/example_dags/example_local_kubernetes_executor.py took 0.664 seconds
[2023-03-29T11:54:28.505+0000] {processor.py:153} INFO - Started process (PID=497) to work on /home/airflow/.local/lib/python3.7/site-packages/airflow/example_dags/example_local_kubernetes_executor.py
[2023-03-29T11:54:28.506+0000] {processor.py:743} INFO - Processing file /home/airflow/.local/lib/python3.7/site-packages/airflow/example_dags/example_local_kubernetes_executor.py for tasks to queue
[2023-03-29T11:54:28.506+0000] {logging_mixin.py:137} INFO - [2023-03-29T11:54:28.506+0000] {dagbag.py:532} INFO - Filling up the DagBag from /home/airflow/.local/lib/python3.7/site-packages/airflow/example_dags/example_local_kubernetes_executor.py
[2023-03-29T11:54:28.519+0000] {processor.py:753} INFO - DAG(s) dict_keys(['example_local_kubernetes_executor']) retrieved from /home/airflow/.local/lib/python3.7/site-packages/airflow/example_dags/example_local_kubernetes_executor.py
[2023-03-29T11:54:28.792+0000] {logging_mixin.py:137} INFO - [2023-03-29T11:54:28.791+0000] {dag.py:2693} INFO - Sync 1 DAGs
[2023-03-29T11:54:28.898+0000] {logging_mixin.py:137} INFO - [2023-03-29T11:54:28.898+0000] {dag.py:3444} INFO - Setting next_dagrun for example_local_kubernetes_executor to None, run_after=None
[2023-03-29T11:54:29.142+0000] {processor.py:175} INFO - Processing /home/airflow/.local/lib/python3.7/site-packages/airflow/example_dags/example_local_kubernetes_executor.py took 0.639 seconds
[2023-03-29T11:54:59.846+0000] {processor.py:153} INFO - Started process (PID=546) to work on /home/airflow/.local/lib/python3.7/site-packages/airflow/example_dags/example_local_kubernetes_executor.py
[2023-03-29T11:54:59.847+0000] {processor.py:743} INFO - Processing file /home/airflow/.local/lib/python3.7/site-packages/airflow/example_dags/example_local_kubernetes_executor.py for tasks to queue
[2023-03-29T11:54:59.848+0000] {logging_mixin.py:137} INFO - [2023-03-29T11:54:59.848+0000] {dagbag.py:532} INFO - Filling up the DagBag from /home/airflow/.local/lib/python3.7/site-packages/airflow/example_dags/example_local_kubernetes_executor.py
[2023-03-29T11:54:59.862+0000] {processor.py:753} INFO - DAG(s) dict_keys(['example_local_kubernetes_executor']) retrieved from /home/airflow/.local/lib/python3.7/site-packages/airflow/example_dags/example_local_kubernetes_executor.py
[2023-03-29T11:55:00.116+0000] {logging_mixin.py:137} INFO - [2023-03-29T11:55:00.116+0000] {dag.py:2693} INFO - Sync 1 DAGs
[2023-03-29T11:55:00.221+0000] {logging_mixin.py:137} INFO - [2023-03-29T11:55:00.221+0000] {dag.py:3444} INFO - Setting next_dagrun for example_local_kubernetes_executor to None, run_after=None
[2023-03-29T11:55:00.458+0000] {processor.py:175} INFO - Processing /home/airflow/.local/lib/python3.7/site-packages/airflow/example_dags/example_local_kubernetes_executor.py took 0.613 seconds
