[2023-03-29T11:50:15.695+0000] {processor.py:153} INFO - Started process (PID=88) to work on /home/airflow/.local/lib/python3.7/site-packages/airflow/example_dags/example_latest_only.py
[2023-03-29T11:50:15.696+0000] {processor.py:743} INFO - Processing file /home/airflow/.local/lib/python3.7/site-packages/airflow/example_dags/example_latest_only.py for tasks to queue
[2023-03-29T11:50:15.696+0000] {logging_mixin.py:137} INFO - [2023-03-29T11:50:15.696+0000] {dagbag.py:532} INFO - Filling up the DagBag from /home/airflow/.local/lib/python3.7/site-packages/airflow/example_dags/example_latest_only.py
[2023-03-29T11:50:15.704+0000] {processor.py:753} INFO - DAG(s) dict_keys(['latest_only']) retrieved from /home/airflow/.local/lib/python3.7/site-packages/airflow/example_dags/example_latest_only.py
[2023-03-29T11:50:15.973+0000] {logging_mixin.py:137} INFO - [2023-03-29T11:50:15.973+0000] {dag.py:2693} INFO - Sync 1 DAGs
[2023-03-29T11:50:16.096+0000] {logging_mixin.py:137} INFO - [2023-03-29T11:50:16.096+0000] {dag.py:3444} INFO - Setting next_dagrun for latest_only to 2023-03-29T07:50:16.095932+00:00, run_after=2023-03-29T11:50:16.095932+00:00
[2023-03-29T11:50:16.358+0000] {processor.py:175} INFO - Processing /home/airflow/.local/lib/python3.7/site-packages/airflow/example_dags/example_latest_only.py took 0.666 seconds
[2023-03-29T11:50:46.816+0000] {processor.py:153} INFO - Started process (PID=137) to work on /home/airflow/.local/lib/python3.7/site-packages/airflow/example_dags/example_latest_only.py
[2023-03-29T11:50:46.816+0000] {processor.py:743} INFO - Processing file /home/airflow/.local/lib/python3.7/site-packages/airflow/example_dags/example_latest_only.py for tasks to queue
[2023-03-29T11:50:46.817+0000] {logging_mixin.py:137} INFO - [2023-03-29T11:50:46.816+0000] {dagbag.py:532} INFO - Filling up the DagBag from /home/airflow/.local/lib/python3.7/site-packages/airflow/example_dags/example_latest_only.py
[2023-03-29T11:50:46.824+0000] {processor.py:753} INFO - DAG(s) dict_keys(['latest_only']) retrieved from /home/airflow/.local/lib/python3.7/site-packages/airflow/example_dags/example_latest_only.py
[2023-03-29T11:50:47.087+0000] {logging_mixin.py:137} INFO - [2023-03-29T11:50:47.087+0000] {dag.py:2693} INFO - Sync 1 DAGs
[2023-03-29T11:50:47.193+0000] {logging_mixin.py:137} INFO - [2023-03-29T11:50:47.192+0000] {dag.py:3444} INFO - Setting next_dagrun for latest_only to 2023-03-29T07:50:47.192743+00:00, run_after=2023-03-29T11:50:47.192743+00:00
[2023-03-29T11:50:47.443+0000] {processor.py:175} INFO - Processing /home/airflow/.local/lib/python3.7/site-packages/airflow/example_dags/example_latest_only.py took 0.629 seconds
[2023-03-29T11:51:17.755+0000] {processor.py:153} INFO - Started process (PID=186) to work on /home/airflow/.local/lib/python3.7/site-packages/airflow/example_dags/example_latest_only.py
[2023-03-29T11:51:17.762+0000] {processor.py:743} INFO - Processing file /home/airflow/.local/lib/python3.7/site-packages/airflow/example_dags/example_latest_only.py for tasks to queue
[2023-03-29T11:51:17.763+0000] {logging_mixin.py:137} INFO - [2023-03-29T11:51:17.763+0000] {dagbag.py:532} INFO - Filling up the DagBag from /home/airflow/.local/lib/python3.7/site-packages/airflow/example_dags/example_latest_only.py
[2023-03-29T11:51:17.770+0000] {processor.py:753} INFO - DAG(s) dict_keys(['latest_only']) retrieved from /home/airflow/.local/lib/python3.7/site-packages/airflow/example_dags/example_latest_only.py
[2023-03-29T11:51:18.050+0000] {logging_mixin.py:137} INFO - [2023-03-29T11:51:18.050+0000] {dag.py:2693} INFO - Sync 1 DAGs
[2023-03-29T11:51:18.163+0000] {logging_mixin.py:137} INFO - [2023-03-29T11:51:18.163+0000] {dag.py:3444} INFO - Setting next_dagrun for latest_only to 2023-03-29T07:51:18.163353+00:00, run_after=2023-03-29T11:51:18.163353+00:00
[2023-03-29T11:51:18.426+0000] {processor.py:175} INFO - Processing /home/airflow/.local/lib/python3.7/site-packages/airflow/example_dags/example_latest_only.py took 0.673 seconds
[2023-03-29T11:51:48.808+0000] {processor.py:153} INFO - Started process (PID=235) to work on /home/airflow/.local/lib/python3.7/site-packages/airflow/example_dags/example_latest_only.py
[2023-03-29T11:51:48.817+0000] {processor.py:743} INFO - Processing file /home/airflow/.local/lib/python3.7/site-packages/airflow/example_dags/example_latest_only.py for tasks to queue
[2023-03-29T11:51:48.818+0000] {logging_mixin.py:137} INFO - [2023-03-29T11:51:48.818+0000] {dagbag.py:532} INFO - Filling up the DagBag from /home/airflow/.local/lib/python3.7/site-packages/airflow/example_dags/example_latest_only.py
[2023-03-29T11:51:48.826+0000] {processor.py:753} INFO - DAG(s) dict_keys(['latest_only']) retrieved from /home/airflow/.local/lib/python3.7/site-packages/airflow/example_dags/example_latest_only.py
[2023-03-29T11:51:49.106+0000] {logging_mixin.py:137} INFO - [2023-03-29T11:51:49.106+0000] {dag.py:2693} INFO - Sync 1 DAGs
[2023-03-29T11:51:49.217+0000] {logging_mixin.py:137} INFO - [2023-03-29T11:51:49.216+0000] {dag.py:3444} INFO - Setting next_dagrun for latest_only to 2023-03-29T07:51:49.216746+00:00, run_after=2023-03-29T11:51:49.216746+00:00
[2023-03-29T11:51:49.468+0000] {processor.py:175} INFO - Processing /home/airflow/.local/lib/python3.7/site-packages/airflow/example_dags/example_latest_only.py took 0.662 seconds
[2023-03-29T11:52:19.884+0000] {processor.py:153} INFO - Started process (PID=284) to work on /home/airflow/.local/lib/python3.7/site-packages/airflow/example_dags/example_latest_only.py
[2023-03-29T11:52:19.884+0000] {processor.py:743} INFO - Processing file /home/airflow/.local/lib/python3.7/site-packages/airflow/example_dags/example_latest_only.py for tasks to queue
[2023-03-29T11:52:19.885+0000] {logging_mixin.py:137} INFO - [2023-03-29T11:52:19.885+0000] {dagbag.py:532} INFO - Filling up the DagBag from /home/airflow/.local/lib/python3.7/site-packages/airflow/example_dags/example_latest_only.py
[2023-03-29T11:52:19.893+0000] {processor.py:753} INFO - DAG(s) dict_keys(['latest_only']) retrieved from /home/airflow/.local/lib/python3.7/site-packages/airflow/example_dags/example_latest_only.py
[2023-03-29T11:52:20.193+0000] {logging_mixin.py:137} INFO - [2023-03-29T11:52:20.193+0000] {dag.py:2693} INFO - Sync 1 DAGs
[2023-03-29T11:52:20.312+0000] {logging_mixin.py:137} INFO - [2023-03-29T11:52:20.311+0000] {dag.py:3444} INFO - Setting next_dagrun for latest_only to 2023-03-29T07:52:20.311710+00:00, run_after=2023-03-29T11:52:20.311710+00:00
[2023-03-29T11:52:20.593+0000] {processor.py:175} INFO - Processing /home/airflow/.local/lib/python3.7/site-packages/airflow/example_dags/example_latest_only.py took 0.711 seconds
[2023-03-29T11:52:50.780+0000] {processor.py:153} INFO - Started process (PID=333) to work on /home/airflow/.local/lib/python3.7/site-packages/airflow/example_dags/example_latest_only.py
[2023-03-29T11:52:50.781+0000] {processor.py:743} INFO - Processing file /home/airflow/.local/lib/python3.7/site-packages/airflow/example_dags/example_latest_only.py for tasks to queue
[2023-03-29T11:52:50.781+0000] {logging_mixin.py:137} INFO - [2023-03-29T11:52:50.781+0000] {dagbag.py:532} INFO - Filling up the DagBag from /home/airflow/.local/lib/python3.7/site-packages/airflow/example_dags/example_latest_only.py
[2023-03-29T11:52:50.789+0000] {processor.py:753} INFO - DAG(s) dict_keys(['latest_only']) retrieved from /home/airflow/.local/lib/python3.7/site-packages/airflow/example_dags/example_latest_only.py
[2023-03-29T11:52:51.075+0000] {logging_mixin.py:137} INFO - [2023-03-29T11:52:51.075+0000] {dag.py:2693} INFO - Sync 1 DAGs
[2023-03-29T11:52:51.185+0000] {logging_mixin.py:137} INFO - [2023-03-29T11:52:51.185+0000] {dag.py:3444} INFO - Setting next_dagrun for latest_only to 2023-03-29T07:52:51.184917+00:00, run_after=2023-03-29T11:52:51.184917+00:00
[2023-03-29T11:52:51.426+0000] {processor.py:175} INFO - Processing /home/airflow/.local/lib/python3.7/site-packages/airflow/example_dags/example_latest_only.py took 0.648 seconds
[2023-03-29T11:53:22.360+0000] {processor.py:153} INFO - Started process (PID=382) to work on /home/airflow/.local/lib/python3.7/site-packages/airflow/example_dags/example_latest_only.py
[2023-03-29T11:53:22.361+0000] {processor.py:743} INFO - Processing file /home/airflow/.local/lib/python3.7/site-packages/airflow/example_dags/example_latest_only.py for tasks to queue
[2023-03-29T11:53:22.361+0000] {logging_mixin.py:137} INFO - [2023-03-29T11:53:22.361+0000] {dagbag.py:532} INFO - Filling up the DagBag from /home/airflow/.local/lib/python3.7/site-packages/airflow/example_dags/example_latest_only.py
[2023-03-29T11:53:22.370+0000] {processor.py:753} INFO - DAG(s) dict_keys(['latest_only']) retrieved from /home/airflow/.local/lib/python3.7/site-packages/airflow/example_dags/example_latest_only.py
[2023-03-29T11:53:22.629+0000] {logging_mixin.py:137} INFO - [2023-03-29T11:53:22.629+0000] {dag.py:2693} INFO - Sync 1 DAGs
[2023-03-29T11:53:22.742+0000] {logging_mixin.py:137} INFO - [2023-03-29T11:53:22.742+0000] {dag.py:3444} INFO - Setting next_dagrun for latest_only to 2023-03-29T07:53:22.742414+00:00, run_after=2023-03-29T11:53:22.742414+00:00
[2023-03-29T11:53:22.994+0000] {processor.py:175} INFO - Processing /home/airflow/.local/lib/python3.7/site-packages/airflow/example_dags/example_latest_only.py took 0.635 seconds
[2023-03-29T11:53:53.608+0000] {processor.py:153} INFO - Started process (PID=431) to work on /home/airflow/.local/lib/python3.7/site-packages/airflow/example_dags/example_latest_only.py
[2023-03-29T11:53:53.618+0000] {processor.py:743} INFO - Processing file /home/airflow/.local/lib/python3.7/site-packages/airflow/example_dags/example_latest_only.py for tasks to queue
[2023-03-29T11:53:53.619+0000] {logging_mixin.py:137} INFO - [2023-03-29T11:53:53.619+0000] {dagbag.py:532} INFO - Filling up the DagBag from /home/airflow/.local/lib/python3.7/site-packages/airflow/example_dags/example_latest_only.py
[2023-03-29T11:53:53.628+0000] {processor.py:753} INFO - DAG(s) dict_keys(['latest_only']) retrieved from /home/airflow/.local/lib/python3.7/site-packages/airflow/example_dags/example_latest_only.py
[2023-03-29T11:53:53.904+0000] {logging_mixin.py:137} INFO - [2023-03-29T11:53:53.904+0000] {dag.py:2693} INFO - Sync 1 DAGs
[2023-03-29T11:53:54.017+0000] {logging_mixin.py:137} INFO - [2023-03-29T11:53:54.017+0000] {dag.py:3444} INFO - Setting next_dagrun for latest_only to 2023-03-29T07:53:54.017177+00:00, run_after=2023-03-29T11:53:54.017177+00:00
[2023-03-29T11:53:54.285+0000] {processor.py:175} INFO - Processing /home/airflow/.local/lib/python3.7/site-packages/airflow/example_dags/example_latest_only.py took 0.678 seconds
[2023-03-29T11:54:24.836+0000] {processor.py:153} INFO - Started process (PID=482) to work on /home/airflow/.local/lib/python3.7/site-packages/airflow/example_dags/example_latest_only.py
[2023-03-29T11:54:24.846+0000] {processor.py:743} INFO - Processing file /home/airflow/.local/lib/python3.7/site-packages/airflow/example_dags/example_latest_only.py for tasks to queue
[2023-03-29T11:54:24.847+0000] {logging_mixin.py:137} INFO - [2023-03-29T11:54:24.847+0000] {dagbag.py:532} INFO - Filling up the DagBag from /home/airflow/.local/lib/python3.7/site-packages/airflow/example_dags/example_latest_only.py
[2023-03-29T11:54:24.856+0000] {processor.py:753} INFO - DAG(s) dict_keys(['latest_only']) retrieved from /home/airflow/.local/lib/python3.7/site-packages/airflow/example_dags/example_latest_only.py
[2023-03-29T11:54:25.111+0000] {logging_mixin.py:137} INFO - [2023-03-29T11:54:25.111+0000] {dag.py:2693} INFO - Sync 1 DAGs
[2023-03-29T11:54:25.215+0000] {logging_mixin.py:137} INFO - [2023-03-29T11:54:25.215+0000] {dag.py:3444} INFO - Setting next_dagrun for latest_only to 2023-03-29T07:54:25.215373+00:00, run_after=2023-03-29T11:54:25.215373+00:00
[2023-03-29T11:54:25.450+0000] {processor.py:175} INFO - Processing /home/airflow/.local/lib/python3.7/site-packages/airflow/example_dags/example_latest_only.py took 0.616 seconds
[2023-03-29T11:54:56.222+0000] {processor.py:153} INFO - Started process (PID=536) to work on /home/airflow/.local/lib/python3.7/site-packages/airflow/example_dags/example_latest_only.py
[2023-03-29T11:54:56.223+0000] {processor.py:743} INFO - Processing file /home/airflow/.local/lib/python3.7/site-packages/airflow/example_dags/example_latest_only.py for tasks to queue
[2023-03-29T11:54:56.223+0000] {logging_mixin.py:137} INFO - [2023-03-29T11:54:56.223+0000] {dagbag.py:532} INFO - Filling up the DagBag from /home/airflow/.local/lib/python3.7/site-packages/airflow/example_dags/example_latest_only.py
[2023-03-29T11:54:56.234+0000] {processor.py:753} INFO - DAG(s) dict_keys(['latest_only']) retrieved from /home/airflow/.local/lib/python3.7/site-packages/airflow/example_dags/example_latest_only.py
[2023-03-29T11:54:56.512+0000] {logging_mixin.py:137} INFO - [2023-03-29T11:54:56.512+0000] {dag.py:2693} INFO - Sync 1 DAGs
[2023-03-29T11:54:56.622+0000] {logging_mixin.py:137} INFO - [2023-03-29T11:54:56.621+0000] {dag.py:3444} INFO - Setting next_dagrun for latest_only to 2023-03-29T07:54:56.621583+00:00, run_after=2023-03-29T11:54:56.621583+00:00
[2023-03-29T11:54:56.891+0000] {processor.py:175} INFO - Processing /home/airflow/.local/lib/python3.7/site-packages/airflow/example_dags/example_latest_only.py took 0.671 seconds
