[2023-03-29T11:50:14.053+0000] {processor.py:153} INFO - Started process (PID=84) to work on /home/airflow/.local/lib/python3.7/site-packages/airflow/example_dags/tutorial_dag.py
[2023-03-29T11:50:14.053+0000] {processor.py:743} INFO - Processing file /home/airflow/.local/lib/python3.7/site-packages/airflow/example_dags/tutorial_dag.py for tasks to queue
[2023-03-29T11:50:14.053+0000] {logging_mixin.py:137} INFO - [2023-03-29T11:50:14.053+0000] {dagbag.py:532} INFO - Filling up the DagBag from /home/airflow/.local/lib/python3.7/site-packages/airflow/example_dags/tutorial_dag.py
[2023-03-29T11:50:14.065+0000] {processor.py:753} INFO - DAG(s) dict_keys(['tutorial_dag']) retrieved from /home/airflow/.local/lib/python3.7/site-packages/airflow/example_dags/tutorial_dag.py
[2023-03-29T11:50:14.390+0000] {logging_mixin.py:137} INFO - [2023-03-29T11:50:14.390+0000] {dag.py:2693} INFO - Sync 1 DAGs
[2023-03-29T11:50:14.502+0000] {logging_mixin.py:137} INFO - [2023-03-29T11:50:14.501+0000] {dag.py:3444} INFO - Setting next_dagrun for tutorial_dag to None, run_after=None
[2023-03-29T11:50:14.756+0000] {processor.py:175} INFO - Processing /home/airflow/.local/lib/python3.7/site-packages/airflow/example_dags/tutorial_dag.py took 0.705 seconds
[2023-03-29T11:50:45.413+0000] {processor.py:153} INFO - Started process (PID=133) to work on /home/airflow/.local/lib/python3.7/site-packages/airflow/example_dags/tutorial_dag.py
[2023-03-29T11:50:45.414+0000] {processor.py:743} INFO - Processing file /home/airflow/.local/lib/python3.7/site-packages/airflow/example_dags/tutorial_dag.py for tasks to queue
[2023-03-29T11:50:45.414+0000] {logging_mixin.py:137} INFO - [2023-03-29T11:50:45.414+0000] {dagbag.py:532} INFO - Filling up the DagBag from /home/airflow/.local/lib/python3.7/site-packages/airflow/example_dags/tutorial_dag.py
[2023-03-29T11:50:45.421+0000] {processor.py:753} INFO - DAG(s) dict_keys(['tutorial_dag']) retrieved from /home/airflow/.local/lib/python3.7/site-packages/airflow/example_dags/tutorial_dag.py
[2023-03-29T11:50:45.676+0000] {logging_mixin.py:137} INFO - [2023-03-29T11:50:45.676+0000] {dag.py:2693} INFO - Sync 1 DAGs
[2023-03-29T11:50:45.781+0000] {logging_mixin.py:137} INFO - [2023-03-29T11:50:45.781+0000] {dag.py:3444} INFO - Setting next_dagrun for tutorial_dag to None, run_after=None
[2023-03-29T11:50:46.032+0000] {processor.py:175} INFO - Processing /home/airflow/.local/lib/python3.7/site-packages/airflow/example_dags/tutorial_dag.py took 0.620 seconds
[2023-03-29T11:51:16.268+0000] {processor.py:153} INFO - Started process (PID=182) to work on /home/airflow/.local/lib/python3.7/site-packages/airflow/example_dags/tutorial_dag.py
[2023-03-29T11:51:16.269+0000] {processor.py:743} INFO - Processing file /home/airflow/.local/lib/python3.7/site-packages/airflow/example_dags/tutorial_dag.py for tasks to queue
[2023-03-29T11:51:16.269+0000] {logging_mixin.py:137} INFO - [2023-03-29T11:51:16.269+0000] {dagbag.py:532} INFO - Filling up the DagBag from /home/airflow/.local/lib/python3.7/site-packages/airflow/example_dags/tutorial_dag.py
[2023-03-29T11:51:16.276+0000] {processor.py:753} INFO - DAG(s) dict_keys(['tutorial_dag']) retrieved from /home/airflow/.local/lib/python3.7/site-packages/airflow/example_dags/tutorial_dag.py
[2023-03-29T11:51:16.548+0000] {logging_mixin.py:137} INFO - [2023-03-29T11:51:16.548+0000] {dag.py:2693} INFO - Sync 1 DAGs
[2023-03-29T11:51:16.660+0000] {logging_mixin.py:137} INFO - [2023-03-29T11:51:16.660+0000] {dag.py:3444} INFO - Setting next_dagrun for tutorial_dag to None, run_after=None
[2023-03-29T11:51:16.917+0000] {processor.py:175} INFO - Processing /home/airflow/.local/lib/python3.7/site-packages/airflow/example_dags/tutorial_dag.py took 0.650 seconds
[2023-03-29T11:51:47.064+0000] {processor.py:153} INFO - Started process (PID=231) to work on /home/airflow/.local/lib/python3.7/site-packages/airflow/example_dags/tutorial_dag.py
[2023-03-29T11:51:47.065+0000] {processor.py:743} INFO - Processing file /home/airflow/.local/lib/python3.7/site-packages/airflow/example_dags/tutorial_dag.py for tasks to queue
[2023-03-29T11:51:47.065+0000] {logging_mixin.py:137} INFO - [2023-03-29T11:51:47.065+0000] {dagbag.py:532} INFO - Filling up the DagBag from /home/airflow/.local/lib/python3.7/site-packages/airflow/example_dags/tutorial_dag.py
[2023-03-29T11:51:47.073+0000] {processor.py:753} INFO - DAG(s) dict_keys(['tutorial_dag']) retrieved from /home/airflow/.local/lib/python3.7/site-packages/airflow/example_dags/tutorial_dag.py
[2023-03-29T11:51:47.336+0000] {logging_mixin.py:137} INFO - [2023-03-29T11:51:47.335+0000] {dag.py:2693} INFO - Sync 1 DAGs
[2023-03-29T11:51:47.440+0000] {logging_mixin.py:137} INFO - [2023-03-29T11:51:47.440+0000] {dag.py:3444} INFO - Setting next_dagrun for tutorial_dag to None, run_after=None
[2023-03-29T11:51:47.693+0000] {processor.py:175} INFO - Processing /home/airflow/.local/lib/python3.7/site-packages/airflow/example_dags/tutorial_dag.py took 0.631 seconds
[2023-03-29T11:52:18.316+0000] {processor.py:153} INFO - Started process (PID=280) to work on /home/airflow/.local/lib/python3.7/site-packages/airflow/example_dags/tutorial_dag.py
[2023-03-29T11:52:18.317+0000] {processor.py:743} INFO - Processing file /home/airflow/.local/lib/python3.7/site-packages/airflow/example_dags/tutorial_dag.py for tasks to queue
[2023-03-29T11:52:18.317+0000] {logging_mixin.py:137} INFO - [2023-03-29T11:52:18.317+0000] {dagbag.py:532} INFO - Filling up the DagBag from /home/airflow/.local/lib/python3.7/site-packages/airflow/example_dags/tutorial_dag.py
[2023-03-29T11:52:18.325+0000] {processor.py:753} INFO - DAG(s) dict_keys(['tutorial_dag']) retrieved from /home/airflow/.local/lib/python3.7/site-packages/airflow/example_dags/tutorial_dag.py
[2023-03-29T11:52:18.596+0000] {logging_mixin.py:137} INFO - [2023-03-29T11:52:18.596+0000] {dag.py:2693} INFO - Sync 1 DAGs
[2023-03-29T11:52:18.708+0000] {logging_mixin.py:137} INFO - [2023-03-29T11:52:18.708+0000] {dag.py:3444} INFO - Setting next_dagrun for tutorial_dag to None, run_after=None
[2023-03-29T11:52:18.987+0000] {processor.py:175} INFO - Processing /home/airflow/.local/lib/python3.7/site-packages/airflow/example_dags/tutorial_dag.py took 0.672 seconds
[2023-03-29T11:52:49.390+0000] {processor.py:153} INFO - Started process (PID=329) to work on /home/airflow/.local/lib/python3.7/site-packages/airflow/example_dags/tutorial_dag.py
[2023-03-29T11:52:49.392+0000] {processor.py:743} INFO - Processing file /home/airflow/.local/lib/python3.7/site-packages/airflow/example_dags/tutorial_dag.py for tasks to queue
[2023-03-29T11:52:49.392+0000] {logging_mixin.py:137} INFO - [2023-03-29T11:52:49.392+0000] {dagbag.py:532} INFO - Filling up the DagBag from /home/airflow/.local/lib/python3.7/site-packages/airflow/example_dags/tutorial_dag.py
[2023-03-29T11:52:49.400+0000] {processor.py:753} INFO - DAG(s) dict_keys(['tutorial_dag']) retrieved from /home/airflow/.local/lib/python3.7/site-packages/airflow/example_dags/tutorial_dag.py
[2023-03-29T11:52:49.661+0000] {logging_mixin.py:137} INFO - [2023-03-29T11:52:49.660+0000] {dag.py:2693} INFO - Sync 1 DAGs
[2023-03-29T11:52:49.768+0000] {logging_mixin.py:137} INFO - [2023-03-29T11:52:49.768+0000] {dag.py:3444} INFO - Setting next_dagrun for tutorial_dag to None, run_after=None
[2023-03-29T11:52:50.010+0000] {processor.py:175} INFO - Processing /home/airflow/.local/lib/python3.7/site-packages/airflow/example_dags/tutorial_dag.py took 0.622 seconds
[2023-03-29T11:53:20.956+0000] {processor.py:153} INFO - Started process (PID=378) to work on /home/airflow/.local/lib/python3.7/site-packages/airflow/example_dags/tutorial_dag.py
[2023-03-29T11:53:20.957+0000] {processor.py:743} INFO - Processing file /home/airflow/.local/lib/python3.7/site-packages/airflow/example_dags/tutorial_dag.py for tasks to queue
[2023-03-29T11:53:20.957+0000] {logging_mixin.py:137} INFO - [2023-03-29T11:53:20.957+0000] {dagbag.py:532} INFO - Filling up the DagBag from /home/airflow/.local/lib/python3.7/site-packages/airflow/example_dags/tutorial_dag.py
[2023-03-29T11:53:20.964+0000] {processor.py:753} INFO - DAG(s) dict_keys(['tutorial_dag']) retrieved from /home/airflow/.local/lib/python3.7/site-packages/airflow/example_dags/tutorial_dag.py
[2023-03-29T11:53:21.219+0000] {logging_mixin.py:137} INFO - [2023-03-29T11:53:21.219+0000] {dag.py:2693} INFO - Sync 1 DAGs
[2023-03-29T11:53:21.327+0000] {logging_mixin.py:137} INFO - [2023-03-29T11:53:21.327+0000] {dag.py:3444} INFO - Setting next_dagrun for tutorial_dag to None, run_after=None
[2023-03-29T11:53:21.568+0000] {processor.py:175} INFO - Processing /home/airflow/.local/lib/python3.7/site-packages/airflow/example_dags/tutorial_dag.py took 0.614 seconds
[2023-03-29T11:53:52.137+0000] {processor.py:153} INFO - Started process (PID=427) to work on /home/airflow/.local/lib/python3.7/site-packages/airflow/example_dags/tutorial_dag.py
[2023-03-29T11:53:52.140+0000] {processor.py:743} INFO - Processing file /home/airflow/.local/lib/python3.7/site-packages/airflow/example_dags/tutorial_dag.py for tasks to queue
[2023-03-29T11:53:52.140+0000] {logging_mixin.py:137} INFO - [2023-03-29T11:53:52.140+0000] {dagbag.py:532} INFO - Filling up the DagBag from /home/airflow/.local/lib/python3.7/site-packages/airflow/example_dags/tutorial_dag.py
[2023-03-29T11:53:52.148+0000] {processor.py:753} INFO - DAG(s) dict_keys(['tutorial_dag']) retrieved from /home/airflow/.local/lib/python3.7/site-packages/airflow/example_dags/tutorial_dag.py
[2023-03-29T11:53:52.424+0000] {logging_mixin.py:137} INFO - [2023-03-29T11:53:52.424+0000] {dag.py:2693} INFO - Sync 1 DAGs
[2023-03-29T11:53:52.539+0000] {logging_mixin.py:137} INFO - [2023-03-29T11:53:52.538+0000] {dag.py:3444} INFO - Setting next_dagrun for tutorial_dag to None, run_after=None
[2023-03-29T11:53:52.811+0000] {processor.py:175} INFO - Processing /home/airflow/.local/lib/python3.7/site-packages/airflow/example_dags/tutorial_dag.py took 0.675 seconds
[2023-03-29T11:54:23.321+0000] {processor.py:153} INFO - Started process (PID=476) to work on /home/airflow/.local/lib/python3.7/site-packages/airflow/example_dags/tutorial_dag.py
[2023-03-29T11:54:23.322+0000] {processor.py:743} INFO - Processing file /home/airflow/.local/lib/python3.7/site-packages/airflow/example_dags/tutorial_dag.py for tasks to queue
[2023-03-29T11:54:23.322+0000] {logging_mixin.py:137} INFO - [2023-03-29T11:54:23.322+0000] {dagbag.py:532} INFO - Filling up the DagBag from /home/airflow/.local/lib/python3.7/site-packages/airflow/example_dags/tutorial_dag.py
[2023-03-29T11:54:23.330+0000] {processor.py:753} INFO - DAG(s) dict_keys(['tutorial_dag']) retrieved from /home/airflow/.local/lib/python3.7/site-packages/airflow/example_dags/tutorial_dag.py
[2023-03-29T11:54:23.620+0000] {logging_mixin.py:137} INFO - [2023-03-29T11:54:23.620+0000] {dag.py:2693} INFO - Sync 1 DAGs
[2023-03-29T11:54:23.733+0000] {logging_mixin.py:137} INFO - [2023-03-29T11:54:23.733+0000] {dag.py:3444} INFO - Setting next_dagrun for tutorial_dag to None, run_after=None
[2023-03-29T11:54:24.018+0000] {processor.py:175} INFO - Processing /home/airflow/.local/lib/python3.7/site-packages/airflow/example_dags/tutorial_dag.py took 0.698 seconds
[2023-03-29T11:54:54.325+0000] {processor.py:153} INFO - Started process (PID=525) to work on /home/airflow/.local/lib/python3.7/site-packages/airflow/example_dags/tutorial_dag.py
[2023-03-29T11:54:54.326+0000] {processor.py:743} INFO - Processing file /home/airflow/.local/lib/python3.7/site-packages/airflow/example_dags/tutorial_dag.py for tasks to queue
[2023-03-29T11:54:54.327+0000] {logging_mixin.py:137} INFO - [2023-03-29T11:54:54.327+0000] {dagbag.py:532} INFO - Filling up the DagBag from /home/airflow/.local/lib/python3.7/site-packages/airflow/example_dags/tutorial_dag.py
[2023-03-29T11:54:54.334+0000] {processor.py:753} INFO - DAG(s) dict_keys(['tutorial_dag']) retrieved from /home/airflow/.local/lib/python3.7/site-packages/airflow/example_dags/tutorial_dag.py
[2023-03-29T11:54:54.604+0000] {logging_mixin.py:137} INFO - [2023-03-29T11:54:54.603+0000] {dag.py:2693} INFO - Sync 1 DAGs
[2023-03-29T11:54:54.716+0000] {logging_mixin.py:137} INFO - [2023-03-29T11:54:54.715+0000] {dag.py:3444} INFO - Setting next_dagrun for tutorial_dag to None, run_after=None
[2023-03-29T11:54:54.979+0000] {processor.py:175} INFO - Processing /home/airflow/.local/lib/python3.7/site-packages/airflow/example_dags/tutorial_dag.py took 0.656 seconds
