[2023-03-29T11:50:15.342+0000] {processor.py:153} INFO - Started process (PID=87) to work on /home/airflow/.local/lib/python3.7/site-packages/airflow/example_dags/tutorial_taskflow_api.py
[2023-03-29T11:50:15.343+0000] {processor.py:743} INFO - Processing file /home/airflow/.local/lib/python3.7/site-packages/airflow/example_dags/tutorial_taskflow_api.py for tasks to queue
[2023-03-29T11:50:15.343+0000] {logging_mixin.py:137} INFO - [2023-03-29T11:50:15.343+0000] {dagbag.py:532} INFO - Filling up the DagBag from /home/airflow/.local/lib/python3.7/site-packages/airflow/example_dags/tutorial_taskflow_api.py
[2023-03-29T11:50:15.355+0000] {processor.py:753} INFO - DAG(s) dict_keys(['tutorial_taskflow_api']) retrieved from /home/airflow/.local/lib/python3.7/site-packages/airflow/example_dags/tutorial_taskflow_api.py
[2023-03-29T11:50:15.623+0000] {logging_mixin.py:137} INFO - [2023-03-29T11:50:15.623+0000] {dag.py:2693} INFO - Sync 1 DAGs
[2023-03-29T11:50:15.725+0000] {logging_mixin.py:137} INFO - [2023-03-29T11:50:15.724+0000] {dag.py:3444} INFO - Setting next_dagrun for tutorial_taskflow_api to None, run_after=None
[2023-03-29T11:50:15.968+0000] {processor.py:175} INFO - Processing /home/airflow/.local/lib/python3.7/site-packages/airflow/example_dags/tutorial_taskflow_api.py took 0.629 seconds
[2023-03-29T11:50:46.764+0000] {processor.py:153} INFO - Started process (PID=136) to work on /home/airflow/.local/lib/python3.7/site-packages/airflow/example_dags/tutorial_taskflow_api.py
[2023-03-29T11:50:46.764+0000] {processor.py:743} INFO - Processing file /home/airflow/.local/lib/python3.7/site-packages/airflow/example_dags/tutorial_taskflow_api.py for tasks to queue
[2023-03-29T11:50:46.765+0000] {logging_mixin.py:137} INFO - [2023-03-29T11:50:46.765+0000] {dagbag.py:532} INFO - Filling up the DagBag from /home/airflow/.local/lib/python3.7/site-packages/airflow/example_dags/tutorial_taskflow_api.py
[2023-03-29T11:50:46.777+0000] {processor.py:753} INFO - DAG(s) dict_keys(['tutorial_taskflow_api']) retrieved from /home/airflow/.local/lib/python3.7/site-packages/airflow/example_dags/tutorial_taskflow_api.py
[2023-03-29T11:50:47.052+0000] {logging_mixin.py:137} INFO - [2023-03-29T11:50:47.052+0000] {dag.py:2693} INFO - Sync 1 DAGs
[2023-03-29T11:50:47.164+0000] {logging_mixin.py:137} INFO - [2023-03-29T11:50:47.164+0000] {dag.py:3444} INFO - Setting next_dagrun for tutorial_taskflow_api to None, run_after=None
[2023-03-29T11:50:47.428+0000] {processor.py:175} INFO - Processing /home/airflow/.local/lib/python3.7/site-packages/airflow/example_dags/tutorial_taskflow_api.py took 0.666 seconds
[2023-03-29T11:51:17.752+0000] {processor.py:153} INFO - Started process (PID=185) to work on /home/airflow/.local/lib/python3.7/site-packages/airflow/example_dags/tutorial_taskflow_api.py
[2023-03-29T11:51:17.762+0000] {processor.py:743} INFO - Processing file /home/airflow/.local/lib/python3.7/site-packages/airflow/example_dags/tutorial_taskflow_api.py for tasks to queue
[2023-03-29T11:51:17.763+0000] {logging_mixin.py:137} INFO - [2023-03-29T11:51:17.763+0000] {dagbag.py:532} INFO - Filling up the DagBag from /home/airflow/.local/lib/python3.7/site-packages/airflow/example_dags/tutorial_taskflow_api.py
[2023-03-29T11:51:17.775+0000] {processor.py:753} INFO - DAG(s) dict_keys(['tutorial_taskflow_api']) retrieved from /home/airflow/.local/lib/python3.7/site-packages/airflow/example_dags/tutorial_taskflow_api.py
[2023-03-29T11:51:18.037+0000] {logging_mixin.py:137} INFO - [2023-03-29T11:51:18.037+0000] {dag.py:2693} INFO - Sync 1 DAGs
[2023-03-29T11:51:18.144+0000] {logging_mixin.py:137} INFO - [2023-03-29T11:51:18.144+0000] {dag.py:3444} INFO - Setting next_dagrun for tutorial_taskflow_api to None, run_after=None
[2023-03-29T11:51:18.402+0000] {processor.py:175} INFO - Processing /home/airflow/.local/lib/python3.7/site-packages/airflow/example_dags/tutorial_taskflow_api.py took 0.651 seconds
[2023-03-29T11:51:48.459+0000] {processor.py:153} INFO - Started process (PID=234) to work on /home/airflow/.local/lib/python3.7/site-packages/airflow/example_dags/tutorial_taskflow_api.py
[2023-03-29T11:51:48.468+0000] {processor.py:743} INFO - Processing file /home/airflow/.local/lib/python3.7/site-packages/airflow/example_dags/tutorial_taskflow_api.py for tasks to queue
[2023-03-29T11:51:48.469+0000] {logging_mixin.py:137} INFO - [2023-03-29T11:51:48.469+0000] {dagbag.py:532} INFO - Filling up the DagBag from /home/airflow/.local/lib/python3.7/site-packages/airflow/example_dags/tutorial_taskflow_api.py
[2023-03-29T11:51:48.481+0000] {processor.py:753} INFO - DAG(s) dict_keys(['tutorial_taskflow_api']) retrieved from /home/airflow/.local/lib/python3.7/site-packages/airflow/example_dags/tutorial_taskflow_api.py
[2023-03-29T11:51:48.766+0000] {logging_mixin.py:137} INFO - [2023-03-29T11:51:48.766+0000] {dag.py:2693} INFO - Sync 1 DAGs
[2023-03-29T11:51:48.873+0000] {logging_mixin.py:137} INFO - [2023-03-29T11:51:48.873+0000] {dag.py:3444} INFO - Setting next_dagrun for tutorial_taskflow_api to None, run_after=None
[2023-03-29T11:51:49.124+0000] {processor.py:175} INFO - Processing /home/airflow/.local/lib/python3.7/site-packages/airflow/example_dags/tutorial_taskflow_api.py took 0.667 seconds
[2023-03-29T11:52:19.600+0000] {processor.py:153} INFO - Started process (PID=283) to work on /home/airflow/.local/lib/python3.7/site-packages/airflow/example_dags/tutorial_taskflow_api.py
[2023-03-29T11:52:19.600+0000] {processor.py:743} INFO - Processing file /home/airflow/.local/lib/python3.7/site-packages/airflow/example_dags/tutorial_taskflow_api.py for tasks to queue
[2023-03-29T11:52:19.601+0000] {logging_mixin.py:137} INFO - [2023-03-29T11:52:19.600+0000] {dagbag.py:532} INFO - Filling up the DagBag from /home/airflow/.local/lib/python3.7/site-packages/airflow/example_dags/tutorial_taskflow_api.py
[2023-03-29T11:52:19.614+0000] {processor.py:753} INFO - DAG(s) dict_keys(['tutorial_taskflow_api']) retrieved from /home/airflow/.local/lib/python3.7/site-packages/airflow/example_dags/tutorial_taskflow_api.py
[2023-03-29T11:52:19.950+0000] {logging_mixin.py:137} INFO - [2023-03-29T11:52:19.950+0000] {dag.py:2693} INFO - Sync 1 DAGs
[2023-03-29T11:52:20.071+0000] {logging_mixin.py:137} INFO - [2023-03-29T11:52:20.071+0000] {dag.py:3444} INFO - Setting next_dagrun for tutorial_taskflow_api to None, run_after=None
[2023-03-29T11:52:20.370+0000] {processor.py:175} INFO - Processing /home/airflow/.local/lib/python3.7/site-packages/airflow/example_dags/tutorial_taskflow_api.py took 0.773 seconds
[2023-03-29T11:52:50.637+0000] {processor.py:153} INFO - Started process (PID=332) to work on /home/airflow/.local/lib/python3.7/site-packages/airflow/example_dags/tutorial_taskflow_api.py
[2023-03-29T11:52:50.647+0000] {processor.py:743} INFO - Processing file /home/airflow/.local/lib/python3.7/site-packages/airflow/example_dags/tutorial_taskflow_api.py for tasks to queue
[2023-03-29T11:52:50.648+0000] {logging_mixin.py:137} INFO - [2023-03-29T11:52:50.648+0000] {dagbag.py:532} INFO - Filling up the DagBag from /home/airflow/.local/lib/python3.7/site-packages/airflow/example_dags/tutorial_taskflow_api.py
[2023-03-29T11:52:50.661+0000] {processor.py:753} INFO - DAG(s) dict_keys(['tutorial_taskflow_api']) retrieved from /home/airflow/.local/lib/python3.7/site-packages/airflow/example_dags/tutorial_taskflow_api.py
[2023-03-29T11:52:50.947+0000] {logging_mixin.py:137} INFO - [2023-03-29T11:52:50.947+0000] {dag.py:2693} INFO - Sync 1 DAGs
[2023-03-29T11:52:51.061+0000] {logging_mixin.py:137} INFO - [2023-03-29T11:52:51.061+0000] {dag.py:3444} INFO - Setting next_dagrun for tutorial_taskflow_api to None, run_after=None
[2023-03-29T11:52:51.310+0000] {processor.py:175} INFO - Processing /home/airflow/.local/lib/python3.7/site-packages/airflow/example_dags/tutorial_taskflow_api.py took 0.675 seconds
[2023-03-29T11:53:21.817+0000] {processor.py:153} INFO - Started process (PID=381) to work on /home/airflow/.local/lib/python3.7/site-packages/airflow/example_dags/tutorial_taskflow_api.py
[2023-03-29T11:53:21.817+0000] {processor.py:743} INFO - Processing file /home/airflow/.local/lib/python3.7/site-packages/airflow/example_dags/tutorial_taskflow_api.py for tasks to queue
[2023-03-29T11:53:21.818+0000] {logging_mixin.py:137} INFO - [2023-03-29T11:53:21.817+0000] {dagbag.py:532} INFO - Filling up the DagBag from /home/airflow/.local/lib/python3.7/site-packages/airflow/example_dags/tutorial_taskflow_api.py
[2023-03-29T11:53:21.831+0000] {processor.py:753} INFO - DAG(s) dict_keys(['tutorial_taskflow_api']) retrieved from /home/airflow/.local/lib/python3.7/site-packages/airflow/example_dags/tutorial_taskflow_api.py
[2023-03-29T11:53:22.089+0000] {logging_mixin.py:137} INFO - [2023-03-29T11:53:22.088+0000] {dag.py:2693} INFO - Sync 1 DAGs
[2023-03-29T11:53:22.193+0000] {logging_mixin.py:137} INFO - [2023-03-29T11:53:22.193+0000] {dag.py:3444} INFO - Setting next_dagrun for tutorial_taskflow_api to None, run_after=None
[2023-03-29T11:53:22.438+0000] {processor.py:175} INFO - Processing /home/airflow/.local/lib/python3.7/site-packages/airflow/example_dags/tutorial_taskflow_api.py took 0.623 seconds
[2023-03-29T11:53:53.354+0000] {processor.py:153} INFO - Started process (PID=430) to work on /home/airflow/.local/lib/python3.7/site-packages/airflow/example_dags/tutorial_taskflow_api.py
[2023-03-29T11:53:53.364+0000] {processor.py:743} INFO - Processing file /home/airflow/.local/lib/python3.7/site-packages/airflow/example_dags/tutorial_taskflow_api.py for tasks to queue
[2023-03-29T11:53:53.364+0000] {logging_mixin.py:137} INFO - [2023-03-29T11:53:53.364+0000] {dagbag.py:532} INFO - Filling up the DagBag from /home/airflow/.local/lib/python3.7/site-packages/airflow/example_dags/tutorial_taskflow_api.py
[2023-03-29T11:53:53.377+0000] {processor.py:753} INFO - DAG(s) dict_keys(['tutorial_taskflow_api']) retrieved from /home/airflow/.local/lib/python3.7/site-packages/airflow/example_dags/tutorial_taskflow_api.py
[2023-03-29T11:53:53.659+0000] {logging_mixin.py:137} INFO - [2023-03-29T11:53:53.659+0000] {dag.py:2693} INFO - Sync 1 DAGs
[2023-03-29T11:53:53.772+0000] {logging_mixin.py:137} INFO - [2023-03-29T11:53:53.772+0000] {dag.py:3444} INFO - Setting next_dagrun for tutorial_taskflow_api to None, run_after=None
[2023-03-29T11:53:54.029+0000] {processor.py:175} INFO - Processing /home/airflow/.local/lib/python3.7/site-packages/airflow/example_dags/tutorial_taskflow_api.py took 0.677 seconds
[2023-03-29T11:54:24.528+0000] {processor.py:153} INFO - Started process (PID=479) to work on /home/airflow/.local/lib/python3.7/site-packages/airflow/example_dags/tutorial_taskflow_api.py
[2023-03-29T11:54:24.539+0000] {processor.py:743} INFO - Processing file /home/airflow/.local/lib/python3.7/site-packages/airflow/example_dags/tutorial_taskflow_api.py for tasks to queue
[2023-03-29T11:54:24.539+0000] {logging_mixin.py:137} INFO - [2023-03-29T11:54:24.539+0000] {dagbag.py:532} INFO - Filling up the DagBag from /home/airflow/.local/lib/python3.7/site-packages/airflow/example_dags/tutorial_taskflow_api.py
[2023-03-29T11:54:24.552+0000] {processor.py:753} INFO - DAG(s) dict_keys(['tutorial_taskflow_api']) retrieved from /home/airflow/.local/lib/python3.7/site-packages/airflow/example_dags/tutorial_taskflow_api.py
[2023-03-29T11:54:24.834+0000] {logging_mixin.py:137} INFO - [2023-03-29T11:54:24.834+0000] {dag.py:2693} INFO - Sync 1 DAGs
[2023-03-29T11:54:24.942+0000] {logging_mixin.py:137} INFO - [2023-03-29T11:54:24.942+0000] {dag.py:3444} INFO - Setting next_dagrun for tutorial_taskflow_api to None, run_after=None
[2023-03-29T11:54:25.204+0000] {processor.py:175} INFO - Processing /home/airflow/.local/lib/python3.7/site-packages/airflow/example_dags/tutorial_taskflow_api.py took 0.678 seconds
[2023-03-29T11:54:55.821+0000] {processor.py:153} INFO - Started process (PID=535) to work on /home/airflow/.local/lib/python3.7/site-packages/airflow/example_dags/tutorial_taskflow_api.py
[2023-03-29T11:54:55.822+0000] {processor.py:743} INFO - Processing file /home/airflow/.local/lib/python3.7/site-packages/airflow/example_dags/tutorial_taskflow_api.py for tasks to queue
[2023-03-29T11:54:55.822+0000] {logging_mixin.py:137} INFO - [2023-03-29T11:54:55.822+0000] {dagbag.py:532} INFO - Filling up the DagBag from /home/airflow/.local/lib/python3.7/site-packages/airflow/example_dags/tutorial_taskflow_api.py
[2023-03-29T11:54:55.837+0000] {processor.py:753} INFO - DAG(s) dict_keys(['tutorial_taskflow_api']) retrieved from /home/airflow/.local/lib/python3.7/site-packages/airflow/example_dags/tutorial_taskflow_api.py
[2023-03-29T11:54:56.127+0000] {logging_mixin.py:137} INFO - [2023-03-29T11:54:56.127+0000] {dag.py:2693} INFO - Sync 1 DAGs
[2023-03-29T11:54:56.234+0000] {logging_mixin.py:137} INFO - [2023-03-29T11:54:56.234+0000] {dag.py:3444} INFO - Setting next_dagrun for tutorial_taskflow_api to None, run_after=None
[2023-03-29T11:54:56.480+0000] {processor.py:175} INFO - Processing /home/airflow/.local/lib/python3.7/site-packages/airflow/example_dags/tutorial_taskflow_api.py took 0.661 seconds
