[2023-03-29T11:50:13.624+0000] {processor.py:153} INFO - Started process (PID=83) to work on /home/airflow/.local/lib/python3.7/site-packages/airflow/example_dags/tutorial.py
[2023-03-29T11:50:13.624+0000] {processor.py:743} INFO - Processing file /home/airflow/.local/lib/python3.7/site-packages/airflow/example_dags/tutorial.py for tasks to queue
[2023-03-29T11:50:13.624+0000] {logging_mixin.py:137} INFO - [2023-03-29T11:50:13.624+0000] {dagbag.py:532} INFO - Filling up the DagBag from /home/airflow/.local/lib/python3.7/site-packages/airflow/example_dags/tutorial.py
[2023-03-29T11:50:13.634+0000] {processor.py:753} INFO - DAG(s) dict_keys(['tutorial']) retrieved from /home/airflow/.local/lib/python3.7/site-packages/airflow/example_dags/tutorial.py
[2023-03-29T11:50:13.896+0000] {logging_mixin.py:137} INFO - [2023-03-29T11:50:13.896+0000] {dag.py:2693} INFO - Sync 1 DAGs
[2023-03-29T11:50:14.006+0000] {logging_mixin.py:137} INFO - [2023-03-29T11:50:14.006+0000] {dag.py:3444} INFO - Setting next_dagrun for tutorial to 2023-03-28T11:50:14.005863+00:00, run_after=2023-03-29T11:50:14.005863+00:00
[2023-03-29T11:50:14.297+0000] {processor.py:175} INFO - Processing /home/airflow/.local/lib/python3.7/site-packages/airflow/example_dags/tutorial.py took 0.675 seconds
[2023-03-29T11:50:44.713+0000] {processor.py:153} INFO - Started process (PID=132) to work on /home/airflow/.local/lib/python3.7/site-packages/airflow/example_dags/tutorial.py
[2023-03-29T11:50:44.714+0000] {processor.py:743} INFO - Processing file /home/airflow/.local/lib/python3.7/site-packages/airflow/example_dags/tutorial.py for tasks to queue
[2023-03-29T11:50:44.714+0000] {logging_mixin.py:137} INFO - [2023-03-29T11:50:44.714+0000] {dagbag.py:532} INFO - Filling up the DagBag from /home/airflow/.local/lib/python3.7/site-packages/airflow/example_dags/tutorial.py
[2023-03-29T11:50:44.721+0000] {processor.py:753} INFO - DAG(s) dict_keys(['tutorial']) retrieved from /home/airflow/.local/lib/python3.7/site-packages/airflow/example_dags/tutorial.py
[2023-03-29T11:50:45.002+0000] {logging_mixin.py:137} INFO - [2023-03-29T11:50:45.002+0000] {dag.py:2693} INFO - Sync 1 DAGs
[2023-03-29T11:50:45.118+0000] {logging_mixin.py:137} INFO - [2023-03-29T11:50:45.118+0000] {dag.py:3444} INFO - Setting next_dagrun for tutorial to 2023-03-28T11:50:45.117675+00:00, run_after=2023-03-29T11:50:45.117675+00:00
[2023-03-29T11:50:45.391+0000] {processor.py:175} INFO - Processing /home/airflow/.local/lib/python3.7/site-packages/airflow/example_dags/tutorial.py took 0.679 seconds
[2023-03-29T11:51:15.572+0000] {processor.py:153} INFO - Started process (PID=181) to work on /home/airflow/.local/lib/python3.7/site-packages/airflow/example_dags/tutorial.py
[2023-03-29T11:51:15.580+0000] {processor.py:743} INFO - Processing file /home/airflow/.local/lib/python3.7/site-packages/airflow/example_dags/tutorial.py for tasks to queue
[2023-03-29T11:51:15.580+0000] {logging_mixin.py:137} INFO - [2023-03-29T11:51:15.580+0000] {dagbag.py:532} INFO - Filling up the DagBag from /home/airflow/.local/lib/python3.7/site-packages/airflow/example_dags/tutorial.py
[2023-03-29T11:51:15.588+0000] {processor.py:753} INFO - DAG(s) dict_keys(['tutorial']) retrieved from /home/airflow/.local/lib/python3.7/site-packages/airflow/example_dags/tutorial.py
[2023-03-29T11:51:15.858+0000] {logging_mixin.py:137} INFO - [2023-03-29T11:51:15.858+0000] {dag.py:2693} INFO - Sync 1 DAGs
[2023-03-29T11:51:15.971+0000] {logging_mixin.py:137} INFO - [2023-03-29T11:51:15.971+0000] {dag.py:3444} INFO - Setting next_dagrun for tutorial to 2023-03-28T11:51:15.971577+00:00, run_after=2023-03-29T11:51:15.971577+00:00
[2023-03-29T11:51:16.229+0000] {processor.py:175} INFO - Processing /home/airflow/.local/lib/python3.7/site-packages/airflow/example_dags/tutorial.py took 0.659 seconds
[2023-03-29T11:51:46.860+0000] {processor.py:153} INFO - Started process (PID=230) to work on /home/airflow/.local/lib/python3.7/site-packages/airflow/example_dags/tutorial.py
[2023-03-29T11:51:46.861+0000] {processor.py:743} INFO - Processing file /home/airflow/.local/lib/python3.7/site-packages/airflow/example_dags/tutorial.py for tasks to queue
[2023-03-29T11:51:46.861+0000] {logging_mixin.py:137} INFO - [2023-03-29T11:51:46.861+0000] {dagbag.py:532} INFO - Filling up the DagBag from /home/airflow/.local/lib/python3.7/site-packages/airflow/example_dags/tutorial.py
[2023-03-29T11:51:46.869+0000] {processor.py:753} INFO - DAG(s) dict_keys(['tutorial']) retrieved from /home/airflow/.local/lib/python3.7/site-packages/airflow/example_dags/tutorial.py
[2023-03-29T11:51:47.145+0000] {logging_mixin.py:137} INFO - [2023-03-29T11:51:47.144+0000] {dag.py:2693} INFO - Sync 1 DAGs
[2023-03-29T11:51:47.252+0000] {logging_mixin.py:137} INFO - [2023-03-29T11:51:47.252+0000] {dag.py:3444} INFO - Setting next_dagrun for tutorial to 2023-03-28T11:51:47.252377+00:00, run_after=2023-03-29T11:51:47.252377+00:00
[2023-03-29T11:51:47.527+0000] {processor.py:175} INFO - Processing /home/airflow/.local/lib/python3.7/site-packages/airflow/example_dags/tutorial.py took 0.669 seconds
[2023-03-29T11:52:18.070+0000] {processor.py:153} INFO - Started process (PID=279) to work on /home/airflow/.local/lib/python3.7/site-packages/airflow/example_dags/tutorial.py
[2023-03-29T11:52:18.080+0000] {processor.py:743} INFO - Processing file /home/airflow/.local/lib/python3.7/site-packages/airflow/example_dags/tutorial.py for tasks to queue
[2023-03-29T11:52:18.080+0000] {logging_mixin.py:137} INFO - [2023-03-29T11:52:18.080+0000] {dagbag.py:532} INFO - Filling up the DagBag from /home/airflow/.local/lib/python3.7/site-packages/airflow/example_dags/tutorial.py
[2023-03-29T11:52:18.088+0000] {processor.py:753} INFO - DAG(s) dict_keys(['tutorial']) retrieved from /home/airflow/.local/lib/python3.7/site-packages/airflow/example_dags/tutorial.py
[2023-03-29T11:52:18.370+0000] {logging_mixin.py:137} INFO - [2023-03-29T11:52:18.370+0000] {dag.py:2693} INFO - Sync 1 DAGs
[2023-03-29T11:52:18.485+0000] {logging_mixin.py:137} INFO - [2023-03-29T11:52:18.485+0000] {dag.py:3444} INFO - Setting next_dagrun for tutorial to 2023-03-28T11:52:18.485498+00:00, run_after=2023-03-29T11:52:18.485498+00:00
[2023-03-29T11:52:18.761+0000] {processor.py:175} INFO - Processing /home/airflow/.local/lib/python3.7/site-packages/airflow/example_dags/tutorial.py took 0.692 seconds
[2023-03-29T11:52:49.177+0000] {processor.py:153} INFO - Started process (PID=328) to work on /home/airflow/.local/lib/python3.7/site-packages/airflow/example_dags/tutorial.py
[2023-03-29T11:52:49.187+0000] {processor.py:743} INFO - Processing file /home/airflow/.local/lib/python3.7/site-packages/airflow/example_dags/tutorial.py for tasks to queue
[2023-03-29T11:52:49.188+0000] {logging_mixin.py:137} INFO - [2023-03-29T11:52:49.187+0000] {dagbag.py:532} INFO - Filling up the DagBag from /home/airflow/.local/lib/python3.7/site-packages/airflow/example_dags/tutorial.py
[2023-03-29T11:52:49.197+0000] {processor.py:753} INFO - DAG(s) dict_keys(['tutorial']) retrieved from /home/airflow/.local/lib/python3.7/site-packages/airflow/example_dags/tutorial.py
[2023-03-29T11:52:49.478+0000] {logging_mixin.py:137} INFO - [2023-03-29T11:52:49.478+0000] {dag.py:2693} INFO - Sync 1 DAGs
[2023-03-29T11:52:49.589+0000] {logging_mixin.py:137} INFO - [2023-03-29T11:52:49.589+0000] {dag.py:3444} INFO - Setting next_dagrun for tutorial to 2023-03-28T11:52:49.588987+00:00, run_after=2023-03-29T11:52:49.588987+00:00
[2023-03-29T11:52:49.858+0000] {processor.py:175} INFO - Processing /home/airflow/.local/lib/python3.7/site-packages/airflow/example_dags/tutorial.py took 0.683 seconds
[2023-03-29T11:53:20.255+0000] {processor.py:153} INFO - Started process (PID=377) to work on /home/airflow/.local/lib/python3.7/site-packages/airflow/example_dags/tutorial.py
[2023-03-29T11:53:20.255+0000] {processor.py:743} INFO - Processing file /home/airflow/.local/lib/python3.7/site-packages/airflow/example_dags/tutorial.py for tasks to queue
[2023-03-29T11:53:20.256+0000] {logging_mixin.py:137} INFO - [2023-03-29T11:53:20.255+0000] {dagbag.py:532} INFO - Filling up the DagBag from /home/airflow/.local/lib/python3.7/site-packages/airflow/example_dags/tutorial.py
[2023-03-29T11:53:20.264+0000] {processor.py:753} INFO - DAG(s) dict_keys(['tutorial']) retrieved from /home/airflow/.local/lib/python3.7/site-packages/airflow/example_dags/tutorial.py
[2023-03-29T11:53:20.532+0000] {logging_mixin.py:137} INFO - [2023-03-29T11:53:20.532+0000] {dag.py:2693} INFO - Sync 1 DAGs
[2023-03-29T11:53:20.642+0000] {logging_mixin.py:137} INFO - [2023-03-29T11:53:20.641+0000] {dag.py:3444} INFO - Setting next_dagrun for tutorial to 2023-03-28T11:53:20.641746+00:00, run_after=2023-03-29T11:53:20.641746+00:00
[2023-03-29T11:53:20.897+0000] {processor.py:175} INFO - Processing /home/airflow/.local/lib/python3.7/site-packages/airflow/example_dags/tutorial.py took 0.645 seconds
[2023-03-29T11:53:51.416+0000] {processor.py:153} INFO - Started process (PID=426) to work on /home/airflow/.local/lib/python3.7/site-packages/airflow/example_dags/tutorial.py
[2023-03-29T11:53:51.417+0000] {processor.py:743} INFO - Processing file /home/airflow/.local/lib/python3.7/site-packages/airflow/example_dags/tutorial.py for tasks to queue
[2023-03-29T11:53:51.417+0000] {logging_mixin.py:137} INFO - [2023-03-29T11:53:51.417+0000] {dagbag.py:532} INFO - Filling up the DagBag from /home/airflow/.local/lib/python3.7/site-packages/airflow/example_dags/tutorial.py
[2023-03-29T11:53:51.425+0000] {processor.py:753} INFO - DAG(s) dict_keys(['tutorial']) retrieved from /home/airflow/.local/lib/python3.7/site-packages/airflow/example_dags/tutorial.py
[2023-03-29T11:53:51.699+0000] {logging_mixin.py:137} INFO - [2023-03-29T11:53:51.699+0000] {dag.py:2693} INFO - Sync 1 DAGs
[2023-03-29T11:53:51.807+0000] {logging_mixin.py:137} INFO - [2023-03-29T11:53:51.807+0000] {dag.py:3444} INFO - Setting next_dagrun for tutorial to 2023-03-28T11:53:51.807467+00:00, run_after=2023-03-29T11:53:51.807467+00:00
[2023-03-29T11:53:52.075+0000] {processor.py:175} INFO - Processing /home/airflow/.local/lib/python3.7/site-packages/airflow/example_dags/tutorial.py took 0.660 seconds
[2023-03-29T11:54:22.659+0000] {processor.py:153} INFO - Started process (PID=475) to work on /home/airflow/.local/lib/python3.7/site-packages/airflow/example_dags/tutorial.py
[2023-03-29T11:54:22.659+0000] {processor.py:743} INFO - Processing file /home/airflow/.local/lib/python3.7/site-packages/airflow/example_dags/tutorial.py for tasks to queue
[2023-03-29T11:54:22.659+0000] {logging_mixin.py:137} INFO - [2023-03-29T11:54:22.659+0000] {dagbag.py:532} INFO - Filling up the DagBag from /home/airflow/.local/lib/python3.7/site-packages/airflow/example_dags/tutorial.py
[2023-03-29T11:54:22.668+0000] {processor.py:753} INFO - DAG(s) dict_keys(['tutorial']) retrieved from /home/airflow/.local/lib/python3.7/site-packages/airflow/example_dags/tutorial.py
[2023-03-29T11:54:22.917+0000] {logging_mixin.py:137} INFO - [2023-03-29T11:54:22.917+0000] {dag.py:2693} INFO - Sync 1 DAGs
[2023-03-29T11:54:23.020+0000] {logging_mixin.py:137} INFO - [2023-03-29T11:54:23.020+0000] {dag.py:3444} INFO - Setting next_dagrun for tutorial to 2023-03-28T11:54:23.020060+00:00, run_after=2023-03-29T11:54:23.020060+00:00
[2023-03-29T11:54:23.265+0000] {processor.py:175} INFO - Processing /home/airflow/.local/lib/python3.7/site-packages/airflow/example_dags/tutorial.py took 0.608 seconds
[2023-03-29T11:54:53.533+0000] {processor.py:153} INFO - Started process (PID=523) to work on /home/airflow/.local/lib/python3.7/site-packages/airflow/example_dags/tutorial.py
[2023-03-29T11:54:53.543+0000] {processor.py:743} INFO - Processing file /home/airflow/.local/lib/python3.7/site-packages/airflow/example_dags/tutorial.py for tasks to queue
[2023-03-29T11:54:53.543+0000] {logging_mixin.py:137} INFO - [2023-03-29T11:54:53.543+0000] {dagbag.py:532} INFO - Filling up the DagBag from /home/airflow/.local/lib/python3.7/site-packages/airflow/example_dags/tutorial.py
[2023-03-29T11:54:53.551+0000] {processor.py:753} INFO - DAG(s) dict_keys(['tutorial']) retrieved from /home/airflow/.local/lib/python3.7/site-packages/airflow/example_dags/tutorial.py
[2023-03-29T11:54:53.837+0000] {logging_mixin.py:137} INFO - [2023-03-29T11:54:53.837+0000] {dag.py:2693} INFO - Sync 1 DAGs
[2023-03-29T11:54:53.951+0000] {logging_mixin.py:137} INFO - [2023-03-29T11:54:53.951+0000] {dag.py:3444} INFO - Setting next_dagrun for tutorial to 2023-03-28T11:54:53.950910+00:00, run_after=2023-03-29T11:54:53.950910+00:00
[2023-03-29T11:54:54.248+0000] {processor.py:175} INFO - Processing /home/airflow/.local/lib/python3.7/site-packages/airflow/example_dags/tutorial.py took 0.717 seconds
